[2024-03-21T00:09:34.824+0000] {processor.py:161} INFO - Started process (PID=81) to work on /home/airflow/.local/lib/python3.8/site-packages/airflow/example_dags/example_latest_only_with_trigger.py
[2024-03-21T00:09:34.833+0000] {processor.py:830} INFO - Processing file /home/airflow/.local/lib/python3.8/site-packages/airflow/example_dags/example_latest_only_with_trigger.py for tasks to queue
[2024-03-21T00:09:34.854+0000] {logging_mixin.py:188} INFO - [2024-03-21T00:09:34.851+0000] {dagbag.py:540} INFO - Filling up the DagBag from /home/airflow/.local/lib/python3.8/site-packages/airflow/example_dags/example_latest_only_with_trigger.py
[2024-03-21T00:09:34.895+0000] {processor.py:840} INFO - DAG(s) 'latest_only_with_trigger' retrieved from /home/airflow/.local/lib/python3.8/site-packages/airflow/example_dags/example_latest_only_with_trigger.py
[2024-03-21T00:09:34.936+0000] {logging_mixin.py:188} INFO - [2024-03-21T00:09:34.936+0000] {dag.py:3047} INFO - Sync 1 DAGs
[2024-03-21T00:09:35.017+0000] {logging_mixin.py:188} INFO - [2024-03-21T00:09:35.017+0000] {dag.py:3834} INFO - Setting next_dagrun for latest_only_with_trigger to 2024-03-20 20:00:00+00:00, run_after=2024-03-21 00:00:00+00:00
[2024-03-21T00:09:35.090+0000] {processor.py:183} INFO - Processing /home/airflow/.local/lib/python3.8/site-packages/airflow/example_dags/example_latest_only_with_trigger.py took 0.282 seconds
[2024-03-21T00:10:07.681+0000] {processor.py:161} INFO - Started process (PID=136) to work on /home/airflow/.local/lib/python3.8/site-packages/airflow/example_dags/example_latest_only_with_trigger.py
[2024-03-21T00:10:07.682+0000] {processor.py:830} INFO - Processing file /home/airflow/.local/lib/python3.8/site-packages/airflow/example_dags/example_latest_only_with_trigger.py for tasks to queue
[2024-03-21T00:10:07.685+0000] {logging_mixin.py:188} INFO - [2024-03-21T00:10:07.685+0000] {dagbag.py:540} INFO - Filling up the DagBag from /home/airflow/.local/lib/python3.8/site-packages/airflow/example_dags/example_latest_only_with_trigger.py
[2024-03-21T00:10:07.698+0000] {processor.py:840} INFO - DAG(s) 'latest_only_with_trigger' retrieved from /home/airflow/.local/lib/python3.8/site-packages/airflow/example_dags/example_latest_only_with_trigger.py
[2024-03-21T00:10:07.949+0000] {logging_mixin.py:188} INFO - [2024-03-21T00:10:07.949+0000] {dag.py:3047} INFO - Sync 1 DAGs
[2024-03-21T00:10:07.999+0000] {logging_mixin.py:188} INFO - [2024-03-21T00:10:07.999+0000] {dag.py:3834} INFO - Setting next_dagrun for latest_only_with_trigger to 2024-03-20 20:00:00+00:00, run_after=2024-03-21 00:00:00+00:00
[2024-03-21T00:10:08.041+0000] {processor.py:183} INFO - Processing /home/airflow/.local/lib/python3.8/site-packages/airflow/example_dags/example_latest_only_with_trigger.py took 0.366 seconds
[2024-03-21T00:10:38.309+0000] {processor.py:161} INFO - Started process (PID=191) to work on /home/airflow/.local/lib/python3.8/site-packages/airflow/example_dags/example_latest_only_with_trigger.py
[2024-03-21T00:10:38.311+0000] {processor.py:830} INFO - Processing file /home/airflow/.local/lib/python3.8/site-packages/airflow/example_dags/example_latest_only_with_trigger.py for tasks to queue
[2024-03-21T00:10:38.314+0000] {logging_mixin.py:188} INFO - [2024-03-21T00:10:38.314+0000] {dagbag.py:540} INFO - Filling up the DagBag from /home/airflow/.local/lib/python3.8/site-packages/airflow/example_dags/example_latest_only_with_trigger.py
[2024-03-21T00:10:38.331+0000] {processor.py:840} INFO - DAG(s) 'latest_only_with_trigger' retrieved from /home/airflow/.local/lib/python3.8/site-packages/airflow/example_dags/example_latest_only_with_trigger.py
[2024-03-21T00:10:38.368+0000] {logging_mixin.py:188} INFO - [2024-03-21T00:10:38.367+0000] {dag.py:3047} INFO - Sync 1 DAGs
[2024-03-21T00:10:38.458+0000] {logging_mixin.py:188} INFO - [2024-03-21T00:10:38.457+0000] {dag.py:3834} INFO - Setting next_dagrun for latest_only_with_trigger to 2024-03-20 20:00:00+00:00, run_after=2024-03-21 00:00:00+00:00
[2024-03-21T00:10:38.525+0000] {processor.py:183} INFO - Processing /home/airflow/.local/lib/python3.8/site-packages/airflow/example_dags/example_latest_only_with_trigger.py took 0.226 seconds
[2024-03-21T00:17:07.802+0000] {processor.py:161} INFO - Started process (PID=77) to work on /home/airflow/.local/lib/python3.8/site-packages/airflow/example_dags/example_latest_only_with_trigger.py
[2024-03-21T00:17:07.804+0000] {processor.py:830} INFO - Processing file /home/airflow/.local/lib/python3.8/site-packages/airflow/example_dags/example_latest_only_with_trigger.py for tasks to queue
[2024-03-21T00:17:07.807+0000] {logging_mixin.py:188} INFO - [2024-03-21T00:17:07.807+0000] {dagbag.py:540} INFO - Filling up the DagBag from /home/airflow/.local/lib/python3.8/site-packages/airflow/example_dags/example_latest_only_with_trigger.py
[2024-03-21T00:17:07.824+0000] {processor.py:840} INFO - DAG(s) 'latest_only_with_trigger' retrieved from /home/airflow/.local/lib/python3.8/site-packages/airflow/example_dags/example_latest_only_with_trigger.py
[2024-03-21T00:17:08.050+0000] {logging_mixin.py:188} INFO - [2024-03-21T00:17:08.050+0000] {dag.py:3047} INFO - Sync 1 DAGs
[2024-03-21T00:17:08.094+0000] {logging_mixin.py:188} INFO - [2024-03-21T00:17:08.093+0000] {dag.py:3834} INFO - Setting next_dagrun for latest_only_with_trigger to 2024-03-20 20:00:00+00:00, run_after=2024-03-21 00:00:00+00:00
[2024-03-21T00:17:08.133+0000] {processor.py:183} INFO - Processing /home/airflow/.local/lib/python3.8/site-packages/airflow/example_dags/example_latest_only_with_trigger.py took 0.339 seconds
[2024-03-21T00:17:38.206+0000] {processor.py:161} INFO - Started process (PID=132) to work on /home/airflow/.local/lib/python3.8/site-packages/airflow/example_dags/example_latest_only_with_trigger.py
[2024-03-21T00:17:38.207+0000] {processor.py:830} INFO - Processing file /home/airflow/.local/lib/python3.8/site-packages/airflow/example_dags/example_latest_only_with_trigger.py for tasks to queue
[2024-03-21T00:17:38.209+0000] {logging_mixin.py:188} INFO - [2024-03-21T00:17:38.209+0000] {dagbag.py:540} INFO - Filling up the DagBag from /home/airflow/.local/lib/python3.8/site-packages/airflow/example_dags/example_latest_only_with_trigger.py
[2024-03-21T00:17:38.215+0000] {processor.py:840} INFO - DAG(s) 'latest_only_with_trigger' retrieved from /home/airflow/.local/lib/python3.8/site-packages/airflow/example_dags/example_latest_only_with_trigger.py
[2024-03-21T00:17:38.235+0000] {logging_mixin.py:188} INFO - [2024-03-21T00:17:38.235+0000] {dag.py:3047} INFO - Sync 1 DAGs
[2024-03-21T00:17:38.257+0000] {logging_mixin.py:188} INFO - [2024-03-21T00:17:38.257+0000] {dag.py:3834} INFO - Setting next_dagrun for latest_only_with_trigger to 2024-03-20 20:00:00+00:00, run_after=2024-03-21 00:00:00+00:00
[2024-03-21T00:17:38.279+0000] {processor.py:183} INFO - Processing /home/airflow/.local/lib/python3.8/site-packages/airflow/example_dags/example_latest_only_with_trigger.py took 0.076 seconds
[2024-03-21T00:18:08.647+0000] {processor.py:161} INFO - Started process (PID=187) to work on /home/airflow/.local/lib/python3.8/site-packages/airflow/example_dags/example_latest_only_with_trigger.py
[2024-03-21T00:18:08.648+0000] {processor.py:830} INFO - Processing file /home/airflow/.local/lib/python3.8/site-packages/airflow/example_dags/example_latest_only_with_trigger.py for tasks to queue
[2024-03-21T00:18:08.650+0000] {logging_mixin.py:188} INFO - [2024-03-21T00:18:08.649+0000] {dagbag.py:540} INFO - Filling up the DagBag from /home/airflow/.local/lib/python3.8/site-packages/airflow/example_dags/example_latest_only_with_trigger.py
[2024-03-21T00:18:08.655+0000] {processor.py:840} INFO - DAG(s) 'latest_only_with_trigger' retrieved from /home/airflow/.local/lib/python3.8/site-packages/airflow/example_dags/example_latest_only_with_trigger.py
[2024-03-21T00:18:08.679+0000] {logging_mixin.py:188} INFO - [2024-03-21T00:18:08.678+0000] {dag.py:3047} INFO - Sync 1 DAGs
[2024-03-21T00:18:08.705+0000] {logging_mixin.py:188} INFO - [2024-03-21T00:18:08.705+0000] {dag.py:3834} INFO - Setting next_dagrun for latest_only_with_trigger to 2024-03-20 20:00:00+00:00, run_after=2024-03-21 00:00:00+00:00
[2024-03-21T00:18:08.730+0000] {processor.py:183} INFO - Processing /home/airflow/.local/lib/python3.8/site-packages/airflow/example_dags/example_latest_only_with_trigger.py took 0.086 seconds
[2024-03-21T00:18:39.237+0000] {processor.py:161} INFO - Started process (PID=242) to work on /home/airflow/.local/lib/python3.8/site-packages/airflow/example_dags/example_latest_only_with_trigger.py
[2024-03-21T00:18:39.238+0000] {processor.py:830} INFO - Processing file /home/airflow/.local/lib/python3.8/site-packages/airflow/example_dags/example_latest_only_with_trigger.py for tasks to queue
[2024-03-21T00:18:39.240+0000] {logging_mixin.py:188} INFO - [2024-03-21T00:18:39.239+0000] {dagbag.py:540} INFO - Filling up the DagBag from /home/airflow/.local/lib/python3.8/site-packages/airflow/example_dags/example_latest_only_with_trigger.py
[2024-03-21T00:18:39.245+0000] {processor.py:840} INFO - DAG(s) 'latest_only_with_trigger' retrieved from /home/airflow/.local/lib/python3.8/site-packages/airflow/example_dags/example_latest_only_with_trigger.py
[2024-03-21T00:18:39.265+0000] {logging_mixin.py:188} INFO - [2024-03-21T00:18:39.265+0000] {dag.py:3047} INFO - Sync 1 DAGs
[2024-03-21T00:18:39.288+0000] {logging_mixin.py:188} INFO - [2024-03-21T00:18:39.288+0000] {dag.py:3834} INFO - Setting next_dagrun for latest_only_with_trigger to 2024-03-20 20:00:00+00:00, run_after=2024-03-21 00:00:00+00:00
[2024-03-21T00:18:39.309+0000] {processor.py:183} INFO - Processing /home/airflow/.local/lib/python3.8/site-packages/airflow/example_dags/example_latest_only_with_trigger.py took 0.075 seconds
[2024-03-21T00:19:09.798+0000] {processor.py:161} INFO - Started process (PID=297) to work on /home/airflow/.local/lib/python3.8/site-packages/airflow/example_dags/example_latest_only_with_trigger.py
[2024-03-21T00:19:09.799+0000] {processor.py:830} INFO - Processing file /home/airflow/.local/lib/python3.8/site-packages/airflow/example_dags/example_latest_only_with_trigger.py for tasks to queue
[2024-03-21T00:19:09.801+0000] {logging_mixin.py:188} INFO - [2024-03-21T00:19:09.800+0000] {dagbag.py:540} INFO - Filling up the DagBag from /home/airflow/.local/lib/python3.8/site-packages/airflow/example_dags/example_latest_only_with_trigger.py
[2024-03-21T00:19:09.806+0000] {processor.py:840} INFO - DAG(s) 'latest_only_with_trigger' retrieved from /home/airflow/.local/lib/python3.8/site-packages/airflow/example_dags/example_latest_only_with_trigger.py
[2024-03-21T00:19:09.832+0000] {logging_mixin.py:188} INFO - [2024-03-21T00:19:09.831+0000] {dag.py:3047} INFO - Sync 1 DAGs
[2024-03-21T00:19:09.856+0000] {logging_mixin.py:188} INFO - [2024-03-21T00:19:09.856+0000] {dag.py:3834} INFO - Setting next_dagrun for latest_only_with_trigger to 2024-03-20 20:00:00+00:00, run_after=2024-03-21 00:00:00+00:00
[2024-03-21T00:19:09.882+0000] {processor.py:183} INFO - Processing /home/airflow/.local/lib/python3.8/site-packages/airflow/example_dags/example_latest_only_with_trigger.py took 0.087 seconds
[2024-03-21T00:19:40.263+0000] {processor.py:161} INFO - Started process (PID=352) to work on /home/airflow/.local/lib/python3.8/site-packages/airflow/example_dags/example_latest_only_with_trigger.py
[2024-03-21T00:19:40.265+0000] {processor.py:830} INFO - Processing file /home/airflow/.local/lib/python3.8/site-packages/airflow/example_dags/example_latest_only_with_trigger.py for tasks to queue
[2024-03-21T00:19:40.268+0000] {logging_mixin.py:188} INFO - [2024-03-21T00:19:40.267+0000] {dagbag.py:540} INFO - Filling up the DagBag from /home/airflow/.local/lib/python3.8/site-packages/airflow/example_dags/example_latest_only_with_trigger.py
[2024-03-21T00:19:40.275+0000] {processor.py:840} INFO - DAG(s) 'latest_only_with_trigger' retrieved from /home/airflow/.local/lib/python3.8/site-packages/airflow/example_dags/example_latest_only_with_trigger.py
[2024-03-21T00:19:40.296+0000] {logging_mixin.py:188} INFO - [2024-03-21T00:19:40.296+0000] {dag.py:3047} INFO - Sync 1 DAGs
[2024-03-21T00:19:40.319+0000] {logging_mixin.py:188} INFO - [2024-03-21T00:19:40.318+0000] {dag.py:3834} INFO - Setting next_dagrun for latest_only_with_trigger to 2024-03-20 20:00:00+00:00, run_after=2024-03-21 00:00:00+00:00
[2024-03-21T00:19:40.354+0000] {processor.py:183} INFO - Processing /home/airflow/.local/lib/python3.8/site-packages/airflow/example_dags/example_latest_only_with_trigger.py took 0.095 seconds
[2024-03-21T00:20:10.680+0000] {processor.py:161} INFO - Started process (PID=407) to work on /home/airflow/.local/lib/python3.8/site-packages/airflow/example_dags/example_latest_only_with_trigger.py
[2024-03-21T00:20:10.681+0000] {processor.py:830} INFO - Processing file /home/airflow/.local/lib/python3.8/site-packages/airflow/example_dags/example_latest_only_with_trigger.py for tasks to queue
[2024-03-21T00:20:10.682+0000] {logging_mixin.py:188} INFO - [2024-03-21T00:20:10.682+0000] {dagbag.py:540} INFO - Filling up the DagBag from /home/airflow/.local/lib/python3.8/site-packages/airflow/example_dags/example_latest_only_with_trigger.py
[2024-03-21T00:20:10.687+0000] {processor.py:840} INFO - DAG(s) 'latest_only_with_trigger' retrieved from /home/airflow/.local/lib/python3.8/site-packages/airflow/example_dags/example_latest_only_with_trigger.py
[2024-03-21T00:20:10.708+0000] {logging_mixin.py:188} INFO - [2024-03-21T00:20:10.708+0000] {dag.py:3047} INFO - Sync 1 DAGs
[2024-03-21T00:20:10.730+0000] {logging_mixin.py:188} INFO - [2024-03-21T00:20:10.729+0000] {dag.py:3834} INFO - Setting next_dagrun for latest_only_with_trigger to 2024-03-20 20:00:00+00:00, run_after=2024-03-21 00:00:00+00:00
[2024-03-21T00:20:10.752+0000] {processor.py:183} INFO - Processing /home/airflow/.local/lib/python3.8/site-packages/airflow/example_dags/example_latest_only_with_trigger.py took 0.075 seconds
[2024-03-21T00:20:40.982+0000] {processor.py:161} INFO - Started process (PID=462) to work on /home/airflow/.local/lib/python3.8/site-packages/airflow/example_dags/example_latest_only_with_trigger.py
[2024-03-21T00:20:40.983+0000] {processor.py:830} INFO - Processing file /home/airflow/.local/lib/python3.8/site-packages/airflow/example_dags/example_latest_only_with_trigger.py for tasks to queue
[2024-03-21T00:20:40.985+0000] {logging_mixin.py:188} INFO - [2024-03-21T00:20:40.985+0000] {dagbag.py:540} INFO - Filling up the DagBag from /home/airflow/.local/lib/python3.8/site-packages/airflow/example_dags/example_latest_only_with_trigger.py
[2024-03-21T00:20:40.992+0000] {processor.py:840} INFO - DAG(s) 'latest_only_with_trigger' retrieved from /home/airflow/.local/lib/python3.8/site-packages/airflow/example_dags/example_latest_only_with_trigger.py
[2024-03-21T00:20:41.013+0000] {logging_mixin.py:188} INFO - [2024-03-21T00:20:41.013+0000] {dag.py:3047} INFO - Sync 1 DAGs
[2024-03-21T00:20:41.034+0000] {logging_mixin.py:188} INFO - [2024-03-21T00:20:41.034+0000] {dag.py:3834} INFO - Setting next_dagrun for latest_only_with_trigger to 2024-03-20 20:00:00+00:00, run_after=2024-03-21 00:00:00+00:00
[2024-03-21T00:20:41.058+0000] {processor.py:183} INFO - Processing /home/airflow/.local/lib/python3.8/site-packages/airflow/example_dags/example_latest_only_with_trigger.py took 0.079 seconds
[2024-03-21T00:21:11.328+0000] {processor.py:161} INFO - Started process (PID=517) to work on /home/airflow/.local/lib/python3.8/site-packages/airflow/example_dags/example_latest_only_with_trigger.py
[2024-03-21T00:21:11.329+0000] {processor.py:830} INFO - Processing file /home/airflow/.local/lib/python3.8/site-packages/airflow/example_dags/example_latest_only_with_trigger.py for tasks to queue
[2024-03-21T00:21:11.330+0000] {logging_mixin.py:188} INFO - [2024-03-21T00:21:11.330+0000] {dagbag.py:540} INFO - Filling up the DagBag from /home/airflow/.local/lib/python3.8/site-packages/airflow/example_dags/example_latest_only_with_trigger.py
[2024-03-21T00:21:11.335+0000] {processor.py:840} INFO - DAG(s) 'latest_only_with_trigger' retrieved from /home/airflow/.local/lib/python3.8/site-packages/airflow/example_dags/example_latest_only_with_trigger.py
[2024-03-21T00:21:11.359+0000] {logging_mixin.py:188} INFO - [2024-03-21T00:21:11.359+0000] {dag.py:3047} INFO - Sync 1 DAGs
[2024-03-21T00:21:11.386+0000] {logging_mixin.py:188} INFO - [2024-03-21T00:21:11.386+0000] {dag.py:3834} INFO - Setting next_dagrun for latest_only_with_trigger to 2024-03-20 20:00:00+00:00, run_after=2024-03-21 00:00:00+00:00
[2024-03-21T00:21:11.410+0000] {processor.py:183} INFO - Processing /home/airflow/.local/lib/python3.8/site-packages/airflow/example_dags/example_latest_only_with_trigger.py took 0.085 seconds
[2024-03-21T00:21:41.728+0000] {processor.py:161} INFO - Started process (PID=572) to work on /home/airflow/.local/lib/python3.8/site-packages/airflow/example_dags/example_latest_only_with_trigger.py
[2024-03-21T00:21:41.729+0000] {processor.py:830} INFO - Processing file /home/airflow/.local/lib/python3.8/site-packages/airflow/example_dags/example_latest_only_with_trigger.py for tasks to queue
[2024-03-21T00:21:41.731+0000] {logging_mixin.py:188} INFO - [2024-03-21T00:21:41.730+0000] {dagbag.py:540} INFO - Filling up the DagBag from /home/airflow/.local/lib/python3.8/site-packages/airflow/example_dags/example_latest_only_with_trigger.py
[2024-03-21T00:21:41.737+0000] {processor.py:840} INFO - DAG(s) 'latest_only_with_trigger' retrieved from /home/airflow/.local/lib/python3.8/site-packages/airflow/example_dags/example_latest_only_with_trigger.py
[2024-03-21T00:21:41.761+0000] {logging_mixin.py:188} INFO - [2024-03-21T00:21:41.761+0000] {dag.py:3047} INFO - Sync 1 DAGs
[2024-03-21T00:21:41.788+0000] {logging_mixin.py:188} INFO - [2024-03-21T00:21:41.788+0000] {dag.py:3834} INFO - Setting next_dagrun for latest_only_with_trigger to 2024-03-20 20:00:00+00:00, run_after=2024-03-21 00:00:00+00:00
[2024-03-21T00:21:41.817+0000] {processor.py:183} INFO - Processing /home/airflow/.local/lib/python3.8/site-packages/airflow/example_dags/example_latest_only_with_trigger.py took 0.092 seconds
[2024-03-21T01:13:21.117+0000] {processor.py:161} INFO - Started process (PID=66) to work on /home/airflow/.local/lib/python3.8/site-packages/airflow/example_dags/example_latest_only_with_trigger.py
[2024-03-21T01:13:21.119+0000] {processor.py:830} INFO - Processing file /home/airflow/.local/lib/python3.8/site-packages/airflow/example_dags/example_latest_only_with_trigger.py for tasks to queue
[2024-03-21T01:13:21.122+0000] {logging_mixin.py:188} INFO - [2024-03-21T01:13:21.121+0000] {dagbag.py:540} INFO - Filling up the DagBag from /home/airflow/.local/lib/python3.8/site-packages/airflow/example_dags/example_latest_only_with_trigger.py
[2024-03-21T01:13:21.132+0000] {processor.py:840} INFO - DAG(s) 'latest_only_with_trigger' retrieved from /home/airflow/.local/lib/python3.8/site-packages/airflow/example_dags/example_latest_only_with_trigger.py
[2024-03-21T01:13:21.185+0000] {logging_mixin.py:188} INFO - [2024-03-21T01:13:21.184+0000] {dag.py:3047} INFO - Sync 1 DAGs
[2024-03-21T01:13:21.263+0000] {logging_mixin.py:188} INFO - [2024-03-21T01:13:21.262+0000] {dag.py:3834} INFO - Setting next_dagrun for latest_only_with_trigger to 2024-03-20 20:00:00+00:00, run_after=2024-03-21 00:00:00+00:00
[2024-03-21T01:13:21.331+0000] {processor.py:183} INFO - Processing /home/airflow/.local/lib/python3.8/site-packages/airflow/example_dags/example_latest_only_with_trigger.py took 0.219 seconds
[2024-03-21T01:13:52.023+0000] {processor.py:161} INFO - Started process (PID=121) to work on /home/airflow/.local/lib/python3.8/site-packages/airflow/example_dags/example_latest_only_with_trigger.py
[2024-03-21T01:13:52.024+0000] {processor.py:830} INFO - Processing file /home/airflow/.local/lib/python3.8/site-packages/airflow/example_dags/example_latest_only_with_trigger.py for tasks to queue
[2024-03-21T01:13:52.026+0000] {logging_mixin.py:188} INFO - [2024-03-21T01:13:52.025+0000] {dagbag.py:540} INFO - Filling up the DagBag from /home/airflow/.local/lib/python3.8/site-packages/airflow/example_dags/example_latest_only_with_trigger.py
[2024-03-21T01:13:52.031+0000] {processor.py:840} INFO - DAG(s) 'latest_only_with_trigger' retrieved from /home/airflow/.local/lib/python3.8/site-packages/airflow/example_dags/example_latest_only_with_trigger.py
[2024-03-21T01:13:52.052+0000] {logging_mixin.py:188} INFO - [2024-03-21T01:13:52.052+0000] {dag.py:3047} INFO - Sync 1 DAGs
[2024-03-21T01:13:52.075+0000] {logging_mixin.py:188} INFO - [2024-03-21T01:13:52.075+0000] {dag.py:3834} INFO - Setting next_dagrun for latest_only_with_trigger to 2024-03-20 20:00:00+00:00, run_after=2024-03-21 00:00:00+00:00
[2024-03-21T01:13:52.096+0000] {processor.py:183} INFO - Processing /home/airflow/.local/lib/python3.8/site-packages/airflow/example_dags/example_latest_only_with_trigger.py took 0.076 seconds
[2024-03-21T01:14:22.577+0000] {processor.py:161} INFO - Started process (PID=176) to work on /home/airflow/.local/lib/python3.8/site-packages/airflow/example_dags/example_latest_only_with_trigger.py
[2024-03-21T01:14:22.578+0000] {processor.py:830} INFO - Processing file /home/airflow/.local/lib/python3.8/site-packages/airflow/example_dags/example_latest_only_with_trigger.py for tasks to queue
[2024-03-21T01:14:22.582+0000] {logging_mixin.py:188} INFO - [2024-03-21T01:14:22.582+0000] {dagbag.py:540} INFO - Filling up the DagBag from /home/airflow/.local/lib/python3.8/site-packages/airflow/example_dags/example_latest_only_with_trigger.py
[2024-03-21T01:14:22.592+0000] {processor.py:840} INFO - DAG(s) 'latest_only_with_trigger' retrieved from /home/airflow/.local/lib/python3.8/site-packages/airflow/example_dags/example_latest_only_with_trigger.py
[2024-03-21T01:14:22.628+0000] {logging_mixin.py:188} INFO - [2024-03-21T01:14:22.627+0000] {dag.py:3047} INFO - Sync 1 DAGs
[2024-03-21T01:14:22.675+0000] {logging_mixin.py:188} INFO - [2024-03-21T01:14:22.674+0000] {dag.py:3834} INFO - Setting next_dagrun for latest_only_with_trigger to 2024-03-20 20:00:00+00:00, run_after=2024-03-21 00:00:00+00:00
[2024-03-21T01:14:22.708+0000] {processor.py:183} INFO - Processing /home/airflow/.local/lib/python3.8/site-packages/airflow/example_dags/example_latest_only_with_trigger.py took 0.135 seconds
[2024-03-21T01:14:54.308+0000] {processor.py:161} INFO - Started process (PID=231) to work on /home/airflow/.local/lib/python3.8/site-packages/airflow/example_dags/example_latest_only_with_trigger.py
[2024-03-21T01:14:54.310+0000] {processor.py:830} INFO - Processing file /home/airflow/.local/lib/python3.8/site-packages/airflow/example_dags/example_latest_only_with_trigger.py for tasks to queue
[2024-03-21T01:14:54.316+0000] {logging_mixin.py:188} INFO - [2024-03-21T01:14:54.314+0000] {dagbag.py:540} INFO - Filling up the DagBag from /home/airflow/.local/lib/python3.8/site-packages/airflow/example_dags/example_latest_only_with_trigger.py
[2024-03-21T01:14:54.342+0000] {processor.py:840} INFO - DAG(s) 'latest_only_with_trigger' retrieved from /home/airflow/.local/lib/python3.8/site-packages/airflow/example_dags/example_latest_only_with_trigger.py
[2024-03-21T01:14:54.487+0000] {logging_mixin.py:188} INFO - [2024-03-21T01:14:54.480+0000] {dag.py:3047} INFO - Sync 1 DAGs
[2024-03-21T01:14:54.591+0000] {logging_mixin.py:188} INFO - [2024-03-21T01:14:54.590+0000] {dag.py:3834} INFO - Setting next_dagrun for latest_only_with_trigger to 2024-03-20 20:00:00+00:00, run_after=2024-03-21 00:00:00+00:00
[2024-03-21T01:14:54.686+0000] {processor.py:183} INFO - Processing /home/airflow/.local/lib/python3.8/site-packages/airflow/example_dags/example_latest_only_with_trigger.py took 0.386 seconds
[2024-03-21T01:15:28.647+0000] {processor.py:161} INFO - Started process (PID=292) to work on /home/airflow/.local/lib/python3.8/site-packages/airflow/example_dags/example_latest_only_with_trigger.py
[2024-03-21T01:15:28.649+0000] {processor.py:830} INFO - Processing file /home/airflow/.local/lib/python3.8/site-packages/airflow/example_dags/example_latest_only_with_trigger.py for tasks to queue
[2024-03-21T01:15:28.653+0000] {logging_mixin.py:188} INFO - [2024-03-21T01:15:28.652+0000] {dagbag.py:540} INFO - Filling up the DagBag from /home/airflow/.local/lib/python3.8/site-packages/airflow/example_dags/example_latest_only_with_trigger.py
[2024-03-21T01:15:28.662+0000] {processor.py:840} INFO - DAG(s) 'latest_only_with_trigger' retrieved from /home/airflow/.local/lib/python3.8/site-packages/airflow/example_dags/example_latest_only_with_trigger.py
[2024-03-21T01:15:28.698+0000] {logging_mixin.py:188} INFO - [2024-03-21T01:15:28.697+0000] {dag.py:3047} INFO - Sync 1 DAGs
[2024-03-21T01:15:28.738+0000] {logging_mixin.py:188} INFO - [2024-03-21T01:15:28.737+0000] {dag.py:3834} INFO - Setting next_dagrun for latest_only_with_trigger to 2024-03-20 20:00:00+00:00, run_after=2024-03-21 00:00:00+00:00
[2024-03-21T01:15:28.772+0000] {processor.py:183} INFO - Processing /home/airflow/.local/lib/python3.8/site-packages/airflow/example_dags/example_latest_only_with_trigger.py took 0.131 seconds
[2024-03-21T01:15:59.694+0000] {processor.py:161} INFO - Started process (PID=346) to work on /home/airflow/.local/lib/python3.8/site-packages/airflow/example_dags/example_latest_only_with_trigger.py
[2024-03-21T01:15:59.696+0000] {processor.py:830} INFO - Processing file /home/airflow/.local/lib/python3.8/site-packages/airflow/example_dags/example_latest_only_with_trigger.py for tasks to queue
[2024-03-21T01:15:59.697+0000] {logging_mixin.py:188} INFO - [2024-03-21T01:15:59.697+0000] {dagbag.py:540} INFO - Filling up the DagBag from /home/airflow/.local/lib/python3.8/site-packages/airflow/example_dags/example_latest_only_with_trigger.py
[2024-03-21T01:15:59.703+0000] {processor.py:840} INFO - DAG(s) 'latest_only_with_trigger' retrieved from /home/airflow/.local/lib/python3.8/site-packages/airflow/example_dags/example_latest_only_with_trigger.py
[2024-03-21T01:15:59.717+0000] {logging_mixin.py:188} INFO - [2024-03-21T01:15:59.716+0000] {dag.py:3047} INFO - Sync 1 DAGs
[2024-03-21T01:15:59.740+0000] {logging_mixin.py:188} INFO - [2024-03-21T01:15:59.740+0000] {dag.py:3834} INFO - Setting next_dagrun for latest_only_with_trigger to 2024-03-20 20:00:00+00:00, run_after=2024-03-21 00:00:00+00:00
[2024-03-21T01:15:59.761+0000] {processor.py:183} INFO - Processing /home/airflow/.local/lib/python3.8/site-packages/airflow/example_dags/example_latest_only_with_trigger.py took 0.070 seconds
[2024-03-21T01:16:30.107+0000] {processor.py:161} INFO - Started process (PID=401) to work on /home/airflow/.local/lib/python3.8/site-packages/airflow/example_dags/example_latest_only_with_trigger.py
[2024-03-21T01:16:30.108+0000] {processor.py:830} INFO - Processing file /home/airflow/.local/lib/python3.8/site-packages/airflow/example_dags/example_latest_only_with_trigger.py for tasks to queue
[2024-03-21T01:16:30.110+0000] {logging_mixin.py:188} INFO - [2024-03-21T01:16:30.110+0000] {dagbag.py:540} INFO - Filling up the DagBag from /home/airflow/.local/lib/python3.8/site-packages/airflow/example_dags/example_latest_only_with_trigger.py
[2024-03-21T01:16:30.118+0000] {processor.py:840} INFO - DAG(s) 'latest_only_with_trigger' retrieved from /home/airflow/.local/lib/python3.8/site-packages/airflow/example_dags/example_latest_only_with_trigger.py
[2024-03-21T01:16:30.293+0000] {logging_mixin.py:188} INFO - [2024-03-21T01:16:30.292+0000] {dag.py:3047} INFO - Sync 1 DAGs
[2024-03-21T01:16:30.331+0000] {logging_mixin.py:188} INFO - [2024-03-21T01:16:30.330+0000] {dag.py:3834} INFO - Setting next_dagrun for latest_only_with_trigger to 2024-03-20 20:00:00+00:00, run_after=2024-03-21 00:00:00+00:00
[2024-03-21T01:16:30.372+0000] {processor.py:183} INFO - Processing /home/airflow/.local/lib/python3.8/site-packages/airflow/example_dags/example_latest_only_with_trigger.py took 0.269 seconds
[2024-03-21T01:17:02.569+0000] {processor.py:161} INFO - Started process (PID=455) to work on /home/airflow/.local/lib/python3.8/site-packages/airflow/example_dags/example_latest_only_with_trigger.py
[2024-03-21T01:17:02.571+0000] {processor.py:830} INFO - Processing file /home/airflow/.local/lib/python3.8/site-packages/airflow/example_dags/example_latest_only_with_trigger.py for tasks to queue
[2024-03-21T01:17:02.573+0000] {logging_mixin.py:188} INFO - [2024-03-21T01:17:02.573+0000] {dagbag.py:540} INFO - Filling up the DagBag from /home/airflow/.local/lib/python3.8/site-packages/airflow/example_dags/example_latest_only_with_trigger.py
[2024-03-21T01:17:02.588+0000] {processor.py:840} INFO - DAG(s) 'latest_only_with_trigger' retrieved from /home/airflow/.local/lib/python3.8/site-packages/airflow/example_dags/example_latest_only_with_trigger.py
[2024-03-21T01:17:02.634+0000] {logging_mixin.py:188} INFO - [2024-03-21T01:17:02.633+0000] {dag.py:3047} INFO - Sync 1 DAGs
[2024-03-21T01:17:02.686+0000] {logging_mixin.py:188} INFO - [2024-03-21T01:17:02.686+0000] {dag.py:3834} INFO - Setting next_dagrun for latest_only_with_trigger to 2024-03-20 20:00:00+00:00, run_after=2024-03-21 00:00:00+00:00
[2024-03-21T01:17:02.739+0000] {processor.py:183} INFO - Processing /home/airflow/.local/lib/python3.8/site-packages/airflow/example_dags/example_latest_only_with_trigger.py took 0.177 seconds
[2024-03-21T01:17:33.054+0000] {processor.py:161} INFO - Started process (PID=510) to work on /home/airflow/.local/lib/python3.8/site-packages/airflow/example_dags/example_latest_only_with_trigger.py
[2024-03-21T01:17:33.055+0000] {processor.py:830} INFO - Processing file /home/airflow/.local/lib/python3.8/site-packages/airflow/example_dags/example_latest_only_with_trigger.py for tasks to queue
[2024-03-21T01:17:33.057+0000] {logging_mixin.py:188} INFO - [2024-03-21T01:17:33.057+0000] {dagbag.py:540} INFO - Filling up the DagBag from /home/airflow/.local/lib/python3.8/site-packages/airflow/example_dags/example_latest_only_with_trigger.py
[2024-03-21T01:17:33.065+0000] {processor.py:840} INFO - DAG(s) 'latest_only_with_trigger' retrieved from /home/airflow/.local/lib/python3.8/site-packages/airflow/example_dags/example_latest_only_with_trigger.py
[2024-03-21T01:17:33.089+0000] {logging_mixin.py:188} INFO - [2024-03-21T01:17:33.088+0000] {dag.py:3047} INFO - Sync 1 DAGs
[2024-03-21T01:17:33.113+0000] {logging_mixin.py:188} INFO - [2024-03-21T01:17:33.113+0000] {dag.py:3834} INFO - Setting next_dagrun for latest_only_with_trigger to 2024-03-20 20:00:00+00:00, run_after=2024-03-21 00:00:00+00:00
[2024-03-21T01:17:33.138+0000] {processor.py:183} INFO - Processing /home/airflow/.local/lib/python3.8/site-packages/airflow/example_dags/example_latest_only_with_trigger.py took 0.088 seconds
[2024-03-21T01:18:04.117+0000] {processor.py:161} INFO - Started process (PID=565) to work on /home/airflow/.local/lib/python3.8/site-packages/airflow/example_dags/example_latest_only_with_trigger.py
[2024-03-21T01:18:04.120+0000] {processor.py:830} INFO - Processing file /home/airflow/.local/lib/python3.8/site-packages/airflow/example_dags/example_latest_only_with_trigger.py for tasks to queue
[2024-03-21T01:18:04.123+0000] {logging_mixin.py:188} INFO - [2024-03-21T01:18:04.123+0000] {dagbag.py:540} INFO - Filling up the DagBag from /home/airflow/.local/lib/python3.8/site-packages/airflow/example_dags/example_latest_only_with_trigger.py
[2024-03-21T01:18:04.143+0000] {processor.py:840} INFO - DAG(s) 'latest_only_with_trigger' retrieved from /home/airflow/.local/lib/python3.8/site-packages/airflow/example_dags/example_latest_only_with_trigger.py
[2024-03-21T01:18:04.187+0000] {logging_mixin.py:188} INFO - [2024-03-21T01:18:04.187+0000] {dag.py:3047} INFO - Sync 1 DAGs
[2024-03-21T01:18:04.227+0000] {logging_mixin.py:188} INFO - [2024-03-21T01:18:04.227+0000] {dag.py:3834} INFO - Setting next_dagrun for latest_only_with_trigger to 2024-03-20 20:00:00+00:00, run_after=2024-03-21 00:00:00+00:00
[2024-03-21T01:18:04.260+0000] {processor.py:183} INFO - Processing /home/airflow/.local/lib/python3.8/site-packages/airflow/example_dags/example_latest_only_with_trigger.py took 0.159 seconds
[2024-03-21T01:18:34.651+0000] {processor.py:161} INFO - Started process (PID=620) to work on /home/airflow/.local/lib/python3.8/site-packages/airflow/example_dags/example_latest_only_with_trigger.py
[2024-03-21T01:18:34.653+0000] {processor.py:830} INFO - Processing file /home/airflow/.local/lib/python3.8/site-packages/airflow/example_dags/example_latest_only_with_trigger.py for tasks to queue
[2024-03-21T01:18:34.655+0000] {logging_mixin.py:188} INFO - [2024-03-21T01:18:34.655+0000] {dagbag.py:540} INFO - Filling up the DagBag from /home/airflow/.local/lib/python3.8/site-packages/airflow/example_dags/example_latest_only_with_trigger.py
[2024-03-21T01:18:34.662+0000] {processor.py:840} INFO - DAG(s) 'latest_only_with_trigger' retrieved from /home/airflow/.local/lib/python3.8/site-packages/airflow/example_dags/example_latest_only_with_trigger.py
[2024-03-21T01:18:34.688+0000] {logging_mixin.py:188} INFO - [2024-03-21T01:18:34.688+0000] {dag.py:3047} INFO - Sync 1 DAGs
[2024-03-21T01:18:34.718+0000] {logging_mixin.py:188} INFO - [2024-03-21T01:18:34.718+0000] {dag.py:3834} INFO - Setting next_dagrun for latest_only_with_trigger to 2024-03-20 20:00:00+00:00, run_after=2024-03-21 00:00:00+00:00
[2024-03-21T01:18:34.746+0000] {processor.py:183} INFO - Processing /home/airflow/.local/lib/python3.8/site-packages/airflow/example_dags/example_latest_only_with_trigger.py took 0.099 seconds
[2024-03-21T01:19:06.133+0000] {processor.py:161} INFO - Started process (PID=675) to work on /home/airflow/.local/lib/python3.8/site-packages/airflow/example_dags/example_latest_only_with_trigger.py
[2024-03-21T01:19:06.136+0000] {processor.py:830} INFO - Processing file /home/airflow/.local/lib/python3.8/site-packages/airflow/example_dags/example_latest_only_with_trigger.py for tasks to queue
[2024-03-21T01:19:06.142+0000] {logging_mixin.py:188} INFO - [2024-03-21T01:19:06.142+0000] {dagbag.py:540} INFO - Filling up the DagBag from /home/airflow/.local/lib/python3.8/site-packages/airflow/example_dags/example_latest_only_with_trigger.py
[2024-03-21T01:19:06.157+0000] {processor.py:840} INFO - DAG(s) 'latest_only_with_trigger' retrieved from /home/airflow/.local/lib/python3.8/site-packages/airflow/example_dags/example_latest_only_with_trigger.py
[2024-03-21T01:19:06.261+0000] {logging_mixin.py:188} INFO - [2024-03-21T01:19:06.259+0000] {dag.py:3047} INFO - Sync 1 DAGs
[2024-03-21T01:19:06.358+0000] {logging_mixin.py:188} INFO - [2024-03-21T01:19:06.358+0000] {dag.py:3834} INFO - Setting next_dagrun for latest_only_with_trigger to 2024-03-20 20:00:00+00:00, run_after=2024-03-21 00:00:00+00:00
[2024-03-21T01:19:06.435+0000] {processor.py:183} INFO - Processing /home/airflow/.local/lib/python3.8/site-packages/airflow/example_dags/example_latest_only_with_trigger.py took 0.316 seconds
[2024-03-21T01:19:36.963+0000] {processor.py:161} INFO - Started process (PID=731) to work on /home/airflow/.local/lib/python3.8/site-packages/airflow/example_dags/example_latest_only_with_trigger.py
[2024-03-21T01:19:36.966+0000] {processor.py:830} INFO - Processing file /home/airflow/.local/lib/python3.8/site-packages/airflow/example_dags/example_latest_only_with_trigger.py for tasks to queue
[2024-03-21T01:19:36.969+0000] {logging_mixin.py:188} INFO - [2024-03-21T01:19:36.968+0000] {dagbag.py:540} INFO - Filling up the DagBag from /home/airflow/.local/lib/python3.8/site-packages/airflow/example_dags/example_latest_only_with_trigger.py
[2024-03-21T01:19:36.981+0000] {processor.py:840} INFO - DAG(s) 'latest_only_with_trigger' retrieved from /home/airflow/.local/lib/python3.8/site-packages/airflow/example_dags/example_latest_only_with_trigger.py
[2024-03-21T01:19:37.022+0000] {logging_mixin.py:188} INFO - [2024-03-21T01:19:37.022+0000] {dag.py:3047} INFO - Sync 1 DAGs
[2024-03-21T01:19:37.065+0000] {logging_mixin.py:188} INFO - [2024-03-21T01:19:37.065+0000] {dag.py:3834} INFO - Setting next_dagrun for latest_only_with_trigger to 2024-03-20 20:00:00+00:00, run_after=2024-03-21 00:00:00+00:00
[2024-03-21T01:19:37.103+0000] {processor.py:183} INFO - Processing /home/airflow/.local/lib/python3.8/site-packages/airflow/example_dags/example_latest_only_with_trigger.py took 0.145 seconds
[2024-03-21T01:20:07.695+0000] {processor.py:161} INFO - Started process (PID=786) to work on /home/airflow/.local/lib/python3.8/site-packages/airflow/example_dags/example_latest_only_with_trigger.py
[2024-03-21T01:20:07.697+0000] {processor.py:830} INFO - Processing file /home/airflow/.local/lib/python3.8/site-packages/airflow/example_dags/example_latest_only_with_trigger.py for tasks to queue
[2024-03-21T01:20:07.701+0000] {logging_mixin.py:188} INFO - [2024-03-21T01:20:07.701+0000] {dagbag.py:540} INFO - Filling up the DagBag from /home/airflow/.local/lib/python3.8/site-packages/airflow/example_dags/example_latest_only_with_trigger.py
[2024-03-21T01:20:07.711+0000] {processor.py:840} INFO - DAG(s) 'latest_only_with_trigger' retrieved from /home/airflow/.local/lib/python3.8/site-packages/airflow/example_dags/example_latest_only_with_trigger.py
[2024-03-21T01:20:07.757+0000] {logging_mixin.py:188} INFO - [2024-03-21T01:20:07.756+0000] {dag.py:3047} INFO - Sync 1 DAGs
[2024-03-21T01:20:07.807+0000] {logging_mixin.py:188} INFO - [2024-03-21T01:20:07.806+0000] {dag.py:3834} INFO - Setting next_dagrun for latest_only_with_trigger to 2024-03-20 20:00:00+00:00, run_after=2024-03-21 00:00:00+00:00
[2024-03-21T01:20:07.858+0000] {processor.py:183} INFO - Processing /home/airflow/.local/lib/python3.8/site-packages/airflow/example_dags/example_latest_only_with_trigger.py took 0.171 seconds
[2024-03-21T01:20:38.027+0000] {processor.py:161} INFO - Started process (PID=841) to work on /home/airflow/.local/lib/python3.8/site-packages/airflow/example_dags/example_latest_only_with_trigger.py
[2024-03-21T01:20:38.028+0000] {processor.py:830} INFO - Processing file /home/airflow/.local/lib/python3.8/site-packages/airflow/example_dags/example_latest_only_with_trigger.py for tasks to queue
[2024-03-21T01:20:38.031+0000] {logging_mixin.py:188} INFO - [2024-03-21T01:20:38.030+0000] {dagbag.py:540} INFO - Filling up the DagBag from /home/airflow/.local/lib/python3.8/site-packages/airflow/example_dags/example_latest_only_with_trigger.py
[2024-03-21T01:20:38.041+0000] {processor.py:840} INFO - DAG(s) 'latest_only_with_trigger' retrieved from /home/airflow/.local/lib/python3.8/site-packages/airflow/example_dags/example_latest_only_with_trigger.py
[2024-03-21T01:20:38.075+0000] {logging_mixin.py:188} INFO - [2024-03-21T01:20:38.075+0000] {dag.py:3047} INFO - Sync 1 DAGs
[2024-03-21T01:20:38.113+0000] {logging_mixin.py:188} INFO - [2024-03-21T01:20:38.113+0000] {dag.py:3834} INFO - Setting next_dagrun for latest_only_with_trigger to 2024-03-20 20:00:00+00:00, run_after=2024-03-21 00:00:00+00:00
[2024-03-21T01:20:38.137+0000] {processor.py:183} INFO - Processing /home/airflow/.local/lib/python3.8/site-packages/airflow/example_dags/example_latest_only_with_trigger.py took 0.116 seconds
[2024-03-21T01:21:08.925+0000] {processor.py:161} INFO - Started process (PID=895) to work on /home/airflow/.local/lib/python3.8/site-packages/airflow/example_dags/example_latest_only_with_trigger.py
[2024-03-21T01:21:08.927+0000] {processor.py:830} INFO - Processing file /home/airflow/.local/lib/python3.8/site-packages/airflow/example_dags/example_latest_only_with_trigger.py for tasks to queue
[2024-03-21T01:21:08.930+0000] {logging_mixin.py:188} INFO - [2024-03-21T01:21:08.929+0000] {dagbag.py:540} INFO - Filling up the DagBag from /home/airflow/.local/lib/python3.8/site-packages/airflow/example_dags/example_latest_only_with_trigger.py
[2024-03-21T01:21:08.938+0000] {processor.py:840} INFO - DAG(s) 'latest_only_with_trigger' retrieved from /home/airflow/.local/lib/python3.8/site-packages/airflow/example_dags/example_latest_only_with_trigger.py
[2024-03-21T01:21:08.967+0000] {logging_mixin.py:188} INFO - [2024-03-21T01:21:08.967+0000] {dag.py:3047} INFO - Sync 1 DAGs
[2024-03-21T01:21:09.003+0000] {logging_mixin.py:188} INFO - [2024-03-21T01:21:09.002+0000] {dag.py:3834} INFO - Setting next_dagrun for latest_only_with_trigger to 2024-03-20 20:00:00+00:00, run_after=2024-03-21 00:00:00+00:00
[2024-03-21T01:21:09.031+0000] {processor.py:183} INFO - Processing /home/airflow/.local/lib/python3.8/site-packages/airflow/example_dags/example_latest_only_with_trigger.py took 0.110 seconds
[2024-03-21T01:21:40.226+0000] {processor.py:161} INFO - Started process (PID=950) to work on /home/airflow/.local/lib/python3.8/site-packages/airflow/example_dags/example_latest_only_with_trigger.py
[2024-03-21T01:21:40.229+0000] {processor.py:830} INFO - Processing file /home/airflow/.local/lib/python3.8/site-packages/airflow/example_dags/example_latest_only_with_trigger.py for tasks to queue
[2024-03-21T01:21:40.234+0000] {logging_mixin.py:188} INFO - [2024-03-21T01:21:40.233+0000] {dagbag.py:540} INFO - Filling up the DagBag from /home/airflow/.local/lib/python3.8/site-packages/airflow/example_dags/example_latest_only_with_trigger.py
[2024-03-21T01:21:40.245+0000] {processor.py:840} INFO - DAG(s) 'latest_only_with_trigger' retrieved from /home/airflow/.local/lib/python3.8/site-packages/airflow/example_dags/example_latest_only_with_trigger.py
[2024-03-21T01:21:40.276+0000] {logging_mixin.py:188} INFO - [2024-03-21T01:21:40.276+0000] {dag.py:3047} INFO - Sync 1 DAGs
[2024-03-21T01:21:40.329+0000] {logging_mixin.py:188} INFO - [2024-03-21T01:21:40.329+0000] {dag.py:3834} INFO - Setting next_dagrun for latest_only_with_trigger to 2024-03-20 20:00:00+00:00, run_after=2024-03-21 00:00:00+00:00
[2024-03-21T01:21:40.376+0000] {processor.py:183} INFO - Processing /home/airflow/.local/lib/python3.8/site-packages/airflow/example_dags/example_latest_only_with_trigger.py took 0.155 seconds
[2024-03-21T01:22:11.240+0000] {processor.py:161} INFO - Started process (PID=1006) to work on /home/airflow/.local/lib/python3.8/site-packages/airflow/example_dags/example_latest_only_with_trigger.py
[2024-03-21T01:22:11.242+0000] {processor.py:830} INFO - Processing file /home/airflow/.local/lib/python3.8/site-packages/airflow/example_dags/example_latest_only_with_trigger.py for tasks to queue
[2024-03-21T01:22:11.244+0000] {logging_mixin.py:188} INFO - [2024-03-21T01:22:11.244+0000] {dagbag.py:540} INFO - Filling up the DagBag from /home/airflow/.local/lib/python3.8/site-packages/airflow/example_dags/example_latest_only_with_trigger.py
[2024-03-21T01:22:11.249+0000] {processor.py:840} INFO - DAG(s) 'latest_only_with_trigger' retrieved from /home/airflow/.local/lib/python3.8/site-packages/airflow/example_dags/example_latest_only_with_trigger.py
[2024-03-21T01:22:11.276+0000] {logging_mixin.py:188} INFO - [2024-03-21T01:22:11.276+0000] {dag.py:3047} INFO - Sync 1 DAGs
[2024-03-21T01:22:11.301+0000] {logging_mixin.py:188} INFO - [2024-03-21T01:22:11.301+0000] {dag.py:3834} INFO - Setting next_dagrun for latest_only_with_trigger to 2024-03-20 20:00:00+00:00, run_after=2024-03-21 00:00:00+00:00
[2024-03-21T01:22:11.331+0000] {processor.py:183} INFO - Processing /home/airflow/.local/lib/python3.8/site-packages/airflow/example_dags/example_latest_only_with_trigger.py took 0.095 seconds
[2024-03-21T01:22:42.026+0000] {processor.py:161} INFO - Started process (PID=1061) to work on /home/airflow/.local/lib/python3.8/site-packages/airflow/example_dags/example_latest_only_with_trigger.py
[2024-03-21T01:22:42.027+0000] {processor.py:830} INFO - Processing file /home/airflow/.local/lib/python3.8/site-packages/airflow/example_dags/example_latest_only_with_trigger.py for tasks to queue
[2024-03-21T01:22:42.029+0000] {logging_mixin.py:188} INFO - [2024-03-21T01:22:42.029+0000] {dagbag.py:540} INFO - Filling up the DagBag from /home/airflow/.local/lib/python3.8/site-packages/airflow/example_dags/example_latest_only_with_trigger.py
[2024-03-21T01:22:42.035+0000] {processor.py:840} INFO - DAG(s) 'latest_only_with_trigger' retrieved from /home/airflow/.local/lib/python3.8/site-packages/airflow/example_dags/example_latest_only_with_trigger.py
[2024-03-21T01:22:42.060+0000] {logging_mixin.py:188} INFO - [2024-03-21T01:22:42.060+0000] {dag.py:3047} INFO - Sync 1 DAGs
[2024-03-21T01:22:42.092+0000] {logging_mixin.py:188} INFO - [2024-03-21T01:22:42.092+0000] {dag.py:3834} INFO - Setting next_dagrun for latest_only_with_trigger to 2024-03-20 20:00:00+00:00, run_after=2024-03-21 00:00:00+00:00
[2024-03-21T01:22:42.128+0000] {processor.py:183} INFO - Processing /home/airflow/.local/lib/python3.8/site-packages/airflow/example_dags/example_latest_only_with_trigger.py took 0.106 seconds
[2024-03-21T01:23:12.228+0000] {processor.py:161} INFO - Started process (PID=1116) to work on /home/airflow/.local/lib/python3.8/site-packages/airflow/example_dags/example_latest_only_with_trigger.py
[2024-03-21T01:23:12.229+0000] {processor.py:830} INFO - Processing file /home/airflow/.local/lib/python3.8/site-packages/airflow/example_dags/example_latest_only_with_trigger.py for tasks to queue
[2024-03-21T01:23:12.231+0000] {logging_mixin.py:188} INFO - [2024-03-21T01:23:12.231+0000] {dagbag.py:540} INFO - Filling up the DagBag from /home/airflow/.local/lib/python3.8/site-packages/airflow/example_dags/example_latest_only_with_trigger.py
[2024-03-21T01:23:12.237+0000] {processor.py:840} INFO - DAG(s) 'latest_only_with_trigger' retrieved from /home/airflow/.local/lib/python3.8/site-packages/airflow/example_dags/example_latest_only_with_trigger.py
[2024-03-21T01:23:12.258+0000] {logging_mixin.py:188} INFO - [2024-03-21T01:23:12.258+0000] {dag.py:3047} INFO - Sync 1 DAGs
[2024-03-21T01:23:12.282+0000] {logging_mixin.py:188} INFO - [2024-03-21T01:23:12.281+0000] {dag.py:3834} INFO - Setting next_dagrun for latest_only_with_trigger to 2024-03-20 20:00:00+00:00, run_after=2024-03-21 00:00:00+00:00
[2024-03-21T01:23:12.306+0000] {processor.py:183} INFO - Processing /home/airflow/.local/lib/python3.8/site-packages/airflow/example_dags/example_latest_only_with_trigger.py took 0.081 seconds
[2024-03-21T01:23:42.335+0000] {processor.py:161} INFO - Started process (PID=1170) to work on /home/airflow/.local/lib/python3.8/site-packages/airflow/example_dags/example_latest_only_with_trigger.py
[2024-03-21T01:23:42.336+0000] {processor.py:830} INFO - Processing file /home/airflow/.local/lib/python3.8/site-packages/airflow/example_dags/example_latest_only_with_trigger.py for tasks to queue
[2024-03-21T01:23:42.339+0000] {logging_mixin.py:188} INFO - [2024-03-21T01:23:42.338+0000] {dagbag.py:540} INFO - Filling up the DagBag from /home/airflow/.local/lib/python3.8/site-packages/airflow/example_dags/example_latest_only_with_trigger.py
[2024-03-21T01:23:42.346+0000] {processor.py:840} INFO - DAG(s) 'latest_only_with_trigger' retrieved from /home/airflow/.local/lib/python3.8/site-packages/airflow/example_dags/example_latest_only_with_trigger.py
[2024-03-21T01:23:42.377+0000] {logging_mixin.py:188} INFO - [2024-03-21T01:23:42.376+0000] {dag.py:3047} INFO - Sync 1 DAGs
[2024-03-21T01:23:42.411+0000] {logging_mixin.py:188} INFO - [2024-03-21T01:23:42.411+0000] {dag.py:3834} INFO - Setting next_dagrun for latest_only_with_trigger to 2024-03-20 20:00:00+00:00, run_after=2024-03-21 00:00:00+00:00
[2024-03-21T01:23:42.442+0000] {processor.py:183} INFO - Processing /home/airflow/.local/lib/python3.8/site-packages/airflow/example_dags/example_latest_only_with_trigger.py took 0.112 seconds
[2024-03-21T01:24:12.900+0000] {processor.py:161} INFO - Started process (PID=1225) to work on /home/airflow/.local/lib/python3.8/site-packages/airflow/example_dags/example_latest_only_with_trigger.py
[2024-03-21T01:24:12.901+0000] {processor.py:830} INFO - Processing file /home/airflow/.local/lib/python3.8/site-packages/airflow/example_dags/example_latest_only_with_trigger.py for tasks to queue
[2024-03-21T01:24:12.903+0000] {logging_mixin.py:188} INFO - [2024-03-21T01:24:12.903+0000] {dagbag.py:540} INFO - Filling up the DagBag from /home/airflow/.local/lib/python3.8/site-packages/airflow/example_dags/example_latest_only_with_trigger.py
[2024-03-21T01:24:12.911+0000] {processor.py:840} INFO - DAG(s) 'latest_only_with_trigger' retrieved from /home/airflow/.local/lib/python3.8/site-packages/airflow/example_dags/example_latest_only_with_trigger.py
[2024-03-21T01:24:12.945+0000] {logging_mixin.py:188} INFO - [2024-03-21T01:24:12.945+0000] {dag.py:3047} INFO - Sync 1 DAGs
[2024-03-21T01:24:12.974+0000] {logging_mixin.py:188} INFO - [2024-03-21T01:24:12.974+0000] {dag.py:3834} INFO - Setting next_dagrun for latest_only_with_trigger to 2024-03-20 20:00:00+00:00, run_after=2024-03-21 00:00:00+00:00
[2024-03-21T01:24:13.001+0000] {processor.py:183} INFO - Processing /home/airflow/.local/lib/python3.8/site-packages/airflow/example_dags/example_latest_only_with_trigger.py took 0.106 seconds
[2024-03-21T01:24:43.799+0000] {processor.py:161} INFO - Started process (PID=1280) to work on /home/airflow/.local/lib/python3.8/site-packages/airflow/example_dags/example_latest_only_with_trigger.py
[2024-03-21T01:24:43.800+0000] {processor.py:830} INFO - Processing file /home/airflow/.local/lib/python3.8/site-packages/airflow/example_dags/example_latest_only_with_trigger.py for tasks to queue
[2024-03-21T01:24:43.801+0000] {logging_mixin.py:188} INFO - [2024-03-21T01:24:43.801+0000] {dagbag.py:540} INFO - Filling up the DagBag from /home/airflow/.local/lib/python3.8/site-packages/airflow/example_dags/example_latest_only_with_trigger.py
[2024-03-21T01:24:43.807+0000] {processor.py:840} INFO - DAG(s) 'latest_only_with_trigger' retrieved from /home/airflow/.local/lib/python3.8/site-packages/airflow/example_dags/example_latest_only_with_trigger.py
[2024-03-21T01:24:43.837+0000] {logging_mixin.py:188} INFO - [2024-03-21T01:24:43.837+0000] {dag.py:3047} INFO - Sync 1 DAGs
[2024-03-21T01:24:43.861+0000] {logging_mixin.py:188} INFO - [2024-03-21T01:24:43.861+0000] {dag.py:3834} INFO - Setting next_dagrun for latest_only_with_trigger to 2024-03-20 20:00:00+00:00, run_after=2024-03-21 00:00:00+00:00
[2024-03-21T01:24:43.884+0000] {processor.py:183} INFO - Processing /home/airflow/.local/lib/python3.8/site-packages/airflow/example_dags/example_latest_only_with_trigger.py took 0.089 seconds
[2024-03-21T01:25:13.927+0000] {processor.py:161} INFO - Started process (PID=1335) to work on /home/airflow/.local/lib/python3.8/site-packages/airflow/example_dags/example_latest_only_with_trigger.py
[2024-03-21T01:25:13.928+0000] {processor.py:830} INFO - Processing file /home/airflow/.local/lib/python3.8/site-packages/airflow/example_dags/example_latest_only_with_trigger.py for tasks to queue
[2024-03-21T01:25:13.931+0000] {logging_mixin.py:188} INFO - [2024-03-21T01:25:13.931+0000] {dagbag.py:540} INFO - Filling up the DagBag from /home/airflow/.local/lib/python3.8/site-packages/airflow/example_dags/example_latest_only_with_trigger.py
[2024-03-21T01:25:13.941+0000] {processor.py:840} INFO - DAG(s) 'latest_only_with_trigger' retrieved from /home/airflow/.local/lib/python3.8/site-packages/airflow/example_dags/example_latest_only_with_trigger.py
[2024-03-21T01:25:13.972+0000] {logging_mixin.py:188} INFO - [2024-03-21T01:25:13.972+0000] {dag.py:3047} INFO - Sync 1 DAGs
[2024-03-21T01:25:14.006+0000] {logging_mixin.py:188} INFO - [2024-03-21T01:25:14.006+0000] {dag.py:3834} INFO - Setting next_dagrun for latest_only_with_trigger to 2024-03-20 20:00:00+00:00, run_after=2024-03-21 00:00:00+00:00
[2024-03-21T01:25:14.045+0000] {processor.py:183} INFO - Processing /home/airflow/.local/lib/python3.8/site-packages/airflow/example_dags/example_latest_only_with_trigger.py took 0.122 seconds
[2024-03-21T01:25:44.523+0000] {processor.py:161} INFO - Started process (PID=1390) to work on /home/airflow/.local/lib/python3.8/site-packages/airflow/example_dags/example_latest_only_with_trigger.py
[2024-03-21T01:25:44.525+0000] {processor.py:830} INFO - Processing file /home/airflow/.local/lib/python3.8/site-packages/airflow/example_dags/example_latest_only_with_trigger.py for tasks to queue
[2024-03-21T01:25:44.527+0000] {logging_mixin.py:188} INFO - [2024-03-21T01:25:44.527+0000] {dagbag.py:540} INFO - Filling up the DagBag from /home/airflow/.local/lib/python3.8/site-packages/airflow/example_dags/example_latest_only_with_trigger.py
[2024-03-21T01:25:44.536+0000] {processor.py:840} INFO - DAG(s) 'latest_only_with_trigger' retrieved from /home/airflow/.local/lib/python3.8/site-packages/airflow/example_dags/example_latest_only_with_trigger.py
[2024-03-21T01:25:44.563+0000] {logging_mixin.py:188} INFO - [2024-03-21T01:25:44.563+0000] {dag.py:3047} INFO - Sync 1 DAGs
[2024-03-21T01:25:44.591+0000] {logging_mixin.py:188} INFO - [2024-03-21T01:25:44.590+0000] {dag.py:3834} INFO - Setting next_dagrun for latest_only_with_trigger to 2024-03-20 20:00:00+00:00, run_after=2024-03-21 00:00:00+00:00
[2024-03-21T01:25:44.616+0000] {processor.py:183} INFO - Processing /home/airflow/.local/lib/python3.8/site-packages/airflow/example_dags/example_latest_only_with_trigger.py took 0.096 seconds
[2024-03-21T01:26:15.383+0000] {processor.py:161} INFO - Started process (PID=1445) to work on /home/airflow/.local/lib/python3.8/site-packages/airflow/example_dags/example_latest_only_with_trigger.py
[2024-03-21T01:26:15.384+0000] {processor.py:830} INFO - Processing file /home/airflow/.local/lib/python3.8/site-packages/airflow/example_dags/example_latest_only_with_trigger.py for tasks to queue
[2024-03-21T01:26:15.386+0000] {logging_mixin.py:188} INFO - [2024-03-21T01:26:15.386+0000] {dagbag.py:540} INFO - Filling up the DagBag from /home/airflow/.local/lib/python3.8/site-packages/airflow/example_dags/example_latest_only_with_trigger.py
[2024-03-21T01:26:15.393+0000] {processor.py:840} INFO - DAG(s) 'latest_only_with_trigger' retrieved from /home/airflow/.local/lib/python3.8/site-packages/airflow/example_dags/example_latest_only_with_trigger.py
[2024-03-21T01:26:15.418+0000] {logging_mixin.py:188} INFO - [2024-03-21T01:26:15.418+0000] {dag.py:3047} INFO - Sync 1 DAGs
[2024-03-21T01:26:15.455+0000] {logging_mixin.py:188} INFO - [2024-03-21T01:26:15.455+0000] {dag.py:3834} INFO - Setting next_dagrun for latest_only_with_trigger to 2024-03-20 20:00:00+00:00, run_after=2024-03-21 00:00:00+00:00
[2024-03-21T01:26:15.487+0000] {processor.py:183} INFO - Processing /home/airflow/.local/lib/python3.8/site-packages/airflow/example_dags/example_latest_only_with_trigger.py took 0.107 seconds
[2024-03-21T01:26:45.683+0000] {processor.py:161} INFO - Started process (PID=1500) to work on /home/airflow/.local/lib/python3.8/site-packages/airflow/example_dags/example_latest_only_with_trigger.py
[2024-03-21T01:26:45.685+0000] {processor.py:830} INFO - Processing file /home/airflow/.local/lib/python3.8/site-packages/airflow/example_dags/example_latest_only_with_trigger.py for tasks to queue
[2024-03-21T01:26:45.688+0000] {logging_mixin.py:188} INFO - [2024-03-21T01:26:45.687+0000] {dagbag.py:540} INFO - Filling up the DagBag from /home/airflow/.local/lib/python3.8/site-packages/airflow/example_dags/example_latest_only_with_trigger.py
[2024-03-21T01:26:45.697+0000] {processor.py:840} INFO - DAG(s) 'latest_only_with_trigger' retrieved from /home/airflow/.local/lib/python3.8/site-packages/airflow/example_dags/example_latest_only_with_trigger.py
[2024-03-21T01:26:45.734+0000] {logging_mixin.py:188} INFO - [2024-03-21T01:26:45.734+0000] {dag.py:3047} INFO - Sync 1 DAGs
[2024-03-21T01:26:45.769+0000] {logging_mixin.py:188} INFO - [2024-03-21T01:26:45.768+0000] {dag.py:3834} INFO - Setting next_dagrun for latest_only_with_trigger to 2024-03-20 20:00:00+00:00, run_after=2024-03-21 00:00:00+00:00
[2024-03-21T01:26:45.807+0000] {processor.py:183} INFO - Processing /home/airflow/.local/lib/python3.8/site-packages/airflow/example_dags/example_latest_only_with_trigger.py took 0.129 seconds
[2024-03-21T01:27:16.394+0000] {processor.py:161} INFO - Started process (PID=1555) to work on /home/airflow/.local/lib/python3.8/site-packages/airflow/example_dags/example_latest_only_with_trigger.py
[2024-03-21T01:27:16.396+0000] {processor.py:830} INFO - Processing file /home/airflow/.local/lib/python3.8/site-packages/airflow/example_dags/example_latest_only_with_trigger.py for tasks to queue
[2024-03-21T01:27:16.399+0000] {logging_mixin.py:188} INFO - [2024-03-21T01:27:16.398+0000] {dagbag.py:540} INFO - Filling up the DagBag from /home/airflow/.local/lib/python3.8/site-packages/airflow/example_dags/example_latest_only_with_trigger.py
[2024-03-21T01:27:16.406+0000] {processor.py:840} INFO - DAG(s) 'latest_only_with_trigger' retrieved from /home/airflow/.local/lib/python3.8/site-packages/airflow/example_dags/example_latest_only_with_trigger.py
[2024-03-21T01:27:16.436+0000] {logging_mixin.py:188} INFO - [2024-03-21T01:27:16.436+0000] {dag.py:3047} INFO - Sync 1 DAGs
[2024-03-21T01:27:16.472+0000] {logging_mixin.py:188} INFO - [2024-03-21T01:27:16.472+0000] {dag.py:3834} INFO - Setting next_dagrun for latest_only_with_trigger to 2024-03-20 20:00:00+00:00, run_after=2024-03-21 00:00:00+00:00
[2024-03-21T01:27:16.500+0000] {processor.py:183} INFO - Processing /home/airflow/.local/lib/python3.8/site-packages/airflow/example_dags/example_latest_only_with_trigger.py took 0.111 seconds
[2024-03-21T01:27:46.743+0000] {processor.py:161} INFO - Started process (PID=1610) to work on /home/airflow/.local/lib/python3.8/site-packages/airflow/example_dags/example_latest_only_with_trigger.py
[2024-03-21T01:27:46.744+0000] {processor.py:830} INFO - Processing file /home/airflow/.local/lib/python3.8/site-packages/airflow/example_dags/example_latest_only_with_trigger.py for tasks to queue
[2024-03-21T01:27:46.746+0000] {logging_mixin.py:188} INFO - [2024-03-21T01:27:46.746+0000] {dagbag.py:540} INFO - Filling up the DagBag from /home/airflow/.local/lib/python3.8/site-packages/airflow/example_dags/example_latest_only_with_trigger.py
[2024-03-21T01:27:46.754+0000] {processor.py:840} INFO - DAG(s) 'latest_only_with_trigger' retrieved from /home/airflow/.local/lib/python3.8/site-packages/airflow/example_dags/example_latest_only_with_trigger.py
[2024-03-21T01:27:46.785+0000] {logging_mixin.py:188} INFO - [2024-03-21T01:27:46.785+0000] {dag.py:3047} INFO - Sync 1 DAGs
[2024-03-21T01:27:46.823+0000] {logging_mixin.py:188} INFO - [2024-03-21T01:27:46.823+0000] {dag.py:3834} INFO - Setting next_dagrun for latest_only_with_trigger to 2024-03-20 20:00:00+00:00, run_after=2024-03-21 00:00:00+00:00
[2024-03-21T01:27:46.862+0000] {processor.py:183} INFO - Processing /home/airflow/.local/lib/python3.8/site-packages/airflow/example_dags/example_latest_only_with_trigger.py took 0.124 seconds
[2024-03-21T01:28:17.285+0000] {processor.py:161} INFO - Started process (PID=1665) to work on /home/airflow/.local/lib/python3.8/site-packages/airflow/example_dags/example_latest_only_with_trigger.py
[2024-03-21T01:28:17.287+0000] {processor.py:830} INFO - Processing file /home/airflow/.local/lib/python3.8/site-packages/airflow/example_dags/example_latest_only_with_trigger.py for tasks to queue
[2024-03-21T01:28:17.290+0000] {logging_mixin.py:188} INFO - [2024-03-21T01:28:17.290+0000] {dagbag.py:540} INFO - Filling up the DagBag from /home/airflow/.local/lib/python3.8/site-packages/airflow/example_dags/example_latest_only_with_trigger.py
[2024-03-21T01:28:17.303+0000] {processor.py:840} INFO - DAG(s) 'latest_only_with_trigger' retrieved from /home/airflow/.local/lib/python3.8/site-packages/airflow/example_dags/example_latest_only_with_trigger.py
[2024-03-21T01:28:17.353+0000] {logging_mixin.py:188} INFO - [2024-03-21T01:28:17.352+0000] {dag.py:3047} INFO - Sync 1 DAGs
[2024-03-21T01:28:17.397+0000] {logging_mixin.py:188} INFO - [2024-03-21T01:28:17.397+0000] {dag.py:3834} INFO - Setting next_dagrun for latest_only_with_trigger to 2024-03-20 20:00:00+00:00, run_after=2024-03-21 00:00:00+00:00
[2024-03-21T01:28:17.435+0000] {processor.py:183} INFO - Processing /home/airflow/.local/lib/python3.8/site-packages/airflow/example_dags/example_latest_only_with_trigger.py took 0.158 seconds
[2024-03-21T01:28:49.358+0000] {processor.py:161} INFO - Started process (PID=1720) to work on /home/airflow/.local/lib/python3.8/site-packages/airflow/example_dags/example_latest_only_with_trigger.py
[2024-03-21T01:28:49.373+0000] {processor.py:830} INFO - Processing file /home/airflow/.local/lib/python3.8/site-packages/airflow/example_dags/example_latest_only_with_trigger.py for tasks to queue
[2024-03-21T01:28:49.387+0000] {logging_mixin.py:188} INFO - [2024-03-21T01:28:49.383+0000] {dagbag.py:540} INFO - Filling up the DagBag from /home/airflow/.local/lib/python3.8/site-packages/airflow/example_dags/example_latest_only_with_trigger.py
[2024-03-21T01:28:49.414+0000] {processor.py:840} INFO - DAG(s) 'latest_only_with_trigger' retrieved from /home/airflow/.local/lib/python3.8/site-packages/airflow/example_dags/example_latest_only_with_trigger.py
[2024-03-21T01:28:49.488+0000] {logging_mixin.py:188} INFO - [2024-03-21T01:28:49.487+0000] {dag.py:3047} INFO - Sync 1 DAGs
[2024-03-21T01:28:49.584+0000] {logging_mixin.py:188} INFO - [2024-03-21T01:28:49.583+0000] {dag.py:3834} INFO - Setting next_dagrun for latest_only_with_trigger to 2024-03-20 20:00:00+00:00, run_after=2024-03-21 00:00:00+00:00
[2024-03-21T01:28:49.846+0000] {processor.py:183} INFO - Processing /home/airflow/.local/lib/python3.8/site-packages/airflow/example_dags/example_latest_only_with_trigger.py took 0.504 seconds
[2024-03-21T01:29:20.676+0000] {processor.py:161} INFO - Started process (PID=1776) to work on /home/airflow/.local/lib/python3.8/site-packages/airflow/example_dags/example_latest_only_with_trigger.py
[2024-03-21T01:29:20.679+0000] {processor.py:830} INFO - Processing file /home/airflow/.local/lib/python3.8/site-packages/airflow/example_dags/example_latest_only_with_trigger.py for tasks to queue
[2024-03-21T01:29:20.681+0000] {logging_mixin.py:188} INFO - [2024-03-21T01:29:20.680+0000] {dagbag.py:540} INFO - Filling up the DagBag from /home/airflow/.local/lib/python3.8/site-packages/airflow/example_dags/example_latest_only_with_trigger.py
[2024-03-21T01:29:20.688+0000] {processor.py:840} INFO - DAG(s) 'latest_only_with_trigger' retrieved from /home/airflow/.local/lib/python3.8/site-packages/airflow/example_dags/example_latest_only_with_trigger.py
[2024-03-21T01:29:20.714+0000] {logging_mixin.py:188} INFO - [2024-03-21T01:29:20.714+0000] {dag.py:3047} INFO - Sync 1 DAGs
[2024-03-21T01:29:20.740+0000] {logging_mixin.py:188} INFO - [2024-03-21T01:29:20.739+0000] {dag.py:3834} INFO - Setting next_dagrun for latest_only_with_trigger to 2024-03-20 20:00:00+00:00, run_after=2024-03-21 00:00:00+00:00
[2024-03-21T01:29:20.767+0000] {processor.py:183} INFO - Processing /home/airflow/.local/lib/python3.8/site-packages/airflow/example_dags/example_latest_only_with_trigger.py took 0.094 seconds
[2024-03-21T01:29:51.562+0000] {processor.py:161} INFO - Started process (PID=1831) to work on /home/airflow/.local/lib/python3.8/site-packages/airflow/example_dags/example_latest_only_with_trigger.py
[2024-03-21T01:29:51.564+0000] {processor.py:830} INFO - Processing file /home/airflow/.local/lib/python3.8/site-packages/airflow/example_dags/example_latest_only_with_trigger.py for tasks to queue
[2024-03-21T01:29:51.567+0000] {logging_mixin.py:188} INFO - [2024-03-21T01:29:51.567+0000] {dagbag.py:540} INFO - Filling up the DagBag from /home/airflow/.local/lib/python3.8/site-packages/airflow/example_dags/example_latest_only_with_trigger.py
[2024-03-21T01:29:51.574+0000] {processor.py:840} INFO - DAG(s) 'latest_only_with_trigger' retrieved from /home/airflow/.local/lib/python3.8/site-packages/airflow/example_dags/example_latest_only_with_trigger.py
[2024-03-21T01:29:51.602+0000] {logging_mixin.py:188} INFO - [2024-03-21T01:29:51.602+0000] {dag.py:3047} INFO - Sync 1 DAGs
[2024-03-21T01:29:51.630+0000] {logging_mixin.py:188} INFO - [2024-03-21T01:29:51.630+0000] {dag.py:3834} INFO - Setting next_dagrun for latest_only_with_trigger to 2024-03-20 20:00:00+00:00, run_after=2024-03-21 00:00:00+00:00
[2024-03-21T01:29:51.659+0000] {processor.py:183} INFO - Processing /home/airflow/.local/lib/python3.8/site-packages/airflow/example_dags/example_latest_only_with_trigger.py took 0.102 seconds
[2024-03-21T01:30:21.857+0000] {processor.py:161} INFO - Started process (PID=1885) to work on /home/airflow/.local/lib/python3.8/site-packages/airflow/example_dags/example_latest_only_with_trigger.py
[2024-03-21T01:30:21.857+0000] {processor.py:830} INFO - Processing file /home/airflow/.local/lib/python3.8/site-packages/airflow/example_dags/example_latest_only_with_trigger.py for tasks to queue
[2024-03-21T01:30:21.859+0000] {logging_mixin.py:188} INFO - [2024-03-21T01:30:21.859+0000] {dagbag.py:540} INFO - Filling up the DagBag from /home/airflow/.local/lib/python3.8/site-packages/airflow/example_dags/example_latest_only_with_trigger.py
[2024-03-21T01:30:21.864+0000] {processor.py:840} INFO - DAG(s) 'latest_only_with_trigger' retrieved from /home/airflow/.local/lib/python3.8/site-packages/airflow/example_dags/example_latest_only_with_trigger.py
[2024-03-21T01:30:21.887+0000] {logging_mixin.py:188} INFO - [2024-03-21T01:30:21.887+0000] {dag.py:3047} INFO - Sync 1 DAGs
[2024-03-21T01:30:21.912+0000] {logging_mixin.py:188} INFO - [2024-03-21T01:30:21.912+0000] {dag.py:3834} INFO - Setting next_dagrun for latest_only_with_trigger to 2024-03-20 20:00:00+00:00, run_after=2024-03-21 00:00:00+00:00
[2024-03-21T01:30:21.935+0000] {processor.py:183} INFO - Processing /home/airflow/.local/lib/python3.8/site-packages/airflow/example_dags/example_latest_only_with_trigger.py took 0.081 seconds
[2024-03-21T01:30:52.388+0000] {processor.py:161} INFO - Started process (PID=1940) to work on /home/airflow/.local/lib/python3.8/site-packages/airflow/example_dags/example_latest_only_with_trigger.py
[2024-03-21T01:30:52.393+0000] {processor.py:830} INFO - Processing file /home/airflow/.local/lib/python3.8/site-packages/airflow/example_dags/example_latest_only_with_trigger.py for tasks to queue
[2024-03-21T01:30:52.397+0000] {logging_mixin.py:188} INFO - [2024-03-21T01:30:52.396+0000] {dagbag.py:540} INFO - Filling up the DagBag from /home/airflow/.local/lib/python3.8/site-packages/airflow/example_dags/example_latest_only_with_trigger.py
[2024-03-21T01:30:52.412+0000] {processor.py:840} INFO - DAG(s) 'latest_only_with_trigger' retrieved from /home/airflow/.local/lib/python3.8/site-packages/airflow/example_dags/example_latest_only_with_trigger.py
[2024-03-21T01:30:52.452+0000] {logging_mixin.py:188} INFO - [2024-03-21T01:30:52.452+0000] {dag.py:3047} INFO - Sync 1 DAGs
[2024-03-21T01:30:52.489+0000] {logging_mixin.py:188} INFO - [2024-03-21T01:30:52.489+0000] {dag.py:3834} INFO - Setting next_dagrun for latest_only_with_trigger to 2024-03-20 20:00:00+00:00, run_after=2024-03-21 00:00:00+00:00
[2024-03-21T01:30:52.520+0000] {processor.py:183} INFO - Processing /home/airflow/.local/lib/python3.8/site-packages/airflow/example_dags/example_latest_only_with_trigger.py took 0.143 seconds
[2024-03-21T01:31:23.122+0000] {processor.py:161} INFO - Started process (PID=1995) to work on /home/airflow/.local/lib/python3.8/site-packages/airflow/example_dags/example_latest_only_with_trigger.py
[2024-03-21T01:31:23.123+0000] {processor.py:830} INFO - Processing file /home/airflow/.local/lib/python3.8/site-packages/airflow/example_dags/example_latest_only_with_trigger.py for tasks to queue
[2024-03-21T01:31:23.130+0000] {logging_mixin.py:188} INFO - [2024-03-21T01:31:23.129+0000] {dagbag.py:540} INFO - Filling up the DagBag from /home/airflow/.local/lib/python3.8/site-packages/airflow/example_dags/example_latest_only_with_trigger.py
[2024-03-21T01:31:23.137+0000] {processor.py:840} INFO - DAG(s) 'latest_only_with_trigger' retrieved from /home/airflow/.local/lib/python3.8/site-packages/airflow/example_dags/example_latest_only_with_trigger.py
[2024-03-21T01:31:23.165+0000] {logging_mixin.py:188} INFO - [2024-03-21T01:31:23.164+0000] {dag.py:3047} INFO - Sync 1 DAGs
[2024-03-21T01:31:23.193+0000] {logging_mixin.py:188} INFO - [2024-03-21T01:31:23.193+0000] {dag.py:3834} INFO - Setting next_dagrun for latest_only_with_trigger to 2024-03-20 20:00:00+00:00, run_after=2024-03-21 00:00:00+00:00
[2024-03-21T01:31:23.222+0000] {processor.py:183} INFO - Processing /home/airflow/.local/lib/python3.8/site-packages/airflow/example_dags/example_latest_only_with_trigger.py took 0.104 seconds
[2024-03-21T01:31:53.361+0000] {processor.py:161} INFO - Started process (PID=2050) to work on /home/airflow/.local/lib/python3.8/site-packages/airflow/example_dags/example_latest_only_with_trigger.py
[2024-03-21T01:31:53.363+0000] {processor.py:830} INFO - Processing file /home/airflow/.local/lib/python3.8/site-packages/airflow/example_dags/example_latest_only_with_trigger.py for tasks to queue
[2024-03-21T01:31:53.365+0000] {logging_mixin.py:188} INFO - [2024-03-21T01:31:53.364+0000] {dagbag.py:540} INFO - Filling up the DagBag from /home/airflow/.local/lib/python3.8/site-packages/airflow/example_dags/example_latest_only_with_trigger.py
[2024-03-21T01:31:53.371+0000] {processor.py:840} INFO - DAG(s) 'latest_only_with_trigger' retrieved from /home/airflow/.local/lib/python3.8/site-packages/airflow/example_dags/example_latest_only_with_trigger.py
[2024-03-21T01:31:53.401+0000] {logging_mixin.py:188} INFO - [2024-03-21T01:31:53.401+0000] {dag.py:3047} INFO - Sync 1 DAGs
[2024-03-21T01:31:53.430+0000] {logging_mixin.py:188} INFO - [2024-03-21T01:31:53.430+0000] {dag.py:3834} INFO - Setting next_dagrun for latest_only_with_trigger to 2024-03-20 20:00:00+00:00, run_after=2024-03-21 00:00:00+00:00
[2024-03-21T01:31:53.457+0000] {processor.py:183} INFO - Processing /home/airflow/.local/lib/python3.8/site-packages/airflow/example_dags/example_latest_only_with_trigger.py took 0.100 seconds
