[2024-03-21T00:09:33.180+0000] {processor.py:161} INFO - Started process (PID=70) to work on /home/airflow/.local/lib/python3.8/site-packages/airflow/example_dags/example_xcomargs.py
[2024-03-21T00:09:33.182+0000] {processor.py:830} INFO - Processing file /home/airflow/.local/lib/python3.8/site-packages/airflow/example_dags/example_xcomargs.py for tasks to queue
[2024-03-21T00:09:33.188+0000] {logging_mixin.py:188} INFO - [2024-03-21T00:09:33.187+0000] {dagbag.py:540} INFO - Filling up the DagBag from /home/airflow/.local/lib/python3.8/site-packages/airflow/example_dags/example_xcomargs.py
[2024-03-21T00:09:33.278+0000] {processor.py:840} INFO - DAG(s) 'example_xcom_args', 'example_xcom_args_with_operators' retrieved from /home/airflow/.local/lib/python3.8/site-packages/airflow/example_dags/example_xcomargs.py
[2024-03-21T00:09:33.348+0000] {logging_mixin.py:188} INFO - [2024-03-21T00:09:33.347+0000] {dag.py:3047} INFO - Sync 2 DAGs
[2024-03-21T00:09:33.409+0000] {logging_mixin.py:188} INFO - [2024-03-21T00:09:33.408+0000] {dag.py:3834} INFO - Setting next_dagrun for example_xcom_args to None, run_after=None
[2024-03-21T00:09:33.418+0000] {logging_mixin.py:188} INFO - [2024-03-21T00:09:33.417+0000] {dag.py:3834} INFO - Setting next_dagrun for example_xcom_args_with_operators to None, run_after=None
[2024-03-21T00:09:33.477+0000] {processor.py:183} INFO - Processing /home/airflow/.local/lib/python3.8/site-packages/airflow/example_dags/example_xcomargs.py took 0.312 seconds
[2024-03-21T00:10:04.131+0000] {processor.py:161} INFO - Started process (PID=125) to work on /home/airflow/.local/lib/python3.8/site-packages/airflow/example_dags/example_xcomargs.py
[2024-03-21T00:10:04.132+0000] {processor.py:830} INFO - Processing file /home/airflow/.local/lib/python3.8/site-packages/airflow/example_dags/example_xcomargs.py for tasks to queue
[2024-03-21T00:10:04.135+0000] {logging_mixin.py:188} INFO - [2024-03-21T00:10:04.134+0000] {dagbag.py:540} INFO - Filling up the DagBag from /home/airflow/.local/lib/python3.8/site-packages/airflow/example_dags/example_xcomargs.py
[2024-03-21T00:10:04.146+0000] {processor.py:840} INFO - DAG(s) 'example_xcom_args_with_operators', 'example_xcom_args' retrieved from /home/airflow/.local/lib/python3.8/site-packages/airflow/example_dags/example_xcomargs.py
[2024-03-21T00:10:04.366+0000] {logging_mixin.py:188} INFO - [2024-03-21T00:10:04.365+0000] {dag.py:3047} INFO - Sync 2 DAGs
[2024-03-21T00:10:04.387+0000] {logging_mixin.py:188} INFO - [2024-03-21T00:10:04.387+0000] {dag.py:3834} INFO - Setting next_dagrun for example_xcom_args to None, run_after=None
[2024-03-21T00:10:04.393+0000] {logging_mixin.py:188} INFO - [2024-03-21T00:10:04.392+0000] {dag.py:3834} INFO - Setting next_dagrun for example_xcom_args_with_operators to None, run_after=None
[2024-03-21T00:10:04.428+0000] {processor.py:183} INFO - Processing /home/airflow/.local/lib/python3.8/site-packages/airflow/example_dags/example_xcomargs.py took 0.317 seconds
[2024-03-21T00:10:34.662+0000] {processor.py:161} INFO - Started process (PID=180) to work on /home/airflow/.local/lib/python3.8/site-packages/airflow/example_dags/example_xcomargs.py
[2024-03-21T00:10:34.663+0000] {processor.py:830} INFO - Processing file /home/airflow/.local/lib/python3.8/site-packages/airflow/example_dags/example_xcomargs.py for tasks to queue
[2024-03-21T00:10:34.665+0000] {logging_mixin.py:188} INFO - [2024-03-21T00:10:34.665+0000] {dagbag.py:540} INFO - Filling up the DagBag from /home/airflow/.local/lib/python3.8/site-packages/airflow/example_dags/example_xcomargs.py
[2024-03-21T00:10:34.674+0000] {processor.py:840} INFO - DAG(s) 'example_xcom_args_with_operators', 'example_xcom_args' retrieved from /home/airflow/.local/lib/python3.8/site-packages/airflow/example_dags/example_xcomargs.py
[2024-03-21T00:10:34.699+0000] {logging_mixin.py:188} INFO - [2024-03-21T00:10:34.699+0000] {dag.py:3047} INFO - Sync 2 DAGs
[2024-03-21T00:10:34.711+0000] {logging_mixin.py:188} INFO - [2024-03-21T00:10:34.711+0000] {dag.py:3834} INFO - Setting next_dagrun for example_xcom_args to None, run_after=None
[2024-03-21T00:10:34.715+0000] {logging_mixin.py:188} INFO - [2024-03-21T00:10:34.715+0000] {dag.py:3834} INFO - Setting next_dagrun for example_xcom_args_with_operators to None, run_after=None
[2024-03-21T00:10:34.735+0000] {processor.py:183} INFO - Processing /home/airflow/.local/lib/python3.8/site-packages/airflow/example_dags/example_xcomargs.py took 0.077 seconds
[2024-03-21T00:17:08.196+0000] {processor.py:161} INFO - Started process (PID=79) to work on /home/airflow/.local/lib/python3.8/site-packages/airflow/example_dags/example_xcomargs.py
[2024-03-21T00:17:08.198+0000] {processor.py:830} INFO - Processing file /home/airflow/.local/lib/python3.8/site-packages/airflow/example_dags/example_xcomargs.py for tasks to queue
[2024-03-21T00:17:08.201+0000] {logging_mixin.py:188} INFO - [2024-03-21T00:17:08.200+0000] {dagbag.py:540} INFO - Filling up the DagBag from /home/airflow/.local/lib/python3.8/site-packages/airflow/example_dags/example_xcomargs.py
[2024-03-21T00:17:08.219+0000] {processor.py:840} INFO - DAG(s) 'example_xcom_args', 'example_xcom_args_with_operators' retrieved from /home/airflow/.local/lib/python3.8/site-packages/airflow/example_dags/example_xcomargs.py
[2024-03-21T00:17:08.501+0000] {logging_mixin.py:188} INFO - [2024-03-21T00:17:08.500+0000] {dag.py:3047} INFO - Sync 2 DAGs
[2024-03-21T00:17:08.528+0000] {logging_mixin.py:188} INFO - [2024-03-21T00:17:08.527+0000] {dag.py:3834} INFO - Setting next_dagrun for example_xcom_args to None, run_after=None
[2024-03-21T00:17:08.535+0000] {logging_mixin.py:188} INFO - [2024-03-21T00:17:08.535+0000] {dag.py:3834} INFO - Setting next_dagrun for example_xcom_args_with_operators to None, run_after=None
[2024-03-21T00:17:08.575+0000] {processor.py:183} INFO - Processing /home/airflow/.local/lib/python3.8/site-packages/airflow/example_dags/example_xcomargs.py took 0.386 seconds
[2024-03-21T00:17:39.309+0000] {processor.py:161} INFO - Started process (PID=134) to work on /home/airflow/.local/lib/python3.8/site-packages/airflow/example_dags/example_xcomargs.py
[2024-03-21T00:17:39.310+0000] {processor.py:830} INFO - Processing file /home/airflow/.local/lib/python3.8/site-packages/airflow/example_dags/example_xcomargs.py for tasks to queue
[2024-03-21T00:17:39.311+0000] {logging_mixin.py:188} INFO - [2024-03-21T00:17:39.311+0000] {dagbag.py:540} INFO - Filling up the DagBag from /home/airflow/.local/lib/python3.8/site-packages/airflow/example_dags/example_xcomargs.py
[2024-03-21T00:17:39.319+0000] {processor.py:840} INFO - DAG(s) 'example_xcom_args_with_operators', 'example_xcom_args' retrieved from /home/airflow/.local/lib/python3.8/site-packages/airflow/example_dags/example_xcomargs.py
[2024-03-21T00:17:39.349+0000] {logging_mixin.py:188} INFO - [2024-03-21T00:17:39.349+0000] {dag.py:3047} INFO - Sync 2 DAGs
[2024-03-21T00:17:39.365+0000] {logging_mixin.py:188} INFO - [2024-03-21T00:17:39.365+0000] {dag.py:3834} INFO - Setting next_dagrun for example_xcom_args to None, run_after=None
[2024-03-21T00:17:39.370+0000] {logging_mixin.py:188} INFO - [2024-03-21T00:17:39.369+0000] {dag.py:3834} INFO - Setting next_dagrun for example_xcom_args_with_operators to None, run_after=None
[2024-03-21T00:17:39.392+0000] {processor.py:183} INFO - Processing /home/airflow/.local/lib/python3.8/site-packages/airflow/example_dags/example_xcomargs.py took 0.086 seconds
[2024-03-21T00:18:09.760+0000] {processor.py:161} INFO - Started process (PID=189) to work on /home/airflow/.local/lib/python3.8/site-packages/airflow/example_dags/example_xcomargs.py
[2024-03-21T00:18:09.760+0000] {processor.py:830} INFO - Processing file /home/airflow/.local/lib/python3.8/site-packages/airflow/example_dags/example_xcomargs.py for tasks to queue
[2024-03-21T00:18:09.763+0000] {logging_mixin.py:188} INFO - [2024-03-21T00:18:09.762+0000] {dagbag.py:540} INFO - Filling up the DagBag from /home/airflow/.local/lib/python3.8/site-packages/airflow/example_dags/example_xcomargs.py
[2024-03-21T00:18:09.771+0000] {processor.py:840} INFO - DAG(s) 'example_xcom_args', 'example_xcom_args_with_operators' retrieved from /home/airflow/.local/lib/python3.8/site-packages/airflow/example_dags/example_xcomargs.py
[2024-03-21T00:18:09.799+0000] {logging_mixin.py:188} INFO - [2024-03-21T00:18:09.799+0000] {dag.py:3047} INFO - Sync 2 DAGs
[2024-03-21T00:18:09.815+0000] {logging_mixin.py:188} INFO - [2024-03-21T00:18:09.815+0000] {dag.py:3834} INFO - Setting next_dagrun for example_xcom_args to None, run_after=None
[2024-03-21T00:18:09.821+0000] {logging_mixin.py:188} INFO - [2024-03-21T00:18:09.821+0000] {dag.py:3834} INFO - Setting next_dagrun for example_xcom_args_with_operators to None, run_after=None
[2024-03-21T00:18:09.845+0000] {processor.py:183} INFO - Processing /home/airflow/.local/lib/python3.8/site-packages/airflow/example_dags/example_xcomargs.py took 0.089 seconds
[2024-03-21T00:18:40.361+0000] {processor.py:161} INFO - Started process (PID=244) to work on /home/airflow/.local/lib/python3.8/site-packages/airflow/example_dags/example_xcomargs.py
[2024-03-21T00:18:40.365+0000] {processor.py:830} INFO - Processing file /home/airflow/.local/lib/python3.8/site-packages/airflow/example_dags/example_xcomargs.py for tasks to queue
[2024-03-21T00:18:40.370+0000] {logging_mixin.py:188} INFO - [2024-03-21T00:18:40.368+0000] {dagbag.py:540} INFO - Filling up the DagBag from /home/airflow/.local/lib/python3.8/site-packages/airflow/example_dags/example_xcomargs.py
[2024-03-21T00:18:40.387+0000] {processor.py:840} INFO - DAG(s) 'example_xcom_args_with_operators', 'example_xcom_args' retrieved from /home/airflow/.local/lib/python3.8/site-packages/airflow/example_dags/example_xcomargs.py
[2024-03-21T00:18:40.441+0000] {logging_mixin.py:188} INFO - [2024-03-21T00:18:40.441+0000] {dag.py:3047} INFO - Sync 2 DAGs
[2024-03-21T00:18:40.468+0000] {logging_mixin.py:188} INFO - [2024-03-21T00:18:40.468+0000] {dag.py:3834} INFO - Setting next_dagrun for example_xcom_args to None, run_after=None
[2024-03-21T00:18:40.475+0000] {logging_mixin.py:188} INFO - [2024-03-21T00:18:40.475+0000] {dag.py:3834} INFO - Setting next_dagrun for example_xcom_args_with_operators to None, run_after=None
[2024-03-21T00:18:40.520+0000] {processor.py:183} INFO - Processing /home/airflow/.local/lib/python3.8/site-packages/airflow/example_dags/example_xcomargs.py took 0.165 seconds
[2024-03-21T00:19:10.918+0000] {processor.py:161} INFO - Started process (PID=299) to work on /home/airflow/.local/lib/python3.8/site-packages/airflow/example_dags/example_xcomargs.py
[2024-03-21T00:19:10.919+0000] {processor.py:830} INFO - Processing file /home/airflow/.local/lib/python3.8/site-packages/airflow/example_dags/example_xcomargs.py for tasks to queue
[2024-03-21T00:19:10.922+0000] {logging_mixin.py:188} INFO - [2024-03-21T00:19:10.921+0000] {dagbag.py:540} INFO - Filling up the DagBag from /home/airflow/.local/lib/python3.8/site-packages/airflow/example_dags/example_xcomargs.py
[2024-03-21T00:19:10.933+0000] {processor.py:840} INFO - DAG(s) 'example_xcom_args', 'example_xcom_args_with_operators' retrieved from /home/airflow/.local/lib/python3.8/site-packages/airflow/example_dags/example_xcomargs.py
[2024-03-21T00:19:10.959+0000] {logging_mixin.py:188} INFO - [2024-03-21T00:19:10.959+0000] {dag.py:3047} INFO - Sync 2 DAGs
[2024-03-21T00:19:10.970+0000] {logging_mixin.py:188} INFO - [2024-03-21T00:19:10.970+0000] {dag.py:3834} INFO - Setting next_dagrun for example_xcom_args to None, run_after=None
[2024-03-21T00:19:10.974+0000] {logging_mixin.py:188} INFO - [2024-03-21T00:19:10.974+0000] {dag.py:3834} INFO - Setting next_dagrun for example_xcom_args_with_operators to None, run_after=None
[2024-03-21T00:19:10.992+0000] {processor.py:183} INFO - Processing /home/airflow/.local/lib/python3.8/site-packages/airflow/example_dags/example_xcomargs.py took 0.078 seconds
[2024-03-21T00:19:41.381+0000] {processor.py:161} INFO - Started process (PID=354) to work on /home/airflow/.local/lib/python3.8/site-packages/airflow/example_dags/example_xcomargs.py
[2024-03-21T00:19:41.383+0000] {processor.py:830} INFO - Processing file /home/airflow/.local/lib/python3.8/site-packages/airflow/example_dags/example_xcomargs.py for tasks to queue
[2024-03-21T00:19:41.384+0000] {logging_mixin.py:188} INFO - [2024-03-21T00:19:41.384+0000] {dagbag.py:540} INFO - Filling up the DagBag from /home/airflow/.local/lib/python3.8/site-packages/airflow/example_dags/example_xcomargs.py
[2024-03-21T00:19:41.391+0000] {processor.py:840} INFO - DAG(s) 'example_xcom_args', 'example_xcom_args_with_operators' retrieved from /home/airflow/.local/lib/python3.8/site-packages/airflow/example_dags/example_xcomargs.py
[2024-03-21T00:19:41.415+0000] {logging_mixin.py:188} INFO - [2024-03-21T00:19:41.415+0000] {dag.py:3047} INFO - Sync 2 DAGs
[2024-03-21T00:19:41.427+0000] {logging_mixin.py:188} INFO - [2024-03-21T00:19:41.426+0000] {dag.py:3834} INFO - Setting next_dagrun for example_xcom_args to None, run_after=None
[2024-03-21T00:19:41.430+0000] {logging_mixin.py:188} INFO - [2024-03-21T00:19:41.430+0000] {dag.py:3834} INFO - Setting next_dagrun for example_xcom_args_with_operators to None, run_after=None
[2024-03-21T00:19:41.451+0000] {processor.py:183} INFO - Processing /home/airflow/.local/lib/python3.8/site-packages/airflow/example_dags/example_xcomargs.py took 0.072 seconds
[2024-03-21T00:20:11.697+0000] {processor.py:161} INFO - Started process (PID=409) to work on /home/airflow/.local/lib/python3.8/site-packages/airflow/example_dags/example_xcomargs.py
[2024-03-21T00:20:11.698+0000] {processor.py:830} INFO - Processing file /home/airflow/.local/lib/python3.8/site-packages/airflow/example_dags/example_xcomargs.py for tasks to queue
[2024-03-21T00:20:11.700+0000] {logging_mixin.py:188} INFO - [2024-03-21T00:20:11.700+0000] {dagbag.py:540} INFO - Filling up the DagBag from /home/airflow/.local/lib/python3.8/site-packages/airflow/example_dags/example_xcomargs.py
[2024-03-21T00:20:11.708+0000] {processor.py:840} INFO - DAG(s) 'example_xcom_args', 'example_xcom_args_with_operators' retrieved from /home/airflow/.local/lib/python3.8/site-packages/airflow/example_dags/example_xcomargs.py
[2024-03-21T00:20:11.737+0000] {logging_mixin.py:188} INFO - [2024-03-21T00:20:11.737+0000] {dag.py:3047} INFO - Sync 2 DAGs
[2024-03-21T00:20:11.752+0000] {logging_mixin.py:188} INFO - [2024-03-21T00:20:11.752+0000] {dag.py:3834} INFO - Setting next_dagrun for example_xcom_args to None, run_after=None
[2024-03-21T00:20:11.756+0000] {logging_mixin.py:188} INFO - [2024-03-21T00:20:11.756+0000] {dag.py:3834} INFO - Setting next_dagrun for example_xcom_args_with_operators to None, run_after=None
[2024-03-21T00:20:11.780+0000] {processor.py:183} INFO - Processing /home/airflow/.local/lib/python3.8/site-packages/airflow/example_dags/example_xcomargs.py took 0.088 seconds
[2024-03-21T00:20:41.996+0000] {processor.py:161} INFO - Started process (PID=464) to work on /home/airflow/.local/lib/python3.8/site-packages/airflow/example_dags/example_xcomargs.py
[2024-03-21T00:20:41.997+0000] {processor.py:830} INFO - Processing file /home/airflow/.local/lib/python3.8/site-packages/airflow/example_dags/example_xcomargs.py for tasks to queue
[2024-03-21T00:20:41.998+0000] {logging_mixin.py:188} INFO - [2024-03-21T00:20:41.998+0000] {dagbag.py:540} INFO - Filling up the DagBag from /home/airflow/.local/lib/python3.8/site-packages/airflow/example_dags/example_xcomargs.py
[2024-03-21T00:20:42.006+0000] {processor.py:840} INFO - DAG(s) 'example_xcom_args_with_operators', 'example_xcom_args' retrieved from /home/airflow/.local/lib/python3.8/site-packages/airflow/example_dags/example_xcomargs.py
[2024-03-21T00:20:42.034+0000] {logging_mixin.py:188} INFO - [2024-03-21T00:20:42.033+0000] {dag.py:3047} INFO - Sync 2 DAGs
[2024-03-21T00:20:42.048+0000] {logging_mixin.py:188} INFO - [2024-03-21T00:20:42.048+0000] {dag.py:3834} INFO - Setting next_dagrun for example_xcom_args to None, run_after=None
[2024-03-21T00:20:42.053+0000] {logging_mixin.py:188} INFO - [2024-03-21T00:20:42.053+0000] {dag.py:3834} INFO - Setting next_dagrun for example_xcom_args_with_operators to None, run_after=None
[2024-03-21T00:20:42.078+0000] {processor.py:183} INFO - Processing /home/airflow/.local/lib/python3.8/site-packages/airflow/example_dags/example_xcomargs.py took 0.085 seconds
[2024-03-21T00:21:12.342+0000] {processor.py:161} INFO - Started process (PID=519) to work on /home/airflow/.local/lib/python3.8/site-packages/airflow/example_dags/example_xcomargs.py
[2024-03-21T00:21:12.344+0000] {processor.py:830} INFO - Processing file /home/airflow/.local/lib/python3.8/site-packages/airflow/example_dags/example_xcomargs.py for tasks to queue
[2024-03-21T00:21:12.345+0000] {logging_mixin.py:188} INFO - [2024-03-21T00:21:12.345+0000] {dagbag.py:540} INFO - Filling up the DagBag from /home/airflow/.local/lib/python3.8/site-packages/airflow/example_dags/example_xcomargs.py
[2024-03-21T00:21:12.354+0000] {processor.py:840} INFO - DAG(s) 'example_xcom_args_with_operators', 'example_xcom_args' retrieved from /home/airflow/.local/lib/python3.8/site-packages/airflow/example_dags/example_xcomargs.py
[2024-03-21T00:21:12.380+0000] {logging_mixin.py:188} INFO - [2024-03-21T00:21:12.380+0000] {dag.py:3047} INFO - Sync 2 DAGs
[2024-03-21T00:21:12.394+0000] {logging_mixin.py:188} INFO - [2024-03-21T00:21:12.394+0000] {dag.py:3834} INFO - Setting next_dagrun for example_xcom_args to None, run_after=None
[2024-03-21T00:21:12.398+0000] {logging_mixin.py:188} INFO - [2024-03-21T00:21:12.398+0000] {dag.py:3834} INFO - Setting next_dagrun for example_xcom_args_with_operators to None, run_after=None
[2024-03-21T00:21:12.457+0000] {processor.py:183} INFO - Processing /home/airflow/.local/lib/python3.8/site-packages/airflow/example_dags/example_xcomargs.py took 0.118 seconds
[2024-03-21T00:21:42.753+0000] {processor.py:161} INFO - Started process (PID=574) to work on /home/airflow/.local/lib/python3.8/site-packages/airflow/example_dags/example_xcomargs.py
[2024-03-21T00:21:42.754+0000] {processor.py:830} INFO - Processing file /home/airflow/.local/lib/python3.8/site-packages/airflow/example_dags/example_xcomargs.py for tasks to queue
[2024-03-21T00:21:42.757+0000] {logging_mixin.py:188} INFO - [2024-03-21T00:21:42.757+0000] {dagbag.py:540} INFO - Filling up the DagBag from /home/airflow/.local/lib/python3.8/site-packages/airflow/example_dags/example_xcomargs.py
[2024-03-21T00:21:42.770+0000] {processor.py:840} INFO - DAG(s) 'example_xcom_args', 'example_xcom_args_with_operators' retrieved from /home/airflow/.local/lib/python3.8/site-packages/airflow/example_dags/example_xcomargs.py
[2024-03-21T00:21:42.807+0000] {logging_mixin.py:188} INFO - [2024-03-21T00:21:42.806+0000] {dag.py:3047} INFO - Sync 2 DAGs
[2024-03-21T00:21:42.829+0000] {logging_mixin.py:188} INFO - [2024-03-21T00:21:42.829+0000] {dag.py:3834} INFO - Setting next_dagrun for example_xcom_args to None, run_after=None
[2024-03-21T00:21:42.835+0000] {logging_mixin.py:188} INFO - [2024-03-21T00:21:42.835+0000] {dag.py:3834} INFO - Setting next_dagrun for example_xcom_args_with_operators to None, run_after=None
[2024-03-21T00:21:42.862+0000] {processor.py:183} INFO - Processing /home/airflow/.local/lib/python3.8/site-packages/airflow/example_dags/example_xcomargs.py took 0.115 seconds
[2024-03-21T01:13:21.364+0000] {processor.py:161} INFO - Started process (PID=68) to work on /home/airflow/.local/lib/python3.8/site-packages/airflow/example_dags/example_xcomargs.py
[2024-03-21T01:13:21.366+0000] {processor.py:830} INFO - Processing file /home/airflow/.local/lib/python3.8/site-packages/airflow/example_dags/example_xcomargs.py for tasks to queue
[2024-03-21T01:13:21.369+0000] {logging_mixin.py:188} INFO - [2024-03-21T01:13:21.368+0000] {dagbag.py:540} INFO - Filling up the DagBag from /home/airflow/.local/lib/python3.8/site-packages/airflow/example_dags/example_xcomargs.py
[2024-03-21T01:13:21.384+0000] {processor.py:840} INFO - DAG(s) 'example_xcom_args_with_operators', 'example_xcom_args' retrieved from /home/airflow/.local/lib/python3.8/site-packages/airflow/example_dags/example_xcomargs.py
[2024-03-21T01:13:21.420+0000] {logging_mixin.py:188} INFO - [2024-03-21T01:13:21.420+0000] {dag.py:3047} INFO - Sync 2 DAGs
[2024-03-21T01:13:21.448+0000] {logging_mixin.py:188} INFO - [2024-03-21T01:13:21.448+0000] {dag.py:3834} INFO - Setting next_dagrun for example_xcom_args to None, run_after=None
[2024-03-21T01:13:21.465+0000] {logging_mixin.py:188} INFO - [2024-03-21T01:13:21.464+0000] {dag.py:3834} INFO - Setting next_dagrun for example_xcom_args_with_operators to None, run_after=None
[2024-03-21T01:13:21.505+0000] {processor.py:183} INFO - Processing /home/airflow/.local/lib/python3.8/site-packages/airflow/example_dags/example_xcomargs.py took 0.145 seconds
[2024-03-21T01:13:52.113+0000] {processor.py:161} INFO - Started process (PID=123) to work on /home/airflow/.local/lib/python3.8/site-packages/airflow/example_dags/example_xcomargs.py
[2024-03-21T01:13:52.114+0000] {processor.py:830} INFO - Processing file /home/airflow/.local/lib/python3.8/site-packages/airflow/example_dags/example_xcomargs.py for tasks to queue
[2024-03-21T01:13:52.116+0000] {logging_mixin.py:188} INFO - [2024-03-21T01:13:52.116+0000] {dagbag.py:540} INFO - Filling up the DagBag from /home/airflow/.local/lib/python3.8/site-packages/airflow/example_dags/example_xcomargs.py
[2024-03-21T01:13:52.124+0000] {processor.py:840} INFO - DAG(s) 'example_xcom_args_with_operators', 'example_xcom_args' retrieved from /home/airflow/.local/lib/python3.8/site-packages/airflow/example_dags/example_xcomargs.py
[2024-03-21T01:13:52.147+0000] {logging_mixin.py:188} INFO - [2024-03-21T01:13:52.147+0000] {dag.py:3047} INFO - Sync 2 DAGs
[2024-03-21T01:13:52.159+0000] {logging_mixin.py:188} INFO - [2024-03-21T01:13:52.159+0000] {dag.py:3834} INFO - Setting next_dagrun for example_xcom_args to None, run_after=None
[2024-03-21T01:13:52.163+0000] {logging_mixin.py:188} INFO - [2024-03-21T01:13:52.163+0000] {dag.py:3834} INFO - Setting next_dagrun for example_xcom_args_with_operators to None, run_after=None
[2024-03-21T01:13:52.184+0000] {processor.py:183} INFO - Processing /home/airflow/.local/lib/python3.8/site-packages/airflow/example_dags/example_xcomargs.py took 0.073 seconds
[2024-03-21T01:14:22.795+0000] {processor.py:161} INFO - Started process (PID=178) to work on /home/airflow/.local/lib/python3.8/site-packages/airflow/example_dags/example_xcomargs.py
[2024-03-21T01:14:22.797+0000] {processor.py:830} INFO - Processing file /home/airflow/.local/lib/python3.8/site-packages/airflow/example_dags/example_xcomargs.py for tasks to queue
[2024-03-21T01:14:22.802+0000] {logging_mixin.py:188} INFO - [2024-03-21T01:14:22.801+0000] {dagbag.py:540} INFO - Filling up the DagBag from /home/airflow/.local/lib/python3.8/site-packages/airflow/example_dags/example_xcomargs.py
[2024-03-21T01:14:22.816+0000] {processor.py:840} INFO - DAG(s) 'example_xcom_args_with_operators', 'example_xcom_args' retrieved from /home/airflow/.local/lib/python3.8/site-packages/airflow/example_dags/example_xcomargs.py
[2024-03-21T01:14:22.859+0000] {logging_mixin.py:188} INFO - [2024-03-21T01:14:22.858+0000] {dag.py:3047} INFO - Sync 2 DAGs
[2024-03-21T01:14:22.877+0000] {logging_mixin.py:188} INFO - [2024-03-21T01:14:22.876+0000] {dag.py:3834} INFO - Setting next_dagrun for example_xcom_args to None, run_after=None
[2024-03-21T01:14:22.881+0000] {logging_mixin.py:188} INFO - [2024-03-21T01:14:22.881+0000] {dag.py:3834} INFO - Setting next_dagrun for example_xcom_args_with_operators to None, run_after=None
[2024-03-21T01:14:22.907+0000] {processor.py:183} INFO - Processing /home/airflow/.local/lib/python3.8/site-packages/airflow/example_dags/example_xcomargs.py took 0.118 seconds
[2024-03-21T01:14:54.743+0000] {processor.py:161} INFO - Started process (PID=233) to work on /home/airflow/.local/lib/python3.8/site-packages/airflow/example_dags/example_xcomargs.py
[2024-03-21T01:14:54.745+0000] {processor.py:830} INFO - Processing file /home/airflow/.local/lib/python3.8/site-packages/airflow/example_dags/example_xcomargs.py for tasks to queue
[2024-03-21T01:14:54.749+0000] {logging_mixin.py:188} INFO - [2024-03-21T01:14:54.748+0000] {dagbag.py:540} INFO - Filling up the DagBag from /home/airflow/.local/lib/python3.8/site-packages/airflow/example_dags/example_xcomargs.py
[2024-03-21T01:14:54.771+0000] {processor.py:840} INFO - DAG(s) 'example_xcom_args_with_operators', 'example_xcom_args' retrieved from /home/airflow/.local/lib/python3.8/site-packages/airflow/example_dags/example_xcomargs.py
[2024-03-21T01:14:54.868+0000] {logging_mixin.py:188} INFO - [2024-03-21T01:14:54.868+0000] {dag.py:3047} INFO - Sync 2 DAGs
[2024-03-21T01:14:54.913+0000] {logging_mixin.py:188} INFO - [2024-03-21T01:14:54.913+0000] {dag.py:3834} INFO - Setting next_dagrun for example_xcom_args to None, run_after=None
[2024-03-21T01:14:54.922+0000] {logging_mixin.py:188} INFO - [2024-03-21T01:14:54.921+0000] {dag.py:3834} INFO - Setting next_dagrun for example_xcom_args_with_operators to None, run_after=None
[2024-03-21T01:14:54.963+0000] {processor.py:183} INFO - Processing /home/airflow/.local/lib/python3.8/site-packages/airflow/example_dags/example_xcomargs.py took 0.228 seconds
[2024-03-21T01:15:29.016+0000] {processor.py:161} INFO - Started process (PID=294) to work on /home/airflow/.local/lib/python3.8/site-packages/airflow/example_dags/example_xcomargs.py
[2024-03-21T01:15:29.018+0000] {processor.py:830} INFO - Processing file /home/airflow/.local/lib/python3.8/site-packages/airflow/example_dags/example_xcomargs.py for tasks to queue
[2024-03-21T01:15:29.033+0000] {logging_mixin.py:188} INFO - [2024-03-21T01:15:29.033+0000] {dagbag.py:540} INFO - Filling up the DagBag from /home/airflow/.local/lib/python3.8/site-packages/airflow/example_dags/example_xcomargs.py
[2024-03-21T01:15:29.112+0000] {processor.py:840} INFO - DAG(s) 'example_xcom_args_with_operators', 'example_xcom_args' retrieved from /home/airflow/.local/lib/python3.8/site-packages/airflow/example_dags/example_xcomargs.py
[2024-03-21T01:15:29.257+0000] {logging_mixin.py:188} INFO - [2024-03-21T01:15:29.256+0000] {dag.py:3047} INFO - Sync 2 DAGs
[2024-03-21T01:15:29.313+0000] {logging_mixin.py:188} INFO - [2024-03-21T01:15:29.312+0000] {dag.py:3834} INFO - Setting next_dagrun for example_xcom_args to None, run_after=None
[2024-03-21T01:15:29.332+0000] {logging_mixin.py:188} INFO - [2024-03-21T01:15:29.332+0000] {dag.py:3834} INFO - Setting next_dagrun for example_xcom_args_with_operators to None, run_after=None
[2024-03-21T01:15:29.377+0000] {processor.py:183} INFO - Processing /home/airflow/.local/lib/python3.8/site-packages/airflow/example_dags/example_xcomargs.py took 0.379 seconds
[2024-03-21T01:15:59.790+0000] {processor.py:161} INFO - Started process (PID=348) to work on /home/airflow/.local/lib/python3.8/site-packages/airflow/example_dags/example_xcomargs.py
[2024-03-21T01:15:59.791+0000] {processor.py:830} INFO - Processing file /home/airflow/.local/lib/python3.8/site-packages/airflow/example_dags/example_xcomargs.py for tasks to queue
[2024-03-21T01:15:59.793+0000] {logging_mixin.py:188} INFO - [2024-03-21T01:15:59.793+0000] {dagbag.py:540} INFO - Filling up the DagBag from /home/airflow/.local/lib/python3.8/site-packages/airflow/example_dags/example_xcomargs.py
[2024-03-21T01:15:59.800+0000] {processor.py:840} INFO - DAG(s) 'example_xcom_args', 'example_xcom_args_with_operators' retrieved from /home/airflow/.local/lib/python3.8/site-packages/airflow/example_dags/example_xcomargs.py
[2024-03-21T01:15:59.814+0000] {logging_mixin.py:188} INFO - [2024-03-21T01:15:59.813+0000] {dag.py:3047} INFO - Sync 2 DAGs
[2024-03-21T01:15:59.829+0000] {logging_mixin.py:188} INFO - [2024-03-21T01:15:59.829+0000] {dag.py:3834} INFO - Setting next_dagrun for example_xcom_args to None, run_after=None
[2024-03-21T01:15:59.832+0000] {logging_mixin.py:188} INFO - [2024-03-21T01:15:59.832+0000] {dag.py:3834} INFO - Setting next_dagrun for example_xcom_args_with_operators to None, run_after=None
[2024-03-21T01:15:59.852+0000] {processor.py:183} INFO - Processing /home/airflow/.local/lib/python3.8/site-packages/airflow/example_dags/example_xcomargs.py took 0.064 seconds
[2024-03-21T01:16:30.405+0000] {processor.py:161} INFO - Started process (PID=403) to work on /home/airflow/.local/lib/python3.8/site-packages/airflow/example_dags/example_xcomargs.py
[2024-03-21T01:16:30.407+0000] {processor.py:830} INFO - Processing file /home/airflow/.local/lib/python3.8/site-packages/airflow/example_dags/example_xcomargs.py for tasks to queue
[2024-03-21T01:16:30.409+0000] {logging_mixin.py:188} INFO - [2024-03-21T01:16:30.409+0000] {dagbag.py:540} INFO - Filling up the DagBag from /home/airflow/.local/lib/python3.8/site-packages/airflow/example_dags/example_xcomargs.py
[2024-03-21T01:16:30.425+0000] {processor.py:840} INFO - DAG(s) 'example_xcom_args_with_operators', 'example_xcom_args' retrieved from /home/airflow/.local/lib/python3.8/site-packages/airflow/example_dags/example_xcomargs.py
[2024-03-21T01:16:30.620+0000] {logging_mixin.py:188} INFO - [2024-03-21T01:16:30.620+0000] {dag.py:3047} INFO - Sync 2 DAGs
[2024-03-21T01:16:30.639+0000] {logging_mixin.py:188} INFO - [2024-03-21T01:16:30.638+0000] {dag.py:3834} INFO - Setting next_dagrun for example_xcom_args to None, run_after=None
[2024-03-21T01:16:30.645+0000] {logging_mixin.py:188} INFO - [2024-03-21T01:16:30.644+0000] {dag.py:3834} INFO - Setting next_dagrun for example_xcom_args_with_operators to None, run_after=None
[2024-03-21T01:16:30.687+0000] {processor.py:183} INFO - Processing /home/airflow/.local/lib/python3.8/site-packages/airflow/example_dags/example_xcomargs.py took 0.287 seconds
[2024-03-21T01:17:02.828+0000] {processor.py:161} INFO - Started process (PID=457) to work on /home/airflow/.local/lib/python3.8/site-packages/airflow/example_dags/example_xcomargs.py
[2024-03-21T01:17:02.830+0000] {processor.py:830} INFO - Processing file /home/airflow/.local/lib/python3.8/site-packages/airflow/example_dags/example_xcomargs.py for tasks to queue
[2024-03-21T01:17:02.833+0000] {logging_mixin.py:188} INFO - [2024-03-21T01:17:02.832+0000] {dagbag.py:540} INFO - Filling up the DagBag from /home/airflow/.local/lib/python3.8/site-packages/airflow/example_dags/example_xcomargs.py
[2024-03-21T01:17:02.847+0000] {processor.py:840} INFO - DAG(s) 'example_xcom_args', 'example_xcom_args_with_operators' retrieved from /home/airflow/.local/lib/python3.8/site-packages/airflow/example_dags/example_xcomargs.py
[2024-03-21T01:17:02.897+0000] {logging_mixin.py:188} INFO - [2024-03-21T01:17:02.896+0000] {dag.py:3047} INFO - Sync 2 DAGs
[2024-03-21T01:17:02.922+0000] {logging_mixin.py:188} INFO - [2024-03-21T01:17:02.922+0000] {dag.py:3834} INFO - Setting next_dagrun for example_xcom_args to None, run_after=None
[2024-03-21T01:17:02.942+0000] {logging_mixin.py:188} INFO - [2024-03-21T01:17:02.941+0000] {dag.py:3834} INFO - Setting next_dagrun for example_xcom_args_with_operators to None, run_after=None
[2024-03-21T01:17:03.016+0000] {processor.py:183} INFO - Processing /home/airflow/.local/lib/python3.8/site-packages/airflow/example_dags/example_xcomargs.py took 0.194 seconds
[2024-03-21T01:17:33.158+0000] {processor.py:161} INFO - Started process (PID=512) to work on /home/airflow/.local/lib/python3.8/site-packages/airflow/example_dags/example_xcomargs.py
[2024-03-21T01:17:33.160+0000] {processor.py:830} INFO - Processing file /home/airflow/.local/lib/python3.8/site-packages/airflow/example_dags/example_xcomargs.py for tasks to queue
[2024-03-21T01:17:33.162+0000] {logging_mixin.py:188} INFO - [2024-03-21T01:17:33.162+0000] {dagbag.py:540} INFO - Filling up the DagBag from /home/airflow/.local/lib/python3.8/site-packages/airflow/example_dags/example_xcomargs.py
[2024-03-21T01:17:33.171+0000] {processor.py:840} INFO - DAG(s) 'example_xcom_args_with_operators', 'example_xcom_args' retrieved from /home/airflow/.local/lib/python3.8/site-packages/airflow/example_dags/example_xcomargs.py
[2024-03-21T01:17:33.199+0000] {logging_mixin.py:188} INFO - [2024-03-21T01:17:33.199+0000] {dag.py:3047} INFO - Sync 2 DAGs
[2024-03-21T01:17:33.215+0000] {logging_mixin.py:188} INFO - [2024-03-21T01:17:33.215+0000] {dag.py:3834} INFO - Setting next_dagrun for example_xcom_args to None, run_after=None
[2024-03-21T01:17:33.221+0000] {logging_mixin.py:188} INFO - [2024-03-21T01:17:33.220+0000] {dag.py:3834} INFO - Setting next_dagrun for example_xcom_args_with_operators to None, run_after=None
[2024-03-21T01:17:33.244+0000] {processor.py:183} INFO - Processing /home/airflow/.local/lib/python3.8/site-packages/airflow/example_dags/example_xcomargs.py took 0.089 seconds
[2024-03-21T01:18:04.294+0000] {processor.py:161} INFO - Started process (PID=567) to work on /home/airflow/.local/lib/python3.8/site-packages/airflow/example_dags/example_xcomargs.py
[2024-03-21T01:18:04.296+0000] {processor.py:830} INFO - Processing file /home/airflow/.local/lib/python3.8/site-packages/airflow/example_dags/example_xcomargs.py for tasks to queue
[2024-03-21T01:18:04.300+0000] {logging_mixin.py:188} INFO - [2024-03-21T01:18:04.299+0000] {dagbag.py:540} INFO - Filling up the DagBag from /home/airflow/.local/lib/python3.8/site-packages/airflow/example_dags/example_xcomargs.py
[2024-03-21T01:18:04.317+0000] {processor.py:840} INFO - DAG(s) 'example_xcom_args', 'example_xcom_args_with_operators' retrieved from /home/airflow/.local/lib/python3.8/site-packages/airflow/example_dags/example_xcomargs.py
[2024-03-21T01:18:04.386+0000] {logging_mixin.py:188} INFO - [2024-03-21T01:18:04.386+0000] {dag.py:3047} INFO - Sync 2 DAGs
[2024-03-21T01:18:04.408+0000] {logging_mixin.py:188} INFO - [2024-03-21T01:18:04.408+0000] {dag.py:3834} INFO - Setting next_dagrun for example_xcom_args to None, run_after=None
[2024-03-21T01:18:04.418+0000] {logging_mixin.py:188} INFO - [2024-03-21T01:18:04.417+0000] {dag.py:3834} INFO - Setting next_dagrun for example_xcom_args_with_operators to None, run_after=None
[2024-03-21T01:18:04.462+0000] {processor.py:183} INFO - Processing /home/airflow/.local/lib/python3.8/site-packages/airflow/example_dags/example_xcomargs.py took 0.173 seconds
[2024-03-21T01:18:34.769+0000] {processor.py:161} INFO - Started process (PID=622) to work on /home/airflow/.local/lib/python3.8/site-packages/airflow/example_dags/example_xcomargs.py
[2024-03-21T01:18:34.770+0000] {processor.py:830} INFO - Processing file /home/airflow/.local/lib/python3.8/site-packages/airflow/example_dags/example_xcomargs.py for tasks to queue
[2024-03-21T01:18:34.772+0000] {logging_mixin.py:188} INFO - [2024-03-21T01:18:34.772+0000] {dagbag.py:540} INFO - Filling up the DagBag from /home/airflow/.local/lib/python3.8/site-packages/airflow/example_dags/example_xcomargs.py
[2024-03-21T01:18:34.781+0000] {processor.py:840} INFO - DAG(s) 'example_xcom_args_with_operators', 'example_xcom_args' retrieved from /home/airflow/.local/lib/python3.8/site-packages/airflow/example_dags/example_xcomargs.py
[2024-03-21T01:18:34.812+0000] {logging_mixin.py:188} INFO - [2024-03-21T01:18:34.812+0000] {dag.py:3047} INFO - Sync 2 DAGs
[2024-03-21T01:18:34.830+0000] {logging_mixin.py:188} INFO - [2024-03-21T01:18:34.830+0000] {dag.py:3834} INFO - Setting next_dagrun for example_xcom_args to None, run_after=None
[2024-03-21T01:18:34.836+0000] {logging_mixin.py:188} INFO - [2024-03-21T01:18:34.835+0000] {dag.py:3834} INFO - Setting next_dagrun for example_xcom_args_with_operators to None, run_after=None
[2024-03-21T01:18:34.863+0000] {processor.py:183} INFO - Processing /home/airflow/.local/lib/python3.8/site-packages/airflow/example_dags/example_xcomargs.py took 0.098 seconds
[2024-03-21T01:19:06.475+0000] {processor.py:161} INFO - Started process (PID=677) to work on /home/airflow/.local/lib/python3.8/site-packages/airflow/example_dags/example_xcomargs.py
[2024-03-21T01:19:06.477+0000] {processor.py:830} INFO - Processing file /home/airflow/.local/lib/python3.8/site-packages/airflow/example_dags/example_xcomargs.py for tasks to queue
[2024-03-21T01:19:06.481+0000] {logging_mixin.py:188} INFO - [2024-03-21T01:19:06.480+0000] {dagbag.py:540} INFO - Filling up the DagBag from /home/airflow/.local/lib/python3.8/site-packages/airflow/example_dags/example_xcomargs.py
[2024-03-21T01:19:06.496+0000] {processor.py:840} INFO - DAG(s) 'example_xcom_args', 'example_xcom_args_with_operators' retrieved from /home/airflow/.local/lib/python3.8/site-packages/airflow/example_dags/example_xcomargs.py
[2024-03-21T01:19:06.541+0000] {logging_mixin.py:188} INFO - [2024-03-21T01:19:06.540+0000] {dag.py:3047} INFO - Sync 2 DAGs
[2024-03-21T01:19:06.572+0000] {logging_mixin.py:188} INFO - [2024-03-21T01:19:06.572+0000] {dag.py:3834} INFO - Setting next_dagrun for example_xcom_args to None, run_after=None
[2024-03-21T01:19:06.582+0000] {logging_mixin.py:188} INFO - [2024-03-21T01:19:06.581+0000] {dag.py:3834} INFO - Setting next_dagrun for example_xcom_args_with_operators to None, run_after=None
[2024-03-21T01:19:06.634+0000] {processor.py:183} INFO - Processing /home/airflow/.local/lib/python3.8/site-packages/airflow/example_dags/example_xcomargs.py took 0.165 seconds
[2024-03-21T01:19:37.138+0000] {processor.py:161} INFO - Started process (PID=733) to work on /home/airflow/.local/lib/python3.8/site-packages/airflow/example_dags/example_xcomargs.py
[2024-03-21T01:19:37.140+0000] {processor.py:830} INFO - Processing file /home/airflow/.local/lib/python3.8/site-packages/airflow/example_dags/example_xcomargs.py for tasks to queue
[2024-03-21T01:19:37.144+0000] {logging_mixin.py:188} INFO - [2024-03-21T01:19:37.143+0000] {dagbag.py:540} INFO - Filling up the DagBag from /home/airflow/.local/lib/python3.8/site-packages/airflow/example_dags/example_xcomargs.py
[2024-03-21T01:19:37.164+0000] {processor.py:840} INFO - DAG(s) 'example_xcom_args_with_operators', 'example_xcom_args' retrieved from /home/airflow/.local/lib/python3.8/site-packages/airflow/example_dags/example_xcomargs.py
[2024-03-21T01:19:37.208+0000] {logging_mixin.py:188} INFO - [2024-03-21T01:19:37.207+0000] {dag.py:3047} INFO - Sync 2 DAGs
[2024-03-21T01:19:37.231+0000] {logging_mixin.py:188} INFO - [2024-03-21T01:19:37.230+0000] {dag.py:3834} INFO - Setting next_dagrun for example_xcom_args to None, run_after=None
[2024-03-21T01:19:37.239+0000] {logging_mixin.py:188} INFO - [2024-03-21T01:19:37.239+0000] {dag.py:3834} INFO - Setting next_dagrun for example_xcom_args_with_operators to None, run_after=None
[2024-03-21T01:19:37.271+0000] {processor.py:183} INFO - Processing /home/airflow/.local/lib/python3.8/site-packages/airflow/example_dags/example_xcomargs.py took 0.139 seconds
[2024-03-21T01:20:07.907+0000] {processor.py:161} INFO - Started process (PID=788) to work on /home/airflow/.local/lib/python3.8/site-packages/airflow/example_dags/example_xcomargs.py
[2024-03-21T01:20:07.909+0000] {processor.py:830} INFO - Processing file /home/airflow/.local/lib/python3.8/site-packages/airflow/example_dags/example_xcomargs.py for tasks to queue
[2024-03-21T01:20:07.912+0000] {logging_mixin.py:188} INFO - [2024-03-21T01:20:07.912+0000] {dagbag.py:540} INFO - Filling up the DagBag from /home/airflow/.local/lib/python3.8/site-packages/airflow/example_dags/example_xcomargs.py
[2024-03-21T01:20:07.937+0000] {processor.py:840} INFO - DAG(s) 'example_xcom_args', 'example_xcom_args_with_operators' retrieved from /home/airflow/.local/lib/python3.8/site-packages/airflow/example_dags/example_xcomargs.py
[2024-03-21T01:20:08.039+0000] {logging_mixin.py:188} INFO - [2024-03-21T01:20:08.039+0000] {dag.py:3047} INFO - Sync 2 DAGs
[2024-03-21T01:20:08.067+0000] {logging_mixin.py:188} INFO - [2024-03-21T01:20:08.067+0000] {dag.py:3834} INFO - Setting next_dagrun for example_xcom_args to None, run_after=None
[2024-03-21T01:20:08.074+0000] {logging_mixin.py:188} INFO - [2024-03-21T01:20:08.074+0000] {dag.py:3834} INFO - Setting next_dagrun for example_xcom_args_with_operators to None, run_after=None
[2024-03-21T01:20:08.111+0000] {processor.py:183} INFO - Processing /home/airflow/.local/lib/python3.8/site-packages/airflow/example_dags/example_xcomargs.py took 0.213 seconds
[2024-03-21T01:20:38.165+0000] {processor.py:161} INFO - Started process (PID=843) to work on /home/airflow/.local/lib/python3.8/site-packages/airflow/example_dags/example_xcomargs.py
[2024-03-21T01:20:38.166+0000] {processor.py:830} INFO - Processing file /home/airflow/.local/lib/python3.8/site-packages/airflow/example_dags/example_xcomargs.py for tasks to queue
[2024-03-21T01:20:38.168+0000] {logging_mixin.py:188} INFO - [2024-03-21T01:20:38.168+0000] {dagbag.py:540} INFO - Filling up the DagBag from /home/airflow/.local/lib/python3.8/site-packages/airflow/example_dags/example_xcomargs.py
[2024-03-21T01:20:38.177+0000] {processor.py:840} INFO - DAG(s) 'example_xcom_args_with_operators', 'example_xcom_args' retrieved from /home/airflow/.local/lib/python3.8/site-packages/airflow/example_dags/example_xcomargs.py
[2024-03-21T01:20:38.207+0000] {logging_mixin.py:188} INFO - [2024-03-21T01:20:38.207+0000] {dag.py:3047} INFO - Sync 2 DAGs
[2024-03-21T01:20:38.222+0000] {logging_mixin.py:188} INFO - [2024-03-21T01:20:38.222+0000] {dag.py:3834} INFO - Setting next_dagrun for example_xcom_args to None, run_after=None
[2024-03-21T01:20:38.226+0000] {logging_mixin.py:188} INFO - [2024-03-21T01:20:38.226+0000] {dag.py:3834} INFO - Setting next_dagrun for example_xcom_args_with_operators to None, run_after=None
[2024-03-21T01:20:38.249+0000] {processor.py:183} INFO - Processing /home/airflow/.local/lib/python3.8/site-packages/airflow/example_dags/example_xcomargs.py took 0.088 seconds
[2024-03-21T01:21:09.062+0000] {processor.py:161} INFO - Started process (PID=897) to work on /home/airflow/.local/lib/python3.8/site-packages/airflow/example_dags/example_xcomargs.py
[2024-03-21T01:21:09.064+0000] {processor.py:830} INFO - Processing file /home/airflow/.local/lib/python3.8/site-packages/airflow/example_dags/example_xcomargs.py for tasks to queue
[2024-03-21T01:21:09.067+0000] {logging_mixin.py:188} INFO - [2024-03-21T01:21:09.066+0000] {dagbag.py:540} INFO - Filling up the DagBag from /home/airflow/.local/lib/python3.8/site-packages/airflow/example_dags/example_xcomargs.py
[2024-03-21T01:21:09.080+0000] {processor.py:840} INFO - DAG(s) 'example_xcom_args', 'example_xcom_args_with_operators' retrieved from /home/airflow/.local/lib/python3.8/site-packages/airflow/example_dags/example_xcomargs.py
[2024-03-21T01:21:09.120+0000] {logging_mixin.py:188} INFO - [2024-03-21T01:21:09.119+0000] {dag.py:3047} INFO - Sync 2 DAGs
[2024-03-21T01:21:09.146+0000] {logging_mixin.py:188} INFO - [2024-03-21T01:21:09.145+0000] {dag.py:3834} INFO - Setting next_dagrun for example_xcom_args to None, run_after=None
[2024-03-21T01:21:09.153+0000] {logging_mixin.py:188} INFO - [2024-03-21T01:21:09.153+0000] {dag.py:3834} INFO - Setting next_dagrun for example_xcom_args_with_operators to None, run_after=None
[2024-03-21T01:21:09.191+0000] {processor.py:183} INFO - Processing /home/airflow/.local/lib/python3.8/site-packages/airflow/example_dags/example_xcomargs.py took 0.136 seconds
[2024-03-21T01:21:40.411+0000] {processor.py:161} INFO - Started process (PID=952) to work on /home/airflow/.local/lib/python3.8/site-packages/airflow/example_dags/example_xcomargs.py
[2024-03-21T01:21:40.413+0000] {processor.py:830} INFO - Processing file /home/airflow/.local/lib/python3.8/site-packages/airflow/example_dags/example_xcomargs.py for tasks to queue
[2024-03-21T01:21:40.416+0000] {logging_mixin.py:188} INFO - [2024-03-21T01:21:40.416+0000] {dagbag.py:540} INFO - Filling up the DagBag from /home/airflow/.local/lib/python3.8/site-packages/airflow/example_dags/example_xcomargs.py
[2024-03-21T01:21:40.438+0000] {processor.py:840} INFO - DAG(s) 'example_xcom_args_with_operators', 'example_xcom_args' retrieved from /home/airflow/.local/lib/python3.8/site-packages/airflow/example_dags/example_xcomargs.py
[2024-03-21T01:21:40.492+0000] {logging_mixin.py:188} INFO - [2024-03-21T01:21:40.491+0000] {dag.py:3047} INFO - Sync 2 DAGs
[2024-03-21T01:21:40.510+0000] {logging_mixin.py:188} INFO - [2024-03-21T01:21:40.510+0000] {dag.py:3834} INFO - Setting next_dagrun for example_xcom_args to None, run_after=None
[2024-03-21T01:21:40.536+0000] {logging_mixin.py:188} INFO - [2024-03-21T01:21:40.536+0000] {dag.py:3834} INFO - Setting next_dagrun for example_xcom_args_with_operators to None, run_after=None
[2024-03-21T01:21:40.576+0000] {processor.py:183} INFO - Processing /home/airflow/.local/lib/python3.8/site-packages/airflow/example_dags/example_xcomargs.py took 0.173 seconds
[2024-03-21T01:22:11.357+0000] {processor.py:161} INFO - Started process (PID=1008) to work on /home/airflow/.local/lib/python3.8/site-packages/airflow/example_dags/example_xcomargs.py
[2024-03-21T01:22:11.358+0000] {processor.py:830} INFO - Processing file /home/airflow/.local/lib/python3.8/site-packages/airflow/example_dags/example_xcomargs.py for tasks to queue
[2024-03-21T01:22:11.361+0000] {logging_mixin.py:188} INFO - [2024-03-21T01:22:11.360+0000] {dagbag.py:540} INFO - Filling up the DagBag from /home/airflow/.local/lib/python3.8/site-packages/airflow/example_dags/example_xcomargs.py
[2024-03-21T01:22:11.370+0000] {processor.py:840} INFO - DAG(s) 'example_xcom_args_with_operators', 'example_xcom_args' retrieved from /home/airflow/.local/lib/python3.8/site-packages/airflow/example_dags/example_xcomargs.py
[2024-03-21T01:22:11.407+0000] {logging_mixin.py:188} INFO - [2024-03-21T01:22:11.407+0000] {dag.py:3047} INFO - Sync 2 DAGs
[2024-03-21T01:22:11.425+0000] {logging_mixin.py:188} INFO - [2024-03-21T01:22:11.424+0000] {dag.py:3834} INFO - Setting next_dagrun for example_xcom_args to None, run_after=None
[2024-03-21T01:22:11.430+0000] {logging_mixin.py:188} INFO - [2024-03-21T01:22:11.429+0000] {dag.py:3834} INFO - Setting next_dagrun for example_xcom_args_with_operators to None, run_after=None
[2024-03-21T01:22:11.458+0000] {processor.py:183} INFO - Processing /home/airflow/.local/lib/python3.8/site-packages/airflow/example_dags/example_xcomargs.py took 0.105 seconds
[2024-03-21T01:22:42.148+0000] {processor.py:161} INFO - Started process (PID=1063) to work on /home/airflow/.local/lib/python3.8/site-packages/airflow/example_dags/example_xcomargs.py
[2024-03-21T01:22:42.150+0000] {processor.py:830} INFO - Processing file /home/airflow/.local/lib/python3.8/site-packages/airflow/example_dags/example_xcomargs.py for tasks to queue
[2024-03-21T01:22:42.152+0000] {logging_mixin.py:188} INFO - [2024-03-21T01:22:42.152+0000] {dagbag.py:540} INFO - Filling up the DagBag from /home/airflow/.local/lib/python3.8/site-packages/airflow/example_dags/example_xcomargs.py
[2024-03-21T01:22:42.162+0000] {processor.py:840} INFO - DAG(s) 'example_xcom_args_with_operators', 'example_xcom_args' retrieved from /home/airflow/.local/lib/python3.8/site-packages/airflow/example_dags/example_xcomargs.py
[2024-03-21T01:22:42.195+0000] {logging_mixin.py:188} INFO - [2024-03-21T01:22:42.195+0000] {dag.py:3047} INFO - Sync 2 DAGs
[2024-03-21T01:22:42.210+0000] {logging_mixin.py:188} INFO - [2024-03-21T01:22:42.210+0000] {dag.py:3834} INFO - Setting next_dagrun for example_xcom_args to None, run_after=None
[2024-03-21T01:22:42.214+0000] {logging_mixin.py:188} INFO - [2024-03-21T01:22:42.214+0000] {dag.py:3834} INFO - Setting next_dagrun for example_xcom_args_with_operators to None, run_after=None
[2024-03-21T01:22:42.235+0000] {processor.py:183} INFO - Processing /home/airflow/.local/lib/python3.8/site-packages/airflow/example_dags/example_xcomargs.py took 0.091 seconds
[2024-03-21T01:23:12.325+0000] {processor.py:161} INFO - Started process (PID=1118) to work on /home/airflow/.local/lib/python3.8/site-packages/airflow/example_dags/example_xcomargs.py
[2024-03-21T01:23:12.326+0000] {processor.py:830} INFO - Processing file /home/airflow/.local/lib/python3.8/site-packages/airflow/example_dags/example_xcomargs.py for tasks to queue
[2024-03-21T01:23:12.328+0000] {logging_mixin.py:188} INFO - [2024-03-21T01:23:12.328+0000] {dagbag.py:540} INFO - Filling up the DagBag from /home/airflow/.local/lib/python3.8/site-packages/airflow/example_dags/example_xcomargs.py
[2024-03-21T01:23:12.337+0000] {processor.py:840} INFO - DAG(s) 'example_xcom_args', 'example_xcom_args_with_operators' retrieved from /home/airflow/.local/lib/python3.8/site-packages/airflow/example_dags/example_xcomargs.py
[2024-03-21T01:23:12.365+0000] {logging_mixin.py:188} INFO - [2024-03-21T01:23:12.364+0000] {dag.py:3047} INFO - Sync 2 DAGs
[2024-03-21T01:23:12.380+0000] {logging_mixin.py:188} INFO - [2024-03-21T01:23:12.379+0000] {dag.py:3834} INFO - Setting next_dagrun for example_xcom_args to None, run_after=None
[2024-03-21T01:23:12.386+0000] {logging_mixin.py:188} INFO - [2024-03-21T01:23:12.385+0000] {dag.py:3834} INFO - Setting next_dagrun for example_xcom_args_with_operators to None, run_after=None
[2024-03-21T01:23:12.408+0000] {processor.py:183} INFO - Processing /home/airflow/.local/lib/python3.8/site-packages/airflow/example_dags/example_xcomargs.py took 0.086 seconds
[2024-03-21T01:23:42.477+0000] {processor.py:161} INFO - Started process (PID=1172) to work on /home/airflow/.local/lib/python3.8/site-packages/airflow/example_dags/example_xcomargs.py
[2024-03-21T01:23:42.478+0000] {processor.py:830} INFO - Processing file /home/airflow/.local/lib/python3.8/site-packages/airflow/example_dags/example_xcomargs.py for tasks to queue
[2024-03-21T01:23:42.482+0000] {logging_mixin.py:188} INFO - [2024-03-21T01:23:42.481+0000] {dagbag.py:540} INFO - Filling up the DagBag from /home/airflow/.local/lib/python3.8/site-packages/airflow/example_dags/example_xcomargs.py
[2024-03-21T01:23:42.496+0000] {processor.py:840} INFO - DAG(s) 'example_xcom_args_with_operators', 'example_xcom_args' retrieved from /home/airflow/.local/lib/python3.8/site-packages/airflow/example_dags/example_xcomargs.py
[2024-03-21T01:23:42.534+0000] {logging_mixin.py:188} INFO - [2024-03-21T01:23:42.534+0000] {dag.py:3047} INFO - Sync 2 DAGs
[2024-03-21T01:23:42.555+0000] {logging_mixin.py:188} INFO - [2024-03-21T01:23:42.554+0000] {dag.py:3834} INFO - Setting next_dagrun for example_xcom_args to None, run_after=None
[2024-03-21T01:23:42.561+0000] {logging_mixin.py:188} INFO - [2024-03-21T01:23:42.561+0000] {dag.py:3834} INFO - Setting next_dagrun for example_xcom_args_with_operators to None, run_after=None
[2024-03-21T01:23:42.589+0000] {processor.py:183} INFO - Processing /home/airflow/.local/lib/python3.8/site-packages/airflow/example_dags/example_xcomargs.py took 0.117 seconds
[2024-03-21T01:24:13.025+0000] {processor.py:161} INFO - Started process (PID=1227) to work on /home/airflow/.local/lib/python3.8/site-packages/airflow/example_dags/example_xcomargs.py
[2024-03-21T01:24:13.026+0000] {processor.py:830} INFO - Processing file /home/airflow/.local/lib/python3.8/site-packages/airflow/example_dags/example_xcomargs.py for tasks to queue
[2024-03-21T01:24:13.028+0000] {logging_mixin.py:188} INFO - [2024-03-21T01:24:13.028+0000] {dagbag.py:540} INFO - Filling up the DagBag from /home/airflow/.local/lib/python3.8/site-packages/airflow/example_dags/example_xcomargs.py
[2024-03-21T01:24:13.038+0000] {processor.py:840} INFO - DAG(s) 'example_xcom_args', 'example_xcom_args_with_operators' retrieved from /home/airflow/.local/lib/python3.8/site-packages/airflow/example_dags/example_xcomargs.py
[2024-03-21T01:24:13.072+0000] {logging_mixin.py:188} INFO - [2024-03-21T01:24:13.071+0000] {dag.py:3047} INFO - Sync 2 DAGs
[2024-03-21T01:24:13.088+0000] {logging_mixin.py:188} INFO - [2024-03-21T01:24:13.088+0000] {dag.py:3834} INFO - Setting next_dagrun for example_xcom_args to None, run_after=None
[2024-03-21T01:24:13.093+0000] {logging_mixin.py:188} INFO - [2024-03-21T01:24:13.093+0000] {dag.py:3834} INFO - Setting next_dagrun for example_xcom_args_with_operators to None, run_after=None
[2024-03-21T01:24:13.117+0000] {processor.py:183} INFO - Processing /home/airflow/.local/lib/python3.8/site-packages/airflow/example_dags/example_xcomargs.py took 0.096 seconds
[2024-03-21T01:24:43.921+0000] {processor.py:161} INFO - Started process (PID=1282) to work on /home/airflow/.local/lib/python3.8/site-packages/airflow/example_dags/example_xcomargs.py
[2024-03-21T01:24:43.923+0000] {processor.py:830} INFO - Processing file /home/airflow/.local/lib/python3.8/site-packages/airflow/example_dags/example_xcomargs.py for tasks to queue
[2024-03-21T01:24:43.924+0000] {logging_mixin.py:188} INFO - [2024-03-21T01:24:43.924+0000] {dagbag.py:540} INFO - Filling up the DagBag from /home/airflow/.local/lib/python3.8/site-packages/airflow/example_dags/example_xcomargs.py
[2024-03-21T01:24:43.933+0000] {processor.py:840} INFO - DAG(s) 'example_xcom_args_with_operators', 'example_xcom_args' retrieved from /home/airflow/.local/lib/python3.8/site-packages/airflow/example_dags/example_xcomargs.py
[2024-03-21T01:24:43.959+0000] {logging_mixin.py:188} INFO - [2024-03-21T01:24:43.959+0000] {dag.py:3047} INFO - Sync 2 DAGs
[2024-03-21T01:24:43.973+0000] {logging_mixin.py:188} INFO - [2024-03-21T01:24:43.972+0000] {dag.py:3834} INFO - Setting next_dagrun for example_xcom_args to None, run_after=None
[2024-03-21T01:24:43.977+0000] {logging_mixin.py:188} INFO - [2024-03-21T01:24:43.976+0000] {dag.py:3834} INFO - Setting next_dagrun for example_xcom_args_with_operators to None, run_after=None
[2024-03-21T01:24:44.000+0000] {processor.py:183} INFO - Processing /home/airflow/.local/lib/python3.8/site-packages/airflow/example_dags/example_xcomargs.py took 0.082 seconds
[2024-03-21T01:25:14.122+0000] {processor.py:161} INFO - Started process (PID=1337) to work on /home/airflow/.local/lib/python3.8/site-packages/airflow/example_dags/example_xcomargs.py
[2024-03-21T01:25:14.124+0000] {processor.py:830} INFO - Processing file /home/airflow/.local/lib/python3.8/site-packages/airflow/example_dags/example_xcomargs.py for tasks to queue
[2024-03-21T01:25:14.126+0000] {logging_mixin.py:188} INFO - [2024-03-21T01:25:14.126+0000] {dagbag.py:540} INFO - Filling up the DagBag from /home/airflow/.local/lib/python3.8/site-packages/airflow/example_dags/example_xcomargs.py
[2024-03-21T01:25:14.142+0000] {processor.py:840} INFO - DAG(s) 'example_xcom_args_with_operators', 'example_xcom_args' retrieved from /home/airflow/.local/lib/python3.8/site-packages/airflow/example_dags/example_xcomargs.py
[2024-03-21T01:25:14.177+0000] {logging_mixin.py:188} INFO - [2024-03-21T01:25:14.177+0000] {dag.py:3047} INFO - Sync 2 DAGs
[2024-03-21T01:25:14.198+0000] {logging_mixin.py:188} INFO - [2024-03-21T01:25:14.197+0000] {dag.py:3834} INFO - Setting next_dagrun for example_xcom_args to None, run_after=None
[2024-03-21T01:25:14.203+0000] {logging_mixin.py:188} INFO - [2024-03-21T01:25:14.203+0000] {dag.py:3834} INFO - Setting next_dagrun for example_xcom_args_with_operators to None, run_after=None
[2024-03-21T01:25:14.236+0000] {processor.py:183} INFO - Processing /home/airflow/.local/lib/python3.8/site-packages/airflow/example_dags/example_xcomargs.py took 0.121 seconds
[2024-03-21T01:25:44.637+0000] {processor.py:161} INFO - Started process (PID=1392) to work on /home/airflow/.local/lib/python3.8/site-packages/airflow/example_dags/example_xcomargs.py
[2024-03-21T01:25:44.639+0000] {processor.py:830} INFO - Processing file /home/airflow/.local/lib/python3.8/site-packages/airflow/example_dags/example_xcomargs.py for tasks to queue
[2024-03-21T01:25:44.641+0000] {logging_mixin.py:188} INFO - [2024-03-21T01:25:44.640+0000] {dagbag.py:540} INFO - Filling up the DagBag from /home/airflow/.local/lib/python3.8/site-packages/airflow/example_dags/example_xcomargs.py
[2024-03-21T01:25:44.650+0000] {processor.py:840} INFO - DAG(s) 'example_xcom_args', 'example_xcom_args_with_operators' retrieved from /home/airflow/.local/lib/python3.8/site-packages/airflow/example_dags/example_xcomargs.py
[2024-03-21T01:25:44.680+0000] {logging_mixin.py:188} INFO - [2024-03-21T01:25:44.680+0000] {dag.py:3047} INFO - Sync 2 DAGs
[2024-03-21T01:25:44.696+0000] {logging_mixin.py:188} INFO - [2024-03-21T01:25:44.695+0000] {dag.py:3834} INFO - Setting next_dagrun for example_xcom_args to None, run_after=None
[2024-03-21T01:25:44.700+0000] {logging_mixin.py:188} INFO - [2024-03-21T01:25:44.700+0000] {dag.py:3834} INFO - Setting next_dagrun for example_xcom_args_with_operators to None, run_after=None
[2024-03-21T01:25:44.728+0000] {processor.py:183} INFO - Processing /home/airflow/.local/lib/python3.8/site-packages/airflow/example_dags/example_xcomargs.py took 0.094 seconds
[2024-03-21T01:26:15.518+0000] {processor.py:161} INFO - Started process (PID=1447) to work on /home/airflow/.local/lib/python3.8/site-packages/airflow/example_dags/example_xcomargs.py
[2024-03-21T01:26:15.519+0000] {processor.py:830} INFO - Processing file /home/airflow/.local/lib/python3.8/site-packages/airflow/example_dags/example_xcomargs.py for tasks to queue
[2024-03-21T01:26:15.522+0000] {logging_mixin.py:188} INFO - [2024-03-21T01:26:15.522+0000] {dagbag.py:540} INFO - Filling up the DagBag from /home/airflow/.local/lib/python3.8/site-packages/airflow/example_dags/example_xcomargs.py
[2024-03-21T01:26:15.533+0000] {processor.py:840} INFO - DAG(s) 'example_xcom_args_with_operators', 'example_xcom_args' retrieved from /home/airflow/.local/lib/python3.8/site-packages/airflow/example_dags/example_xcomargs.py
[2024-03-21T01:26:15.575+0000] {logging_mixin.py:188} INFO - [2024-03-21T01:26:15.574+0000] {dag.py:3047} INFO - Sync 2 DAGs
[2024-03-21T01:26:15.605+0000] {logging_mixin.py:188} INFO - [2024-03-21T01:26:15.604+0000] {dag.py:3834} INFO - Setting next_dagrun for example_xcom_args to None, run_after=None
[2024-03-21T01:26:15.610+0000] {logging_mixin.py:188} INFO - [2024-03-21T01:26:15.610+0000] {dag.py:3834} INFO - Setting next_dagrun for example_xcom_args_with_operators to None, run_after=None
[2024-03-21T01:26:15.646+0000] {processor.py:183} INFO - Processing /home/airflow/.local/lib/python3.8/site-packages/airflow/example_dags/example_xcomargs.py took 0.134 seconds
[2024-03-21T01:26:45.847+0000] {processor.py:161} INFO - Started process (PID=1502) to work on /home/airflow/.local/lib/python3.8/site-packages/airflow/example_dags/example_xcomargs.py
[2024-03-21T01:26:45.850+0000] {processor.py:830} INFO - Processing file /home/airflow/.local/lib/python3.8/site-packages/airflow/example_dags/example_xcomargs.py for tasks to queue
[2024-03-21T01:26:45.853+0000] {logging_mixin.py:188} INFO - [2024-03-21T01:26:45.852+0000] {dagbag.py:540} INFO - Filling up the DagBag from /home/airflow/.local/lib/python3.8/site-packages/airflow/example_dags/example_xcomargs.py
[2024-03-21T01:26:45.870+0000] {processor.py:840} INFO - DAG(s) 'example_xcom_args', 'example_xcom_args_with_operators' retrieved from /home/airflow/.local/lib/python3.8/site-packages/airflow/example_dags/example_xcomargs.py
[2024-03-21T01:26:45.907+0000] {logging_mixin.py:188} INFO - [2024-03-21T01:26:45.907+0000] {dag.py:3047} INFO - Sync 2 DAGs
[2024-03-21T01:26:45.931+0000] {logging_mixin.py:188} INFO - [2024-03-21T01:26:45.931+0000] {dag.py:3834} INFO - Setting next_dagrun for example_xcom_args to None, run_after=None
[2024-03-21T01:26:45.940+0000] {logging_mixin.py:188} INFO - [2024-03-21T01:26:45.940+0000] {dag.py:3834} INFO - Setting next_dagrun for example_xcom_args_with_operators to None, run_after=None
[2024-03-21T01:26:45.972+0000] {processor.py:183} INFO - Processing /home/airflow/.local/lib/python3.8/site-packages/airflow/example_dags/example_xcomargs.py took 0.131 seconds
[2024-03-21T01:27:16.561+0000] {processor.py:161} INFO - Started process (PID=1557) to work on /home/airflow/.local/lib/python3.8/site-packages/airflow/example_dags/example_xcomargs.py
[2024-03-21T01:27:16.563+0000] {processor.py:830} INFO - Processing file /home/airflow/.local/lib/python3.8/site-packages/airflow/example_dags/example_xcomargs.py for tasks to queue
[2024-03-21T01:27:16.570+0000] {logging_mixin.py:188} INFO - [2024-03-21T01:27:16.569+0000] {dagbag.py:540} INFO - Filling up the DagBag from /home/airflow/.local/lib/python3.8/site-packages/airflow/example_dags/example_xcomargs.py
[2024-03-21T01:27:16.583+0000] {processor.py:840} INFO - DAG(s) 'example_xcom_args', 'example_xcom_args_with_operators' retrieved from /home/airflow/.local/lib/python3.8/site-packages/airflow/example_dags/example_xcomargs.py
[2024-03-21T01:27:16.627+0000] {logging_mixin.py:188} INFO - [2024-03-21T01:27:16.627+0000] {dag.py:3047} INFO - Sync 2 DAGs
[2024-03-21T01:27:16.645+0000] {logging_mixin.py:188} INFO - [2024-03-21T01:27:16.645+0000] {dag.py:3834} INFO - Setting next_dagrun for example_xcom_args to None, run_after=None
[2024-03-21T01:27:16.650+0000] {logging_mixin.py:188} INFO - [2024-03-21T01:27:16.650+0000] {dag.py:3834} INFO - Setting next_dagrun for example_xcom_args_with_operators to None, run_after=None
[2024-03-21T01:27:16.676+0000] {processor.py:183} INFO - Processing /home/airflow/.local/lib/python3.8/site-packages/airflow/example_dags/example_xcomargs.py took 0.120 seconds
[2024-03-21T01:27:46.897+0000] {processor.py:161} INFO - Started process (PID=1612) to work on /home/airflow/.local/lib/python3.8/site-packages/airflow/example_dags/example_xcomargs.py
[2024-03-21T01:27:46.899+0000] {processor.py:830} INFO - Processing file /home/airflow/.local/lib/python3.8/site-packages/airflow/example_dags/example_xcomargs.py for tasks to queue
[2024-03-21T01:27:46.901+0000] {logging_mixin.py:188} INFO - [2024-03-21T01:27:46.901+0000] {dagbag.py:540} INFO - Filling up the DagBag from /home/airflow/.local/lib/python3.8/site-packages/airflow/example_dags/example_xcomargs.py
[2024-03-21T01:27:46.913+0000] {processor.py:840} INFO - DAG(s) 'example_xcom_args_with_operators', 'example_xcom_args' retrieved from /home/airflow/.local/lib/python3.8/site-packages/airflow/example_dags/example_xcomargs.py
[2024-03-21T01:27:46.953+0000] {logging_mixin.py:188} INFO - [2024-03-21T01:27:46.952+0000] {dag.py:3047} INFO - Sync 2 DAGs
[2024-03-21T01:27:46.972+0000] {logging_mixin.py:188} INFO - [2024-03-21T01:27:46.971+0000] {dag.py:3834} INFO - Setting next_dagrun for example_xcom_args to None, run_after=None
[2024-03-21T01:27:46.978+0000] {logging_mixin.py:188} INFO - [2024-03-21T01:27:46.978+0000] {dag.py:3834} INFO - Setting next_dagrun for example_xcom_args_with_operators to None, run_after=None
[2024-03-21T01:27:47.009+0000] {processor.py:183} INFO - Processing /home/airflow/.local/lib/python3.8/site-packages/airflow/example_dags/example_xcomargs.py took 0.116 seconds
[2024-03-21T01:28:17.531+0000] {processor.py:161} INFO - Started process (PID=1667) to work on /home/airflow/.local/lib/python3.8/site-packages/airflow/example_dags/example_xcomargs.py
[2024-03-21T01:28:17.533+0000] {processor.py:830} INFO - Processing file /home/airflow/.local/lib/python3.8/site-packages/airflow/example_dags/example_xcomargs.py for tasks to queue
[2024-03-21T01:28:17.536+0000] {logging_mixin.py:188} INFO - [2024-03-21T01:28:17.536+0000] {dagbag.py:540} INFO - Filling up the DagBag from /home/airflow/.local/lib/python3.8/site-packages/airflow/example_dags/example_xcomargs.py
[2024-03-21T01:28:17.554+0000] {processor.py:840} INFO - DAG(s) 'example_xcom_args', 'example_xcom_args_with_operators' retrieved from /home/airflow/.local/lib/python3.8/site-packages/airflow/example_dags/example_xcomargs.py
[2024-03-21T01:28:17.605+0000] {logging_mixin.py:188} INFO - [2024-03-21T01:28:17.604+0000] {dag.py:3047} INFO - Sync 2 DAGs
[2024-03-21T01:28:17.628+0000] {logging_mixin.py:188} INFO - [2024-03-21T01:28:17.627+0000] {dag.py:3834} INFO - Setting next_dagrun for example_xcom_args to None, run_after=None
[2024-03-21T01:28:17.634+0000] {logging_mixin.py:188} INFO - [2024-03-21T01:28:17.633+0000] {dag.py:3834} INFO - Setting next_dagrun for example_xcom_args_with_operators to None, run_after=None
[2024-03-21T01:28:17.684+0000] {processor.py:183} INFO - Processing /home/airflow/.local/lib/python3.8/site-packages/airflow/example_dags/example_xcomargs.py took 0.160 seconds
[2024-03-21T01:28:50.053+0000] {processor.py:161} INFO - Started process (PID=1722) to work on /home/airflow/.local/lib/python3.8/site-packages/airflow/example_dags/example_xcomargs.py
[2024-03-21T01:28:50.056+0000] {processor.py:830} INFO - Processing file /home/airflow/.local/lib/python3.8/site-packages/airflow/example_dags/example_xcomargs.py for tasks to queue
[2024-03-21T01:28:50.062+0000] {logging_mixin.py:188} INFO - [2024-03-21T01:28:50.060+0000] {dagbag.py:540} INFO - Filling up the DagBag from /home/airflow/.local/lib/python3.8/site-packages/airflow/example_dags/example_xcomargs.py
[2024-03-21T01:28:50.122+0000] {processor.py:840} INFO - DAG(s) 'example_xcom_args', 'example_xcom_args_with_operators' retrieved from /home/airflow/.local/lib/python3.8/site-packages/airflow/example_dags/example_xcomargs.py
[2024-03-21T01:28:50.265+0000] {logging_mixin.py:188} INFO - [2024-03-21T01:28:50.264+0000] {dag.py:3047} INFO - Sync 2 DAGs
[2024-03-21T01:28:50.369+0000] {logging_mixin.py:188} INFO - [2024-03-21T01:28:50.368+0000] {dag.py:3834} INFO - Setting next_dagrun for example_xcom_args to None, run_after=None
[2024-03-21T01:28:50.388+0000] {logging_mixin.py:188} INFO - [2024-03-21T01:28:50.388+0000] {dag.py:3834} INFO - Setting next_dagrun for example_xcom_args_with_operators to None, run_after=None
[2024-03-21T01:28:50.507+0000] {processor.py:183} INFO - Processing /home/airflow/.local/lib/python3.8/site-packages/airflow/example_dags/example_xcomargs.py took 0.485 seconds
[2024-03-21T01:29:20.792+0000] {processor.py:161} INFO - Started process (PID=1778) to work on /home/airflow/.local/lib/python3.8/site-packages/airflow/example_dags/example_xcomargs.py
[2024-03-21T01:29:20.793+0000] {processor.py:830} INFO - Processing file /home/airflow/.local/lib/python3.8/site-packages/airflow/example_dags/example_xcomargs.py for tasks to queue
[2024-03-21T01:29:20.795+0000] {logging_mixin.py:188} INFO - [2024-03-21T01:29:20.795+0000] {dagbag.py:540} INFO - Filling up the DagBag from /home/airflow/.local/lib/python3.8/site-packages/airflow/example_dags/example_xcomargs.py
[2024-03-21T01:29:20.808+0000] {processor.py:840} INFO - DAG(s) 'example_xcom_args_with_operators', 'example_xcom_args' retrieved from /home/airflow/.local/lib/python3.8/site-packages/airflow/example_dags/example_xcomargs.py
[2024-03-21T01:29:20.862+0000] {logging_mixin.py:188} INFO - [2024-03-21T01:29:20.862+0000] {dag.py:3047} INFO - Sync 2 DAGs
[2024-03-21T01:29:20.877+0000] {logging_mixin.py:188} INFO - [2024-03-21T01:29:20.877+0000] {dag.py:3834} INFO - Setting next_dagrun for example_xcom_args to None, run_after=None
[2024-03-21T01:29:20.882+0000] {logging_mixin.py:188} INFO - [2024-03-21T01:29:20.881+0000] {dag.py:3834} INFO - Setting next_dagrun for example_xcom_args_with_operators to None, run_after=None
[2024-03-21T01:29:20.905+0000] {processor.py:183} INFO - Processing /home/airflow/.local/lib/python3.8/site-packages/airflow/example_dags/example_xcomargs.py took 0.118 seconds
[2024-03-21T01:29:51.681+0000] {processor.py:161} INFO - Started process (PID=1833) to work on /home/airflow/.local/lib/python3.8/site-packages/airflow/example_dags/example_xcomargs.py
[2024-03-21T01:29:51.683+0000] {processor.py:830} INFO - Processing file /home/airflow/.local/lib/python3.8/site-packages/airflow/example_dags/example_xcomargs.py for tasks to queue
[2024-03-21T01:29:51.685+0000] {logging_mixin.py:188} INFO - [2024-03-21T01:29:51.685+0000] {dagbag.py:540} INFO - Filling up the DagBag from /home/airflow/.local/lib/python3.8/site-packages/airflow/example_dags/example_xcomargs.py
[2024-03-21T01:29:51.696+0000] {processor.py:840} INFO - DAG(s) 'example_xcom_args_with_operators', 'example_xcom_args' retrieved from /home/airflow/.local/lib/python3.8/site-packages/airflow/example_dags/example_xcomargs.py
[2024-03-21T01:29:51.728+0000] {logging_mixin.py:188} INFO - [2024-03-21T01:29:51.727+0000] {dag.py:3047} INFO - Sync 2 DAGs
[2024-03-21T01:29:51.742+0000] {logging_mixin.py:188} INFO - [2024-03-21T01:29:51.742+0000] {dag.py:3834} INFO - Setting next_dagrun for example_xcom_args to None, run_after=None
[2024-03-21T01:29:51.747+0000] {logging_mixin.py:188} INFO - [2024-03-21T01:29:51.746+0000] {dag.py:3834} INFO - Setting next_dagrun for example_xcom_args_with_operators to None, run_after=None
[2024-03-21T01:29:51.770+0000] {processor.py:183} INFO - Processing /home/airflow/.local/lib/python3.8/site-packages/airflow/example_dags/example_xcomargs.py took 0.092 seconds
[2024-03-21T01:30:21.954+0000] {processor.py:161} INFO - Started process (PID=1887) to work on /home/airflow/.local/lib/python3.8/site-packages/airflow/example_dags/example_xcomargs.py
[2024-03-21T01:30:21.954+0000] {processor.py:830} INFO - Processing file /home/airflow/.local/lib/python3.8/site-packages/airflow/example_dags/example_xcomargs.py for tasks to queue
[2024-03-21T01:30:21.956+0000] {logging_mixin.py:188} INFO - [2024-03-21T01:30:21.956+0000] {dagbag.py:540} INFO - Filling up the DagBag from /home/airflow/.local/lib/python3.8/site-packages/airflow/example_dags/example_xcomargs.py
[2024-03-21T01:30:21.964+0000] {processor.py:840} INFO - DAG(s) 'example_xcom_args', 'example_xcom_args_with_operators' retrieved from /home/airflow/.local/lib/python3.8/site-packages/airflow/example_dags/example_xcomargs.py
[2024-03-21T01:30:21.989+0000] {logging_mixin.py:188} INFO - [2024-03-21T01:30:21.989+0000] {dag.py:3047} INFO - Sync 2 DAGs
[2024-03-21T01:30:22.002+0000] {logging_mixin.py:188} INFO - [2024-03-21T01:30:22.002+0000] {dag.py:3834} INFO - Setting next_dagrun for example_xcom_args to None, run_after=None
[2024-03-21T01:30:22.006+0000] {logging_mixin.py:188} INFO - [2024-03-21T01:30:22.006+0000] {dag.py:3834} INFO - Setting next_dagrun for example_xcom_args_with_operators to None, run_after=None
[2024-03-21T01:30:22.027+0000] {processor.py:183} INFO - Processing /home/airflow/.local/lib/python3.8/site-packages/airflow/example_dags/example_xcomargs.py took 0.076 seconds
[2024-03-21T01:30:52.548+0000] {processor.py:161} INFO - Started process (PID=1942) to work on /home/airflow/.local/lib/python3.8/site-packages/airflow/example_dags/example_xcomargs.py
[2024-03-21T01:30:52.550+0000] {processor.py:830} INFO - Processing file /home/airflow/.local/lib/python3.8/site-packages/airflow/example_dags/example_xcomargs.py for tasks to queue
[2024-03-21T01:30:52.552+0000] {logging_mixin.py:188} INFO - [2024-03-21T01:30:52.552+0000] {dagbag.py:540} INFO - Filling up the DagBag from /home/airflow/.local/lib/python3.8/site-packages/airflow/example_dags/example_xcomargs.py
[2024-03-21T01:30:52.566+0000] {processor.py:840} INFO - DAG(s) 'example_xcom_args', 'example_xcom_args_with_operators' retrieved from /home/airflow/.local/lib/python3.8/site-packages/airflow/example_dags/example_xcomargs.py
[2024-03-21T01:30:52.603+0000] {logging_mixin.py:188} INFO - [2024-03-21T01:30:52.602+0000] {dag.py:3047} INFO - Sync 2 DAGs
[2024-03-21T01:30:52.621+0000] {logging_mixin.py:188} INFO - [2024-03-21T01:30:52.620+0000] {dag.py:3834} INFO - Setting next_dagrun for example_xcom_args to None, run_after=None
[2024-03-21T01:30:52.626+0000] {logging_mixin.py:188} INFO - [2024-03-21T01:30:52.626+0000] {dag.py:3834} INFO - Setting next_dagrun for example_xcom_args_with_operators to None, run_after=None
[2024-03-21T01:30:52.652+0000] {processor.py:183} INFO - Processing /home/airflow/.local/lib/python3.8/site-packages/airflow/example_dags/example_xcomargs.py took 0.109 seconds
[2024-03-21T01:31:23.239+0000] {processor.py:161} INFO - Started process (PID=1997) to work on /home/airflow/.local/lib/python3.8/site-packages/airflow/example_dags/example_xcomargs.py
[2024-03-21T01:31:23.242+0000] {processor.py:830} INFO - Processing file /home/airflow/.local/lib/python3.8/site-packages/airflow/example_dags/example_xcomargs.py for tasks to queue
[2024-03-21T01:31:23.244+0000] {logging_mixin.py:188} INFO - [2024-03-21T01:31:23.243+0000] {dagbag.py:540} INFO - Filling up the DagBag from /home/airflow/.local/lib/python3.8/site-packages/airflow/example_dags/example_xcomargs.py
[2024-03-21T01:31:23.252+0000] {processor.py:840} INFO - DAG(s) 'example_xcom_args', 'example_xcom_args_with_operators' retrieved from /home/airflow/.local/lib/python3.8/site-packages/airflow/example_dags/example_xcomargs.py
[2024-03-21T01:31:23.277+0000] {logging_mixin.py:188} INFO - [2024-03-21T01:31:23.276+0000] {dag.py:3047} INFO - Sync 2 DAGs
[2024-03-21T01:31:23.289+0000] {logging_mixin.py:188} INFO - [2024-03-21T01:31:23.289+0000] {dag.py:3834} INFO - Setting next_dagrun for example_xcom_args to None, run_after=None
[2024-03-21T01:31:23.293+0000] {logging_mixin.py:188} INFO - [2024-03-21T01:31:23.293+0000] {dag.py:3834} INFO - Setting next_dagrun for example_xcom_args_with_operators to None, run_after=None
[2024-03-21T01:31:23.312+0000] {processor.py:183} INFO - Processing /home/airflow/.local/lib/python3.8/site-packages/airflow/example_dags/example_xcomargs.py took 0.077 seconds
[2024-03-21T01:31:53.476+0000] {processor.py:161} INFO - Started process (PID=2052) to work on /home/airflow/.local/lib/python3.8/site-packages/airflow/example_dags/example_xcomargs.py
[2024-03-21T01:31:53.477+0000] {processor.py:830} INFO - Processing file /home/airflow/.local/lib/python3.8/site-packages/airflow/example_dags/example_xcomargs.py for tasks to queue
[2024-03-21T01:31:53.479+0000] {logging_mixin.py:188} INFO - [2024-03-21T01:31:53.479+0000] {dagbag.py:540} INFO - Filling up the DagBag from /home/airflow/.local/lib/python3.8/site-packages/airflow/example_dags/example_xcomargs.py
[2024-03-21T01:31:53.488+0000] {processor.py:840} INFO - DAG(s) 'example_xcom_args', 'example_xcom_args_with_operators' retrieved from /home/airflow/.local/lib/python3.8/site-packages/airflow/example_dags/example_xcomargs.py
[2024-03-21T01:31:53.517+0000] {logging_mixin.py:188} INFO - [2024-03-21T01:31:53.517+0000] {dag.py:3047} INFO - Sync 2 DAGs
[2024-03-21T01:31:53.531+0000] {logging_mixin.py:188} INFO - [2024-03-21T01:31:53.531+0000] {dag.py:3834} INFO - Setting next_dagrun for example_xcom_args to None, run_after=None
[2024-03-21T01:31:53.535+0000] {logging_mixin.py:188} INFO - [2024-03-21T01:31:53.535+0000] {dag.py:3834} INFO - Setting next_dagrun for example_xcom_args_with_operators to None, run_after=None
[2024-03-21T01:31:53.554+0000] {processor.py:183} INFO - Processing /home/airflow/.local/lib/python3.8/site-packages/airflow/example_dags/example_xcomargs.py took 0.082 seconds
[2024-03-21T01:32:24.250+0000] {processor.py:161} INFO - Started process (PID=2107) to work on /home/airflow/.local/lib/python3.8/site-packages/airflow/example_dags/example_xcomargs.py
[2024-03-21T01:32:24.251+0000] {processor.py:830} INFO - Processing file /home/airflow/.local/lib/python3.8/site-packages/airflow/example_dags/example_xcomargs.py for tasks to queue
[2024-03-21T01:32:24.253+0000] {logging_mixin.py:188} INFO - [2024-03-21T01:32:24.252+0000] {dagbag.py:540} INFO - Filling up the DagBag from /home/airflow/.local/lib/python3.8/site-packages/airflow/example_dags/example_xcomargs.py
[2024-03-21T01:32:24.260+0000] {processor.py:840} INFO - DAG(s) 'example_xcom_args_with_operators', 'example_xcom_args' retrieved from /home/airflow/.local/lib/python3.8/site-packages/airflow/example_dags/example_xcomargs.py
[2024-03-21T01:32:24.286+0000] {logging_mixin.py:188} INFO - [2024-03-21T01:32:24.286+0000] {dag.py:3047} INFO - Sync 2 DAGs
[2024-03-21T01:32:24.307+0000] {logging_mixin.py:188} INFO - [2024-03-21T01:32:24.307+0000] {dag.py:3834} INFO - Setting next_dagrun for example_xcom_args to None, run_after=None
[2024-03-21T01:32:24.312+0000] {logging_mixin.py:188} INFO - [2024-03-21T01:32:24.311+0000] {dag.py:3834} INFO - Setting next_dagrun for example_xcom_args_with_operators to None, run_after=None
[2024-03-21T01:32:24.334+0000] {processor.py:183} INFO - Processing /home/airflow/.local/lib/python3.8/site-packages/airflow/example_dags/example_xcomargs.py took 0.088 seconds
[2024-03-21T01:32:54.611+0000] {processor.py:161} INFO - Started process (PID=2162) to work on /home/airflow/.local/lib/python3.8/site-packages/airflow/example_dags/example_xcomargs.py
[2024-03-21T01:32:54.612+0000] {processor.py:830} INFO - Processing file /home/airflow/.local/lib/python3.8/site-packages/airflow/example_dags/example_xcomargs.py for tasks to queue
[2024-03-21T01:32:54.614+0000] {logging_mixin.py:188} INFO - [2024-03-21T01:32:54.613+0000] {dagbag.py:540} INFO - Filling up the DagBag from /home/airflow/.local/lib/python3.8/site-packages/airflow/example_dags/example_xcomargs.py
[2024-03-21T01:32:54.625+0000] {processor.py:840} INFO - DAG(s) 'example_xcom_args', 'example_xcom_args_with_operators' retrieved from /home/airflow/.local/lib/python3.8/site-packages/airflow/example_dags/example_xcomargs.py
[2024-03-21T01:32:54.668+0000] {logging_mixin.py:188} INFO - [2024-03-21T01:32:54.668+0000] {dag.py:3047} INFO - Sync 2 DAGs
[2024-03-21T01:32:54.687+0000] {logging_mixin.py:188} INFO - [2024-03-21T01:32:54.687+0000] {dag.py:3834} INFO - Setting next_dagrun for example_xcom_args to None, run_after=None
[2024-03-21T01:32:54.694+0000] {logging_mixin.py:188} INFO - [2024-03-21T01:32:54.693+0000] {dag.py:3834} INFO - Setting next_dagrun for example_xcom_args_with_operators to None, run_after=None
[2024-03-21T01:32:54.735+0000] {processor.py:183} INFO - Processing /home/airflow/.local/lib/python3.8/site-packages/airflow/example_dags/example_xcomargs.py took 0.130 seconds
[2024-03-21T01:33:24.878+0000] {processor.py:161} INFO - Started process (PID=2217) to work on /home/airflow/.local/lib/python3.8/site-packages/airflow/example_dags/example_xcomargs.py
[2024-03-21T01:33:24.879+0000] {processor.py:830} INFO - Processing file /home/airflow/.local/lib/python3.8/site-packages/airflow/example_dags/example_xcomargs.py for tasks to queue
[2024-03-21T01:33:24.882+0000] {logging_mixin.py:188} INFO - [2024-03-21T01:33:24.881+0000] {dagbag.py:540} INFO - Filling up the DagBag from /home/airflow/.local/lib/python3.8/site-packages/airflow/example_dags/example_xcomargs.py
[2024-03-21T01:33:24.891+0000] {processor.py:840} INFO - DAG(s) 'example_xcom_args', 'example_xcom_args_with_operators' retrieved from /home/airflow/.local/lib/python3.8/site-packages/airflow/example_dags/example_xcomargs.py
[2024-03-21T01:33:24.926+0000] {logging_mixin.py:188} INFO - [2024-03-21T01:33:24.926+0000] {dag.py:3047} INFO - Sync 2 DAGs
[2024-03-21T01:33:24.942+0000] {logging_mixin.py:188} INFO - [2024-03-21T01:33:24.942+0000] {dag.py:3834} INFO - Setting next_dagrun for example_xcom_args to None, run_after=None
[2024-03-21T01:33:24.946+0000] {logging_mixin.py:188} INFO - [2024-03-21T01:33:24.946+0000] {dag.py:3834} INFO - Setting next_dagrun for example_xcom_args_with_operators to None, run_after=None
[2024-03-21T01:33:24.973+0000] {processor.py:183} INFO - Processing /home/airflow/.local/lib/python3.8/site-packages/airflow/example_dags/example_xcomargs.py took 0.099 seconds
[2024-03-21T01:33:55.807+0000] {processor.py:161} INFO - Started process (PID=2272) to work on /home/airflow/.local/lib/python3.8/site-packages/airflow/example_dags/example_xcomargs.py
[2024-03-21T01:33:55.808+0000] {processor.py:830} INFO - Processing file /home/airflow/.local/lib/python3.8/site-packages/airflow/example_dags/example_xcomargs.py for tasks to queue
[2024-03-21T01:33:55.810+0000] {logging_mixin.py:188} INFO - [2024-03-21T01:33:55.810+0000] {dagbag.py:540} INFO - Filling up the DagBag from /home/airflow/.local/lib/python3.8/site-packages/airflow/example_dags/example_xcomargs.py
[2024-03-21T01:33:55.820+0000] {processor.py:840} INFO - DAG(s) 'example_xcom_args', 'example_xcom_args_with_operators' retrieved from /home/airflow/.local/lib/python3.8/site-packages/airflow/example_dags/example_xcomargs.py
[2024-03-21T01:33:55.852+0000] {logging_mixin.py:188} INFO - [2024-03-21T01:33:55.852+0000] {dag.py:3047} INFO - Sync 2 DAGs
[2024-03-21T01:33:55.868+0000] {logging_mixin.py:188} INFO - [2024-03-21T01:33:55.868+0000] {dag.py:3834} INFO - Setting next_dagrun for example_xcom_args to None, run_after=None
[2024-03-21T01:33:55.873+0000] {logging_mixin.py:188} INFO - [2024-03-21T01:33:55.872+0000] {dag.py:3834} INFO - Setting next_dagrun for example_xcom_args_with_operators to None, run_after=None
[2024-03-21T01:33:55.899+0000] {processor.py:183} INFO - Processing /home/airflow/.local/lib/python3.8/site-packages/airflow/example_dags/example_xcomargs.py took 0.096 seconds
[2024-03-21T01:34:26.009+0000] {processor.py:161} INFO - Started process (PID=2327) to work on /home/airflow/.local/lib/python3.8/site-packages/airflow/example_dags/example_xcomargs.py
[2024-03-21T01:34:26.011+0000] {processor.py:830} INFO - Processing file /home/airflow/.local/lib/python3.8/site-packages/airflow/example_dags/example_xcomargs.py for tasks to queue
[2024-03-21T01:34:26.013+0000] {logging_mixin.py:188} INFO - [2024-03-21T01:34:26.013+0000] {dagbag.py:540} INFO - Filling up the DagBag from /home/airflow/.local/lib/python3.8/site-packages/airflow/example_dags/example_xcomargs.py
[2024-03-21T01:34:26.022+0000] {processor.py:840} INFO - DAG(s) 'example_xcom_args', 'example_xcom_args_with_operators' retrieved from /home/airflow/.local/lib/python3.8/site-packages/airflow/example_dags/example_xcomargs.py
[2024-03-21T01:34:26.050+0000] {logging_mixin.py:188} INFO - [2024-03-21T01:34:26.050+0000] {dag.py:3047} INFO - Sync 2 DAGs
[2024-03-21T01:34:26.063+0000] {logging_mixin.py:188} INFO - [2024-03-21T01:34:26.063+0000] {dag.py:3834} INFO - Setting next_dagrun for example_xcom_args to None, run_after=None
[2024-03-21T01:34:26.067+0000] {logging_mixin.py:188} INFO - [2024-03-21T01:34:26.067+0000] {dag.py:3834} INFO - Setting next_dagrun for example_xcom_args_with_operators to None, run_after=None
[2024-03-21T01:34:26.091+0000] {processor.py:183} INFO - Processing /home/airflow/.local/lib/python3.8/site-packages/airflow/example_dags/example_xcomargs.py took 0.087 seconds
[2024-03-21T01:34:57.002+0000] {processor.py:161} INFO - Started process (PID=2382) to work on /home/airflow/.local/lib/python3.8/site-packages/airflow/example_dags/example_xcomargs.py
[2024-03-21T01:34:57.003+0000] {processor.py:830} INFO - Processing file /home/airflow/.local/lib/python3.8/site-packages/airflow/example_dags/example_xcomargs.py for tasks to queue
[2024-03-21T01:34:57.005+0000] {logging_mixin.py:188} INFO - [2024-03-21T01:34:57.005+0000] {dagbag.py:540} INFO - Filling up the DagBag from /home/airflow/.local/lib/python3.8/site-packages/airflow/example_dags/example_xcomargs.py
[2024-03-21T01:34:57.015+0000] {processor.py:840} INFO - DAG(s) 'example_xcom_args', 'example_xcom_args_with_operators' retrieved from /home/airflow/.local/lib/python3.8/site-packages/airflow/example_dags/example_xcomargs.py
[2024-03-21T01:34:57.048+0000] {logging_mixin.py:188} INFO - [2024-03-21T01:34:57.048+0000] {dag.py:3047} INFO - Sync 2 DAGs
[2024-03-21T01:34:57.062+0000] {logging_mixin.py:188} INFO - [2024-03-21T01:34:57.062+0000] {dag.py:3834} INFO - Setting next_dagrun for example_xcom_args to None, run_after=None
[2024-03-21T01:34:57.066+0000] {logging_mixin.py:188} INFO - [2024-03-21T01:34:57.066+0000] {dag.py:3834} INFO - Setting next_dagrun for example_xcom_args_with_operators to None, run_after=None
[2024-03-21T01:34:57.089+0000] {processor.py:183} INFO - Processing /home/airflow/.local/lib/python3.8/site-packages/airflow/example_dags/example_xcomargs.py took 0.091 seconds
[2024-03-21T01:35:28.044+0000] {processor.py:161} INFO - Started process (PID=2437) to work on /home/airflow/.local/lib/python3.8/site-packages/airflow/example_dags/example_xcomargs.py
[2024-03-21T01:35:28.045+0000] {processor.py:830} INFO - Processing file /home/airflow/.local/lib/python3.8/site-packages/airflow/example_dags/example_xcomargs.py for tasks to queue
[2024-03-21T01:35:28.047+0000] {logging_mixin.py:188} INFO - [2024-03-21T01:35:28.047+0000] {dagbag.py:540} INFO - Filling up the DagBag from /home/airflow/.local/lib/python3.8/site-packages/airflow/example_dags/example_xcomargs.py
[2024-03-21T01:35:28.062+0000] {processor.py:840} INFO - DAG(s) 'example_xcom_args', 'example_xcom_args_with_operators' retrieved from /home/airflow/.local/lib/python3.8/site-packages/airflow/example_dags/example_xcomargs.py
[2024-03-21T01:35:28.099+0000] {logging_mixin.py:188} INFO - [2024-03-21T01:35:28.099+0000] {dag.py:3047} INFO - Sync 2 DAGs
[2024-03-21T01:35:28.117+0000] {logging_mixin.py:188} INFO - [2024-03-21T01:35:28.117+0000] {dag.py:3834} INFO - Setting next_dagrun for example_xcom_args to None, run_after=None
[2024-03-21T01:35:28.122+0000] {logging_mixin.py:188} INFO - [2024-03-21T01:35:28.122+0000] {dag.py:3834} INFO - Setting next_dagrun for example_xcom_args_with_operators to None, run_after=None
[2024-03-21T01:35:28.148+0000] {processor.py:183} INFO - Processing /home/airflow/.local/lib/python3.8/site-packages/airflow/example_dags/example_xcomargs.py took 0.115 seconds
[2024-03-21T01:35:58.259+0000] {processor.py:161} INFO - Started process (PID=2492) to work on /home/airflow/.local/lib/python3.8/site-packages/airflow/example_dags/example_xcomargs.py
[2024-03-21T01:35:58.261+0000] {processor.py:830} INFO - Processing file /home/airflow/.local/lib/python3.8/site-packages/airflow/example_dags/example_xcomargs.py for tasks to queue
[2024-03-21T01:35:58.263+0000] {logging_mixin.py:188} INFO - [2024-03-21T01:35:58.263+0000] {dagbag.py:540} INFO - Filling up the DagBag from /home/airflow/.local/lib/python3.8/site-packages/airflow/example_dags/example_xcomargs.py
[2024-03-21T01:35:58.272+0000] {processor.py:840} INFO - DAG(s) 'example_xcom_args_with_operators', 'example_xcom_args' retrieved from /home/airflow/.local/lib/python3.8/site-packages/airflow/example_dags/example_xcomargs.py
[2024-03-21T01:35:58.319+0000] {logging_mixin.py:188} INFO - [2024-03-21T01:35:58.318+0000] {dag.py:3047} INFO - Sync 2 DAGs
[2024-03-21T01:35:58.339+0000] {logging_mixin.py:188} INFO - [2024-03-21T01:35:58.338+0000] {dag.py:3834} INFO - Setting next_dagrun for example_xcom_args to None, run_after=None
[2024-03-21T01:35:58.344+0000] {logging_mixin.py:188} INFO - [2024-03-21T01:35:58.344+0000] {dag.py:3834} INFO - Setting next_dagrun for example_xcom_args_with_operators to None, run_after=None
[2024-03-21T01:35:58.366+0000] {processor.py:183} INFO - Processing /home/airflow/.local/lib/python3.8/site-packages/airflow/example_dags/example_xcomargs.py took 0.112 seconds
[2024-03-21T01:36:28.414+0000] {processor.py:161} INFO - Started process (PID=2548) to work on /home/airflow/.local/lib/python3.8/site-packages/airflow/example_dags/example_xcomargs.py
[2024-03-21T01:36:28.415+0000] {processor.py:830} INFO - Processing file /home/airflow/.local/lib/python3.8/site-packages/airflow/example_dags/example_xcomargs.py for tasks to queue
[2024-03-21T01:36:28.417+0000] {logging_mixin.py:188} INFO - [2024-03-21T01:36:28.417+0000] {dagbag.py:540} INFO - Filling up the DagBag from /home/airflow/.local/lib/python3.8/site-packages/airflow/example_dags/example_xcomargs.py
[2024-03-21T01:36:28.425+0000] {processor.py:840} INFO - DAG(s) 'example_xcom_args', 'example_xcom_args_with_operators' retrieved from /home/airflow/.local/lib/python3.8/site-packages/airflow/example_dags/example_xcomargs.py
[2024-03-21T01:36:28.452+0000] {logging_mixin.py:188} INFO - [2024-03-21T01:36:28.452+0000] {dag.py:3047} INFO - Sync 2 DAGs
[2024-03-21T01:36:28.466+0000] {logging_mixin.py:188} INFO - [2024-03-21T01:36:28.466+0000] {dag.py:3834} INFO - Setting next_dagrun for example_xcom_args to None, run_after=None
[2024-03-21T01:36:28.470+0000] {logging_mixin.py:188} INFO - [2024-03-21T01:36:28.470+0000] {dag.py:3834} INFO - Setting next_dagrun for example_xcom_args_with_operators to None, run_after=None
[2024-03-21T01:36:28.500+0000] {processor.py:183} INFO - Processing /home/airflow/.local/lib/python3.8/site-packages/airflow/example_dags/example_xcomargs.py took 0.089 seconds
[2024-03-21T01:36:58.891+0000] {processor.py:161} INFO - Started process (PID=2602) to work on /home/airflow/.local/lib/python3.8/site-packages/airflow/example_dags/example_xcomargs.py
[2024-03-21T01:36:58.904+0000] {processor.py:830} INFO - Processing file /home/airflow/.local/lib/python3.8/site-packages/airflow/example_dags/example_xcomargs.py for tasks to queue
[2024-03-21T01:36:58.909+0000] {logging_mixin.py:188} INFO - [2024-03-21T01:36:58.908+0000] {dagbag.py:540} INFO - Filling up the DagBag from /home/airflow/.local/lib/python3.8/site-packages/airflow/example_dags/example_xcomargs.py
[2024-03-21T01:36:58.970+0000] {processor.py:840} INFO - DAG(s) 'example_xcom_args', 'example_xcom_args_with_operators' retrieved from /home/airflow/.local/lib/python3.8/site-packages/airflow/example_dags/example_xcomargs.py
[2024-03-21T01:36:59.129+0000] {logging_mixin.py:188} INFO - [2024-03-21T01:36:59.128+0000] {dag.py:3047} INFO - Sync 2 DAGs
[2024-03-21T01:36:59.206+0000] {logging_mixin.py:188} INFO - [2024-03-21T01:36:59.206+0000] {dag.py:3834} INFO - Setting next_dagrun for example_xcom_args to None, run_after=None
[2024-03-21T01:36:59.228+0000] {logging_mixin.py:188} INFO - [2024-03-21T01:36:59.227+0000] {dag.py:3834} INFO - Setting next_dagrun for example_xcom_args_with_operators to None, run_after=None
[2024-03-21T01:36:59.320+0000] {processor.py:183} INFO - Processing /home/airflow/.local/lib/python3.8/site-packages/airflow/example_dags/example_xcomargs.py took 0.447 seconds
[2024-03-21T01:37:29.636+0000] {processor.py:161} INFO - Started process (PID=2656) to work on /home/airflow/.local/lib/python3.8/site-packages/airflow/example_dags/example_xcomargs.py
[2024-03-21T01:37:29.641+0000] {processor.py:830} INFO - Processing file /home/airflow/.local/lib/python3.8/site-packages/airflow/example_dags/example_xcomargs.py for tasks to queue
[2024-03-21T01:37:29.645+0000] {logging_mixin.py:188} INFO - [2024-03-21T01:37:29.645+0000] {dagbag.py:540} INFO - Filling up the DagBag from /home/airflow/.local/lib/python3.8/site-packages/airflow/example_dags/example_xcomargs.py
[2024-03-21T01:37:29.658+0000] {processor.py:840} INFO - DAG(s) 'example_xcom_args', 'example_xcom_args_with_operators' retrieved from /home/airflow/.local/lib/python3.8/site-packages/airflow/example_dags/example_xcomargs.py
[2024-03-21T01:37:29.695+0000] {logging_mixin.py:188} INFO - [2024-03-21T01:37:29.694+0000] {dag.py:3047} INFO - Sync 2 DAGs
[2024-03-21T01:37:29.744+0000] {logging_mixin.py:188} INFO - [2024-03-21T01:37:29.743+0000] {dag.py:3834} INFO - Setting next_dagrun for example_xcom_args to None, run_after=None
[2024-03-21T01:37:29.750+0000] {logging_mixin.py:188} INFO - [2024-03-21T01:37:29.749+0000] {dag.py:3834} INFO - Setting next_dagrun for example_xcom_args_with_operators to None, run_after=None
[2024-03-21T01:37:29.783+0000] {processor.py:183} INFO - Processing /home/airflow/.local/lib/python3.8/site-packages/airflow/example_dags/example_xcomargs.py took 0.155 seconds
[2024-03-21T01:38:00.150+0000] {processor.py:161} INFO - Started process (PID=2711) to work on /home/airflow/.local/lib/python3.8/site-packages/airflow/example_dags/example_xcomargs.py
[2024-03-21T01:38:00.151+0000] {processor.py:830} INFO - Processing file /home/airflow/.local/lib/python3.8/site-packages/airflow/example_dags/example_xcomargs.py for tasks to queue
[2024-03-21T01:38:00.153+0000] {logging_mixin.py:188} INFO - [2024-03-21T01:38:00.153+0000] {dagbag.py:540} INFO - Filling up the DagBag from /home/airflow/.local/lib/python3.8/site-packages/airflow/example_dags/example_xcomargs.py
[2024-03-21T01:38:00.165+0000] {processor.py:840} INFO - DAG(s) 'example_xcom_args', 'example_xcom_args_with_operators' retrieved from /home/airflow/.local/lib/python3.8/site-packages/airflow/example_dags/example_xcomargs.py
[2024-03-21T01:38:00.199+0000] {logging_mixin.py:188} INFO - [2024-03-21T01:38:00.198+0000] {dag.py:3047} INFO - Sync 2 DAGs
[2024-03-21T01:38:00.218+0000] {logging_mixin.py:188} INFO - [2024-03-21T01:38:00.218+0000] {dag.py:3834} INFO - Setting next_dagrun for example_xcom_args to None, run_after=None
[2024-03-21T01:38:00.222+0000] {logging_mixin.py:188} INFO - [2024-03-21T01:38:00.222+0000] {dag.py:3834} INFO - Setting next_dagrun for example_xcom_args_with_operators to None, run_after=None
[2024-03-21T01:38:00.248+0000] {processor.py:183} INFO - Processing /home/airflow/.local/lib/python3.8/site-packages/airflow/example_dags/example_xcomargs.py took 0.102 seconds
[2024-03-21T01:38:30.370+0000] {processor.py:161} INFO - Started process (PID=2765) to work on /home/airflow/.local/lib/python3.8/site-packages/airflow/example_dags/example_xcomargs.py
[2024-03-21T01:38:30.371+0000] {processor.py:830} INFO - Processing file /home/airflow/.local/lib/python3.8/site-packages/airflow/example_dags/example_xcomargs.py for tasks to queue
[2024-03-21T01:38:30.373+0000] {logging_mixin.py:188} INFO - [2024-03-21T01:38:30.373+0000] {dagbag.py:540} INFO - Filling up the DagBag from /home/airflow/.local/lib/python3.8/site-packages/airflow/example_dags/example_xcomargs.py
[2024-03-21T01:38:30.381+0000] {processor.py:840} INFO - DAG(s) 'example_xcom_args', 'example_xcom_args_with_operators' retrieved from /home/airflow/.local/lib/python3.8/site-packages/airflow/example_dags/example_xcomargs.py
[2024-03-21T01:38:30.409+0000] {logging_mixin.py:188} INFO - [2024-03-21T01:38:30.409+0000] {dag.py:3047} INFO - Sync 2 DAGs
[2024-03-21T01:38:30.423+0000] {logging_mixin.py:188} INFO - [2024-03-21T01:38:30.422+0000] {dag.py:3834} INFO - Setting next_dagrun for example_xcom_args to None, run_after=None
[2024-03-21T01:38:30.427+0000] {logging_mixin.py:188} INFO - [2024-03-21T01:38:30.426+0000] {dag.py:3834} INFO - Setting next_dagrun for example_xcom_args_with_operators to None, run_after=None
[2024-03-21T01:38:30.451+0000] {processor.py:183} INFO - Processing /home/airflow/.local/lib/python3.8/site-packages/airflow/example_dags/example_xcomargs.py took 0.084 seconds
[2024-03-21T01:39:00.703+0000] {processor.py:161} INFO - Started process (PID=2820) to work on /home/airflow/.local/lib/python3.8/site-packages/airflow/example_dags/example_xcomargs.py
[2024-03-21T01:39:00.704+0000] {processor.py:830} INFO - Processing file /home/airflow/.local/lib/python3.8/site-packages/airflow/example_dags/example_xcomargs.py for tasks to queue
[2024-03-21T01:39:00.707+0000] {logging_mixin.py:188} INFO - [2024-03-21T01:39:00.707+0000] {dagbag.py:540} INFO - Filling up the DagBag from /home/airflow/.local/lib/python3.8/site-packages/airflow/example_dags/example_xcomargs.py
[2024-03-21T01:39:00.721+0000] {processor.py:840} INFO - DAG(s) 'example_xcom_args', 'example_xcom_args_with_operators' retrieved from /home/airflow/.local/lib/python3.8/site-packages/airflow/example_dags/example_xcomargs.py
[2024-03-21T01:39:00.771+0000] {logging_mixin.py:188} INFO - [2024-03-21T01:39:00.771+0000] {dag.py:3047} INFO - Sync 2 DAGs
[2024-03-21T01:39:00.797+0000] {logging_mixin.py:188} INFO - [2024-03-21T01:39:00.796+0000] {dag.py:3834} INFO - Setting next_dagrun for example_xcom_args to None, run_after=None
[2024-03-21T01:39:00.804+0000] {logging_mixin.py:188} INFO - [2024-03-21T01:39:00.804+0000] {dag.py:3834} INFO - Setting next_dagrun for example_xcom_args_with_operators to None, run_after=None
[2024-03-21T01:39:00.838+0000] {processor.py:183} INFO - Processing /home/airflow/.local/lib/python3.8/site-packages/airflow/example_dags/example_xcomargs.py took 0.141 seconds
[2024-03-21T01:39:31.052+0000] {processor.py:161} INFO - Started process (PID=2876) to work on /home/airflow/.local/lib/python3.8/site-packages/airflow/example_dags/example_xcomargs.py
[2024-03-21T01:39:31.053+0000] {processor.py:830} INFO - Processing file /home/airflow/.local/lib/python3.8/site-packages/airflow/example_dags/example_xcomargs.py for tasks to queue
[2024-03-21T01:39:31.055+0000] {logging_mixin.py:188} INFO - [2024-03-21T01:39:31.055+0000] {dagbag.py:540} INFO - Filling up the DagBag from /home/airflow/.local/lib/python3.8/site-packages/airflow/example_dags/example_xcomargs.py
[2024-03-21T01:39:31.065+0000] {processor.py:840} INFO - DAG(s) 'example_xcom_args', 'example_xcom_args_with_operators' retrieved from /home/airflow/.local/lib/python3.8/site-packages/airflow/example_dags/example_xcomargs.py
[2024-03-21T01:39:31.098+0000] {logging_mixin.py:188} INFO - [2024-03-21T01:39:31.098+0000] {dag.py:3047} INFO - Sync 2 DAGs
[2024-03-21T01:39:31.116+0000] {logging_mixin.py:188} INFO - [2024-03-21T01:39:31.116+0000] {dag.py:3834} INFO - Setting next_dagrun for example_xcom_args to None, run_after=None
[2024-03-21T01:39:31.122+0000] {logging_mixin.py:188} INFO - [2024-03-21T01:39:31.121+0000] {dag.py:3834} INFO - Setting next_dagrun for example_xcom_args_with_operators to None, run_after=None
[2024-03-21T01:39:31.146+0000] {processor.py:183} INFO - Processing /home/airflow/.local/lib/python3.8/site-packages/airflow/example_dags/example_xcomargs.py took 0.098 seconds
[2024-03-21T01:40:02.161+0000] {processor.py:161} INFO - Started process (PID=2937) to work on /home/airflow/.local/lib/python3.8/site-packages/airflow/example_dags/example_xcomargs.py
[2024-03-21T01:40:02.163+0000] {processor.py:830} INFO - Processing file /home/airflow/.local/lib/python3.8/site-packages/airflow/example_dags/example_xcomargs.py for tasks to queue
[2024-03-21T01:40:02.166+0000] {logging_mixin.py:188} INFO - [2024-03-21T01:40:02.165+0000] {dagbag.py:540} INFO - Filling up the DagBag from /home/airflow/.local/lib/python3.8/site-packages/airflow/example_dags/example_xcomargs.py
[2024-03-21T01:40:02.184+0000] {processor.py:840} INFO - DAG(s) 'example_xcom_args', 'example_xcom_args_with_operators' retrieved from /home/airflow/.local/lib/python3.8/site-packages/airflow/example_dags/example_xcomargs.py
[2024-03-21T01:40:02.224+0000] {logging_mixin.py:188} INFO - [2024-03-21T01:40:02.224+0000] {dag.py:3047} INFO - Sync 2 DAGs
[2024-03-21T01:40:02.252+0000] {logging_mixin.py:188} INFO - [2024-03-21T01:40:02.252+0000] {dag.py:3834} INFO - Setting next_dagrun for example_xcom_args to None, run_after=None
[2024-03-21T01:40:02.258+0000] {logging_mixin.py:188} INFO - [2024-03-21T01:40:02.258+0000] {dag.py:3834} INFO - Setting next_dagrun for example_xcom_args_with_operators to None, run_after=None
[2024-03-21T01:40:02.297+0000] {processor.py:183} INFO - Processing /home/airflow/.local/lib/python3.8/site-packages/airflow/example_dags/example_xcomargs.py took 0.142 seconds
