[2024-03-21T00:09:28.936+0000] {processor.py:161} INFO - Started process (PID=51) to work on /home/airflow/.local/lib/python3.8/site-packages/airflow/example_dags/example_sensors.py
[2024-03-21T00:09:28.938+0000] {processor.py:830} INFO - Processing file /home/airflow/.local/lib/python3.8/site-packages/airflow/example_dags/example_sensors.py for tasks to queue
[2024-03-21T00:09:28.943+0000] {logging_mixin.py:188} INFO - [2024-03-21T00:09:28.942+0000] {dagbag.py:540} INFO - Filling up the DagBag from /home/airflow/.local/lib/python3.8/site-packages/airflow/example_dags/example_sensors.py
[2024-03-21T00:09:28.981+0000] {processor.py:840} INFO - DAG(s) 'example_sensors' retrieved from /home/airflow/.local/lib/python3.8/site-packages/airflow/example_dags/example_sensors.py
[2024-03-21T00:09:29.023+0000] {logging_mixin.py:188} INFO - [2024-03-21T00:09:29.022+0000] {dag.py:3047} INFO - Sync 1 DAGs
[2024-03-21T00:09:29.074+0000] {logging_mixin.py:188} INFO - [2024-03-21T00:09:29.074+0000] {dag.py:3834} INFO - Setting next_dagrun for example_sensors to None, run_after=None
[2024-03-21T00:09:29.141+0000] {processor.py:183} INFO - Processing /home/airflow/.local/lib/python3.8/site-packages/airflow/example_dags/example_sensors.py took 0.216 seconds
[2024-03-21T00:09:59.632+0000] {processor.py:161} INFO - Started process (PID=106) to work on /home/airflow/.local/lib/python3.8/site-packages/airflow/example_dags/example_sensors.py
[2024-03-21T00:09:59.633+0000] {processor.py:830} INFO - Processing file /home/airflow/.local/lib/python3.8/site-packages/airflow/example_dags/example_sensors.py for tasks to queue
[2024-03-21T00:09:59.635+0000] {logging_mixin.py:188} INFO - [2024-03-21T00:09:59.634+0000] {dagbag.py:540} INFO - Filling up the DagBag from /home/airflow/.local/lib/python3.8/site-packages/airflow/example_dags/example_sensors.py
[2024-03-21T00:09:59.643+0000] {processor.py:840} INFO - DAG(s) 'example_sensors' retrieved from /home/airflow/.local/lib/python3.8/site-packages/airflow/example_dags/example_sensors.py
[2024-03-21T00:09:59.770+0000] {logging_mixin.py:188} INFO - [2024-03-21T00:09:59.770+0000] {dag.py:3047} INFO - Sync 1 DAGs
[2024-03-21T00:09:59.787+0000] {logging_mixin.py:188} INFO - [2024-03-21T00:09:59.786+0000] {dag.py:3834} INFO - Setting next_dagrun for example_sensors to None, run_after=None
[2024-03-21T00:09:59.814+0000] {processor.py:183} INFO - Processing /home/airflow/.local/lib/python3.8/site-packages/airflow/example_dags/example_sensors.py took 0.187 seconds
[2024-03-21T00:10:30.347+0000] {processor.py:161} INFO - Started process (PID=161) to work on /home/airflow/.local/lib/python3.8/site-packages/airflow/example_dags/example_sensors.py
[2024-03-21T00:10:30.349+0000] {processor.py:830} INFO - Processing file /home/airflow/.local/lib/python3.8/site-packages/airflow/example_dags/example_sensors.py for tasks to queue
[2024-03-21T00:10:30.351+0000] {logging_mixin.py:188} INFO - [2024-03-21T00:10:30.350+0000] {dagbag.py:540} INFO - Filling up the DagBag from /home/airflow/.local/lib/python3.8/site-packages/airflow/example_dags/example_sensors.py
[2024-03-21T00:10:30.361+0000] {processor.py:840} INFO - DAG(s) 'example_sensors' retrieved from /home/airflow/.local/lib/python3.8/site-packages/airflow/example_dags/example_sensors.py
[2024-03-21T00:10:30.390+0000] {logging_mixin.py:188} INFO - [2024-03-21T00:10:30.390+0000] {dag.py:3047} INFO - Sync 1 DAGs
[2024-03-21T00:10:30.406+0000] {logging_mixin.py:188} INFO - [2024-03-21T00:10:30.405+0000] {dag.py:3834} INFO - Setting next_dagrun for example_sensors to None, run_after=None
[2024-03-21T00:10:30.431+0000] {processor.py:183} INFO - Processing /home/airflow/.local/lib/python3.8/site-packages/airflow/example_dags/example_sensors.py took 0.087 seconds
[2024-03-21T00:17:09.722+0000] {processor.py:161} INFO - Started process (PID=84) to work on /home/airflow/.local/lib/python3.8/site-packages/airflow/example_dags/example_sensors.py
[2024-03-21T00:17:09.724+0000] {processor.py:830} INFO - Processing file /home/airflow/.local/lib/python3.8/site-packages/airflow/example_dags/example_sensors.py for tasks to queue
[2024-03-21T00:17:09.727+0000] {logging_mixin.py:188} INFO - [2024-03-21T00:17:09.727+0000] {dagbag.py:540} INFO - Filling up the DagBag from /home/airflow/.local/lib/python3.8/site-packages/airflow/example_dags/example_sensors.py
[2024-03-21T00:17:09.748+0000] {processor.py:840} INFO - DAG(s) 'example_sensors' retrieved from /home/airflow/.local/lib/python3.8/site-packages/airflow/example_dags/example_sensors.py
[2024-03-21T00:17:09.972+0000] {logging_mixin.py:188} INFO - [2024-03-21T00:17:09.971+0000] {dag.py:3047} INFO - Sync 1 DAGs
[2024-03-21T00:17:09.994+0000] {logging_mixin.py:188} INFO - [2024-03-21T00:17:09.993+0000] {dag.py:3834} INFO - Setting next_dagrun for example_sensors to None, run_after=None
[2024-03-21T00:17:10.032+0000] {processor.py:183} INFO - Processing /home/airflow/.local/lib/python3.8/site-packages/airflow/example_dags/example_sensors.py took 0.315 seconds
[2024-03-21T00:17:40.542+0000] {processor.py:161} INFO - Started process (PID=139) to work on /home/airflow/.local/lib/python3.8/site-packages/airflow/example_dags/example_sensors.py
[2024-03-21T00:17:40.544+0000] {processor.py:830} INFO - Processing file /home/airflow/.local/lib/python3.8/site-packages/airflow/example_dags/example_sensors.py for tasks to queue
[2024-03-21T00:17:40.546+0000] {logging_mixin.py:188} INFO - [2024-03-21T00:17:40.545+0000] {dagbag.py:540} INFO - Filling up the DagBag from /home/airflow/.local/lib/python3.8/site-packages/airflow/example_dags/example_sensors.py
[2024-03-21T00:17:40.556+0000] {processor.py:840} INFO - DAG(s) 'example_sensors' retrieved from /home/airflow/.local/lib/python3.8/site-packages/airflow/example_dags/example_sensors.py
[2024-03-21T00:17:40.588+0000] {logging_mixin.py:188} INFO - [2024-03-21T00:17:40.588+0000] {dag.py:3047} INFO - Sync 1 DAGs
[2024-03-21T00:17:40.600+0000] {logging_mixin.py:188} INFO - [2024-03-21T00:17:40.600+0000] {dag.py:3834} INFO - Setting next_dagrun for example_sensors to None, run_after=None
[2024-03-21T00:17:40.625+0000] {processor.py:183} INFO - Processing /home/airflow/.local/lib/python3.8/site-packages/airflow/example_dags/example_sensors.py took 0.085 seconds
[2024-03-21T00:18:10.995+0000] {processor.py:161} INFO - Started process (PID=194) to work on /home/airflow/.local/lib/python3.8/site-packages/airflow/example_dags/example_sensors.py
[2024-03-21T00:18:10.996+0000] {processor.py:830} INFO - Processing file /home/airflow/.local/lib/python3.8/site-packages/airflow/example_dags/example_sensors.py for tasks to queue
[2024-03-21T00:18:10.997+0000] {logging_mixin.py:188} INFO - [2024-03-21T00:18:10.997+0000] {dagbag.py:540} INFO - Filling up the DagBag from /home/airflow/.local/lib/python3.8/site-packages/airflow/example_dags/example_sensors.py
[2024-03-21T00:18:11.006+0000] {processor.py:840} INFO - DAG(s) 'example_sensors' retrieved from /home/airflow/.local/lib/python3.8/site-packages/airflow/example_dags/example_sensors.py
[2024-03-21T00:18:11.035+0000] {logging_mixin.py:188} INFO - [2024-03-21T00:18:11.034+0000] {dag.py:3047} INFO - Sync 1 DAGs
[2024-03-21T00:18:11.047+0000] {logging_mixin.py:188} INFO - [2024-03-21T00:18:11.047+0000] {dag.py:3834} INFO - Setting next_dagrun for example_sensors to None, run_after=None
[2024-03-21T00:18:11.072+0000] {processor.py:183} INFO - Processing /home/airflow/.local/lib/python3.8/site-packages/airflow/example_dags/example_sensors.py took 0.080 seconds
[2024-03-21T00:18:41.792+0000] {processor.py:161} INFO - Started process (PID=249) to work on /home/airflow/.local/lib/python3.8/site-packages/airflow/example_dags/example_sensors.py
[2024-03-21T00:18:41.794+0000] {processor.py:830} INFO - Processing file /home/airflow/.local/lib/python3.8/site-packages/airflow/example_dags/example_sensors.py for tasks to queue
[2024-03-21T00:18:41.798+0000] {logging_mixin.py:188} INFO - [2024-03-21T00:18:41.797+0000] {dagbag.py:540} INFO - Filling up the DagBag from /home/airflow/.local/lib/python3.8/site-packages/airflow/example_dags/example_sensors.py
[2024-03-21T00:18:41.829+0000] {processor.py:840} INFO - DAG(s) 'example_sensors' retrieved from /home/airflow/.local/lib/python3.8/site-packages/airflow/example_dags/example_sensors.py
[2024-03-21T00:18:41.892+0000] {logging_mixin.py:188} INFO - [2024-03-21T00:18:41.892+0000] {dag.py:3047} INFO - Sync 1 DAGs
[2024-03-21T00:18:41.932+0000] {logging_mixin.py:188} INFO - [2024-03-21T00:18:41.931+0000] {dag.py:3834} INFO - Setting next_dagrun for example_sensors to None, run_after=None
[2024-03-21T00:18:41.969+0000] {processor.py:183} INFO - Processing /home/airflow/.local/lib/python3.8/site-packages/airflow/example_dags/example_sensors.py took 0.189 seconds
[2024-03-21T00:19:12.155+0000] {processor.py:161} INFO - Started process (PID=304) to work on /home/airflow/.local/lib/python3.8/site-packages/airflow/example_dags/example_sensors.py
[2024-03-21T00:19:12.157+0000] {processor.py:830} INFO - Processing file /home/airflow/.local/lib/python3.8/site-packages/airflow/example_dags/example_sensors.py for tasks to queue
[2024-03-21T00:19:12.158+0000] {logging_mixin.py:188} INFO - [2024-03-21T00:19:12.158+0000] {dagbag.py:540} INFO - Filling up the DagBag from /home/airflow/.local/lib/python3.8/site-packages/airflow/example_dags/example_sensors.py
[2024-03-21T00:19:12.166+0000] {processor.py:840} INFO - DAG(s) 'example_sensors' retrieved from /home/airflow/.local/lib/python3.8/site-packages/airflow/example_dags/example_sensors.py
[2024-03-21T00:19:12.195+0000] {logging_mixin.py:188} INFO - [2024-03-21T00:19:12.195+0000] {dag.py:3047} INFO - Sync 1 DAGs
[2024-03-21T00:19:12.207+0000] {logging_mixin.py:188} INFO - [2024-03-21T00:19:12.207+0000] {dag.py:3834} INFO - Setting next_dagrun for example_sensors to None, run_after=None
[2024-03-21T00:19:12.230+0000] {processor.py:183} INFO - Processing /home/airflow/.local/lib/python3.8/site-packages/airflow/example_dags/example_sensors.py took 0.078 seconds
[2024-03-21T00:19:42.604+0000] {processor.py:161} INFO - Started process (PID=359) to work on /home/airflow/.local/lib/python3.8/site-packages/airflow/example_dags/example_sensors.py
[2024-03-21T00:19:42.606+0000] {processor.py:830} INFO - Processing file /home/airflow/.local/lib/python3.8/site-packages/airflow/example_dags/example_sensors.py for tasks to queue
[2024-03-21T00:19:42.608+0000] {logging_mixin.py:188} INFO - [2024-03-21T00:19:42.607+0000] {dagbag.py:540} INFO - Filling up the DagBag from /home/airflow/.local/lib/python3.8/site-packages/airflow/example_dags/example_sensors.py
[2024-03-21T00:19:42.619+0000] {processor.py:840} INFO - DAG(s) 'example_sensors' retrieved from /home/airflow/.local/lib/python3.8/site-packages/airflow/example_dags/example_sensors.py
[2024-03-21T00:19:42.646+0000] {logging_mixin.py:188} INFO - [2024-03-21T00:19:42.646+0000] {dag.py:3047} INFO - Sync 1 DAGs
[2024-03-21T00:19:42.658+0000] {logging_mixin.py:188} INFO - [2024-03-21T00:19:42.657+0000] {dag.py:3834} INFO - Setting next_dagrun for example_sensors to None, run_after=None
[2024-03-21T00:19:42.681+0000] {processor.py:183} INFO - Processing /home/airflow/.local/lib/python3.8/site-packages/airflow/example_dags/example_sensors.py took 0.080 seconds
[2024-03-21T00:20:12.923+0000] {processor.py:161} INFO - Started process (PID=414) to work on /home/airflow/.local/lib/python3.8/site-packages/airflow/example_dags/example_sensors.py
[2024-03-21T00:20:12.924+0000] {processor.py:830} INFO - Processing file /home/airflow/.local/lib/python3.8/site-packages/airflow/example_dags/example_sensors.py for tasks to queue
[2024-03-21T00:20:12.925+0000] {logging_mixin.py:188} INFO - [2024-03-21T00:20:12.925+0000] {dagbag.py:540} INFO - Filling up the DagBag from /home/airflow/.local/lib/python3.8/site-packages/airflow/example_dags/example_sensors.py
[2024-03-21T00:20:12.934+0000] {processor.py:840} INFO - DAG(s) 'example_sensors' retrieved from /home/airflow/.local/lib/python3.8/site-packages/airflow/example_dags/example_sensors.py
[2024-03-21T00:20:12.968+0000] {logging_mixin.py:188} INFO - [2024-03-21T00:20:12.968+0000] {dag.py:3047} INFO - Sync 1 DAGs
[2024-03-21T00:20:12.980+0000] {logging_mixin.py:188} INFO - [2024-03-21T00:20:12.980+0000] {dag.py:3834} INFO - Setting next_dagrun for example_sensors to None, run_after=None
[2024-03-21T00:20:13.002+0000] {processor.py:183} INFO - Processing /home/airflow/.local/lib/python3.8/site-packages/airflow/example_dags/example_sensors.py took 0.082 seconds
[2024-03-21T00:20:43.230+0000] {processor.py:161} INFO - Started process (PID=469) to work on /home/airflow/.local/lib/python3.8/site-packages/airflow/example_dags/example_sensors.py
[2024-03-21T00:20:43.232+0000] {processor.py:830} INFO - Processing file /home/airflow/.local/lib/python3.8/site-packages/airflow/example_dags/example_sensors.py for tasks to queue
[2024-03-21T00:20:43.233+0000] {logging_mixin.py:188} INFO - [2024-03-21T00:20:43.233+0000] {dagbag.py:540} INFO - Filling up the DagBag from /home/airflow/.local/lib/python3.8/site-packages/airflow/example_dags/example_sensors.py
[2024-03-21T00:20:43.241+0000] {processor.py:840} INFO - DAG(s) 'example_sensors' retrieved from /home/airflow/.local/lib/python3.8/site-packages/airflow/example_dags/example_sensors.py
[2024-03-21T00:20:43.269+0000] {logging_mixin.py:188} INFO - [2024-03-21T00:20:43.269+0000] {dag.py:3047} INFO - Sync 1 DAGs
[2024-03-21T00:20:43.280+0000] {logging_mixin.py:188} INFO - [2024-03-21T00:20:43.280+0000] {dag.py:3834} INFO - Setting next_dagrun for example_sensors to None, run_after=None
[2024-03-21T00:20:43.302+0000] {processor.py:183} INFO - Processing /home/airflow/.local/lib/python3.8/site-packages/airflow/example_dags/example_sensors.py took 0.076 seconds
[2024-03-21T00:21:13.599+0000] {processor.py:161} INFO - Started process (PID=524) to work on /home/airflow/.local/lib/python3.8/site-packages/airflow/example_dags/example_sensors.py
[2024-03-21T00:21:13.600+0000] {processor.py:830} INFO - Processing file /home/airflow/.local/lib/python3.8/site-packages/airflow/example_dags/example_sensors.py for tasks to queue
[2024-03-21T00:21:13.602+0000] {logging_mixin.py:188} INFO - [2024-03-21T00:21:13.601+0000] {dagbag.py:540} INFO - Filling up the DagBag from /home/airflow/.local/lib/python3.8/site-packages/airflow/example_dags/example_sensors.py
[2024-03-21T00:21:13.611+0000] {processor.py:840} INFO - DAG(s) 'example_sensors' retrieved from /home/airflow/.local/lib/python3.8/site-packages/airflow/example_dags/example_sensors.py
[2024-03-21T00:21:13.641+0000] {logging_mixin.py:188} INFO - [2024-03-21T00:21:13.641+0000] {dag.py:3047} INFO - Sync 1 DAGs
[2024-03-21T00:21:13.654+0000] {logging_mixin.py:188} INFO - [2024-03-21T00:21:13.654+0000] {dag.py:3834} INFO - Setting next_dagrun for example_sensors to None, run_after=None
[2024-03-21T00:21:13.683+0000] {processor.py:183} INFO - Processing /home/airflow/.local/lib/python3.8/site-packages/airflow/example_dags/example_sensors.py took 0.087 seconds
[2024-03-21T00:21:44.075+0000] {processor.py:161} INFO - Started process (PID=579) to work on /home/airflow/.local/lib/python3.8/site-packages/airflow/example_dags/example_sensors.py
[2024-03-21T00:21:44.077+0000] {processor.py:830} INFO - Processing file /home/airflow/.local/lib/python3.8/site-packages/airflow/example_dags/example_sensors.py for tasks to queue
[2024-03-21T00:21:44.080+0000] {logging_mixin.py:188} INFO - [2024-03-21T00:21:44.079+0000] {dagbag.py:540} INFO - Filling up the DagBag from /home/airflow/.local/lib/python3.8/site-packages/airflow/example_dags/example_sensors.py
[2024-03-21T00:21:44.092+0000] {processor.py:840} INFO - DAG(s) 'example_sensors' retrieved from /home/airflow/.local/lib/python3.8/site-packages/airflow/example_dags/example_sensors.py
[2024-03-21T00:21:44.129+0000] {logging_mixin.py:188} INFO - [2024-03-21T00:21:44.129+0000] {dag.py:3047} INFO - Sync 1 DAGs
[2024-03-21T00:21:44.146+0000] {logging_mixin.py:188} INFO - [2024-03-21T00:21:44.145+0000] {dag.py:3834} INFO - Setting next_dagrun for example_sensors to None, run_after=None
[2024-03-21T00:21:44.173+0000] {processor.py:183} INFO - Processing /home/airflow/.local/lib/python3.8/site-packages/airflow/example_dags/example_sensors.py took 0.103 seconds
[2024-03-21T01:13:21.866+0000] {processor.py:161} INFO - Started process (PID=73) to work on /home/airflow/.local/lib/python3.8/site-packages/airflow/example_dags/example_sensors.py
[2024-03-21T01:13:21.867+0000] {processor.py:830} INFO - Processing file /home/airflow/.local/lib/python3.8/site-packages/airflow/example_dags/example_sensors.py for tasks to queue
[2024-03-21T01:13:21.869+0000] {logging_mixin.py:188} INFO - [2024-03-21T01:13:21.869+0000] {dagbag.py:540} INFO - Filling up the DagBag from /home/airflow/.local/lib/python3.8/site-packages/airflow/example_dags/example_sensors.py
[2024-03-21T01:13:21.882+0000] {processor.py:840} INFO - DAG(s) 'example_sensors' retrieved from /home/airflow/.local/lib/python3.8/site-packages/airflow/example_dags/example_sensors.py
[2024-03-21T01:13:21.919+0000] {logging_mixin.py:188} INFO - [2024-03-21T01:13:21.918+0000] {dag.py:3047} INFO - Sync 1 DAGs
[2024-03-21T01:13:21.939+0000] {logging_mixin.py:188} INFO - [2024-03-21T01:13:21.939+0000] {dag.py:3834} INFO - Setting next_dagrun for example_sensors to None, run_after=None
[2024-03-21T01:13:21.979+0000] {processor.py:183} INFO - Processing /home/airflow/.local/lib/python3.8/site-packages/airflow/example_dags/example_sensors.py took 0.117 seconds
[2024-03-21T01:13:52.360+0000] {processor.py:161} INFO - Started process (PID=128) to work on /home/airflow/.local/lib/python3.8/site-packages/airflow/example_dags/example_sensors.py
[2024-03-21T01:13:52.361+0000] {processor.py:830} INFO - Processing file /home/airflow/.local/lib/python3.8/site-packages/airflow/example_dags/example_sensors.py for tasks to queue
[2024-03-21T01:13:52.363+0000] {logging_mixin.py:188} INFO - [2024-03-21T01:13:52.363+0000] {dagbag.py:540} INFO - Filling up the DagBag from /home/airflow/.local/lib/python3.8/site-packages/airflow/example_dags/example_sensors.py
[2024-03-21T01:13:52.372+0000] {processor.py:840} INFO - DAG(s) 'example_sensors' retrieved from /home/airflow/.local/lib/python3.8/site-packages/airflow/example_dags/example_sensors.py
[2024-03-21T01:13:52.397+0000] {logging_mixin.py:188} INFO - [2024-03-21T01:13:52.397+0000] {dag.py:3047} INFO - Sync 1 DAGs
[2024-03-21T01:13:52.411+0000] {logging_mixin.py:188} INFO - [2024-03-21T01:13:52.410+0000] {dag.py:3834} INFO - Setting next_dagrun for example_sensors to None, run_after=None
[2024-03-21T01:13:52.431+0000] {processor.py:183} INFO - Processing /home/airflow/.local/lib/python3.8/site-packages/airflow/example_dags/example_sensors.py took 0.074 seconds
[2024-03-21T01:14:23.216+0000] {processor.py:161} INFO - Started process (PID=183) to work on /home/airflow/.local/lib/python3.8/site-packages/airflow/example_dags/example_sensors.py
[2024-03-21T01:14:23.218+0000] {processor.py:830} INFO - Processing file /home/airflow/.local/lib/python3.8/site-packages/airflow/example_dags/example_sensors.py for tasks to queue
[2024-03-21T01:14:23.222+0000] {logging_mixin.py:188} INFO - [2024-03-21T01:14:23.221+0000] {dagbag.py:540} INFO - Filling up the DagBag from /home/airflow/.local/lib/python3.8/site-packages/airflow/example_dags/example_sensors.py
[2024-03-21T01:14:23.244+0000] {processor.py:840} INFO - DAG(s) 'example_sensors' retrieved from /home/airflow/.local/lib/python3.8/site-packages/airflow/example_dags/example_sensors.py
[2024-03-21T01:14:23.296+0000] {logging_mixin.py:188} INFO - [2024-03-21T01:14:23.295+0000] {dag.py:3047} INFO - Sync 1 DAGs
[2024-03-21T01:14:23.319+0000] {logging_mixin.py:188} INFO - [2024-03-21T01:14:23.319+0000] {dag.py:3834} INFO - Setting next_dagrun for example_sensors to None, run_after=None
[2024-03-21T01:14:23.368+0000] {processor.py:183} INFO - Processing /home/airflow/.local/lib/python3.8/site-packages/airflow/example_dags/example_sensors.py took 0.158 seconds
[2024-03-21T01:14:55.359+0000] {processor.py:161} INFO - Started process (PID=238) to work on /home/airflow/.local/lib/python3.8/site-packages/airflow/example_dags/example_sensors.py
[2024-03-21T01:14:55.360+0000] {processor.py:830} INFO - Processing file /home/airflow/.local/lib/python3.8/site-packages/airflow/example_dags/example_sensors.py for tasks to queue
[2024-03-21T01:14:55.362+0000] {logging_mixin.py:188} INFO - [2024-03-21T01:14:55.361+0000] {dagbag.py:540} INFO - Filling up the DagBag from /home/airflow/.local/lib/python3.8/site-packages/airflow/example_dags/example_sensors.py
[2024-03-21T01:14:55.372+0000] {processor.py:840} INFO - DAG(s) 'example_sensors' retrieved from /home/airflow/.local/lib/python3.8/site-packages/airflow/example_dags/example_sensors.py
[2024-03-21T01:14:55.422+0000] {logging_mixin.py:188} INFO - [2024-03-21T01:14:55.421+0000] {dag.py:3047} INFO - Sync 1 DAGs
[2024-03-21T01:14:55.441+0000] {logging_mixin.py:188} INFO - [2024-03-21T01:14:55.441+0000] {dag.py:3834} INFO - Setting next_dagrun for example_sensors to None, run_after=None
[2024-03-21T01:14:55.473+0000] {processor.py:183} INFO - Processing /home/airflow/.local/lib/python3.8/site-packages/airflow/example_dags/example_sensors.py took 0.118 seconds
[2024-03-21T01:15:29.926+0000] {processor.py:161} INFO - Started process (PID=299) to work on /home/airflow/.local/lib/python3.8/site-packages/airflow/example_dags/example_sensors.py
[2024-03-21T01:15:29.930+0000] {processor.py:830} INFO - Processing file /home/airflow/.local/lib/python3.8/site-packages/airflow/example_dags/example_sensors.py for tasks to queue
[2024-03-21T01:15:29.935+0000] {logging_mixin.py:188} INFO - [2024-03-21T01:15:29.934+0000] {dagbag.py:540} INFO - Filling up the DagBag from /home/airflow/.local/lib/python3.8/site-packages/airflow/example_dags/example_sensors.py
[2024-03-21T01:15:29.972+0000] {processor.py:840} INFO - DAG(s) 'example_sensors' retrieved from /home/airflow/.local/lib/python3.8/site-packages/airflow/example_dags/example_sensors.py
[2024-03-21T01:15:30.104+0000] {logging_mixin.py:188} INFO - [2024-03-21T01:15:30.103+0000] {dag.py:3047} INFO - Sync 1 DAGs
[2024-03-21T01:15:30.149+0000] {logging_mixin.py:188} INFO - [2024-03-21T01:15:30.148+0000] {dag.py:3834} INFO - Setting next_dagrun for example_sensors to None, run_after=None
[2024-03-21T01:15:30.297+0000] {processor.py:183} INFO - Processing /home/airflow/.local/lib/python3.8/site-packages/airflow/example_dags/example_sensors.py took 0.391 seconds
[2024-03-21T01:16:01.039+0000] {processor.py:161} INFO - Started process (PID=353) to work on /home/airflow/.local/lib/python3.8/site-packages/airflow/example_dags/example_sensors.py
[2024-03-21T01:16:01.040+0000] {processor.py:830} INFO - Processing file /home/airflow/.local/lib/python3.8/site-packages/airflow/example_dags/example_sensors.py for tasks to queue
[2024-03-21T01:16:01.042+0000] {logging_mixin.py:188} INFO - [2024-03-21T01:16:01.041+0000] {dagbag.py:540} INFO - Filling up the DagBag from /home/airflow/.local/lib/python3.8/site-packages/airflow/example_dags/example_sensors.py
[2024-03-21T01:16:01.054+0000] {processor.py:840} INFO - DAG(s) 'example_sensors' retrieved from /home/airflow/.local/lib/python3.8/site-packages/airflow/example_dags/example_sensors.py
[2024-03-21T01:16:01.067+0000] {logging_mixin.py:188} INFO - [2024-03-21T01:16:01.066+0000] {dag.py:3047} INFO - Sync 1 DAGs
[2024-03-21T01:16:01.080+0000] {logging_mixin.py:188} INFO - [2024-03-21T01:16:01.080+0000] {dag.py:3834} INFO - Setting next_dagrun for example_sensors to None, run_after=None
[2024-03-21T01:16:01.104+0000] {processor.py:183} INFO - Processing /home/airflow/.local/lib/python3.8/site-packages/airflow/example_dags/example_sensors.py took 0.068 seconds
[2024-03-21T01:16:31.189+0000] {processor.py:161} INFO - Started process (PID=408) to work on /home/airflow/.local/lib/python3.8/site-packages/airflow/example_dags/example_sensors.py
[2024-03-21T01:16:31.191+0000] {processor.py:830} INFO - Processing file /home/airflow/.local/lib/python3.8/site-packages/airflow/example_dags/example_sensors.py for tasks to queue
[2024-03-21T01:16:31.193+0000] {logging_mixin.py:188} INFO - [2024-03-21T01:16:31.192+0000] {dagbag.py:540} INFO - Filling up the DagBag from /home/airflow/.local/lib/python3.8/site-packages/airflow/example_dags/example_sensors.py
[2024-03-21T01:16:31.205+0000] {processor.py:840} INFO - DAG(s) 'example_sensors' retrieved from /home/airflow/.local/lib/python3.8/site-packages/airflow/example_dags/example_sensors.py
[2024-03-21T01:16:31.382+0000] {logging_mixin.py:188} INFO - [2024-03-21T01:16:31.381+0000] {dag.py:3047} INFO - Sync 1 DAGs
[2024-03-21T01:16:31.398+0000] {logging_mixin.py:188} INFO - [2024-03-21T01:16:31.397+0000] {dag.py:3834} INFO - Setting next_dagrun for example_sensors to None, run_after=None
[2024-03-21T01:16:31.431+0000] {processor.py:183} INFO - Processing /home/airflow/.local/lib/python3.8/site-packages/airflow/example_dags/example_sensors.py took 0.246 seconds
[2024-03-21T01:17:03.417+0000] {processor.py:161} INFO - Started process (PID=462) to work on /home/airflow/.local/lib/python3.8/site-packages/airflow/example_dags/example_sensors.py
[2024-03-21T01:17:03.419+0000] {processor.py:830} INFO - Processing file /home/airflow/.local/lib/python3.8/site-packages/airflow/example_dags/example_sensors.py for tasks to queue
[2024-03-21T01:17:03.422+0000] {logging_mixin.py:188} INFO - [2024-03-21T01:17:03.422+0000] {dagbag.py:540} INFO - Filling up the DagBag from /home/airflow/.local/lib/python3.8/site-packages/airflow/example_dags/example_sensors.py
[2024-03-21T01:17:03.438+0000] {processor.py:840} INFO - DAG(s) 'example_sensors' retrieved from /home/airflow/.local/lib/python3.8/site-packages/airflow/example_dags/example_sensors.py
[2024-03-21T01:17:03.483+0000] {logging_mixin.py:188} INFO - [2024-03-21T01:17:03.482+0000] {dag.py:3047} INFO - Sync 1 DAGs
[2024-03-21T01:17:03.503+0000] {logging_mixin.py:188} INFO - [2024-03-21T01:17:03.503+0000] {dag.py:3834} INFO - Setting next_dagrun for example_sensors to None, run_after=None
[2024-03-21T01:17:03.537+0000] {processor.py:183} INFO - Processing /home/airflow/.local/lib/python3.8/site-packages/airflow/example_dags/example_sensors.py took 0.127 seconds
[2024-03-21T01:17:34.463+0000] {processor.py:161} INFO - Started process (PID=517) to work on /home/airflow/.local/lib/python3.8/site-packages/airflow/example_dags/example_sensors.py
[2024-03-21T01:17:34.464+0000] {processor.py:830} INFO - Processing file /home/airflow/.local/lib/python3.8/site-packages/airflow/example_dags/example_sensors.py for tasks to queue
[2024-03-21T01:17:34.467+0000] {logging_mixin.py:188} INFO - [2024-03-21T01:17:34.467+0000] {dagbag.py:540} INFO - Filling up the DagBag from /home/airflow/.local/lib/python3.8/site-packages/airflow/example_dags/example_sensors.py
[2024-03-21T01:17:34.485+0000] {processor.py:840} INFO - DAG(s) 'example_sensors' retrieved from /home/airflow/.local/lib/python3.8/site-packages/airflow/example_dags/example_sensors.py
[2024-03-21T01:17:34.522+0000] {logging_mixin.py:188} INFO - [2024-03-21T01:17:34.522+0000] {dag.py:3047} INFO - Sync 1 DAGs
[2024-03-21T01:17:34.552+0000] {logging_mixin.py:188} INFO - [2024-03-21T01:17:34.552+0000] {dag.py:3834} INFO - Setting next_dagrun for example_sensors to None, run_after=None
[2024-03-21T01:17:34.588+0000] {processor.py:183} INFO - Processing /home/airflow/.local/lib/python3.8/site-packages/airflow/example_dags/example_sensors.py took 0.131 seconds
[2024-03-21T01:18:04.629+0000] {processor.py:161} INFO - Started process (PID=571) to work on /home/airflow/.local/lib/python3.8/site-packages/airflow/example_dags/example_sensors.py
[2024-03-21T01:18:04.631+0000] {processor.py:830} INFO - Processing file /home/airflow/.local/lib/python3.8/site-packages/airflow/example_dags/example_sensors.py for tasks to queue
[2024-03-21T01:18:04.633+0000] {logging_mixin.py:188} INFO - [2024-03-21T01:18:04.633+0000] {dagbag.py:540} INFO - Filling up the DagBag from /home/airflow/.local/lib/python3.8/site-packages/airflow/example_dags/example_sensors.py
[2024-03-21T01:18:04.646+0000] {processor.py:840} INFO - DAG(s) 'example_sensors' retrieved from /home/airflow/.local/lib/python3.8/site-packages/airflow/example_dags/example_sensors.py
[2024-03-21T01:18:04.686+0000] {logging_mixin.py:188} INFO - [2024-03-21T01:18:04.686+0000] {dag.py:3047} INFO - Sync 1 DAGs
[2024-03-21T01:18:04.706+0000] {logging_mixin.py:188} INFO - [2024-03-21T01:18:04.705+0000] {dag.py:3834} INFO - Setting next_dagrun for example_sensors to None, run_after=None
[2024-03-21T01:18:04.742+0000] {processor.py:183} INFO - Processing /home/airflow/.local/lib/python3.8/site-packages/airflow/example_dags/example_sensors.py took 0.117 seconds
[2024-03-21T01:18:35.138+0000] {processor.py:161} INFO - Started process (PID=626) to work on /home/airflow/.local/lib/python3.8/site-packages/airflow/example_dags/example_sensors.py
[2024-03-21T01:18:35.140+0000] {processor.py:830} INFO - Processing file /home/airflow/.local/lib/python3.8/site-packages/airflow/example_dags/example_sensors.py for tasks to queue
[2024-03-21T01:18:35.142+0000] {logging_mixin.py:188} INFO - [2024-03-21T01:18:35.142+0000] {dagbag.py:540} INFO - Filling up the DagBag from /home/airflow/.local/lib/python3.8/site-packages/airflow/example_dags/example_sensors.py
[2024-03-21T01:18:35.153+0000] {processor.py:840} INFO - DAG(s) 'example_sensors' retrieved from /home/airflow/.local/lib/python3.8/site-packages/airflow/example_dags/example_sensors.py
[2024-03-21T01:18:35.193+0000] {logging_mixin.py:188} INFO - [2024-03-21T01:18:35.193+0000] {dag.py:3047} INFO - Sync 1 DAGs
[2024-03-21T01:18:35.211+0000] {logging_mixin.py:188} INFO - [2024-03-21T01:18:35.210+0000] {dag.py:3834} INFO - Setting next_dagrun for example_sensors to None, run_after=None
[2024-03-21T01:18:35.243+0000] {processor.py:183} INFO - Processing /home/airflow/.local/lib/python3.8/site-packages/airflow/example_dags/example_sensors.py took 0.110 seconds
[2024-03-21T01:19:07.143+0000] {processor.py:161} INFO - Started process (PID=682) to work on /home/airflow/.local/lib/python3.8/site-packages/airflow/example_dags/example_sensors.py
[2024-03-21T01:19:07.145+0000] {processor.py:830} INFO - Processing file /home/airflow/.local/lib/python3.8/site-packages/airflow/example_dags/example_sensors.py for tasks to queue
[2024-03-21T01:19:07.149+0000] {logging_mixin.py:188} INFO - [2024-03-21T01:19:07.148+0000] {dagbag.py:540} INFO - Filling up the DagBag from /home/airflow/.local/lib/python3.8/site-packages/airflow/example_dags/example_sensors.py
[2024-03-21T01:19:07.165+0000] {processor.py:840} INFO - DAG(s) 'example_sensors' retrieved from /home/airflow/.local/lib/python3.8/site-packages/airflow/example_dags/example_sensors.py
[2024-03-21T01:19:07.257+0000] {logging_mixin.py:188} INFO - [2024-03-21T01:19:07.256+0000] {dag.py:3047} INFO - Sync 1 DAGs
[2024-03-21T01:19:07.295+0000] {logging_mixin.py:188} INFO - [2024-03-21T01:19:07.294+0000] {dag.py:3834} INFO - Setting next_dagrun for example_sensors to None, run_after=None
[2024-03-21T01:19:07.366+0000] {processor.py:183} INFO - Processing /home/airflow/.local/lib/python3.8/site-packages/airflow/example_dags/example_sensors.py took 0.234 seconds
[2024-03-21T01:19:37.762+0000] {processor.py:161} INFO - Started process (PID=738) to work on /home/airflow/.local/lib/python3.8/site-packages/airflow/example_dags/example_sensors.py
[2024-03-21T01:19:37.768+0000] {processor.py:830} INFO - Processing file /home/airflow/.local/lib/python3.8/site-packages/airflow/example_dags/example_sensors.py for tasks to queue
[2024-03-21T01:19:37.772+0000] {logging_mixin.py:188} INFO - [2024-03-21T01:19:37.771+0000] {dagbag.py:540} INFO - Filling up the DagBag from /home/airflow/.local/lib/python3.8/site-packages/airflow/example_dags/example_sensors.py
[2024-03-21T01:19:37.810+0000] {processor.py:840} INFO - DAG(s) 'example_sensors' retrieved from /home/airflow/.local/lib/python3.8/site-packages/airflow/example_dags/example_sensors.py
[2024-03-21T01:19:37.858+0000] {logging_mixin.py:188} INFO - [2024-03-21T01:19:37.857+0000] {dag.py:3047} INFO - Sync 1 DAGs
[2024-03-21T01:19:37.894+0000] {logging_mixin.py:188} INFO - [2024-03-21T01:19:37.894+0000] {dag.py:3834} INFO - Setting next_dagrun for example_sensors to None, run_after=None
[2024-03-21T01:19:37.928+0000] {processor.py:183} INFO - Processing /home/airflow/.local/lib/python3.8/site-packages/airflow/example_dags/example_sensors.py took 0.190 seconds
[2024-03-21T01:20:08.603+0000] {processor.py:161} INFO - Started process (PID=793) to work on /home/airflow/.local/lib/python3.8/site-packages/airflow/example_dags/example_sensors.py
[2024-03-21T01:20:08.605+0000] {processor.py:830} INFO - Processing file /home/airflow/.local/lib/python3.8/site-packages/airflow/example_dags/example_sensors.py for tasks to queue
[2024-03-21T01:20:08.609+0000] {logging_mixin.py:188} INFO - [2024-03-21T01:20:08.609+0000] {dagbag.py:540} INFO - Filling up the DagBag from /home/airflow/.local/lib/python3.8/site-packages/airflow/example_dags/example_sensors.py
[2024-03-21T01:20:08.633+0000] {processor.py:840} INFO - DAG(s) 'example_sensors' retrieved from /home/airflow/.local/lib/python3.8/site-packages/airflow/example_dags/example_sensors.py
[2024-03-21T01:20:08.709+0000] {logging_mixin.py:188} INFO - [2024-03-21T01:20:08.708+0000] {dag.py:3047} INFO - Sync 1 DAGs
[2024-03-21T01:20:08.752+0000] {logging_mixin.py:188} INFO - [2024-03-21T01:20:08.751+0000] {dag.py:3834} INFO - Setting next_dagrun for example_sensors to None, run_after=None
[2024-03-21T01:20:08.809+0000] {processor.py:183} INFO - Processing /home/airflow/.local/lib/python3.8/site-packages/airflow/example_dags/example_sensors.py took 0.215 seconds
[2024-03-21T01:20:39.470+0000] {processor.py:161} INFO - Started process (PID=848) to work on /home/airflow/.local/lib/python3.8/site-packages/airflow/example_dags/example_sensors.py
[2024-03-21T01:20:39.476+0000] {processor.py:830} INFO - Processing file /home/airflow/.local/lib/python3.8/site-packages/airflow/example_dags/example_sensors.py for tasks to queue
[2024-03-21T01:20:39.479+0000] {logging_mixin.py:188} INFO - [2024-03-21T01:20:39.479+0000] {dagbag.py:540} INFO - Filling up the DagBag from /home/airflow/.local/lib/python3.8/site-packages/airflow/example_dags/example_sensors.py
[2024-03-21T01:20:39.498+0000] {processor.py:840} INFO - DAG(s) 'example_sensors' retrieved from /home/airflow/.local/lib/python3.8/site-packages/airflow/example_dags/example_sensors.py
[2024-03-21T01:20:39.560+0000] {logging_mixin.py:188} INFO - [2024-03-21T01:20:39.559+0000] {dag.py:3047} INFO - Sync 1 DAGs
[2024-03-21T01:20:39.575+0000] {logging_mixin.py:188} INFO - [2024-03-21T01:20:39.574+0000] {dag.py:3834} INFO - Setting next_dagrun for example_sensors to None, run_after=None
[2024-03-21T01:20:39.597+0000] {processor.py:183} INFO - Processing /home/airflow/.local/lib/python3.8/site-packages/airflow/example_dags/example_sensors.py took 0.133 seconds
[2024-03-21T01:21:10.482+0000] {processor.py:161} INFO - Started process (PID=902) to work on /home/airflow/.local/lib/python3.8/site-packages/airflow/example_dags/example_sensors.py
[2024-03-21T01:21:10.484+0000] {processor.py:830} INFO - Processing file /home/airflow/.local/lib/python3.8/site-packages/airflow/example_dags/example_sensors.py for tasks to queue
[2024-03-21T01:21:10.492+0000] {logging_mixin.py:188} INFO - [2024-03-21T01:21:10.490+0000] {dagbag.py:540} INFO - Filling up the DagBag from /home/airflow/.local/lib/python3.8/site-packages/airflow/example_dags/example_sensors.py
[2024-03-21T01:21:10.515+0000] {processor.py:840} INFO - DAG(s) 'example_sensors' retrieved from /home/airflow/.local/lib/python3.8/site-packages/airflow/example_dags/example_sensors.py
[2024-03-21T01:21:10.572+0000] {logging_mixin.py:188} INFO - [2024-03-21T01:21:10.572+0000] {dag.py:3047} INFO - Sync 1 DAGs
[2024-03-21T01:21:10.599+0000] {logging_mixin.py:188} INFO - [2024-03-21T01:21:10.598+0000] {dag.py:3834} INFO - Setting next_dagrun for example_sensors to None, run_after=None
[2024-03-21T01:21:10.639+0000] {processor.py:183} INFO - Processing /home/airflow/.local/lib/python3.8/site-packages/airflow/example_dags/example_sensors.py took 0.163 seconds
[2024-03-21T01:21:40.881+0000] {processor.py:161} INFO - Started process (PID=957) to work on /home/airflow/.local/lib/python3.8/site-packages/airflow/example_dags/example_sensors.py
[2024-03-21T01:21:40.883+0000] {processor.py:830} INFO - Processing file /home/airflow/.local/lib/python3.8/site-packages/airflow/example_dags/example_sensors.py for tasks to queue
[2024-03-21T01:21:40.886+0000] {logging_mixin.py:188} INFO - [2024-03-21T01:21:40.886+0000] {dagbag.py:540} INFO - Filling up the DagBag from /home/airflow/.local/lib/python3.8/site-packages/airflow/example_dags/example_sensors.py
[2024-03-21T01:21:40.905+0000] {processor.py:840} INFO - DAG(s) 'example_sensors' retrieved from /home/airflow/.local/lib/python3.8/site-packages/airflow/example_dags/example_sensors.py
[2024-03-21T01:21:40.949+0000] {logging_mixin.py:188} INFO - [2024-03-21T01:21:40.948+0000] {dag.py:3047} INFO - Sync 1 DAGs
[2024-03-21T01:21:40.971+0000] {logging_mixin.py:188} INFO - [2024-03-21T01:21:40.970+0000] {dag.py:3834} INFO - Setting next_dagrun for example_sensors to None, run_after=None
[2024-03-21T01:21:41.014+0000] {processor.py:183} INFO - Processing /home/airflow/.local/lib/python3.8/site-packages/airflow/example_dags/example_sensors.py took 0.138 seconds
[2024-03-21T01:22:11.615+0000] {processor.py:161} INFO - Started process (PID=1013) to work on /home/airflow/.local/lib/python3.8/site-packages/airflow/example_dags/example_sensors.py
[2024-03-21T01:22:11.616+0000] {processor.py:830} INFO - Processing file /home/airflow/.local/lib/python3.8/site-packages/airflow/example_dags/example_sensors.py for tasks to queue
[2024-03-21T01:22:11.618+0000] {logging_mixin.py:188} INFO - [2024-03-21T01:22:11.617+0000] {dagbag.py:540} INFO - Filling up the DagBag from /home/airflow/.local/lib/python3.8/site-packages/airflow/example_dags/example_sensors.py
[2024-03-21T01:22:11.632+0000] {processor.py:840} INFO - DAG(s) 'example_sensors' retrieved from /home/airflow/.local/lib/python3.8/site-packages/airflow/example_dags/example_sensors.py
[2024-03-21T01:22:11.661+0000] {logging_mixin.py:188} INFO - [2024-03-21T01:22:11.661+0000] {dag.py:3047} INFO - Sync 1 DAGs
[2024-03-21T01:22:11.674+0000] {logging_mixin.py:188} INFO - [2024-03-21T01:22:11.673+0000] {dag.py:3834} INFO - Setting next_dagrun for example_sensors to None, run_after=None
[2024-03-21T01:22:11.697+0000] {processor.py:183} INFO - Processing /home/airflow/.local/lib/python3.8/site-packages/airflow/example_dags/example_sensors.py took 0.086 seconds
[2024-03-21T01:22:42.484+0000] {processor.py:161} INFO - Started process (PID=1068) to work on /home/airflow/.local/lib/python3.8/site-packages/airflow/example_dags/example_sensors.py
[2024-03-21T01:22:42.486+0000] {processor.py:830} INFO - Processing file /home/airflow/.local/lib/python3.8/site-packages/airflow/example_dags/example_sensors.py for tasks to queue
[2024-03-21T01:22:42.488+0000] {logging_mixin.py:188} INFO - [2024-03-21T01:22:42.488+0000] {dagbag.py:540} INFO - Filling up the DagBag from /home/airflow/.local/lib/python3.8/site-packages/airflow/example_dags/example_sensors.py
[2024-03-21T01:22:42.501+0000] {processor.py:840} INFO - DAG(s) 'example_sensors' retrieved from /home/airflow/.local/lib/python3.8/site-packages/airflow/example_dags/example_sensors.py
[2024-03-21T01:22:42.554+0000] {logging_mixin.py:188} INFO - [2024-03-21T01:22:42.554+0000] {dag.py:3047} INFO - Sync 1 DAGs
[2024-03-21T01:22:42.582+0000] {logging_mixin.py:188} INFO - [2024-03-21T01:22:42.582+0000] {dag.py:3834} INFO - Setting next_dagrun for example_sensors to None, run_after=None
[2024-03-21T01:22:42.624+0000] {processor.py:183} INFO - Processing /home/airflow/.local/lib/python3.8/site-packages/airflow/example_dags/example_sensors.py took 0.144 seconds
[2024-03-21T01:23:12.792+0000] {processor.py:161} INFO - Started process (PID=1123) to work on /home/airflow/.local/lib/python3.8/site-packages/airflow/example_dags/example_sensors.py
[2024-03-21T01:23:12.793+0000] {processor.py:830} INFO - Processing file /home/airflow/.local/lib/python3.8/site-packages/airflow/example_dags/example_sensors.py for tasks to queue
[2024-03-21T01:23:12.795+0000] {logging_mixin.py:188} INFO - [2024-03-21T01:23:12.795+0000] {dagbag.py:540} INFO - Filling up the DagBag from /home/airflow/.local/lib/python3.8/site-packages/airflow/example_dags/example_sensors.py
[2024-03-21T01:23:12.809+0000] {processor.py:840} INFO - DAG(s) 'example_sensors' retrieved from /home/airflow/.local/lib/python3.8/site-packages/airflow/example_dags/example_sensors.py
[2024-03-21T01:23:12.857+0000] {logging_mixin.py:188} INFO - [2024-03-21T01:23:12.856+0000] {dag.py:3047} INFO - Sync 1 DAGs
[2024-03-21T01:23:12.877+0000] {logging_mixin.py:188} INFO - [2024-03-21T01:23:12.876+0000] {dag.py:3834} INFO - Setting next_dagrun for example_sensors to None, run_after=None
[2024-03-21T01:23:12.927+0000] {processor.py:183} INFO - Processing /home/airflow/.local/lib/python3.8/site-packages/airflow/example_dags/example_sensors.py took 0.138 seconds
[2024-03-21T01:23:43.021+0000] {processor.py:161} INFO - Started process (PID=1179) to work on /home/airflow/.local/lib/python3.8/site-packages/airflow/example_dags/example_sensors.py
[2024-03-21T01:23:43.023+0000] {processor.py:830} INFO - Processing file /home/airflow/.local/lib/python3.8/site-packages/airflow/example_dags/example_sensors.py for tasks to queue
[2024-03-21T01:23:43.025+0000] {logging_mixin.py:188} INFO - [2024-03-21T01:23:43.025+0000] {dagbag.py:540} INFO - Filling up the DagBag from /home/airflow/.local/lib/python3.8/site-packages/airflow/example_dags/example_sensors.py
[2024-03-21T01:23:43.038+0000] {processor.py:840} INFO - DAG(s) 'example_sensors' retrieved from /home/airflow/.local/lib/python3.8/site-packages/airflow/example_dags/example_sensors.py
[2024-03-21T01:23:43.076+0000] {logging_mixin.py:188} INFO - [2024-03-21T01:23:43.075+0000] {dag.py:3047} INFO - Sync 1 DAGs
[2024-03-21T01:23:43.104+0000] {logging_mixin.py:188} INFO - [2024-03-21T01:23:43.104+0000] {dag.py:3834} INFO - Setting next_dagrun for example_sensors to None, run_after=None
[2024-03-21T01:23:43.137+0000] {processor.py:183} INFO - Processing /home/airflow/.local/lib/python3.8/site-packages/airflow/example_dags/example_sensors.py took 0.120 seconds
[2024-03-21T01:24:13.329+0000] {processor.py:161} INFO - Started process (PID=1232) to work on /home/airflow/.local/lib/python3.8/site-packages/airflow/example_dags/example_sensors.py
[2024-03-21T01:24:13.330+0000] {processor.py:830} INFO - Processing file /home/airflow/.local/lib/python3.8/site-packages/airflow/example_dags/example_sensors.py for tasks to queue
[2024-03-21T01:24:13.333+0000] {logging_mixin.py:188} INFO - [2024-03-21T01:24:13.332+0000] {dagbag.py:540} INFO - Filling up the DagBag from /home/airflow/.local/lib/python3.8/site-packages/airflow/example_dags/example_sensors.py
[2024-03-21T01:24:13.344+0000] {processor.py:840} INFO - DAG(s) 'example_sensors' retrieved from /home/airflow/.local/lib/python3.8/site-packages/airflow/example_dags/example_sensors.py
[2024-03-21T01:24:13.378+0000] {logging_mixin.py:188} INFO - [2024-03-21T01:24:13.378+0000] {dag.py:3047} INFO - Sync 1 DAGs
[2024-03-21T01:24:13.394+0000] {logging_mixin.py:188} INFO - [2024-03-21T01:24:13.393+0000] {dag.py:3834} INFO - Setting next_dagrun for example_sensors to None, run_after=None
[2024-03-21T01:24:13.422+0000] {processor.py:183} INFO - Processing /home/airflow/.local/lib/python3.8/site-packages/airflow/example_dags/example_sensors.py took 0.097 seconds
[2024-03-21T01:24:44.267+0000] {processor.py:161} INFO - Started process (PID=1287) to work on /home/airflow/.local/lib/python3.8/site-packages/airflow/example_dags/example_sensors.py
[2024-03-21T01:24:44.268+0000] {processor.py:830} INFO - Processing file /home/airflow/.local/lib/python3.8/site-packages/airflow/example_dags/example_sensors.py for tasks to queue
[2024-03-21T01:24:44.270+0000] {logging_mixin.py:188} INFO - [2024-03-21T01:24:44.270+0000] {dagbag.py:540} INFO - Filling up the DagBag from /home/airflow/.local/lib/python3.8/site-packages/airflow/example_dags/example_sensors.py
[2024-03-21T01:24:44.282+0000] {processor.py:840} INFO - DAG(s) 'example_sensors' retrieved from /home/airflow/.local/lib/python3.8/site-packages/airflow/example_dags/example_sensors.py
[2024-03-21T01:24:44.315+0000] {logging_mixin.py:188} INFO - [2024-03-21T01:24:44.314+0000] {dag.py:3047} INFO - Sync 1 DAGs
[2024-03-21T01:24:44.331+0000] {logging_mixin.py:188} INFO - [2024-03-21T01:24:44.330+0000] {dag.py:3834} INFO - Setting next_dagrun for example_sensors to None, run_after=None
[2024-03-21T01:24:44.355+0000] {processor.py:183} INFO - Processing /home/airflow/.local/lib/python3.8/site-packages/airflow/example_dags/example_sensors.py took 0.093 seconds
[2024-03-21T01:25:14.634+0000] {processor.py:161} INFO - Started process (PID=1342) to work on /home/airflow/.local/lib/python3.8/site-packages/airflow/example_dags/example_sensors.py
[2024-03-21T01:25:14.635+0000] {processor.py:830} INFO - Processing file /home/airflow/.local/lib/python3.8/site-packages/airflow/example_dags/example_sensors.py for tasks to queue
[2024-03-21T01:25:14.638+0000] {logging_mixin.py:188} INFO - [2024-03-21T01:25:14.637+0000] {dagbag.py:540} INFO - Filling up the DagBag from /home/airflow/.local/lib/python3.8/site-packages/airflow/example_dags/example_sensors.py
[2024-03-21T01:25:14.651+0000] {processor.py:840} INFO - DAG(s) 'example_sensors' retrieved from /home/airflow/.local/lib/python3.8/site-packages/airflow/example_dags/example_sensors.py
[2024-03-21T01:25:14.696+0000] {logging_mixin.py:188} INFO - [2024-03-21T01:25:14.696+0000] {dag.py:3047} INFO - Sync 1 DAGs
[2024-03-21T01:25:14.714+0000] {logging_mixin.py:188} INFO - [2024-03-21T01:25:14.714+0000] {dag.py:3834} INFO - Setting next_dagrun for example_sensors to None, run_after=None
[2024-03-21T01:25:14.751+0000] {processor.py:183} INFO - Processing /home/airflow/.local/lib/python3.8/site-packages/airflow/example_dags/example_sensors.py took 0.122 seconds
[2024-03-21T01:25:45.014+0000] {processor.py:161} INFO - Started process (PID=1397) to work on /home/airflow/.local/lib/python3.8/site-packages/airflow/example_dags/example_sensors.py
[2024-03-21T01:25:45.016+0000] {processor.py:830} INFO - Processing file /home/airflow/.local/lib/python3.8/site-packages/airflow/example_dags/example_sensors.py for tasks to queue
[2024-03-21T01:25:45.018+0000] {logging_mixin.py:188} INFO - [2024-03-21T01:25:45.017+0000] {dagbag.py:540} INFO - Filling up the DagBag from /home/airflow/.local/lib/python3.8/site-packages/airflow/example_dags/example_sensors.py
[2024-03-21T01:25:45.030+0000] {processor.py:840} INFO - DAG(s) 'example_sensors' retrieved from /home/airflow/.local/lib/python3.8/site-packages/airflow/example_dags/example_sensors.py
[2024-03-21T01:25:45.065+0000] {logging_mixin.py:188} INFO - [2024-03-21T01:25:45.065+0000] {dag.py:3047} INFO - Sync 1 DAGs
[2024-03-21T01:25:45.081+0000] {logging_mixin.py:188} INFO - [2024-03-21T01:25:45.081+0000] {dag.py:3834} INFO - Setting next_dagrun for example_sensors to None, run_after=None
[2024-03-21T01:25:45.108+0000] {processor.py:183} INFO - Processing /home/airflow/.local/lib/python3.8/site-packages/airflow/example_dags/example_sensors.py took 0.098 seconds
[2024-03-21T01:26:16.012+0000] {processor.py:161} INFO - Started process (PID=1452) to work on /home/airflow/.local/lib/python3.8/site-packages/airflow/example_dags/example_sensors.py
[2024-03-21T01:26:16.014+0000] {processor.py:830} INFO - Processing file /home/airflow/.local/lib/python3.8/site-packages/airflow/example_dags/example_sensors.py for tasks to queue
[2024-03-21T01:26:16.019+0000] {logging_mixin.py:188} INFO - [2024-03-21T01:26:16.019+0000] {dagbag.py:540} INFO - Filling up the DagBag from /home/airflow/.local/lib/python3.8/site-packages/airflow/example_dags/example_sensors.py
[2024-03-21T01:26:16.051+0000] {processor.py:840} INFO - DAG(s) 'example_sensors' retrieved from /home/airflow/.local/lib/python3.8/site-packages/airflow/example_dags/example_sensors.py
[2024-03-21T01:26:16.127+0000] {logging_mixin.py:188} INFO - [2024-03-21T01:26:16.127+0000] {dag.py:3047} INFO - Sync 1 DAGs
[2024-03-21T01:26:16.157+0000] {logging_mixin.py:188} INFO - [2024-03-21T01:26:16.156+0000] {dag.py:3834} INFO - Setting next_dagrun for example_sensors to None, run_after=None
[2024-03-21T01:26:16.204+0000] {processor.py:183} INFO - Processing /home/airflow/.local/lib/python3.8/site-packages/airflow/example_dags/example_sensors.py took 0.208 seconds
[2024-03-21T01:26:46.441+0000] {processor.py:161} INFO - Started process (PID=1507) to work on /home/airflow/.local/lib/python3.8/site-packages/airflow/example_dags/example_sensors.py
[2024-03-21T01:26:46.443+0000] {processor.py:830} INFO - Processing file /home/airflow/.local/lib/python3.8/site-packages/airflow/example_dags/example_sensors.py for tasks to queue
[2024-03-21T01:26:46.445+0000] {logging_mixin.py:188} INFO - [2024-03-21T01:26:46.445+0000] {dagbag.py:540} INFO - Filling up the DagBag from /home/airflow/.local/lib/python3.8/site-packages/airflow/example_dags/example_sensors.py
[2024-03-21T01:26:46.466+0000] {processor.py:840} INFO - DAG(s) 'example_sensors' retrieved from /home/airflow/.local/lib/python3.8/site-packages/airflow/example_dags/example_sensors.py
[2024-03-21T01:26:46.519+0000] {logging_mixin.py:188} INFO - [2024-03-21T01:26:46.518+0000] {dag.py:3047} INFO - Sync 1 DAGs
[2024-03-21T01:26:46.538+0000] {logging_mixin.py:188} INFO - [2024-03-21T01:26:46.538+0000] {dag.py:3834} INFO - Setting next_dagrun for example_sensors to None, run_after=None
[2024-03-21T01:26:46.578+0000] {processor.py:183} INFO - Processing /home/airflow/.local/lib/python3.8/site-packages/airflow/example_dags/example_sensors.py took 0.143 seconds
[2024-03-21T01:27:17.003+0000] {processor.py:161} INFO - Started process (PID=1562) to work on /home/airflow/.local/lib/python3.8/site-packages/airflow/example_dags/example_sensors.py
[2024-03-21T01:27:17.005+0000] {processor.py:830} INFO - Processing file /home/airflow/.local/lib/python3.8/site-packages/airflow/example_dags/example_sensors.py for tasks to queue
[2024-03-21T01:27:17.008+0000] {logging_mixin.py:188} INFO - [2024-03-21T01:27:17.008+0000] {dagbag.py:540} INFO - Filling up the DagBag from /home/airflow/.local/lib/python3.8/site-packages/airflow/example_dags/example_sensors.py
[2024-03-21T01:27:17.028+0000] {processor.py:840} INFO - DAG(s) 'example_sensors' retrieved from /home/airflow/.local/lib/python3.8/site-packages/airflow/example_dags/example_sensors.py
[2024-03-21T01:27:17.079+0000] {logging_mixin.py:188} INFO - [2024-03-21T01:27:17.078+0000] {dag.py:3047} INFO - Sync 1 DAGs
[2024-03-21T01:27:17.108+0000] {logging_mixin.py:188} INFO - [2024-03-21T01:27:17.107+0000] {dag.py:3834} INFO - Setting next_dagrun for example_sensors to None, run_after=None
[2024-03-21T01:27:17.145+0000] {processor.py:183} INFO - Processing /home/airflow/.local/lib/python3.8/site-packages/airflow/example_dags/example_sensors.py took 0.149 seconds
[2024-03-21T01:27:47.304+0000] {processor.py:161} INFO - Started process (PID=1617) to work on /home/airflow/.local/lib/python3.8/site-packages/airflow/example_dags/example_sensors.py
[2024-03-21T01:27:47.305+0000] {processor.py:830} INFO - Processing file /home/airflow/.local/lib/python3.8/site-packages/airflow/example_dags/example_sensors.py for tasks to queue
[2024-03-21T01:27:47.309+0000] {logging_mixin.py:188} INFO - [2024-03-21T01:27:47.308+0000] {dagbag.py:540} INFO - Filling up the DagBag from /home/airflow/.local/lib/python3.8/site-packages/airflow/example_dags/example_sensors.py
[2024-03-21T01:27:47.327+0000] {processor.py:840} INFO - DAG(s) 'example_sensors' retrieved from /home/airflow/.local/lib/python3.8/site-packages/airflow/example_dags/example_sensors.py
[2024-03-21T01:27:47.423+0000] {logging_mixin.py:188} INFO - [2024-03-21T01:27:47.422+0000] {dag.py:3047} INFO - Sync 1 DAGs
[2024-03-21T01:27:47.453+0000] {logging_mixin.py:188} INFO - [2024-03-21T01:27:47.452+0000] {dag.py:3834} INFO - Setting next_dagrun for example_sensors to None, run_after=None
[2024-03-21T01:27:47.497+0000] {processor.py:183} INFO - Processing /home/airflow/.local/lib/python3.8/site-packages/airflow/example_dags/example_sensors.py took 0.198 seconds
[2024-03-21T01:28:18.092+0000] {processor.py:161} INFO - Started process (PID=1672) to work on /home/airflow/.local/lib/python3.8/site-packages/airflow/example_dags/example_sensors.py
[2024-03-21T01:28:18.094+0000] {processor.py:830} INFO - Processing file /home/airflow/.local/lib/python3.8/site-packages/airflow/example_dags/example_sensors.py for tasks to queue
[2024-03-21T01:28:18.096+0000] {logging_mixin.py:188} INFO - [2024-03-21T01:28:18.096+0000] {dagbag.py:540} INFO - Filling up the DagBag from /home/airflow/.local/lib/python3.8/site-packages/airflow/example_dags/example_sensors.py
[2024-03-21T01:28:18.116+0000] {processor.py:840} INFO - DAG(s) 'example_sensors' retrieved from /home/airflow/.local/lib/python3.8/site-packages/airflow/example_dags/example_sensors.py
[2024-03-21T01:28:18.162+0000] {logging_mixin.py:188} INFO - [2024-03-21T01:28:18.162+0000] {dag.py:3047} INFO - Sync 1 DAGs
[2024-03-21T01:28:18.183+0000] {logging_mixin.py:188} INFO - [2024-03-21T01:28:18.182+0000] {dag.py:3834} INFO - Setting next_dagrun for example_sensors to None, run_after=None
[2024-03-21T01:28:18.214+0000] {processor.py:183} INFO - Processing /home/airflow/.local/lib/python3.8/site-packages/airflow/example_dags/example_sensors.py took 0.129 seconds
[2024-03-21T01:28:51.678+0000] {processor.py:161} INFO - Started process (PID=1727) to work on /home/airflow/.local/lib/python3.8/site-packages/airflow/example_dags/example_sensors.py
[2024-03-21T01:28:51.680+0000] {processor.py:830} INFO - Processing file /home/airflow/.local/lib/python3.8/site-packages/airflow/example_dags/example_sensors.py for tasks to queue
[2024-03-21T01:28:51.684+0000] {logging_mixin.py:188} INFO - [2024-03-21T01:28:51.684+0000] {dagbag.py:540} INFO - Filling up the DagBag from /home/airflow/.local/lib/python3.8/site-packages/airflow/example_dags/example_sensors.py
[2024-03-21T01:28:51.725+0000] {processor.py:840} INFO - DAG(s) 'example_sensors' retrieved from /home/airflow/.local/lib/python3.8/site-packages/airflow/example_dags/example_sensors.py
[2024-03-21T01:28:51.819+0000] {logging_mixin.py:188} INFO - [2024-03-21T01:28:51.819+0000] {dag.py:3047} INFO - Sync 1 DAGs
[2024-03-21T01:28:51.862+0000] {logging_mixin.py:188} INFO - [2024-03-21T01:28:51.861+0000] {dag.py:3834} INFO - Setting next_dagrun for example_sensors to None, run_after=None
[2024-03-21T01:28:51.930+0000] {processor.py:183} INFO - Processing /home/airflow/.local/lib/python3.8/site-packages/airflow/example_dags/example_sensors.py took 0.260 seconds
[2024-03-21T01:29:22.079+0000] {processor.py:161} INFO - Started process (PID=1783) to work on /home/airflow/.local/lib/python3.8/site-packages/airflow/example_dags/example_sensors.py
[2024-03-21T01:29:22.080+0000] {processor.py:830} INFO - Processing file /home/airflow/.local/lib/python3.8/site-packages/airflow/example_dags/example_sensors.py for tasks to queue
[2024-03-21T01:29:22.083+0000] {logging_mixin.py:188} INFO - [2024-03-21T01:29:22.083+0000] {dagbag.py:540} INFO - Filling up the DagBag from /home/airflow/.local/lib/python3.8/site-packages/airflow/example_dags/example_sensors.py
[2024-03-21T01:29:22.104+0000] {processor.py:840} INFO - DAG(s) 'example_sensors' retrieved from /home/airflow/.local/lib/python3.8/site-packages/airflow/example_dags/example_sensors.py
[2024-03-21T01:29:22.209+0000] {logging_mixin.py:188} INFO - [2024-03-21T01:29:22.209+0000] {dag.py:3047} INFO - Sync 1 DAGs
[2024-03-21T01:29:22.231+0000] {logging_mixin.py:188} INFO - [2024-03-21T01:29:22.231+0000] {dag.py:3834} INFO - Setting next_dagrun for example_sensors to None, run_after=None
[2024-03-21T01:29:22.307+0000] {processor.py:183} INFO - Processing /home/airflow/.local/lib/python3.8/site-packages/airflow/example_dags/example_sensors.py took 0.232 seconds
[2024-03-21T01:29:52.978+0000] {processor.py:161} INFO - Started process (PID=1838) to work on /home/airflow/.local/lib/python3.8/site-packages/airflow/example_dags/example_sensors.py
[2024-03-21T01:29:52.980+0000] {processor.py:830} INFO - Processing file /home/airflow/.local/lib/python3.8/site-packages/airflow/example_dags/example_sensors.py for tasks to queue
[2024-03-21T01:29:52.982+0000] {logging_mixin.py:188} INFO - [2024-03-21T01:29:52.982+0000] {dagbag.py:540} INFO - Filling up the DagBag from /home/airflow/.local/lib/python3.8/site-packages/airflow/example_dags/example_sensors.py
[2024-03-21T01:29:52.995+0000] {processor.py:840} INFO - DAG(s) 'example_sensors' retrieved from /home/airflow/.local/lib/python3.8/site-packages/airflow/example_dags/example_sensors.py
[2024-03-21T01:29:53.031+0000] {logging_mixin.py:188} INFO - [2024-03-21T01:29:53.031+0000] {dag.py:3047} INFO - Sync 1 DAGs
[2024-03-21T01:29:53.047+0000] {logging_mixin.py:188} INFO - [2024-03-21T01:29:53.047+0000] {dag.py:3834} INFO - Setting next_dagrun for example_sensors to None, run_after=None
[2024-03-21T01:29:53.081+0000] {processor.py:183} INFO - Processing /home/airflow/.local/lib/python3.8/site-packages/airflow/example_dags/example_sensors.py took 0.108 seconds
[2024-03-21T01:30:23.241+0000] {processor.py:161} INFO - Started process (PID=1892) to work on /home/airflow/.local/lib/python3.8/site-packages/airflow/example_dags/example_sensors.py
[2024-03-21T01:30:23.242+0000] {processor.py:830} INFO - Processing file /home/airflow/.local/lib/python3.8/site-packages/airflow/example_dags/example_sensors.py for tasks to queue
[2024-03-21T01:30:23.243+0000] {logging_mixin.py:188} INFO - [2024-03-21T01:30:23.243+0000] {dagbag.py:540} INFO - Filling up the DagBag from /home/airflow/.local/lib/python3.8/site-packages/airflow/example_dags/example_sensors.py
[2024-03-21T01:30:23.253+0000] {processor.py:840} INFO - DAG(s) 'example_sensors' retrieved from /home/airflow/.local/lib/python3.8/site-packages/airflow/example_dags/example_sensors.py
[2024-03-21T01:30:23.282+0000] {logging_mixin.py:188} INFO - [2024-03-21T01:30:23.281+0000] {dag.py:3047} INFO - Sync 1 DAGs
[2024-03-21T01:30:23.295+0000] {logging_mixin.py:188} INFO - [2024-03-21T01:30:23.295+0000] {dag.py:3834} INFO - Setting next_dagrun for example_sensors to None, run_after=None
[2024-03-21T01:30:23.322+0000] {processor.py:183} INFO - Processing /home/airflow/.local/lib/python3.8/site-packages/airflow/example_dags/example_sensors.py took 0.084 seconds
[2024-03-21T01:30:53.873+0000] {processor.py:161} INFO - Started process (PID=1947) to work on /home/airflow/.local/lib/python3.8/site-packages/airflow/example_dags/example_sensors.py
[2024-03-21T01:30:53.875+0000] {processor.py:830} INFO - Processing file /home/airflow/.local/lib/python3.8/site-packages/airflow/example_dags/example_sensors.py for tasks to queue
[2024-03-21T01:30:53.878+0000] {logging_mixin.py:188} INFO - [2024-03-21T01:30:53.877+0000] {dagbag.py:540} INFO - Filling up the DagBag from /home/airflow/.local/lib/python3.8/site-packages/airflow/example_dags/example_sensors.py
[2024-03-21T01:30:53.895+0000] {processor.py:840} INFO - DAG(s) 'example_sensors' retrieved from /home/airflow/.local/lib/python3.8/site-packages/airflow/example_dags/example_sensors.py
[2024-03-21T01:30:53.934+0000] {logging_mixin.py:188} INFO - [2024-03-21T01:30:53.934+0000] {dag.py:3047} INFO - Sync 1 DAGs
[2024-03-21T01:30:53.952+0000] {logging_mixin.py:188} INFO - [2024-03-21T01:30:53.952+0000] {dag.py:3834} INFO - Setting next_dagrun for example_sensors to None, run_after=None
[2024-03-21T01:30:54.022+0000] {processor.py:183} INFO - Processing /home/airflow/.local/lib/python3.8/site-packages/airflow/example_dags/example_sensors.py took 0.153 seconds
[2024-03-21T01:31:24.507+0000] {processor.py:161} INFO - Started process (PID=2002) to work on /home/airflow/.local/lib/python3.8/site-packages/airflow/example_dags/example_sensors.py
[2024-03-21T01:31:24.509+0000] {processor.py:830} INFO - Processing file /home/airflow/.local/lib/python3.8/site-packages/airflow/example_dags/example_sensors.py for tasks to queue
[2024-03-21T01:31:24.510+0000] {logging_mixin.py:188} INFO - [2024-03-21T01:31:24.510+0000] {dagbag.py:540} INFO - Filling up the DagBag from /home/airflow/.local/lib/python3.8/site-packages/airflow/example_dags/example_sensors.py
[2024-03-21T01:31:24.520+0000] {processor.py:840} INFO - DAG(s) 'example_sensors' retrieved from /home/airflow/.local/lib/python3.8/site-packages/airflow/example_dags/example_sensors.py
[2024-03-21T01:31:24.549+0000] {logging_mixin.py:188} INFO - [2024-03-21T01:31:24.549+0000] {dag.py:3047} INFO - Sync 1 DAGs
[2024-03-21T01:31:24.562+0000] {logging_mixin.py:188} INFO - [2024-03-21T01:31:24.562+0000] {dag.py:3834} INFO - Setting next_dagrun for example_sensors to None, run_after=None
[2024-03-21T01:31:24.586+0000] {processor.py:183} INFO - Processing /home/airflow/.local/lib/python3.8/site-packages/airflow/example_dags/example_sensors.py took 0.082 seconds
[2024-03-21T01:31:54.746+0000] {processor.py:161} INFO - Started process (PID=2057) to work on /home/airflow/.local/lib/python3.8/site-packages/airflow/example_dags/example_sensors.py
[2024-03-21T01:31:54.748+0000] {processor.py:830} INFO - Processing file /home/airflow/.local/lib/python3.8/site-packages/airflow/example_dags/example_sensors.py for tasks to queue
[2024-03-21T01:31:54.750+0000] {logging_mixin.py:188} INFO - [2024-03-21T01:31:54.750+0000] {dagbag.py:540} INFO - Filling up the DagBag from /home/airflow/.local/lib/python3.8/site-packages/airflow/example_dags/example_sensors.py
[2024-03-21T01:31:54.760+0000] {processor.py:840} INFO - DAG(s) 'example_sensors' retrieved from /home/airflow/.local/lib/python3.8/site-packages/airflow/example_dags/example_sensors.py
[2024-03-21T01:31:54.787+0000] {logging_mixin.py:188} INFO - [2024-03-21T01:31:54.787+0000] {dag.py:3047} INFO - Sync 1 DAGs
[2024-03-21T01:31:54.799+0000] {logging_mixin.py:188} INFO - [2024-03-21T01:31:54.799+0000] {dag.py:3834} INFO - Setting next_dagrun for example_sensors to None, run_after=None
[2024-03-21T01:31:54.824+0000] {processor.py:183} INFO - Processing /home/airflow/.local/lib/python3.8/site-packages/airflow/example_dags/example_sensors.py took 0.082 seconds
[2024-03-21T01:32:25.482+0000] {processor.py:161} INFO - Started process (PID=2112) to work on /home/airflow/.local/lib/python3.8/site-packages/airflow/example_dags/example_sensors.py
[2024-03-21T01:32:25.484+0000] {processor.py:830} INFO - Processing file /home/airflow/.local/lib/python3.8/site-packages/airflow/example_dags/example_sensors.py for tasks to queue
[2024-03-21T01:32:25.486+0000] {logging_mixin.py:188} INFO - [2024-03-21T01:32:25.485+0000] {dagbag.py:540} INFO - Filling up the DagBag from /home/airflow/.local/lib/python3.8/site-packages/airflow/example_dags/example_sensors.py
[2024-03-21T01:32:25.495+0000] {processor.py:840} INFO - DAG(s) 'example_sensors' retrieved from /home/airflow/.local/lib/python3.8/site-packages/airflow/example_dags/example_sensors.py
[2024-03-21T01:32:25.527+0000] {logging_mixin.py:188} INFO - [2024-03-21T01:32:25.526+0000] {dag.py:3047} INFO - Sync 1 DAGs
[2024-03-21T01:32:25.540+0000] {logging_mixin.py:188} INFO - [2024-03-21T01:32:25.540+0000] {dag.py:3834} INFO - Setting next_dagrun for example_sensors to None, run_after=None
[2024-03-21T01:32:25.565+0000] {processor.py:183} INFO - Processing /home/airflow/.local/lib/python3.8/site-packages/airflow/example_dags/example_sensors.py took 0.087 seconds
[2024-03-21T01:32:55.897+0000] {processor.py:161} INFO - Started process (PID=2167) to work on /home/airflow/.local/lib/python3.8/site-packages/airflow/example_dags/example_sensors.py
[2024-03-21T01:32:55.901+0000] {processor.py:830} INFO - Processing file /home/airflow/.local/lib/python3.8/site-packages/airflow/example_dags/example_sensors.py for tasks to queue
[2024-03-21T01:32:55.906+0000] {logging_mixin.py:188} INFO - [2024-03-21T01:32:55.905+0000] {dagbag.py:540} INFO - Filling up the DagBag from /home/airflow/.local/lib/python3.8/site-packages/airflow/example_dags/example_sensors.py
[2024-03-21T01:32:55.916+0000] {processor.py:840} INFO - DAG(s) 'example_sensors' retrieved from /home/airflow/.local/lib/python3.8/site-packages/airflow/example_dags/example_sensors.py
[2024-03-21T01:32:55.952+0000] {logging_mixin.py:188} INFO - [2024-03-21T01:32:55.952+0000] {dag.py:3047} INFO - Sync 1 DAGs
[2024-03-21T01:32:55.970+0000] {logging_mixin.py:188} INFO - [2024-03-21T01:32:55.970+0000] {dag.py:3834} INFO - Setting next_dagrun for example_sensors to None, run_after=None
[2024-03-21T01:32:56.000+0000] {processor.py:183} INFO - Processing /home/airflow/.local/lib/python3.8/site-packages/airflow/example_dags/example_sensors.py took 0.112 seconds
[2024-03-21T01:33:26.349+0000] {processor.py:161} INFO - Started process (PID=2222) to work on /home/airflow/.local/lib/python3.8/site-packages/airflow/example_dags/example_sensors.py
[2024-03-21T01:33:26.351+0000] {processor.py:830} INFO - Processing file /home/airflow/.local/lib/python3.8/site-packages/airflow/example_dags/example_sensors.py for tasks to queue
[2024-03-21T01:33:26.354+0000] {logging_mixin.py:188} INFO - [2024-03-21T01:33:26.353+0000] {dagbag.py:540} INFO - Filling up the DagBag from /home/airflow/.local/lib/python3.8/site-packages/airflow/example_dags/example_sensors.py
[2024-03-21T01:33:26.377+0000] {processor.py:840} INFO - DAG(s) 'example_sensors' retrieved from /home/airflow/.local/lib/python3.8/site-packages/airflow/example_dags/example_sensors.py
[2024-03-21T01:33:26.431+0000] {logging_mixin.py:188} INFO - [2024-03-21T01:33:26.430+0000] {dag.py:3047} INFO - Sync 1 DAGs
[2024-03-21T01:33:26.458+0000] {logging_mixin.py:188} INFO - [2024-03-21T01:33:26.458+0000] {dag.py:3834} INFO - Setting next_dagrun for example_sensors to None, run_after=None
[2024-03-21T01:33:26.509+0000] {processor.py:183} INFO - Processing /home/airflow/.local/lib/python3.8/site-packages/airflow/example_dags/example_sensors.py took 0.166 seconds
[2024-03-21T01:33:57.162+0000] {processor.py:161} INFO - Started process (PID=2277) to work on /home/airflow/.local/lib/python3.8/site-packages/airflow/example_dags/example_sensors.py
[2024-03-21T01:33:57.164+0000] {processor.py:830} INFO - Processing file /home/airflow/.local/lib/python3.8/site-packages/airflow/example_dags/example_sensors.py for tasks to queue
[2024-03-21T01:33:57.167+0000] {logging_mixin.py:188} INFO - [2024-03-21T01:33:57.166+0000] {dagbag.py:540} INFO - Filling up the DagBag from /home/airflow/.local/lib/python3.8/site-packages/airflow/example_dags/example_sensors.py
[2024-03-21T01:33:57.179+0000] {processor.py:840} INFO - DAG(s) 'example_sensors' retrieved from /home/airflow/.local/lib/python3.8/site-packages/airflow/example_dags/example_sensors.py
[2024-03-21T01:33:57.213+0000] {logging_mixin.py:188} INFO - [2024-03-21T01:33:57.212+0000] {dag.py:3047} INFO - Sync 1 DAGs
[2024-03-21T01:33:57.227+0000] {logging_mixin.py:188} INFO - [2024-03-21T01:33:57.227+0000] {dag.py:3834} INFO - Setting next_dagrun for example_sensors to None, run_after=None
[2024-03-21T01:33:57.255+0000] {processor.py:183} INFO - Processing /home/airflow/.local/lib/python3.8/site-packages/airflow/example_dags/example_sensors.py took 0.098 seconds
[2024-03-21T01:34:27.531+0000] {processor.py:161} INFO - Started process (PID=2332) to work on /home/airflow/.local/lib/python3.8/site-packages/airflow/example_dags/example_sensors.py
[2024-03-21T01:34:27.533+0000] {processor.py:830} INFO - Processing file /home/airflow/.local/lib/python3.8/site-packages/airflow/example_dags/example_sensors.py for tasks to queue
[2024-03-21T01:34:27.537+0000] {logging_mixin.py:188} INFO - [2024-03-21T01:34:27.536+0000] {dagbag.py:540} INFO - Filling up the DagBag from /home/airflow/.local/lib/python3.8/site-packages/airflow/example_dags/example_sensors.py
[2024-03-21T01:34:27.556+0000] {processor.py:840} INFO - DAG(s) 'example_sensors' retrieved from /home/airflow/.local/lib/python3.8/site-packages/airflow/example_dags/example_sensors.py
[2024-03-21T01:34:27.612+0000] {logging_mixin.py:188} INFO - [2024-03-21T01:34:27.612+0000] {dag.py:3047} INFO - Sync 1 DAGs
[2024-03-21T01:34:27.637+0000] {logging_mixin.py:188} INFO - [2024-03-21T01:34:27.636+0000] {dag.py:3834} INFO - Setting next_dagrun for example_sensors to None, run_after=None
[2024-03-21T01:34:27.681+0000] {processor.py:183} INFO - Processing /home/airflow/.local/lib/python3.8/site-packages/airflow/example_dags/example_sensors.py took 0.156 seconds
[2024-03-21T01:34:58.338+0000] {processor.py:161} INFO - Started process (PID=2387) to work on /home/airflow/.local/lib/python3.8/site-packages/airflow/example_dags/example_sensors.py
[2024-03-21T01:34:58.340+0000] {processor.py:830} INFO - Processing file /home/airflow/.local/lib/python3.8/site-packages/airflow/example_dags/example_sensors.py for tasks to queue
[2024-03-21T01:34:58.342+0000] {logging_mixin.py:188} INFO - [2024-03-21T01:34:58.342+0000] {dagbag.py:540} INFO - Filling up the DagBag from /home/airflow/.local/lib/python3.8/site-packages/airflow/example_dags/example_sensors.py
[2024-03-21T01:34:58.354+0000] {processor.py:840} INFO - DAG(s) 'example_sensors' retrieved from /home/airflow/.local/lib/python3.8/site-packages/airflow/example_dags/example_sensors.py
[2024-03-21T01:34:58.391+0000] {logging_mixin.py:188} INFO - [2024-03-21T01:34:58.391+0000] {dag.py:3047} INFO - Sync 1 DAGs
[2024-03-21T01:34:58.422+0000] {logging_mixin.py:188} INFO - [2024-03-21T01:34:58.421+0000] {dag.py:3834} INFO - Setting next_dagrun for example_sensors to None, run_after=None
[2024-03-21T01:34:58.458+0000] {processor.py:183} INFO - Processing /home/airflow/.local/lib/python3.8/site-packages/airflow/example_dags/example_sensors.py took 0.124 seconds
[2024-03-21T01:35:29.432+0000] {processor.py:161} INFO - Started process (PID=2442) to work on /home/airflow/.local/lib/python3.8/site-packages/airflow/example_dags/example_sensors.py
[2024-03-21T01:35:29.433+0000] {processor.py:830} INFO - Processing file /home/airflow/.local/lib/python3.8/site-packages/airflow/example_dags/example_sensors.py for tasks to queue
[2024-03-21T01:35:29.435+0000] {logging_mixin.py:188} INFO - [2024-03-21T01:35:29.434+0000] {dagbag.py:540} INFO - Filling up the DagBag from /home/airflow/.local/lib/python3.8/site-packages/airflow/example_dags/example_sensors.py
[2024-03-21T01:35:29.445+0000] {processor.py:840} INFO - DAG(s) 'example_sensors' retrieved from /home/airflow/.local/lib/python3.8/site-packages/airflow/example_dags/example_sensors.py
[2024-03-21T01:35:29.476+0000] {logging_mixin.py:188} INFO - [2024-03-21T01:35:29.476+0000] {dag.py:3047} INFO - Sync 1 DAGs
[2024-03-21T01:35:29.492+0000] {logging_mixin.py:188} INFO - [2024-03-21T01:35:29.492+0000] {dag.py:3834} INFO - Setting next_dagrun for example_sensors to None, run_after=None
[2024-03-21T01:35:29.515+0000] {processor.py:183} INFO - Processing /home/airflow/.local/lib/python3.8/site-packages/airflow/example_dags/example_sensors.py took 0.087 seconds
[2024-03-21T01:35:59.637+0000] {processor.py:161} INFO - Started process (PID=2497) to work on /home/airflow/.local/lib/python3.8/site-packages/airflow/example_dags/example_sensors.py
[2024-03-21T01:35:59.638+0000] {processor.py:830} INFO - Processing file /home/airflow/.local/lib/python3.8/site-packages/airflow/example_dags/example_sensors.py for tasks to queue
[2024-03-21T01:35:59.640+0000] {logging_mixin.py:188} INFO - [2024-03-21T01:35:59.639+0000] {dagbag.py:540} INFO - Filling up the DagBag from /home/airflow/.local/lib/python3.8/site-packages/airflow/example_dags/example_sensors.py
[2024-03-21T01:35:59.649+0000] {processor.py:840} INFO - DAG(s) 'example_sensors' retrieved from /home/airflow/.local/lib/python3.8/site-packages/airflow/example_dags/example_sensors.py
[2024-03-21T01:35:59.679+0000] {logging_mixin.py:188} INFO - [2024-03-21T01:35:59.678+0000] {dag.py:3047} INFO - Sync 1 DAGs
[2024-03-21T01:35:59.693+0000] {logging_mixin.py:188} INFO - [2024-03-21T01:35:59.693+0000] {dag.py:3834} INFO - Setting next_dagrun for example_sensors to None, run_after=None
[2024-03-21T01:35:59.717+0000] {processor.py:183} INFO - Processing /home/airflow/.local/lib/python3.8/site-packages/airflow/example_dags/example_sensors.py took 0.085 seconds
[2024-03-21T01:36:29.760+0000] {processor.py:161} INFO - Started process (PID=2552) to work on /home/airflow/.local/lib/python3.8/site-packages/airflow/example_dags/example_sensors.py
[2024-03-21T01:36:29.762+0000] {processor.py:830} INFO - Processing file /home/airflow/.local/lib/python3.8/site-packages/airflow/example_dags/example_sensors.py for tasks to queue
[2024-03-21T01:36:29.763+0000] {logging_mixin.py:188} INFO - [2024-03-21T01:36:29.763+0000] {dagbag.py:540} INFO - Filling up the DagBag from /home/airflow/.local/lib/python3.8/site-packages/airflow/example_dags/example_sensors.py
[2024-03-21T01:36:29.772+0000] {processor.py:840} INFO - DAG(s) 'example_sensors' retrieved from /home/airflow/.local/lib/python3.8/site-packages/airflow/example_dags/example_sensors.py
[2024-03-21T01:36:29.801+0000] {logging_mixin.py:188} INFO - [2024-03-21T01:36:29.800+0000] {dag.py:3047} INFO - Sync 1 DAGs
[2024-03-21T01:36:29.813+0000] {logging_mixin.py:188} INFO - [2024-03-21T01:36:29.813+0000] {dag.py:3834} INFO - Setting next_dagrun for example_sensors to None, run_after=None
[2024-03-21T01:36:29.836+0000] {processor.py:183} INFO - Processing /home/airflow/.local/lib/python3.8/site-packages/airflow/example_dags/example_sensors.py took 0.079 seconds
[2024-03-21T01:37:01.292+0000] {processor.py:161} INFO - Started process (PID=2612) to work on /home/airflow/.local/lib/python3.8/site-packages/airflow/example_dags/example_sensors.py
[2024-03-21T01:37:01.295+0000] {processor.py:830} INFO - Processing file /home/airflow/.local/lib/python3.8/site-packages/airflow/example_dags/example_sensors.py for tasks to queue
[2024-03-21T01:37:01.305+0000] {logging_mixin.py:188} INFO - [2024-03-21T01:37:01.304+0000] {dagbag.py:540} INFO - Filling up the DagBag from /home/airflow/.local/lib/python3.8/site-packages/airflow/example_dags/example_sensors.py
[2024-03-21T01:37:01.370+0000] {processor.py:840} INFO - DAG(s) 'example_sensors' retrieved from /home/airflow/.local/lib/python3.8/site-packages/airflow/example_dags/example_sensors.py
[2024-03-21T01:37:01.506+0000] {logging_mixin.py:188} INFO - [2024-03-21T01:37:01.504+0000] {dag.py:3047} INFO - Sync 1 DAGs
[2024-03-21T01:37:01.594+0000] {logging_mixin.py:188} INFO - [2024-03-21T01:37:01.594+0000] {dag.py:3834} INFO - Setting next_dagrun for example_sensors to None, run_after=None
[2024-03-21T01:37:01.705+0000] {processor.py:183} INFO - Processing /home/airflow/.local/lib/python3.8/site-packages/airflow/example_dags/example_sensors.py took 0.425 seconds
[2024-03-21T01:37:32.009+0000] {processor.py:161} INFO - Started process (PID=2667) to work on /home/airflow/.local/lib/python3.8/site-packages/airflow/example_dags/example_sensors.py
[2024-03-21T01:37:32.011+0000] {processor.py:830} INFO - Processing file /home/airflow/.local/lib/python3.8/site-packages/airflow/example_dags/example_sensors.py for tasks to queue
[2024-03-21T01:37:32.012+0000] {logging_mixin.py:188} INFO - [2024-03-21T01:37:32.012+0000] {dagbag.py:540} INFO - Filling up the DagBag from /home/airflow/.local/lib/python3.8/site-packages/airflow/example_dags/example_sensors.py
[2024-03-21T01:37:32.021+0000] {processor.py:840} INFO - DAG(s) 'example_sensors' retrieved from /home/airflow/.local/lib/python3.8/site-packages/airflow/example_dags/example_sensors.py
[2024-03-21T01:37:32.049+0000] {logging_mixin.py:188} INFO - [2024-03-21T01:37:32.049+0000] {dag.py:3047} INFO - Sync 1 DAGs
[2024-03-21T01:37:32.063+0000] {logging_mixin.py:188} INFO - [2024-03-21T01:37:32.063+0000] {dag.py:3834} INFO - Setting next_dagrun for example_sensors to None, run_after=None
[2024-03-21T01:37:32.088+0000] {processor.py:183} INFO - Processing /home/airflow/.local/lib/python3.8/site-packages/airflow/example_dags/example_sensors.py took 0.082 seconds
[2024-03-21T01:38:02.455+0000] {processor.py:161} INFO - Started process (PID=2722) to work on /home/airflow/.local/lib/python3.8/site-packages/airflow/example_dags/example_sensors.py
[2024-03-21T01:38:02.457+0000] {processor.py:830} INFO - Processing file /home/airflow/.local/lib/python3.8/site-packages/airflow/example_dags/example_sensors.py for tasks to queue
[2024-03-21T01:38:02.461+0000] {logging_mixin.py:188} INFO - [2024-03-21T01:38:02.460+0000] {dagbag.py:540} INFO - Filling up the DagBag from /home/airflow/.local/lib/python3.8/site-packages/airflow/example_dags/example_sensors.py
[2024-03-21T01:38:02.479+0000] {processor.py:840} INFO - DAG(s) 'example_sensors' retrieved from /home/airflow/.local/lib/python3.8/site-packages/airflow/example_dags/example_sensors.py
[2024-03-21T01:38:02.530+0000] {logging_mixin.py:188} INFO - [2024-03-21T01:38:02.529+0000] {dag.py:3047} INFO - Sync 1 DAGs
[2024-03-21T01:38:02.554+0000] {logging_mixin.py:188} INFO - [2024-03-21T01:38:02.553+0000] {dag.py:3834} INFO - Setting next_dagrun for example_sensors to None, run_after=None
[2024-03-21T01:38:02.586+0000] {processor.py:183} INFO - Processing /home/airflow/.local/lib/python3.8/site-packages/airflow/example_dags/example_sensors.py took 0.138 seconds
