[2024-03-21T00:09:33.520+0000] {processor.py:161} INFO - Started process (PID=72) to work on /home/airflow/.local/lib/python3.8/site-packages/airflow/example_dags/example_setup_teardown.py
[2024-03-21T00:09:33.522+0000] {processor.py:830} INFO - Processing file /home/airflow/.local/lib/python3.8/site-packages/airflow/example_dags/example_setup_teardown.py for tasks to queue
[2024-03-21T00:09:33.526+0000] {logging_mixin.py:188} INFO - [2024-03-21T00:09:33.525+0000] {dagbag.py:540} INFO - Filling up the DagBag from /home/airflow/.local/lib/python3.8/site-packages/airflow/example_dags/example_setup_teardown.py
[2024-03-21T00:09:33.549+0000] {processor.py:840} INFO - DAG(s) 'example_setup_teardown' retrieved from /home/airflow/.local/lib/python3.8/site-packages/airflow/example_dags/example_setup_teardown.py
[2024-03-21T00:09:33.605+0000] {logging_mixin.py:188} INFO - [2024-03-21T00:09:33.604+0000] {dag.py:3047} INFO - Sync 1 DAGs
[2024-03-21T00:09:33.671+0000] {logging_mixin.py:188} INFO - [2024-03-21T00:09:33.671+0000] {dag.py:3834} INFO - Setting next_dagrun for example_setup_teardown to 2024-03-20 00:00:00+00:00, run_after=2024-03-21 00:00:00+00:00
[2024-03-21T00:09:33.737+0000] {processor.py:183} INFO - Processing /home/airflow/.local/lib/python3.8/site-packages/airflow/example_dags/example_setup_teardown.py took 0.225 seconds
[2024-03-21T00:10:04.764+0000] {processor.py:161} INFO - Started process (PID=127) to work on /home/airflow/.local/lib/python3.8/site-packages/airflow/example_dags/example_setup_teardown.py
[2024-03-21T00:10:04.766+0000] {processor.py:830} INFO - Processing file /home/airflow/.local/lib/python3.8/site-packages/airflow/example_dags/example_setup_teardown.py for tasks to queue
[2024-03-21T00:10:04.769+0000] {logging_mixin.py:188} INFO - [2024-03-21T00:10:04.769+0000] {dagbag.py:540} INFO - Filling up the DagBag from /home/airflow/.local/lib/python3.8/site-packages/airflow/example_dags/example_setup_teardown.py
[2024-03-21T00:10:04.782+0000] {processor.py:840} INFO - DAG(s) 'example_setup_teardown' retrieved from /home/airflow/.local/lib/python3.8/site-packages/airflow/example_dags/example_setup_teardown.py
[2024-03-21T00:10:05.178+0000] {logging_mixin.py:188} INFO - [2024-03-21T00:10:05.178+0000] {dag.py:3047} INFO - Sync 1 DAGs
[2024-03-21T00:10:05.270+0000] {logging_mixin.py:188} INFO - [2024-03-21T00:10:05.269+0000] {dag.py:3834} INFO - Setting next_dagrun for example_setup_teardown to 2024-03-20 00:00:00+00:00, run_after=2024-03-21 00:00:00+00:00
[2024-03-21T00:10:05.327+0000] {processor.py:183} INFO - Processing /home/airflow/.local/lib/python3.8/site-packages/airflow/example_dags/example_setup_teardown.py took 0.569 seconds
[2024-03-21T00:10:35.722+0000] {processor.py:161} INFO - Started process (PID=182) to work on /home/airflow/.local/lib/python3.8/site-packages/airflow/example_dags/example_setup_teardown.py
[2024-03-21T00:10:35.724+0000] {processor.py:830} INFO - Processing file /home/airflow/.local/lib/python3.8/site-packages/airflow/example_dags/example_setup_teardown.py for tasks to queue
[2024-03-21T00:10:35.726+0000] {logging_mixin.py:188} INFO - [2024-03-21T00:10:35.725+0000] {dagbag.py:540} INFO - Filling up the DagBag from /home/airflow/.local/lib/python3.8/site-packages/airflow/example_dags/example_setup_teardown.py
[2024-03-21T00:10:35.734+0000] {processor.py:840} INFO - DAG(s) 'example_setup_teardown' retrieved from /home/airflow/.local/lib/python3.8/site-packages/airflow/example_dags/example_setup_teardown.py
[2024-03-21T00:10:35.759+0000] {logging_mixin.py:188} INFO - [2024-03-21T00:10:35.759+0000] {dag.py:3047} INFO - Sync 1 DAGs
[2024-03-21T00:10:35.784+0000] {logging_mixin.py:188} INFO - [2024-03-21T00:10:35.784+0000] {dag.py:3834} INFO - Setting next_dagrun for example_setup_teardown to 2024-03-20 00:00:00+00:00, run_after=2024-03-21 00:00:00+00:00
[2024-03-21T00:10:35.806+0000] {processor.py:183} INFO - Processing /home/airflow/.local/lib/python3.8/site-packages/airflow/example_dags/example_setup_teardown.py took 0.087 seconds
[2024-03-21T00:17:01.875+0000] {processor.py:161} INFO - Started process (PID=53) to work on /home/airflow/.local/lib/python3.8/site-packages/airflow/example_dags/example_setup_teardown.py
[2024-03-21T00:17:01.877+0000] {processor.py:830} INFO - Processing file /home/airflow/.local/lib/python3.8/site-packages/airflow/example_dags/example_setup_teardown.py for tasks to queue
[2024-03-21T00:17:01.881+0000] {logging_mixin.py:188} INFO - [2024-03-21T00:17:01.881+0000] {dagbag.py:540} INFO - Filling up the DagBag from /home/airflow/.local/lib/python3.8/site-packages/airflow/example_dags/example_setup_teardown.py
[2024-03-21T00:17:01.909+0000] {processor.py:840} INFO - DAG(s) 'example_setup_teardown' retrieved from /home/airflow/.local/lib/python3.8/site-packages/airflow/example_dags/example_setup_teardown.py
[2024-03-21T00:17:02.395+0000] {logging_mixin.py:188} INFO - [2024-03-21T00:17:02.394+0000] {dag.py:3047} INFO - Sync 1 DAGs
[2024-03-21T00:17:02.483+0000] {logging_mixin.py:188} INFO - [2024-03-21T00:17:02.481+0000] {dag.py:3834} INFO - Setting next_dagrun for example_setup_teardown to 2024-03-20 00:00:00+00:00, run_after=2024-03-21 00:00:00+00:00
[2024-03-21T00:17:02.544+0000] {processor.py:183} INFO - Processing /home/airflow/.local/lib/python3.8/site-packages/airflow/example_dags/example_setup_teardown.py took 0.677 seconds
[2024-03-21T00:17:32.881+0000] {processor.py:161} INFO - Started process (PID=108) to work on /home/airflow/.local/lib/python3.8/site-packages/airflow/example_dags/example_setup_teardown.py
[2024-03-21T00:17:32.883+0000] {processor.py:830} INFO - Processing file /home/airflow/.local/lib/python3.8/site-packages/airflow/example_dags/example_setup_teardown.py for tasks to queue
[2024-03-21T00:17:32.884+0000] {logging_mixin.py:188} INFO - [2024-03-21T00:17:32.884+0000] {dagbag.py:540} INFO - Filling up the DagBag from /home/airflow/.local/lib/python3.8/site-packages/airflow/example_dags/example_setup_teardown.py
[2024-03-21T00:17:32.890+0000] {processor.py:840} INFO - DAG(s) 'example_setup_teardown' retrieved from /home/airflow/.local/lib/python3.8/site-packages/airflow/example_dags/example_setup_teardown.py
[2024-03-21T00:17:32.911+0000] {logging_mixin.py:188} INFO - [2024-03-21T00:17:32.910+0000] {dag.py:3047} INFO - Sync 1 DAGs
[2024-03-21T00:17:32.933+0000] {logging_mixin.py:188} INFO - [2024-03-21T00:17:32.933+0000] {dag.py:3834} INFO - Setting next_dagrun for example_setup_teardown to 2024-03-20 00:00:00+00:00, run_after=2024-03-21 00:00:00+00:00
[2024-03-21T00:17:32.954+0000] {processor.py:183} INFO - Processing /home/airflow/.local/lib/python3.8/site-packages/airflow/example_dags/example_setup_teardown.py took 0.076 seconds
[2024-03-21T00:18:03.446+0000] {processor.py:161} INFO - Started process (PID=163) to work on /home/airflow/.local/lib/python3.8/site-packages/airflow/example_dags/example_setup_teardown.py
[2024-03-21T00:18:03.447+0000] {processor.py:830} INFO - Processing file /home/airflow/.local/lib/python3.8/site-packages/airflow/example_dags/example_setup_teardown.py for tasks to queue
[2024-03-21T00:18:03.448+0000] {logging_mixin.py:188} INFO - [2024-03-21T00:18:03.448+0000] {dagbag.py:540} INFO - Filling up the DagBag from /home/airflow/.local/lib/python3.8/site-packages/airflow/example_dags/example_setup_teardown.py
[2024-03-21T00:18:03.455+0000] {processor.py:840} INFO - DAG(s) 'example_setup_teardown' retrieved from /home/airflow/.local/lib/python3.8/site-packages/airflow/example_dags/example_setup_teardown.py
[2024-03-21T00:18:03.476+0000] {logging_mixin.py:188} INFO - [2024-03-21T00:18:03.476+0000] {dag.py:3047} INFO - Sync 1 DAGs
[2024-03-21T00:18:03.497+0000] {logging_mixin.py:188} INFO - [2024-03-21T00:18:03.497+0000] {dag.py:3834} INFO - Setting next_dagrun for example_setup_teardown to 2024-03-20 00:00:00+00:00, run_after=2024-03-21 00:00:00+00:00
[2024-03-21T00:18:03.525+0000] {processor.py:183} INFO - Processing /home/airflow/.local/lib/python3.8/site-packages/airflow/example_dags/example_setup_teardown.py took 0.083 seconds
[2024-03-21T00:18:33.916+0000] {processor.py:161} INFO - Started process (PID=218) to work on /home/airflow/.local/lib/python3.8/site-packages/airflow/example_dags/example_setup_teardown.py
[2024-03-21T00:18:33.918+0000] {processor.py:830} INFO - Processing file /home/airflow/.local/lib/python3.8/site-packages/airflow/example_dags/example_setup_teardown.py for tasks to queue
[2024-03-21T00:18:33.919+0000] {logging_mixin.py:188} INFO - [2024-03-21T00:18:33.919+0000] {dagbag.py:540} INFO - Filling up the DagBag from /home/airflow/.local/lib/python3.8/site-packages/airflow/example_dags/example_setup_teardown.py
[2024-03-21T00:18:33.925+0000] {processor.py:840} INFO - DAG(s) 'example_setup_teardown' retrieved from /home/airflow/.local/lib/python3.8/site-packages/airflow/example_dags/example_setup_teardown.py
[2024-03-21T00:18:33.948+0000] {logging_mixin.py:188} INFO - [2024-03-21T00:18:33.948+0000] {dag.py:3047} INFO - Sync 1 DAGs
[2024-03-21T00:18:33.992+0000] {logging_mixin.py:188} INFO - [2024-03-21T00:18:33.992+0000] {dag.py:3834} INFO - Setting next_dagrun for example_setup_teardown to 2024-03-20 00:00:00+00:00, run_after=2024-03-21 00:00:00+00:00
[2024-03-21T00:18:34.043+0000] {processor.py:183} INFO - Processing /home/airflow/.local/lib/python3.8/site-packages/airflow/example_dags/example_setup_teardown.py took 0.130 seconds
[2024-03-21T00:19:04.731+0000] {processor.py:161} INFO - Started process (PID=273) to work on /home/airflow/.local/lib/python3.8/site-packages/airflow/example_dags/example_setup_teardown.py
[2024-03-21T00:19:04.732+0000] {processor.py:830} INFO - Processing file /home/airflow/.local/lib/python3.8/site-packages/airflow/example_dags/example_setup_teardown.py for tasks to queue
[2024-03-21T00:19:04.734+0000] {logging_mixin.py:188} INFO - [2024-03-21T00:19:04.733+0000] {dagbag.py:540} INFO - Filling up the DagBag from /home/airflow/.local/lib/python3.8/site-packages/airflow/example_dags/example_setup_teardown.py
[2024-03-21T00:19:04.740+0000] {processor.py:840} INFO - DAG(s) 'example_setup_teardown' retrieved from /home/airflow/.local/lib/python3.8/site-packages/airflow/example_dags/example_setup_teardown.py
[2024-03-21T00:19:04.761+0000] {logging_mixin.py:188} INFO - [2024-03-21T00:19:04.761+0000] {dag.py:3047} INFO - Sync 1 DAGs
[2024-03-21T00:19:04.781+0000] {logging_mixin.py:188} INFO - [2024-03-21T00:19:04.781+0000] {dag.py:3834} INFO - Setting next_dagrun for example_setup_teardown to 2024-03-20 00:00:00+00:00, run_after=2024-03-21 00:00:00+00:00
[2024-03-21T00:19:04.803+0000] {processor.py:183} INFO - Processing /home/airflow/.local/lib/python3.8/site-packages/airflow/example_dags/example_setup_teardown.py took 0.076 seconds
[2024-03-21T00:19:34.957+0000] {processor.py:161} INFO - Started process (PID=328) to work on /home/airflow/.local/lib/python3.8/site-packages/airflow/example_dags/example_setup_teardown.py
[2024-03-21T00:19:34.959+0000] {processor.py:830} INFO - Processing file /home/airflow/.local/lib/python3.8/site-packages/airflow/example_dags/example_setup_teardown.py for tasks to queue
[2024-03-21T00:19:34.960+0000] {logging_mixin.py:188} INFO - [2024-03-21T00:19:34.960+0000] {dagbag.py:540} INFO - Filling up the DagBag from /home/airflow/.local/lib/python3.8/site-packages/airflow/example_dags/example_setup_teardown.py
[2024-03-21T00:19:34.966+0000] {processor.py:840} INFO - DAG(s) 'example_setup_teardown' retrieved from /home/airflow/.local/lib/python3.8/site-packages/airflow/example_dags/example_setup_teardown.py
[2024-03-21T00:19:34.988+0000] {logging_mixin.py:188} INFO - [2024-03-21T00:19:34.988+0000] {dag.py:3047} INFO - Sync 1 DAGs
[2024-03-21T00:19:35.014+0000] {logging_mixin.py:188} INFO - [2024-03-21T00:19:35.014+0000] {dag.py:3834} INFO - Setting next_dagrun for example_setup_teardown to 2024-03-20 00:00:00+00:00, run_after=2024-03-21 00:00:00+00:00
[2024-03-21T00:19:35.036+0000] {processor.py:183} INFO - Processing /home/airflow/.local/lib/python3.8/site-packages/airflow/example_dags/example_setup_teardown.py took 0.082 seconds
[2024-03-21T00:20:05.480+0000] {processor.py:161} INFO - Started process (PID=383) to work on /home/airflow/.local/lib/python3.8/site-packages/airflow/example_dags/example_setup_teardown.py
[2024-03-21T00:20:05.483+0000] {processor.py:830} INFO - Processing file /home/airflow/.local/lib/python3.8/site-packages/airflow/example_dags/example_setup_teardown.py for tasks to queue
[2024-03-21T00:20:05.484+0000] {logging_mixin.py:188} INFO - [2024-03-21T00:20:05.484+0000] {dagbag.py:540} INFO - Filling up the DagBag from /home/airflow/.local/lib/python3.8/site-packages/airflow/example_dags/example_setup_teardown.py
[2024-03-21T00:20:05.490+0000] {processor.py:840} INFO - DAG(s) 'example_setup_teardown' retrieved from /home/airflow/.local/lib/python3.8/site-packages/airflow/example_dags/example_setup_teardown.py
[2024-03-21T00:20:05.511+0000] {logging_mixin.py:188} INFO - [2024-03-21T00:20:05.510+0000] {dag.py:3047} INFO - Sync 1 DAGs
[2024-03-21T00:20:05.534+0000] {logging_mixin.py:188} INFO - [2024-03-21T00:20:05.534+0000] {dag.py:3834} INFO - Setting next_dagrun for example_setup_teardown to 2024-03-20 00:00:00+00:00, run_after=2024-03-21 00:00:00+00:00
[2024-03-21T00:20:05.555+0000] {processor.py:183} INFO - Processing /home/airflow/.local/lib/python3.8/site-packages/airflow/example_dags/example_setup_teardown.py took 0.078 seconds
[2024-03-21T00:20:35.811+0000] {processor.py:161} INFO - Started process (PID=438) to work on /home/airflow/.local/lib/python3.8/site-packages/airflow/example_dags/example_setup_teardown.py
[2024-03-21T00:20:35.812+0000] {processor.py:830} INFO - Processing file /home/airflow/.local/lib/python3.8/site-packages/airflow/example_dags/example_setup_teardown.py for tasks to queue
[2024-03-21T00:20:35.814+0000] {logging_mixin.py:188} INFO - [2024-03-21T00:20:35.814+0000] {dagbag.py:540} INFO - Filling up the DagBag from /home/airflow/.local/lib/python3.8/site-packages/airflow/example_dags/example_setup_teardown.py
[2024-03-21T00:20:35.821+0000] {processor.py:840} INFO - DAG(s) 'example_setup_teardown' retrieved from /home/airflow/.local/lib/python3.8/site-packages/airflow/example_dags/example_setup_teardown.py
[2024-03-21T00:20:35.841+0000] {logging_mixin.py:188} INFO - [2024-03-21T00:20:35.841+0000] {dag.py:3047} INFO - Sync 1 DAGs
[2024-03-21T00:20:35.865+0000] {logging_mixin.py:188} INFO - [2024-03-21T00:20:35.865+0000] {dag.py:3834} INFO - Setting next_dagrun for example_setup_teardown to 2024-03-20 00:00:00+00:00, run_after=2024-03-21 00:00:00+00:00
[2024-03-21T00:20:35.887+0000] {processor.py:183} INFO - Processing /home/airflow/.local/lib/python3.8/site-packages/airflow/example_dags/example_setup_teardown.py took 0.080 seconds
[2024-03-21T00:21:06.090+0000] {processor.py:161} INFO - Started process (PID=493) to work on /home/airflow/.local/lib/python3.8/site-packages/airflow/example_dags/example_setup_teardown.py
[2024-03-21T00:21:06.092+0000] {processor.py:830} INFO - Processing file /home/airflow/.local/lib/python3.8/site-packages/airflow/example_dags/example_setup_teardown.py for tasks to queue
[2024-03-21T00:21:06.093+0000] {logging_mixin.py:188} INFO - [2024-03-21T00:21:06.093+0000] {dagbag.py:540} INFO - Filling up the DagBag from /home/airflow/.local/lib/python3.8/site-packages/airflow/example_dags/example_setup_teardown.py
[2024-03-21T00:21:06.100+0000] {processor.py:840} INFO - DAG(s) 'example_setup_teardown' retrieved from /home/airflow/.local/lib/python3.8/site-packages/airflow/example_dags/example_setup_teardown.py
[2024-03-21T00:21:06.120+0000] {logging_mixin.py:188} INFO - [2024-03-21T00:21:06.120+0000] {dag.py:3047} INFO - Sync 1 DAGs
[2024-03-21T00:21:06.142+0000] {logging_mixin.py:188} INFO - [2024-03-21T00:21:06.142+0000] {dag.py:3834} INFO - Setting next_dagrun for example_setup_teardown to 2024-03-20 00:00:00+00:00, run_after=2024-03-21 00:00:00+00:00
[2024-03-21T00:21:06.164+0000] {processor.py:183} INFO - Processing /home/airflow/.local/lib/python3.8/site-packages/airflow/example_dags/example_setup_teardown.py took 0.076 seconds
[2024-03-21T00:21:36.481+0000] {processor.py:161} INFO - Started process (PID=548) to work on /home/airflow/.local/lib/python3.8/site-packages/airflow/example_dags/example_setup_teardown.py
[2024-03-21T00:21:36.483+0000] {processor.py:830} INFO - Processing file /home/airflow/.local/lib/python3.8/site-packages/airflow/example_dags/example_setup_teardown.py for tasks to queue
[2024-03-21T00:21:36.484+0000] {logging_mixin.py:188} INFO - [2024-03-21T00:21:36.484+0000] {dagbag.py:540} INFO - Filling up the DagBag from /home/airflow/.local/lib/python3.8/site-packages/airflow/example_dags/example_setup_teardown.py
[2024-03-21T00:21:36.490+0000] {processor.py:840} INFO - DAG(s) 'example_setup_teardown' retrieved from /home/airflow/.local/lib/python3.8/site-packages/airflow/example_dags/example_setup_teardown.py
[2024-03-21T00:21:36.511+0000] {logging_mixin.py:188} INFO - [2024-03-21T00:21:36.510+0000] {dag.py:3047} INFO - Sync 1 DAGs
[2024-03-21T00:21:36.532+0000] {logging_mixin.py:188} INFO - [2024-03-21T00:21:36.532+0000] {dag.py:3834} INFO - Setting next_dagrun for example_setup_teardown to 2024-03-20 00:00:00+00:00, run_after=2024-03-21 00:00:00+00:00
[2024-03-21T00:21:36.553+0000] {processor.py:183} INFO - Processing /home/airflow/.local/lib/python3.8/site-packages/airflow/example_dags/example_setup_teardown.py took 0.075 seconds
[2024-03-21T01:13:18.997+0000] {processor.py:161} INFO - Started process (PID=42) to work on /home/airflow/.local/lib/python3.8/site-packages/airflow/example_dags/example_setup_teardown.py
[2024-03-21T01:13:18.999+0000] {processor.py:830} INFO - Processing file /home/airflow/.local/lib/python3.8/site-packages/airflow/example_dags/example_setup_teardown.py for tasks to queue
[2024-03-21T01:13:19.001+0000] {logging_mixin.py:188} INFO - [2024-03-21T01:13:19.000+0000] {dagbag.py:540} INFO - Filling up the DagBag from /home/airflow/.local/lib/python3.8/site-packages/airflow/example_dags/example_setup_teardown.py
[2024-03-21T01:13:19.011+0000] {processor.py:840} INFO - DAG(s) 'example_setup_teardown' retrieved from /home/airflow/.local/lib/python3.8/site-packages/airflow/example_dags/example_setup_teardown.py
[2024-03-21T01:13:19.048+0000] {logging_mixin.py:188} INFO - [2024-03-21T01:13:19.047+0000] {dag.py:3047} INFO - Sync 1 DAGs
[2024-03-21T01:13:19.076+0000] {logging_mixin.py:188} INFO - [2024-03-21T01:13:19.076+0000] {dag.py:3834} INFO - Setting next_dagrun for example_setup_teardown to 2024-03-20 00:00:00+00:00, run_after=2024-03-21 00:00:00+00:00
[2024-03-21T01:13:19.100+0000] {processor.py:183} INFO - Processing /home/airflow/.local/lib/python3.8/site-packages/airflow/example_dags/example_setup_teardown.py took 0.106 seconds
[2024-03-21T01:13:49.634+0000] {processor.py:161} INFO - Started process (PID=97) to work on /home/airflow/.local/lib/python3.8/site-packages/airflow/example_dags/example_setup_teardown.py
[2024-03-21T01:13:49.635+0000] {processor.py:830} INFO - Processing file /home/airflow/.local/lib/python3.8/site-packages/airflow/example_dags/example_setup_teardown.py for tasks to queue
[2024-03-21T01:13:49.637+0000] {logging_mixin.py:188} INFO - [2024-03-21T01:13:49.637+0000] {dagbag.py:540} INFO - Filling up the DagBag from /home/airflow/.local/lib/python3.8/site-packages/airflow/example_dags/example_setup_teardown.py
[2024-03-21T01:13:49.644+0000] {processor.py:840} INFO - DAG(s) 'example_setup_teardown' retrieved from /home/airflow/.local/lib/python3.8/site-packages/airflow/example_dags/example_setup_teardown.py
[2024-03-21T01:13:49.665+0000] {logging_mixin.py:188} INFO - [2024-03-21T01:13:49.665+0000] {dag.py:3047} INFO - Sync 1 DAGs
[2024-03-21T01:13:49.687+0000] {logging_mixin.py:188} INFO - [2024-03-21T01:13:49.686+0000] {dag.py:3834} INFO - Setting next_dagrun for example_setup_teardown to 2024-03-20 00:00:00+00:00, run_after=2024-03-21 00:00:00+00:00
[2024-03-21T01:13:49.706+0000] {processor.py:183} INFO - Processing /home/airflow/.local/lib/python3.8/site-packages/airflow/example_dags/example_setup_teardown.py took 0.075 seconds
[2024-03-21T01:14:20.271+0000] {processor.py:161} INFO - Started process (PID=152) to work on /home/airflow/.local/lib/python3.8/site-packages/airflow/example_dags/example_setup_teardown.py
[2024-03-21T01:14:20.272+0000] {processor.py:830} INFO - Processing file /home/airflow/.local/lib/python3.8/site-packages/airflow/example_dags/example_setup_teardown.py for tasks to queue
[2024-03-21T01:14:20.273+0000] {logging_mixin.py:188} INFO - [2024-03-21T01:14:20.273+0000] {dagbag.py:540} INFO - Filling up the DagBag from /home/airflow/.local/lib/python3.8/site-packages/airflow/example_dags/example_setup_teardown.py
[2024-03-21T01:14:20.281+0000] {processor.py:840} INFO - DAG(s) 'example_setup_teardown' retrieved from /home/airflow/.local/lib/python3.8/site-packages/airflow/example_dags/example_setup_teardown.py
[2024-03-21T01:14:20.301+0000] {logging_mixin.py:188} INFO - [2024-03-21T01:14:20.301+0000] {dag.py:3047} INFO - Sync 1 DAGs
[2024-03-21T01:14:20.333+0000] {logging_mixin.py:188} INFO - [2024-03-21T01:14:20.332+0000] {dag.py:3834} INFO - Setting next_dagrun for example_setup_teardown to 2024-03-20 00:00:00+00:00, run_after=2024-03-21 00:00:00+00:00
[2024-03-21T01:14:20.358+0000] {processor.py:183} INFO - Processing /home/airflow/.local/lib/python3.8/site-packages/airflow/example_dags/example_setup_teardown.py took 0.090 seconds
[2024-03-21T01:14:50.896+0000] {processor.py:161} INFO - Started process (PID=207) to work on /home/airflow/.local/lib/python3.8/site-packages/airflow/example_dags/example_setup_teardown.py
[2024-03-21T01:14:50.897+0000] {processor.py:830} INFO - Processing file /home/airflow/.local/lib/python3.8/site-packages/airflow/example_dags/example_setup_teardown.py for tasks to queue
[2024-03-21T01:14:50.899+0000] {logging_mixin.py:188} INFO - [2024-03-21T01:14:50.899+0000] {dagbag.py:540} INFO - Filling up the DagBag from /home/airflow/.local/lib/python3.8/site-packages/airflow/example_dags/example_setup_teardown.py
[2024-03-21T01:14:50.907+0000] {processor.py:840} INFO - DAG(s) 'example_setup_teardown' retrieved from /home/airflow/.local/lib/python3.8/site-packages/airflow/example_dags/example_setup_teardown.py
[2024-03-21T01:14:50.934+0000] {logging_mixin.py:188} INFO - [2024-03-21T01:14:50.934+0000] {dag.py:3047} INFO - Sync 1 DAGs
[2024-03-21T01:14:50.961+0000] {logging_mixin.py:188} INFO - [2024-03-21T01:14:50.961+0000] {dag.py:3834} INFO - Setting next_dagrun for example_setup_teardown to 2024-03-20 00:00:00+00:00, run_after=2024-03-21 00:00:00+00:00
[2024-03-21T01:14:50.989+0000] {processor.py:183} INFO - Processing /home/airflow/.local/lib/python3.8/site-packages/airflow/example_dags/example_setup_teardown.py took 0.097 seconds
[2024-03-21T01:15:24.129+0000] {processor.py:161} INFO - Started process (PID=262) to work on /home/airflow/.local/lib/python3.8/site-packages/airflow/example_dags/example_setup_teardown.py
[2024-03-21T01:15:24.134+0000] {processor.py:830} INFO - Processing file /home/airflow/.local/lib/python3.8/site-packages/airflow/example_dags/example_setup_teardown.py for tasks to queue
[2024-03-21T01:15:24.139+0000] {logging_mixin.py:188} INFO - [2024-03-21T01:15:24.138+0000] {dagbag.py:540} INFO - Filling up the DagBag from /home/airflow/.local/lib/python3.8/site-packages/airflow/example_dags/example_setup_teardown.py
[2024-03-21T01:15:24.174+0000] {processor.py:840} INFO - DAG(s) 'example_setup_teardown' retrieved from /home/airflow/.local/lib/python3.8/site-packages/airflow/example_dags/example_setup_teardown.py
[2024-03-21T01:15:24.291+0000] {logging_mixin.py:188} INFO - [2024-03-21T01:15:24.290+0000] {dag.py:3047} INFO - Sync 1 DAGs
[2024-03-21T01:15:24.375+0000] {logging_mixin.py:188} INFO - [2024-03-21T01:15:24.375+0000] {dag.py:3834} INFO - Setting next_dagrun for example_setup_teardown to 2024-03-20 00:00:00+00:00, run_after=2024-03-21 00:00:00+00:00
[2024-03-21T01:15:24.440+0000] {processor.py:183} INFO - Processing /home/airflow/.local/lib/python3.8/site-packages/airflow/example_dags/example_setup_teardown.py took 0.338 seconds
[2024-03-21T01:15:54.544+0000] {processor.py:161} INFO - Started process (PID=317) to work on /home/airflow/.local/lib/python3.8/site-packages/airflow/example_dags/example_setup_teardown.py
[2024-03-21T01:15:54.546+0000] {processor.py:830} INFO - Processing file /home/airflow/.local/lib/python3.8/site-packages/airflow/example_dags/example_setup_teardown.py for tasks to queue
[2024-03-21T01:15:54.548+0000] {logging_mixin.py:188} INFO - [2024-03-21T01:15:54.548+0000] {dagbag.py:540} INFO - Filling up the DagBag from /home/airflow/.local/lib/python3.8/site-packages/airflow/example_dags/example_setup_teardown.py
[2024-03-21T01:15:54.557+0000] {processor.py:840} INFO - DAG(s) 'example_setup_teardown' retrieved from /home/airflow/.local/lib/python3.8/site-packages/airflow/example_dags/example_setup_teardown.py
[2024-03-21T01:15:54.572+0000] {logging_mixin.py:188} INFO - [2024-03-21T01:15:54.572+0000] {dag.py:3047} INFO - Sync 1 DAGs
[2024-03-21T01:15:54.602+0000] {logging_mixin.py:188} INFO - [2024-03-21T01:15:54.602+0000] {dag.py:3834} INFO - Setting next_dagrun for example_setup_teardown to 2024-03-20 00:00:00+00:00, run_after=2024-03-21 00:00:00+00:00
[2024-03-21T01:15:54.629+0000] {processor.py:183} INFO - Processing /home/airflow/.local/lib/python3.8/site-packages/airflow/example_dags/example_setup_teardown.py took 0.089 seconds
[2024-03-21T01:16:25.484+0000] {processor.py:161} INFO - Started process (PID=371) to work on /home/airflow/.local/lib/python3.8/site-packages/airflow/example_dags/example_setup_teardown.py
[2024-03-21T01:16:25.485+0000] {processor.py:830} INFO - Processing file /home/airflow/.local/lib/python3.8/site-packages/airflow/example_dags/example_setup_teardown.py for tasks to queue
[2024-03-21T01:16:25.488+0000] {logging_mixin.py:188} INFO - [2024-03-21T01:16:25.487+0000] {dagbag.py:540} INFO - Filling up the DagBag from /home/airflow/.local/lib/python3.8/site-packages/airflow/example_dags/example_setup_teardown.py
[2024-03-21T01:16:25.498+0000] {processor.py:840} INFO - DAG(s) 'example_setup_teardown' retrieved from /home/airflow/.local/lib/python3.8/site-packages/airflow/example_dags/example_setup_teardown.py
[2024-03-21T01:16:25.638+0000] {logging_mixin.py:188} INFO - [2024-03-21T01:16:25.638+0000] {dag.py:3047} INFO - Sync 1 DAGs
[2024-03-21T01:16:25.664+0000] {logging_mixin.py:188} INFO - [2024-03-21T01:16:25.664+0000] {dag.py:3834} INFO - Setting next_dagrun for example_setup_teardown to 2024-03-20 00:00:00+00:00, run_after=2024-03-21 00:00:00+00:00
[2024-03-21T01:16:25.688+0000] {processor.py:183} INFO - Processing /home/airflow/.local/lib/python3.8/site-packages/airflow/example_dags/example_setup_teardown.py took 0.209 seconds
[2024-03-21T01:16:57.212+0000] {processor.py:161} INFO - Started process (PID=426) to work on /home/airflow/.local/lib/python3.8/site-packages/airflow/example_dags/example_setup_teardown.py
[2024-03-21T01:16:57.214+0000] {processor.py:830} INFO - Processing file /home/airflow/.local/lib/python3.8/site-packages/airflow/example_dags/example_setup_teardown.py for tasks to queue
[2024-03-21T01:16:57.219+0000] {logging_mixin.py:188} INFO - [2024-03-21T01:16:57.218+0000] {dagbag.py:540} INFO - Filling up the DagBag from /home/airflow/.local/lib/python3.8/site-packages/airflow/example_dags/example_setup_teardown.py
[2024-03-21T01:16:57.245+0000] {processor.py:840} INFO - DAG(s) 'example_setup_teardown' retrieved from /home/airflow/.local/lib/python3.8/site-packages/airflow/example_dags/example_setup_teardown.py
[2024-03-21T01:16:57.414+0000] {logging_mixin.py:188} INFO - [2024-03-21T01:16:57.414+0000] {dag.py:3047} INFO - Sync 1 DAGs
[2024-03-21T01:16:57.479+0000] {logging_mixin.py:188} INFO - [2024-03-21T01:16:57.479+0000] {dag.py:3834} INFO - Setting next_dagrun for example_setup_teardown to 2024-03-20 00:00:00+00:00, run_after=2024-03-21 00:00:00+00:00
[2024-03-21T01:16:57.530+0000] {processor.py:183} INFO - Processing /home/airflow/.local/lib/python3.8/site-packages/airflow/example_dags/example_setup_teardown.py took 0.326 seconds
[2024-03-21T01:17:28.500+0000] {processor.py:161} INFO - Started process (PID=480) to work on /home/airflow/.local/lib/python3.8/site-packages/airflow/example_dags/example_setup_teardown.py
[2024-03-21T01:17:28.502+0000] {processor.py:830} INFO - Processing file /home/airflow/.local/lib/python3.8/site-packages/airflow/example_dags/example_setup_teardown.py for tasks to queue
[2024-03-21T01:17:28.505+0000] {logging_mixin.py:188} INFO - [2024-03-21T01:17:28.505+0000] {dagbag.py:540} INFO - Filling up the DagBag from /home/airflow/.local/lib/python3.8/site-packages/airflow/example_dags/example_setup_teardown.py
[2024-03-21T01:17:28.516+0000] {processor.py:840} INFO - DAG(s) 'example_setup_teardown' retrieved from /home/airflow/.local/lib/python3.8/site-packages/airflow/example_dags/example_setup_teardown.py
[2024-03-21T01:17:28.561+0000] {logging_mixin.py:188} INFO - [2024-03-21T01:17:28.560+0000] {dag.py:3047} INFO - Sync 1 DAGs
[2024-03-21T01:17:28.609+0000] {logging_mixin.py:188} INFO - [2024-03-21T01:17:28.608+0000] {dag.py:3834} INFO - Setting next_dagrun for example_setup_teardown to 2024-03-20 00:00:00+00:00, run_after=2024-03-21 00:00:00+00:00
[2024-03-21T01:17:28.650+0000] {processor.py:183} INFO - Processing /home/airflow/.local/lib/python3.8/site-packages/airflow/example_dags/example_setup_teardown.py took 0.154 seconds
[2024-03-21T01:17:59.079+0000] {processor.py:161} INFO - Started process (PID=541) to work on /home/airflow/.local/lib/python3.8/site-packages/airflow/example_dags/example_setup_teardown.py
[2024-03-21T01:17:59.081+0000] {processor.py:830} INFO - Processing file /home/airflow/.local/lib/python3.8/site-packages/airflow/example_dags/example_setup_teardown.py for tasks to queue
[2024-03-21T01:17:59.082+0000] {logging_mixin.py:188} INFO - [2024-03-21T01:17:59.082+0000] {dagbag.py:540} INFO - Filling up the DagBag from /home/airflow/.local/lib/python3.8/site-packages/airflow/example_dags/example_setup_teardown.py
[2024-03-21T01:17:59.090+0000] {processor.py:840} INFO - DAG(s) 'example_setup_teardown' retrieved from /home/airflow/.local/lib/python3.8/site-packages/airflow/example_dags/example_setup_teardown.py
[2024-03-21T01:17:59.112+0000] {logging_mixin.py:188} INFO - [2024-03-21T01:17:59.112+0000] {dag.py:3047} INFO - Sync 1 DAGs
[2024-03-21T01:17:59.140+0000] {logging_mixin.py:188} INFO - [2024-03-21T01:17:59.140+0000] {dag.py:3834} INFO - Setting next_dagrun for example_setup_teardown to 2024-03-20 00:00:00+00:00, run_after=2024-03-21 00:00:00+00:00
[2024-03-21T01:17:59.164+0000] {processor.py:183} INFO - Processing /home/airflow/.local/lib/python3.8/site-packages/airflow/example_dags/example_setup_teardown.py took 0.089 seconds
[2024-03-21T01:18:30.075+0000] {processor.py:161} INFO - Started process (PID=596) to work on /home/airflow/.local/lib/python3.8/site-packages/airflow/example_dags/example_setup_teardown.py
[2024-03-21T01:18:30.076+0000] {processor.py:830} INFO - Processing file /home/airflow/.local/lib/python3.8/site-packages/airflow/example_dags/example_setup_teardown.py for tasks to queue
[2024-03-21T01:18:30.077+0000] {logging_mixin.py:188} INFO - [2024-03-21T01:18:30.077+0000] {dagbag.py:540} INFO - Filling up the DagBag from /home/airflow/.local/lib/python3.8/site-packages/airflow/example_dags/example_setup_teardown.py
[2024-03-21T01:18:30.084+0000] {processor.py:840} INFO - DAG(s) 'example_setup_teardown' retrieved from /home/airflow/.local/lib/python3.8/site-packages/airflow/example_dags/example_setup_teardown.py
[2024-03-21T01:18:30.107+0000] {logging_mixin.py:188} INFO - [2024-03-21T01:18:30.106+0000] {dag.py:3047} INFO - Sync 1 DAGs
[2024-03-21T01:18:30.131+0000] {logging_mixin.py:188} INFO - [2024-03-21T01:18:30.131+0000] {dag.py:3834} INFO - Setting next_dagrun for example_setup_teardown to 2024-03-20 00:00:00+00:00, run_after=2024-03-21 00:00:00+00:00
[2024-03-21T01:18:30.158+0000] {processor.py:183} INFO - Processing /home/airflow/.local/lib/python3.8/site-packages/airflow/example_dags/example_setup_teardown.py took 0.087 seconds
[2024-03-21T01:19:00.597+0000] {processor.py:161} INFO - Started process (PID=651) to work on /home/airflow/.local/lib/python3.8/site-packages/airflow/example_dags/example_setup_teardown.py
[2024-03-21T01:19:00.602+0000] {processor.py:830} INFO - Processing file /home/airflow/.local/lib/python3.8/site-packages/airflow/example_dags/example_setup_teardown.py for tasks to queue
[2024-03-21T01:19:00.606+0000] {logging_mixin.py:188} INFO - [2024-03-21T01:19:00.605+0000] {dagbag.py:540} INFO - Filling up the DagBag from /home/airflow/.local/lib/python3.8/site-packages/airflow/example_dags/example_setup_teardown.py
[2024-03-21T01:19:00.624+0000] {processor.py:840} INFO - DAG(s) 'example_setup_teardown' retrieved from /home/airflow/.local/lib/python3.8/site-packages/airflow/example_dags/example_setup_teardown.py
[2024-03-21T01:19:00.671+0000] {logging_mixin.py:188} INFO - [2024-03-21T01:19:00.671+0000] {dag.py:3047} INFO - Sync 1 DAGs
[2024-03-21T01:19:00.715+0000] {logging_mixin.py:188} INFO - [2024-03-21T01:19:00.714+0000] {dag.py:3834} INFO - Setting next_dagrun for example_setup_teardown to 2024-03-20 00:00:00+00:00, run_after=2024-03-21 00:00:00+00:00
[2024-03-21T01:19:00.748+0000] {processor.py:183} INFO - Processing /home/airflow/.local/lib/python3.8/site-packages/airflow/example_dags/example_setup_teardown.py took 0.158 seconds
[2024-03-21T01:19:31.164+0000] {processor.py:161} INFO - Started process (PID=707) to work on /home/airflow/.local/lib/python3.8/site-packages/airflow/example_dags/example_setup_teardown.py
[2024-03-21T01:19:31.166+0000] {processor.py:830} INFO - Processing file /home/airflow/.local/lib/python3.8/site-packages/airflow/example_dags/example_setup_teardown.py for tasks to queue
[2024-03-21T01:19:31.171+0000] {logging_mixin.py:188} INFO - [2024-03-21T01:19:31.170+0000] {dagbag.py:540} INFO - Filling up the DagBag from /home/airflow/.local/lib/python3.8/site-packages/airflow/example_dags/example_setup_teardown.py
[2024-03-21T01:19:31.184+0000] {processor.py:840} INFO - DAG(s) 'example_setup_teardown' retrieved from /home/airflow/.local/lib/python3.8/site-packages/airflow/example_dags/example_setup_teardown.py
[2024-03-21T01:19:31.218+0000] {logging_mixin.py:188} INFO - [2024-03-21T01:19:31.218+0000] {dag.py:3047} INFO - Sync 1 DAGs
[2024-03-21T01:19:31.266+0000] {logging_mixin.py:188} INFO - [2024-03-21T01:19:31.265+0000] {dag.py:3834} INFO - Setting next_dagrun for example_setup_teardown to 2024-03-20 00:00:00+00:00, run_after=2024-03-21 00:00:00+00:00
[2024-03-21T01:19:31.297+0000] {processor.py:183} INFO - Processing /home/airflow/.local/lib/python3.8/site-packages/airflow/example_dags/example_setup_teardown.py took 0.138 seconds
[2024-03-21T01:20:01.720+0000] {processor.py:161} INFO - Started process (PID=762) to work on /home/airflow/.local/lib/python3.8/site-packages/airflow/example_dags/example_setup_teardown.py
[2024-03-21T01:20:01.721+0000] {processor.py:830} INFO - Processing file /home/airflow/.local/lib/python3.8/site-packages/airflow/example_dags/example_setup_teardown.py for tasks to queue
[2024-03-21T01:20:01.723+0000] {logging_mixin.py:188} INFO - [2024-03-21T01:20:01.722+0000] {dagbag.py:540} INFO - Filling up the DagBag from /home/airflow/.local/lib/python3.8/site-packages/airflow/example_dags/example_setup_teardown.py
[2024-03-21T01:20:01.729+0000] {processor.py:840} INFO - DAG(s) 'example_setup_teardown' retrieved from /home/airflow/.local/lib/python3.8/site-packages/airflow/example_dags/example_setup_teardown.py
[2024-03-21T01:20:01.749+0000] {logging_mixin.py:188} INFO - [2024-03-21T01:20:01.749+0000] {dag.py:3047} INFO - Sync 1 DAGs
[2024-03-21T01:20:01.773+0000] {logging_mixin.py:188} INFO - [2024-03-21T01:20:01.773+0000] {dag.py:3834} INFO - Setting next_dagrun for example_setup_teardown to 2024-03-20 00:00:00+00:00, run_after=2024-03-21 00:00:00+00:00
[2024-03-21T01:20:01.796+0000] {processor.py:183} INFO - Processing /home/airflow/.local/lib/python3.8/site-packages/airflow/example_dags/example_setup_teardown.py took 0.080 seconds
[2024-03-21T01:20:32.056+0000] {processor.py:161} INFO - Started process (PID=817) to work on /home/airflow/.local/lib/python3.8/site-packages/airflow/example_dags/example_setup_teardown.py
[2024-03-21T01:20:32.059+0000] {processor.py:830} INFO - Processing file /home/airflow/.local/lib/python3.8/site-packages/airflow/example_dags/example_setup_teardown.py for tasks to queue
[2024-03-21T01:20:32.061+0000] {logging_mixin.py:188} INFO - [2024-03-21T01:20:32.061+0000] {dagbag.py:540} INFO - Filling up the DagBag from /home/airflow/.local/lib/python3.8/site-packages/airflow/example_dags/example_setup_teardown.py
[2024-03-21T01:20:32.067+0000] {processor.py:840} INFO - DAG(s) 'example_setup_teardown' retrieved from /home/airflow/.local/lib/python3.8/site-packages/airflow/example_dags/example_setup_teardown.py
[2024-03-21T01:20:32.088+0000] {logging_mixin.py:188} INFO - [2024-03-21T01:20:32.088+0000] {dag.py:3047} INFO - Sync 1 DAGs
[2024-03-21T01:20:32.113+0000] {logging_mixin.py:188} INFO - [2024-03-21T01:20:32.113+0000] {dag.py:3834} INFO - Setting next_dagrun for example_setup_teardown to 2024-03-20 00:00:00+00:00, run_after=2024-03-21 00:00:00+00:00
[2024-03-21T01:20:32.140+0000] {processor.py:183} INFO - Processing /home/airflow/.local/lib/python3.8/site-packages/airflow/example_dags/example_setup_teardown.py took 0.088 seconds
[2024-03-21T01:21:02.839+0000] {processor.py:161} INFO - Started process (PID=871) to work on /home/airflow/.local/lib/python3.8/site-packages/airflow/example_dags/example_setup_teardown.py
[2024-03-21T01:21:02.840+0000] {processor.py:830} INFO - Processing file /home/airflow/.local/lib/python3.8/site-packages/airflow/example_dags/example_setup_teardown.py for tasks to queue
[2024-03-21T01:21:02.842+0000] {logging_mixin.py:188} INFO - [2024-03-21T01:21:02.842+0000] {dagbag.py:540} INFO - Filling up the DagBag from /home/airflow/.local/lib/python3.8/site-packages/airflow/example_dags/example_setup_teardown.py
[2024-03-21T01:21:02.849+0000] {processor.py:840} INFO - DAG(s) 'example_setup_teardown' retrieved from /home/airflow/.local/lib/python3.8/site-packages/airflow/example_dags/example_setup_teardown.py
[2024-03-21T01:21:02.871+0000] {logging_mixin.py:188} INFO - [2024-03-21T01:21:02.871+0000] {dag.py:3047} INFO - Sync 1 DAGs
[2024-03-21T01:21:02.895+0000] {logging_mixin.py:188} INFO - [2024-03-21T01:21:02.895+0000] {dag.py:3834} INFO - Setting next_dagrun for example_setup_teardown to 2024-03-20 00:00:00+00:00, run_after=2024-03-21 00:00:00+00:00
[2024-03-21T01:21:02.921+0000] {processor.py:183} INFO - Processing /home/airflow/.local/lib/python3.8/site-packages/airflow/example_dags/example_setup_teardown.py took 0.086 seconds
[2024-03-21T01:21:35.622+0000] {processor.py:161} INFO - Started process (PID=926) to work on /home/airflow/.local/lib/python3.8/site-packages/airflow/example_dags/example_setup_teardown.py
[2024-03-21T01:21:35.628+0000] {processor.py:830} INFO - Processing file /home/airflow/.local/lib/python3.8/site-packages/airflow/example_dags/example_setup_teardown.py for tasks to queue
[2024-03-21T01:21:35.632+0000] {logging_mixin.py:188} INFO - [2024-03-21T01:21:35.631+0000] {dagbag.py:540} INFO - Filling up the DagBag from /home/airflow/.local/lib/python3.8/site-packages/airflow/example_dags/example_setup_teardown.py
[2024-03-21T01:21:35.669+0000] {processor.py:840} INFO - DAG(s) 'example_setup_teardown' retrieved from /home/airflow/.local/lib/python3.8/site-packages/airflow/example_dags/example_setup_teardown.py
[2024-03-21T01:21:35.771+0000] {logging_mixin.py:188} INFO - [2024-03-21T01:21:35.765+0000] {dag.py:3047} INFO - Sync 1 DAGs
[2024-03-21T01:21:35.906+0000] {logging_mixin.py:188} INFO - [2024-03-21T01:21:35.906+0000] {dag.py:3834} INFO - Setting next_dagrun for example_setup_teardown to 2024-03-20 00:00:00+00:00, run_after=2024-03-21 00:00:00+00:00
[2024-03-21T01:21:36.117+0000] {processor.py:183} INFO - Processing /home/airflow/.local/lib/python3.8/site-packages/airflow/example_dags/example_setup_teardown.py took 0.518 seconds
[2024-03-21T01:22:06.870+0000] {processor.py:161} INFO - Started process (PID=982) to work on /home/airflow/.local/lib/python3.8/site-packages/airflow/example_dags/example_setup_teardown.py
[2024-03-21T01:22:06.871+0000] {processor.py:830} INFO - Processing file /home/airflow/.local/lib/python3.8/site-packages/airflow/example_dags/example_setup_teardown.py for tasks to queue
[2024-03-21T01:22:06.873+0000] {logging_mixin.py:188} INFO - [2024-03-21T01:22:06.872+0000] {dagbag.py:540} INFO - Filling up the DagBag from /home/airflow/.local/lib/python3.8/site-packages/airflow/example_dags/example_setup_teardown.py
[2024-03-21T01:22:06.879+0000] {processor.py:840} INFO - DAG(s) 'example_setup_teardown' retrieved from /home/airflow/.local/lib/python3.8/site-packages/airflow/example_dags/example_setup_teardown.py
[2024-03-21T01:22:06.904+0000] {logging_mixin.py:188} INFO - [2024-03-21T01:22:06.904+0000] {dag.py:3047} INFO - Sync 1 DAGs
[2024-03-21T01:22:06.927+0000] {logging_mixin.py:188} INFO - [2024-03-21T01:22:06.927+0000] {dag.py:3834} INFO - Setting next_dagrun for example_setup_teardown to 2024-03-20 00:00:00+00:00, run_after=2024-03-21 00:00:00+00:00
[2024-03-21T01:22:06.951+0000] {processor.py:183} INFO - Processing /home/airflow/.local/lib/python3.8/site-packages/airflow/example_dags/example_setup_teardown.py took 0.085 seconds
[2024-03-21T01:22:37.202+0000] {processor.py:161} INFO - Started process (PID=1037) to work on /home/airflow/.local/lib/python3.8/site-packages/airflow/example_dags/example_setup_teardown.py
[2024-03-21T01:22:37.207+0000] {processor.py:830} INFO - Processing file /home/airflow/.local/lib/python3.8/site-packages/airflow/example_dags/example_setup_teardown.py for tasks to queue
[2024-03-21T01:22:37.210+0000] {logging_mixin.py:188} INFO - [2024-03-21T01:22:37.209+0000] {dagbag.py:540} INFO - Filling up the DagBag from /home/airflow/.local/lib/python3.8/site-packages/airflow/example_dags/example_setup_teardown.py
[2024-03-21T01:22:37.220+0000] {processor.py:840} INFO - DAG(s) 'example_setup_teardown' retrieved from /home/airflow/.local/lib/python3.8/site-packages/airflow/example_dags/example_setup_teardown.py
[2024-03-21T01:22:37.249+0000] {logging_mixin.py:188} INFO - [2024-03-21T01:22:37.248+0000] {dag.py:3047} INFO - Sync 1 DAGs
[2024-03-21T01:22:37.278+0000] {logging_mixin.py:188} INFO - [2024-03-21T01:22:37.278+0000] {dag.py:3834} INFO - Setting next_dagrun for example_setup_teardown to 2024-03-20 00:00:00+00:00, run_after=2024-03-21 00:00:00+00:00
[2024-03-21T01:22:37.306+0000] {processor.py:183} INFO - Processing /home/airflow/.local/lib/python3.8/site-packages/airflow/example_dags/example_setup_teardown.py took 0.109 seconds
[2024-03-21T01:23:07.823+0000] {processor.py:161} INFO - Started process (PID=1092) to work on /home/airflow/.local/lib/python3.8/site-packages/airflow/example_dags/example_setup_teardown.py
[2024-03-21T01:23:07.824+0000] {processor.py:830} INFO - Processing file /home/airflow/.local/lib/python3.8/site-packages/airflow/example_dags/example_setup_teardown.py for tasks to queue
[2024-03-21T01:23:07.825+0000] {logging_mixin.py:188} INFO - [2024-03-21T01:23:07.825+0000] {dagbag.py:540} INFO - Filling up the DagBag from /home/airflow/.local/lib/python3.8/site-packages/airflow/example_dags/example_setup_teardown.py
[2024-03-21T01:23:07.832+0000] {processor.py:840} INFO - DAG(s) 'example_setup_teardown' retrieved from /home/airflow/.local/lib/python3.8/site-packages/airflow/example_dags/example_setup_teardown.py
[2024-03-21T01:23:07.853+0000] {logging_mixin.py:188} INFO - [2024-03-21T01:23:07.853+0000] {dag.py:3047} INFO - Sync 1 DAGs
[2024-03-21T01:23:07.875+0000] {logging_mixin.py:188} INFO - [2024-03-21T01:23:07.875+0000] {dag.py:3834} INFO - Setting next_dagrun for example_setup_teardown to 2024-03-20 00:00:00+00:00, run_after=2024-03-21 00:00:00+00:00
[2024-03-21T01:23:07.897+0000] {processor.py:183} INFO - Processing /home/airflow/.local/lib/python3.8/site-packages/airflow/example_dags/example_setup_teardown.py took 0.077 seconds
[2024-03-21T01:23:38.781+0000] {processor.py:161} INFO - Started process (PID=1146) to work on /home/airflow/.local/lib/python3.8/site-packages/airflow/example_dags/example_setup_teardown.py
[2024-03-21T01:23:38.783+0000] {processor.py:830} INFO - Processing file /home/airflow/.local/lib/python3.8/site-packages/airflow/example_dags/example_setup_teardown.py for tasks to queue
[2024-03-21T01:23:38.785+0000] {logging_mixin.py:188} INFO - [2024-03-21T01:23:38.785+0000] {dagbag.py:540} INFO - Filling up the DagBag from /home/airflow/.local/lib/python3.8/site-packages/airflow/example_dags/example_setup_teardown.py
[2024-03-21T01:23:38.794+0000] {processor.py:840} INFO - DAG(s) 'example_setup_teardown' retrieved from /home/airflow/.local/lib/python3.8/site-packages/airflow/example_dags/example_setup_teardown.py
[2024-03-21T01:23:38.825+0000] {logging_mixin.py:188} INFO - [2024-03-21T01:23:38.824+0000] {dag.py:3047} INFO - Sync 1 DAGs
[2024-03-21T01:23:38.852+0000] {logging_mixin.py:188} INFO - [2024-03-21T01:23:38.852+0000] {dag.py:3834} INFO - Setting next_dagrun for example_setup_teardown to 2024-03-20 00:00:00+00:00, run_after=2024-03-21 00:00:00+00:00
[2024-03-21T01:23:38.876+0000] {processor.py:183} INFO - Processing /home/airflow/.local/lib/python3.8/site-packages/airflow/example_dags/example_setup_teardown.py took 0.100 seconds
[2024-03-21T01:24:08.989+0000] {processor.py:161} INFO - Started process (PID=1201) to work on /home/airflow/.local/lib/python3.8/site-packages/airflow/example_dags/example_setup_teardown.py
[2024-03-21T01:24:08.990+0000] {processor.py:830} INFO - Processing file /home/airflow/.local/lib/python3.8/site-packages/airflow/example_dags/example_setup_teardown.py for tasks to queue
[2024-03-21T01:24:08.992+0000] {logging_mixin.py:188} INFO - [2024-03-21T01:24:08.992+0000] {dagbag.py:540} INFO - Filling up the DagBag from /home/airflow/.local/lib/python3.8/site-packages/airflow/example_dags/example_setup_teardown.py
[2024-03-21T01:24:08.999+0000] {processor.py:840} INFO - DAG(s) 'example_setup_teardown' retrieved from /home/airflow/.local/lib/python3.8/site-packages/airflow/example_dags/example_setup_teardown.py
[2024-03-21T01:24:09.026+0000] {logging_mixin.py:188} INFO - [2024-03-21T01:24:09.026+0000] {dag.py:3047} INFO - Sync 1 DAGs
[2024-03-21T01:24:09.052+0000] {logging_mixin.py:188} INFO - [2024-03-21T01:24:09.052+0000] {dag.py:3834} INFO - Setting next_dagrun for example_setup_teardown to 2024-03-20 00:00:00+00:00, run_after=2024-03-21 00:00:00+00:00
[2024-03-21T01:24:09.082+0000] {processor.py:183} INFO - Processing /home/airflow/.local/lib/python3.8/site-packages/airflow/example_dags/example_setup_teardown.py took 0.096 seconds
[2024-03-21T01:24:39.167+0000] {processor.py:161} INFO - Started process (PID=1256) to work on /home/airflow/.local/lib/python3.8/site-packages/airflow/example_dags/example_setup_teardown.py
[2024-03-21T01:24:39.169+0000] {processor.py:830} INFO - Processing file /home/airflow/.local/lib/python3.8/site-packages/airflow/example_dags/example_setup_teardown.py for tasks to queue
[2024-03-21T01:24:39.171+0000] {logging_mixin.py:188} INFO - [2024-03-21T01:24:39.171+0000] {dagbag.py:540} INFO - Filling up the DagBag from /home/airflow/.local/lib/python3.8/site-packages/airflow/example_dags/example_setup_teardown.py
[2024-03-21T01:24:39.179+0000] {processor.py:840} INFO - DAG(s) 'example_setup_teardown' retrieved from /home/airflow/.local/lib/python3.8/site-packages/airflow/example_dags/example_setup_teardown.py
[2024-03-21T01:24:39.202+0000] {logging_mixin.py:188} INFO - [2024-03-21T01:24:39.202+0000] {dag.py:3047} INFO - Sync 1 DAGs
[2024-03-21T01:24:39.226+0000] {logging_mixin.py:188} INFO - [2024-03-21T01:24:39.226+0000] {dag.py:3834} INFO - Setting next_dagrun for example_setup_teardown to 2024-03-20 00:00:00+00:00, run_after=2024-03-21 00:00:00+00:00
[2024-03-21T01:24:39.251+0000] {processor.py:183} INFO - Processing /home/airflow/.local/lib/python3.8/site-packages/airflow/example_dags/example_setup_teardown.py took 0.090 seconds
[2024-03-21T01:25:09.289+0000] {processor.py:161} INFO - Started process (PID=1310) to work on /home/airflow/.local/lib/python3.8/site-packages/airflow/example_dags/example_setup_teardown.py
[2024-03-21T01:25:09.292+0000] {processor.py:830} INFO - Processing file /home/airflow/.local/lib/python3.8/site-packages/airflow/example_dags/example_setup_teardown.py for tasks to queue
[2024-03-21T01:25:09.293+0000] {logging_mixin.py:188} INFO - [2024-03-21T01:25:09.293+0000] {dagbag.py:540} INFO - Filling up the DagBag from /home/airflow/.local/lib/python3.8/site-packages/airflow/example_dags/example_setup_teardown.py
[2024-03-21T01:25:09.301+0000] {processor.py:840} INFO - DAG(s) 'example_setup_teardown' retrieved from /home/airflow/.local/lib/python3.8/site-packages/airflow/example_dags/example_setup_teardown.py
[2024-03-21T01:25:09.325+0000] {logging_mixin.py:188} INFO - [2024-03-21T01:25:09.325+0000] {dag.py:3047} INFO - Sync 1 DAGs
[2024-03-21T01:25:09.346+0000] {logging_mixin.py:188} INFO - [2024-03-21T01:25:09.346+0000] {dag.py:3834} INFO - Setting next_dagrun for example_setup_teardown to 2024-03-20 00:00:00+00:00, run_after=2024-03-21 00:00:00+00:00
[2024-03-21T01:25:09.366+0000] {processor.py:183} INFO - Processing /home/airflow/.local/lib/python3.8/site-packages/airflow/example_dags/example_setup_teardown.py took 0.080 seconds
[2024-03-21T01:25:39.682+0000] {processor.py:161} INFO - Started process (PID=1365) to work on /home/airflow/.local/lib/python3.8/site-packages/airflow/example_dags/example_setup_teardown.py
[2024-03-21T01:25:39.683+0000] {processor.py:830} INFO - Processing file /home/airflow/.local/lib/python3.8/site-packages/airflow/example_dags/example_setup_teardown.py for tasks to queue
[2024-03-21T01:25:39.685+0000] {logging_mixin.py:188} INFO - [2024-03-21T01:25:39.685+0000] {dagbag.py:540} INFO - Filling up the DagBag from /home/airflow/.local/lib/python3.8/site-packages/airflow/example_dags/example_setup_teardown.py
[2024-03-21T01:25:39.692+0000] {processor.py:840} INFO - DAG(s) 'example_setup_teardown' retrieved from /home/airflow/.local/lib/python3.8/site-packages/airflow/example_dags/example_setup_teardown.py
[2024-03-21T01:25:39.717+0000] {logging_mixin.py:188} INFO - [2024-03-21T01:25:39.717+0000] {dag.py:3047} INFO - Sync 1 DAGs
[2024-03-21T01:25:39.741+0000] {logging_mixin.py:188} INFO - [2024-03-21T01:25:39.740+0000] {dag.py:3834} INFO - Setting next_dagrun for example_setup_teardown to 2024-03-20 00:00:00+00:00, run_after=2024-03-21 00:00:00+00:00
[2024-03-21T01:25:39.771+0000] {processor.py:183} INFO - Processing /home/airflow/.local/lib/python3.8/site-packages/airflow/example_dags/example_setup_teardown.py took 0.093 seconds
[2024-03-21T01:26:09.952+0000] {processor.py:161} INFO - Started process (PID=1420) to work on /home/airflow/.local/lib/python3.8/site-packages/airflow/example_dags/example_setup_teardown.py
[2024-03-21T01:26:09.953+0000] {processor.py:830} INFO - Processing file /home/airflow/.local/lib/python3.8/site-packages/airflow/example_dags/example_setup_teardown.py for tasks to queue
[2024-03-21T01:26:09.955+0000] {logging_mixin.py:188} INFO - [2024-03-21T01:26:09.954+0000] {dagbag.py:540} INFO - Filling up the DagBag from /home/airflow/.local/lib/python3.8/site-packages/airflow/example_dags/example_setup_teardown.py
[2024-03-21T01:26:09.962+0000] {processor.py:840} INFO - DAG(s) 'example_setup_teardown' retrieved from /home/airflow/.local/lib/python3.8/site-packages/airflow/example_dags/example_setup_teardown.py
[2024-03-21T01:26:09.988+0000] {logging_mixin.py:188} INFO - [2024-03-21T01:26:09.987+0000] {dag.py:3047} INFO - Sync 1 DAGs
[2024-03-21T01:26:10.013+0000] {logging_mixin.py:188} INFO - [2024-03-21T01:26:10.013+0000] {dag.py:3834} INFO - Setting next_dagrun for example_setup_teardown to 2024-03-20 00:00:00+00:00, run_after=2024-03-21 00:00:00+00:00
[2024-03-21T01:26:10.039+0000] {processor.py:183} INFO - Processing /home/airflow/.local/lib/python3.8/site-packages/airflow/example_dags/example_setup_teardown.py took 0.090 seconds
[2024-03-21T01:26:40.135+0000] {processor.py:161} INFO - Started process (PID=1475) to work on /home/airflow/.local/lib/python3.8/site-packages/airflow/example_dags/example_setup_teardown.py
[2024-03-21T01:26:40.138+0000] {processor.py:830} INFO - Processing file /home/airflow/.local/lib/python3.8/site-packages/airflow/example_dags/example_setup_teardown.py for tasks to queue
[2024-03-21T01:26:40.140+0000] {logging_mixin.py:188} INFO - [2024-03-21T01:26:40.140+0000] {dagbag.py:540} INFO - Filling up the DagBag from /home/airflow/.local/lib/python3.8/site-packages/airflow/example_dags/example_setup_teardown.py
[2024-03-21T01:26:40.148+0000] {processor.py:840} INFO - DAG(s) 'example_setup_teardown' retrieved from /home/airflow/.local/lib/python3.8/site-packages/airflow/example_dags/example_setup_teardown.py
[2024-03-21T01:26:40.176+0000] {logging_mixin.py:188} INFO - [2024-03-21T01:26:40.175+0000] {dag.py:3047} INFO - Sync 1 DAGs
[2024-03-21T01:26:40.206+0000] {logging_mixin.py:188} INFO - [2024-03-21T01:26:40.206+0000] {dag.py:3834} INFO - Setting next_dagrun for example_setup_teardown to 2024-03-20 00:00:00+00:00, run_after=2024-03-21 00:00:00+00:00
[2024-03-21T01:26:40.237+0000] {processor.py:183} INFO - Processing /home/airflow/.local/lib/python3.8/site-packages/airflow/example_dags/example_setup_teardown.py took 0.107 seconds
[2024-03-21T01:27:10.426+0000] {processor.py:161} INFO - Started process (PID=1530) to work on /home/airflow/.local/lib/python3.8/site-packages/airflow/example_dags/example_setup_teardown.py
[2024-03-21T01:27:10.428+0000] {processor.py:830} INFO - Processing file /home/airflow/.local/lib/python3.8/site-packages/airflow/example_dags/example_setup_teardown.py for tasks to queue
[2024-03-21T01:27:10.430+0000] {logging_mixin.py:188} INFO - [2024-03-21T01:27:10.429+0000] {dagbag.py:540} INFO - Filling up the DagBag from /home/airflow/.local/lib/python3.8/site-packages/airflow/example_dags/example_setup_teardown.py
[2024-03-21T01:27:10.439+0000] {processor.py:840} INFO - DAG(s) 'example_setup_teardown' retrieved from /home/airflow/.local/lib/python3.8/site-packages/airflow/example_dags/example_setup_teardown.py
[2024-03-21T01:27:10.466+0000] {logging_mixin.py:188} INFO - [2024-03-21T01:27:10.466+0000] {dag.py:3047} INFO - Sync 1 DAGs
[2024-03-21T01:27:10.497+0000] {logging_mixin.py:188} INFO - [2024-03-21T01:27:10.496+0000] {dag.py:3834} INFO - Setting next_dagrun for example_setup_teardown to 2024-03-20 00:00:00+00:00, run_after=2024-03-21 00:00:00+00:00
[2024-03-21T01:27:10.536+0000] {processor.py:183} INFO - Processing /home/airflow/.local/lib/python3.8/site-packages/airflow/example_dags/example_setup_teardown.py took 0.114 seconds
[2024-03-21T01:27:40.843+0000] {processor.py:161} INFO - Started process (PID=1585) to work on /home/airflow/.local/lib/python3.8/site-packages/airflow/example_dags/example_setup_teardown.py
[2024-03-21T01:27:40.845+0000] {processor.py:830} INFO - Processing file /home/airflow/.local/lib/python3.8/site-packages/airflow/example_dags/example_setup_teardown.py for tasks to queue
[2024-03-21T01:27:40.848+0000] {logging_mixin.py:188} INFO - [2024-03-21T01:27:40.847+0000] {dagbag.py:540} INFO - Filling up the DagBag from /home/airflow/.local/lib/python3.8/site-packages/airflow/example_dags/example_setup_teardown.py
[2024-03-21T01:27:40.861+0000] {processor.py:840} INFO - DAG(s) 'example_setup_teardown' retrieved from /home/airflow/.local/lib/python3.8/site-packages/airflow/example_dags/example_setup_teardown.py
[2024-03-21T01:27:40.888+0000] {logging_mixin.py:188} INFO - [2024-03-21T01:27:40.888+0000] {dag.py:3047} INFO - Sync 1 DAGs
[2024-03-21T01:27:40.920+0000] {logging_mixin.py:188} INFO - [2024-03-21T01:27:40.920+0000] {dag.py:3834} INFO - Setting next_dagrun for example_setup_teardown to 2024-03-20 00:00:00+00:00, run_after=2024-03-21 00:00:00+00:00
[2024-03-21T01:27:40.948+0000] {processor.py:183} INFO - Processing /home/airflow/.local/lib/python3.8/site-packages/airflow/example_dags/example_setup_teardown.py took 0.110 seconds
[2024-03-21T01:28:11.107+0000] {processor.py:161} INFO - Started process (PID=1640) to work on /home/airflow/.local/lib/python3.8/site-packages/airflow/example_dags/example_setup_teardown.py
[2024-03-21T01:28:11.108+0000] {processor.py:830} INFO - Processing file /home/airflow/.local/lib/python3.8/site-packages/airflow/example_dags/example_setup_teardown.py for tasks to queue
[2024-03-21T01:28:11.109+0000] {logging_mixin.py:188} INFO - [2024-03-21T01:28:11.109+0000] {dagbag.py:540} INFO - Filling up the DagBag from /home/airflow/.local/lib/python3.8/site-packages/airflow/example_dags/example_setup_teardown.py
[2024-03-21T01:28:11.116+0000] {processor.py:840} INFO - DAG(s) 'example_setup_teardown' retrieved from /home/airflow/.local/lib/python3.8/site-packages/airflow/example_dags/example_setup_teardown.py
[2024-03-21T01:28:11.139+0000] {logging_mixin.py:188} INFO - [2024-03-21T01:28:11.139+0000] {dag.py:3047} INFO - Sync 1 DAGs
[2024-03-21T01:28:11.165+0000] {logging_mixin.py:188} INFO - [2024-03-21T01:28:11.164+0000] {dag.py:3834} INFO - Setting next_dagrun for example_setup_teardown to 2024-03-20 00:00:00+00:00, run_after=2024-03-21 00:00:00+00:00
[2024-03-21T01:28:11.192+0000] {processor.py:183} INFO - Processing /home/airflow/.local/lib/python3.8/site-packages/airflow/example_dags/example_setup_teardown.py took 0.088 seconds
[2024-03-21T01:28:41.599+0000] {processor.py:161} INFO - Started process (PID=1695) to work on /home/airflow/.local/lib/python3.8/site-packages/airflow/example_dags/example_setup_teardown.py
[2024-03-21T01:28:41.612+0000] {processor.py:830} INFO - Processing file /home/airflow/.local/lib/python3.8/site-packages/airflow/example_dags/example_setup_teardown.py for tasks to queue
[2024-03-21T01:28:41.617+0000] {logging_mixin.py:188} INFO - [2024-03-21T01:28:41.616+0000] {dagbag.py:540} INFO - Filling up the DagBag from /home/airflow/.local/lib/python3.8/site-packages/airflow/example_dags/example_setup_teardown.py
[2024-03-21T01:28:41.694+0000] {processor.py:840} INFO - DAG(s) 'example_setup_teardown' retrieved from /home/airflow/.local/lib/python3.8/site-packages/airflow/example_dags/example_setup_teardown.py
[2024-03-21T01:28:41.833+0000] {logging_mixin.py:188} INFO - [2024-03-21T01:28:41.832+0000] {dag.py:3047} INFO - Sync 1 DAGs
[2024-03-21T01:28:41.985+0000] {logging_mixin.py:188} INFO - [2024-03-21T01:28:41.984+0000] {dag.py:3834} INFO - Setting next_dagrun for example_setup_teardown to 2024-03-20 00:00:00+00:00, run_after=2024-03-21 00:00:00+00:00
[2024-03-21T01:28:42.099+0000] {processor.py:183} INFO - Processing /home/airflow/.local/lib/python3.8/site-packages/airflow/example_dags/example_setup_teardown.py took 0.519 seconds
[2024-03-21T01:29:12.807+0000] {processor.py:161} INFO - Started process (PID=1751) to work on /home/airflow/.local/lib/python3.8/site-packages/airflow/example_dags/example_setup_teardown.py
[2024-03-21T01:29:12.808+0000] {processor.py:830} INFO - Processing file /home/airflow/.local/lib/python3.8/site-packages/airflow/example_dags/example_setup_teardown.py for tasks to queue
[2024-03-21T01:29:12.810+0000] {logging_mixin.py:188} INFO - [2024-03-21T01:29:12.810+0000] {dagbag.py:540} INFO - Filling up the DagBag from /home/airflow/.local/lib/python3.8/site-packages/airflow/example_dags/example_setup_teardown.py
[2024-03-21T01:29:12.822+0000] {processor.py:840} INFO - DAG(s) 'example_setup_teardown' retrieved from /home/airflow/.local/lib/python3.8/site-packages/airflow/example_dags/example_setup_teardown.py
[2024-03-21T01:29:12.845+0000] {logging_mixin.py:188} INFO - [2024-03-21T01:29:12.845+0000] {dag.py:3047} INFO - Sync 1 DAGs
[2024-03-21T01:29:12.866+0000] {logging_mixin.py:188} INFO - [2024-03-21T01:29:12.866+0000] {dag.py:3834} INFO - Setting next_dagrun for example_setup_teardown to 2024-03-20 00:00:00+00:00, run_after=2024-03-21 00:00:00+00:00
[2024-03-21T01:29:12.889+0000] {processor.py:183} INFO - Processing /home/airflow/.local/lib/python3.8/site-packages/airflow/example_dags/example_setup_teardown.py took 0.085 seconds
[2024-03-21T01:29:43.036+0000] {processor.py:161} INFO - Started process (PID=1806) to work on /home/airflow/.local/lib/python3.8/site-packages/airflow/example_dags/example_setup_teardown.py
[2024-03-21T01:29:43.039+0000] {processor.py:830} INFO - Processing file /home/airflow/.local/lib/python3.8/site-packages/airflow/example_dags/example_setup_teardown.py for tasks to queue
[2024-03-21T01:29:43.042+0000] {logging_mixin.py:188} INFO - [2024-03-21T01:29:43.042+0000] {dagbag.py:540} INFO - Filling up the DagBag from /home/airflow/.local/lib/python3.8/site-packages/airflow/example_dags/example_setup_teardown.py
[2024-03-21T01:29:43.050+0000] {processor.py:840} INFO - DAG(s) 'example_setup_teardown' retrieved from /home/airflow/.local/lib/python3.8/site-packages/airflow/example_dags/example_setup_teardown.py
[2024-03-21T01:29:43.073+0000] {logging_mixin.py:188} INFO - [2024-03-21T01:29:43.072+0000] {dag.py:3047} INFO - Sync 1 DAGs
[2024-03-21T01:29:43.095+0000] {logging_mixin.py:188} INFO - [2024-03-21T01:29:43.095+0000] {dag.py:3834} INFO - Setting next_dagrun for example_setup_teardown to 2024-03-20 00:00:00+00:00, run_after=2024-03-21 00:00:00+00:00
[2024-03-21T01:29:43.117+0000] {processor.py:183} INFO - Processing /home/airflow/.local/lib/python3.8/site-packages/airflow/example_dags/example_setup_teardown.py took 0.086 seconds
[2024-03-21T01:30:13.401+0000] {processor.py:161} INFO - Started process (PID=1860) to work on /home/airflow/.local/lib/python3.8/site-packages/airflow/example_dags/example_setup_teardown.py
[2024-03-21T01:30:13.403+0000] {processor.py:830} INFO - Processing file /home/airflow/.local/lib/python3.8/site-packages/airflow/example_dags/example_setup_teardown.py for tasks to queue
[2024-03-21T01:30:13.405+0000] {logging_mixin.py:188} INFO - [2024-03-21T01:30:13.405+0000] {dagbag.py:540} INFO - Filling up the DagBag from /home/airflow/.local/lib/python3.8/site-packages/airflow/example_dags/example_setup_teardown.py
[2024-03-21T01:30:13.413+0000] {processor.py:840} INFO - DAG(s) 'example_setup_teardown' retrieved from /home/airflow/.local/lib/python3.8/site-packages/airflow/example_dags/example_setup_teardown.py
[2024-03-21T01:30:13.435+0000] {logging_mixin.py:188} INFO - [2024-03-21T01:30:13.435+0000] {dag.py:3047} INFO - Sync 1 DAGs
[2024-03-21T01:30:13.458+0000] {logging_mixin.py:188} INFO - [2024-03-21T01:30:13.458+0000] {dag.py:3834} INFO - Setting next_dagrun for example_setup_teardown to 2024-03-20 00:00:00+00:00, run_after=2024-03-21 00:00:00+00:00
[2024-03-21T01:30:13.480+0000] {processor.py:183} INFO - Processing /home/airflow/.local/lib/python3.8/site-packages/airflow/example_dags/example_setup_teardown.py took 0.082 seconds
[2024-03-21T01:30:43.796+0000] {processor.py:161} INFO - Started process (PID=1915) to work on /home/airflow/.local/lib/python3.8/site-packages/airflow/example_dags/example_setup_teardown.py
[2024-03-21T01:30:43.798+0000] {processor.py:830} INFO - Processing file /home/airflow/.local/lib/python3.8/site-packages/airflow/example_dags/example_setup_teardown.py for tasks to queue
[2024-03-21T01:30:43.800+0000] {logging_mixin.py:188} INFO - [2024-03-21T01:30:43.800+0000] {dagbag.py:540} INFO - Filling up the DagBag from /home/airflow/.local/lib/python3.8/site-packages/airflow/example_dags/example_setup_teardown.py
[2024-03-21T01:30:43.812+0000] {processor.py:840} INFO - DAG(s) 'example_setup_teardown' retrieved from /home/airflow/.local/lib/python3.8/site-packages/airflow/example_dags/example_setup_teardown.py
[2024-03-21T01:30:43.849+0000] {logging_mixin.py:188} INFO - [2024-03-21T01:30:43.848+0000] {dag.py:3047} INFO - Sync 1 DAGs
[2024-03-21T01:30:43.897+0000] {logging_mixin.py:188} INFO - [2024-03-21T01:30:43.896+0000] {dag.py:3834} INFO - Setting next_dagrun for example_setup_teardown to 2024-03-20 00:00:00+00:00, run_after=2024-03-21 00:00:00+00:00
[2024-03-21T01:30:43.960+0000] {processor.py:183} INFO - Processing /home/airflow/.local/lib/python3.8/site-packages/airflow/example_dags/example_setup_teardown.py took 0.168 seconds
[2024-03-21T01:31:14.582+0000] {processor.py:161} INFO - Started process (PID=1970) to work on /home/airflow/.local/lib/python3.8/site-packages/airflow/example_dags/example_setup_teardown.py
[2024-03-21T01:31:14.585+0000] {processor.py:830} INFO - Processing file /home/airflow/.local/lib/python3.8/site-packages/airflow/example_dags/example_setup_teardown.py for tasks to queue
[2024-03-21T01:31:14.587+0000] {logging_mixin.py:188} INFO - [2024-03-21T01:31:14.586+0000] {dagbag.py:540} INFO - Filling up the DagBag from /home/airflow/.local/lib/python3.8/site-packages/airflow/example_dags/example_setup_teardown.py
[2024-03-21T01:31:14.593+0000] {processor.py:840} INFO - DAG(s) 'example_setup_teardown' retrieved from /home/airflow/.local/lib/python3.8/site-packages/airflow/example_dags/example_setup_teardown.py
[2024-03-21T01:31:14.620+0000] {logging_mixin.py:188} INFO - [2024-03-21T01:31:14.620+0000] {dag.py:3047} INFO - Sync 1 DAGs
[2024-03-21T01:31:14.644+0000] {logging_mixin.py:188} INFO - [2024-03-21T01:31:14.644+0000] {dag.py:3834} INFO - Setting next_dagrun for example_setup_teardown to 2024-03-20 00:00:00+00:00, run_after=2024-03-21 00:00:00+00:00
[2024-03-21T01:31:14.671+0000] {processor.py:183} INFO - Processing /home/airflow/.local/lib/python3.8/site-packages/airflow/example_dags/example_setup_teardown.py took 0.093 seconds
[2024-03-21T01:31:44.826+0000] {processor.py:161} INFO - Started process (PID=2025) to work on /home/airflow/.local/lib/python3.8/site-packages/airflow/example_dags/example_setup_teardown.py
[2024-03-21T01:31:44.830+0000] {processor.py:830} INFO - Processing file /home/airflow/.local/lib/python3.8/site-packages/airflow/example_dags/example_setup_teardown.py for tasks to queue
[2024-03-21T01:31:44.833+0000] {logging_mixin.py:188} INFO - [2024-03-21T01:31:44.832+0000] {dagbag.py:540} INFO - Filling up the DagBag from /home/airflow/.local/lib/python3.8/site-packages/airflow/example_dags/example_setup_teardown.py
[2024-03-21T01:31:44.841+0000] {processor.py:840} INFO - DAG(s) 'example_setup_teardown' retrieved from /home/airflow/.local/lib/python3.8/site-packages/airflow/example_dags/example_setup_teardown.py
[2024-03-21T01:31:44.875+0000] {logging_mixin.py:188} INFO - [2024-03-21T01:31:44.875+0000] {dag.py:3047} INFO - Sync 1 DAGs
[2024-03-21T01:31:44.910+0000] {logging_mixin.py:188} INFO - [2024-03-21T01:31:44.909+0000] {dag.py:3834} INFO - Setting next_dagrun for example_setup_teardown to 2024-03-20 00:00:00+00:00, run_after=2024-03-21 00:00:00+00:00
[2024-03-21T01:31:44.945+0000] {processor.py:183} INFO - Processing /home/airflow/.local/lib/python3.8/site-packages/airflow/example_dags/example_setup_teardown.py took 0.124 seconds
[2024-03-21T01:32:15.457+0000] {processor.py:161} INFO - Started process (PID=2080) to work on /home/airflow/.local/lib/python3.8/site-packages/airflow/example_dags/example_setup_teardown.py
[2024-03-21T01:32:15.460+0000] {processor.py:830} INFO - Processing file /home/airflow/.local/lib/python3.8/site-packages/airflow/example_dags/example_setup_teardown.py for tasks to queue
[2024-03-21T01:32:15.462+0000] {logging_mixin.py:188} INFO - [2024-03-21T01:32:15.462+0000] {dagbag.py:540} INFO - Filling up the DagBag from /home/airflow/.local/lib/python3.8/site-packages/airflow/example_dags/example_setup_teardown.py
[2024-03-21T01:32:15.470+0000] {processor.py:840} INFO - DAG(s) 'example_setup_teardown' retrieved from /home/airflow/.local/lib/python3.8/site-packages/airflow/example_dags/example_setup_teardown.py
[2024-03-21T01:32:15.495+0000] {logging_mixin.py:188} INFO - [2024-03-21T01:32:15.495+0000] {dag.py:3047} INFO - Sync 1 DAGs
[2024-03-21T01:32:15.526+0000] {logging_mixin.py:188} INFO - [2024-03-21T01:32:15.525+0000] {dag.py:3834} INFO - Setting next_dagrun for example_setup_teardown to 2024-03-20 00:00:00+00:00, run_after=2024-03-21 00:00:00+00:00
[2024-03-21T01:32:15.554+0000] {processor.py:183} INFO - Processing /home/airflow/.local/lib/python3.8/site-packages/airflow/example_dags/example_setup_teardown.py took 0.100 seconds
[2024-03-21T01:32:46.178+0000] {processor.py:161} INFO - Started process (PID=2135) to work on /home/airflow/.local/lib/python3.8/site-packages/airflow/example_dags/example_setup_teardown.py
[2024-03-21T01:32:46.179+0000] {processor.py:830} INFO - Processing file /home/airflow/.local/lib/python3.8/site-packages/airflow/example_dags/example_setup_teardown.py for tasks to queue
[2024-03-21T01:32:46.181+0000] {logging_mixin.py:188} INFO - [2024-03-21T01:32:46.180+0000] {dagbag.py:540} INFO - Filling up the DagBag from /home/airflow/.local/lib/python3.8/site-packages/airflow/example_dags/example_setup_teardown.py
[2024-03-21T01:32:46.187+0000] {processor.py:840} INFO - DAG(s) 'example_setup_teardown' retrieved from /home/airflow/.local/lib/python3.8/site-packages/airflow/example_dags/example_setup_teardown.py
[2024-03-21T01:32:46.210+0000] {logging_mixin.py:188} INFO - [2024-03-21T01:32:46.210+0000] {dag.py:3047} INFO - Sync 1 DAGs
[2024-03-21T01:32:46.234+0000] {logging_mixin.py:188} INFO - [2024-03-21T01:32:46.234+0000] {dag.py:3834} INFO - Setting next_dagrun for example_setup_teardown to 2024-03-20 00:00:00+00:00, run_after=2024-03-21 00:00:00+00:00
[2024-03-21T01:32:46.257+0000] {processor.py:183} INFO - Processing /home/airflow/.local/lib/python3.8/site-packages/airflow/example_dags/example_setup_teardown.py took 0.084 seconds
[2024-03-21T01:33:16.646+0000] {processor.py:161} INFO - Started process (PID=2190) to work on /home/airflow/.local/lib/python3.8/site-packages/airflow/example_dags/example_setup_teardown.py
[2024-03-21T01:33:16.648+0000] {processor.py:830} INFO - Processing file /home/airflow/.local/lib/python3.8/site-packages/airflow/example_dags/example_setup_teardown.py for tasks to queue
[2024-03-21T01:33:16.650+0000] {logging_mixin.py:188} INFO - [2024-03-21T01:33:16.650+0000] {dagbag.py:540} INFO - Filling up the DagBag from /home/airflow/.local/lib/python3.8/site-packages/airflow/example_dags/example_setup_teardown.py
[2024-03-21T01:33:16.656+0000] {processor.py:840} INFO - DAG(s) 'example_setup_teardown' retrieved from /home/airflow/.local/lib/python3.8/site-packages/airflow/example_dags/example_setup_teardown.py
[2024-03-21T01:33:16.678+0000] {logging_mixin.py:188} INFO - [2024-03-21T01:33:16.678+0000] {dag.py:3047} INFO - Sync 1 DAGs
[2024-03-21T01:33:16.700+0000] {logging_mixin.py:188} INFO - [2024-03-21T01:33:16.700+0000] {dag.py:3834} INFO - Setting next_dagrun for example_setup_teardown to 2024-03-20 00:00:00+00:00, run_after=2024-03-21 00:00:00+00:00
[2024-03-21T01:33:16.721+0000] {processor.py:183} INFO - Processing /home/airflow/.local/lib/python3.8/site-packages/airflow/example_dags/example_setup_teardown.py took 0.078 seconds
[2024-03-21T01:33:47.114+0000] {processor.py:161} INFO - Started process (PID=2245) to work on /home/airflow/.local/lib/python3.8/site-packages/airflow/example_dags/example_setup_teardown.py
[2024-03-21T01:33:47.115+0000] {processor.py:830} INFO - Processing file /home/airflow/.local/lib/python3.8/site-packages/airflow/example_dags/example_setup_teardown.py for tasks to queue
[2024-03-21T01:33:47.117+0000] {logging_mixin.py:188} INFO - [2024-03-21T01:33:47.117+0000] {dagbag.py:540} INFO - Filling up the DagBag from /home/airflow/.local/lib/python3.8/site-packages/airflow/example_dags/example_setup_teardown.py
[2024-03-21T01:33:47.125+0000] {processor.py:840} INFO - DAG(s) 'example_setup_teardown' retrieved from /home/airflow/.local/lib/python3.8/site-packages/airflow/example_dags/example_setup_teardown.py
[2024-03-21T01:33:47.149+0000] {logging_mixin.py:188} INFO - [2024-03-21T01:33:47.149+0000] {dag.py:3047} INFO - Sync 1 DAGs
[2024-03-21T01:33:47.171+0000] {logging_mixin.py:188} INFO - [2024-03-21T01:33:47.171+0000] {dag.py:3834} INFO - Setting next_dagrun for example_setup_teardown to 2024-03-20 00:00:00+00:00, run_after=2024-03-21 00:00:00+00:00
[2024-03-21T01:33:47.193+0000] {processor.py:183} INFO - Processing /home/airflow/.local/lib/python3.8/site-packages/airflow/example_dags/example_setup_teardown.py took 0.084 seconds
[2024-03-21T01:34:17.272+0000] {processor.py:161} INFO - Started process (PID=2300) to work on /home/airflow/.local/lib/python3.8/site-packages/airflow/example_dags/example_setup_teardown.py
[2024-03-21T01:34:17.273+0000] {processor.py:830} INFO - Processing file /home/airflow/.local/lib/python3.8/site-packages/airflow/example_dags/example_setup_teardown.py for tasks to queue
[2024-03-21T01:34:17.275+0000] {logging_mixin.py:188} INFO - [2024-03-21T01:34:17.275+0000] {dagbag.py:540} INFO - Filling up the DagBag from /home/airflow/.local/lib/python3.8/site-packages/airflow/example_dags/example_setup_teardown.py
[2024-03-21T01:34:17.282+0000] {processor.py:840} INFO - DAG(s) 'example_setup_teardown' retrieved from /home/airflow/.local/lib/python3.8/site-packages/airflow/example_dags/example_setup_teardown.py
[2024-03-21T01:34:17.304+0000] {logging_mixin.py:188} INFO - [2024-03-21T01:34:17.304+0000] {dag.py:3047} INFO - Sync 1 DAGs
[2024-03-21T01:34:17.326+0000] {logging_mixin.py:188} INFO - [2024-03-21T01:34:17.325+0000] {dag.py:3834} INFO - Setting next_dagrun for example_setup_teardown to 2024-03-20 00:00:00+00:00, run_after=2024-03-21 00:00:00+00:00
[2024-03-21T01:34:17.348+0000] {processor.py:183} INFO - Processing /home/airflow/.local/lib/python3.8/site-packages/airflow/example_dags/example_setup_teardown.py took 0.079 seconds
[2024-03-21T01:34:47.574+0000] {processor.py:161} INFO - Started process (PID=2355) to work on /home/airflow/.local/lib/python3.8/site-packages/airflow/example_dags/example_setup_teardown.py
[2024-03-21T01:34:47.576+0000] {processor.py:830} INFO - Processing file /home/airflow/.local/lib/python3.8/site-packages/airflow/example_dags/example_setup_teardown.py for tasks to queue
[2024-03-21T01:34:47.579+0000] {logging_mixin.py:188} INFO - [2024-03-21T01:34:47.578+0000] {dagbag.py:540} INFO - Filling up the DagBag from /home/airflow/.local/lib/python3.8/site-packages/airflow/example_dags/example_setup_teardown.py
[2024-03-21T01:34:47.591+0000] {processor.py:840} INFO - DAG(s) 'example_setup_teardown' retrieved from /home/airflow/.local/lib/python3.8/site-packages/airflow/example_dags/example_setup_teardown.py
[2024-03-21T01:34:47.619+0000] {logging_mixin.py:188} INFO - [2024-03-21T01:34:47.618+0000] {dag.py:3047} INFO - Sync 1 DAGs
[2024-03-21T01:34:47.647+0000] {logging_mixin.py:188} INFO - [2024-03-21T01:34:47.647+0000] {dag.py:3834} INFO - Setting next_dagrun for example_setup_teardown to 2024-03-20 00:00:00+00:00, run_after=2024-03-21 00:00:00+00:00
[2024-03-21T01:34:47.678+0000] {processor.py:183} INFO - Processing /home/airflow/.local/lib/python3.8/site-packages/airflow/example_dags/example_setup_teardown.py took 0.108 seconds
[2024-03-21T01:35:18.318+0000] {processor.py:161} INFO - Started process (PID=2410) to work on /home/airflow/.local/lib/python3.8/site-packages/airflow/example_dags/example_setup_teardown.py
[2024-03-21T01:35:18.320+0000] {processor.py:830} INFO - Processing file /home/airflow/.local/lib/python3.8/site-packages/airflow/example_dags/example_setup_teardown.py for tasks to queue
[2024-03-21T01:35:18.323+0000] {logging_mixin.py:188} INFO - [2024-03-21T01:35:18.323+0000] {dagbag.py:540} INFO - Filling up the DagBag from /home/airflow/.local/lib/python3.8/site-packages/airflow/example_dags/example_setup_teardown.py
[2024-03-21T01:35:18.336+0000] {processor.py:840} INFO - DAG(s) 'example_setup_teardown' retrieved from /home/airflow/.local/lib/python3.8/site-packages/airflow/example_dags/example_setup_teardown.py
[2024-03-21T01:35:18.368+0000] {logging_mixin.py:188} INFO - [2024-03-21T01:35:18.368+0000] {dag.py:3047} INFO - Sync 1 DAGs
[2024-03-21T01:35:18.411+0000] {logging_mixin.py:188} INFO - [2024-03-21T01:35:18.410+0000] {dag.py:3834} INFO - Setting next_dagrun for example_setup_teardown to 2024-03-20 00:00:00+00:00, run_after=2024-03-21 00:00:00+00:00
[2024-03-21T01:35:18.443+0000] {processor.py:183} INFO - Processing /home/airflow/.local/lib/python3.8/site-packages/airflow/example_dags/example_setup_teardown.py took 0.132 seconds
[2024-03-21T01:35:48.569+0000] {processor.py:161} INFO - Started process (PID=2465) to work on /home/airflow/.local/lib/python3.8/site-packages/airflow/example_dags/example_setup_teardown.py
[2024-03-21T01:35:48.570+0000] {processor.py:830} INFO - Processing file /home/airflow/.local/lib/python3.8/site-packages/airflow/example_dags/example_setup_teardown.py for tasks to queue
[2024-03-21T01:35:48.572+0000] {logging_mixin.py:188} INFO - [2024-03-21T01:35:48.572+0000] {dagbag.py:540} INFO - Filling up the DagBag from /home/airflow/.local/lib/python3.8/site-packages/airflow/example_dags/example_setup_teardown.py
[2024-03-21T01:35:48.580+0000] {processor.py:840} INFO - DAG(s) 'example_setup_teardown' retrieved from /home/airflow/.local/lib/python3.8/site-packages/airflow/example_dags/example_setup_teardown.py
[2024-03-21T01:35:48.604+0000] {logging_mixin.py:188} INFO - [2024-03-21T01:35:48.603+0000] {dag.py:3047} INFO - Sync 1 DAGs
[2024-03-21T01:35:48.631+0000] {logging_mixin.py:188} INFO - [2024-03-21T01:35:48.631+0000] {dag.py:3834} INFO - Setting next_dagrun for example_setup_teardown to 2024-03-20 00:00:00+00:00, run_after=2024-03-21 00:00:00+00:00
[2024-03-21T01:35:48.666+0000] {processor.py:183} INFO - Processing /home/airflow/.local/lib/python3.8/site-packages/airflow/example_dags/example_setup_teardown.py took 0.100 seconds
[2024-03-21T01:36:18.771+0000] {processor.py:161} INFO - Started process (PID=2521) to work on /home/airflow/.local/lib/python3.8/site-packages/airflow/example_dags/example_setup_teardown.py
[2024-03-21T01:36:18.772+0000] {processor.py:830} INFO - Processing file /home/airflow/.local/lib/python3.8/site-packages/airflow/example_dags/example_setup_teardown.py for tasks to queue
[2024-03-21T01:36:18.775+0000] {logging_mixin.py:188} INFO - [2024-03-21T01:36:18.774+0000] {dagbag.py:540} INFO - Filling up the DagBag from /home/airflow/.local/lib/python3.8/site-packages/airflow/example_dags/example_setup_teardown.py
[2024-03-21T01:36:18.781+0000] {processor.py:840} INFO - DAG(s) 'example_setup_teardown' retrieved from /home/airflow/.local/lib/python3.8/site-packages/airflow/example_dags/example_setup_teardown.py
[2024-03-21T01:36:18.804+0000] {logging_mixin.py:188} INFO - [2024-03-21T01:36:18.804+0000] {dag.py:3047} INFO - Sync 1 DAGs
[2024-03-21T01:36:18.830+0000] {logging_mixin.py:188} INFO - [2024-03-21T01:36:18.830+0000] {dag.py:3834} INFO - Setting next_dagrun for example_setup_teardown to 2024-03-20 00:00:00+00:00, run_after=2024-03-21 00:00:00+00:00
[2024-03-21T01:36:18.857+0000] {processor.py:183} INFO - Processing /home/airflow/.local/lib/python3.8/site-packages/airflow/example_dags/example_setup_teardown.py took 0.090 seconds
[2024-03-21T01:36:48.991+0000] {processor.py:161} INFO - Started process (PID=2575) to work on /home/airflow/.local/lib/python3.8/site-packages/airflow/example_dags/example_setup_teardown.py
[2024-03-21T01:36:48.994+0000] {processor.py:830} INFO - Processing file /home/airflow/.local/lib/python3.8/site-packages/airflow/example_dags/example_setup_teardown.py for tasks to queue
[2024-03-21T01:36:48.996+0000] {logging_mixin.py:188} INFO - [2024-03-21T01:36:48.996+0000] {dagbag.py:540} INFO - Filling up the DagBag from /home/airflow/.local/lib/python3.8/site-packages/airflow/example_dags/example_setup_teardown.py
[2024-03-21T01:36:49.003+0000] {processor.py:840} INFO - DAG(s) 'example_setup_teardown' retrieved from /home/airflow/.local/lib/python3.8/site-packages/airflow/example_dags/example_setup_teardown.py
[2024-03-21T01:36:49.026+0000] {logging_mixin.py:188} INFO - [2024-03-21T01:36:49.025+0000] {dag.py:3047} INFO - Sync 1 DAGs
[2024-03-21T01:36:49.048+0000] {logging_mixin.py:188} INFO - [2024-03-21T01:36:49.048+0000] {dag.py:3834} INFO - Setting next_dagrun for example_setup_teardown to 2024-03-20 00:00:00+00:00, run_after=2024-03-21 00:00:00+00:00
[2024-03-21T01:36:49.073+0000] {processor.py:183} INFO - Processing /home/airflow/.local/lib/python3.8/site-packages/airflow/example_dags/example_setup_teardown.py took 0.086 seconds
[2024-03-21T01:37:19.675+0000] {processor.py:161} INFO - Started process (PID=2629) to work on /home/airflow/.local/lib/python3.8/site-packages/airflow/example_dags/example_setup_teardown.py
[2024-03-21T01:37:19.678+0000] {processor.py:830} INFO - Processing file /home/airflow/.local/lib/python3.8/site-packages/airflow/example_dags/example_setup_teardown.py for tasks to queue
[2024-03-21T01:37:19.681+0000] {logging_mixin.py:188} INFO - [2024-03-21T01:37:19.681+0000] {dagbag.py:540} INFO - Filling up the DagBag from /home/airflow/.local/lib/python3.8/site-packages/airflow/example_dags/example_setup_teardown.py
[2024-03-21T01:37:19.696+0000] {processor.py:840} INFO - DAG(s) 'example_setup_teardown' retrieved from /home/airflow/.local/lib/python3.8/site-packages/airflow/example_dags/example_setup_teardown.py
[2024-03-21T01:37:19.739+0000] {logging_mixin.py:188} INFO - [2024-03-21T01:37:19.738+0000] {dag.py:3047} INFO - Sync 1 DAGs
[2024-03-21T01:37:19.782+0000] {logging_mixin.py:188} INFO - [2024-03-21T01:37:19.781+0000] {dag.py:3834} INFO - Setting next_dagrun for example_setup_teardown to 2024-03-20 00:00:00+00:00, run_after=2024-03-21 00:00:00+00:00
[2024-03-21T01:37:19.819+0000] {processor.py:183} INFO - Processing /home/airflow/.local/lib/python3.8/site-packages/airflow/example_dags/example_setup_teardown.py took 0.157 seconds
[2024-03-21T01:37:49.869+0000] {processor.py:161} INFO - Started process (PID=2684) to work on /home/airflow/.local/lib/python3.8/site-packages/airflow/example_dags/example_setup_teardown.py
[2024-03-21T01:37:49.873+0000] {processor.py:830} INFO - Processing file /home/airflow/.local/lib/python3.8/site-packages/airflow/example_dags/example_setup_teardown.py for tasks to queue
[2024-03-21T01:37:49.876+0000] {logging_mixin.py:188} INFO - [2024-03-21T01:37:49.876+0000] {dagbag.py:540} INFO - Filling up the DagBag from /home/airflow/.local/lib/python3.8/site-packages/airflow/example_dags/example_setup_teardown.py
[2024-03-21T01:37:49.892+0000] {processor.py:840} INFO - DAG(s) 'example_setup_teardown' retrieved from /home/airflow/.local/lib/python3.8/site-packages/airflow/example_dags/example_setup_teardown.py
[2024-03-21T01:37:49.954+0000] {logging_mixin.py:188} INFO - [2024-03-21T01:37:49.953+0000] {dag.py:3047} INFO - Sync 1 DAGs
[2024-03-21T01:37:50.003+0000] {logging_mixin.py:188} INFO - [2024-03-21T01:37:50.002+0000] {dag.py:3834} INFO - Setting next_dagrun for example_setup_teardown to 2024-03-20 00:00:00+00:00, run_after=2024-03-21 00:00:00+00:00
[2024-03-21T01:37:50.037+0000] {processor.py:183} INFO - Processing /home/airflow/.local/lib/python3.8/site-packages/airflow/example_dags/example_setup_teardown.py took 0.175 seconds
[2024-03-21T01:38:20.356+0000] {processor.py:161} INFO - Started process (PID=2739) to work on /home/airflow/.local/lib/python3.8/site-packages/airflow/example_dags/example_setup_teardown.py
[2024-03-21T01:38:20.358+0000] {processor.py:830} INFO - Processing file /home/airflow/.local/lib/python3.8/site-packages/airflow/example_dags/example_setup_teardown.py for tasks to queue
[2024-03-21T01:38:20.360+0000] {logging_mixin.py:188} INFO - [2024-03-21T01:38:20.359+0000] {dagbag.py:540} INFO - Filling up the DagBag from /home/airflow/.local/lib/python3.8/site-packages/airflow/example_dags/example_setup_teardown.py
[2024-03-21T01:38:20.367+0000] {processor.py:840} INFO - DAG(s) 'example_setup_teardown' retrieved from /home/airflow/.local/lib/python3.8/site-packages/airflow/example_dags/example_setup_teardown.py
[2024-03-21T01:38:20.389+0000] {logging_mixin.py:188} INFO - [2024-03-21T01:38:20.389+0000] {dag.py:3047} INFO - Sync 1 DAGs
[2024-03-21T01:38:20.416+0000] {logging_mixin.py:188} INFO - [2024-03-21T01:38:20.415+0000] {dag.py:3834} INFO - Setting next_dagrun for example_setup_teardown to 2024-03-20 00:00:00+00:00, run_after=2024-03-21 00:00:00+00:00
[2024-03-21T01:38:20.440+0000] {processor.py:183} INFO - Processing /home/airflow/.local/lib/python3.8/site-packages/airflow/example_dags/example_setup_teardown.py took 0.088 seconds
