[2024-03-21T00:09:26.952+0000] {processor.py:161} INFO - Started process (PID=42) to work on /home/airflow/.local/lib/python3.8/site-packages/airflow/example_dags/example_python_decorator.py
[2024-03-21T00:09:26.954+0000] {processor.py:830} INFO - Processing file /home/airflow/.local/lib/python3.8/site-packages/airflow/example_dags/example_python_decorator.py for tasks to queue
[2024-03-21T00:09:26.958+0000] {logging_mixin.py:188} INFO - [2024-03-21T00:09:26.957+0000] {dagbag.py:540} INFO - Filling up the DagBag from /home/airflow/.local/lib/python3.8/site-packages/airflow/example_dags/example_python_decorator.py
[2024-03-21T00:09:27.030+0000] {processor.py:840} INFO - DAG(s) 'example_python_decorator' retrieved from /home/airflow/.local/lib/python3.8/site-packages/airflow/example_dags/example_python_decorator.py
[2024-03-21T00:09:27.070+0000] {logging_mixin.py:188} INFO - [2024-03-21T00:09:27.070+0000] {dag.py:3047} INFO - Sync 1 DAGs
[2024-03-21T00:09:27.119+0000] {logging_mixin.py:188} INFO - [2024-03-21T00:09:27.118+0000] {dag.py:3834} INFO - Setting next_dagrun for example_python_decorator to None, run_after=None
[2024-03-21T00:09:27.191+0000] {processor.py:183} INFO - Processing /home/airflow/.local/lib/python3.8/site-packages/airflow/example_dags/example_python_decorator.py took 0.248 seconds
[2024-03-21T00:09:57.437+0000] {processor.py:161} INFO - Started process (PID=97) to work on /home/airflow/.local/lib/python3.8/site-packages/airflow/example_dags/example_python_decorator.py
[2024-03-21T00:09:57.438+0000] {processor.py:830} INFO - Processing file /home/airflow/.local/lib/python3.8/site-packages/airflow/example_dags/example_python_decorator.py for tasks to queue
[2024-03-21T00:09:57.440+0000] {logging_mixin.py:188} INFO - [2024-03-21T00:09:57.440+0000] {dagbag.py:540} INFO - Filling up the DagBag from /home/airflow/.local/lib/python3.8/site-packages/airflow/example_dags/example_python_decorator.py
[2024-03-21T00:09:57.459+0000] {processor.py:840} INFO - DAG(s) 'example_python_decorator' retrieved from /home/airflow/.local/lib/python3.8/site-packages/airflow/example_dags/example_python_decorator.py
[2024-03-21T00:09:57.670+0000] {logging_mixin.py:188} INFO - [2024-03-21T00:09:57.670+0000] {dag.py:3047} INFO - Sync 1 DAGs
[2024-03-21T00:09:57.702+0000] {logging_mixin.py:188} INFO - [2024-03-21T00:09:57.702+0000] {dag.py:3834} INFO - Setting next_dagrun for example_python_decorator to None, run_after=None
[2024-03-21T00:09:57.739+0000] {processor.py:183} INFO - Processing /home/airflow/.local/lib/python3.8/site-packages/airflow/example_dags/example_python_decorator.py took 0.307 seconds
[2024-03-21T00:10:28.613+0000] {processor.py:161} INFO - Started process (PID=152) to work on /home/airflow/.local/lib/python3.8/site-packages/airflow/example_dags/example_python_decorator.py
[2024-03-21T00:10:28.615+0000] {processor.py:830} INFO - Processing file /home/airflow/.local/lib/python3.8/site-packages/airflow/example_dags/example_python_decorator.py for tasks to queue
[2024-03-21T00:10:28.619+0000] {logging_mixin.py:188} INFO - [2024-03-21T00:10:28.618+0000] {dagbag.py:540} INFO - Filling up the DagBag from /home/airflow/.local/lib/python3.8/site-packages/airflow/example_dags/example_python_decorator.py
[2024-03-21T00:10:28.642+0000] {processor.py:840} INFO - DAG(s) 'example_python_decorator' retrieved from /home/airflow/.local/lib/python3.8/site-packages/airflow/example_dags/example_python_decorator.py
[2024-03-21T00:10:28.677+0000] {logging_mixin.py:188} INFO - [2024-03-21T00:10:28.677+0000] {dag.py:3047} INFO - Sync 1 DAGs
[2024-03-21T00:10:28.696+0000] {logging_mixin.py:188} INFO - [2024-03-21T00:10:28.696+0000] {dag.py:3834} INFO - Setting next_dagrun for example_python_decorator to None, run_after=None
[2024-03-21T00:10:28.731+0000] {processor.py:183} INFO - Processing /home/airflow/.local/lib/python3.8/site-packages/airflow/example_dags/example_python_decorator.py took 0.128 seconds
[2024-03-21T00:17:04.231+0000] {processor.py:161} INFO - Started process (PID=61) to work on /home/airflow/.local/lib/python3.8/site-packages/airflow/example_dags/example_python_decorator.py
[2024-03-21T00:17:04.246+0000] {processor.py:830} INFO - Processing file /home/airflow/.local/lib/python3.8/site-packages/airflow/example_dags/example_python_decorator.py for tasks to queue
[2024-03-21T00:17:04.253+0000] {logging_mixin.py:188} INFO - [2024-03-21T00:17:04.252+0000] {dagbag.py:540} INFO - Filling up the DagBag from /home/airflow/.local/lib/python3.8/site-packages/airflow/example_dags/example_python_decorator.py
[2024-03-21T00:17:04.310+0000] {processor.py:840} INFO - DAG(s) 'example_python_decorator' retrieved from /home/airflow/.local/lib/python3.8/site-packages/airflow/example_dags/example_python_decorator.py
[2024-03-21T00:17:04.595+0000] {logging_mixin.py:188} INFO - [2024-03-21T00:17:04.594+0000] {dag.py:3047} INFO - Sync 1 DAGs
[2024-03-21T00:17:04.616+0000] {logging_mixin.py:188} INFO - [2024-03-21T00:17:04.615+0000] {dag.py:3834} INFO - Setting next_dagrun for example_python_decorator to None, run_after=None
[2024-03-21T00:17:04.662+0000] {processor.py:183} INFO - Processing /home/airflow/.local/lib/python3.8/site-packages/airflow/example_dags/example_python_decorator.py took 0.443 seconds
[2024-03-21T00:17:35.272+0000] {processor.py:161} INFO - Started process (PID=116) to work on /home/airflow/.local/lib/python3.8/site-packages/airflow/example_dags/example_python_decorator.py
[2024-03-21T00:17:35.273+0000] {processor.py:830} INFO - Processing file /home/airflow/.local/lib/python3.8/site-packages/airflow/example_dags/example_python_decorator.py for tasks to queue
[2024-03-21T00:17:35.275+0000] {logging_mixin.py:188} INFO - [2024-03-21T00:17:35.275+0000] {dagbag.py:540} INFO - Filling up the DagBag from /home/airflow/.local/lib/python3.8/site-packages/airflow/example_dags/example_python_decorator.py
[2024-03-21T00:17:35.292+0000] {processor.py:840} INFO - DAG(s) 'example_python_decorator' retrieved from /home/airflow/.local/lib/python3.8/site-packages/airflow/example_dags/example_python_decorator.py
[2024-03-21T00:17:35.330+0000] {logging_mixin.py:188} INFO - [2024-03-21T00:17:35.330+0000] {dag.py:3047} INFO - Sync 1 DAGs
[2024-03-21T00:17:35.345+0000] {logging_mixin.py:188} INFO - [2024-03-21T00:17:35.345+0000] {dag.py:3834} INFO - Setting next_dagrun for example_python_decorator to None, run_after=None
[2024-03-21T00:17:35.373+0000] {processor.py:183} INFO - Processing /home/airflow/.local/lib/python3.8/site-packages/airflow/example_dags/example_python_decorator.py took 0.104 seconds
[2024-03-21T00:18:05.761+0000] {processor.py:161} INFO - Started process (PID=171) to work on /home/airflow/.local/lib/python3.8/site-packages/airflow/example_dags/example_python_decorator.py
[2024-03-21T00:18:05.761+0000] {processor.py:830} INFO - Processing file /home/airflow/.local/lib/python3.8/site-packages/airflow/example_dags/example_python_decorator.py for tasks to queue
[2024-03-21T00:18:05.763+0000] {logging_mixin.py:188} INFO - [2024-03-21T00:18:05.762+0000] {dagbag.py:540} INFO - Filling up the DagBag from /home/airflow/.local/lib/python3.8/site-packages/airflow/example_dags/example_python_decorator.py
[2024-03-21T00:18:05.775+0000] {processor.py:840} INFO - DAG(s) 'example_python_decorator' retrieved from /home/airflow/.local/lib/python3.8/site-packages/airflow/example_dags/example_python_decorator.py
[2024-03-21T00:18:05.798+0000] {logging_mixin.py:188} INFO - [2024-03-21T00:18:05.798+0000] {dag.py:3047} INFO - Sync 1 DAGs
[2024-03-21T00:18:05.810+0000] {logging_mixin.py:188} INFO - [2024-03-21T00:18:05.810+0000] {dag.py:3834} INFO - Setting next_dagrun for example_python_decorator to None, run_after=None
[2024-03-21T00:18:05.835+0000] {processor.py:183} INFO - Processing /home/airflow/.local/lib/python3.8/site-packages/airflow/example_dags/example_python_decorator.py took 0.077 seconds
[2024-03-21T00:18:36.315+0000] {processor.py:161} INFO - Started process (PID=226) to work on /home/airflow/.local/lib/python3.8/site-packages/airflow/example_dags/example_python_decorator.py
[2024-03-21T00:18:36.316+0000] {processor.py:830} INFO - Processing file /home/airflow/.local/lib/python3.8/site-packages/airflow/example_dags/example_python_decorator.py for tasks to queue
[2024-03-21T00:18:36.318+0000] {logging_mixin.py:188} INFO - [2024-03-21T00:18:36.318+0000] {dagbag.py:540} INFO - Filling up the DagBag from /home/airflow/.local/lib/python3.8/site-packages/airflow/example_dags/example_python_decorator.py
[2024-03-21T00:18:36.335+0000] {processor.py:840} INFO - DAG(s) 'example_python_decorator' retrieved from /home/airflow/.local/lib/python3.8/site-packages/airflow/example_dags/example_python_decorator.py
[2024-03-21T00:18:36.361+0000] {logging_mixin.py:188} INFO - [2024-03-21T00:18:36.360+0000] {dag.py:3047} INFO - Sync 1 DAGs
[2024-03-21T00:18:36.375+0000] {logging_mixin.py:188} INFO - [2024-03-21T00:18:36.375+0000] {dag.py:3834} INFO - Setting next_dagrun for example_python_decorator to None, run_after=None
[2024-03-21T00:18:36.404+0000] {processor.py:183} INFO - Processing /home/airflow/.local/lib/python3.8/site-packages/airflow/example_dags/example_python_decorator.py took 0.094 seconds
[2024-03-21T00:19:07.042+0000] {processor.py:161} INFO - Started process (PID=281) to work on /home/airflow/.local/lib/python3.8/site-packages/airflow/example_dags/example_python_decorator.py
[2024-03-21T00:19:07.044+0000] {processor.py:830} INFO - Processing file /home/airflow/.local/lib/python3.8/site-packages/airflow/example_dags/example_python_decorator.py for tasks to queue
[2024-03-21T00:19:07.045+0000] {logging_mixin.py:188} INFO - [2024-03-21T00:19:07.045+0000] {dagbag.py:540} INFO - Filling up the DagBag from /home/airflow/.local/lib/python3.8/site-packages/airflow/example_dags/example_python_decorator.py
[2024-03-21T00:19:07.059+0000] {processor.py:840} INFO - DAG(s) 'example_python_decorator' retrieved from /home/airflow/.local/lib/python3.8/site-packages/airflow/example_dags/example_python_decorator.py
[2024-03-21T00:19:07.085+0000] {logging_mixin.py:188} INFO - [2024-03-21T00:19:07.085+0000] {dag.py:3047} INFO - Sync 1 DAGs
[2024-03-21T00:19:07.098+0000] {logging_mixin.py:188} INFO - [2024-03-21T00:19:07.097+0000] {dag.py:3834} INFO - Setting next_dagrun for example_python_decorator to None, run_after=None
[2024-03-21T00:19:07.120+0000] {processor.py:183} INFO - Processing /home/airflow/.local/lib/python3.8/site-packages/airflow/example_dags/example_python_decorator.py took 0.081 seconds
[2024-03-21T00:19:37.272+0000] {processor.py:161} INFO - Started process (PID=336) to work on /home/airflow/.local/lib/python3.8/site-packages/airflow/example_dags/example_python_decorator.py
[2024-03-21T00:19:37.274+0000] {processor.py:830} INFO - Processing file /home/airflow/.local/lib/python3.8/site-packages/airflow/example_dags/example_python_decorator.py for tasks to queue
[2024-03-21T00:19:37.276+0000] {logging_mixin.py:188} INFO - [2024-03-21T00:19:37.275+0000] {dagbag.py:540} INFO - Filling up the DagBag from /home/airflow/.local/lib/python3.8/site-packages/airflow/example_dags/example_python_decorator.py
[2024-03-21T00:19:37.291+0000] {processor.py:840} INFO - DAG(s) 'example_python_decorator' retrieved from /home/airflow/.local/lib/python3.8/site-packages/airflow/example_dags/example_python_decorator.py
[2024-03-21T00:19:37.317+0000] {logging_mixin.py:188} INFO - [2024-03-21T00:19:37.317+0000] {dag.py:3047} INFO - Sync 1 DAGs
[2024-03-21T00:19:37.335+0000] {logging_mixin.py:188} INFO - [2024-03-21T00:19:37.335+0000] {dag.py:3834} INFO - Setting next_dagrun for example_python_decorator to None, run_after=None
[2024-03-21T00:19:37.362+0000] {processor.py:183} INFO - Processing /home/airflow/.local/lib/python3.8/site-packages/airflow/example_dags/example_python_decorator.py took 0.094 seconds
[2024-03-21T00:20:07.787+0000] {processor.py:161} INFO - Started process (PID=391) to work on /home/airflow/.local/lib/python3.8/site-packages/airflow/example_dags/example_python_decorator.py
[2024-03-21T00:20:07.788+0000] {processor.py:830} INFO - Processing file /home/airflow/.local/lib/python3.8/site-packages/airflow/example_dags/example_python_decorator.py for tasks to queue
[2024-03-21T00:20:07.789+0000] {logging_mixin.py:188} INFO - [2024-03-21T00:20:07.789+0000] {dagbag.py:540} INFO - Filling up the DagBag from /home/airflow/.local/lib/python3.8/site-packages/airflow/example_dags/example_python_decorator.py
[2024-03-21T00:20:07.805+0000] {processor.py:840} INFO - DAG(s) 'example_python_decorator' retrieved from /home/airflow/.local/lib/python3.8/site-packages/airflow/example_dags/example_python_decorator.py
[2024-03-21T00:20:07.832+0000] {logging_mixin.py:188} INFO - [2024-03-21T00:20:07.832+0000] {dag.py:3047} INFO - Sync 1 DAGs
[2024-03-21T00:20:07.849+0000] {logging_mixin.py:188} INFO - [2024-03-21T00:20:07.848+0000] {dag.py:3834} INFO - Setting next_dagrun for example_python_decorator to None, run_after=None
[2024-03-21T00:20:07.875+0000] {processor.py:183} INFO - Processing /home/airflow/.local/lib/python3.8/site-packages/airflow/example_dags/example_python_decorator.py took 0.091 seconds
[2024-03-21T00:20:38.108+0000] {processor.py:161} INFO - Started process (PID=446) to work on /home/airflow/.local/lib/python3.8/site-packages/airflow/example_dags/example_python_decorator.py
[2024-03-21T00:20:38.109+0000] {processor.py:830} INFO - Processing file /home/airflow/.local/lib/python3.8/site-packages/airflow/example_dags/example_python_decorator.py for tasks to queue
[2024-03-21T00:20:38.111+0000] {logging_mixin.py:188} INFO - [2024-03-21T00:20:38.110+0000] {dagbag.py:540} INFO - Filling up the DagBag from /home/airflow/.local/lib/python3.8/site-packages/airflow/example_dags/example_python_decorator.py
[2024-03-21T00:20:38.125+0000] {processor.py:840} INFO - DAG(s) 'example_python_decorator' retrieved from /home/airflow/.local/lib/python3.8/site-packages/airflow/example_dags/example_python_decorator.py
[2024-03-21T00:20:38.147+0000] {logging_mixin.py:188} INFO - [2024-03-21T00:20:38.147+0000] {dag.py:3047} INFO - Sync 1 DAGs
[2024-03-21T00:20:38.162+0000] {logging_mixin.py:188} INFO - [2024-03-21T00:20:38.161+0000] {dag.py:3834} INFO - Setting next_dagrun for example_python_decorator to None, run_after=None
[2024-03-21T00:20:38.185+0000] {processor.py:183} INFO - Processing /home/airflow/.local/lib/python3.8/site-packages/airflow/example_dags/example_python_decorator.py took 0.080 seconds
[2024-03-21T00:21:08.409+0000] {processor.py:161} INFO - Started process (PID=501) to work on /home/airflow/.local/lib/python3.8/site-packages/airflow/example_dags/example_python_decorator.py
[2024-03-21T00:21:08.410+0000] {processor.py:830} INFO - Processing file /home/airflow/.local/lib/python3.8/site-packages/airflow/example_dags/example_python_decorator.py for tasks to queue
[2024-03-21T00:21:08.411+0000] {logging_mixin.py:188} INFO - [2024-03-21T00:21:08.411+0000] {dagbag.py:540} INFO - Filling up the DagBag from /home/airflow/.local/lib/python3.8/site-packages/airflow/example_dags/example_python_decorator.py
[2024-03-21T00:21:08.425+0000] {processor.py:840} INFO - DAG(s) 'example_python_decorator' retrieved from /home/airflow/.local/lib/python3.8/site-packages/airflow/example_dags/example_python_decorator.py
[2024-03-21T00:21:08.448+0000] {logging_mixin.py:188} INFO - [2024-03-21T00:21:08.448+0000] {dag.py:3047} INFO - Sync 1 DAGs
[2024-03-21T00:21:08.462+0000] {logging_mixin.py:188} INFO - [2024-03-21T00:21:08.462+0000] {dag.py:3834} INFO - Setting next_dagrun for example_python_decorator to None, run_after=None
[2024-03-21T00:21:08.484+0000] {processor.py:183} INFO - Processing /home/airflow/.local/lib/python3.8/site-packages/airflow/example_dags/example_python_decorator.py took 0.079 seconds
[2024-03-21T00:21:38.787+0000] {processor.py:161} INFO - Started process (PID=556) to work on /home/airflow/.local/lib/python3.8/site-packages/airflow/example_dags/example_python_decorator.py
[2024-03-21T00:21:38.788+0000] {processor.py:830} INFO - Processing file /home/airflow/.local/lib/python3.8/site-packages/airflow/example_dags/example_python_decorator.py for tasks to queue
[2024-03-21T00:21:38.790+0000] {logging_mixin.py:188} INFO - [2024-03-21T00:21:38.789+0000] {dagbag.py:540} INFO - Filling up the DagBag from /home/airflow/.local/lib/python3.8/site-packages/airflow/example_dags/example_python_decorator.py
[2024-03-21T00:21:38.803+0000] {processor.py:840} INFO - DAG(s) 'example_python_decorator' retrieved from /home/airflow/.local/lib/python3.8/site-packages/airflow/example_dags/example_python_decorator.py
[2024-03-21T00:21:38.830+0000] {logging_mixin.py:188} INFO - [2024-03-21T00:21:38.830+0000] {dag.py:3047} INFO - Sync 1 DAGs
[2024-03-21T00:21:38.842+0000] {logging_mixin.py:188} INFO - [2024-03-21T00:21:38.842+0000] {dag.py:3834} INFO - Setting next_dagrun for example_python_decorator to None, run_after=None
[2024-03-21T00:21:38.867+0000] {processor.py:183} INFO - Processing /home/airflow/.local/lib/python3.8/site-packages/airflow/example_dags/example_python_decorator.py took 0.083 seconds
[2024-03-21T01:13:19.572+0000] {processor.py:161} INFO - Started process (PID=50) to work on /home/airflow/.local/lib/python3.8/site-packages/airflow/example_dags/example_python_decorator.py
[2024-03-21T01:13:19.573+0000] {processor.py:830} INFO - Processing file /home/airflow/.local/lib/python3.8/site-packages/airflow/example_dags/example_python_decorator.py for tasks to queue
[2024-03-21T01:13:19.575+0000] {logging_mixin.py:188} INFO - [2024-03-21T01:13:19.575+0000] {dagbag.py:540} INFO - Filling up the DagBag from /home/airflow/.local/lib/python3.8/site-packages/airflow/example_dags/example_python_decorator.py
[2024-03-21T01:13:19.594+0000] {processor.py:840} INFO - DAG(s) 'example_python_decorator' retrieved from /home/airflow/.local/lib/python3.8/site-packages/airflow/example_dags/example_python_decorator.py
[2024-03-21T01:13:19.759+0000] {logging_mixin.py:188} INFO - [2024-03-21T01:13:19.759+0000] {dag.py:3047} INFO - Sync 1 DAGs
[2024-03-21T01:13:19.776+0000] {logging_mixin.py:188} INFO - [2024-03-21T01:13:19.775+0000] {dag.py:3834} INFO - Setting next_dagrun for example_python_decorator to None, run_after=None
[2024-03-21T01:13:19.812+0000] {processor.py:183} INFO - Processing /home/airflow/.local/lib/python3.8/site-packages/airflow/example_dags/example_python_decorator.py took 0.244 seconds
[2024-03-21T01:13:49.994+0000] {processor.py:161} INFO - Started process (PID=105) to work on /home/airflow/.local/lib/python3.8/site-packages/airflow/example_dags/example_python_decorator.py
[2024-03-21T01:13:49.996+0000] {processor.py:830} INFO - Processing file /home/airflow/.local/lib/python3.8/site-packages/airflow/example_dags/example_python_decorator.py for tasks to queue
[2024-03-21T01:13:49.997+0000] {logging_mixin.py:188} INFO - [2024-03-21T01:13:49.997+0000] {dagbag.py:540} INFO - Filling up the DagBag from /home/airflow/.local/lib/python3.8/site-packages/airflow/example_dags/example_python_decorator.py
[2024-03-21T01:13:50.010+0000] {processor.py:840} INFO - DAG(s) 'example_python_decorator' retrieved from /home/airflow/.local/lib/python3.8/site-packages/airflow/example_dags/example_python_decorator.py
[2024-03-21T01:13:50.031+0000] {logging_mixin.py:188} INFO - [2024-03-21T01:13:50.031+0000] {dag.py:3047} INFO - Sync 1 DAGs
[2024-03-21T01:13:50.049+0000] {logging_mixin.py:188} INFO - [2024-03-21T01:13:50.049+0000] {dag.py:3834} INFO - Setting next_dagrun for example_python_decorator to None, run_after=None
[2024-03-21T01:13:50.073+0000] {processor.py:183} INFO - Processing /home/airflow/.local/lib/python3.8/site-packages/airflow/example_dags/example_python_decorator.py took 0.082 seconds
[2024-03-21T01:14:20.662+0000] {processor.py:161} INFO - Started process (PID=160) to work on /home/airflow/.local/lib/python3.8/site-packages/airflow/example_dags/example_python_decorator.py
[2024-03-21T01:14:20.663+0000] {processor.py:830} INFO - Processing file /home/airflow/.local/lib/python3.8/site-packages/airflow/example_dags/example_python_decorator.py for tasks to queue
[2024-03-21T01:14:20.665+0000] {logging_mixin.py:188} INFO - [2024-03-21T01:14:20.664+0000] {dagbag.py:540} INFO - Filling up the DagBag from /home/airflow/.local/lib/python3.8/site-packages/airflow/example_dags/example_python_decorator.py
[2024-03-21T01:14:20.677+0000] {processor.py:840} INFO - DAG(s) 'example_python_decorator' retrieved from /home/airflow/.local/lib/python3.8/site-packages/airflow/example_dags/example_python_decorator.py
[2024-03-21T01:14:20.700+0000] {logging_mixin.py:188} INFO - [2024-03-21T01:14:20.700+0000] {dag.py:3047} INFO - Sync 1 DAGs
[2024-03-21T01:14:20.713+0000] {logging_mixin.py:188} INFO - [2024-03-21T01:14:20.712+0000] {dag.py:3834} INFO - Setting next_dagrun for example_python_decorator to None, run_after=None
[2024-03-21T01:14:20.733+0000] {processor.py:183} INFO - Processing /home/airflow/.local/lib/python3.8/site-packages/airflow/example_dags/example_python_decorator.py took 0.074 seconds
[2024-03-21T01:14:51.427+0000] {processor.py:161} INFO - Started process (PID=215) to work on /home/airflow/.local/lib/python3.8/site-packages/airflow/example_dags/example_python_decorator.py
[2024-03-21T01:14:51.429+0000] {processor.py:830} INFO - Processing file /home/airflow/.local/lib/python3.8/site-packages/airflow/example_dags/example_python_decorator.py for tasks to queue
[2024-03-21T01:14:51.433+0000] {logging_mixin.py:188} INFO - [2024-03-21T01:14:51.432+0000] {dagbag.py:540} INFO - Filling up the DagBag from /home/airflow/.local/lib/python3.8/site-packages/airflow/example_dags/example_python_decorator.py
[2024-03-21T01:14:51.482+0000] {processor.py:840} INFO - DAG(s) 'example_python_decorator' retrieved from /home/airflow/.local/lib/python3.8/site-packages/airflow/example_dags/example_python_decorator.py
[2024-03-21T01:14:51.542+0000] {logging_mixin.py:188} INFO - [2024-03-21T01:14:51.541+0000] {dag.py:3047} INFO - Sync 1 DAGs
[2024-03-21T01:14:51.581+0000] {logging_mixin.py:188} INFO - [2024-03-21T01:14:51.581+0000] {dag.py:3834} INFO - Setting next_dagrun for example_python_decorator to None, run_after=None
[2024-03-21T01:14:51.661+0000] {processor.py:183} INFO - Processing /home/airflow/.local/lib/python3.8/site-packages/airflow/example_dags/example_python_decorator.py took 0.241 seconds
[2024-03-21T01:15:25.184+0000] {processor.py:161} INFO - Started process (PID=270) to work on /home/airflow/.local/lib/python3.8/site-packages/airflow/example_dags/example_python_decorator.py
[2024-03-21T01:15:25.186+0000] {processor.py:830} INFO - Processing file /home/airflow/.local/lib/python3.8/site-packages/airflow/example_dags/example_python_decorator.py for tasks to queue
[2024-03-21T01:15:25.193+0000] {logging_mixin.py:188} INFO - [2024-03-21T01:15:25.192+0000] {dagbag.py:540} INFO - Filling up the DagBag from /home/airflow/.local/lib/python3.8/site-packages/airflow/example_dags/example_python_decorator.py
[2024-03-21T01:15:25.233+0000] {processor.py:840} INFO - DAG(s) 'example_python_decorator' retrieved from /home/airflow/.local/lib/python3.8/site-packages/airflow/example_dags/example_python_decorator.py
[2024-03-21T01:15:25.297+0000] {logging_mixin.py:188} INFO - [2024-03-21T01:15:25.296+0000] {dag.py:3047} INFO - Sync 1 DAGs
[2024-03-21T01:15:25.345+0000] {logging_mixin.py:188} INFO - [2024-03-21T01:15:25.344+0000] {dag.py:3834} INFO - Setting next_dagrun for example_python_decorator to None, run_after=None
[2024-03-21T01:15:25.401+0000] {processor.py:183} INFO - Processing /home/airflow/.local/lib/python3.8/site-packages/airflow/example_dags/example_python_decorator.py took 0.224 seconds
[2024-03-21T01:15:55.909+0000] {processor.py:161} INFO - Started process (PID=325) to work on /home/airflow/.local/lib/python3.8/site-packages/airflow/example_dags/example_python_decorator.py
[2024-03-21T01:15:55.910+0000] {processor.py:830} INFO - Processing file /home/airflow/.local/lib/python3.8/site-packages/airflow/example_dags/example_python_decorator.py for tasks to queue
[2024-03-21T01:15:55.912+0000] {logging_mixin.py:188} INFO - [2024-03-21T01:15:55.911+0000] {dagbag.py:540} INFO - Filling up the DagBag from /home/airflow/.local/lib/python3.8/site-packages/airflow/example_dags/example_python_decorator.py
[2024-03-21T01:15:55.925+0000] {processor.py:840} INFO - DAG(s) 'example_python_decorator' retrieved from /home/airflow/.local/lib/python3.8/site-packages/airflow/example_dags/example_python_decorator.py
[2024-03-21T01:15:55.938+0000] {logging_mixin.py:188} INFO - [2024-03-21T01:15:55.938+0000] {dag.py:3047} INFO - Sync 1 DAGs
[2024-03-21T01:15:55.953+0000] {logging_mixin.py:188} INFO - [2024-03-21T01:15:55.953+0000] {dag.py:3834} INFO - Setting next_dagrun for example_python_decorator to None, run_after=None
[2024-03-21T01:15:55.974+0000] {processor.py:183} INFO - Processing /home/airflow/.local/lib/python3.8/site-packages/airflow/example_dags/example_python_decorator.py took 0.069 seconds
[2024-03-21T01:16:26.421+0000] {processor.py:161} INFO - Started process (PID=379) to work on /home/airflow/.local/lib/python3.8/site-packages/airflow/example_dags/example_python_decorator.py
[2024-03-21T01:16:26.424+0000] {processor.py:830} INFO - Processing file /home/airflow/.local/lib/python3.8/site-packages/airflow/example_dags/example_python_decorator.py for tasks to queue
[2024-03-21T01:16:26.427+0000] {logging_mixin.py:188} INFO - [2024-03-21T01:16:26.427+0000] {dagbag.py:540} INFO - Filling up the DagBag from /home/airflow/.local/lib/python3.8/site-packages/airflow/example_dags/example_python_decorator.py
[2024-03-21T01:16:26.448+0000] {processor.py:840} INFO - DAG(s) 'example_python_decorator' retrieved from /home/airflow/.local/lib/python3.8/site-packages/airflow/example_dags/example_python_decorator.py
[2024-03-21T01:16:26.587+0000] {logging_mixin.py:188} INFO - [2024-03-21T01:16:26.587+0000] {dag.py:3047} INFO - Sync 1 DAGs
[2024-03-21T01:16:26.602+0000] {logging_mixin.py:188} INFO - [2024-03-21T01:16:26.602+0000] {dag.py:3834} INFO - Setting next_dagrun for example_python_decorator to None, run_after=None
[2024-03-21T01:16:26.632+0000] {processor.py:183} INFO - Processing /home/airflow/.local/lib/python3.8/site-packages/airflow/example_dags/example_python_decorator.py took 0.214 seconds
[2024-03-21T01:16:59.865+0000] {processor.py:161} INFO - Started process (PID=439) to work on /home/airflow/.local/lib/python3.8/site-packages/airflow/example_dags/example_python_decorator.py
[2024-03-21T01:16:59.869+0000] {processor.py:830} INFO - Processing file /home/airflow/.local/lib/python3.8/site-packages/airflow/example_dags/example_python_decorator.py for tasks to queue
[2024-03-21T01:16:59.883+0000] {logging_mixin.py:188} INFO - [2024-03-21T01:16:59.882+0000] {dagbag.py:540} INFO - Filling up the DagBag from /home/airflow/.local/lib/python3.8/site-packages/airflow/example_dags/example_python_decorator.py
[2024-03-21T01:16:59.986+0000] {processor.py:840} INFO - DAG(s) 'example_python_decorator' retrieved from /home/airflow/.local/lib/python3.8/site-packages/airflow/example_dags/example_python_decorator.py
[2024-03-21T01:17:00.093+0000] {logging_mixin.py:188} INFO - [2024-03-21T01:17:00.093+0000] {dag.py:3047} INFO - Sync 1 DAGs
[2024-03-21T01:17:00.149+0000] {logging_mixin.py:188} INFO - [2024-03-21T01:17:00.149+0000] {dag.py:3834} INFO - Setting next_dagrun for example_python_decorator to None, run_after=None
[2024-03-21T01:17:00.230+0000] {processor.py:183} INFO - Processing /home/airflow/.local/lib/python3.8/site-packages/airflow/example_dags/example_python_decorator.py took 0.381 seconds
[2024-03-21T01:17:30.547+0000] {processor.py:161} INFO - Started process (PID=494) to work on /home/airflow/.local/lib/python3.8/site-packages/airflow/example_dags/example_python_decorator.py
[2024-03-21T01:17:30.549+0000] {processor.py:830} INFO - Processing file /home/airflow/.local/lib/python3.8/site-packages/airflow/example_dags/example_python_decorator.py for tasks to queue
[2024-03-21T01:17:30.553+0000] {logging_mixin.py:188} INFO - [2024-03-21T01:17:30.552+0000] {dagbag.py:540} INFO - Filling up the DagBag from /home/airflow/.local/lib/python3.8/site-packages/airflow/example_dags/example_python_decorator.py
[2024-03-21T01:17:30.579+0000] {processor.py:840} INFO - DAG(s) 'example_python_decorator' retrieved from /home/airflow/.local/lib/python3.8/site-packages/airflow/example_dags/example_python_decorator.py
[2024-03-21T01:17:30.619+0000] {logging_mixin.py:188} INFO - [2024-03-21T01:17:30.618+0000] {dag.py:3047} INFO - Sync 1 DAGs
[2024-03-21T01:17:30.640+0000] {logging_mixin.py:188} INFO - [2024-03-21T01:17:30.640+0000] {dag.py:3834} INFO - Setting next_dagrun for example_python_decorator to None, run_after=None
[2024-03-21T01:17:30.677+0000] {processor.py:183} INFO - Processing /home/airflow/.local/lib/python3.8/site-packages/airflow/example_dags/example_python_decorator.py took 0.135 seconds
[2024-03-21T01:18:01.661+0000] {processor.py:161} INFO - Started process (PID=549) to work on /home/airflow/.local/lib/python3.8/site-packages/airflow/example_dags/example_python_decorator.py
[2024-03-21T01:18:01.664+0000] {processor.py:830} INFO - Processing file /home/airflow/.local/lib/python3.8/site-packages/airflow/example_dags/example_python_decorator.py for tasks to queue
[2024-03-21T01:18:01.666+0000] {logging_mixin.py:188} INFO - [2024-03-21T01:18:01.666+0000] {dagbag.py:540} INFO - Filling up the DagBag from /home/airflow/.local/lib/python3.8/site-packages/airflow/example_dags/example_python_decorator.py
[2024-03-21T01:18:01.691+0000] {processor.py:840} INFO - DAG(s) 'example_python_decorator' retrieved from /home/airflow/.local/lib/python3.8/site-packages/airflow/example_dags/example_python_decorator.py
[2024-03-21T01:18:01.727+0000] {logging_mixin.py:188} INFO - [2024-03-21T01:18:01.727+0000] {dag.py:3047} INFO - Sync 1 DAGs
[2024-03-21T01:18:01.747+0000] {logging_mixin.py:188} INFO - [2024-03-21T01:18:01.747+0000] {dag.py:3834} INFO - Setting next_dagrun for example_python_decorator to None, run_after=None
[2024-03-21T01:18:01.782+0000] {processor.py:183} INFO - Processing /home/airflow/.local/lib/python3.8/site-packages/airflow/example_dags/example_python_decorator.py took 0.125 seconds
[2024-03-21T01:18:32.569+0000] {processor.py:161} INFO - Started process (PID=604) to work on /home/airflow/.local/lib/python3.8/site-packages/airflow/example_dags/example_python_decorator.py
[2024-03-21T01:18:32.570+0000] {processor.py:830} INFO - Processing file /home/airflow/.local/lib/python3.8/site-packages/airflow/example_dags/example_python_decorator.py for tasks to queue
[2024-03-21T01:18:32.572+0000] {logging_mixin.py:188} INFO - [2024-03-21T01:18:32.572+0000] {dagbag.py:540} INFO - Filling up the DagBag from /home/airflow/.local/lib/python3.8/site-packages/airflow/example_dags/example_python_decorator.py
[2024-03-21T01:18:32.588+0000] {processor.py:840} INFO - DAG(s) 'example_python_decorator' retrieved from /home/airflow/.local/lib/python3.8/site-packages/airflow/example_dags/example_python_decorator.py
[2024-03-21T01:18:32.616+0000] {logging_mixin.py:188} INFO - [2024-03-21T01:18:32.616+0000] {dag.py:3047} INFO - Sync 1 DAGs
[2024-03-21T01:18:32.633+0000] {logging_mixin.py:188} INFO - [2024-03-21T01:18:32.632+0000] {dag.py:3834} INFO - Setting next_dagrun for example_python_decorator to None, run_after=None
[2024-03-21T01:18:32.661+0000] {processor.py:183} INFO - Processing /home/airflow/.local/lib/python3.8/site-packages/airflow/example_dags/example_python_decorator.py took 0.097 seconds
[2024-03-21T01:19:03.291+0000] {processor.py:161} INFO - Started process (PID=659) to work on /home/airflow/.local/lib/python3.8/site-packages/airflow/example_dags/example_python_decorator.py
[2024-03-21T01:19:03.293+0000] {processor.py:830} INFO - Processing file /home/airflow/.local/lib/python3.8/site-packages/airflow/example_dags/example_python_decorator.py for tasks to queue
[2024-03-21T01:19:03.295+0000] {logging_mixin.py:188} INFO - [2024-03-21T01:19:03.295+0000] {dagbag.py:540} INFO - Filling up the DagBag from /home/airflow/.local/lib/python3.8/site-packages/airflow/example_dags/example_python_decorator.py
[2024-03-21T01:19:03.325+0000] {processor.py:840} INFO - DAG(s) 'example_python_decorator' retrieved from /home/airflow/.local/lib/python3.8/site-packages/airflow/example_dags/example_python_decorator.py
[2024-03-21T01:19:03.366+0000] {logging_mixin.py:188} INFO - [2024-03-21T01:19:03.366+0000] {dag.py:3047} INFO - Sync 1 DAGs
[2024-03-21T01:19:03.393+0000] {logging_mixin.py:188} INFO - [2024-03-21T01:19:03.392+0000] {dag.py:3834} INFO - Setting next_dagrun for example_python_decorator to None, run_after=None
[2024-03-21T01:19:03.431+0000] {processor.py:183} INFO - Processing /home/airflow/.local/lib/python3.8/site-packages/airflow/example_dags/example_python_decorator.py took 0.146 seconds
[2024-03-21T01:19:33.823+0000] {processor.py:161} INFO - Started process (PID=715) to work on /home/airflow/.local/lib/python3.8/site-packages/airflow/example_dags/example_python_decorator.py
[2024-03-21T01:19:33.825+0000] {processor.py:830} INFO - Processing file /home/airflow/.local/lib/python3.8/site-packages/airflow/example_dags/example_python_decorator.py for tasks to queue
[2024-03-21T01:19:33.826+0000] {logging_mixin.py:188} INFO - [2024-03-21T01:19:33.826+0000] {dagbag.py:540} INFO - Filling up the DagBag from /home/airflow/.local/lib/python3.8/site-packages/airflow/example_dags/example_python_decorator.py
[2024-03-21T01:19:33.839+0000] {processor.py:840} INFO - DAG(s) 'example_python_decorator' retrieved from /home/airflow/.local/lib/python3.8/site-packages/airflow/example_dags/example_python_decorator.py
[2024-03-21T01:19:33.861+0000] {logging_mixin.py:188} INFO - [2024-03-21T01:19:33.861+0000] {dag.py:3047} INFO - Sync 1 DAGs
[2024-03-21T01:19:33.874+0000] {logging_mixin.py:188} INFO - [2024-03-21T01:19:33.874+0000] {dag.py:3834} INFO - Setting next_dagrun for example_python_decorator to None, run_after=None
[2024-03-21T01:19:33.896+0000] {processor.py:183} INFO - Processing /home/airflow/.local/lib/python3.8/site-packages/airflow/example_dags/example_python_decorator.py took 0.076 seconds
[2024-03-21T01:20:04.209+0000] {processor.py:161} INFO - Started process (PID=770) to work on /home/airflow/.local/lib/python3.8/site-packages/airflow/example_dags/example_python_decorator.py
[2024-03-21T01:20:04.211+0000] {processor.py:830} INFO - Processing file /home/airflow/.local/lib/python3.8/site-packages/airflow/example_dags/example_python_decorator.py for tasks to queue
[2024-03-21T01:20:04.213+0000] {logging_mixin.py:188} INFO - [2024-03-21T01:20:04.213+0000] {dagbag.py:540} INFO - Filling up the DagBag from /home/airflow/.local/lib/python3.8/site-packages/airflow/example_dags/example_python_decorator.py
[2024-03-21T01:20:04.249+0000] {processor.py:840} INFO - DAG(s) 'example_python_decorator' retrieved from /home/airflow/.local/lib/python3.8/site-packages/airflow/example_dags/example_python_decorator.py
[2024-03-21T01:20:04.286+0000] {logging_mixin.py:188} INFO - [2024-03-21T01:20:04.286+0000] {dag.py:3047} INFO - Sync 1 DAGs
[2024-03-21T01:20:04.301+0000] {logging_mixin.py:188} INFO - [2024-03-21T01:20:04.301+0000] {dag.py:3834} INFO - Setting next_dagrun for example_python_decorator to None, run_after=None
[2024-03-21T01:20:04.330+0000] {processor.py:183} INFO - Processing /home/airflow/.local/lib/python3.8/site-packages/airflow/example_dags/example_python_decorator.py took 0.125 seconds
[2024-03-21T01:20:34.572+0000] {processor.py:161} INFO - Started process (PID=825) to work on /home/airflow/.local/lib/python3.8/site-packages/airflow/example_dags/example_python_decorator.py
[2024-03-21T01:20:34.573+0000] {processor.py:830} INFO - Processing file /home/airflow/.local/lib/python3.8/site-packages/airflow/example_dags/example_python_decorator.py for tasks to queue
[2024-03-21T01:20:34.576+0000] {logging_mixin.py:188} INFO - [2024-03-21T01:20:34.575+0000] {dagbag.py:540} INFO - Filling up the DagBag from /home/airflow/.local/lib/python3.8/site-packages/airflow/example_dags/example_python_decorator.py
[2024-03-21T01:20:34.596+0000] {processor.py:840} INFO - DAG(s) 'example_python_decorator' retrieved from /home/airflow/.local/lib/python3.8/site-packages/airflow/example_dags/example_python_decorator.py
[2024-03-21T01:20:34.627+0000] {logging_mixin.py:188} INFO - [2024-03-21T01:20:34.627+0000] {dag.py:3047} INFO - Sync 1 DAGs
[2024-03-21T01:20:34.644+0000] {logging_mixin.py:188} INFO - [2024-03-21T01:20:34.644+0000] {dag.py:3834} INFO - Setting next_dagrun for example_python_decorator to None, run_after=None
[2024-03-21T01:20:34.693+0000] {processor.py:183} INFO - Processing /home/airflow/.local/lib/python3.8/site-packages/airflow/example_dags/example_python_decorator.py took 0.125 seconds
[2024-03-21T01:21:05.509+0000] {processor.py:161} INFO - Started process (PID=879) to work on /home/airflow/.local/lib/python3.8/site-packages/airflow/example_dags/example_python_decorator.py
[2024-03-21T01:21:05.511+0000] {processor.py:830} INFO - Processing file /home/airflow/.local/lib/python3.8/site-packages/airflow/example_dags/example_python_decorator.py for tasks to queue
[2024-03-21T01:21:05.512+0000] {logging_mixin.py:188} INFO - [2024-03-21T01:21:05.512+0000] {dagbag.py:540} INFO - Filling up the DagBag from /home/airflow/.local/lib/python3.8/site-packages/airflow/example_dags/example_python_decorator.py
[2024-03-21T01:21:05.528+0000] {processor.py:840} INFO - DAG(s) 'example_python_decorator' retrieved from /home/airflow/.local/lib/python3.8/site-packages/airflow/example_dags/example_python_decorator.py
[2024-03-21T01:21:05.558+0000] {logging_mixin.py:188} INFO - [2024-03-21T01:21:05.557+0000] {dag.py:3047} INFO - Sync 1 DAGs
[2024-03-21T01:21:05.578+0000] {logging_mixin.py:188} INFO - [2024-03-21T01:21:05.578+0000] {dag.py:3834} INFO - Setting next_dagrun for example_python_decorator to None, run_after=None
[2024-03-21T01:21:05.624+0000] {processor.py:183} INFO - Processing /home/airflow/.local/lib/python3.8/site-packages/airflow/example_dags/example_python_decorator.py took 0.125 seconds
[2024-03-21T01:21:37.703+0000] {processor.py:161} INFO - Started process (PID=934) to work on /home/airflow/.local/lib/python3.8/site-packages/airflow/example_dags/example_python_decorator.py
[2024-03-21T01:21:37.710+0000] {processor.py:830} INFO - Processing file /home/airflow/.local/lib/python3.8/site-packages/airflow/example_dags/example_python_decorator.py for tasks to queue
[2024-03-21T01:21:37.714+0000] {logging_mixin.py:188} INFO - [2024-03-21T01:21:37.714+0000] {dagbag.py:540} INFO - Filling up the DagBag from /home/airflow/.local/lib/python3.8/site-packages/airflow/example_dags/example_python_decorator.py
[2024-03-21T01:21:37.770+0000] {processor.py:840} INFO - DAG(s) 'example_python_decorator' retrieved from /home/airflow/.local/lib/python3.8/site-packages/airflow/example_dags/example_python_decorator.py
[2024-03-21T01:21:37.885+0000] {logging_mixin.py:188} INFO - [2024-03-21T01:21:37.884+0000] {dag.py:3047} INFO - Sync 1 DAGs
[2024-03-21T01:21:37.922+0000] {logging_mixin.py:188} INFO - [2024-03-21T01:21:37.921+0000] {dag.py:3834} INFO - Setting next_dagrun for example_python_decorator to None, run_after=None
[2024-03-21T01:21:38.003+0000] {processor.py:183} INFO - Processing /home/airflow/.local/lib/python3.8/site-packages/airflow/example_dags/example_python_decorator.py took 0.306 seconds
[2024-03-21T01:22:08.322+0000] {processor.py:161} INFO - Started process (PID=990) to work on /home/airflow/.local/lib/python3.8/site-packages/airflow/example_dags/example_python_decorator.py
[2024-03-21T01:22:08.323+0000] {processor.py:830} INFO - Processing file /home/airflow/.local/lib/python3.8/site-packages/airflow/example_dags/example_python_decorator.py for tasks to queue
[2024-03-21T01:22:08.325+0000] {logging_mixin.py:188} INFO - [2024-03-21T01:22:08.325+0000] {dagbag.py:540} INFO - Filling up the DagBag from /home/airflow/.local/lib/python3.8/site-packages/airflow/example_dags/example_python_decorator.py
[2024-03-21T01:22:08.339+0000] {processor.py:840} INFO - DAG(s) 'example_python_decorator' retrieved from /home/airflow/.local/lib/python3.8/site-packages/airflow/example_dags/example_python_decorator.py
[2024-03-21T01:22:08.363+0000] {logging_mixin.py:188} INFO - [2024-03-21T01:22:08.363+0000] {dag.py:3047} INFO - Sync 1 DAGs
[2024-03-21T01:22:08.377+0000] {logging_mixin.py:188} INFO - [2024-03-21T01:22:08.377+0000] {dag.py:3834} INFO - Setting next_dagrun for example_python_decorator to None, run_after=None
[2024-03-21T01:22:08.400+0000] {processor.py:183} INFO - Processing /home/airflow/.local/lib/python3.8/site-packages/airflow/example_dags/example_python_decorator.py took 0.082 seconds
[2024-03-21T01:22:38.623+0000] {processor.py:161} INFO - Started process (PID=1045) to work on /home/airflow/.local/lib/python3.8/site-packages/airflow/example_dags/example_python_decorator.py
[2024-03-21T01:22:38.624+0000] {processor.py:830} INFO - Processing file /home/airflow/.local/lib/python3.8/site-packages/airflow/example_dags/example_python_decorator.py for tasks to queue
[2024-03-21T01:22:38.626+0000] {logging_mixin.py:188} INFO - [2024-03-21T01:22:38.626+0000] {dagbag.py:540} INFO - Filling up the DagBag from /home/airflow/.local/lib/python3.8/site-packages/airflow/example_dags/example_python_decorator.py
[2024-03-21T01:22:38.645+0000] {processor.py:840} INFO - DAG(s) 'example_python_decorator' retrieved from /home/airflow/.local/lib/python3.8/site-packages/airflow/example_dags/example_python_decorator.py
[2024-03-21T01:22:38.673+0000] {logging_mixin.py:188} INFO - [2024-03-21T01:22:38.672+0000] {dag.py:3047} INFO - Sync 1 DAGs
[2024-03-21T01:22:38.688+0000] {logging_mixin.py:188} INFO - [2024-03-21T01:22:38.688+0000] {dag.py:3834} INFO - Setting next_dagrun for example_python_decorator to None, run_after=None
[2024-03-21T01:22:38.718+0000] {processor.py:183} INFO - Processing /home/airflow/.local/lib/python3.8/site-packages/airflow/example_dags/example_python_decorator.py took 0.099 seconds
[2024-03-21T01:23:09.193+0000] {processor.py:161} INFO - Started process (PID=1100) to work on /home/airflow/.local/lib/python3.8/site-packages/airflow/example_dags/example_python_decorator.py
[2024-03-21T01:23:09.194+0000] {processor.py:830} INFO - Processing file /home/airflow/.local/lib/python3.8/site-packages/airflow/example_dags/example_python_decorator.py for tasks to queue
[2024-03-21T01:23:09.195+0000] {logging_mixin.py:188} INFO - [2024-03-21T01:23:09.195+0000] {dagbag.py:540} INFO - Filling up the DagBag from /home/airflow/.local/lib/python3.8/site-packages/airflow/example_dags/example_python_decorator.py
[2024-03-21T01:23:09.208+0000] {processor.py:840} INFO - DAG(s) 'example_python_decorator' retrieved from /home/airflow/.local/lib/python3.8/site-packages/airflow/example_dags/example_python_decorator.py
[2024-03-21T01:23:09.233+0000] {logging_mixin.py:188} INFO - [2024-03-21T01:23:09.233+0000] {dag.py:3047} INFO - Sync 1 DAGs
[2024-03-21T01:23:09.246+0000] {logging_mixin.py:188} INFO - [2024-03-21T01:23:09.246+0000] {dag.py:3834} INFO - Setting next_dagrun for example_python_decorator to None, run_after=None
[2024-03-21T01:23:09.268+0000] {processor.py:183} INFO - Processing /home/airflow/.local/lib/python3.8/site-packages/airflow/example_dags/example_python_decorator.py took 0.079 seconds
[2024-03-21T01:23:40.147+0000] {processor.py:161} INFO - Started process (PID=1154) to work on /home/airflow/.local/lib/python3.8/site-packages/airflow/example_dags/example_python_decorator.py
[2024-03-21T01:23:40.149+0000] {processor.py:830} INFO - Processing file /home/airflow/.local/lib/python3.8/site-packages/airflow/example_dags/example_python_decorator.py for tasks to queue
[2024-03-21T01:23:40.151+0000] {logging_mixin.py:188} INFO - [2024-03-21T01:23:40.150+0000] {dagbag.py:540} INFO - Filling up the DagBag from /home/airflow/.local/lib/python3.8/site-packages/airflow/example_dags/example_python_decorator.py
[2024-03-21T01:23:40.167+0000] {processor.py:840} INFO - DAG(s) 'example_python_decorator' retrieved from /home/airflow/.local/lib/python3.8/site-packages/airflow/example_dags/example_python_decorator.py
[2024-03-21T01:23:40.196+0000] {logging_mixin.py:188} INFO - [2024-03-21T01:23:40.196+0000] {dag.py:3047} INFO - Sync 1 DAGs
[2024-03-21T01:23:40.211+0000] {logging_mixin.py:188} INFO - [2024-03-21T01:23:40.210+0000] {dag.py:3834} INFO - Setting next_dagrun for example_python_decorator to None, run_after=None
[2024-03-21T01:23:40.236+0000] {processor.py:183} INFO - Processing /home/airflow/.local/lib/python3.8/site-packages/airflow/example_dags/example_python_decorator.py took 0.093 seconds
[2024-03-21T01:24:10.487+0000] {processor.py:161} INFO - Started process (PID=1209) to work on /home/airflow/.local/lib/python3.8/site-packages/airflow/example_dags/example_python_decorator.py
[2024-03-21T01:24:10.489+0000] {processor.py:830} INFO - Processing file /home/airflow/.local/lib/python3.8/site-packages/airflow/example_dags/example_python_decorator.py for tasks to queue
[2024-03-21T01:24:10.492+0000] {logging_mixin.py:188} INFO - [2024-03-21T01:24:10.492+0000] {dagbag.py:540} INFO - Filling up the DagBag from /home/airflow/.local/lib/python3.8/site-packages/airflow/example_dags/example_python_decorator.py
[2024-03-21T01:24:10.512+0000] {processor.py:840} INFO - DAG(s) 'example_python_decorator' retrieved from /home/airflow/.local/lib/python3.8/site-packages/airflow/example_dags/example_python_decorator.py
[2024-03-21T01:24:10.549+0000] {logging_mixin.py:188} INFO - [2024-03-21T01:24:10.548+0000] {dag.py:3047} INFO - Sync 1 DAGs
[2024-03-21T01:24:10.571+0000] {logging_mixin.py:188} INFO - [2024-03-21T01:24:10.570+0000] {dag.py:3834} INFO - Setting next_dagrun for example_python_decorator to None, run_after=None
[2024-03-21T01:24:10.602+0000] {processor.py:183} INFO - Processing /home/airflow/.local/lib/python3.8/site-packages/airflow/example_dags/example_python_decorator.py took 0.120 seconds
[2024-03-21T01:24:40.671+0000] {processor.py:161} INFO - Started process (PID=1264) to work on /home/airflow/.local/lib/python3.8/site-packages/airflow/example_dags/example_python_decorator.py
[2024-03-21T01:24:40.673+0000] {processor.py:830} INFO - Processing file /home/airflow/.local/lib/python3.8/site-packages/airflow/example_dags/example_python_decorator.py for tasks to queue
[2024-03-21T01:24:40.675+0000] {logging_mixin.py:188} INFO - [2024-03-21T01:24:40.675+0000] {dagbag.py:540} INFO - Filling up the DagBag from /home/airflow/.local/lib/python3.8/site-packages/airflow/example_dags/example_python_decorator.py
[2024-03-21T01:24:40.689+0000] {processor.py:840} INFO - DAG(s) 'example_python_decorator' retrieved from /home/airflow/.local/lib/python3.8/site-packages/airflow/example_dags/example_python_decorator.py
[2024-03-21T01:24:40.716+0000] {logging_mixin.py:188} INFO - [2024-03-21T01:24:40.715+0000] {dag.py:3047} INFO - Sync 1 DAGs
[2024-03-21T01:24:40.731+0000] {logging_mixin.py:188} INFO - [2024-03-21T01:24:40.731+0000] {dag.py:3834} INFO - Setting next_dagrun for example_python_decorator to None, run_after=None
[2024-03-21T01:24:40.762+0000] {processor.py:183} INFO - Processing /home/airflow/.local/lib/python3.8/site-packages/airflow/example_dags/example_python_decorator.py took 0.094 seconds
[2024-03-21T01:25:10.819+0000] {processor.py:161} INFO - Started process (PID=1319) to work on /home/airflow/.local/lib/python3.8/site-packages/airflow/example_dags/example_python_decorator.py
[2024-03-21T01:25:10.820+0000] {processor.py:830} INFO - Processing file /home/airflow/.local/lib/python3.8/site-packages/airflow/example_dags/example_python_decorator.py for tasks to queue
[2024-03-21T01:25:10.822+0000] {logging_mixin.py:188} INFO - [2024-03-21T01:25:10.822+0000] {dagbag.py:540} INFO - Filling up the DagBag from /home/airflow/.local/lib/python3.8/site-packages/airflow/example_dags/example_python_decorator.py
[2024-03-21T01:25:10.836+0000] {processor.py:840} INFO - DAG(s) 'example_python_decorator' retrieved from /home/airflow/.local/lib/python3.8/site-packages/airflow/example_dags/example_python_decorator.py
[2024-03-21T01:25:10.861+0000] {logging_mixin.py:188} INFO - [2024-03-21T01:25:10.861+0000] {dag.py:3047} INFO - Sync 1 DAGs
[2024-03-21T01:25:10.875+0000] {logging_mixin.py:188} INFO - [2024-03-21T01:25:10.875+0000] {dag.py:3834} INFO - Setting next_dagrun for example_python_decorator to None, run_after=None
[2024-03-21T01:25:10.906+0000] {processor.py:183} INFO - Processing /home/airflow/.local/lib/python3.8/site-packages/airflow/example_dags/example_python_decorator.py took 0.091 seconds
[2024-03-21T01:25:41.195+0000] {processor.py:161} INFO - Started process (PID=1374) to work on /home/airflow/.local/lib/python3.8/site-packages/airflow/example_dags/example_python_decorator.py
[2024-03-21T01:25:41.196+0000] {processor.py:830} INFO - Processing file /home/airflow/.local/lib/python3.8/site-packages/airflow/example_dags/example_python_decorator.py for tasks to queue
[2024-03-21T01:25:41.197+0000] {logging_mixin.py:188} INFO - [2024-03-21T01:25:41.197+0000] {dagbag.py:540} INFO - Filling up the DagBag from /home/airflow/.local/lib/python3.8/site-packages/airflow/example_dags/example_python_decorator.py
[2024-03-21T01:25:41.211+0000] {processor.py:840} INFO - DAG(s) 'example_python_decorator' retrieved from /home/airflow/.local/lib/python3.8/site-packages/airflow/example_dags/example_python_decorator.py
[2024-03-21T01:25:41.245+0000] {logging_mixin.py:188} INFO - [2024-03-21T01:25:41.245+0000] {dag.py:3047} INFO - Sync 1 DAGs
[2024-03-21T01:25:41.264+0000] {logging_mixin.py:188} INFO - [2024-03-21T01:25:41.264+0000] {dag.py:3834} INFO - Setting next_dagrun for example_python_decorator to None, run_after=None
[2024-03-21T01:25:41.292+0000] {processor.py:183} INFO - Processing /home/airflow/.local/lib/python3.8/site-packages/airflow/example_dags/example_python_decorator.py took 0.101 seconds
[2024-03-21T01:26:11.408+0000] {processor.py:161} INFO - Started process (PID=1429) to work on /home/airflow/.local/lib/python3.8/site-packages/airflow/example_dags/example_python_decorator.py
[2024-03-21T01:26:11.408+0000] {processor.py:830} INFO - Processing file /home/airflow/.local/lib/python3.8/site-packages/airflow/example_dags/example_python_decorator.py for tasks to queue
[2024-03-21T01:26:11.410+0000] {logging_mixin.py:188} INFO - [2024-03-21T01:26:11.410+0000] {dagbag.py:540} INFO - Filling up the DagBag from /home/airflow/.local/lib/python3.8/site-packages/airflow/example_dags/example_python_decorator.py
[2024-03-21T01:26:11.423+0000] {processor.py:840} INFO - DAG(s) 'example_python_decorator' retrieved from /home/airflow/.local/lib/python3.8/site-packages/airflow/example_dags/example_python_decorator.py
[2024-03-21T01:26:11.453+0000] {logging_mixin.py:188} INFO - [2024-03-21T01:26:11.453+0000] {dag.py:3047} INFO - Sync 1 DAGs
[2024-03-21T01:26:11.469+0000] {logging_mixin.py:188} INFO - [2024-03-21T01:26:11.468+0000] {dag.py:3834} INFO - Setting next_dagrun for example_python_decorator to None, run_after=None
[2024-03-21T01:26:11.503+0000] {processor.py:183} INFO - Processing /home/airflow/.local/lib/python3.8/site-packages/airflow/example_dags/example_python_decorator.py took 0.099 seconds
[2024-03-21T01:26:41.630+0000] {processor.py:161} INFO - Started process (PID=1484) to work on /home/airflow/.local/lib/python3.8/site-packages/airflow/example_dags/example_python_decorator.py
[2024-03-21T01:26:41.631+0000] {processor.py:830} INFO - Processing file /home/airflow/.local/lib/python3.8/site-packages/airflow/example_dags/example_python_decorator.py for tasks to queue
[2024-03-21T01:26:41.633+0000] {logging_mixin.py:188} INFO - [2024-03-21T01:26:41.632+0000] {dagbag.py:540} INFO - Filling up the DagBag from /home/airflow/.local/lib/python3.8/site-packages/airflow/example_dags/example_python_decorator.py
[2024-03-21T01:26:41.647+0000] {processor.py:840} INFO - DAG(s) 'example_python_decorator' retrieved from /home/airflow/.local/lib/python3.8/site-packages/airflow/example_dags/example_python_decorator.py
[2024-03-21T01:26:41.674+0000] {logging_mixin.py:188} INFO - [2024-03-21T01:26:41.674+0000] {dag.py:3047} INFO - Sync 1 DAGs
[2024-03-21T01:26:41.691+0000] {logging_mixin.py:188} INFO - [2024-03-21T01:26:41.691+0000] {dag.py:3834} INFO - Setting next_dagrun for example_python_decorator to None, run_after=None
[2024-03-21T01:26:41.723+0000] {processor.py:183} INFO - Processing /home/airflow/.local/lib/python3.8/site-packages/airflow/example_dags/example_python_decorator.py took 0.097 seconds
[2024-03-21T01:27:12.135+0000] {processor.py:161} INFO - Started process (PID=1539) to work on /home/airflow/.local/lib/python3.8/site-packages/airflow/example_dags/example_python_decorator.py
[2024-03-21T01:27:12.137+0000] {processor.py:830} INFO - Processing file /home/airflow/.local/lib/python3.8/site-packages/airflow/example_dags/example_python_decorator.py for tasks to queue
[2024-03-21T01:27:12.143+0000] {logging_mixin.py:188} INFO - [2024-03-21T01:27:12.140+0000] {dagbag.py:540} INFO - Filling up the DagBag from /home/airflow/.local/lib/python3.8/site-packages/airflow/example_dags/example_python_decorator.py
[2024-03-21T01:27:12.165+0000] {processor.py:840} INFO - DAG(s) 'example_python_decorator' retrieved from /home/airflow/.local/lib/python3.8/site-packages/airflow/example_dags/example_python_decorator.py
[2024-03-21T01:27:12.203+0000] {logging_mixin.py:188} INFO - [2024-03-21T01:27:12.203+0000] {dag.py:3047} INFO - Sync 1 DAGs
[2024-03-21T01:27:12.222+0000] {logging_mixin.py:188} INFO - [2024-03-21T01:27:12.222+0000] {dag.py:3834} INFO - Setting next_dagrun for example_python_decorator to None, run_after=None
[2024-03-21T01:27:12.248+0000] {processor.py:183} INFO - Processing /home/airflow/.local/lib/python3.8/site-packages/airflow/example_dags/example_python_decorator.py took 0.119 seconds
[2024-03-21T01:27:42.562+0000] {processor.py:161} INFO - Started process (PID=1594) to work on /home/airflow/.local/lib/python3.8/site-packages/airflow/example_dags/example_python_decorator.py
[2024-03-21T01:27:42.564+0000] {processor.py:830} INFO - Processing file /home/airflow/.local/lib/python3.8/site-packages/airflow/example_dags/example_python_decorator.py for tasks to queue
[2024-03-21T01:27:42.566+0000] {logging_mixin.py:188} INFO - [2024-03-21T01:27:42.566+0000] {dagbag.py:540} INFO - Filling up the DagBag from /home/airflow/.local/lib/python3.8/site-packages/airflow/example_dags/example_python_decorator.py
[2024-03-21T01:27:42.583+0000] {processor.py:840} INFO - DAG(s) 'example_python_decorator' retrieved from /home/airflow/.local/lib/python3.8/site-packages/airflow/example_dags/example_python_decorator.py
[2024-03-21T01:27:42.622+0000] {logging_mixin.py:188} INFO - [2024-03-21T01:27:42.622+0000] {dag.py:3047} INFO - Sync 1 DAGs
[2024-03-21T01:27:42.642+0000] {logging_mixin.py:188} INFO - [2024-03-21T01:27:42.642+0000] {dag.py:3834} INFO - Setting next_dagrun for example_python_decorator to None, run_after=None
[2024-03-21T01:27:42.671+0000] {processor.py:183} INFO - Processing /home/airflow/.local/lib/python3.8/site-packages/airflow/example_dags/example_python_decorator.py took 0.113 seconds
[2024-03-21T01:28:12.757+0000] {processor.py:161} INFO - Started process (PID=1649) to work on /home/airflow/.local/lib/python3.8/site-packages/airflow/example_dags/example_python_decorator.py
[2024-03-21T01:28:12.759+0000] {processor.py:830} INFO - Processing file /home/airflow/.local/lib/python3.8/site-packages/airflow/example_dags/example_python_decorator.py for tasks to queue
[2024-03-21T01:28:12.761+0000] {logging_mixin.py:188} INFO - [2024-03-21T01:28:12.760+0000] {dagbag.py:540} INFO - Filling up the DagBag from /home/airflow/.local/lib/python3.8/site-packages/airflow/example_dags/example_python_decorator.py
[2024-03-21T01:28:12.778+0000] {processor.py:840} INFO - DAG(s) 'example_python_decorator' retrieved from /home/airflow/.local/lib/python3.8/site-packages/airflow/example_dags/example_python_decorator.py
[2024-03-21T01:28:12.812+0000] {logging_mixin.py:188} INFO - [2024-03-21T01:28:12.811+0000] {dag.py:3047} INFO - Sync 1 DAGs
[2024-03-21T01:28:12.843+0000] {logging_mixin.py:188} INFO - [2024-03-21T01:28:12.842+0000] {dag.py:3834} INFO - Setting next_dagrun for example_python_decorator to None, run_after=None
[2024-03-21T01:28:12.872+0000] {processor.py:183} INFO - Processing /home/airflow/.local/lib/python3.8/site-packages/airflow/example_dags/example_python_decorator.py took 0.120 seconds
[2024-03-21T01:28:43.561+0000] {processor.py:161} INFO - Started process (PID=1704) to work on /home/airflow/.local/lib/python3.8/site-packages/airflow/example_dags/example_python_decorator.py
[2024-03-21T01:28:43.564+0000] {processor.py:830} INFO - Processing file /home/airflow/.local/lib/python3.8/site-packages/airflow/example_dags/example_python_decorator.py for tasks to queue
[2024-03-21T01:28:43.568+0000] {logging_mixin.py:188} INFO - [2024-03-21T01:28:43.568+0000] {dagbag.py:540} INFO - Filling up the DagBag from /home/airflow/.local/lib/python3.8/site-packages/airflow/example_dags/example_python_decorator.py
[2024-03-21T01:28:43.609+0000] {processor.py:840} INFO - DAG(s) 'example_python_decorator' retrieved from /home/airflow/.local/lib/python3.8/site-packages/airflow/example_dags/example_python_decorator.py
[2024-03-21T01:28:43.680+0000] {logging_mixin.py:188} INFO - [2024-03-21T01:28:43.679+0000] {dag.py:3047} INFO - Sync 1 DAGs
[2024-03-21T01:28:43.723+0000] {logging_mixin.py:188} INFO - [2024-03-21T01:28:43.723+0000] {dag.py:3834} INFO - Setting next_dagrun for example_python_decorator to None, run_after=None
[2024-03-21T01:28:43.794+0000] {processor.py:183} INFO - Processing /home/airflow/.local/lib/python3.8/site-packages/airflow/example_dags/example_python_decorator.py took 0.242 seconds
[2024-03-21T01:29:14.451+0000] {processor.py:161} INFO - Started process (PID=1760) to work on /home/airflow/.local/lib/python3.8/site-packages/airflow/example_dags/example_python_decorator.py
[2024-03-21T01:29:14.453+0000] {processor.py:830} INFO - Processing file /home/airflow/.local/lib/python3.8/site-packages/airflow/example_dags/example_python_decorator.py for tasks to queue
[2024-03-21T01:29:14.456+0000] {logging_mixin.py:188} INFO - [2024-03-21T01:29:14.456+0000] {dagbag.py:540} INFO - Filling up the DagBag from /home/airflow/.local/lib/python3.8/site-packages/airflow/example_dags/example_python_decorator.py
[2024-03-21T01:29:14.514+0000] {processor.py:840} INFO - DAG(s) 'example_python_decorator' retrieved from /home/airflow/.local/lib/python3.8/site-packages/airflow/example_dags/example_python_decorator.py
[2024-03-21T01:29:14.611+0000] {logging_mixin.py:188} INFO - [2024-03-21T01:29:14.611+0000] {dag.py:3047} INFO - Sync 1 DAGs
[2024-03-21T01:29:14.658+0000] {logging_mixin.py:188} INFO - [2024-03-21T01:29:14.657+0000] {dag.py:3834} INFO - Setting next_dagrun for example_python_decorator to None, run_after=None
[2024-03-21T01:29:14.698+0000] {processor.py:183} INFO - Processing /home/airflow/.local/lib/python3.8/site-packages/airflow/example_dags/example_python_decorator.py took 0.256 seconds
[2024-03-21T01:29:45.456+0000] {processor.py:161} INFO - Started process (PID=1815) to work on /home/airflow/.local/lib/python3.8/site-packages/airflow/example_dags/example_python_decorator.py
[2024-03-21T01:29:45.457+0000] {processor.py:830} INFO - Processing file /home/airflow/.local/lib/python3.8/site-packages/airflow/example_dags/example_python_decorator.py for tasks to queue
[2024-03-21T01:29:45.459+0000] {logging_mixin.py:188} INFO - [2024-03-21T01:29:45.458+0000] {dagbag.py:540} INFO - Filling up the DagBag from /home/airflow/.local/lib/python3.8/site-packages/airflow/example_dags/example_python_decorator.py
[2024-03-21T01:29:45.471+0000] {processor.py:840} INFO - DAG(s) 'example_python_decorator' retrieved from /home/airflow/.local/lib/python3.8/site-packages/airflow/example_dags/example_python_decorator.py
[2024-03-21T01:29:45.494+0000] {logging_mixin.py:188} INFO - [2024-03-21T01:29:45.493+0000] {dag.py:3047} INFO - Sync 1 DAGs
[2024-03-21T01:29:45.505+0000] {logging_mixin.py:188} INFO - [2024-03-21T01:29:45.505+0000] {dag.py:3834} INFO - Setting next_dagrun for example_python_decorator to None, run_after=None
[2024-03-21T01:29:45.535+0000] {processor.py:183} INFO - Processing /home/airflow/.local/lib/python3.8/site-packages/airflow/example_dags/example_python_decorator.py took 0.082 seconds
[2024-03-21T01:30:15.798+0000] {processor.py:161} INFO - Started process (PID=1869) to work on /home/airflow/.local/lib/python3.8/site-packages/airflow/example_dags/example_python_decorator.py
[2024-03-21T01:30:15.799+0000] {processor.py:830} INFO - Processing file /home/airflow/.local/lib/python3.8/site-packages/airflow/example_dags/example_python_decorator.py for tasks to queue
[2024-03-21T01:30:15.800+0000] {logging_mixin.py:188} INFO - [2024-03-21T01:30:15.800+0000] {dagbag.py:540} INFO - Filling up the DagBag from /home/airflow/.local/lib/python3.8/site-packages/airflow/example_dags/example_python_decorator.py
[2024-03-21T01:30:15.813+0000] {processor.py:840} INFO - DAG(s) 'example_python_decorator' retrieved from /home/airflow/.local/lib/python3.8/site-packages/airflow/example_dags/example_python_decorator.py
[2024-03-21T01:30:15.844+0000] {logging_mixin.py:188} INFO - [2024-03-21T01:30:15.844+0000] {dag.py:3047} INFO - Sync 1 DAGs
[2024-03-21T01:30:15.859+0000] {logging_mixin.py:188} INFO - [2024-03-21T01:30:15.858+0000] {dag.py:3834} INFO - Setting next_dagrun for example_python_decorator to None, run_after=None
[2024-03-21T01:30:15.886+0000] {processor.py:183} INFO - Processing /home/airflow/.local/lib/python3.8/site-packages/airflow/example_dags/example_python_decorator.py took 0.092 seconds
[2024-03-21T01:30:46.459+0000] {processor.py:161} INFO - Started process (PID=1924) to work on /home/airflow/.local/lib/python3.8/site-packages/airflow/example_dags/example_python_decorator.py
[2024-03-21T01:30:46.462+0000] {processor.py:830} INFO - Processing file /home/airflow/.local/lib/python3.8/site-packages/airflow/example_dags/example_python_decorator.py for tasks to queue
[2024-03-21T01:30:46.474+0000] {logging_mixin.py:188} INFO - [2024-03-21T01:30:46.473+0000] {dagbag.py:540} INFO - Filling up the DagBag from /home/airflow/.local/lib/python3.8/site-packages/airflow/example_dags/example_python_decorator.py
[2024-03-21T01:30:46.544+0000] {processor.py:840} INFO - DAG(s) 'example_python_decorator' retrieved from /home/airflow/.local/lib/python3.8/site-packages/airflow/example_dags/example_python_decorator.py
[2024-03-21T01:30:46.682+0000] {logging_mixin.py:188} INFO - [2024-03-21T01:30:46.681+0000] {dag.py:3047} INFO - Sync 1 DAGs
[2024-03-21T01:30:46.721+0000] {logging_mixin.py:188} INFO - [2024-03-21T01:30:46.717+0000] {dag.py:3834} INFO - Setting next_dagrun for example_python_decorator to None, run_after=None
[2024-03-21T01:30:46.816+0000] {processor.py:183} INFO - Processing /home/airflow/.local/lib/python3.8/site-packages/airflow/example_dags/example_python_decorator.py took 0.375 seconds
[2024-03-21T01:31:17.018+0000] {processor.py:161} INFO - Started process (PID=1978) to work on /home/airflow/.local/lib/python3.8/site-packages/airflow/example_dags/example_python_decorator.py
[2024-03-21T01:31:17.021+0000] {processor.py:830} INFO - Processing file /home/airflow/.local/lib/python3.8/site-packages/airflow/example_dags/example_python_decorator.py for tasks to queue
[2024-03-21T01:31:17.023+0000] {logging_mixin.py:188} INFO - [2024-03-21T01:31:17.023+0000] {dagbag.py:540} INFO - Filling up the DagBag from /home/airflow/.local/lib/python3.8/site-packages/airflow/example_dags/example_python_decorator.py
[2024-03-21T01:31:17.039+0000] {processor.py:840} INFO - DAG(s) 'example_python_decorator' retrieved from /home/airflow/.local/lib/python3.8/site-packages/airflow/example_dags/example_python_decorator.py
[2024-03-21T01:31:17.064+0000] {logging_mixin.py:188} INFO - [2024-03-21T01:31:17.064+0000] {dag.py:3047} INFO - Sync 1 DAGs
[2024-03-21T01:31:17.077+0000] {logging_mixin.py:188} INFO - [2024-03-21T01:31:17.077+0000] {dag.py:3834} INFO - Setting next_dagrun for example_python_decorator to None, run_after=None
[2024-03-21T01:31:17.101+0000] {processor.py:183} INFO - Processing /home/airflow/.local/lib/python3.8/site-packages/airflow/example_dags/example_python_decorator.py took 0.086 seconds
[2024-03-21T01:31:47.513+0000] {processor.py:161} INFO - Started process (PID=2033) to work on /home/airflow/.local/lib/python3.8/site-packages/airflow/example_dags/example_python_decorator.py
[2024-03-21T01:31:47.516+0000] {processor.py:830} INFO - Processing file /home/airflow/.local/lib/python3.8/site-packages/airflow/example_dags/example_python_decorator.py for tasks to queue
[2024-03-21T01:31:47.519+0000] {logging_mixin.py:188} INFO - [2024-03-21T01:31:47.519+0000] {dagbag.py:540} INFO - Filling up the DagBag from /home/airflow/.local/lib/python3.8/site-packages/airflow/example_dags/example_python_decorator.py
[2024-03-21T01:31:47.543+0000] {processor.py:840} INFO - DAG(s) 'example_python_decorator' retrieved from /home/airflow/.local/lib/python3.8/site-packages/airflow/example_dags/example_python_decorator.py
[2024-03-21T01:31:47.583+0000] {logging_mixin.py:188} INFO - [2024-03-21T01:31:47.583+0000] {dag.py:3047} INFO - Sync 1 DAGs
[2024-03-21T01:31:47.603+0000] {logging_mixin.py:188} INFO - [2024-03-21T01:31:47.603+0000] {dag.py:3834} INFO - Setting next_dagrun for example_python_decorator to None, run_after=None
[2024-03-21T01:31:47.640+0000] {processor.py:183} INFO - Processing /home/airflow/.local/lib/python3.8/site-packages/airflow/example_dags/example_python_decorator.py took 0.135 seconds
[2024-03-21T01:32:17.976+0000] {processor.py:161} INFO - Started process (PID=2088) to work on /home/airflow/.local/lib/python3.8/site-packages/airflow/example_dags/example_python_decorator.py
[2024-03-21T01:32:17.979+0000] {processor.py:830} INFO - Processing file /home/airflow/.local/lib/python3.8/site-packages/airflow/example_dags/example_python_decorator.py for tasks to queue
[2024-03-21T01:32:17.982+0000] {logging_mixin.py:188} INFO - [2024-03-21T01:32:17.981+0000] {dagbag.py:540} INFO - Filling up the DagBag from /home/airflow/.local/lib/python3.8/site-packages/airflow/example_dags/example_python_decorator.py
[2024-03-21T01:32:17.998+0000] {processor.py:840} INFO - DAG(s) 'example_python_decorator' retrieved from /home/airflow/.local/lib/python3.8/site-packages/airflow/example_dags/example_python_decorator.py
[2024-03-21T01:32:18.041+0000] {logging_mixin.py:188} INFO - [2024-03-21T01:32:18.040+0000] {dag.py:3047} INFO - Sync 1 DAGs
[2024-03-21T01:32:18.064+0000] {logging_mixin.py:188} INFO - [2024-03-21T01:32:18.063+0000] {dag.py:3834} INFO - Setting next_dagrun for example_python_decorator to None, run_after=None
[2024-03-21T01:32:18.094+0000] {processor.py:183} INFO - Processing /home/airflow/.local/lib/python3.8/site-packages/airflow/example_dags/example_python_decorator.py took 0.122 seconds
[2024-03-21T01:32:48.702+0000] {processor.py:161} INFO - Started process (PID=2143) to work on /home/airflow/.local/lib/python3.8/site-packages/airflow/example_dags/example_python_decorator.py
[2024-03-21T01:32:48.703+0000] {processor.py:830} INFO - Processing file /home/airflow/.local/lib/python3.8/site-packages/airflow/example_dags/example_python_decorator.py for tasks to queue
[2024-03-21T01:32:48.705+0000] {logging_mixin.py:188} INFO - [2024-03-21T01:32:48.705+0000] {dagbag.py:540} INFO - Filling up the DagBag from /home/airflow/.local/lib/python3.8/site-packages/airflow/example_dags/example_python_decorator.py
[2024-03-21T01:32:48.721+0000] {processor.py:840} INFO - DAG(s) 'example_python_decorator' retrieved from /home/airflow/.local/lib/python3.8/site-packages/airflow/example_dags/example_python_decorator.py
[2024-03-21T01:32:48.749+0000] {logging_mixin.py:188} INFO - [2024-03-21T01:32:48.749+0000] {dag.py:3047} INFO - Sync 1 DAGs
[2024-03-21T01:32:48.763+0000] {logging_mixin.py:188} INFO - [2024-03-21T01:32:48.763+0000] {dag.py:3834} INFO - Setting next_dagrun for example_python_decorator to None, run_after=None
[2024-03-21T01:32:48.790+0000] {processor.py:183} INFO - Processing /home/airflow/.local/lib/python3.8/site-packages/airflow/example_dags/example_python_decorator.py took 0.092 seconds
[2024-03-21T01:33:19.051+0000] {processor.py:161} INFO - Started process (PID=2198) to work on /home/airflow/.local/lib/python3.8/site-packages/airflow/example_dags/example_python_decorator.py
[2024-03-21T01:33:19.054+0000] {processor.py:830} INFO - Processing file /home/airflow/.local/lib/python3.8/site-packages/airflow/example_dags/example_python_decorator.py for tasks to queue
[2024-03-21T01:33:19.061+0000] {logging_mixin.py:188} INFO - [2024-03-21T01:33:19.060+0000] {dagbag.py:540} INFO - Filling up the DagBag from /home/airflow/.local/lib/python3.8/site-packages/airflow/example_dags/example_python_decorator.py
[2024-03-21T01:33:19.084+0000] {processor.py:840} INFO - DAG(s) 'example_python_decorator' retrieved from /home/airflow/.local/lib/python3.8/site-packages/airflow/example_dags/example_python_decorator.py
[2024-03-21T01:33:19.112+0000] {logging_mixin.py:188} INFO - [2024-03-21T01:33:19.112+0000] {dag.py:3047} INFO - Sync 1 DAGs
[2024-03-21T01:33:19.126+0000] {logging_mixin.py:188} INFO - [2024-03-21T01:33:19.126+0000] {dag.py:3834} INFO - Setting next_dagrun for example_python_decorator to None, run_after=None
[2024-03-21T01:33:19.153+0000] {processor.py:183} INFO - Processing /home/airflow/.local/lib/python3.8/site-packages/airflow/example_dags/example_python_decorator.py took 0.110 seconds
[2024-03-21T01:33:49.518+0000] {processor.py:161} INFO - Started process (PID=2253) to work on /home/airflow/.local/lib/python3.8/site-packages/airflow/example_dags/example_python_decorator.py
[2024-03-21T01:33:49.520+0000] {processor.py:830} INFO - Processing file /home/airflow/.local/lib/python3.8/site-packages/airflow/example_dags/example_python_decorator.py for tasks to queue
[2024-03-21T01:33:49.522+0000] {logging_mixin.py:188} INFO - [2024-03-21T01:33:49.522+0000] {dagbag.py:540} INFO - Filling up the DagBag from /home/airflow/.local/lib/python3.8/site-packages/airflow/example_dags/example_python_decorator.py
[2024-03-21T01:33:49.535+0000] {processor.py:840} INFO - DAG(s) 'example_python_decorator' retrieved from /home/airflow/.local/lib/python3.8/site-packages/airflow/example_dags/example_python_decorator.py
[2024-03-21T01:33:49.557+0000] {logging_mixin.py:188} INFO - [2024-03-21T01:33:49.556+0000] {dag.py:3047} INFO - Sync 1 DAGs
[2024-03-21T01:33:49.568+0000] {logging_mixin.py:188} INFO - [2024-03-21T01:33:49.568+0000] {dag.py:3834} INFO - Setting next_dagrun for example_python_decorator to None, run_after=None
[2024-03-21T01:33:49.589+0000] {processor.py:183} INFO - Processing /home/airflow/.local/lib/python3.8/site-packages/airflow/example_dags/example_python_decorator.py took 0.074 seconds
[2024-03-21T01:34:19.729+0000] {processor.py:161} INFO - Started process (PID=2308) to work on /home/airflow/.local/lib/python3.8/site-packages/airflow/example_dags/example_python_decorator.py
[2024-03-21T01:34:19.731+0000] {processor.py:830} INFO - Processing file /home/airflow/.local/lib/python3.8/site-packages/airflow/example_dags/example_python_decorator.py for tasks to queue
[2024-03-21T01:34:19.734+0000] {logging_mixin.py:188} INFO - [2024-03-21T01:34:19.733+0000] {dagbag.py:540} INFO - Filling up the DagBag from /home/airflow/.local/lib/python3.8/site-packages/airflow/example_dags/example_python_decorator.py
[2024-03-21T01:34:19.773+0000] {processor.py:840} INFO - DAG(s) 'example_python_decorator' retrieved from /home/airflow/.local/lib/python3.8/site-packages/airflow/example_dags/example_python_decorator.py
[2024-03-21T01:34:19.805+0000] {logging_mixin.py:188} INFO - [2024-03-21T01:34:19.805+0000] {dag.py:3047} INFO - Sync 1 DAGs
[2024-03-21T01:34:19.819+0000] {logging_mixin.py:188} INFO - [2024-03-21T01:34:19.818+0000] {dag.py:3834} INFO - Setting next_dagrun for example_python_decorator to None, run_after=None
[2024-03-21T01:34:19.842+0000] {processor.py:183} INFO - Processing /home/airflow/.local/lib/python3.8/site-packages/airflow/example_dags/example_python_decorator.py took 0.119 seconds
[2024-03-21T01:34:50.046+0000] {processor.py:161} INFO - Started process (PID=2363) to work on /home/airflow/.local/lib/python3.8/site-packages/airflow/example_dags/example_python_decorator.py
[2024-03-21T01:34:50.047+0000] {processor.py:830} INFO - Processing file /home/airflow/.local/lib/python3.8/site-packages/airflow/example_dags/example_python_decorator.py for tasks to queue
[2024-03-21T01:34:50.049+0000] {logging_mixin.py:188} INFO - [2024-03-21T01:34:50.049+0000] {dagbag.py:540} INFO - Filling up the DagBag from /home/airflow/.local/lib/python3.8/site-packages/airflow/example_dags/example_python_decorator.py
[2024-03-21T01:34:50.061+0000] {processor.py:840} INFO - DAG(s) 'example_python_decorator' retrieved from /home/airflow/.local/lib/python3.8/site-packages/airflow/example_dags/example_python_decorator.py
[2024-03-21T01:34:50.083+0000] {logging_mixin.py:188} INFO - [2024-03-21T01:34:50.083+0000] {dag.py:3047} INFO - Sync 1 DAGs
[2024-03-21T01:34:50.095+0000] {logging_mixin.py:188} INFO - [2024-03-21T01:34:50.094+0000] {dag.py:3834} INFO - Setting next_dagrun for example_python_decorator to None, run_after=None
[2024-03-21T01:34:50.115+0000] {processor.py:183} INFO - Processing /home/airflow/.local/lib/python3.8/site-packages/airflow/example_dags/example_python_decorator.py took 0.072 seconds
[2024-03-21T01:35:20.898+0000] {processor.py:161} INFO - Started process (PID=2418) to work on /home/airflow/.local/lib/python3.8/site-packages/airflow/example_dags/example_python_decorator.py
[2024-03-21T01:35:20.901+0000] {processor.py:830} INFO - Processing file /home/airflow/.local/lib/python3.8/site-packages/airflow/example_dags/example_python_decorator.py for tasks to queue
[2024-03-21T01:35:20.904+0000] {logging_mixin.py:188} INFO - [2024-03-21T01:35:20.904+0000] {dagbag.py:540} INFO - Filling up the DagBag from /home/airflow/.local/lib/python3.8/site-packages/airflow/example_dags/example_python_decorator.py
[2024-03-21T01:35:20.930+0000] {processor.py:840} INFO - DAG(s) 'example_python_decorator' retrieved from /home/airflow/.local/lib/python3.8/site-packages/airflow/example_dags/example_python_decorator.py
[2024-03-21T01:35:20.975+0000] {logging_mixin.py:188} INFO - [2024-03-21T01:35:20.974+0000] {dag.py:3047} INFO - Sync 1 DAGs
[2024-03-21T01:35:20.998+0000] {logging_mixin.py:188} INFO - [2024-03-21T01:35:20.998+0000] {dag.py:3834} INFO - Setting next_dagrun for example_python_decorator to None, run_after=None
[2024-03-21T01:35:21.028+0000] {processor.py:183} INFO - Processing /home/airflow/.local/lib/python3.8/site-packages/airflow/example_dags/example_python_decorator.py took 0.135 seconds
[2024-03-21T01:35:52.005+0000] {processor.py:161} INFO - Started process (PID=2473) to work on /home/airflow/.local/lib/python3.8/site-packages/airflow/example_dags/example_python_decorator.py
[2024-03-21T01:35:52.013+0000] {processor.py:830} INFO - Processing file /home/airflow/.local/lib/python3.8/site-packages/airflow/example_dags/example_python_decorator.py for tasks to queue
[2024-03-21T01:35:52.016+0000] {logging_mixin.py:188} INFO - [2024-03-21T01:35:52.016+0000] {dagbag.py:540} INFO - Filling up the DagBag from /home/airflow/.local/lib/python3.8/site-packages/airflow/example_dags/example_python_decorator.py
[2024-03-21T01:35:52.036+0000] {processor.py:840} INFO - DAG(s) 'example_python_decorator' retrieved from /home/airflow/.local/lib/python3.8/site-packages/airflow/example_dags/example_python_decorator.py
[2024-03-21T01:35:52.063+0000] {logging_mixin.py:188} INFO - [2024-03-21T01:35:52.063+0000] {dag.py:3047} INFO - Sync 1 DAGs
[2024-03-21T01:35:52.080+0000] {logging_mixin.py:188} INFO - [2024-03-21T01:35:52.079+0000] {dag.py:3834} INFO - Setting next_dagrun for example_python_decorator to None, run_after=None
[2024-03-21T01:35:52.104+0000] {processor.py:183} INFO - Processing /home/airflow/.local/lib/python3.8/site-packages/airflow/example_dags/example_python_decorator.py took 0.103 seconds
[2024-03-21T01:36:22.188+0000] {processor.py:161} INFO - Started process (PID=2529) to work on /home/airflow/.local/lib/python3.8/site-packages/airflow/example_dags/example_python_decorator.py
[2024-03-21T01:36:22.189+0000] {processor.py:830} INFO - Processing file /home/airflow/.local/lib/python3.8/site-packages/airflow/example_dags/example_python_decorator.py for tasks to queue
[2024-03-21T01:36:22.191+0000] {logging_mixin.py:188} INFO - [2024-03-21T01:36:22.191+0000] {dagbag.py:540} INFO - Filling up the DagBag from /home/airflow/.local/lib/python3.8/site-packages/airflow/example_dags/example_python_decorator.py
[2024-03-21T01:36:22.203+0000] {processor.py:840} INFO - DAG(s) 'example_python_decorator' retrieved from /home/airflow/.local/lib/python3.8/site-packages/airflow/example_dags/example_python_decorator.py
[2024-03-21T01:36:22.225+0000] {logging_mixin.py:188} INFO - [2024-03-21T01:36:22.224+0000] {dag.py:3047} INFO - Sync 1 DAGs
[2024-03-21T01:36:22.236+0000] {logging_mixin.py:188} INFO - [2024-03-21T01:36:22.236+0000] {dag.py:3834} INFO - Setting next_dagrun for example_python_decorator to None, run_after=None
[2024-03-21T01:36:22.257+0000] {processor.py:183} INFO - Processing /home/airflow/.local/lib/python3.8/site-packages/airflow/example_dags/example_python_decorator.py took 0.072 seconds
[2024-03-21T01:36:52.488+0000] {processor.py:161} INFO - Started process (PID=2583) to work on /home/airflow/.local/lib/python3.8/site-packages/airflow/example_dags/example_python_decorator.py
[2024-03-21T01:36:52.491+0000] {processor.py:830} INFO - Processing file /home/airflow/.local/lib/python3.8/site-packages/airflow/example_dags/example_python_decorator.py for tasks to queue
[2024-03-21T01:36:52.493+0000] {logging_mixin.py:188} INFO - [2024-03-21T01:36:52.492+0000] {dagbag.py:540} INFO - Filling up the DagBag from /home/airflow/.local/lib/python3.8/site-packages/airflow/example_dags/example_python_decorator.py
[2024-03-21T01:36:52.508+0000] {processor.py:840} INFO - DAG(s) 'example_python_decorator' retrieved from /home/airflow/.local/lib/python3.8/site-packages/airflow/example_dags/example_python_decorator.py
[2024-03-21T01:36:52.537+0000] {logging_mixin.py:188} INFO - [2024-03-21T01:36:52.536+0000] {dag.py:3047} INFO - Sync 1 DAGs
[2024-03-21T01:36:52.555+0000] {logging_mixin.py:188} INFO - [2024-03-21T01:36:52.555+0000] {dag.py:3834} INFO - Setting next_dagrun for example_python_decorator to None, run_after=None
[2024-03-21T01:36:52.586+0000] {processor.py:183} INFO - Processing /home/airflow/.local/lib/python3.8/site-packages/airflow/example_dags/example_python_decorator.py took 0.102 seconds
[2024-03-21T01:37:23.242+0000] {processor.py:161} INFO - Started process (PID=2637) to work on /home/airflow/.local/lib/python3.8/site-packages/airflow/example_dags/example_python_decorator.py
[2024-03-21T01:37:23.245+0000] {processor.py:830} INFO - Processing file /home/airflow/.local/lib/python3.8/site-packages/airflow/example_dags/example_python_decorator.py for tasks to queue
[2024-03-21T01:37:23.248+0000] {logging_mixin.py:188} INFO - [2024-03-21T01:37:23.247+0000] {dagbag.py:540} INFO - Filling up the DagBag from /home/airflow/.local/lib/python3.8/site-packages/airflow/example_dags/example_python_decorator.py
[2024-03-21T01:37:23.264+0000] {processor.py:840} INFO - DAG(s) 'example_python_decorator' retrieved from /home/airflow/.local/lib/python3.8/site-packages/airflow/example_dags/example_python_decorator.py
[2024-03-21T01:37:23.289+0000] {logging_mixin.py:188} INFO - [2024-03-21T01:37:23.289+0000] {dag.py:3047} INFO - Sync 1 DAGs
[2024-03-21T01:37:23.302+0000] {logging_mixin.py:188} INFO - [2024-03-21T01:37:23.301+0000] {dag.py:3834} INFO - Setting next_dagrun for example_python_decorator to None, run_after=None
[2024-03-21T01:37:23.329+0000] {processor.py:183} INFO - Processing /home/airflow/.local/lib/python3.8/site-packages/airflow/example_dags/example_python_decorator.py took 0.090 seconds
[2024-03-21T01:37:53.647+0000] {processor.py:161} INFO - Started process (PID=2692) to work on /home/airflow/.local/lib/python3.8/site-packages/airflow/example_dags/example_python_decorator.py
[2024-03-21T01:37:53.648+0000] {processor.py:830} INFO - Processing file /home/airflow/.local/lib/python3.8/site-packages/airflow/example_dags/example_python_decorator.py for tasks to queue
[2024-03-21T01:37:53.650+0000] {logging_mixin.py:188} INFO - [2024-03-21T01:37:53.650+0000] {dagbag.py:540} INFO - Filling up the DagBag from /home/airflow/.local/lib/python3.8/site-packages/airflow/example_dags/example_python_decorator.py
[2024-03-21T01:37:53.668+0000] {processor.py:840} INFO - DAG(s) 'example_python_decorator' retrieved from /home/airflow/.local/lib/python3.8/site-packages/airflow/example_dags/example_python_decorator.py
[2024-03-21T01:37:53.695+0000] {logging_mixin.py:188} INFO - [2024-03-21T01:37:53.695+0000] {dag.py:3047} INFO - Sync 1 DAGs
[2024-03-21T01:37:53.708+0000] {logging_mixin.py:188} INFO - [2024-03-21T01:37:53.708+0000] {dag.py:3834} INFO - Setting next_dagrun for example_python_decorator to None, run_after=None
[2024-03-21T01:37:53.735+0000] {processor.py:183} INFO - Processing /home/airflow/.local/lib/python3.8/site-packages/airflow/example_dags/example_python_decorator.py took 0.091 seconds
[2024-03-21T01:38:23.783+0000] {processor.py:161} INFO - Started process (PID=2747) to work on /home/airflow/.local/lib/python3.8/site-packages/airflow/example_dags/example_python_decorator.py
[2024-03-21T01:38:23.784+0000] {processor.py:830} INFO - Processing file /home/airflow/.local/lib/python3.8/site-packages/airflow/example_dags/example_python_decorator.py for tasks to queue
[2024-03-21T01:38:23.786+0000] {logging_mixin.py:188} INFO - [2024-03-21T01:38:23.786+0000] {dagbag.py:540} INFO - Filling up the DagBag from /home/airflow/.local/lib/python3.8/site-packages/airflow/example_dags/example_python_decorator.py
[2024-03-21T01:38:23.803+0000] {processor.py:840} INFO - DAG(s) 'example_python_decorator' retrieved from /home/airflow/.local/lib/python3.8/site-packages/airflow/example_dags/example_python_decorator.py
[2024-03-21T01:38:23.833+0000] {logging_mixin.py:188} INFO - [2024-03-21T01:38:23.833+0000] {dag.py:3047} INFO - Sync 1 DAGs
[2024-03-21T01:38:23.849+0000] {logging_mixin.py:188} INFO - [2024-03-21T01:38:23.849+0000] {dag.py:3834} INFO - Setting next_dagrun for example_python_decorator to None, run_after=None
[2024-03-21T01:38:23.876+0000] {processor.py:183} INFO - Processing /home/airflow/.local/lib/python3.8/site-packages/airflow/example_dags/example_python_decorator.py took 0.097 seconds
