[2024-03-21T00:09:31.869+0000] {processor.py:161} INFO - Started process (PID=63) to work on /home/airflow/.local/lib/python3.8/site-packages/airflow/example_dags/example_sensor_decorator.py
[2024-03-21T00:09:31.875+0000] {processor.py:830} INFO - Processing file /home/airflow/.local/lib/python3.8/site-packages/airflow/example_dags/example_sensor_decorator.py for tasks to queue
[2024-03-21T00:09:31.896+0000] {logging_mixin.py:188} INFO - [2024-03-21T00:09:31.893+0000] {dagbag.py:540} INFO - Filling up the DagBag from /home/airflow/.local/lib/python3.8/site-packages/airflow/example_dags/example_sensor_decorator.py
[2024-03-21T00:09:31.918+0000] {processor.py:840} INFO - DAG(s) 'example_sensor_decorator' retrieved from /home/airflow/.local/lib/python3.8/site-packages/airflow/example_dags/example_sensor_decorator.py
[2024-03-21T00:09:31.981+0000] {logging_mixin.py:188} INFO - [2024-03-21T00:09:31.981+0000] {dag.py:3047} INFO - Sync 1 DAGs
[2024-03-21T00:09:32.067+0000] {logging_mixin.py:188} INFO - [2024-03-21T00:09:32.067+0000] {dag.py:3834} INFO - Setting next_dagrun for example_sensor_decorator to None, run_after=None
[2024-03-21T00:09:32.184+0000] {processor.py:183} INFO - Processing /home/airflow/.local/lib/python3.8/site-packages/airflow/example_dags/example_sensor_decorator.py took 0.378 seconds
[2024-03-21T00:10:03.144+0000] {processor.py:161} INFO - Started process (PID=118) to work on /home/airflow/.local/lib/python3.8/site-packages/airflow/example_dags/example_sensor_decorator.py
[2024-03-21T00:10:03.146+0000] {processor.py:830} INFO - Processing file /home/airflow/.local/lib/python3.8/site-packages/airflow/example_dags/example_sensor_decorator.py for tasks to queue
[2024-03-21T00:10:03.147+0000] {logging_mixin.py:188} INFO - [2024-03-21T00:10:03.147+0000] {dagbag.py:540} INFO - Filling up the DagBag from /home/airflow/.local/lib/python3.8/site-packages/airflow/example_dags/example_sensor_decorator.py
[2024-03-21T00:10:03.155+0000] {processor.py:840} INFO - DAG(s) 'example_sensor_decorator' retrieved from /home/airflow/.local/lib/python3.8/site-packages/airflow/example_dags/example_sensor_decorator.py
[2024-03-21T00:10:03.435+0000] {logging_mixin.py:188} INFO - [2024-03-21T00:10:03.435+0000] {dag.py:3047} INFO - Sync 1 DAGs
[2024-03-21T00:10:03.474+0000] {logging_mixin.py:188} INFO - [2024-03-21T00:10:03.474+0000] {dag.py:3834} INFO - Setting next_dagrun for example_sensor_decorator to None, run_after=None
[2024-03-21T00:10:03.513+0000] {processor.py:183} INFO - Processing /home/airflow/.local/lib/python3.8/site-packages/airflow/example_dags/example_sensor_decorator.py took 0.372 seconds
[2024-03-21T00:10:34.341+0000] {processor.py:161} INFO - Started process (PID=173) to work on /home/airflow/.local/lib/python3.8/site-packages/airflow/example_dags/example_sensor_decorator.py
[2024-03-21T00:10:34.342+0000] {processor.py:830} INFO - Processing file /home/airflow/.local/lib/python3.8/site-packages/airflow/example_dags/example_sensor_decorator.py for tasks to queue
[2024-03-21T00:10:34.344+0000] {logging_mixin.py:188} INFO - [2024-03-21T00:10:34.344+0000] {dagbag.py:540} INFO - Filling up the DagBag from /home/airflow/.local/lib/python3.8/site-packages/airflow/example_dags/example_sensor_decorator.py
[2024-03-21T00:10:34.350+0000] {processor.py:840} INFO - DAG(s) 'example_sensor_decorator' retrieved from /home/airflow/.local/lib/python3.8/site-packages/airflow/example_dags/example_sensor_decorator.py
[2024-03-21T00:10:34.372+0000] {logging_mixin.py:188} INFO - [2024-03-21T00:10:34.372+0000] {dag.py:3047} INFO - Sync 1 DAGs
[2024-03-21T00:10:34.385+0000] {logging_mixin.py:188} INFO - [2024-03-21T00:10:34.385+0000] {dag.py:3834} INFO - Setting next_dagrun for example_sensor_decorator to None, run_after=None
[2024-03-21T00:10:34.407+0000] {processor.py:183} INFO - Processing /home/airflow/.local/lib/python3.8/site-packages/airflow/example_dags/example_sensor_decorator.py took 0.069 seconds
[2024-03-21T00:17:06.553+0000] {processor.py:161} INFO - Started process (PID=70) to work on /home/airflow/.local/lib/python3.8/site-packages/airflow/example_dags/example_sensor_decorator.py
[2024-03-21T00:17:06.555+0000] {processor.py:830} INFO - Processing file /home/airflow/.local/lib/python3.8/site-packages/airflow/example_dags/example_sensor_decorator.py for tasks to queue
[2024-03-21T00:17:06.558+0000] {logging_mixin.py:188} INFO - [2024-03-21T00:17:06.558+0000] {dagbag.py:540} INFO - Filling up the DagBag from /home/airflow/.local/lib/python3.8/site-packages/airflow/example_dags/example_sensor_decorator.py
[2024-03-21T00:17:06.573+0000] {processor.py:840} INFO - DAG(s) 'example_sensor_decorator' retrieved from /home/airflow/.local/lib/python3.8/site-packages/airflow/example_dags/example_sensor_decorator.py
[2024-03-21T00:17:06.775+0000] {logging_mixin.py:188} INFO - [2024-03-21T00:17:06.774+0000] {dag.py:3047} INFO - Sync 1 DAGs
[2024-03-21T00:17:06.796+0000] {logging_mixin.py:188} INFO - [2024-03-21T00:17:06.795+0000] {dag.py:3834} INFO - Setting next_dagrun for example_sensor_decorator to None, run_after=None
[2024-03-21T00:17:06.836+0000] {processor.py:183} INFO - Processing /home/airflow/.local/lib/python3.8/site-packages/airflow/example_dags/example_sensor_decorator.py took 0.289 seconds
[2024-03-21T00:17:37.843+0000] {processor.py:161} INFO - Started process (PID=125) to work on /home/airflow/.local/lib/python3.8/site-packages/airflow/example_dags/example_sensor_decorator.py
[2024-03-21T00:17:37.845+0000] {processor.py:830} INFO - Processing file /home/airflow/.local/lib/python3.8/site-packages/airflow/example_dags/example_sensor_decorator.py for tasks to queue
[2024-03-21T00:17:37.847+0000] {logging_mixin.py:188} INFO - [2024-03-21T00:17:37.847+0000] {dagbag.py:540} INFO - Filling up the DagBag from /home/airflow/.local/lib/python3.8/site-packages/airflow/example_dags/example_sensor_decorator.py
[2024-03-21T00:17:37.854+0000] {processor.py:840} INFO - DAG(s) 'example_sensor_decorator' retrieved from /home/airflow/.local/lib/python3.8/site-packages/airflow/example_dags/example_sensor_decorator.py
[2024-03-21T00:17:37.881+0000] {logging_mixin.py:188} INFO - [2024-03-21T00:17:37.881+0000] {dag.py:3047} INFO - Sync 1 DAGs
[2024-03-21T00:17:37.900+0000] {logging_mixin.py:188} INFO - [2024-03-21T00:17:37.899+0000] {dag.py:3834} INFO - Setting next_dagrun for example_sensor_decorator to None, run_after=None
[2024-03-21T00:17:37.926+0000] {processor.py:183} INFO - Processing /home/airflow/.local/lib/python3.8/site-packages/airflow/example_dags/example_sensor_decorator.py took 0.086 seconds
[2024-03-21T00:18:08.283+0000] {processor.py:161} INFO - Started process (PID=180) to work on /home/airflow/.local/lib/python3.8/site-packages/airflow/example_dags/example_sensor_decorator.py
[2024-03-21T00:18:08.284+0000] {processor.py:830} INFO - Processing file /home/airflow/.local/lib/python3.8/site-packages/airflow/example_dags/example_sensor_decorator.py for tasks to queue
[2024-03-21T00:18:08.286+0000] {logging_mixin.py:188} INFO - [2024-03-21T00:18:08.286+0000] {dagbag.py:540} INFO - Filling up the DagBag from /home/airflow/.local/lib/python3.8/site-packages/airflow/example_dags/example_sensor_decorator.py
[2024-03-21T00:18:08.292+0000] {processor.py:840} INFO - DAG(s) 'example_sensor_decorator' retrieved from /home/airflow/.local/lib/python3.8/site-packages/airflow/example_dags/example_sensor_decorator.py
[2024-03-21T00:18:08.313+0000] {logging_mixin.py:188} INFO - [2024-03-21T00:18:08.313+0000] {dag.py:3047} INFO - Sync 1 DAGs
[2024-03-21T00:18:08.330+0000] {logging_mixin.py:188} INFO - [2024-03-21T00:18:08.329+0000] {dag.py:3834} INFO - Setting next_dagrun for example_sensor_decorator to None, run_after=None
[2024-03-21T00:18:08.359+0000] {processor.py:183} INFO - Processing /home/airflow/.local/lib/python3.8/site-packages/airflow/example_dags/example_sensor_decorator.py took 0.079 seconds
[2024-03-21T00:18:38.871+0000] {processor.py:161} INFO - Started process (PID=235) to work on /home/airflow/.local/lib/python3.8/site-packages/airflow/example_dags/example_sensor_decorator.py
[2024-03-21T00:18:38.872+0000] {processor.py:830} INFO - Processing file /home/airflow/.local/lib/python3.8/site-packages/airflow/example_dags/example_sensor_decorator.py for tasks to queue
[2024-03-21T00:18:38.874+0000] {logging_mixin.py:188} INFO - [2024-03-21T00:18:38.874+0000] {dagbag.py:540} INFO - Filling up the DagBag from /home/airflow/.local/lib/python3.8/site-packages/airflow/example_dags/example_sensor_decorator.py
[2024-03-21T00:18:38.881+0000] {processor.py:840} INFO - DAG(s) 'example_sensor_decorator' retrieved from /home/airflow/.local/lib/python3.8/site-packages/airflow/example_dags/example_sensor_decorator.py
[2024-03-21T00:18:38.908+0000] {logging_mixin.py:188} INFO - [2024-03-21T00:18:38.907+0000] {dag.py:3047} INFO - Sync 1 DAGs
[2024-03-21T00:18:38.921+0000] {logging_mixin.py:188} INFO - [2024-03-21T00:18:38.921+0000] {dag.py:3834} INFO - Setting next_dagrun for example_sensor_decorator to None, run_after=None
[2024-03-21T00:18:38.945+0000] {processor.py:183} INFO - Processing /home/airflow/.local/lib/python3.8/site-packages/airflow/example_dags/example_sensor_decorator.py took 0.078 seconds
[2024-03-21T00:19:09.472+0000] {processor.py:161} INFO - Started process (PID=290) to work on /home/airflow/.local/lib/python3.8/site-packages/airflow/example_dags/example_sensor_decorator.py
[2024-03-21T00:19:09.475+0000] {processor.py:830} INFO - Processing file /home/airflow/.local/lib/python3.8/site-packages/airflow/example_dags/example_sensor_decorator.py for tasks to queue
[2024-03-21T00:19:09.477+0000] {logging_mixin.py:188} INFO - [2024-03-21T00:19:09.477+0000] {dagbag.py:540} INFO - Filling up the DagBag from /home/airflow/.local/lib/python3.8/site-packages/airflow/example_dags/example_sensor_decorator.py
[2024-03-21T00:19:09.483+0000] {processor.py:840} INFO - DAG(s) 'example_sensor_decorator' retrieved from /home/airflow/.local/lib/python3.8/site-packages/airflow/example_dags/example_sensor_decorator.py
[2024-03-21T00:19:09.504+0000] {logging_mixin.py:188} INFO - [2024-03-21T00:19:09.504+0000] {dag.py:3047} INFO - Sync 1 DAGs
[2024-03-21T00:19:09.516+0000] {logging_mixin.py:188} INFO - [2024-03-21T00:19:09.516+0000] {dag.py:3834} INFO - Setting next_dagrun for example_sensor_decorator to None, run_after=None
[2024-03-21T00:19:09.538+0000] {processor.py:183} INFO - Processing /home/airflow/.local/lib/python3.8/site-packages/airflow/example_dags/example_sensor_decorator.py took 0.070 seconds
[2024-03-21T00:19:39.797+0000] {processor.py:161} INFO - Started process (PID=345) to work on /home/airflow/.local/lib/python3.8/site-packages/airflow/example_dags/example_sensor_decorator.py
[2024-03-21T00:19:39.799+0000] {processor.py:830} INFO - Processing file /home/airflow/.local/lib/python3.8/site-packages/airflow/example_dags/example_sensor_decorator.py for tasks to queue
[2024-03-21T00:19:39.801+0000] {logging_mixin.py:188} INFO - [2024-03-21T00:19:39.801+0000] {dagbag.py:540} INFO - Filling up the DagBag from /home/airflow/.local/lib/python3.8/site-packages/airflow/example_dags/example_sensor_decorator.py
[2024-03-21T00:19:39.806+0000] {processor.py:840} INFO - DAG(s) 'example_sensor_decorator' retrieved from /home/airflow/.local/lib/python3.8/site-packages/airflow/example_dags/example_sensor_decorator.py
[2024-03-21T00:19:39.829+0000] {logging_mixin.py:188} INFO - [2024-03-21T00:19:39.829+0000] {dag.py:3047} INFO - Sync 1 DAGs
[2024-03-21T00:19:39.841+0000] {logging_mixin.py:188} INFO - [2024-03-21T00:19:39.840+0000] {dag.py:3834} INFO - Setting next_dagrun for example_sensor_decorator to None, run_after=None
[2024-03-21T00:19:39.863+0000] {processor.py:183} INFO - Processing /home/airflow/.local/lib/python3.8/site-packages/airflow/example_dags/example_sensor_decorator.py took 0.070 seconds
[2024-03-21T00:20:10.331+0000] {processor.py:161} INFO - Started process (PID=400) to work on /home/airflow/.local/lib/python3.8/site-packages/airflow/example_dags/example_sensor_decorator.py
[2024-03-21T00:20:10.333+0000] {processor.py:830} INFO - Processing file /home/airflow/.local/lib/python3.8/site-packages/airflow/example_dags/example_sensor_decorator.py for tasks to queue
[2024-03-21T00:20:10.335+0000] {logging_mixin.py:188} INFO - [2024-03-21T00:20:10.335+0000] {dagbag.py:540} INFO - Filling up the DagBag from /home/airflow/.local/lib/python3.8/site-packages/airflow/example_dags/example_sensor_decorator.py
[2024-03-21T00:20:10.341+0000] {processor.py:840} INFO - DAG(s) 'example_sensor_decorator' retrieved from /home/airflow/.local/lib/python3.8/site-packages/airflow/example_dags/example_sensor_decorator.py
[2024-03-21T00:20:10.365+0000] {logging_mixin.py:188} INFO - [2024-03-21T00:20:10.365+0000] {dag.py:3047} INFO - Sync 1 DAGs
[2024-03-21T00:20:10.379+0000] {logging_mixin.py:188} INFO - [2024-03-21T00:20:10.379+0000] {dag.py:3834} INFO - Setting next_dagrun for example_sensor_decorator to None, run_after=None
[2024-03-21T00:20:10.400+0000] {processor.py:183} INFO - Processing /home/airflow/.local/lib/python3.8/site-packages/airflow/example_dags/example_sensor_decorator.py took 0.073 seconds
[2024-03-21T00:20:40.644+0000] {processor.py:161} INFO - Started process (PID=455) to work on /home/airflow/.local/lib/python3.8/site-packages/airflow/example_dags/example_sensor_decorator.py
[2024-03-21T00:20:40.647+0000] {processor.py:830} INFO - Processing file /home/airflow/.local/lib/python3.8/site-packages/airflow/example_dags/example_sensor_decorator.py for tasks to queue
[2024-03-21T00:20:40.648+0000] {logging_mixin.py:188} INFO - [2024-03-21T00:20:40.648+0000] {dagbag.py:540} INFO - Filling up the DagBag from /home/airflow/.local/lib/python3.8/site-packages/airflow/example_dags/example_sensor_decorator.py
[2024-03-21T00:20:40.653+0000] {processor.py:840} INFO - DAG(s) 'example_sensor_decorator' retrieved from /home/airflow/.local/lib/python3.8/site-packages/airflow/example_dags/example_sensor_decorator.py
[2024-03-21T00:20:40.673+0000] {logging_mixin.py:188} INFO - [2024-03-21T00:20:40.672+0000] {dag.py:3047} INFO - Sync 1 DAGs
[2024-03-21T00:20:40.684+0000] {logging_mixin.py:188} INFO - [2024-03-21T00:20:40.684+0000] {dag.py:3834} INFO - Setting next_dagrun for example_sensor_decorator to None, run_after=None
[2024-03-21T00:20:40.705+0000] {processor.py:183} INFO - Processing /home/airflow/.local/lib/python3.8/site-packages/airflow/example_dags/example_sensor_decorator.py took 0.064 seconds
[2024-03-21T00:21:10.976+0000] {processor.py:161} INFO - Started process (PID=510) to work on /home/airflow/.local/lib/python3.8/site-packages/airflow/example_dags/example_sensor_decorator.py
[2024-03-21T00:21:10.977+0000] {processor.py:830} INFO - Processing file /home/airflow/.local/lib/python3.8/site-packages/airflow/example_dags/example_sensor_decorator.py for tasks to queue
[2024-03-21T00:21:10.979+0000] {logging_mixin.py:188} INFO - [2024-03-21T00:21:10.978+0000] {dagbag.py:540} INFO - Filling up the DagBag from /home/airflow/.local/lib/python3.8/site-packages/airflow/example_dags/example_sensor_decorator.py
[2024-03-21T00:21:10.985+0000] {processor.py:840} INFO - DAG(s) 'example_sensor_decorator' retrieved from /home/airflow/.local/lib/python3.8/site-packages/airflow/example_dags/example_sensor_decorator.py
[2024-03-21T00:21:11.006+0000] {logging_mixin.py:188} INFO - [2024-03-21T00:21:11.006+0000] {dag.py:3047} INFO - Sync 1 DAGs
[2024-03-21T00:21:11.018+0000] {logging_mixin.py:188} INFO - [2024-03-21T00:21:11.018+0000] {dag.py:3834} INFO - Setting next_dagrun for example_sensor_decorator to None, run_after=None
[2024-03-21T00:21:11.039+0000] {processor.py:183} INFO - Processing /home/airflow/.local/lib/python3.8/site-packages/airflow/example_dags/example_sensor_decorator.py took 0.067 seconds
[2024-03-21T00:21:41.344+0000] {processor.py:161} INFO - Started process (PID=565) to work on /home/airflow/.local/lib/python3.8/site-packages/airflow/example_dags/example_sensor_decorator.py
[2024-03-21T00:21:41.345+0000] {processor.py:830} INFO - Processing file /home/airflow/.local/lib/python3.8/site-packages/airflow/example_dags/example_sensor_decorator.py for tasks to queue
[2024-03-21T00:21:41.347+0000] {logging_mixin.py:188} INFO - [2024-03-21T00:21:41.347+0000] {dagbag.py:540} INFO - Filling up the DagBag from /home/airflow/.local/lib/python3.8/site-packages/airflow/example_dags/example_sensor_decorator.py
[2024-03-21T00:21:41.353+0000] {processor.py:840} INFO - DAG(s) 'example_sensor_decorator' retrieved from /home/airflow/.local/lib/python3.8/site-packages/airflow/example_dags/example_sensor_decorator.py
[2024-03-21T00:21:41.376+0000] {logging_mixin.py:188} INFO - [2024-03-21T00:21:41.376+0000] {dag.py:3047} INFO - Sync 1 DAGs
[2024-03-21T00:21:41.390+0000] {logging_mixin.py:188} INFO - [2024-03-21T00:21:41.389+0000] {dag.py:3834} INFO - Setting next_dagrun for example_sensor_decorator to None, run_after=None
[2024-03-21T00:21:41.414+0000] {processor.py:183} INFO - Processing /home/airflow/.local/lib/python3.8/site-packages/airflow/example_dags/example_sensor_decorator.py took 0.073 seconds
[2024-03-21T01:13:20.491+0000] {processor.py:161} INFO - Started process (PID=59) to work on /home/airflow/.local/lib/python3.8/site-packages/airflow/example_dags/example_sensor_decorator.py
[2024-03-21T01:13:20.492+0000] {processor.py:830} INFO - Processing file /home/airflow/.local/lib/python3.8/site-packages/airflow/example_dags/example_sensor_decorator.py for tasks to queue
[2024-03-21T01:13:20.494+0000] {logging_mixin.py:188} INFO - [2024-03-21T01:13:20.494+0000] {dagbag.py:540} INFO - Filling up the DagBag from /home/airflow/.local/lib/python3.8/site-packages/airflow/example_dags/example_sensor_decorator.py
[2024-03-21T01:13:20.504+0000] {processor.py:840} INFO - DAG(s) 'example_sensor_decorator' retrieved from /home/airflow/.local/lib/python3.8/site-packages/airflow/example_dags/example_sensor_decorator.py
[2024-03-21T01:13:20.530+0000] {logging_mixin.py:188} INFO - [2024-03-21T01:13:20.530+0000] {dag.py:3047} INFO - Sync 1 DAGs
[2024-03-21T01:13:20.552+0000] {logging_mixin.py:188} INFO - [2024-03-21T01:13:20.552+0000] {dag.py:3834} INFO - Setting next_dagrun for example_sensor_decorator to None, run_after=None
[2024-03-21T01:13:20.575+0000] {processor.py:183} INFO - Processing /home/airflow/.local/lib/python3.8/site-packages/airflow/example_dags/example_sensor_decorator.py took 0.088 seconds
[2024-03-21T01:13:50.625+0000] {processor.py:161} INFO - Started process (PID=114) to work on /home/airflow/.local/lib/python3.8/site-packages/airflow/example_dags/example_sensor_decorator.py
[2024-03-21T01:13:50.627+0000] {processor.py:830} INFO - Processing file /home/airflow/.local/lib/python3.8/site-packages/airflow/example_dags/example_sensor_decorator.py for tasks to queue
[2024-03-21T01:13:50.628+0000] {logging_mixin.py:188} INFO - [2024-03-21T01:13:50.628+0000] {dagbag.py:540} INFO - Filling up the DagBag from /home/airflow/.local/lib/python3.8/site-packages/airflow/example_dags/example_sensor_decorator.py
[2024-03-21T01:13:50.633+0000] {processor.py:840} INFO - DAG(s) 'example_sensor_decorator' retrieved from /home/airflow/.local/lib/python3.8/site-packages/airflow/example_dags/example_sensor_decorator.py
[2024-03-21T01:13:50.652+0000] {logging_mixin.py:188} INFO - [2024-03-21T01:13:50.651+0000] {dag.py:3047} INFO - Sync 1 DAGs
[2024-03-21T01:13:50.666+0000] {logging_mixin.py:188} INFO - [2024-03-21T01:13:50.665+0000] {dag.py:3834} INFO - Setting next_dagrun for example_sensor_decorator to None, run_after=None
[2024-03-21T01:13:50.686+0000] {processor.py:183} INFO - Processing /home/airflow/.local/lib/python3.8/site-packages/airflow/example_dags/example_sensor_decorator.py took 0.065 seconds
[2024-03-21T01:14:21.127+0000] {processor.py:161} INFO - Started process (PID=169) to work on /home/airflow/.local/lib/python3.8/site-packages/airflow/example_dags/example_sensor_decorator.py
[2024-03-21T01:14:21.129+0000] {processor.py:830} INFO - Processing file /home/airflow/.local/lib/python3.8/site-packages/airflow/example_dags/example_sensor_decorator.py for tasks to queue
[2024-03-21T01:14:21.131+0000] {logging_mixin.py:188} INFO - [2024-03-21T01:14:21.131+0000] {dagbag.py:540} INFO - Filling up the DagBag from /home/airflow/.local/lib/python3.8/site-packages/airflow/example_dags/example_sensor_decorator.py
[2024-03-21T01:14:21.139+0000] {processor.py:840} INFO - DAG(s) 'example_sensor_decorator' retrieved from /home/airflow/.local/lib/python3.8/site-packages/airflow/example_dags/example_sensor_decorator.py
[2024-03-21T01:14:21.161+0000] {logging_mixin.py:188} INFO - [2024-03-21T01:14:21.160+0000] {dag.py:3047} INFO - Sync 1 DAGs
[2024-03-21T01:14:21.174+0000] {logging_mixin.py:188} INFO - [2024-03-21T01:14:21.174+0000] {dag.py:3834} INFO - Setting next_dagrun for example_sensor_decorator to None, run_after=None
[2024-03-21T01:14:21.197+0000] {processor.py:183} INFO - Processing /home/airflow/.local/lib/python3.8/site-packages/airflow/example_dags/example_sensor_decorator.py took 0.073 seconds
[2024-03-21T01:14:52.878+0000] {processor.py:161} INFO - Started process (PID=224) to work on /home/airflow/.local/lib/python3.8/site-packages/airflow/example_dags/example_sensor_decorator.py
[2024-03-21T01:14:52.885+0000] {processor.py:830} INFO - Processing file /home/airflow/.local/lib/python3.8/site-packages/airflow/example_dags/example_sensor_decorator.py for tasks to queue
[2024-03-21T01:14:52.895+0000] {logging_mixin.py:188} INFO - [2024-03-21T01:14:52.889+0000] {dagbag.py:540} INFO - Filling up the DagBag from /home/airflow/.local/lib/python3.8/site-packages/airflow/example_dags/example_sensor_decorator.py
[2024-03-21T01:14:52.936+0000] {processor.py:840} INFO - DAG(s) 'example_sensor_decorator' retrieved from /home/airflow/.local/lib/python3.8/site-packages/airflow/example_dags/example_sensor_decorator.py
[2024-03-21T01:14:53.048+0000] {logging_mixin.py:188} INFO - [2024-03-21T01:14:53.045+0000] {dag.py:3047} INFO - Sync 1 DAGs
[2024-03-21T01:14:53.210+0000] {logging_mixin.py:188} INFO - [2024-03-21T01:14:53.209+0000] {dag.py:3834} INFO - Setting next_dagrun for example_sensor_decorator to None, run_after=None
[2024-03-21T01:14:53.353+0000] {processor.py:183} INFO - Processing /home/airflow/.local/lib/python3.8/site-packages/airflow/example_dags/example_sensor_decorator.py took 0.497 seconds
[2024-03-21T01:15:27.881+0000] {processor.py:161} INFO - Started process (PID=279) to work on /home/airflow/.local/lib/python3.8/site-packages/airflow/example_dags/example_sensor_decorator.py
[2024-03-21T01:15:27.883+0000] {processor.py:830} INFO - Processing file /home/airflow/.local/lib/python3.8/site-packages/airflow/example_dags/example_sensor_decorator.py for tasks to queue
[2024-03-21T01:15:27.890+0000] {logging_mixin.py:188} INFO - [2024-03-21T01:15:27.888+0000] {dagbag.py:540} INFO - Filling up the DagBag from /home/airflow/.local/lib/python3.8/site-packages/airflow/example_dags/example_sensor_decorator.py
[2024-03-21T01:15:27.906+0000] {processor.py:840} INFO - DAG(s) 'example_sensor_decorator' retrieved from /home/airflow/.local/lib/python3.8/site-packages/airflow/example_dags/example_sensor_decorator.py
[2024-03-21T01:15:27.977+0000] {logging_mixin.py:188} INFO - [2024-03-21T01:15:27.976+0000] {dag.py:3047} INFO - Sync 1 DAGs
[2024-03-21T01:15:28.021+0000] {logging_mixin.py:188} INFO - [2024-03-21T01:15:28.020+0000] {dag.py:3834} INFO - Setting next_dagrun for example_sensor_decorator to None, run_after=None
[2024-03-21T01:15:28.071+0000] {processor.py:183} INFO - Processing /home/airflow/.local/lib/python3.8/site-packages/airflow/example_dags/example_sensor_decorator.py took 0.202 seconds
[2024-03-21T01:15:58.337+0000] {processor.py:161} INFO - Started process (PID=334) to work on /home/airflow/.local/lib/python3.8/site-packages/airflow/example_dags/example_sensor_decorator.py
[2024-03-21T01:15:58.338+0000] {processor.py:830} INFO - Processing file /home/airflow/.local/lib/python3.8/site-packages/airflow/example_dags/example_sensor_decorator.py for tasks to queue
[2024-03-21T01:15:58.340+0000] {logging_mixin.py:188} INFO - [2024-03-21T01:15:58.340+0000] {dagbag.py:540} INFO - Filling up the DagBag from /home/airflow/.local/lib/python3.8/site-packages/airflow/example_dags/example_sensor_decorator.py
[2024-03-21T01:15:58.346+0000] {processor.py:840} INFO - DAG(s) 'example_sensor_decorator' retrieved from /home/airflow/.local/lib/python3.8/site-packages/airflow/example_dags/example_sensor_decorator.py
[2024-03-21T01:15:58.358+0000] {logging_mixin.py:188} INFO - [2024-03-21T01:15:58.358+0000] {dag.py:3047} INFO - Sync 1 DAGs
[2024-03-21T01:15:58.376+0000] {logging_mixin.py:188} INFO - [2024-03-21T01:15:58.376+0000] {dag.py:3834} INFO - Setting next_dagrun for example_sensor_decorator to None, run_after=None
[2024-03-21T01:15:58.403+0000] {processor.py:183} INFO - Processing /home/airflow/.local/lib/python3.8/site-packages/airflow/example_dags/example_sensor_decorator.py took 0.069 seconds
[2024-03-21T01:16:29.205+0000] {processor.py:161} INFO - Started process (PID=394) to work on /home/airflow/.local/lib/python3.8/site-packages/airflow/example_dags/example_sensor_decorator.py
[2024-03-21T01:16:29.206+0000] {processor.py:830} INFO - Processing file /home/airflow/.local/lib/python3.8/site-packages/airflow/example_dags/example_sensor_decorator.py for tasks to queue
[2024-03-21T01:16:29.208+0000] {logging_mixin.py:188} INFO - [2024-03-21T01:16:29.208+0000] {dagbag.py:540} INFO - Filling up the DagBag from /home/airflow/.local/lib/python3.8/site-packages/airflow/example_dags/example_sensor_decorator.py
[2024-03-21T01:16:29.213+0000] {processor.py:840} INFO - DAG(s) 'example_sensor_decorator' retrieved from /home/airflow/.local/lib/python3.8/site-packages/airflow/example_dags/example_sensor_decorator.py
[2024-03-21T01:16:29.335+0000] {logging_mixin.py:188} INFO - [2024-03-21T01:16:29.334+0000] {dag.py:3047} INFO - Sync 1 DAGs
[2024-03-21T01:16:29.347+0000] {logging_mixin.py:188} INFO - [2024-03-21T01:16:29.347+0000] {dag.py:3834} INFO - Setting next_dagrun for example_sensor_decorator to None, run_after=None
[2024-03-21T01:16:29.370+0000] {processor.py:183} INFO - Processing /home/airflow/.local/lib/python3.8/site-packages/airflow/example_dags/example_sensor_decorator.py took 0.168 seconds
[2024-03-21T01:17:01.576+0000] {processor.py:161} INFO - Started process (PID=448) to work on /home/airflow/.local/lib/python3.8/site-packages/airflow/example_dags/example_sensor_decorator.py
[2024-03-21T01:17:01.584+0000] {processor.py:830} INFO - Processing file /home/airflow/.local/lib/python3.8/site-packages/airflow/example_dags/example_sensor_decorator.py for tasks to queue
[2024-03-21T01:17:01.592+0000] {logging_mixin.py:188} INFO - [2024-03-21T01:17:01.591+0000] {dagbag.py:540} INFO - Filling up the DagBag from /home/airflow/.local/lib/python3.8/site-packages/airflow/example_dags/example_sensor_decorator.py
[2024-03-21T01:17:01.611+0000] {processor.py:840} INFO - DAG(s) 'example_sensor_decorator' retrieved from /home/airflow/.local/lib/python3.8/site-packages/airflow/example_dags/example_sensor_decorator.py
[2024-03-21T01:17:01.704+0000] {logging_mixin.py:188} INFO - [2024-03-21T01:17:01.704+0000] {dag.py:3047} INFO - Sync 1 DAGs
[2024-03-21T01:17:01.738+0000] {logging_mixin.py:188} INFO - [2024-03-21T01:17:01.737+0000] {dag.py:3834} INFO - Setting next_dagrun for example_sensor_decorator to None, run_after=None
[2024-03-21T01:17:01.798+0000] {processor.py:183} INFO - Processing /home/airflow/.local/lib/python3.8/site-packages/airflow/example_dags/example_sensor_decorator.py took 0.235 seconds
[2024-03-21T01:17:32.627+0000] {processor.py:161} INFO - Started process (PID=503) to work on /home/airflow/.local/lib/python3.8/site-packages/airflow/example_dags/example_sensor_decorator.py
[2024-03-21T01:17:32.628+0000] {processor.py:830} INFO - Processing file /home/airflow/.local/lib/python3.8/site-packages/airflow/example_dags/example_sensor_decorator.py for tasks to queue
[2024-03-21T01:17:32.630+0000] {logging_mixin.py:188} INFO - [2024-03-21T01:17:32.629+0000] {dagbag.py:540} INFO - Filling up the DagBag from /home/airflow/.local/lib/python3.8/site-packages/airflow/example_dags/example_sensor_decorator.py
[2024-03-21T01:17:32.635+0000] {processor.py:840} INFO - DAG(s) 'example_sensor_decorator' retrieved from /home/airflow/.local/lib/python3.8/site-packages/airflow/example_dags/example_sensor_decorator.py
[2024-03-21T01:17:32.656+0000] {logging_mixin.py:188} INFO - [2024-03-21T01:17:32.656+0000] {dag.py:3047} INFO - Sync 1 DAGs
[2024-03-21T01:17:32.669+0000] {logging_mixin.py:188} INFO - [2024-03-21T01:17:32.669+0000] {dag.py:3834} INFO - Setting next_dagrun for example_sensor_decorator to None, run_after=None
[2024-03-21T01:17:32.693+0000] {processor.py:183} INFO - Processing /home/airflow/.local/lib/python3.8/site-packages/airflow/example_dags/example_sensor_decorator.py took 0.070 seconds
[2024-03-21T01:18:03.390+0000] {processor.py:161} INFO - Started process (PID=558) to work on /home/airflow/.local/lib/python3.8/site-packages/airflow/example_dags/example_sensor_decorator.py
[2024-03-21T01:18:03.392+0000] {processor.py:830} INFO - Processing file /home/airflow/.local/lib/python3.8/site-packages/airflow/example_dags/example_sensor_decorator.py for tasks to queue
[2024-03-21T01:18:03.393+0000] {logging_mixin.py:188} INFO - [2024-03-21T01:18:03.393+0000] {dagbag.py:540} INFO - Filling up the DagBag from /home/airflow/.local/lib/python3.8/site-packages/airflow/example_dags/example_sensor_decorator.py
[2024-03-21T01:18:03.398+0000] {processor.py:840} INFO - DAG(s) 'example_sensor_decorator' retrieved from /home/airflow/.local/lib/python3.8/site-packages/airflow/example_dags/example_sensor_decorator.py
[2024-03-21T01:18:03.418+0000] {logging_mixin.py:188} INFO - [2024-03-21T01:18:03.418+0000] {dag.py:3047} INFO - Sync 1 DAGs
[2024-03-21T01:18:03.432+0000] {logging_mixin.py:188} INFO - [2024-03-21T01:18:03.431+0000] {dag.py:3834} INFO - Setting next_dagrun for example_sensor_decorator to None, run_after=None
[2024-03-21T01:18:03.455+0000] {processor.py:183} INFO - Processing /home/airflow/.local/lib/python3.8/site-packages/airflow/example_dags/example_sensor_decorator.py took 0.068 seconds
[2024-03-21T01:18:34.172+0000] {processor.py:161} INFO - Started process (PID=613) to work on /home/airflow/.local/lib/python3.8/site-packages/airflow/example_dags/example_sensor_decorator.py
[2024-03-21T01:18:34.173+0000] {processor.py:830} INFO - Processing file /home/airflow/.local/lib/python3.8/site-packages/airflow/example_dags/example_sensor_decorator.py for tasks to queue
[2024-03-21T01:18:34.175+0000] {logging_mixin.py:188} INFO - [2024-03-21T01:18:34.175+0000] {dagbag.py:540} INFO - Filling up the DagBag from /home/airflow/.local/lib/python3.8/site-packages/airflow/example_dags/example_sensor_decorator.py
[2024-03-21T01:18:34.181+0000] {processor.py:840} INFO - DAG(s) 'example_sensor_decorator' retrieved from /home/airflow/.local/lib/python3.8/site-packages/airflow/example_dags/example_sensor_decorator.py
[2024-03-21T01:18:34.202+0000] {logging_mixin.py:188} INFO - [2024-03-21T01:18:34.202+0000] {dag.py:3047} INFO - Sync 1 DAGs
[2024-03-21T01:18:34.216+0000] {logging_mixin.py:188} INFO - [2024-03-21T01:18:34.216+0000] {dag.py:3834} INFO - Setting next_dagrun for example_sensor_decorator to None, run_after=None
[2024-03-21T01:18:34.242+0000] {processor.py:183} INFO - Processing /home/airflow/.local/lib/python3.8/site-packages/airflow/example_dags/example_sensor_decorator.py took 0.074 seconds
[2024-03-21T01:19:05.032+0000] {processor.py:161} INFO - Started process (PID=668) to work on /home/airflow/.local/lib/python3.8/site-packages/airflow/example_dags/example_sensor_decorator.py
[2024-03-21T01:19:05.033+0000] {processor.py:830} INFO - Processing file /home/airflow/.local/lib/python3.8/site-packages/airflow/example_dags/example_sensor_decorator.py for tasks to queue
[2024-03-21T01:19:05.036+0000] {logging_mixin.py:188} INFO - [2024-03-21T01:19:05.035+0000] {dagbag.py:540} INFO - Filling up the DagBag from /home/airflow/.local/lib/python3.8/site-packages/airflow/example_dags/example_sensor_decorator.py
[2024-03-21T01:19:05.042+0000] {processor.py:840} INFO - DAG(s) 'example_sensor_decorator' retrieved from /home/airflow/.local/lib/python3.8/site-packages/airflow/example_dags/example_sensor_decorator.py
[2024-03-21T01:19:05.066+0000] {logging_mixin.py:188} INFO - [2024-03-21T01:19:05.066+0000] {dag.py:3047} INFO - Sync 1 DAGs
[2024-03-21T01:19:05.082+0000] {logging_mixin.py:188} INFO - [2024-03-21T01:19:05.081+0000] {dag.py:3834} INFO - Setting next_dagrun for example_sensor_decorator to None, run_after=None
[2024-03-21T01:19:05.108+0000] {processor.py:183} INFO - Processing /home/airflow/.local/lib/python3.8/site-packages/airflow/example_dags/example_sensor_decorator.py took 0.079 seconds
[2024-03-21T01:19:35.286+0000] {processor.py:161} INFO - Started process (PID=724) to work on /home/airflow/.local/lib/python3.8/site-packages/airflow/example_dags/example_sensor_decorator.py
[2024-03-21T01:19:35.288+0000] {processor.py:830} INFO - Processing file /home/airflow/.local/lib/python3.8/site-packages/airflow/example_dags/example_sensor_decorator.py for tasks to queue
[2024-03-21T01:19:35.289+0000] {logging_mixin.py:188} INFO - [2024-03-21T01:19:35.289+0000] {dagbag.py:540} INFO - Filling up the DagBag from /home/airflow/.local/lib/python3.8/site-packages/airflow/example_dags/example_sensor_decorator.py
[2024-03-21T01:19:35.295+0000] {processor.py:840} INFO - DAG(s) 'example_sensor_decorator' retrieved from /home/airflow/.local/lib/python3.8/site-packages/airflow/example_dags/example_sensor_decorator.py
[2024-03-21T01:19:35.317+0000] {logging_mixin.py:188} INFO - [2024-03-21T01:19:35.317+0000] {dag.py:3047} INFO - Sync 1 DAGs
[2024-03-21T01:19:35.337+0000] {logging_mixin.py:188} INFO - [2024-03-21T01:19:35.337+0000] {dag.py:3834} INFO - Setting next_dagrun for example_sensor_decorator to None, run_after=None
[2024-03-21T01:19:35.363+0000] {processor.py:183} INFO - Processing /home/airflow/.local/lib/python3.8/site-packages/airflow/example_dags/example_sensor_decorator.py took 0.079 seconds
[2024-03-21T01:20:05.900+0000] {processor.py:161} INFO - Started process (PID=779) to work on /home/airflow/.local/lib/python3.8/site-packages/airflow/example_dags/example_sensor_decorator.py
[2024-03-21T01:20:05.903+0000] {processor.py:830} INFO - Processing file /home/airflow/.local/lib/python3.8/site-packages/airflow/example_dags/example_sensor_decorator.py for tasks to queue
[2024-03-21T01:20:05.907+0000] {logging_mixin.py:188} INFO - [2024-03-21T01:20:05.906+0000] {dagbag.py:540} INFO - Filling up the DagBag from /home/airflow/.local/lib/python3.8/site-packages/airflow/example_dags/example_sensor_decorator.py
[2024-03-21T01:20:05.924+0000] {processor.py:840} INFO - DAG(s) 'example_sensor_decorator' retrieved from /home/airflow/.local/lib/python3.8/site-packages/airflow/example_dags/example_sensor_decorator.py
[2024-03-21T01:20:05.974+0000] {logging_mixin.py:188} INFO - [2024-03-21T01:20:05.974+0000] {dag.py:3047} INFO - Sync 1 DAGs
[2024-03-21T01:20:05.994+0000] {logging_mixin.py:188} INFO - [2024-03-21T01:20:05.993+0000] {dag.py:3834} INFO - Setting next_dagrun for example_sensor_decorator to None, run_after=None
[2024-03-21T01:20:06.026+0000] {processor.py:183} INFO - Processing /home/airflow/.local/lib/python3.8/site-packages/airflow/example_dags/example_sensor_decorator.py took 0.133 seconds
[2024-03-21T01:20:36.526+0000] {processor.py:161} INFO - Started process (PID=834) to work on /home/airflow/.local/lib/python3.8/site-packages/airflow/example_dags/example_sensor_decorator.py
[2024-03-21T01:20:36.527+0000] {processor.py:830} INFO - Processing file /home/airflow/.local/lib/python3.8/site-packages/airflow/example_dags/example_sensor_decorator.py for tasks to queue
[2024-03-21T01:20:36.529+0000] {logging_mixin.py:188} INFO - [2024-03-21T01:20:36.529+0000] {dagbag.py:540} INFO - Filling up the DagBag from /home/airflow/.local/lib/python3.8/site-packages/airflow/example_dags/example_sensor_decorator.py
[2024-03-21T01:20:36.536+0000] {processor.py:840} INFO - DAG(s) 'example_sensor_decorator' retrieved from /home/airflow/.local/lib/python3.8/site-packages/airflow/example_dags/example_sensor_decorator.py
[2024-03-21T01:20:36.559+0000] {logging_mixin.py:188} INFO - [2024-03-21T01:20:36.559+0000] {dag.py:3047} INFO - Sync 1 DAGs
[2024-03-21T01:20:36.573+0000] {logging_mixin.py:188} INFO - [2024-03-21T01:20:36.573+0000] {dag.py:3834} INFO - Setting next_dagrun for example_sensor_decorator to None, run_after=None
[2024-03-21T01:20:36.599+0000] {processor.py:183} INFO - Processing /home/airflow/.local/lib/python3.8/site-packages/airflow/example_dags/example_sensor_decorator.py took 0.077 seconds
[2024-03-21T01:21:07.256+0000] {processor.py:161} INFO - Started process (PID=888) to work on /home/airflow/.local/lib/python3.8/site-packages/airflow/example_dags/example_sensor_decorator.py
[2024-03-21T01:21:07.257+0000] {processor.py:830} INFO - Processing file /home/airflow/.local/lib/python3.8/site-packages/airflow/example_dags/example_sensor_decorator.py for tasks to queue
[2024-03-21T01:21:07.259+0000] {logging_mixin.py:188} INFO - [2024-03-21T01:21:07.259+0000] {dagbag.py:540} INFO - Filling up the DagBag from /home/airflow/.local/lib/python3.8/site-packages/airflow/example_dags/example_sensor_decorator.py
[2024-03-21T01:21:07.267+0000] {processor.py:840} INFO - DAG(s) 'example_sensor_decorator' retrieved from /home/airflow/.local/lib/python3.8/site-packages/airflow/example_dags/example_sensor_decorator.py
[2024-03-21T01:21:07.303+0000] {logging_mixin.py:188} INFO - [2024-03-21T01:21:07.302+0000] {dag.py:3047} INFO - Sync 1 DAGs
[2024-03-21T01:21:07.328+0000] {logging_mixin.py:188} INFO - [2024-03-21T01:21:07.328+0000] {dag.py:3834} INFO - Setting next_dagrun for example_sensor_decorator to None, run_after=None
[2024-03-21T01:21:07.358+0000] {processor.py:183} INFO - Processing /home/airflow/.local/lib/python3.8/site-packages/airflow/example_dags/example_sensor_decorator.py took 0.107 seconds
[2024-03-21T01:21:38.951+0000] {processor.py:161} INFO - Started process (PID=943) to work on /home/airflow/.local/lib/python3.8/site-packages/airflow/example_dags/example_sensor_decorator.py
[2024-03-21T01:21:38.953+0000] {processor.py:830} INFO - Processing file /home/airflow/.local/lib/python3.8/site-packages/airflow/example_dags/example_sensor_decorator.py for tasks to queue
[2024-03-21T01:21:38.959+0000] {logging_mixin.py:188} INFO - [2024-03-21T01:21:38.959+0000] {dagbag.py:540} INFO - Filling up the DagBag from /home/airflow/.local/lib/python3.8/site-packages/airflow/example_dags/example_sensor_decorator.py
[2024-03-21T01:21:38.973+0000] {processor.py:840} INFO - DAG(s) 'example_sensor_decorator' retrieved from /home/airflow/.local/lib/python3.8/site-packages/airflow/example_dags/example_sensor_decorator.py
[2024-03-21T01:21:39.009+0000] {logging_mixin.py:188} INFO - [2024-03-21T01:21:39.008+0000] {dag.py:3047} INFO - Sync 1 DAGs
[2024-03-21T01:21:39.049+0000] {logging_mixin.py:188} INFO - [2024-03-21T01:21:39.048+0000] {dag.py:3834} INFO - Setting next_dagrun for example_sensor_decorator to None, run_after=None
[2024-03-21T01:21:39.089+0000] {processor.py:183} INFO - Processing /home/airflow/.local/lib/python3.8/site-packages/airflow/example_dags/example_sensor_decorator.py took 0.142 seconds
[2024-03-21T01:22:09.838+0000] {processor.py:161} INFO - Started process (PID=999) to work on /home/airflow/.local/lib/python3.8/site-packages/airflow/example_dags/example_sensor_decorator.py
[2024-03-21T01:22:09.839+0000] {processor.py:830} INFO - Processing file /home/airflow/.local/lib/python3.8/site-packages/airflow/example_dags/example_sensor_decorator.py for tasks to queue
[2024-03-21T01:22:09.841+0000] {logging_mixin.py:188} INFO - [2024-03-21T01:22:09.841+0000] {dagbag.py:540} INFO - Filling up the DagBag from /home/airflow/.local/lib/python3.8/site-packages/airflow/example_dags/example_sensor_decorator.py
[2024-03-21T01:22:09.846+0000] {processor.py:840} INFO - DAG(s) 'example_sensor_decorator' retrieved from /home/airflow/.local/lib/python3.8/site-packages/airflow/example_dags/example_sensor_decorator.py
[2024-03-21T01:22:09.869+0000] {logging_mixin.py:188} INFO - [2024-03-21T01:22:09.868+0000] {dag.py:3047} INFO - Sync 1 DAGs
[2024-03-21T01:22:09.882+0000] {logging_mixin.py:188} INFO - [2024-03-21T01:22:09.882+0000] {dag.py:3834} INFO - Setting next_dagrun for example_sensor_decorator to None, run_after=None
[2024-03-21T01:22:09.906+0000] {processor.py:183} INFO - Processing /home/airflow/.local/lib/python3.8/site-packages/airflow/example_dags/example_sensor_decorator.py took 0.070 seconds
[2024-03-21T01:22:40.371+0000] {processor.py:161} INFO - Started process (PID=1054) to work on /home/airflow/.local/lib/python3.8/site-packages/airflow/example_dags/example_sensor_decorator.py
[2024-03-21T01:22:40.375+0000] {processor.py:830} INFO - Processing file /home/airflow/.local/lib/python3.8/site-packages/airflow/example_dags/example_sensor_decorator.py for tasks to queue
[2024-03-21T01:22:40.379+0000] {logging_mixin.py:188} INFO - [2024-03-21T01:22:40.378+0000] {dagbag.py:540} INFO - Filling up the DagBag from /home/airflow/.local/lib/python3.8/site-packages/airflow/example_dags/example_sensor_decorator.py
[2024-03-21T01:22:40.392+0000] {processor.py:840} INFO - DAG(s) 'example_sensor_decorator' retrieved from /home/airflow/.local/lib/python3.8/site-packages/airflow/example_dags/example_sensor_decorator.py
[2024-03-21T01:22:40.420+0000] {logging_mixin.py:188} INFO - [2024-03-21T01:22:40.420+0000] {dag.py:3047} INFO - Sync 1 DAGs
[2024-03-21T01:22:40.439+0000] {logging_mixin.py:188} INFO - [2024-03-21T01:22:40.438+0000] {dag.py:3834} INFO - Setting next_dagrun for example_sensor_decorator to None, run_after=None
[2024-03-21T01:22:40.490+0000] {processor.py:183} INFO - Processing /home/airflow/.local/lib/python3.8/site-packages/airflow/example_dags/example_sensor_decorator.py took 0.125 seconds
[2024-03-21T01:23:10.766+0000] {processor.py:161} INFO - Started process (PID=1109) to work on /home/airflow/.local/lib/python3.8/site-packages/airflow/example_dags/example_sensor_decorator.py
[2024-03-21T01:23:10.766+0000] {processor.py:830} INFO - Processing file /home/airflow/.local/lib/python3.8/site-packages/airflow/example_dags/example_sensor_decorator.py for tasks to queue
[2024-03-21T01:23:10.768+0000] {logging_mixin.py:188} INFO - [2024-03-21T01:23:10.768+0000] {dagbag.py:540} INFO - Filling up the DagBag from /home/airflow/.local/lib/python3.8/site-packages/airflow/example_dags/example_sensor_decorator.py
[2024-03-21T01:23:10.775+0000] {processor.py:840} INFO - DAG(s) 'example_sensor_decorator' retrieved from /home/airflow/.local/lib/python3.8/site-packages/airflow/example_dags/example_sensor_decorator.py
[2024-03-21T01:23:10.797+0000] {logging_mixin.py:188} INFO - [2024-03-21T01:23:10.796+0000] {dag.py:3047} INFO - Sync 1 DAGs
[2024-03-21T01:23:10.813+0000] {logging_mixin.py:188} INFO - [2024-03-21T01:23:10.812+0000] {dag.py:3834} INFO - Setting next_dagrun for example_sensor_decorator to None, run_after=None
[2024-03-21T01:23:10.840+0000] {processor.py:183} INFO - Processing /home/airflow/.local/lib/python3.8/site-packages/airflow/example_dags/example_sensor_decorator.py took 0.078 seconds
[2024-03-21T01:23:41.715+0000] {processor.py:161} INFO - Started process (PID=1163) to work on /home/airflow/.local/lib/python3.8/site-packages/airflow/example_dags/example_sensor_decorator.py
[2024-03-21T01:23:41.717+0000] {processor.py:830} INFO - Processing file /home/airflow/.local/lib/python3.8/site-packages/airflow/example_dags/example_sensor_decorator.py for tasks to queue
[2024-03-21T01:23:41.720+0000] {logging_mixin.py:188} INFO - [2024-03-21T01:23:41.719+0000] {dagbag.py:540} INFO - Filling up the DagBag from /home/airflow/.local/lib/python3.8/site-packages/airflow/example_dags/example_sensor_decorator.py
[2024-03-21T01:23:41.728+0000] {processor.py:840} INFO - DAG(s) 'example_sensor_decorator' retrieved from /home/airflow/.local/lib/python3.8/site-packages/airflow/example_dags/example_sensor_decorator.py
[2024-03-21T01:23:41.753+0000] {logging_mixin.py:188} INFO - [2024-03-21T01:23:41.753+0000] {dag.py:3047} INFO - Sync 1 DAGs
[2024-03-21T01:23:41.769+0000] {logging_mixin.py:188} INFO - [2024-03-21T01:23:41.768+0000] {dag.py:3834} INFO - Setting next_dagrun for example_sensor_decorator to None, run_after=None
[2024-03-21T01:23:41.795+0000] {processor.py:183} INFO - Processing /home/airflow/.local/lib/python3.8/site-packages/airflow/example_dags/example_sensor_decorator.py took 0.087 seconds
[2024-03-21T01:24:12.086+0000] {processor.py:161} INFO - Started process (PID=1218) to work on /home/airflow/.local/lib/python3.8/site-packages/airflow/example_dags/example_sensor_decorator.py
[2024-03-21T01:24:12.087+0000] {processor.py:830} INFO - Processing file /home/airflow/.local/lib/python3.8/site-packages/airflow/example_dags/example_sensor_decorator.py for tasks to queue
[2024-03-21T01:24:12.089+0000] {logging_mixin.py:188} INFO - [2024-03-21T01:24:12.089+0000] {dagbag.py:540} INFO - Filling up the DagBag from /home/airflow/.local/lib/python3.8/site-packages/airflow/example_dags/example_sensor_decorator.py
[2024-03-21T01:24:12.096+0000] {processor.py:840} INFO - DAG(s) 'example_sensor_decorator' retrieved from /home/airflow/.local/lib/python3.8/site-packages/airflow/example_dags/example_sensor_decorator.py
[2024-03-21T01:24:12.120+0000] {logging_mixin.py:188} INFO - [2024-03-21T01:24:12.120+0000] {dag.py:3047} INFO - Sync 1 DAGs
[2024-03-21T01:24:12.137+0000] {logging_mixin.py:188} INFO - [2024-03-21T01:24:12.137+0000] {dag.py:3834} INFO - Setting next_dagrun for example_sensor_decorator to None, run_after=None
[2024-03-21T01:24:12.170+0000] {processor.py:183} INFO - Processing /home/airflow/.local/lib/python3.8/site-packages/airflow/example_dags/example_sensor_decorator.py took 0.089 seconds
[2024-03-21T01:24:42.290+0000] {processor.py:161} INFO - Started process (PID=1273) to work on /home/airflow/.local/lib/python3.8/site-packages/airflow/example_dags/example_sensor_decorator.py
[2024-03-21T01:24:42.291+0000] {processor.py:830} INFO - Processing file /home/airflow/.local/lib/python3.8/site-packages/airflow/example_dags/example_sensor_decorator.py for tasks to queue
[2024-03-21T01:24:42.293+0000] {logging_mixin.py:188} INFO - [2024-03-21T01:24:42.293+0000] {dagbag.py:540} INFO - Filling up the DagBag from /home/airflow/.local/lib/python3.8/site-packages/airflow/example_dags/example_sensor_decorator.py
[2024-03-21T01:24:42.299+0000] {processor.py:840} INFO - DAG(s) 'example_sensor_decorator' retrieved from /home/airflow/.local/lib/python3.8/site-packages/airflow/example_dags/example_sensor_decorator.py
[2024-03-21T01:24:42.321+0000] {logging_mixin.py:188} INFO - [2024-03-21T01:24:42.321+0000] {dag.py:3047} INFO - Sync 1 DAGs
[2024-03-21T01:24:42.335+0000] {logging_mixin.py:188} INFO - [2024-03-21T01:24:42.335+0000] {dag.py:3834} INFO - Setting next_dagrun for example_sensor_decorator to None, run_after=None
[2024-03-21T01:24:42.358+0000] {processor.py:183} INFO - Processing /home/airflow/.local/lib/python3.8/site-packages/airflow/example_dags/example_sensor_decorator.py took 0.072 seconds
[2024-03-21T01:25:12.389+0000] {processor.py:161} INFO - Started process (PID=1328) to work on /home/airflow/.local/lib/python3.8/site-packages/airflow/example_dags/example_sensor_decorator.py
[2024-03-21T01:25:12.390+0000] {processor.py:830} INFO - Processing file /home/airflow/.local/lib/python3.8/site-packages/airflow/example_dags/example_sensor_decorator.py for tasks to queue
[2024-03-21T01:25:12.392+0000] {logging_mixin.py:188} INFO - [2024-03-21T01:25:12.391+0000] {dagbag.py:540} INFO - Filling up the DagBag from /home/airflow/.local/lib/python3.8/site-packages/airflow/example_dags/example_sensor_decorator.py
[2024-03-21T01:25:12.399+0000] {processor.py:840} INFO - DAG(s) 'example_sensor_decorator' retrieved from /home/airflow/.local/lib/python3.8/site-packages/airflow/example_dags/example_sensor_decorator.py
[2024-03-21T01:25:12.421+0000] {logging_mixin.py:188} INFO - [2024-03-21T01:25:12.421+0000] {dag.py:3047} INFO - Sync 1 DAGs
[2024-03-21T01:25:12.436+0000] {logging_mixin.py:188} INFO - [2024-03-21T01:25:12.435+0000] {dag.py:3834} INFO - Setting next_dagrun for example_sensor_decorator to None, run_after=None
[2024-03-21T01:25:12.460+0000] {processor.py:183} INFO - Processing /home/airflow/.local/lib/python3.8/site-packages/airflow/example_dags/example_sensor_decorator.py took 0.075 seconds
[2024-03-21T01:25:43.003+0000] {processor.py:161} INFO - Started process (PID=1383) to work on /home/airflow/.local/lib/python3.8/site-packages/airflow/example_dags/example_sensor_decorator.py
[2024-03-21T01:25:43.006+0000] {processor.py:830} INFO - Processing file /home/airflow/.local/lib/python3.8/site-packages/airflow/example_dags/example_sensor_decorator.py for tasks to queue
[2024-03-21T01:25:43.010+0000] {logging_mixin.py:188} INFO - [2024-03-21T01:25:43.009+0000] {dagbag.py:540} INFO - Filling up the DagBag from /home/airflow/.local/lib/python3.8/site-packages/airflow/example_dags/example_sensor_decorator.py
[2024-03-21T01:25:43.022+0000] {processor.py:840} INFO - DAG(s) 'example_sensor_decorator' retrieved from /home/airflow/.local/lib/python3.8/site-packages/airflow/example_dags/example_sensor_decorator.py
[2024-03-21T01:25:43.058+0000] {logging_mixin.py:188} INFO - [2024-03-21T01:25:43.058+0000] {dag.py:3047} INFO - Sync 1 DAGs
[2024-03-21T01:25:43.080+0000] {logging_mixin.py:188} INFO - [2024-03-21T01:25:43.079+0000] {dag.py:3834} INFO - Setting next_dagrun for example_sensor_decorator to None, run_after=None
[2024-03-21T01:25:43.121+0000] {processor.py:183} INFO - Processing /home/airflow/.local/lib/python3.8/site-packages/airflow/example_dags/example_sensor_decorator.py took 0.124 seconds
[2024-03-21T01:26:13.914+0000] {processor.py:161} INFO - Started process (PID=1438) to work on /home/airflow/.local/lib/python3.8/site-packages/airflow/example_dags/example_sensor_decorator.py
[2024-03-21T01:26:13.916+0000] {processor.py:830} INFO - Processing file /home/airflow/.local/lib/python3.8/site-packages/airflow/example_dags/example_sensor_decorator.py for tasks to queue
[2024-03-21T01:26:13.919+0000] {logging_mixin.py:188} INFO - [2024-03-21T01:26:13.918+0000] {dagbag.py:540} INFO - Filling up the DagBag from /home/airflow/.local/lib/python3.8/site-packages/airflow/example_dags/example_sensor_decorator.py
[2024-03-21T01:26:13.926+0000] {processor.py:840} INFO - DAG(s) 'example_sensor_decorator' retrieved from /home/airflow/.local/lib/python3.8/site-packages/airflow/example_dags/example_sensor_decorator.py
[2024-03-21T01:26:13.950+0000] {logging_mixin.py:188} INFO - [2024-03-21T01:26:13.949+0000] {dag.py:3047} INFO - Sync 1 DAGs
[2024-03-21T01:26:13.965+0000] {logging_mixin.py:188} INFO - [2024-03-21T01:26:13.965+0000] {dag.py:3834} INFO - Setting next_dagrun for example_sensor_decorator to None, run_after=None
[2024-03-21T01:26:13.991+0000] {processor.py:183} INFO - Processing /home/airflow/.local/lib/python3.8/site-packages/airflow/example_dags/example_sensor_decorator.py took 0.080 seconds
[2024-03-21T01:26:44.179+0000] {processor.py:161} INFO - Started process (PID=1493) to work on /home/airflow/.local/lib/python3.8/site-packages/airflow/example_dags/example_sensor_decorator.py
[2024-03-21T01:26:44.180+0000] {processor.py:830} INFO - Processing file /home/airflow/.local/lib/python3.8/site-packages/airflow/example_dags/example_sensor_decorator.py for tasks to queue
[2024-03-21T01:26:44.182+0000] {logging_mixin.py:188} INFO - [2024-03-21T01:26:44.182+0000] {dagbag.py:540} INFO - Filling up the DagBag from /home/airflow/.local/lib/python3.8/site-packages/airflow/example_dags/example_sensor_decorator.py
[2024-03-21T01:26:44.190+0000] {processor.py:840} INFO - DAG(s) 'example_sensor_decorator' retrieved from /home/airflow/.local/lib/python3.8/site-packages/airflow/example_dags/example_sensor_decorator.py
[2024-03-21T01:26:44.215+0000] {logging_mixin.py:188} INFO - [2024-03-21T01:26:44.214+0000] {dag.py:3047} INFO - Sync 1 DAGs
[2024-03-21T01:26:44.231+0000] {logging_mixin.py:188} INFO - [2024-03-21T01:26:44.231+0000] {dag.py:3834} INFO - Setting next_dagrun for example_sensor_decorator to None, run_after=None
[2024-03-21T01:26:44.262+0000] {processor.py:183} INFO - Processing /home/airflow/.local/lib/python3.8/site-packages/airflow/example_dags/example_sensor_decorator.py took 0.087 seconds
[2024-03-21T01:27:14.799+0000] {processor.py:161} INFO - Started process (PID=1548) to work on /home/airflow/.local/lib/python3.8/site-packages/airflow/example_dags/example_sensor_decorator.py
[2024-03-21T01:27:14.801+0000] {processor.py:830} INFO - Processing file /home/airflow/.local/lib/python3.8/site-packages/airflow/example_dags/example_sensor_decorator.py for tasks to queue
[2024-03-21T01:27:14.803+0000] {logging_mixin.py:188} INFO - [2024-03-21T01:27:14.803+0000] {dagbag.py:540} INFO - Filling up the DagBag from /home/airflow/.local/lib/python3.8/site-packages/airflow/example_dags/example_sensor_decorator.py
[2024-03-21T01:27:14.811+0000] {processor.py:840} INFO - DAG(s) 'example_sensor_decorator' retrieved from /home/airflow/.local/lib/python3.8/site-packages/airflow/example_dags/example_sensor_decorator.py
[2024-03-21T01:27:14.836+0000] {logging_mixin.py:188} INFO - [2024-03-21T01:27:14.835+0000] {dag.py:3047} INFO - Sync 1 DAGs
[2024-03-21T01:27:14.851+0000] {logging_mixin.py:188} INFO - [2024-03-21T01:27:14.850+0000] {dag.py:3834} INFO - Setting next_dagrun for example_sensor_decorator to None, run_after=None
[2024-03-21T01:27:14.874+0000] {processor.py:183} INFO - Processing /home/airflow/.local/lib/python3.8/site-packages/airflow/example_dags/example_sensor_decorator.py took 0.078 seconds
[2024-03-21T01:27:45.084+0000] {processor.py:161} INFO - Started process (PID=1603) to work on /home/airflow/.local/lib/python3.8/site-packages/airflow/example_dags/example_sensor_decorator.py
[2024-03-21T01:27:45.086+0000] {processor.py:830} INFO - Processing file /home/airflow/.local/lib/python3.8/site-packages/airflow/example_dags/example_sensor_decorator.py for tasks to queue
[2024-03-21T01:27:45.088+0000] {logging_mixin.py:188} INFO - [2024-03-21T01:27:45.088+0000] {dagbag.py:540} INFO - Filling up the DagBag from /home/airflow/.local/lib/python3.8/site-packages/airflow/example_dags/example_sensor_decorator.py
[2024-03-21T01:27:45.097+0000] {processor.py:840} INFO - DAG(s) 'example_sensor_decorator' retrieved from /home/airflow/.local/lib/python3.8/site-packages/airflow/example_dags/example_sensor_decorator.py
[2024-03-21T01:27:45.125+0000] {logging_mixin.py:188} INFO - [2024-03-21T01:27:45.124+0000] {dag.py:3047} INFO - Sync 1 DAGs
[2024-03-21T01:27:45.144+0000] {logging_mixin.py:188} INFO - [2024-03-21T01:27:45.144+0000] {dag.py:3834} INFO - Setting next_dagrun for example_sensor_decorator to None, run_after=None
[2024-03-21T01:27:45.170+0000] {processor.py:183} INFO - Processing /home/airflow/.local/lib/python3.8/site-packages/airflow/example_dags/example_sensor_decorator.py took 0.090 seconds
[2024-03-21T01:28:15.577+0000] {processor.py:161} INFO - Started process (PID=1658) to work on /home/airflow/.local/lib/python3.8/site-packages/airflow/example_dags/example_sensor_decorator.py
[2024-03-21T01:28:15.579+0000] {processor.py:830} INFO - Processing file /home/airflow/.local/lib/python3.8/site-packages/airflow/example_dags/example_sensor_decorator.py for tasks to queue
[2024-03-21T01:28:15.582+0000] {logging_mixin.py:188} INFO - [2024-03-21T01:28:15.581+0000] {dagbag.py:540} INFO - Filling up the DagBag from /home/airflow/.local/lib/python3.8/site-packages/airflow/example_dags/example_sensor_decorator.py
[2024-03-21T01:28:15.590+0000] {processor.py:840} INFO - DAG(s) 'example_sensor_decorator' retrieved from /home/airflow/.local/lib/python3.8/site-packages/airflow/example_dags/example_sensor_decorator.py
[2024-03-21T01:28:15.629+0000] {logging_mixin.py:188} INFO - [2024-03-21T01:28:15.629+0000] {dag.py:3047} INFO - Sync 1 DAGs
[2024-03-21T01:28:15.648+0000] {logging_mixin.py:188} INFO - [2024-03-21T01:28:15.648+0000] {dag.py:3834} INFO - Setting next_dagrun for example_sensor_decorator to None, run_after=None
[2024-03-21T01:28:15.684+0000] {processor.py:183} INFO - Processing /home/airflow/.local/lib/python3.8/site-packages/airflow/example_dags/example_sensor_decorator.py took 0.113 seconds
[2024-03-21T01:28:45.897+0000] {processor.py:161} INFO - Started process (PID=1713) to work on /home/airflow/.local/lib/python3.8/site-packages/airflow/example_dags/example_sensor_decorator.py
[2024-03-21T01:28:45.900+0000] {processor.py:830} INFO - Processing file /home/airflow/.local/lib/python3.8/site-packages/airflow/example_dags/example_sensor_decorator.py for tasks to queue
[2024-03-21T01:28:45.905+0000] {logging_mixin.py:188} INFO - [2024-03-21T01:28:45.904+0000] {dagbag.py:540} INFO - Filling up the DagBag from /home/airflow/.local/lib/python3.8/site-packages/airflow/example_dags/example_sensor_decorator.py
[2024-03-21T01:28:45.923+0000] {processor.py:840} INFO - DAG(s) 'example_sensor_decorator' retrieved from /home/airflow/.local/lib/python3.8/site-packages/airflow/example_dags/example_sensor_decorator.py
[2024-03-21T01:28:45.989+0000] {logging_mixin.py:188} INFO - [2024-03-21T01:28:45.988+0000] {dag.py:3047} INFO - Sync 1 DAGs
[2024-03-21T01:28:46.052+0000] {logging_mixin.py:188} INFO - [2024-03-21T01:28:46.051+0000] {dag.py:3834} INFO - Setting next_dagrun for example_sensor_decorator to None, run_after=None
[2024-03-21T01:28:46.132+0000] {processor.py:183} INFO - Processing /home/airflow/.local/lib/python3.8/site-packages/airflow/example_dags/example_sensor_decorator.py took 0.243 seconds
[2024-03-21T01:29:16.188+0000] {processor.py:161} INFO - Started process (PID=1768) to work on /home/airflow/.local/lib/python3.8/site-packages/airflow/example_dags/example_sensor_decorator.py
[2024-03-21T01:29:16.190+0000] {processor.py:830} INFO - Processing file /home/airflow/.local/lib/python3.8/site-packages/airflow/example_dags/example_sensor_decorator.py for tasks to queue
[2024-03-21T01:29:16.192+0000] {logging_mixin.py:188} INFO - [2024-03-21T01:29:16.192+0000] {dagbag.py:540} INFO - Filling up the DagBag from /home/airflow/.local/lib/python3.8/site-packages/airflow/example_dags/example_sensor_decorator.py
[2024-03-21T01:29:16.201+0000] {processor.py:840} INFO - DAG(s) 'example_sensor_decorator' retrieved from /home/airflow/.local/lib/python3.8/site-packages/airflow/example_dags/example_sensor_decorator.py
[2024-03-21T01:29:16.234+0000] {logging_mixin.py:188} INFO - [2024-03-21T01:29:16.234+0000] {dag.py:3047} INFO - Sync 1 DAGs
[2024-03-21T01:29:16.263+0000] {logging_mixin.py:188} INFO - [2024-03-21T01:29:16.263+0000] {dag.py:3834} INFO - Setting next_dagrun for example_sensor_decorator to None, run_after=None
[2024-03-21T01:29:16.306+0000] {processor.py:183} INFO - Processing /home/airflow/.local/lib/python3.8/site-packages/airflow/example_dags/example_sensor_decorator.py took 0.123 seconds
[2024-03-21T01:29:47.130+0000] {processor.py:161} INFO - Started process (PID=1824) to work on /home/airflow/.local/lib/python3.8/site-packages/airflow/example_dags/example_sensor_decorator.py
[2024-03-21T01:29:47.132+0000] {processor.py:830} INFO - Processing file /home/airflow/.local/lib/python3.8/site-packages/airflow/example_dags/example_sensor_decorator.py for tasks to queue
[2024-03-21T01:29:47.134+0000] {logging_mixin.py:188} INFO - [2024-03-21T01:29:47.134+0000] {dagbag.py:540} INFO - Filling up the DagBag from /home/airflow/.local/lib/python3.8/site-packages/airflow/example_dags/example_sensor_decorator.py
[2024-03-21T01:29:47.142+0000] {processor.py:840} INFO - DAG(s) 'example_sensor_decorator' retrieved from /home/airflow/.local/lib/python3.8/site-packages/airflow/example_dags/example_sensor_decorator.py
[2024-03-21T01:29:47.169+0000] {logging_mixin.py:188} INFO - [2024-03-21T01:29:47.169+0000] {dag.py:3047} INFO - Sync 1 DAGs
[2024-03-21T01:29:47.188+0000] {logging_mixin.py:188} INFO - [2024-03-21T01:29:47.188+0000] {dag.py:3834} INFO - Setting next_dagrun for example_sensor_decorator to None, run_after=None
[2024-03-21T01:29:47.215+0000] {processor.py:183} INFO - Processing /home/airflow/.local/lib/python3.8/site-packages/airflow/example_dags/example_sensor_decorator.py took 0.090 seconds
[2024-03-21T01:30:17.467+0000] {processor.py:161} INFO - Started process (PID=1878) to work on /home/airflow/.local/lib/python3.8/site-packages/airflow/example_dags/example_sensor_decorator.py
[2024-03-21T01:30:17.468+0000] {processor.py:830} INFO - Processing file /home/airflow/.local/lib/python3.8/site-packages/airflow/example_dags/example_sensor_decorator.py for tasks to queue
[2024-03-21T01:30:17.471+0000] {logging_mixin.py:188} INFO - [2024-03-21T01:30:17.470+0000] {dagbag.py:540} INFO - Filling up the DagBag from /home/airflow/.local/lib/python3.8/site-packages/airflow/example_dags/example_sensor_decorator.py
[2024-03-21T01:30:17.480+0000] {processor.py:840} INFO - DAG(s) 'example_sensor_decorator' retrieved from /home/airflow/.local/lib/python3.8/site-packages/airflow/example_dags/example_sensor_decorator.py
[2024-03-21T01:30:17.508+0000] {logging_mixin.py:188} INFO - [2024-03-21T01:30:17.508+0000] {dag.py:3047} INFO - Sync 1 DAGs
[2024-03-21T01:30:17.528+0000] {logging_mixin.py:188} INFO - [2024-03-21T01:30:17.527+0000] {dag.py:3834} INFO - Setting next_dagrun for example_sensor_decorator to None, run_after=None
[2024-03-21T01:30:17.561+0000] {processor.py:183} INFO - Processing /home/airflow/.local/lib/python3.8/site-packages/airflow/example_dags/example_sensor_decorator.py took 0.099 seconds
[2024-03-21T01:30:48.523+0000] {processor.py:161} INFO - Started process (PID=1933) to work on /home/airflow/.local/lib/python3.8/site-packages/airflow/example_dags/example_sensor_decorator.py
[2024-03-21T01:30:48.525+0000] {processor.py:830} INFO - Processing file /home/airflow/.local/lib/python3.8/site-packages/airflow/example_dags/example_sensor_decorator.py for tasks to queue
[2024-03-21T01:30:48.528+0000] {logging_mixin.py:188} INFO - [2024-03-21T01:30:48.528+0000] {dagbag.py:540} INFO - Filling up the DagBag from /home/airflow/.local/lib/python3.8/site-packages/airflow/example_dags/example_sensor_decorator.py
[2024-03-21T01:30:48.546+0000] {processor.py:840} INFO - DAG(s) 'example_sensor_decorator' retrieved from /home/airflow/.local/lib/python3.8/site-packages/airflow/example_dags/example_sensor_decorator.py
[2024-03-21T01:30:48.613+0000] {logging_mixin.py:188} INFO - [2024-03-21T01:30:48.613+0000] {dag.py:3047} INFO - Sync 1 DAGs
[2024-03-21T01:30:48.679+0000] {logging_mixin.py:188} INFO - [2024-03-21T01:30:48.679+0000] {dag.py:3834} INFO - Setting next_dagrun for example_sensor_decorator to None, run_after=None
[2024-03-21T01:30:48.800+0000] {processor.py:183} INFO - Processing /home/airflow/.local/lib/python3.8/site-packages/airflow/example_dags/example_sensor_decorator.py took 0.294 seconds
[2024-03-21T01:31:19.734+0000] {processor.py:161} INFO - Started process (PID=1988) to work on /home/airflow/.local/lib/python3.8/site-packages/airflow/example_dags/example_sensor_decorator.py
[2024-03-21T01:31:19.735+0000] {processor.py:830} INFO - Processing file /home/airflow/.local/lib/python3.8/site-packages/airflow/example_dags/example_sensor_decorator.py for tasks to queue
[2024-03-21T01:31:19.737+0000] {logging_mixin.py:188} INFO - [2024-03-21T01:31:19.737+0000] {dagbag.py:540} INFO - Filling up the DagBag from /home/airflow/.local/lib/python3.8/site-packages/airflow/example_dags/example_sensor_decorator.py
[2024-03-21T01:31:19.745+0000] {processor.py:840} INFO - DAG(s) 'example_sensor_decorator' retrieved from /home/airflow/.local/lib/python3.8/site-packages/airflow/example_dags/example_sensor_decorator.py
[2024-03-21T01:31:19.769+0000] {logging_mixin.py:188} INFO - [2024-03-21T01:31:19.769+0000] {dag.py:3047} INFO - Sync 1 DAGs
[2024-03-21T01:31:19.783+0000] {logging_mixin.py:188} INFO - [2024-03-21T01:31:19.783+0000] {dag.py:3834} INFO - Setting next_dagrun for example_sensor_decorator to None, run_after=None
[2024-03-21T01:31:19.808+0000] {processor.py:183} INFO - Processing /home/airflow/.local/lib/python3.8/site-packages/airflow/example_dags/example_sensor_decorator.py took 0.078 seconds
[2024-03-21T01:31:50.013+0000] {processor.py:161} INFO - Started process (PID=2043) to work on /home/airflow/.local/lib/python3.8/site-packages/airflow/example_dags/example_sensor_decorator.py
[2024-03-21T01:31:50.014+0000] {processor.py:830} INFO - Processing file /home/airflow/.local/lib/python3.8/site-packages/airflow/example_dags/example_sensor_decorator.py for tasks to queue
[2024-03-21T01:31:50.016+0000] {logging_mixin.py:188} INFO - [2024-03-21T01:31:50.015+0000] {dagbag.py:540} INFO - Filling up the DagBag from /home/airflow/.local/lib/python3.8/site-packages/airflow/example_dags/example_sensor_decorator.py
[2024-03-21T01:31:50.021+0000] {processor.py:840} INFO - DAG(s) 'example_sensor_decorator' retrieved from /home/airflow/.local/lib/python3.8/site-packages/airflow/example_dags/example_sensor_decorator.py
[2024-03-21T01:31:50.041+0000] {logging_mixin.py:188} INFO - [2024-03-21T01:31:50.040+0000] {dag.py:3047} INFO - Sync 1 DAGs
[2024-03-21T01:31:50.054+0000] {logging_mixin.py:188} INFO - [2024-03-21T01:31:50.053+0000] {dag.py:3834} INFO - Setting next_dagrun for example_sensor_decorator to None, run_after=None
[2024-03-21T01:31:50.075+0000] {processor.py:183} INFO - Processing /home/airflow/.local/lib/python3.8/site-packages/airflow/example_dags/example_sensor_decorator.py took 0.067 seconds
[2024-03-21T01:32:20.791+0000] {processor.py:161} INFO - Started process (PID=2098) to work on /home/airflow/.local/lib/python3.8/site-packages/airflow/example_dags/example_sensor_decorator.py
[2024-03-21T01:32:20.793+0000] {processor.py:830} INFO - Processing file /home/airflow/.local/lib/python3.8/site-packages/airflow/example_dags/example_sensor_decorator.py for tasks to queue
[2024-03-21T01:32:20.795+0000] {logging_mixin.py:188} INFO - [2024-03-21T01:32:20.795+0000] {dagbag.py:540} INFO - Filling up the DagBag from /home/airflow/.local/lib/python3.8/site-packages/airflow/example_dags/example_sensor_decorator.py
[2024-03-21T01:32:20.802+0000] {processor.py:840} INFO - DAG(s) 'example_sensor_decorator' retrieved from /home/airflow/.local/lib/python3.8/site-packages/airflow/example_dags/example_sensor_decorator.py
[2024-03-21T01:32:20.826+0000] {logging_mixin.py:188} INFO - [2024-03-21T01:32:20.825+0000] {dag.py:3047} INFO - Sync 1 DAGs
[2024-03-21T01:32:20.841+0000] {logging_mixin.py:188} INFO - [2024-03-21T01:32:20.841+0000] {dag.py:3834} INFO - Setting next_dagrun for example_sensor_decorator to None, run_after=None
[2024-03-21T01:32:20.873+0000] {processor.py:183} INFO - Processing /home/airflow/.local/lib/python3.8/site-packages/airflow/example_dags/example_sensor_decorator.py took 0.087 seconds
[2024-03-21T01:32:51.792+0000] {processor.py:161} INFO - Started process (PID=2153) to work on /home/airflow/.local/lib/python3.8/site-packages/airflow/example_dags/example_sensor_decorator.py
[2024-03-21T01:32:51.794+0000] {processor.py:830} INFO - Processing file /home/airflow/.local/lib/python3.8/site-packages/airflow/example_dags/example_sensor_decorator.py for tasks to queue
[2024-03-21T01:32:51.797+0000] {logging_mixin.py:188} INFO - [2024-03-21T01:32:51.796+0000] {dagbag.py:540} INFO - Filling up the DagBag from /home/airflow/.local/lib/python3.8/site-packages/airflow/example_dags/example_sensor_decorator.py
[2024-03-21T01:32:51.809+0000] {processor.py:840} INFO - DAG(s) 'example_sensor_decorator' retrieved from /home/airflow/.local/lib/python3.8/site-packages/airflow/example_dags/example_sensor_decorator.py
[2024-03-21T01:32:51.851+0000] {logging_mixin.py:188} INFO - [2024-03-21T01:32:51.850+0000] {dag.py:3047} INFO - Sync 1 DAGs
[2024-03-21T01:32:51.874+0000] {logging_mixin.py:188} INFO - [2024-03-21T01:32:51.874+0000] {dag.py:3834} INFO - Setting next_dagrun for example_sensor_decorator to None, run_after=None
[2024-03-21T01:32:51.904+0000] {processor.py:183} INFO - Processing /home/airflow/.local/lib/python3.8/site-packages/airflow/example_dags/example_sensor_decorator.py took 0.118 seconds
[2024-03-21T01:33:21.941+0000] {processor.py:161} INFO - Started process (PID=2207) to work on /home/airflow/.local/lib/python3.8/site-packages/airflow/example_dags/example_sensor_decorator.py
[2024-03-21T01:33:21.943+0000] {processor.py:830} INFO - Processing file /home/airflow/.local/lib/python3.8/site-packages/airflow/example_dags/example_sensor_decorator.py for tasks to queue
[2024-03-21T01:33:21.945+0000] {logging_mixin.py:188} INFO - [2024-03-21T01:33:21.945+0000] {dagbag.py:540} INFO - Filling up the DagBag from /home/airflow/.local/lib/python3.8/site-packages/airflow/example_dags/example_sensor_decorator.py
[2024-03-21T01:33:21.952+0000] {processor.py:840} INFO - DAG(s) 'example_sensor_decorator' retrieved from /home/airflow/.local/lib/python3.8/site-packages/airflow/example_dags/example_sensor_decorator.py
[2024-03-21T01:33:21.975+0000] {logging_mixin.py:188} INFO - [2024-03-21T01:33:21.974+0000] {dag.py:3047} INFO - Sync 1 DAGs
[2024-03-21T01:33:21.990+0000] {logging_mixin.py:188} INFO - [2024-03-21T01:33:21.989+0000] {dag.py:3834} INFO - Setting next_dagrun for example_sensor_decorator to None, run_after=None
[2024-03-21T01:33:22.013+0000] {processor.py:183} INFO - Processing /home/airflow/.local/lib/python3.8/site-packages/airflow/example_dags/example_sensor_decorator.py took 0.076 seconds
[2024-03-21T01:33:52.289+0000] {processor.py:161} INFO - Started process (PID=2263) to work on /home/airflow/.local/lib/python3.8/site-packages/airflow/example_dags/example_sensor_decorator.py
[2024-03-21T01:33:52.291+0000] {processor.py:830} INFO - Processing file /home/airflow/.local/lib/python3.8/site-packages/airflow/example_dags/example_sensor_decorator.py for tasks to queue
[2024-03-21T01:33:52.294+0000] {logging_mixin.py:188} INFO - [2024-03-21T01:33:52.293+0000] {dagbag.py:540} INFO - Filling up the DagBag from /home/airflow/.local/lib/python3.8/site-packages/airflow/example_dags/example_sensor_decorator.py
[2024-03-21T01:33:52.300+0000] {processor.py:840} INFO - DAG(s) 'example_sensor_decorator' retrieved from /home/airflow/.local/lib/python3.8/site-packages/airflow/example_dags/example_sensor_decorator.py
[2024-03-21T01:33:52.340+0000] {logging_mixin.py:188} INFO - [2024-03-21T01:33:52.340+0000] {dag.py:3047} INFO - Sync 1 DAGs
[2024-03-21T01:33:52.365+0000] {logging_mixin.py:188} INFO - [2024-03-21T01:33:52.364+0000] {dag.py:3834} INFO - Setting next_dagrun for example_sensor_decorator to None, run_after=None
[2024-03-21T01:33:52.394+0000] {processor.py:183} INFO - Processing /home/airflow/.local/lib/python3.8/site-packages/airflow/example_dags/example_sensor_decorator.py took 0.111 seconds
[2024-03-21T01:34:23.310+0000] {processor.py:161} INFO - Started process (PID=2318) to work on /home/airflow/.local/lib/python3.8/site-packages/airflow/example_dags/example_sensor_decorator.py
[2024-03-21T01:34:23.312+0000] {processor.py:830} INFO - Processing file /home/airflow/.local/lib/python3.8/site-packages/airflow/example_dags/example_sensor_decorator.py for tasks to queue
[2024-03-21T01:34:23.314+0000] {logging_mixin.py:188} INFO - [2024-03-21T01:34:23.314+0000] {dagbag.py:540} INFO - Filling up the DagBag from /home/airflow/.local/lib/python3.8/site-packages/airflow/example_dags/example_sensor_decorator.py
[2024-03-21T01:34:23.322+0000] {processor.py:840} INFO - DAG(s) 'example_sensor_decorator' retrieved from /home/airflow/.local/lib/python3.8/site-packages/airflow/example_dags/example_sensor_decorator.py
[2024-03-21T01:34:23.341+0000] {logging_mixin.py:188} INFO - [2024-03-21T01:34:23.340+0000] {dag.py:3047} INFO - Sync 1 DAGs
[2024-03-21T01:34:23.352+0000] {logging_mixin.py:188} INFO - [2024-03-21T01:34:23.352+0000] {dag.py:3834} INFO - Setting next_dagrun for example_sensor_decorator to None, run_after=None
[2024-03-21T01:34:23.373+0000] {processor.py:183} INFO - Processing /home/airflow/.local/lib/python3.8/site-packages/airflow/example_dags/example_sensor_decorator.py took 0.066 seconds
[2024-03-21T01:34:53.561+0000] {processor.py:161} INFO - Started process (PID=2373) to work on /home/airflow/.local/lib/python3.8/site-packages/airflow/example_dags/example_sensor_decorator.py
[2024-03-21T01:34:53.563+0000] {processor.py:830} INFO - Processing file /home/airflow/.local/lib/python3.8/site-packages/airflow/example_dags/example_sensor_decorator.py for tasks to queue
[2024-03-21T01:34:53.564+0000] {logging_mixin.py:188} INFO - [2024-03-21T01:34:53.564+0000] {dagbag.py:540} INFO - Filling up the DagBag from /home/airflow/.local/lib/python3.8/site-packages/airflow/example_dags/example_sensor_decorator.py
[2024-03-21T01:34:53.570+0000] {processor.py:840} INFO - DAG(s) 'example_sensor_decorator' retrieved from /home/airflow/.local/lib/python3.8/site-packages/airflow/example_dags/example_sensor_decorator.py
[2024-03-21T01:34:53.590+0000] {logging_mixin.py:188} INFO - [2024-03-21T01:34:53.590+0000] {dag.py:3047} INFO - Sync 1 DAGs
[2024-03-21T01:34:53.603+0000] {logging_mixin.py:188} INFO - [2024-03-21T01:34:53.603+0000] {dag.py:3834} INFO - Setting next_dagrun for example_sensor_decorator to None, run_after=None
[2024-03-21T01:34:53.625+0000] {processor.py:183} INFO - Processing /home/airflow/.local/lib/python3.8/site-packages/airflow/example_dags/example_sensor_decorator.py took 0.067 seconds
[2024-03-21T01:35:24.451+0000] {processor.py:161} INFO - Started process (PID=2428) to work on /home/airflow/.local/lib/python3.8/site-packages/airflow/example_dags/example_sensor_decorator.py
[2024-03-21T01:35:24.452+0000] {processor.py:830} INFO - Processing file /home/airflow/.local/lib/python3.8/site-packages/airflow/example_dags/example_sensor_decorator.py for tasks to queue
[2024-03-21T01:35:24.455+0000] {logging_mixin.py:188} INFO - [2024-03-21T01:35:24.454+0000] {dagbag.py:540} INFO - Filling up the DagBag from /home/airflow/.local/lib/python3.8/site-packages/airflow/example_dags/example_sensor_decorator.py
[2024-03-21T01:35:24.461+0000] {processor.py:840} INFO - DAG(s) 'example_sensor_decorator' retrieved from /home/airflow/.local/lib/python3.8/site-packages/airflow/example_dags/example_sensor_decorator.py
[2024-03-21T01:35:24.480+0000] {logging_mixin.py:188} INFO - [2024-03-21T01:35:24.479+0000] {dag.py:3047} INFO - Sync 1 DAGs
[2024-03-21T01:35:24.491+0000] {logging_mixin.py:188} INFO - [2024-03-21T01:35:24.491+0000] {dag.py:3834} INFO - Setting next_dagrun for example_sensor_decorator to None, run_after=None
[2024-03-21T01:35:24.516+0000] {processor.py:183} INFO - Processing /home/airflow/.local/lib/python3.8/site-packages/airflow/example_dags/example_sensor_decorator.py took 0.069 seconds
