[2024-03-21T00:09:34.546+0000] {processor.py:161} INFO - Started process (PID=79) to work on /home/airflow/.local/lib/python3.8/site-packages/airflow/example_dags/example_task_group_decorator.py
[2024-03-21T00:09:34.547+0000] {processor.py:830} INFO - Processing file /home/airflow/.local/lib/python3.8/site-packages/airflow/example_dags/example_task_group_decorator.py for tasks to queue
[2024-03-21T00:09:34.552+0000] {logging_mixin.py:188} INFO - [2024-03-21T00:09:34.551+0000] {dagbag.py:540} INFO - Filling up the DagBag from /home/airflow/.local/lib/python3.8/site-packages/airflow/example_dags/example_task_group_decorator.py
[2024-03-21T00:09:34.598+0000] {processor.py:840} INFO - DAG(s) 'example_task_group_decorator' retrieved from /home/airflow/.local/lib/python3.8/site-packages/airflow/example_dags/example_task_group_decorator.py
[2024-03-21T00:09:34.631+0000] {logging_mixin.py:188} INFO - [2024-03-21T00:09:34.629+0000] {dag.py:3047} INFO - Sync 1 DAGs
[2024-03-21T00:09:34.707+0000] {logging_mixin.py:188} INFO - [2024-03-21T00:09:34.706+0000] {dag.py:3834} INFO - Setting next_dagrun for example_task_group_decorator to 2024-03-20 00:00:00+00:00, run_after=2024-03-21 00:00:00+00:00
[2024-03-21T00:09:34.758+0000] {processor.py:183} INFO - Processing /home/airflow/.local/lib/python3.8/site-packages/airflow/example_dags/example_task_group_decorator.py took 0.220 seconds
[2024-03-21T00:10:07.095+0000] {processor.py:161} INFO - Started process (PID=134) to work on /home/airflow/.local/lib/python3.8/site-packages/airflow/example_dags/example_task_group_decorator.py
[2024-03-21T00:10:07.098+0000] {processor.py:830} INFO - Processing file /home/airflow/.local/lib/python3.8/site-packages/airflow/example_dags/example_task_group_decorator.py for tasks to queue
[2024-03-21T00:10:07.105+0000] {logging_mixin.py:188} INFO - [2024-03-21T00:10:07.103+0000] {dagbag.py:540} INFO - Filling up the DagBag from /home/airflow/.local/lib/python3.8/site-packages/airflow/example_dags/example_task_group_decorator.py
[2024-03-21T00:10:07.221+0000] {processor.py:840} INFO - DAG(s) 'example_task_group_decorator' retrieved from /home/airflow/.local/lib/python3.8/site-packages/airflow/example_dags/example_task_group_decorator.py
[2024-03-21T00:10:07.564+0000] {logging_mixin.py:188} INFO - [2024-03-21T00:10:07.564+0000] {dag.py:3047} INFO - Sync 1 DAGs
[2024-03-21T00:10:07.605+0000] {logging_mixin.py:188} INFO - [2024-03-21T00:10:07.605+0000] {dag.py:3834} INFO - Setting next_dagrun for example_task_group_decorator to 2024-03-20 00:00:00+00:00, run_after=2024-03-21 00:00:00+00:00
[2024-03-21T00:10:07.646+0000] {processor.py:183} INFO - Processing /home/airflow/.local/lib/python3.8/site-packages/airflow/example_dags/example_task_group_decorator.py took 0.563 seconds
[2024-03-21T00:10:38.138+0000] {processor.py:161} INFO - Started process (PID=189) to work on /home/airflow/.local/lib/python3.8/site-packages/airflow/example_dags/example_task_group_decorator.py
[2024-03-21T00:10:38.140+0000] {processor.py:830} INFO - Processing file /home/airflow/.local/lib/python3.8/site-packages/airflow/example_dags/example_task_group_decorator.py for tasks to queue
[2024-03-21T00:10:38.142+0000] {logging_mixin.py:188} INFO - [2024-03-21T00:10:38.142+0000] {dagbag.py:540} INFO - Filling up the DagBag from /home/airflow/.local/lib/python3.8/site-packages/airflow/example_dags/example_task_group_decorator.py
[2024-03-21T00:10:38.169+0000] {processor.py:840} INFO - DAG(s) 'example_task_group_decorator' retrieved from /home/airflow/.local/lib/python3.8/site-packages/airflow/example_dags/example_task_group_decorator.py
[2024-03-21T00:10:38.213+0000] {logging_mixin.py:188} INFO - [2024-03-21T00:10:38.212+0000] {dag.py:3047} INFO - Sync 1 DAGs
[2024-03-21T00:10:38.243+0000] {logging_mixin.py:188} INFO - [2024-03-21T00:10:38.242+0000] {dag.py:3834} INFO - Setting next_dagrun for example_task_group_decorator to 2024-03-20 00:00:00+00:00, run_after=2024-03-21 00:00:00+00:00
[2024-03-21T00:10:38.272+0000] {processor.py:183} INFO - Processing /home/airflow/.local/lib/python3.8/site-packages/airflow/example_dags/example_task_group_decorator.py took 0.138 seconds
[2024-03-21T00:17:05.768+0000] {processor.py:161} INFO - Started process (PID=67) to work on /home/airflow/.local/lib/python3.8/site-packages/airflow/example_dags/example_task_group_decorator.py
[2024-03-21T00:17:05.770+0000] {processor.py:830} INFO - Processing file /home/airflow/.local/lib/python3.8/site-packages/airflow/example_dags/example_task_group_decorator.py for tasks to queue
[2024-03-21T00:17:05.773+0000] {logging_mixin.py:188} INFO - [2024-03-21T00:17:05.772+0000] {dagbag.py:540} INFO - Filling up the DagBag from /home/airflow/.local/lib/python3.8/site-packages/airflow/example_dags/example_task_group_decorator.py
[2024-03-21T00:17:05.810+0000] {processor.py:840} INFO - DAG(s) 'example_task_group_decorator' retrieved from /home/airflow/.local/lib/python3.8/site-packages/airflow/example_dags/example_task_group_decorator.py
[2024-03-21T00:17:06.028+0000] {logging_mixin.py:188} INFO - [2024-03-21T00:17:06.028+0000] {dag.py:3047} INFO - Sync 1 DAGs
[2024-03-21T00:17:06.062+0000] {logging_mixin.py:188} INFO - [2024-03-21T00:17:06.062+0000] {dag.py:3834} INFO - Setting next_dagrun for example_task_group_decorator to 2024-03-20 00:00:00+00:00, run_after=2024-03-21 00:00:00+00:00
[2024-03-21T00:17:06.110+0000] {processor.py:183} INFO - Processing /home/airflow/.local/lib/python3.8/site-packages/airflow/example_dags/example_task_group_decorator.py took 0.348 seconds
[2024-03-21T00:17:36.642+0000] {processor.py:161} INFO - Started process (PID=122) to work on /home/airflow/.local/lib/python3.8/site-packages/airflow/example_dags/example_task_group_decorator.py
[2024-03-21T00:17:36.643+0000] {processor.py:830} INFO - Processing file /home/airflow/.local/lib/python3.8/site-packages/airflow/example_dags/example_task_group_decorator.py for tasks to queue
[2024-03-21T00:17:36.645+0000] {logging_mixin.py:188} INFO - [2024-03-21T00:17:36.644+0000] {dagbag.py:540} INFO - Filling up the DagBag from /home/airflow/.local/lib/python3.8/site-packages/airflow/example_dags/example_task_group_decorator.py
[2024-03-21T00:17:36.659+0000] {processor.py:840} INFO - DAG(s) 'example_task_group_decorator' retrieved from /home/airflow/.local/lib/python3.8/site-packages/airflow/example_dags/example_task_group_decorator.py
[2024-03-21T00:17:36.685+0000] {logging_mixin.py:188} INFO - [2024-03-21T00:17:36.685+0000] {dag.py:3047} INFO - Sync 1 DAGs
[2024-03-21T00:17:36.706+0000] {logging_mixin.py:188} INFO - [2024-03-21T00:17:36.706+0000] {dag.py:3834} INFO - Setting next_dagrun for example_task_group_decorator to 2024-03-20 00:00:00+00:00, run_after=2024-03-21 00:00:00+00:00
[2024-03-21T00:17:36.729+0000] {processor.py:183} INFO - Processing /home/airflow/.local/lib/python3.8/site-packages/airflow/example_dags/example_task_group_decorator.py took 0.090 seconds
[2024-03-21T00:18:07.082+0000] {processor.py:161} INFO - Started process (PID=177) to work on /home/airflow/.local/lib/python3.8/site-packages/airflow/example_dags/example_task_group_decorator.py
[2024-03-21T00:18:07.083+0000] {processor.py:830} INFO - Processing file /home/airflow/.local/lib/python3.8/site-packages/airflow/example_dags/example_task_group_decorator.py for tasks to queue
[2024-03-21T00:18:07.084+0000] {logging_mixin.py:188} INFO - [2024-03-21T00:18:07.084+0000] {dagbag.py:540} INFO - Filling up the DagBag from /home/airflow/.local/lib/python3.8/site-packages/airflow/example_dags/example_task_group_decorator.py
[2024-03-21T00:18:07.098+0000] {processor.py:840} INFO - DAG(s) 'example_task_group_decorator' retrieved from /home/airflow/.local/lib/python3.8/site-packages/airflow/example_dags/example_task_group_decorator.py
[2024-03-21T00:18:07.125+0000] {logging_mixin.py:188} INFO - [2024-03-21T00:18:07.125+0000] {dag.py:3047} INFO - Sync 1 DAGs
[2024-03-21T00:18:07.147+0000] {logging_mixin.py:188} INFO - [2024-03-21T00:18:07.147+0000] {dag.py:3834} INFO - Setting next_dagrun for example_task_group_decorator to 2024-03-20 00:00:00+00:00, run_after=2024-03-21 00:00:00+00:00
[2024-03-21T00:18:07.169+0000] {processor.py:183} INFO - Processing /home/airflow/.local/lib/python3.8/site-packages/airflow/example_dags/example_task_group_decorator.py took 0.090 seconds
[2024-03-21T00:18:37.665+0000] {processor.py:161} INFO - Started process (PID=232) to work on /home/airflow/.local/lib/python3.8/site-packages/airflow/example_dags/example_task_group_decorator.py
[2024-03-21T00:18:37.666+0000] {processor.py:830} INFO - Processing file /home/airflow/.local/lib/python3.8/site-packages/airflow/example_dags/example_task_group_decorator.py for tasks to queue
[2024-03-21T00:18:37.668+0000] {logging_mixin.py:188} INFO - [2024-03-21T00:18:37.667+0000] {dagbag.py:540} INFO - Filling up the DagBag from /home/airflow/.local/lib/python3.8/site-packages/airflow/example_dags/example_task_group_decorator.py
[2024-03-21T00:18:37.683+0000] {processor.py:840} INFO - DAG(s) 'example_task_group_decorator' retrieved from /home/airflow/.local/lib/python3.8/site-packages/airflow/example_dags/example_task_group_decorator.py
[2024-03-21T00:18:37.709+0000] {logging_mixin.py:188} INFO - [2024-03-21T00:18:37.708+0000] {dag.py:3047} INFO - Sync 1 DAGs
[2024-03-21T00:18:37.732+0000] {logging_mixin.py:188} INFO - [2024-03-21T00:18:37.732+0000] {dag.py:3834} INFO - Setting next_dagrun for example_task_group_decorator to 2024-03-20 00:00:00+00:00, run_after=2024-03-21 00:00:00+00:00
[2024-03-21T00:18:37.754+0000] {processor.py:183} INFO - Processing /home/airflow/.local/lib/python3.8/site-packages/airflow/example_dags/example_task_group_decorator.py took 0.093 seconds
[2024-03-21T00:19:08.365+0000] {processor.py:161} INFO - Started process (PID=287) to work on /home/airflow/.local/lib/python3.8/site-packages/airflow/example_dags/example_task_group_decorator.py
[2024-03-21T00:19:08.367+0000] {processor.py:830} INFO - Processing file /home/airflow/.local/lib/python3.8/site-packages/airflow/example_dags/example_task_group_decorator.py for tasks to queue
[2024-03-21T00:19:08.368+0000] {logging_mixin.py:188} INFO - [2024-03-21T00:19:08.368+0000] {dagbag.py:540} INFO - Filling up the DagBag from /home/airflow/.local/lib/python3.8/site-packages/airflow/example_dags/example_task_group_decorator.py
[2024-03-21T00:19:08.386+0000] {processor.py:840} INFO - DAG(s) 'example_task_group_decorator' retrieved from /home/airflow/.local/lib/python3.8/site-packages/airflow/example_dags/example_task_group_decorator.py
[2024-03-21T00:19:08.411+0000] {logging_mixin.py:188} INFO - [2024-03-21T00:19:08.411+0000] {dag.py:3047} INFO - Sync 1 DAGs
[2024-03-21T00:19:08.432+0000] {logging_mixin.py:188} INFO - [2024-03-21T00:19:08.431+0000] {dag.py:3834} INFO - Setting next_dagrun for example_task_group_decorator to 2024-03-20 00:00:00+00:00, run_after=2024-03-21 00:00:00+00:00
[2024-03-21T00:19:08.452+0000] {processor.py:183} INFO - Processing /home/airflow/.local/lib/python3.8/site-packages/airflow/example_dags/example_task_group_decorator.py took 0.090 seconds
[2024-03-21T00:19:38.600+0000] {processor.py:161} INFO - Started process (PID=342) to work on /home/airflow/.local/lib/python3.8/site-packages/airflow/example_dags/example_task_group_decorator.py
[2024-03-21T00:19:38.601+0000] {processor.py:830} INFO - Processing file /home/airflow/.local/lib/python3.8/site-packages/airflow/example_dags/example_task_group_decorator.py for tasks to queue
[2024-03-21T00:19:38.603+0000] {logging_mixin.py:188} INFO - [2024-03-21T00:19:38.602+0000] {dagbag.py:540} INFO - Filling up the DagBag from /home/airflow/.local/lib/python3.8/site-packages/airflow/example_dags/example_task_group_decorator.py
[2024-03-21T00:19:38.617+0000] {processor.py:840} INFO - DAG(s) 'example_task_group_decorator' retrieved from /home/airflow/.local/lib/python3.8/site-packages/airflow/example_dags/example_task_group_decorator.py
[2024-03-21T00:19:38.644+0000] {logging_mixin.py:188} INFO - [2024-03-21T00:19:38.644+0000] {dag.py:3047} INFO - Sync 1 DAGs
[2024-03-21T00:19:38.665+0000] {logging_mixin.py:188} INFO - [2024-03-21T00:19:38.665+0000] {dag.py:3834} INFO - Setting next_dagrun for example_task_group_decorator to 2024-03-20 00:00:00+00:00, run_after=2024-03-21 00:00:00+00:00
[2024-03-21T00:19:38.685+0000] {processor.py:183} INFO - Processing /home/airflow/.local/lib/python3.8/site-packages/airflow/example_dags/example_task_group_decorator.py took 0.088 seconds
[2024-03-21T00:20:09.131+0000] {processor.py:161} INFO - Started process (PID=397) to work on /home/airflow/.local/lib/python3.8/site-packages/airflow/example_dags/example_task_group_decorator.py
[2024-03-21T00:20:09.132+0000] {processor.py:830} INFO - Processing file /home/airflow/.local/lib/python3.8/site-packages/airflow/example_dags/example_task_group_decorator.py for tasks to queue
[2024-03-21T00:20:09.134+0000] {logging_mixin.py:188} INFO - [2024-03-21T00:20:09.134+0000] {dagbag.py:540} INFO - Filling up the DagBag from /home/airflow/.local/lib/python3.8/site-packages/airflow/example_dags/example_task_group_decorator.py
[2024-03-21T00:20:09.148+0000] {processor.py:840} INFO - DAG(s) 'example_task_group_decorator' retrieved from /home/airflow/.local/lib/python3.8/site-packages/airflow/example_dags/example_task_group_decorator.py
[2024-03-21T00:20:09.174+0000] {logging_mixin.py:188} INFO - [2024-03-21T00:20:09.174+0000] {dag.py:3047} INFO - Sync 1 DAGs
[2024-03-21T00:20:09.195+0000] {logging_mixin.py:188} INFO - [2024-03-21T00:20:09.194+0000] {dag.py:3834} INFO - Setting next_dagrun for example_task_group_decorator to 2024-03-20 00:00:00+00:00, run_after=2024-03-21 00:00:00+00:00
[2024-03-21T00:20:09.214+0000] {processor.py:183} INFO - Processing /home/airflow/.local/lib/python3.8/site-packages/airflow/example_dags/example_task_group_decorator.py took 0.086 seconds
[2024-03-21T00:20:39.436+0000] {processor.py:161} INFO - Started process (PID=452) to work on /home/airflow/.local/lib/python3.8/site-packages/airflow/example_dags/example_task_group_decorator.py
[2024-03-21T00:20:39.437+0000] {processor.py:830} INFO - Processing file /home/airflow/.local/lib/python3.8/site-packages/airflow/example_dags/example_task_group_decorator.py for tasks to queue
[2024-03-21T00:20:39.439+0000] {logging_mixin.py:188} INFO - [2024-03-21T00:20:39.439+0000] {dagbag.py:540} INFO - Filling up the DagBag from /home/airflow/.local/lib/python3.8/site-packages/airflow/example_dags/example_task_group_decorator.py
[2024-03-21T00:20:39.455+0000] {processor.py:840} INFO - DAG(s) 'example_task_group_decorator' retrieved from /home/airflow/.local/lib/python3.8/site-packages/airflow/example_dags/example_task_group_decorator.py
[2024-03-21T00:20:39.483+0000] {logging_mixin.py:188} INFO - [2024-03-21T00:20:39.482+0000] {dag.py:3047} INFO - Sync 1 DAGs
[2024-03-21T00:20:39.503+0000] {logging_mixin.py:188} INFO - [2024-03-21T00:20:39.503+0000] {dag.py:3834} INFO - Setting next_dagrun for example_task_group_decorator to 2024-03-20 00:00:00+00:00, run_after=2024-03-21 00:00:00+00:00
[2024-03-21T00:20:39.523+0000] {processor.py:183} INFO - Processing /home/airflow/.local/lib/python3.8/site-packages/airflow/example_dags/example_task_group_decorator.py took 0.090 seconds
[2024-03-21T00:21:09.759+0000] {processor.py:161} INFO - Started process (PID=507) to work on /home/airflow/.local/lib/python3.8/site-packages/airflow/example_dags/example_task_group_decorator.py
[2024-03-21T00:21:09.760+0000] {processor.py:830} INFO - Processing file /home/airflow/.local/lib/python3.8/site-packages/airflow/example_dags/example_task_group_decorator.py for tasks to queue
[2024-03-21T00:21:09.762+0000] {logging_mixin.py:188} INFO - [2024-03-21T00:21:09.762+0000] {dagbag.py:540} INFO - Filling up the DagBag from /home/airflow/.local/lib/python3.8/site-packages/airflow/example_dags/example_task_group_decorator.py
[2024-03-21T00:21:09.781+0000] {processor.py:840} INFO - DAG(s) 'example_task_group_decorator' retrieved from /home/airflow/.local/lib/python3.8/site-packages/airflow/example_dags/example_task_group_decorator.py
[2024-03-21T00:21:09.814+0000] {logging_mixin.py:188} INFO - [2024-03-21T00:21:09.814+0000] {dag.py:3047} INFO - Sync 1 DAGs
[2024-03-21T00:21:09.840+0000] {logging_mixin.py:188} INFO - [2024-03-21T00:21:09.840+0000] {dag.py:3834} INFO - Setting next_dagrun for example_task_group_decorator to 2024-03-20 00:00:00+00:00, run_after=2024-03-21 00:00:00+00:00
[2024-03-21T00:21:09.864+0000] {processor.py:183} INFO - Processing /home/airflow/.local/lib/python3.8/site-packages/airflow/example_dags/example_task_group_decorator.py took 0.108 seconds
[2024-03-21T00:21:40.141+0000] {processor.py:161} INFO - Started process (PID=562) to work on /home/airflow/.local/lib/python3.8/site-packages/airflow/example_dags/example_task_group_decorator.py
[2024-03-21T00:21:40.142+0000] {processor.py:830} INFO - Processing file /home/airflow/.local/lib/python3.8/site-packages/airflow/example_dags/example_task_group_decorator.py for tasks to queue
[2024-03-21T00:21:40.144+0000] {logging_mixin.py:188} INFO - [2024-03-21T00:21:40.143+0000] {dagbag.py:540} INFO - Filling up the DagBag from /home/airflow/.local/lib/python3.8/site-packages/airflow/example_dags/example_task_group_decorator.py
[2024-03-21T00:21:40.158+0000] {processor.py:840} INFO - DAG(s) 'example_task_group_decorator' retrieved from /home/airflow/.local/lib/python3.8/site-packages/airflow/example_dags/example_task_group_decorator.py
[2024-03-21T00:21:40.185+0000] {logging_mixin.py:188} INFO - [2024-03-21T00:21:40.185+0000] {dag.py:3047} INFO - Sync 1 DAGs
[2024-03-21T00:21:40.207+0000] {logging_mixin.py:188} INFO - [2024-03-21T00:21:40.207+0000] {dag.py:3834} INFO - Setting next_dagrun for example_task_group_decorator to 2024-03-20 00:00:00+00:00, run_after=2024-03-21 00:00:00+00:00
[2024-03-21T00:21:40.230+0000] {processor.py:183} INFO - Processing /home/airflow/.local/lib/python3.8/site-packages/airflow/example_dags/example_task_group_decorator.py took 0.092 seconds
[2024-03-21T01:13:20.229+0000] {processor.py:161} INFO - Started process (PID=56) to work on /home/airflow/.local/lib/python3.8/site-packages/airflow/example_dags/example_task_group_decorator.py
[2024-03-21T01:13:20.233+0000] {processor.py:830} INFO - Processing file /home/airflow/.local/lib/python3.8/site-packages/airflow/example_dags/example_task_group_decorator.py for tasks to queue
[2024-03-21T01:13:20.235+0000] {logging_mixin.py:188} INFO - [2024-03-21T01:13:20.235+0000] {dagbag.py:540} INFO - Filling up the DagBag from /home/airflow/.local/lib/python3.8/site-packages/airflow/example_dags/example_task_group_decorator.py
[2024-03-21T01:13:20.265+0000] {processor.py:840} INFO - DAG(s) 'example_task_group_decorator' retrieved from /home/airflow/.local/lib/python3.8/site-packages/airflow/example_dags/example_task_group_decorator.py
[2024-03-21T01:13:20.313+0000] {logging_mixin.py:188} INFO - [2024-03-21T01:13:20.313+0000] {dag.py:3047} INFO - Sync 1 DAGs
[2024-03-21T01:13:20.350+0000] {logging_mixin.py:188} INFO - [2024-03-21T01:13:20.350+0000] {dag.py:3834} INFO - Setting next_dagrun for example_task_group_decorator to 2024-03-20 00:00:00+00:00, run_after=2024-03-21 00:00:00+00:00
[2024-03-21T01:13:20.407+0000] {processor.py:183} INFO - Processing /home/airflow/.local/lib/python3.8/site-packages/airflow/example_dags/example_task_group_decorator.py took 0.181 seconds
[2024-03-21T01:13:50.436+0000] {processor.py:161} INFO - Started process (PID=111) to work on /home/airflow/.local/lib/python3.8/site-packages/airflow/example_dags/example_task_group_decorator.py
[2024-03-21T01:13:50.438+0000] {processor.py:830} INFO - Processing file /home/airflow/.local/lib/python3.8/site-packages/airflow/example_dags/example_task_group_decorator.py for tasks to queue
[2024-03-21T01:13:50.439+0000] {logging_mixin.py:188} INFO - [2024-03-21T01:13:50.439+0000] {dagbag.py:540} INFO - Filling up the DagBag from /home/airflow/.local/lib/python3.8/site-packages/airflow/example_dags/example_task_group_decorator.py
[2024-03-21T01:13:50.454+0000] {processor.py:840} INFO - DAG(s) 'example_task_group_decorator' retrieved from /home/airflow/.local/lib/python3.8/site-packages/airflow/example_dags/example_task_group_decorator.py
[2024-03-21T01:13:50.480+0000] {logging_mixin.py:188} INFO - [2024-03-21T01:13:50.480+0000] {dag.py:3047} INFO - Sync 1 DAGs
[2024-03-21T01:13:50.500+0000] {logging_mixin.py:188} INFO - [2024-03-21T01:13:50.499+0000] {dag.py:3834} INFO - Setting next_dagrun for example_task_group_decorator to 2024-03-20 00:00:00+00:00, run_after=2024-03-21 00:00:00+00:00
[2024-03-21T01:13:50.520+0000] {processor.py:183} INFO - Processing /home/airflow/.local/lib/python3.8/site-packages/airflow/example_dags/example_task_group_decorator.py took 0.086 seconds
[2024-03-21T01:14:20.969+0000] {processor.py:161} INFO - Started process (PID=166) to work on /home/airflow/.local/lib/python3.8/site-packages/airflow/example_dags/example_task_group_decorator.py
[2024-03-21T01:14:20.970+0000] {processor.py:830} INFO - Processing file /home/airflow/.local/lib/python3.8/site-packages/airflow/example_dags/example_task_group_decorator.py for tasks to queue
[2024-03-21T01:14:20.972+0000] {logging_mixin.py:188} INFO - [2024-03-21T01:14:20.972+0000] {dagbag.py:540} INFO - Filling up the DagBag from /home/airflow/.local/lib/python3.8/site-packages/airflow/example_dags/example_task_group_decorator.py
[2024-03-21T01:14:20.989+0000] {processor.py:840} INFO - DAG(s) 'example_task_group_decorator' retrieved from /home/airflow/.local/lib/python3.8/site-packages/airflow/example_dags/example_task_group_decorator.py
[2024-03-21T01:14:21.017+0000] {logging_mixin.py:188} INFO - [2024-03-21T01:14:21.017+0000] {dag.py:3047} INFO - Sync 1 DAGs
[2024-03-21T01:14:21.046+0000] {logging_mixin.py:188} INFO - [2024-03-21T01:14:21.046+0000] {dag.py:3834} INFO - Setting next_dagrun for example_task_group_decorator to 2024-03-20 00:00:00+00:00, run_after=2024-03-21 00:00:00+00:00
[2024-03-21T01:14:21.069+0000] {processor.py:183} INFO - Processing /home/airflow/.local/lib/python3.8/site-packages/airflow/example_dags/example_task_group_decorator.py took 0.104 seconds
[2024-03-21T01:14:52.207+0000] {processor.py:161} INFO - Started process (PID=221) to work on /home/airflow/.local/lib/python3.8/site-packages/airflow/example_dags/example_task_group_decorator.py
[2024-03-21T01:14:52.210+0000] {processor.py:830} INFO - Processing file /home/airflow/.local/lib/python3.8/site-packages/airflow/example_dags/example_task_group_decorator.py for tasks to queue
[2024-03-21T01:14:52.214+0000] {logging_mixin.py:188} INFO - [2024-03-21T01:14:52.213+0000] {dagbag.py:540} INFO - Filling up the DagBag from /home/airflow/.local/lib/python3.8/site-packages/airflow/example_dags/example_task_group_decorator.py
[2024-03-21T01:14:52.269+0000] {processor.py:840} INFO - DAG(s) 'example_task_group_decorator' retrieved from /home/airflow/.local/lib/python3.8/site-packages/airflow/example_dags/example_task_group_decorator.py
[2024-03-21T01:14:52.355+0000] {logging_mixin.py:188} INFO - [2024-03-21T01:14:52.354+0000] {dag.py:3047} INFO - Sync 1 DAGs
[2024-03-21T01:14:52.417+0000] {logging_mixin.py:188} INFO - [2024-03-21T01:14:52.416+0000] {dag.py:3834} INFO - Setting next_dagrun for example_task_group_decorator to 2024-03-20 00:00:00+00:00, run_after=2024-03-21 00:00:00+00:00
[2024-03-21T01:14:52.505+0000] {processor.py:183} INFO - Processing /home/airflow/.local/lib/python3.8/site-packages/airflow/example_dags/example_task_group_decorator.py took 0.304 seconds
[2024-03-21T01:15:27.173+0000] {processor.py:161} INFO - Started process (PID=276) to work on /home/airflow/.local/lib/python3.8/site-packages/airflow/example_dags/example_task_group_decorator.py
[2024-03-21T01:15:27.176+0000] {processor.py:830} INFO - Processing file /home/airflow/.local/lib/python3.8/site-packages/airflow/example_dags/example_task_group_decorator.py for tasks to queue
[2024-03-21T01:15:27.187+0000] {logging_mixin.py:188} INFO - [2024-03-21T01:15:27.186+0000] {dagbag.py:540} INFO - Filling up the DagBag from /home/airflow/.local/lib/python3.8/site-packages/airflow/example_dags/example_task_group_decorator.py
[2024-03-21T01:15:27.248+0000] {processor.py:840} INFO - DAG(s) 'example_task_group_decorator' retrieved from /home/airflow/.local/lib/python3.8/site-packages/airflow/example_dags/example_task_group_decorator.py
[2024-03-21T01:15:27.340+0000] {logging_mixin.py:188} INFO - [2024-03-21T01:15:27.339+0000] {dag.py:3047} INFO - Sync 1 DAGs
[2024-03-21T01:15:27.480+0000] {logging_mixin.py:188} INFO - [2024-03-21T01:15:27.479+0000] {dag.py:3834} INFO - Setting next_dagrun for example_task_group_decorator to 2024-03-20 00:00:00+00:00, run_after=2024-03-21 00:00:00+00:00
[2024-03-21T01:15:27.542+0000] {processor.py:183} INFO - Processing /home/airflow/.local/lib/python3.8/site-packages/airflow/example_dags/example_task_group_decorator.py took 0.386 seconds
[2024-03-21T01:15:58.236+0000] {processor.py:161} INFO - Started process (PID=331) to work on /home/airflow/.local/lib/python3.8/site-packages/airflow/example_dags/example_task_group_decorator.py
[2024-03-21T01:15:58.238+0000] {processor.py:830} INFO - Processing file /home/airflow/.local/lib/python3.8/site-packages/airflow/example_dags/example_task_group_decorator.py for tasks to queue
[2024-03-21T01:15:58.240+0000] {logging_mixin.py:188} INFO - [2024-03-21T01:15:58.240+0000] {dagbag.py:540} INFO - Filling up the DagBag from /home/airflow/.local/lib/python3.8/site-packages/airflow/example_dags/example_task_group_decorator.py
[2024-03-21T01:15:58.256+0000] {processor.py:840} INFO - DAG(s) 'example_task_group_decorator' retrieved from /home/airflow/.local/lib/python3.8/site-packages/airflow/example_dags/example_task_group_decorator.py
[2024-03-21T01:15:58.269+0000] {logging_mixin.py:188} INFO - [2024-03-21T01:15:58.269+0000] {dag.py:3047} INFO - Sync 1 DAGs
[2024-03-21T01:15:58.292+0000] {logging_mixin.py:188} INFO - [2024-03-21T01:15:58.292+0000] {dag.py:3834} INFO - Setting next_dagrun for example_task_group_decorator to 2024-03-20 00:00:00+00:00, run_after=2024-03-21 00:00:00+00:00
[2024-03-21T01:15:58.318+0000] {processor.py:183} INFO - Processing /home/airflow/.local/lib/python3.8/site-packages/airflow/example_dags/example_task_group_decorator.py took 0.085 seconds
[2024-03-21T01:16:29.007+0000] {processor.py:161} INFO - Started process (PID=391) to work on /home/airflow/.local/lib/python3.8/site-packages/airflow/example_dags/example_task_group_decorator.py
[2024-03-21T01:16:29.009+0000] {processor.py:830} INFO - Processing file /home/airflow/.local/lib/python3.8/site-packages/airflow/example_dags/example_task_group_decorator.py for tasks to queue
[2024-03-21T01:16:29.011+0000] {logging_mixin.py:188} INFO - [2024-03-21T01:16:29.011+0000] {dagbag.py:540} INFO - Filling up the DagBag from /home/airflow/.local/lib/python3.8/site-packages/airflow/example_dags/example_task_group_decorator.py
[2024-03-21T01:16:29.029+0000] {processor.py:840} INFO - DAG(s) 'example_task_group_decorator' retrieved from /home/airflow/.local/lib/python3.8/site-packages/airflow/example_dags/example_task_group_decorator.py
[2024-03-21T01:16:29.145+0000] {logging_mixin.py:188} INFO - [2024-03-21T01:16:29.145+0000] {dag.py:3047} INFO - Sync 1 DAGs
[2024-03-21T01:16:29.165+0000] {logging_mixin.py:188} INFO - [2024-03-21T01:16:29.164+0000] {dag.py:3834} INFO - Setting next_dagrun for example_task_group_decorator to 2024-03-20 00:00:00+00:00, run_after=2024-03-21 00:00:00+00:00
[2024-03-21T01:16:29.187+0000] {processor.py:183} INFO - Processing /home/airflow/.local/lib/python3.8/site-packages/airflow/example_dags/example_task_group_decorator.py took 0.184 seconds
[2024-03-21T01:17:01.142+0000] {processor.py:161} INFO - Started process (PID=445) to work on /home/airflow/.local/lib/python3.8/site-packages/airflow/example_dags/example_task_group_decorator.py
[2024-03-21T01:17:01.145+0000] {processor.py:830} INFO - Processing file /home/airflow/.local/lib/python3.8/site-packages/airflow/example_dags/example_task_group_decorator.py for tasks to queue
[2024-03-21T01:17:01.150+0000] {logging_mixin.py:188} INFO - [2024-03-21T01:17:01.149+0000] {dagbag.py:540} INFO - Filling up the DagBag from /home/airflow/.local/lib/python3.8/site-packages/airflow/example_dags/example_task_group_decorator.py
[2024-03-21T01:17:01.204+0000] {processor.py:840} INFO - DAG(s) 'example_task_group_decorator' retrieved from /home/airflow/.local/lib/python3.8/site-packages/airflow/example_dags/example_task_group_decorator.py
[2024-03-21T01:17:01.293+0000] {logging_mixin.py:188} INFO - [2024-03-21T01:17:01.293+0000] {dag.py:3047} INFO - Sync 1 DAGs
[2024-03-21T01:17:01.364+0000] {logging_mixin.py:188} INFO - [2024-03-21T01:17:01.363+0000] {dag.py:3834} INFO - Setting next_dagrun for example_task_group_decorator to 2024-03-20 00:00:00+00:00, run_after=2024-03-21 00:00:00+00:00
[2024-03-21T01:17:01.411+0000] {processor.py:183} INFO - Processing /home/airflow/.local/lib/python3.8/site-packages/airflow/example_dags/example_task_group_decorator.py took 0.281 seconds
[2024-03-21T01:17:31.449+0000] {processor.py:161} INFO - Started process (PID=500) to work on /home/airflow/.local/lib/python3.8/site-packages/airflow/example_dags/example_task_group_decorator.py
[2024-03-21T01:17:31.450+0000] {processor.py:830} INFO - Processing file /home/airflow/.local/lib/python3.8/site-packages/airflow/example_dags/example_task_group_decorator.py for tasks to queue
[2024-03-21T01:17:31.452+0000] {logging_mixin.py:188} INFO - [2024-03-21T01:17:31.452+0000] {dagbag.py:540} INFO - Filling up the DagBag from /home/airflow/.local/lib/python3.8/site-packages/airflow/example_dags/example_task_group_decorator.py
[2024-03-21T01:17:31.480+0000] {processor.py:840} INFO - DAG(s) 'example_task_group_decorator' retrieved from /home/airflow/.local/lib/python3.8/site-packages/airflow/example_dags/example_task_group_decorator.py
[2024-03-21T01:17:31.521+0000] {logging_mixin.py:188} INFO - [2024-03-21T01:17:31.521+0000] {dag.py:3047} INFO - Sync 1 DAGs
[2024-03-21T01:17:31.554+0000] {logging_mixin.py:188} INFO - [2024-03-21T01:17:31.554+0000] {dag.py:3834} INFO - Setting next_dagrun for example_task_group_decorator to 2024-03-20 00:00:00+00:00, run_after=2024-03-21 00:00:00+00:00
[2024-03-21T01:17:31.590+0000] {processor.py:183} INFO - Processing /home/airflow/.local/lib/python3.8/site-packages/airflow/example_dags/example_task_group_decorator.py took 0.147 seconds
[2024-03-21T01:18:02.203+0000] {processor.py:161} INFO - Started process (PID=555) to work on /home/airflow/.local/lib/python3.8/site-packages/airflow/example_dags/example_task_group_decorator.py
[2024-03-21T01:18:02.205+0000] {processor.py:830} INFO - Processing file /home/airflow/.local/lib/python3.8/site-packages/airflow/example_dags/example_task_group_decorator.py for tasks to queue
[2024-03-21T01:18:02.209+0000] {logging_mixin.py:188} INFO - [2024-03-21T01:18:02.208+0000] {dagbag.py:540} INFO - Filling up the DagBag from /home/airflow/.local/lib/python3.8/site-packages/airflow/example_dags/example_task_group_decorator.py
[2024-03-21T01:18:02.241+0000] {processor.py:840} INFO - DAG(s) 'example_task_group_decorator' retrieved from /home/airflow/.local/lib/python3.8/site-packages/airflow/example_dags/example_task_group_decorator.py
[2024-03-21T01:18:02.283+0000] {logging_mixin.py:188} INFO - [2024-03-21T01:18:02.283+0000] {dag.py:3047} INFO - Sync 1 DAGs
[2024-03-21T01:18:02.329+0000] {logging_mixin.py:188} INFO - [2024-03-21T01:18:02.328+0000] {dag.py:3834} INFO - Setting next_dagrun for example_task_group_decorator to 2024-03-20 00:00:00+00:00, run_after=2024-03-21 00:00:00+00:00
[2024-03-21T01:18:02.360+0000] {processor.py:183} INFO - Processing /home/airflow/.local/lib/python3.8/site-packages/airflow/example_dags/example_task_group_decorator.py took 0.162 seconds
[2024-03-21T01:18:32.997+0000] {processor.py:161} INFO - Started process (PID=610) to work on /home/airflow/.local/lib/python3.8/site-packages/airflow/example_dags/example_task_group_decorator.py
[2024-03-21T01:18:33.000+0000] {processor.py:830} INFO - Processing file /home/airflow/.local/lib/python3.8/site-packages/airflow/example_dags/example_task_group_decorator.py for tasks to queue
[2024-03-21T01:18:33.003+0000] {logging_mixin.py:188} INFO - [2024-03-21T01:18:33.002+0000] {dagbag.py:540} INFO - Filling up the DagBag from /home/airflow/.local/lib/python3.8/site-packages/airflow/example_dags/example_task_group_decorator.py
[2024-03-21T01:18:33.035+0000] {processor.py:840} INFO - DAG(s) 'example_task_group_decorator' retrieved from /home/airflow/.local/lib/python3.8/site-packages/airflow/example_dags/example_task_group_decorator.py
[2024-03-21T01:18:33.077+0000] {logging_mixin.py:188} INFO - [2024-03-21T01:18:33.077+0000] {dag.py:3047} INFO - Sync 1 DAGs
[2024-03-21T01:18:33.113+0000] {logging_mixin.py:188} INFO - [2024-03-21T01:18:33.113+0000] {dag.py:3834} INFO - Setting next_dagrun for example_task_group_decorator to 2024-03-20 00:00:00+00:00, run_after=2024-03-21 00:00:00+00:00
[2024-03-21T01:18:33.142+0000] {processor.py:183} INFO - Processing /home/airflow/.local/lib/python3.8/site-packages/airflow/example_dags/example_task_group_decorator.py took 0.151 seconds
[2024-03-21T01:19:03.812+0000] {processor.py:161} INFO - Started process (PID=665) to work on /home/airflow/.local/lib/python3.8/site-packages/airflow/example_dags/example_task_group_decorator.py
[2024-03-21T01:19:03.814+0000] {processor.py:830} INFO - Processing file /home/airflow/.local/lib/python3.8/site-packages/airflow/example_dags/example_task_group_decorator.py for tasks to queue
[2024-03-21T01:19:03.818+0000] {logging_mixin.py:188} INFO - [2024-03-21T01:19:03.817+0000] {dagbag.py:540} INFO - Filling up the DagBag from /home/airflow/.local/lib/python3.8/site-packages/airflow/example_dags/example_task_group_decorator.py
[2024-03-21T01:19:03.850+0000] {processor.py:840} INFO - DAG(s) 'example_task_group_decorator' retrieved from /home/airflow/.local/lib/python3.8/site-packages/airflow/example_dags/example_task_group_decorator.py
[2024-03-21T01:19:03.903+0000] {logging_mixin.py:188} INFO - [2024-03-21T01:19:03.902+0000] {dag.py:3047} INFO - Sync 1 DAGs
[2024-03-21T01:19:03.962+0000] {logging_mixin.py:188} INFO - [2024-03-21T01:19:03.962+0000] {dag.py:3834} INFO - Setting next_dagrun for example_task_group_decorator to 2024-03-20 00:00:00+00:00, run_after=2024-03-21 00:00:00+00:00
[2024-03-21T01:19:03.995+0000] {processor.py:183} INFO - Processing /home/airflow/.local/lib/python3.8/site-packages/airflow/example_dags/example_task_group_decorator.py took 0.188 seconds
[2024-03-21T01:19:34.156+0000] {processor.py:161} INFO - Started process (PID=721) to work on /home/airflow/.local/lib/python3.8/site-packages/airflow/example_dags/example_task_group_decorator.py
[2024-03-21T01:19:34.158+0000] {processor.py:830} INFO - Processing file /home/airflow/.local/lib/python3.8/site-packages/airflow/example_dags/example_task_group_decorator.py for tasks to queue
[2024-03-21T01:19:34.160+0000] {logging_mixin.py:188} INFO - [2024-03-21T01:19:34.159+0000] {dagbag.py:540} INFO - Filling up the DagBag from /home/airflow/.local/lib/python3.8/site-packages/airflow/example_dags/example_task_group_decorator.py
[2024-03-21T01:19:34.177+0000] {processor.py:840} INFO - DAG(s) 'example_task_group_decorator' retrieved from /home/airflow/.local/lib/python3.8/site-packages/airflow/example_dags/example_task_group_decorator.py
[2024-03-21T01:19:34.208+0000] {logging_mixin.py:188} INFO - [2024-03-21T01:19:34.208+0000] {dag.py:3047} INFO - Sync 1 DAGs
[2024-03-21T01:19:34.233+0000] {logging_mixin.py:188} INFO - [2024-03-21T01:19:34.233+0000] {dag.py:3834} INFO - Setting next_dagrun for example_task_group_decorator to 2024-03-20 00:00:00+00:00, run_after=2024-03-21 00:00:00+00:00
[2024-03-21T01:19:34.256+0000] {processor.py:183} INFO - Processing /home/airflow/.local/lib/python3.8/site-packages/airflow/example_dags/example_task_group_decorator.py took 0.103 seconds
[2024-03-21T01:20:04.682+0000] {processor.py:161} INFO - Started process (PID=776) to work on /home/airflow/.local/lib/python3.8/site-packages/airflow/example_dags/example_task_group_decorator.py
[2024-03-21T01:20:04.684+0000] {processor.py:830} INFO - Processing file /home/airflow/.local/lib/python3.8/site-packages/airflow/example_dags/example_task_group_decorator.py for tasks to queue
[2024-03-21T01:20:04.693+0000] {logging_mixin.py:188} INFO - [2024-03-21T01:20:04.693+0000] {dagbag.py:540} INFO - Filling up the DagBag from /home/airflow/.local/lib/python3.8/site-packages/airflow/example_dags/example_task_group_decorator.py
[2024-03-21T01:20:04.716+0000] {processor.py:840} INFO - DAG(s) 'example_task_group_decorator' retrieved from /home/airflow/.local/lib/python3.8/site-packages/airflow/example_dags/example_task_group_decorator.py
[2024-03-21T01:20:04.766+0000] {logging_mixin.py:188} INFO - [2024-03-21T01:20:04.766+0000] {dag.py:3047} INFO - Sync 1 DAGs
[2024-03-21T01:20:04.801+0000] {logging_mixin.py:188} INFO - [2024-03-21T01:20:04.801+0000] {dag.py:3834} INFO - Setting next_dagrun for example_task_group_decorator to 2024-03-20 00:00:00+00:00, run_after=2024-03-21 00:00:00+00:00
[2024-03-21T01:20:04.837+0000] {processor.py:183} INFO - Processing /home/airflow/.local/lib/python3.8/site-packages/airflow/example_dags/example_task_group_decorator.py took 0.159 seconds
[2024-03-21T01:20:35.320+0000] {processor.py:161} INFO - Started process (PID=831) to work on /home/airflow/.local/lib/python3.8/site-packages/airflow/example_dags/example_task_group_decorator.py
[2024-03-21T01:20:35.322+0000] {processor.py:830} INFO - Processing file /home/airflow/.local/lib/python3.8/site-packages/airflow/example_dags/example_task_group_decorator.py for tasks to queue
[2024-03-21T01:20:35.326+0000] {logging_mixin.py:188} INFO - [2024-03-21T01:20:35.325+0000] {dagbag.py:540} INFO - Filling up the DagBag from /home/airflow/.local/lib/python3.8/site-packages/airflow/example_dags/example_task_group_decorator.py
[2024-03-21T01:20:35.384+0000] {processor.py:840} INFO - DAG(s) 'example_task_group_decorator' retrieved from /home/airflow/.local/lib/python3.8/site-packages/airflow/example_dags/example_task_group_decorator.py
[2024-03-21T01:20:35.424+0000] {logging_mixin.py:188} INFO - [2024-03-21T01:20:35.423+0000] {dag.py:3047} INFO - Sync 1 DAGs
[2024-03-21T01:20:35.457+0000] {logging_mixin.py:188} INFO - [2024-03-21T01:20:35.457+0000] {dag.py:3834} INFO - Setting next_dagrun for example_task_group_decorator to 2024-03-20 00:00:00+00:00, run_after=2024-03-21 00:00:00+00:00
[2024-03-21T01:20:35.491+0000] {processor.py:183} INFO - Processing /home/airflow/.local/lib/python3.8/site-packages/airflow/example_dags/example_task_group_decorator.py took 0.185 seconds
[2024-03-21T01:21:06.061+0000] {processor.py:161} INFO - Started process (PID=885) to work on /home/airflow/.local/lib/python3.8/site-packages/airflow/example_dags/example_task_group_decorator.py
[2024-03-21T01:21:06.062+0000] {processor.py:830} INFO - Processing file /home/airflow/.local/lib/python3.8/site-packages/airflow/example_dags/example_task_group_decorator.py for tasks to queue
[2024-03-21T01:21:06.065+0000] {logging_mixin.py:188} INFO - [2024-03-21T01:21:06.064+0000] {dagbag.py:540} INFO - Filling up the DagBag from /home/airflow/.local/lib/python3.8/site-packages/airflow/example_dags/example_task_group_decorator.py
[2024-03-21T01:21:06.095+0000] {processor.py:840} INFO - DAG(s) 'example_task_group_decorator' retrieved from /home/airflow/.local/lib/python3.8/site-packages/airflow/example_dags/example_task_group_decorator.py
[2024-03-21T01:21:06.149+0000] {logging_mixin.py:188} INFO - [2024-03-21T01:21:06.149+0000] {dag.py:3047} INFO - Sync 1 DAGs
[2024-03-21T01:21:06.187+0000] {logging_mixin.py:188} INFO - [2024-03-21T01:21:06.187+0000] {dag.py:3834} INFO - Setting next_dagrun for example_task_group_decorator to 2024-03-20 00:00:00+00:00, run_after=2024-03-21 00:00:00+00:00
[2024-03-21T01:21:06.216+0000] {processor.py:183} INFO - Processing /home/airflow/.local/lib/python3.8/site-packages/airflow/example_dags/example_task_group_decorator.py took 0.162 seconds
[2024-03-21T01:21:38.687+0000] {processor.py:161} INFO - Started process (PID=940) to work on /home/airflow/.local/lib/python3.8/site-packages/airflow/example_dags/example_task_group_decorator.py
[2024-03-21T01:21:38.690+0000] {processor.py:830} INFO - Processing file /home/airflow/.local/lib/python3.8/site-packages/airflow/example_dags/example_task_group_decorator.py for tasks to queue
[2024-03-21T01:21:38.696+0000] {logging_mixin.py:188} INFO - [2024-03-21T01:21:38.695+0000] {dagbag.py:540} INFO - Filling up the DagBag from /home/airflow/.local/lib/python3.8/site-packages/airflow/example_dags/example_task_group_decorator.py
[2024-03-21T01:21:38.747+0000] {processor.py:840} INFO - DAG(s) 'example_task_group_decorator' retrieved from /home/airflow/.local/lib/python3.8/site-packages/airflow/example_dags/example_task_group_decorator.py
[2024-03-21T01:21:38.810+0000] {logging_mixin.py:188} INFO - [2024-03-21T01:21:38.809+0000] {dag.py:3047} INFO - Sync 1 DAGs
[2024-03-21T01:21:38.849+0000] {logging_mixin.py:188} INFO - [2024-03-21T01:21:38.849+0000] {dag.py:3834} INFO - Setting next_dagrun for example_task_group_decorator to 2024-03-20 00:00:00+00:00, run_after=2024-03-21 00:00:00+00:00
[2024-03-21T01:21:38.877+0000] {processor.py:183} INFO - Processing /home/airflow/.local/lib/python3.8/site-packages/airflow/example_dags/example_task_group_decorator.py took 0.195 seconds
[2024-03-21T01:22:09.674+0000] {processor.py:161} INFO - Started process (PID=996) to work on /home/airflow/.local/lib/python3.8/site-packages/airflow/example_dags/example_task_group_decorator.py
[2024-03-21T01:22:09.675+0000] {processor.py:830} INFO - Processing file /home/airflow/.local/lib/python3.8/site-packages/airflow/example_dags/example_task_group_decorator.py for tasks to queue
[2024-03-21T01:22:09.678+0000] {logging_mixin.py:188} INFO - [2024-03-21T01:22:09.677+0000] {dagbag.py:540} INFO - Filling up the DagBag from /home/airflow/.local/lib/python3.8/site-packages/airflow/example_dags/example_task_group_decorator.py
[2024-03-21T01:22:09.699+0000] {processor.py:840} INFO - DAG(s) 'example_task_group_decorator' retrieved from /home/airflow/.local/lib/python3.8/site-packages/airflow/example_dags/example_task_group_decorator.py
[2024-03-21T01:22:09.728+0000] {logging_mixin.py:188} INFO - [2024-03-21T01:22:09.727+0000] {dag.py:3047} INFO - Sync 1 DAGs
[2024-03-21T01:22:09.749+0000] {logging_mixin.py:188} INFO - [2024-03-21T01:22:09.749+0000] {dag.py:3834} INFO - Setting next_dagrun for example_task_group_decorator to 2024-03-20 00:00:00+00:00, run_after=2024-03-21 00:00:00+00:00
[2024-03-21T01:22:09.771+0000] {processor.py:183} INFO - Processing /home/airflow/.local/lib/python3.8/site-packages/airflow/example_dags/example_task_group_decorator.py took 0.102 seconds
[2024-03-21T01:22:40.082+0000] {processor.py:161} INFO - Started process (PID=1051) to work on /home/airflow/.local/lib/python3.8/site-packages/airflow/example_dags/example_task_group_decorator.py
[2024-03-21T01:22:40.084+0000] {processor.py:830} INFO - Processing file /home/airflow/.local/lib/python3.8/site-packages/airflow/example_dags/example_task_group_decorator.py for tasks to queue
[2024-03-21T01:22:40.086+0000] {logging_mixin.py:188} INFO - [2024-03-21T01:22:40.086+0000] {dagbag.py:540} INFO - Filling up the DagBag from /home/airflow/.local/lib/python3.8/site-packages/airflow/example_dags/example_task_group_decorator.py
[2024-03-21T01:22:40.110+0000] {processor.py:840} INFO - DAG(s) 'example_task_group_decorator' retrieved from /home/airflow/.local/lib/python3.8/site-packages/airflow/example_dags/example_task_group_decorator.py
[2024-03-21T01:22:40.149+0000] {logging_mixin.py:188} INFO - [2024-03-21T01:22:40.149+0000] {dag.py:3047} INFO - Sync 1 DAGs
[2024-03-21T01:22:40.183+0000] {logging_mixin.py:188} INFO - [2024-03-21T01:22:40.183+0000] {dag.py:3834} INFO - Setting next_dagrun for example_task_group_decorator to 2024-03-20 00:00:00+00:00, run_after=2024-03-21 00:00:00+00:00
[2024-03-21T01:22:40.223+0000] {processor.py:183} INFO - Processing /home/airflow/.local/lib/python3.8/site-packages/airflow/example_dags/example_task_group_decorator.py took 0.146 seconds
[2024-03-21T01:23:10.548+0000] {processor.py:161} INFO - Started process (PID=1106) to work on /home/airflow/.local/lib/python3.8/site-packages/airflow/example_dags/example_task_group_decorator.py
[2024-03-21T01:23:10.549+0000] {processor.py:830} INFO - Processing file /home/airflow/.local/lib/python3.8/site-packages/airflow/example_dags/example_task_group_decorator.py for tasks to queue
[2024-03-21T01:23:10.551+0000] {logging_mixin.py:188} INFO - [2024-03-21T01:23:10.551+0000] {dagbag.py:540} INFO - Filling up the DagBag from /home/airflow/.local/lib/python3.8/site-packages/airflow/example_dags/example_task_group_decorator.py
[2024-03-21T01:23:10.572+0000] {processor.py:840} INFO - DAG(s) 'example_task_group_decorator' retrieved from /home/airflow/.local/lib/python3.8/site-packages/airflow/example_dags/example_task_group_decorator.py
[2024-03-21T01:23:10.598+0000] {logging_mixin.py:188} INFO - [2024-03-21T01:23:10.598+0000] {dag.py:3047} INFO - Sync 1 DAGs
[2024-03-21T01:23:10.631+0000] {logging_mixin.py:188} INFO - [2024-03-21T01:23:10.631+0000] {dag.py:3834} INFO - Setting next_dagrun for example_task_group_decorator to 2024-03-20 00:00:00+00:00, run_after=2024-03-21 00:00:00+00:00
[2024-03-21T01:23:10.666+0000] {processor.py:183} INFO - Processing /home/airflow/.local/lib/python3.8/site-packages/airflow/example_dags/example_task_group_decorator.py took 0.122 seconds
[2024-03-21T01:23:41.522+0000] {processor.py:161} INFO - Started process (PID=1160) to work on /home/airflow/.local/lib/python3.8/site-packages/airflow/example_dags/example_task_group_decorator.py
[2024-03-21T01:23:41.523+0000] {processor.py:830} INFO - Processing file /home/airflow/.local/lib/python3.8/site-packages/airflow/example_dags/example_task_group_decorator.py for tasks to queue
[2024-03-21T01:23:41.525+0000] {logging_mixin.py:188} INFO - [2024-03-21T01:23:41.525+0000] {dagbag.py:540} INFO - Filling up the DagBag from /home/airflow/.local/lib/python3.8/site-packages/airflow/example_dags/example_task_group_decorator.py
[2024-03-21T01:23:41.543+0000] {processor.py:840} INFO - DAG(s) 'example_task_group_decorator' retrieved from /home/airflow/.local/lib/python3.8/site-packages/airflow/example_dags/example_task_group_decorator.py
[2024-03-21T01:23:41.576+0000] {logging_mixin.py:188} INFO - [2024-03-21T01:23:41.575+0000] {dag.py:3047} INFO - Sync 1 DAGs
[2024-03-21T01:23:41.605+0000] {logging_mixin.py:188} INFO - [2024-03-21T01:23:41.605+0000] {dag.py:3834} INFO - Setting next_dagrun for example_task_group_decorator to 2024-03-20 00:00:00+00:00, run_after=2024-03-21 00:00:00+00:00
[2024-03-21T01:23:41.631+0000] {processor.py:183} INFO - Processing /home/airflow/.local/lib/python3.8/site-packages/airflow/example_dags/example_task_group_decorator.py took 0.112 seconds
[2024-03-21T01:24:11.894+0000] {processor.py:161} INFO - Started process (PID=1215) to work on /home/airflow/.local/lib/python3.8/site-packages/airflow/example_dags/example_task_group_decorator.py
[2024-03-21T01:24:11.895+0000] {processor.py:830} INFO - Processing file /home/airflow/.local/lib/python3.8/site-packages/airflow/example_dags/example_task_group_decorator.py for tasks to queue
[2024-03-21T01:24:11.896+0000] {logging_mixin.py:188} INFO - [2024-03-21T01:24:11.896+0000] {dagbag.py:540} INFO - Filling up the DagBag from /home/airflow/.local/lib/python3.8/site-packages/airflow/example_dags/example_task_group_decorator.py
[2024-03-21T01:24:11.913+0000] {processor.py:840} INFO - DAG(s) 'example_task_group_decorator' retrieved from /home/airflow/.local/lib/python3.8/site-packages/airflow/example_dags/example_task_group_decorator.py
[2024-03-21T01:24:11.947+0000] {logging_mixin.py:188} INFO - [2024-03-21T01:24:11.947+0000] {dag.py:3047} INFO - Sync 1 DAGs
[2024-03-21T01:24:11.973+0000] {logging_mixin.py:188} INFO - [2024-03-21T01:24:11.973+0000] {dag.py:3834} INFO - Setting next_dagrun for example_task_group_decorator to 2024-03-20 00:00:00+00:00, run_after=2024-03-21 00:00:00+00:00
[2024-03-21T01:24:11.999+0000] {processor.py:183} INFO - Processing /home/airflow/.local/lib/python3.8/site-packages/airflow/example_dags/example_task_group_decorator.py took 0.108 seconds
[2024-03-21T01:24:42.016+0000] {processor.py:161} INFO - Started process (PID=1270) to work on /home/airflow/.local/lib/python3.8/site-packages/airflow/example_dags/example_task_group_decorator.py
[2024-03-21T01:24:42.017+0000] {processor.py:830} INFO - Processing file /home/airflow/.local/lib/python3.8/site-packages/airflow/example_dags/example_task_group_decorator.py for tasks to queue
[2024-03-21T01:24:42.019+0000] {logging_mixin.py:188} INFO - [2024-03-21T01:24:42.019+0000] {dagbag.py:540} INFO - Filling up the DagBag from /home/airflow/.local/lib/python3.8/site-packages/airflow/example_dags/example_task_group_decorator.py
[2024-03-21T01:24:42.035+0000] {processor.py:840} INFO - DAG(s) 'example_task_group_decorator' retrieved from /home/airflow/.local/lib/python3.8/site-packages/airflow/example_dags/example_task_group_decorator.py
[2024-03-21T01:24:42.064+0000] {logging_mixin.py:188} INFO - [2024-03-21T01:24:42.063+0000] {dag.py:3047} INFO - Sync 1 DAGs
[2024-03-21T01:24:42.088+0000] {logging_mixin.py:188} INFO - [2024-03-21T01:24:42.088+0000] {dag.py:3834} INFO - Setting next_dagrun for example_task_group_decorator to 2024-03-20 00:00:00+00:00, run_after=2024-03-21 00:00:00+00:00
[2024-03-21T01:24:42.111+0000] {processor.py:183} INFO - Processing /home/airflow/.local/lib/python3.8/site-packages/airflow/example_dags/example_task_group_decorator.py took 0.098 seconds
[2024-03-21T01:25:12.209+0000] {processor.py:161} INFO - Started process (PID=1325) to work on /home/airflow/.local/lib/python3.8/site-packages/airflow/example_dags/example_task_group_decorator.py
[2024-03-21T01:25:12.210+0000] {processor.py:830} INFO - Processing file /home/airflow/.local/lib/python3.8/site-packages/airflow/example_dags/example_task_group_decorator.py for tasks to queue
[2024-03-21T01:25:12.212+0000] {logging_mixin.py:188} INFO - [2024-03-21T01:25:12.212+0000] {dagbag.py:540} INFO - Filling up the DagBag from /home/airflow/.local/lib/python3.8/site-packages/airflow/example_dags/example_task_group_decorator.py
[2024-03-21T01:25:12.228+0000] {processor.py:840} INFO - DAG(s) 'example_task_group_decorator' retrieved from /home/airflow/.local/lib/python3.8/site-packages/airflow/example_dags/example_task_group_decorator.py
[2024-03-21T01:25:12.258+0000] {logging_mixin.py:188} INFO - [2024-03-21T01:25:12.257+0000] {dag.py:3047} INFO - Sync 1 DAGs
[2024-03-21T01:25:12.283+0000] {logging_mixin.py:188} INFO - [2024-03-21T01:25:12.283+0000] {dag.py:3834} INFO - Setting next_dagrun for example_task_group_decorator to 2024-03-20 00:00:00+00:00, run_after=2024-03-21 00:00:00+00:00
[2024-03-21T01:25:12.308+0000] {processor.py:183} INFO - Processing /home/airflow/.local/lib/python3.8/site-packages/airflow/example_dags/example_task_group_decorator.py took 0.103 seconds
[2024-03-21T01:25:42.741+0000] {processor.py:161} INFO - Started process (PID=1380) to work on /home/airflow/.local/lib/python3.8/site-packages/airflow/example_dags/example_task_group_decorator.py
[2024-03-21T01:25:42.743+0000] {processor.py:830} INFO - Processing file /home/airflow/.local/lib/python3.8/site-packages/airflow/example_dags/example_task_group_decorator.py for tasks to queue
[2024-03-21T01:25:42.746+0000] {logging_mixin.py:188} INFO - [2024-03-21T01:25:42.745+0000] {dagbag.py:540} INFO - Filling up the DagBag from /home/airflow/.local/lib/python3.8/site-packages/airflow/example_dags/example_task_group_decorator.py
[2024-03-21T01:25:42.787+0000] {processor.py:840} INFO - DAG(s) 'example_task_group_decorator' retrieved from /home/airflow/.local/lib/python3.8/site-packages/airflow/example_dags/example_task_group_decorator.py
[2024-03-21T01:25:42.847+0000] {logging_mixin.py:188} INFO - [2024-03-21T01:25:42.846+0000] {dag.py:3047} INFO - Sync 1 DAGs
[2024-03-21T01:25:42.885+0000] {logging_mixin.py:188} INFO - [2024-03-21T01:25:42.885+0000] {dag.py:3834} INFO - Setting next_dagrun for example_task_group_decorator to 2024-03-20 00:00:00+00:00, run_after=2024-03-21 00:00:00+00:00
[2024-03-21T01:25:42.922+0000] {processor.py:183} INFO - Processing /home/airflow/.local/lib/python3.8/site-packages/airflow/example_dags/example_task_group_decorator.py took 0.189 seconds
[2024-03-21T01:26:13.797+0000] {processor.py:161} INFO - Started process (PID=1435) to work on /home/airflow/.local/lib/python3.8/site-packages/airflow/example_dags/example_task_group_decorator.py
[2024-03-21T01:26:13.798+0000] {processor.py:830} INFO - Processing file /home/airflow/.local/lib/python3.8/site-packages/airflow/example_dags/example_task_group_decorator.py for tasks to queue
[2024-03-21T01:26:13.799+0000] {logging_mixin.py:188} INFO - [2024-03-21T01:26:13.799+0000] {dagbag.py:540} INFO - Filling up the DagBag from /home/airflow/.local/lib/python3.8/site-packages/airflow/example_dags/example_task_group_decorator.py
[2024-03-21T01:26:13.816+0000] {processor.py:840} INFO - DAG(s) 'example_task_group_decorator' retrieved from /home/airflow/.local/lib/python3.8/site-packages/airflow/example_dags/example_task_group_decorator.py
[2024-03-21T01:26:13.845+0000] {logging_mixin.py:188} INFO - [2024-03-21T01:26:13.844+0000] {dag.py:3047} INFO - Sync 1 DAGs
[2024-03-21T01:26:13.869+0000] {logging_mixin.py:188} INFO - [2024-03-21T01:26:13.869+0000] {dag.py:3834} INFO - Setting next_dagrun for example_task_group_decorator to 2024-03-20 00:00:00+00:00, run_after=2024-03-21 00:00:00+00:00
[2024-03-21T01:26:13.893+0000] {processor.py:183} INFO - Processing /home/airflow/.local/lib/python3.8/site-packages/airflow/example_dags/example_task_group_decorator.py took 0.099 seconds
[2024-03-21T01:26:43.957+0000] {processor.py:161} INFO - Started process (PID=1490) to work on /home/airflow/.local/lib/python3.8/site-packages/airflow/example_dags/example_task_group_decorator.py
[2024-03-21T01:26:43.958+0000] {processor.py:830} INFO - Processing file /home/airflow/.local/lib/python3.8/site-packages/airflow/example_dags/example_task_group_decorator.py for tasks to queue
[2024-03-21T01:26:43.960+0000] {logging_mixin.py:188} INFO - [2024-03-21T01:26:43.959+0000] {dagbag.py:540} INFO - Filling up the DagBag from /home/airflow/.local/lib/python3.8/site-packages/airflow/example_dags/example_task_group_decorator.py
[2024-03-21T01:26:43.974+0000] {processor.py:840} INFO - DAG(s) 'example_task_group_decorator' retrieved from /home/airflow/.local/lib/python3.8/site-packages/airflow/example_dags/example_task_group_decorator.py
[2024-03-21T01:26:44.002+0000] {logging_mixin.py:188} INFO - [2024-03-21T01:26:44.002+0000] {dag.py:3047} INFO - Sync 1 DAGs
[2024-03-21T01:26:44.026+0000] {logging_mixin.py:188} INFO - [2024-03-21T01:26:44.026+0000] {dag.py:3834} INFO - Setting next_dagrun for example_task_group_decorator to 2024-03-20 00:00:00+00:00, run_after=2024-03-21 00:00:00+00:00
[2024-03-21T01:26:44.050+0000] {processor.py:183} INFO - Processing /home/airflow/.local/lib/python3.8/site-packages/airflow/example_dags/example_task_group_decorator.py took 0.096 seconds
[2024-03-21T01:27:14.587+0000] {processor.py:161} INFO - Started process (PID=1545) to work on /home/airflow/.local/lib/python3.8/site-packages/airflow/example_dags/example_task_group_decorator.py
[2024-03-21T01:27:14.589+0000] {processor.py:830} INFO - Processing file /home/airflow/.local/lib/python3.8/site-packages/airflow/example_dags/example_task_group_decorator.py for tasks to queue
[2024-03-21T01:27:14.591+0000] {logging_mixin.py:188} INFO - [2024-03-21T01:27:14.590+0000] {dagbag.py:540} INFO - Filling up the DagBag from /home/airflow/.local/lib/python3.8/site-packages/airflow/example_dags/example_task_group_decorator.py
[2024-03-21T01:27:14.606+0000] {processor.py:840} INFO - DAG(s) 'example_task_group_decorator' retrieved from /home/airflow/.local/lib/python3.8/site-packages/airflow/example_dags/example_task_group_decorator.py
[2024-03-21T01:27:14.633+0000] {logging_mixin.py:188} INFO - [2024-03-21T01:27:14.632+0000] {dag.py:3047} INFO - Sync 1 DAGs
[2024-03-21T01:27:14.654+0000] {logging_mixin.py:188} INFO - [2024-03-21T01:27:14.654+0000] {dag.py:3834} INFO - Setting next_dagrun for example_task_group_decorator to 2024-03-20 00:00:00+00:00, run_after=2024-03-21 00:00:00+00:00
[2024-03-21T01:27:14.674+0000] {processor.py:183} INFO - Processing /home/airflow/.local/lib/python3.8/site-packages/airflow/example_dags/example_task_group_decorator.py took 0.091 seconds
[2024-03-21T01:27:44.966+0000] {processor.py:161} INFO - Started process (PID=1600) to work on /home/airflow/.local/lib/python3.8/site-packages/airflow/example_dags/example_task_group_decorator.py
[2024-03-21T01:27:44.967+0000] {processor.py:830} INFO - Processing file /home/airflow/.local/lib/python3.8/site-packages/airflow/example_dags/example_task_group_decorator.py for tasks to queue
[2024-03-21T01:27:44.968+0000] {logging_mixin.py:188} INFO - [2024-03-21T01:27:44.968+0000] {dagbag.py:540} INFO - Filling up the DagBag from /home/airflow/.local/lib/python3.8/site-packages/airflow/example_dags/example_task_group_decorator.py
[2024-03-21T01:27:44.985+0000] {processor.py:840} INFO - DAG(s) 'example_task_group_decorator' retrieved from /home/airflow/.local/lib/python3.8/site-packages/airflow/example_dags/example_task_group_decorator.py
[2024-03-21T01:27:45.014+0000] {logging_mixin.py:188} INFO - [2024-03-21T01:27:45.014+0000] {dag.py:3047} INFO - Sync 1 DAGs
[2024-03-21T01:27:45.037+0000] {logging_mixin.py:188} INFO - [2024-03-21T01:27:45.037+0000] {dag.py:3834} INFO - Setting next_dagrun for example_task_group_decorator to 2024-03-20 00:00:00+00:00, run_after=2024-03-21 00:00:00+00:00
[2024-03-21T01:27:45.060+0000] {processor.py:183} INFO - Processing /home/airflow/.local/lib/python3.8/site-packages/airflow/example_dags/example_task_group_decorator.py took 0.098 seconds
[2024-03-21T01:28:15.288+0000] {processor.py:161} INFO - Started process (PID=1655) to work on /home/airflow/.local/lib/python3.8/site-packages/airflow/example_dags/example_task_group_decorator.py
[2024-03-21T01:28:15.290+0000] {processor.py:830} INFO - Processing file /home/airflow/.local/lib/python3.8/site-packages/airflow/example_dags/example_task_group_decorator.py for tasks to queue
[2024-03-21T01:28:15.292+0000] {logging_mixin.py:188} INFO - [2024-03-21T01:28:15.292+0000] {dagbag.py:540} INFO - Filling up the DagBag from /home/airflow/.local/lib/python3.8/site-packages/airflow/example_dags/example_task_group_decorator.py
[2024-03-21T01:28:15.311+0000] {processor.py:840} INFO - DAG(s) 'example_task_group_decorator' retrieved from /home/airflow/.local/lib/python3.8/site-packages/airflow/example_dags/example_task_group_decorator.py
[2024-03-21T01:28:15.348+0000] {logging_mixin.py:188} INFO - [2024-03-21T01:28:15.348+0000] {dag.py:3047} INFO - Sync 1 DAGs
[2024-03-21T01:28:15.389+0000] {logging_mixin.py:188} INFO - [2024-03-21T01:28:15.389+0000] {dag.py:3834} INFO - Setting next_dagrun for example_task_group_decorator to 2024-03-20 00:00:00+00:00, run_after=2024-03-21 00:00:00+00:00
[2024-03-21T01:28:15.426+0000] {processor.py:183} INFO - Processing /home/airflow/.local/lib/python3.8/site-packages/airflow/example_dags/example_task_group_decorator.py took 0.141 seconds
[2024-03-21T01:28:45.614+0000] {processor.py:161} INFO - Started process (PID=1710) to work on /home/airflow/.local/lib/python3.8/site-packages/airflow/example_dags/example_task_group_decorator.py
[2024-03-21T01:28:45.616+0000] {processor.py:830} INFO - Processing file /home/airflow/.local/lib/python3.8/site-packages/airflow/example_dags/example_task_group_decorator.py for tasks to queue
[2024-03-21T01:28:45.620+0000] {logging_mixin.py:188} INFO - [2024-03-21T01:28:45.619+0000] {dagbag.py:540} INFO - Filling up the DagBag from /home/airflow/.local/lib/python3.8/site-packages/airflow/example_dags/example_task_group_decorator.py
[2024-03-21T01:28:45.673+0000] {processor.py:840} INFO - DAG(s) 'example_task_group_decorator' retrieved from /home/airflow/.local/lib/python3.8/site-packages/airflow/example_dags/example_task_group_decorator.py
[2024-03-21T01:28:45.737+0000] {logging_mixin.py:188} INFO - [2024-03-21T01:28:45.736+0000] {dag.py:3047} INFO - Sync 1 DAGs
[2024-03-21T01:28:45.789+0000] {logging_mixin.py:188} INFO - [2024-03-21T01:28:45.788+0000] {dag.py:3834} INFO - Setting next_dagrun for example_task_group_decorator to 2024-03-20 00:00:00+00:00, run_after=2024-03-21 00:00:00+00:00
[2024-03-21T01:28:45.848+0000] {processor.py:183} INFO - Processing /home/airflow/.local/lib/python3.8/site-packages/airflow/example_dags/example_task_group_decorator.py took 0.243 seconds
[2024-03-21T01:29:16.060+0000] {processor.py:161} INFO - Started process (PID=1766) to work on /home/airflow/.local/lib/python3.8/site-packages/airflow/example_dags/example_task_group_decorator.py
[2024-03-21T01:29:16.061+0000] {processor.py:830} INFO - Processing file /home/airflow/.local/lib/python3.8/site-packages/airflow/example_dags/example_task_group_decorator.py for tasks to queue
[2024-03-21T01:29:16.063+0000] {logging_mixin.py:188} INFO - [2024-03-21T01:29:16.062+0000] {dagbag.py:540} INFO - Filling up the DagBag from /home/airflow/.local/lib/python3.8/site-packages/airflow/example_dags/example_task_group_decorator.py
[2024-03-21T01:29:16.078+0000] {processor.py:840} INFO - DAG(s) 'example_task_group_decorator' retrieved from /home/airflow/.local/lib/python3.8/site-packages/airflow/example_dags/example_task_group_decorator.py
[2024-03-21T01:29:16.104+0000] {logging_mixin.py:188} INFO - [2024-03-21T01:29:16.104+0000] {dag.py:3047} INFO - Sync 1 DAGs
[2024-03-21T01:29:16.126+0000] {logging_mixin.py:188} INFO - [2024-03-21T01:29:16.126+0000] {dag.py:3834} INFO - Setting next_dagrun for example_task_group_decorator to 2024-03-20 00:00:00+00:00, run_after=2024-03-21 00:00:00+00:00
[2024-03-21T01:29:16.159+0000] {processor.py:183} INFO - Processing /home/airflow/.local/lib/python3.8/site-packages/airflow/example_dags/example_task_group_decorator.py took 0.103 seconds
[2024-03-21T01:29:46.876+0000] {processor.py:161} INFO - Started process (PID=1821) to work on /home/airflow/.local/lib/python3.8/site-packages/airflow/example_dags/example_task_group_decorator.py
[2024-03-21T01:29:46.878+0000] {processor.py:830} INFO - Processing file /home/airflow/.local/lib/python3.8/site-packages/airflow/example_dags/example_task_group_decorator.py for tasks to queue
[2024-03-21T01:29:46.881+0000] {logging_mixin.py:188} INFO - [2024-03-21T01:29:46.880+0000] {dagbag.py:540} INFO - Filling up the DagBag from /home/airflow/.local/lib/python3.8/site-packages/airflow/example_dags/example_task_group_decorator.py
[2024-03-21T01:29:46.899+0000] {processor.py:840} INFO - DAG(s) 'example_task_group_decorator' retrieved from /home/airflow/.local/lib/python3.8/site-packages/airflow/example_dags/example_task_group_decorator.py
[2024-03-21T01:29:46.948+0000] {logging_mixin.py:188} INFO - [2024-03-21T01:29:46.948+0000] {dag.py:3047} INFO - Sync 1 DAGs
[2024-03-21T01:29:46.999+0000] {logging_mixin.py:188} INFO - [2024-03-21T01:29:46.999+0000] {dag.py:3834} INFO - Setting next_dagrun for example_task_group_decorator to 2024-03-20 00:00:00+00:00, run_after=2024-03-21 00:00:00+00:00
[2024-03-21T01:29:47.023+0000] {processor.py:183} INFO - Processing /home/airflow/.local/lib/python3.8/site-packages/airflow/example_dags/example_task_group_decorator.py took 0.152 seconds
[2024-03-21T01:30:17.189+0000] {processor.py:161} INFO - Started process (PID=1875) to work on /home/airflow/.local/lib/python3.8/site-packages/airflow/example_dags/example_task_group_decorator.py
[2024-03-21T01:30:17.190+0000] {processor.py:830} INFO - Processing file /home/airflow/.local/lib/python3.8/site-packages/airflow/example_dags/example_task_group_decorator.py for tasks to queue
[2024-03-21T01:30:17.192+0000] {logging_mixin.py:188} INFO - [2024-03-21T01:30:17.192+0000] {dagbag.py:540} INFO - Filling up the DagBag from /home/airflow/.local/lib/python3.8/site-packages/airflow/example_dags/example_task_group_decorator.py
[2024-03-21T01:30:17.215+0000] {processor.py:840} INFO - DAG(s) 'example_task_group_decorator' retrieved from /home/airflow/.local/lib/python3.8/site-packages/airflow/example_dags/example_task_group_decorator.py
[2024-03-21T01:30:17.251+0000] {logging_mixin.py:188} INFO - [2024-03-21T01:30:17.250+0000] {dag.py:3047} INFO - Sync 1 DAGs
[2024-03-21T01:30:17.286+0000] {logging_mixin.py:188} INFO - [2024-03-21T01:30:17.286+0000] {dag.py:3834} INFO - Setting next_dagrun for example_task_group_decorator to 2024-03-20 00:00:00+00:00, run_after=2024-03-21 00:00:00+00:00
[2024-03-21T01:30:17.348+0000] {processor.py:183} INFO - Processing /home/airflow/.local/lib/python3.8/site-packages/airflow/example_dags/example_task_group_decorator.py took 0.163 seconds
[2024-03-21T01:30:48.142+0000] {processor.py:161} INFO - Started process (PID=1930) to work on /home/airflow/.local/lib/python3.8/site-packages/airflow/example_dags/example_task_group_decorator.py
[2024-03-21T01:30:48.144+0000] {processor.py:830} INFO - Processing file /home/airflow/.local/lib/python3.8/site-packages/airflow/example_dags/example_task_group_decorator.py for tasks to queue
[2024-03-21T01:30:48.149+0000] {logging_mixin.py:188} INFO - [2024-03-21T01:30:48.148+0000] {dagbag.py:540} INFO - Filling up the DagBag from /home/airflow/.local/lib/python3.8/site-packages/airflow/example_dags/example_task_group_decorator.py
[2024-03-21T01:30:48.217+0000] {processor.py:840} INFO - DAG(s) 'example_task_group_decorator' retrieved from /home/airflow/.local/lib/python3.8/site-packages/airflow/example_dags/example_task_group_decorator.py
[2024-03-21T01:30:48.309+0000] {logging_mixin.py:188} INFO - [2024-03-21T01:30:48.308+0000] {dag.py:3047} INFO - Sync 1 DAGs
[2024-03-21T01:30:48.403+0000] {logging_mixin.py:188} INFO - [2024-03-21T01:30:48.402+0000] {dag.py:3834} INFO - Setting next_dagrun for example_task_group_decorator to 2024-03-20 00:00:00+00:00, run_after=2024-03-21 00:00:00+00:00
[2024-03-21T01:30:48.458+0000] {processor.py:183} INFO - Processing /home/airflow/.local/lib/python3.8/site-packages/airflow/example_dags/example_task_group_decorator.py took 0.324 seconds
[2024-03-21T01:31:18.590+0000] {processor.py:161} INFO - Started process (PID=1985) to work on /home/airflow/.local/lib/python3.8/site-packages/airflow/example_dags/example_task_group_decorator.py
[2024-03-21T01:31:18.592+0000] {processor.py:830} INFO - Processing file /home/airflow/.local/lib/python3.8/site-packages/airflow/example_dags/example_task_group_decorator.py for tasks to queue
[2024-03-21T01:31:18.594+0000] {logging_mixin.py:188} INFO - [2024-03-21T01:31:18.593+0000] {dagbag.py:540} INFO - Filling up the DagBag from /home/airflow/.local/lib/python3.8/site-packages/airflow/example_dags/example_task_group_decorator.py
[2024-03-21T01:31:18.612+0000] {processor.py:840} INFO - DAG(s) 'example_task_group_decorator' retrieved from /home/airflow/.local/lib/python3.8/site-packages/airflow/example_dags/example_task_group_decorator.py
[2024-03-21T01:31:18.644+0000] {logging_mixin.py:188} INFO - [2024-03-21T01:31:18.644+0000] {dag.py:3047} INFO - Sync 1 DAGs
[2024-03-21T01:31:18.676+0000] {logging_mixin.py:188} INFO - [2024-03-21T01:31:18.676+0000] {dag.py:3834} INFO - Setting next_dagrun for example_task_group_decorator to 2024-03-20 00:00:00+00:00, run_after=2024-03-21 00:00:00+00:00
[2024-03-21T01:31:18.703+0000] {processor.py:183} INFO - Processing /home/airflow/.local/lib/python3.8/site-packages/airflow/example_dags/example_task_group_decorator.py took 0.116 seconds
[2024-03-21T01:31:48.975+0000] {processor.py:161} INFO - Started process (PID=2040) to work on /home/airflow/.local/lib/python3.8/site-packages/airflow/example_dags/example_task_group_decorator.py
[2024-03-21T01:31:48.977+0000] {processor.py:830} INFO - Processing file /home/airflow/.local/lib/python3.8/site-packages/airflow/example_dags/example_task_group_decorator.py for tasks to queue
[2024-03-21T01:31:48.979+0000] {logging_mixin.py:188} INFO - [2024-03-21T01:31:48.978+0000] {dagbag.py:540} INFO - Filling up the DagBag from /home/airflow/.local/lib/python3.8/site-packages/airflow/example_dags/example_task_group_decorator.py
[2024-03-21T01:31:48.999+0000] {processor.py:840} INFO - DAG(s) 'example_task_group_decorator' retrieved from /home/airflow/.local/lib/python3.8/site-packages/airflow/example_dags/example_task_group_decorator.py
[2024-03-21T01:31:49.037+0000] {logging_mixin.py:188} INFO - [2024-03-21T01:31:49.037+0000] {dag.py:3047} INFO - Sync 1 DAGs
[2024-03-21T01:31:49.069+0000] {logging_mixin.py:188} INFO - [2024-03-21T01:31:49.069+0000] {dag.py:3834} INFO - Setting next_dagrun for example_task_group_decorator to 2024-03-20 00:00:00+00:00, run_after=2024-03-21 00:00:00+00:00
[2024-03-21T01:31:49.097+0000] {processor.py:183} INFO - Processing /home/airflow/.local/lib/python3.8/site-packages/airflow/example_dags/example_task_group_decorator.py took 0.126 seconds
[2024-03-21T01:32:19.599+0000] {processor.py:161} INFO - Started process (PID=2095) to work on /home/airflow/.local/lib/python3.8/site-packages/airflow/example_dags/example_task_group_decorator.py
[2024-03-21T01:32:19.601+0000] {processor.py:830} INFO - Processing file /home/airflow/.local/lib/python3.8/site-packages/airflow/example_dags/example_task_group_decorator.py for tasks to queue
[2024-03-21T01:32:19.603+0000] {logging_mixin.py:188} INFO - [2024-03-21T01:32:19.603+0000] {dagbag.py:540} INFO - Filling up the DagBag from /home/airflow/.local/lib/python3.8/site-packages/airflow/example_dags/example_task_group_decorator.py
[2024-03-21T01:32:19.626+0000] {processor.py:840} INFO - DAG(s) 'example_task_group_decorator' retrieved from /home/airflow/.local/lib/python3.8/site-packages/airflow/example_dags/example_task_group_decorator.py
[2024-03-21T01:32:19.676+0000] {logging_mixin.py:188} INFO - [2024-03-21T01:32:19.676+0000] {dag.py:3047} INFO - Sync 1 DAGs
[2024-03-21T01:32:19.718+0000] {logging_mixin.py:188} INFO - [2024-03-21T01:32:19.718+0000] {dag.py:3834} INFO - Setting next_dagrun for example_task_group_decorator to 2024-03-20 00:00:00+00:00, run_after=2024-03-21 00:00:00+00:00
[2024-03-21T01:32:19.751+0000] {processor.py:183} INFO - Processing /home/airflow/.local/lib/python3.8/site-packages/airflow/example_dags/example_task_group_decorator.py took 0.158 seconds
[2024-03-21T01:32:50.539+0000] {processor.py:161} INFO - Started process (PID=2150) to work on /home/airflow/.local/lib/python3.8/site-packages/airflow/example_dags/example_task_group_decorator.py
[2024-03-21T01:32:50.541+0000] {processor.py:830} INFO - Processing file /home/airflow/.local/lib/python3.8/site-packages/airflow/example_dags/example_task_group_decorator.py for tasks to queue
[2024-03-21T01:32:50.544+0000] {logging_mixin.py:188} INFO - [2024-03-21T01:32:50.544+0000] {dagbag.py:540} INFO - Filling up the DagBag from /home/airflow/.local/lib/python3.8/site-packages/airflow/example_dags/example_task_group_decorator.py
[2024-03-21T01:32:50.580+0000] {processor.py:840} INFO - DAG(s) 'example_task_group_decorator' retrieved from /home/airflow/.local/lib/python3.8/site-packages/airflow/example_dags/example_task_group_decorator.py
[2024-03-21T01:32:50.629+0000] {logging_mixin.py:188} INFO - [2024-03-21T01:32:50.628+0000] {dag.py:3047} INFO - Sync 1 DAGs
[2024-03-21T01:32:50.689+0000] {logging_mixin.py:188} INFO - [2024-03-21T01:32:50.687+0000] {dag.py:3834} INFO - Setting next_dagrun for example_task_group_decorator to 2024-03-20 00:00:00+00:00, run_after=2024-03-21 00:00:00+00:00
[2024-03-21T01:32:50.745+0000] {processor.py:183} INFO - Processing /home/airflow/.local/lib/python3.8/site-packages/airflow/example_dags/example_task_group_decorator.py took 0.211 seconds
[2024-03-21T01:33:20.796+0000] {processor.py:161} INFO - Started process (PID=2205) to work on /home/airflow/.local/lib/python3.8/site-packages/airflow/example_dags/example_task_group_decorator.py
[2024-03-21T01:33:20.797+0000] {processor.py:830} INFO - Processing file /home/airflow/.local/lib/python3.8/site-packages/airflow/example_dags/example_task_group_decorator.py for tasks to queue
[2024-03-21T01:33:20.799+0000] {logging_mixin.py:188} INFO - [2024-03-21T01:33:20.799+0000] {dagbag.py:540} INFO - Filling up the DagBag from /home/airflow/.local/lib/python3.8/site-packages/airflow/example_dags/example_task_group_decorator.py
[2024-03-21T01:33:20.822+0000] {processor.py:840} INFO - DAG(s) 'example_task_group_decorator' retrieved from /home/airflow/.local/lib/python3.8/site-packages/airflow/example_dags/example_task_group_decorator.py
[2024-03-21T01:33:20.851+0000] {logging_mixin.py:188} INFO - [2024-03-21T01:33:20.851+0000] {dag.py:3047} INFO - Sync 1 DAGs
[2024-03-21T01:33:20.877+0000] {logging_mixin.py:188} INFO - [2024-03-21T01:33:20.877+0000] {dag.py:3834} INFO - Setting next_dagrun for example_task_group_decorator to 2024-03-20 00:00:00+00:00, run_after=2024-03-21 00:00:00+00:00
[2024-03-21T01:33:20.901+0000] {processor.py:183} INFO - Processing /home/airflow/.local/lib/python3.8/site-packages/airflow/example_dags/example_task_group_decorator.py took 0.109 seconds
[2024-03-21T01:33:51.135+0000] {processor.py:161} INFO - Started process (PID=2260) to work on /home/airflow/.local/lib/python3.8/site-packages/airflow/example_dags/example_task_group_decorator.py
[2024-03-21T01:33:51.137+0000] {processor.py:830} INFO - Processing file /home/airflow/.local/lib/python3.8/site-packages/airflow/example_dags/example_task_group_decorator.py for tasks to queue
[2024-03-21T01:33:51.139+0000] {logging_mixin.py:188} INFO - [2024-03-21T01:33:51.139+0000] {dagbag.py:540} INFO - Filling up the DagBag from /home/airflow/.local/lib/python3.8/site-packages/airflow/example_dags/example_task_group_decorator.py
[2024-03-21T01:33:51.159+0000] {processor.py:840} INFO - DAG(s) 'example_task_group_decorator' retrieved from /home/airflow/.local/lib/python3.8/site-packages/airflow/example_dags/example_task_group_decorator.py
[2024-03-21T01:33:51.193+0000] {logging_mixin.py:188} INFO - [2024-03-21T01:33:51.193+0000] {dag.py:3047} INFO - Sync 1 DAGs
[2024-03-21T01:33:51.225+0000] {logging_mixin.py:188} INFO - [2024-03-21T01:33:51.225+0000] {dag.py:3834} INFO - Setting next_dagrun for example_task_group_decorator to 2024-03-20 00:00:00+00:00, run_after=2024-03-21 00:00:00+00:00
[2024-03-21T01:33:51.252+0000] {processor.py:183} INFO - Processing /home/airflow/.local/lib/python3.8/site-packages/airflow/example_dags/example_task_group_decorator.py took 0.122 seconds
[2024-03-21T01:34:22.191+0000] {processor.py:161} INFO - Started process (PID=2315) to work on /home/airflow/.local/lib/python3.8/site-packages/airflow/example_dags/example_task_group_decorator.py
[2024-03-21T01:34:22.193+0000] {processor.py:830} INFO - Processing file /home/airflow/.local/lib/python3.8/site-packages/airflow/example_dags/example_task_group_decorator.py for tasks to queue
[2024-03-21T01:34:22.194+0000] {logging_mixin.py:188} INFO - [2024-03-21T01:34:22.194+0000] {dagbag.py:540} INFO - Filling up the DagBag from /home/airflow/.local/lib/python3.8/site-packages/airflow/example_dags/example_task_group_decorator.py
[2024-03-21T01:34:22.210+0000] {processor.py:840} INFO - DAG(s) 'example_task_group_decorator' retrieved from /home/airflow/.local/lib/python3.8/site-packages/airflow/example_dags/example_task_group_decorator.py
[2024-03-21T01:34:22.236+0000] {logging_mixin.py:188} INFO - [2024-03-21T01:34:22.236+0000] {dag.py:3047} INFO - Sync 1 DAGs
[2024-03-21T01:34:22.259+0000] {logging_mixin.py:188} INFO - [2024-03-21T01:34:22.259+0000] {dag.py:3834} INFO - Setting next_dagrun for example_task_group_decorator to 2024-03-20 00:00:00+00:00, run_after=2024-03-21 00:00:00+00:00
[2024-03-21T01:34:22.282+0000] {processor.py:183} INFO - Processing /home/airflow/.local/lib/python3.8/site-packages/airflow/example_dags/example_task_group_decorator.py took 0.094 seconds
[2024-03-21T01:34:52.375+0000] {processor.py:161} INFO - Started process (PID=2370) to work on /home/airflow/.local/lib/python3.8/site-packages/airflow/example_dags/example_task_group_decorator.py
[2024-03-21T01:34:52.377+0000] {processor.py:830} INFO - Processing file /home/airflow/.local/lib/python3.8/site-packages/airflow/example_dags/example_task_group_decorator.py for tasks to queue
[2024-03-21T01:34:52.379+0000] {logging_mixin.py:188} INFO - [2024-03-21T01:34:52.378+0000] {dagbag.py:540} INFO - Filling up the DagBag from /home/airflow/.local/lib/python3.8/site-packages/airflow/example_dags/example_task_group_decorator.py
[2024-03-21T01:34:52.394+0000] {processor.py:840} INFO - DAG(s) 'example_task_group_decorator' retrieved from /home/airflow/.local/lib/python3.8/site-packages/airflow/example_dags/example_task_group_decorator.py
[2024-03-21T01:34:52.423+0000] {logging_mixin.py:188} INFO - [2024-03-21T01:34:52.423+0000] {dag.py:3047} INFO - Sync 1 DAGs
[2024-03-21T01:34:52.447+0000] {logging_mixin.py:188} INFO - [2024-03-21T01:34:52.447+0000] {dag.py:3834} INFO - Setting next_dagrun for example_task_group_decorator to 2024-03-20 00:00:00+00:00, run_after=2024-03-21 00:00:00+00:00
[2024-03-21T01:34:52.470+0000] {processor.py:183} INFO - Processing /home/airflow/.local/lib/python3.8/site-packages/airflow/example_dags/example_task_group_decorator.py took 0.098 seconds
[2024-03-21T01:35:23.326+0000] {processor.py:161} INFO - Started process (PID=2425) to work on /home/airflow/.local/lib/python3.8/site-packages/airflow/example_dags/example_task_group_decorator.py
[2024-03-21T01:35:23.328+0000] {processor.py:830} INFO - Processing file /home/airflow/.local/lib/python3.8/site-packages/airflow/example_dags/example_task_group_decorator.py for tasks to queue
[2024-03-21T01:35:23.330+0000] {logging_mixin.py:188} INFO - [2024-03-21T01:35:23.329+0000] {dagbag.py:540} INFO - Filling up the DagBag from /home/airflow/.local/lib/python3.8/site-packages/airflow/example_dags/example_task_group_decorator.py
[2024-03-21T01:35:23.346+0000] {processor.py:840} INFO - DAG(s) 'example_task_group_decorator' retrieved from /home/airflow/.local/lib/python3.8/site-packages/airflow/example_dags/example_task_group_decorator.py
[2024-03-21T01:35:23.375+0000] {logging_mixin.py:188} INFO - [2024-03-21T01:35:23.375+0000] {dag.py:3047} INFO - Sync 1 DAGs
[2024-03-21T01:35:23.399+0000] {logging_mixin.py:188} INFO - [2024-03-21T01:35:23.399+0000] {dag.py:3834} INFO - Setting next_dagrun for example_task_group_decorator to 2024-03-20 00:00:00+00:00, run_after=2024-03-21 00:00:00+00:00
[2024-03-21T01:35:23.423+0000] {processor.py:183} INFO - Processing /home/airflow/.local/lib/python3.8/site-packages/airflow/example_dags/example_task_group_decorator.py took 0.100 seconds
