[2024-03-21T00:09:34.395+0000] {processor.py:161} INFO - Started process (PID=78) to work on /home/airflow/.local/lib/python3.8/site-packages/airflow/example_dags/example_sla_dag.py
[2024-03-21T00:09:34.398+0000] {processor.py:830} INFO - Processing file /home/airflow/.local/lib/python3.8/site-packages/airflow/example_dags/example_sla_dag.py for tasks to queue
[2024-03-21T00:09:34.409+0000] {logging_mixin.py:188} INFO - [2024-03-21T00:09:34.407+0000] {dagbag.py:540} INFO - Filling up the DagBag from /home/airflow/.local/lib/python3.8/site-packages/airflow/example_dags/example_sla_dag.py
[2024-03-21T00:09:34.474+0000] {processor.py:840} INFO - DAG(s) 'example_sla_dag' retrieved from /home/airflow/.local/lib/python3.8/site-packages/airflow/example_dags/example_sla_dag.py
[2024-03-21T00:09:34.498+0000] {logging_mixin.py:188} INFO - [2024-03-21T00:09:34.497+0000] {dag.py:3047} INFO - Sync 1 DAGs
[2024-03-21T00:09:34.569+0000] {logging_mixin.py:188} INFO - [2024-03-21T00:09:34.568+0000] {dag.py:3834} INFO - Setting next_dagrun for example_sla_dag to 2024-03-21 00:06:00+00:00, run_after=2024-03-21 00:08:00+00:00
[2024-03-21T00:09:34.628+0000] {processor.py:183} INFO - Processing /home/airflow/.local/lib/python3.8/site-packages/airflow/example_dags/example_sla_dag.py took 0.263 seconds
[2024-03-21T00:10:06.815+0000] {processor.py:161} INFO - Started process (PID=133) to work on /home/airflow/.local/lib/python3.8/site-packages/airflow/example_dags/example_sla_dag.py
[2024-03-21T00:10:06.818+0000] {processor.py:830} INFO - Processing file /home/airflow/.local/lib/python3.8/site-packages/airflow/example_dags/example_sla_dag.py for tasks to queue
[2024-03-21T00:10:06.825+0000] {logging_mixin.py:188} INFO - [2024-03-21T00:10:06.824+0000] {dagbag.py:540} INFO - Filling up the DagBag from /home/airflow/.local/lib/python3.8/site-packages/airflow/example_dags/example_sla_dag.py
[2024-03-21T00:10:06.848+0000] {processor.py:840} INFO - DAG(s) 'example_sla_dag' retrieved from /home/airflow/.local/lib/python3.8/site-packages/airflow/example_dags/example_sla_dag.py
[2024-03-21T00:10:07.119+0000] {logging_mixin.py:188} INFO - [2024-03-21T00:10:07.117+0000] {dag.py:3047} INFO - Sync 1 DAGs
[2024-03-21T00:10:07.252+0000] {logging_mixin.py:188} INFO - [2024-03-21T00:10:07.251+0000] {dag.py:3834} INFO - Setting next_dagrun for example_sla_dag to 2024-03-21 00:08:00+00:00, run_after=2024-03-21 00:10:00+00:00
[2024-03-21T00:10:07.352+0000] {processor.py:183} INFO - Processing /home/airflow/.local/lib/python3.8/site-packages/airflow/example_dags/example_sla_dag.py took 0.550 seconds
[2024-03-21T00:10:38.131+0000] {processor.py:161} INFO - Started process (PID=188) to work on /home/airflow/.local/lib/python3.8/site-packages/airflow/example_dags/example_sla_dag.py
[2024-03-21T00:10:38.133+0000] {processor.py:830} INFO - Processing file /home/airflow/.local/lib/python3.8/site-packages/airflow/example_dags/example_sla_dag.py for tasks to queue
[2024-03-21T00:10:38.135+0000] {logging_mixin.py:188} INFO - [2024-03-21T00:10:38.134+0000] {dagbag.py:540} INFO - Filling up the DagBag from /home/airflow/.local/lib/python3.8/site-packages/airflow/example_dags/example_sla_dag.py
[2024-03-21T00:10:38.147+0000] {processor.py:840} INFO - DAG(s) 'example_sla_dag' retrieved from /home/airflow/.local/lib/python3.8/site-packages/airflow/example_dags/example_sla_dag.py
[2024-03-21T00:10:38.178+0000] {logging_mixin.py:188} INFO - [2024-03-21T00:10:38.178+0000] {dag.py:3047} INFO - Sync 1 DAGs
[2024-03-21T00:10:38.213+0000] {logging_mixin.py:188} INFO - [2024-03-21T00:10:38.213+0000] {dag.py:3834} INFO - Setting next_dagrun for example_sla_dag to 2024-03-21 00:08:00+00:00, run_after=2024-03-21 00:10:00+00:00
[2024-03-21T00:10:38.239+0000] {processor.py:183} INFO - Processing /home/airflow/.local/lib/python3.8/site-packages/airflow/example_dags/example_sla_dag.py took 0.111 seconds
[2024-03-21T00:16:59.572+0000] {processor.py:161} INFO - Started process (PID=46) to work on /home/airflow/.local/lib/python3.8/site-packages/airflow/example_dags/example_sla_dag.py
[2024-03-21T00:16:59.574+0000] {processor.py:830} INFO - Processing file /home/airflow/.local/lib/python3.8/site-packages/airflow/example_dags/example_sla_dag.py for tasks to queue
[2024-03-21T00:16:59.576+0000] {logging_mixin.py:188} INFO - [2024-03-21T00:16:59.576+0000] {dagbag.py:540} INFO - Filling up the DagBag from /home/airflow/.local/lib/python3.8/site-packages/airflow/example_dags/example_sla_dag.py
[2024-03-21T00:16:59.603+0000] {processor.py:840} INFO - DAG(s) 'example_sla_dag' retrieved from /home/airflow/.local/lib/python3.8/site-packages/airflow/example_dags/example_sla_dag.py
[2024-03-21T00:16:59.872+0000] {logging_mixin.py:188} INFO - [2024-03-21T00:16:59.872+0000] {dag.py:3047} INFO - Sync 1 DAGs
[2024-03-21T00:16:59.935+0000] {logging_mixin.py:188} INFO - [2024-03-21T00:16:59.935+0000] {dag.py:3834} INFO - Setting next_dagrun for example_sla_dag to 2024-03-21 00:14:00+00:00, run_after=2024-03-21 00:16:00+00:00
[2024-03-21T00:17:00.001+0000] {processor.py:183} INFO - Processing /home/airflow/.local/lib/python3.8/site-packages/airflow/example_dags/example_sla_dag.py took 0.435 seconds
[2024-03-21T00:17:30.565+0000] {processor.py:161} INFO - Started process (PID=101) to work on /home/airflow/.local/lib/python3.8/site-packages/airflow/example_dags/example_sla_dag.py
[2024-03-21T00:17:30.567+0000] {processor.py:830} INFO - Processing file /home/airflow/.local/lib/python3.8/site-packages/airflow/example_dags/example_sla_dag.py for tasks to queue
[2024-03-21T00:17:30.569+0000] {logging_mixin.py:188} INFO - [2024-03-21T00:17:30.569+0000] {dagbag.py:540} INFO - Filling up the DagBag from /home/airflow/.local/lib/python3.8/site-packages/airflow/example_dags/example_sla_dag.py
[2024-03-21T00:17:30.580+0000] {processor.py:840} INFO - DAG(s) 'example_sla_dag' retrieved from /home/airflow/.local/lib/python3.8/site-packages/airflow/example_dags/example_sla_dag.py
[2024-03-21T00:17:30.601+0000] {logging_mixin.py:188} INFO - [2024-03-21T00:17:30.600+0000] {dag.py:3047} INFO - Sync 1 DAGs
[2024-03-21T00:17:30.627+0000] {logging_mixin.py:188} INFO - [2024-03-21T00:17:30.627+0000] {dag.py:3834} INFO - Setting next_dagrun for example_sla_dag to 2024-03-21 00:14:00+00:00, run_after=2024-03-21 00:16:00+00:00
[2024-03-21T00:17:30.650+0000] {processor.py:183} INFO - Processing /home/airflow/.local/lib/python3.8/site-packages/airflow/example_dags/example_sla_dag.py took 0.088 seconds
[2024-03-21T00:18:01.103+0000] {processor.py:161} INFO - Started process (PID=156) to work on /home/airflow/.local/lib/python3.8/site-packages/airflow/example_dags/example_sla_dag.py
[2024-03-21T00:18:01.103+0000] {processor.py:830} INFO - Processing file /home/airflow/.local/lib/python3.8/site-packages/airflow/example_dags/example_sla_dag.py for tasks to queue
[2024-03-21T00:18:01.105+0000] {logging_mixin.py:188} INFO - [2024-03-21T00:18:01.105+0000] {dagbag.py:540} INFO - Filling up the DagBag from /home/airflow/.local/lib/python3.8/site-packages/airflow/example_dags/example_sla_dag.py
[2024-03-21T00:18:01.113+0000] {processor.py:840} INFO - DAG(s) 'example_sla_dag' retrieved from /home/airflow/.local/lib/python3.8/site-packages/airflow/example_dags/example_sla_dag.py
[2024-03-21T00:18:01.132+0000] {logging_mixin.py:188} INFO - [2024-03-21T00:18:01.132+0000] {dag.py:3047} INFO - Sync 1 DAGs
[2024-03-21T00:18:01.158+0000] {logging_mixin.py:188} INFO - [2024-03-21T00:18:01.157+0000] {dag.py:3834} INFO - Setting next_dagrun for example_sla_dag to 2024-03-21 00:16:00+00:00, run_after=2024-03-21 00:18:00+00:00
[2024-03-21T00:18:01.182+0000] {processor.py:183} INFO - Processing /home/airflow/.local/lib/python3.8/site-packages/airflow/example_dags/example_sla_dag.py took 0.082 seconds
[2024-03-21T00:18:31.601+0000] {processor.py:161} INFO - Started process (PID=211) to work on /home/airflow/.local/lib/python3.8/site-packages/airflow/example_dags/example_sla_dag.py
[2024-03-21T00:18:31.603+0000] {processor.py:830} INFO - Processing file /home/airflow/.local/lib/python3.8/site-packages/airflow/example_dags/example_sla_dag.py for tasks to queue
[2024-03-21T00:18:31.604+0000] {logging_mixin.py:188} INFO - [2024-03-21T00:18:31.604+0000] {dagbag.py:540} INFO - Filling up the DagBag from /home/airflow/.local/lib/python3.8/site-packages/airflow/example_dags/example_sla_dag.py
[2024-03-21T00:18:31.614+0000] {processor.py:840} INFO - DAG(s) 'example_sla_dag' retrieved from /home/airflow/.local/lib/python3.8/site-packages/airflow/example_dags/example_sla_dag.py
[2024-03-21T00:18:31.636+0000] {logging_mixin.py:188} INFO - [2024-03-21T00:18:31.635+0000] {dag.py:3047} INFO - Sync 1 DAGs
[2024-03-21T00:18:31.660+0000] {logging_mixin.py:188} INFO - [2024-03-21T00:18:31.660+0000] {dag.py:3834} INFO - Setting next_dagrun for example_sla_dag to 2024-03-21 00:16:00+00:00, run_after=2024-03-21 00:18:00+00:00
[2024-03-21T00:18:31.681+0000] {processor.py:183} INFO - Processing /home/airflow/.local/lib/python3.8/site-packages/airflow/example_dags/example_sla_dag.py took 0.084 seconds
[2024-03-21T00:19:02.423+0000] {processor.py:161} INFO - Started process (PID=266) to work on /home/airflow/.local/lib/python3.8/site-packages/airflow/example_dags/example_sla_dag.py
[2024-03-21T00:19:02.424+0000] {processor.py:830} INFO - Processing file /home/airflow/.local/lib/python3.8/site-packages/airflow/example_dags/example_sla_dag.py for tasks to queue
[2024-03-21T00:19:02.425+0000] {logging_mixin.py:188} INFO - [2024-03-21T00:19:02.425+0000] {dagbag.py:540} INFO - Filling up the DagBag from /home/airflow/.local/lib/python3.8/site-packages/airflow/example_dags/example_sla_dag.py
[2024-03-21T00:19:02.433+0000] {processor.py:840} INFO - DAG(s) 'example_sla_dag' retrieved from /home/airflow/.local/lib/python3.8/site-packages/airflow/example_dags/example_sla_dag.py
[2024-03-21T00:19:02.453+0000] {logging_mixin.py:188} INFO - [2024-03-21T00:19:02.452+0000] {dag.py:3047} INFO - Sync 1 DAGs
[2024-03-21T00:19:02.478+0000] {logging_mixin.py:188} INFO - [2024-03-21T00:19:02.478+0000] {dag.py:3834} INFO - Setting next_dagrun for example_sla_dag to 2024-03-21 00:16:00+00:00, run_after=2024-03-21 00:18:00+00:00
[2024-03-21T00:19:02.500+0000] {processor.py:183} INFO - Processing /home/airflow/.local/lib/python3.8/site-packages/airflow/example_dags/example_sla_dag.py took 0.080 seconds
[2024-03-21T00:19:32.644+0000] {processor.py:161} INFO - Started process (PID=321) to work on /home/airflow/.local/lib/python3.8/site-packages/airflow/example_dags/example_sla_dag.py
[2024-03-21T00:19:32.647+0000] {processor.py:830} INFO - Processing file /home/airflow/.local/lib/python3.8/site-packages/airflow/example_dags/example_sla_dag.py for tasks to queue
[2024-03-21T00:19:32.648+0000] {logging_mixin.py:188} INFO - [2024-03-21T00:19:32.648+0000] {dagbag.py:540} INFO - Filling up the DagBag from /home/airflow/.local/lib/python3.8/site-packages/airflow/example_dags/example_sla_dag.py
[2024-03-21T00:19:32.658+0000] {processor.py:840} INFO - DAG(s) 'example_sla_dag' retrieved from /home/airflow/.local/lib/python3.8/site-packages/airflow/example_dags/example_sla_dag.py
[2024-03-21T00:19:32.677+0000] {logging_mixin.py:188} INFO - [2024-03-21T00:19:32.677+0000] {dag.py:3047} INFO - Sync 1 DAGs
[2024-03-21T00:19:32.702+0000] {logging_mixin.py:188} INFO - [2024-03-21T00:19:32.702+0000] {dag.py:3834} INFO - Setting next_dagrun for example_sla_dag to 2024-03-21 00:16:00+00:00, run_after=2024-03-21 00:18:00+00:00
[2024-03-21T00:19:32.722+0000] {processor.py:183} INFO - Processing /home/airflow/.local/lib/python3.8/site-packages/airflow/example_dags/example_sla_dag.py took 0.082 seconds
[2024-03-21T00:20:03.174+0000] {processor.py:161} INFO - Started process (PID=376) to work on /home/airflow/.local/lib/python3.8/site-packages/airflow/example_dags/example_sla_dag.py
[2024-03-21T00:20:03.175+0000] {processor.py:830} INFO - Processing file /home/airflow/.local/lib/python3.8/site-packages/airflow/example_dags/example_sla_dag.py for tasks to queue
[2024-03-21T00:20:03.177+0000] {logging_mixin.py:188} INFO - [2024-03-21T00:20:03.176+0000] {dagbag.py:540} INFO - Filling up the DagBag from /home/airflow/.local/lib/python3.8/site-packages/airflow/example_dags/example_sla_dag.py
[2024-03-21T00:20:03.185+0000] {processor.py:840} INFO - DAG(s) 'example_sla_dag' retrieved from /home/airflow/.local/lib/python3.8/site-packages/airflow/example_dags/example_sla_dag.py
[2024-03-21T00:20:03.204+0000] {logging_mixin.py:188} INFO - [2024-03-21T00:20:03.203+0000] {dag.py:3047} INFO - Sync 1 DAGs
[2024-03-21T00:20:03.229+0000] {logging_mixin.py:188} INFO - [2024-03-21T00:20:03.228+0000] {dag.py:3834} INFO - Setting next_dagrun for example_sla_dag to 2024-03-21 00:18:00+00:00, run_after=2024-03-21 00:20:00+00:00
[2024-03-21T00:20:03.250+0000] {processor.py:183} INFO - Processing /home/airflow/.local/lib/python3.8/site-packages/airflow/example_dags/example_sla_dag.py took 0.080 seconds
[2024-03-21T00:20:33.503+0000] {processor.py:161} INFO - Started process (PID=431) to work on /home/airflow/.local/lib/python3.8/site-packages/airflow/example_dags/example_sla_dag.py
[2024-03-21T00:20:33.504+0000] {processor.py:830} INFO - Processing file /home/airflow/.local/lib/python3.8/site-packages/airflow/example_dags/example_sla_dag.py for tasks to queue
[2024-03-21T00:20:33.506+0000] {logging_mixin.py:188} INFO - [2024-03-21T00:20:33.505+0000] {dagbag.py:540} INFO - Filling up the DagBag from /home/airflow/.local/lib/python3.8/site-packages/airflow/example_dags/example_sla_dag.py
[2024-03-21T00:20:33.514+0000] {processor.py:840} INFO - DAG(s) 'example_sla_dag' retrieved from /home/airflow/.local/lib/python3.8/site-packages/airflow/example_dags/example_sla_dag.py
[2024-03-21T00:20:33.533+0000] {logging_mixin.py:188} INFO - [2024-03-21T00:20:33.533+0000] {dag.py:3047} INFO - Sync 1 DAGs
[2024-03-21T00:20:33.558+0000] {logging_mixin.py:188} INFO - [2024-03-21T00:20:33.558+0000] {dag.py:3834} INFO - Setting next_dagrun for example_sla_dag to 2024-03-21 00:18:00+00:00, run_after=2024-03-21 00:20:00+00:00
[2024-03-21T00:20:33.580+0000] {processor.py:183} INFO - Processing /home/airflow/.local/lib/python3.8/site-packages/airflow/example_dags/example_sla_dag.py took 0.080 seconds
[2024-03-21T00:21:03.787+0000] {processor.py:161} INFO - Started process (PID=486) to work on /home/airflow/.local/lib/python3.8/site-packages/airflow/example_dags/example_sla_dag.py
[2024-03-21T00:21:03.789+0000] {processor.py:830} INFO - Processing file /home/airflow/.local/lib/python3.8/site-packages/airflow/example_dags/example_sla_dag.py for tasks to queue
[2024-03-21T00:21:03.790+0000] {logging_mixin.py:188} INFO - [2024-03-21T00:21:03.790+0000] {dagbag.py:540} INFO - Filling up the DagBag from /home/airflow/.local/lib/python3.8/site-packages/airflow/example_dags/example_sla_dag.py
[2024-03-21T00:21:03.799+0000] {processor.py:840} INFO - DAG(s) 'example_sla_dag' retrieved from /home/airflow/.local/lib/python3.8/site-packages/airflow/example_dags/example_sla_dag.py
[2024-03-21T00:21:03.819+0000] {logging_mixin.py:188} INFO - [2024-03-21T00:21:03.819+0000] {dag.py:3047} INFO - Sync 1 DAGs
[2024-03-21T00:21:03.844+0000] {logging_mixin.py:188} INFO - [2024-03-21T00:21:03.844+0000] {dag.py:3834} INFO - Setting next_dagrun for example_sla_dag to 2024-03-21 00:18:00+00:00, run_after=2024-03-21 00:20:00+00:00
[2024-03-21T00:21:03.866+0000] {processor.py:183} INFO - Processing /home/airflow/.local/lib/python3.8/site-packages/airflow/example_dags/example_sla_dag.py took 0.082 seconds
[2024-03-21T00:21:34.168+0000] {processor.py:161} INFO - Started process (PID=541) to work on /home/airflow/.local/lib/python3.8/site-packages/airflow/example_dags/example_sla_dag.py
[2024-03-21T00:21:34.170+0000] {processor.py:830} INFO - Processing file /home/airflow/.local/lib/python3.8/site-packages/airflow/example_dags/example_sla_dag.py for tasks to queue
[2024-03-21T00:21:34.172+0000] {logging_mixin.py:188} INFO - [2024-03-21T00:21:34.171+0000] {dagbag.py:540} INFO - Filling up the DagBag from /home/airflow/.local/lib/python3.8/site-packages/airflow/example_dags/example_sla_dag.py
[2024-03-21T00:21:34.180+0000] {processor.py:840} INFO - DAG(s) 'example_sla_dag' retrieved from /home/airflow/.local/lib/python3.8/site-packages/airflow/example_dags/example_sla_dag.py
[2024-03-21T00:21:34.200+0000] {logging_mixin.py:188} INFO - [2024-03-21T00:21:34.200+0000] {dag.py:3047} INFO - Sync 1 DAGs
[2024-03-21T00:21:34.225+0000] {logging_mixin.py:188} INFO - [2024-03-21T00:21:34.225+0000] {dag.py:3834} INFO - Setting next_dagrun for example_sla_dag to 2024-03-21 00:18:00+00:00, run_after=2024-03-21 00:20:00+00:00
[2024-03-21T00:21:34.246+0000] {processor.py:183} INFO - Processing /home/airflow/.local/lib/python3.8/site-packages/airflow/example_dags/example_sla_dag.py took 0.081 seconds
[2024-03-21T01:13:18.395+0000] {processor.py:161} INFO - Started process (PID=35) to work on /home/airflow/.local/lib/python3.8/site-packages/airflow/example_dags/example_sla_dag.py
[2024-03-21T01:13:18.397+0000] {processor.py:830} INFO - Processing file /home/airflow/.local/lib/python3.8/site-packages/airflow/example_dags/example_sla_dag.py for tasks to queue
[2024-03-21T01:13:18.399+0000] {logging_mixin.py:188} INFO - [2024-03-21T01:13:18.399+0000] {dagbag.py:540} INFO - Filling up the DagBag from /home/airflow/.local/lib/python3.8/site-packages/airflow/example_dags/example_sla_dag.py
[2024-03-21T01:13:18.419+0000] {processor.py:840} INFO - DAG(s) 'example_sla_dag' retrieved from /home/airflow/.local/lib/python3.8/site-packages/airflow/example_dags/example_sla_dag.py
[2024-03-21T01:13:18.448+0000] {logging_mixin.py:188} INFO - [2024-03-21T01:13:18.448+0000] {dag.py:3047} INFO - Sync 1 DAGs
[2024-03-21T01:13:18.487+0000] {logging_mixin.py:188} INFO - [2024-03-21T01:13:18.486+0000] {dag.py:3834} INFO - Setting next_dagrun for example_sla_dag to 2024-03-21 01:10:00+00:00, run_after=2024-03-21 01:12:00+00:00
[2024-03-21T01:13:18.515+0000] {processor.py:183} INFO - Processing /home/airflow/.local/lib/python3.8/site-packages/airflow/example_dags/example_sla_dag.py took 0.125 seconds
[2024-03-21T01:13:49.274+0000] {processor.py:161} INFO - Started process (PID=90) to work on /home/airflow/.local/lib/python3.8/site-packages/airflow/example_dags/example_sla_dag.py
[2024-03-21T01:13:49.275+0000] {processor.py:830} INFO - Processing file /home/airflow/.local/lib/python3.8/site-packages/airflow/example_dags/example_sla_dag.py for tasks to queue
[2024-03-21T01:13:49.277+0000] {logging_mixin.py:188} INFO - [2024-03-21T01:13:49.276+0000] {dagbag.py:540} INFO - Filling up the DagBag from /home/airflow/.local/lib/python3.8/site-packages/airflow/example_dags/example_sla_dag.py
[2024-03-21T01:13:49.284+0000] {processor.py:840} INFO - DAG(s) 'example_sla_dag' retrieved from /home/airflow/.local/lib/python3.8/site-packages/airflow/example_dags/example_sla_dag.py
[2024-03-21T01:13:49.303+0000] {logging_mixin.py:188} INFO - [2024-03-21T01:13:49.303+0000] {dag.py:3047} INFO - Sync 1 DAGs
[2024-03-21T01:13:49.329+0000] {logging_mixin.py:188} INFO - [2024-03-21T01:13:49.329+0000] {dag.py:3834} INFO - Setting next_dagrun for example_sla_dag to 2024-03-21 01:10:00+00:00, run_after=2024-03-21 01:12:00+00:00
[2024-03-21T01:13:49.349+0000] {processor.py:183} INFO - Processing /home/airflow/.local/lib/python3.8/site-packages/airflow/example_dags/example_sla_dag.py took 0.078 seconds
[2024-03-21T01:14:19.898+0000] {processor.py:161} INFO - Started process (PID=145) to work on /home/airflow/.local/lib/python3.8/site-packages/airflow/example_dags/example_sla_dag.py
[2024-03-21T01:14:19.899+0000] {processor.py:830} INFO - Processing file /home/airflow/.local/lib/python3.8/site-packages/airflow/example_dags/example_sla_dag.py for tasks to queue
[2024-03-21T01:14:19.901+0000] {logging_mixin.py:188} INFO - [2024-03-21T01:14:19.900+0000] {dagbag.py:540} INFO - Filling up the DagBag from /home/airflow/.local/lib/python3.8/site-packages/airflow/example_dags/example_sla_dag.py
[2024-03-21T01:14:19.908+0000] {processor.py:840} INFO - DAG(s) 'example_sla_dag' retrieved from /home/airflow/.local/lib/python3.8/site-packages/airflow/example_dags/example_sla_dag.py
[2024-03-21T01:14:19.927+0000] {logging_mixin.py:188} INFO - [2024-03-21T01:14:19.927+0000] {dag.py:3047} INFO - Sync 1 DAGs
[2024-03-21T01:14:19.951+0000] {logging_mixin.py:188} INFO - [2024-03-21T01:14:19.951+0000] {dag.py:3834} INFO - Setting next_dagrun for example_sla_dag to 2024-03-21 01:12:00+00:00, run_after=2024-03-21 01:14:00+00:00
[2024-03-21T01:14:19.972+0000] {processor.py:183} INFO - Processing /home/airflow/.local/lib/python3.8/site-packages/airflow/example_dags/example_sla_dag.py took 0.077 seconds
[2024-03-21T01:14:50.455+0000] {processor.py:161} INFO - Started process (PID=200) to work on /home/airflow/.local/lib/python3.8/site-packages/airflow/example_dags/example_sla_dag.py
[2024-03-21T01:14:50.456+0000] {processor.py:830} INFO - Processing file /home/airflow/.local/lib/python3.8/site-packages/airflow/example_dags/example_sla_dag.py for tasks to queue
[2024-03-21T01:14:50.460+0000] {logging_mixin.py:188} INFO - [2024-03-21T01:14:50.459+0000] {dagbag.py:540} INFO - Filling up the DagBag from /home/airflow/.local/lib/python3.8/site-packages/airflow/example_dags/example_sla_dag.py
[2024-03-21T01:14:50.470+0000] {processor.py:840} INFO - DAG(s) 'example_sla_dag' retrieved from /home/airflow/.local/lib/python3.8/site-packages/airflow/example_dags/example_sla_dag.py
[2024-03-21T01:14:50.492+0000] {logging_mixin.py:188} INFO - [2024-03-21T01:14:50.492+0000] {dag.py:3047} INFO - Sync 1 DAGs
[2024-03-21T01:14:50.522+0000] {logging_mixin.py:188} INFO - [2024-03-21T01:14:50.522+0000] {dag.py:3834} INFO - Setting next_dagrun for example_sla_dag to 2024-03-21 01:12:00+00:00, run_after=2024-03-21 01:14:00+00:00
[2024-03-21T01:14:50.548+0000] {processor.py:183} INFO - Processing /home/airflow/.local/lib/python3.8/site-packages/airflow/example_dags/example_sla_dag.py took 0.096 seconds
[2024-03-21T01:15:22.614+0000] {processor.py:161} INFO - Started process (PID=255) to work on /home/airflow/.local/lib/python3.8/site-packages/airflow/example_dags/example_sla_dag.py
[2024-03-21T01:15:22.617+0000] {processor.py:830} INFO - Processing file /home/airflow/.local/lib/python3.8/site-packages/airflow/example_dags/example_sla_dag.py for tasks to queue
[2024-03-21T01:15:22.626+0000] {logging_mixin.py:188} INFO - [2024-03-21T01:15:22.625+0000] {dagbag.py:540} INFO - Filling up the DagBag from /home/airflow/.local/lib/python3.8/site-packages/airflow/example_dags/example_sla_dag.py
[2024-03-21T01:15:22.676+0000] {processor.py:840} INFO - DAG(s) 'example_sla_dag' retrieved from /home/airflow/.local/lib/python3.8/site-packages/airflow/example_dags/example_sla_dag.py
[2024-03-21T01:15:22.890+0000] {logging_mixin.py:188} INFO - [2024-03-21T01:15:22.881+0000] {dag.py:3047} INFO - Sync 1 DAGs
[2024-03-21T01:15:23.028+0000] {logging_mixin.py:188} INFO - [2024-03-21T01:15:23.027+0000] {dag.py:3834} INFO - Setting next_dagrun for example_sla_dag to 2024-03-21 01:12:00+00:00, run_after=2024-03-21 01:14:00+00:00
[2024-03-21T01:15:23.108+0000] {processor.py:183} INFO - Processing /home/airflow/.local/lib/python3.8/site-packages/airflow/example_dags/example_sla_dag.py took 0.505 seconds
[2024-03-21T01:15:53.834+0000] {processor.py:161} INFO - Started process (PID=310) to work on /home/airflow/.local/lib/python3.8/site-packages/airflow/example_dags/example_sla_dag.py
[2024-03-21T01:15:53.836+0000] {processor.py:830} INFO - Processing file /home/airflow/.local/lib/python3.8/site-packages/airflow/example_dags/example_sla_dag.py for tasks to queue
[2024-03-21T01:15:53.844+0000] {logging_mixin.py:188} INFO - [2024-03-21T01:15:53.843+0000] {dagbag.py:540} INFO - Filling up the DagBag from /home/airflow/.local/lib/python3.8/site-packages/airflow/example_dags/example_sla_dag.py
[2024-03-21T01:15:53.858+0000] {processor.py:840} INFO - DAG(s) 'example_sla_dag' retrieved from /home/airflow/.local/lib/python3.8/site-packages/airflow/example_dags/example_sla_dag.py
[2024-03-21T01:15:53.881+0000] {logging_mixin.py:188} INFO - [2024-03-21T01:15:53.881+0000] {dag.py:3047} INFO - Sync 1 DAGs
[2024-03-21T01:15:53.924+0000] {logging_mixin.py:188} INFO - [2024-03-21T01:15:53.924+0000] {dag.py:3834} INFO - Setting next_dagrun for example_sla_dag to 2024-03-21 01:12:00+00:00, run_after=2024-03-21 01:14:00+00:00
[2024-03-21T01:15:53.952+0000] {processor.py:183} INFO - Processing /home/airflow/.local/lib/python3.8/site-packages/airflow/example_dags/example_sla_dag.py took 0.123 seconds
[2024-03-21T01:16:24.551+0000] {processor.py:161} INFO - Started process (PID=364) to work on /home/airflow/.local/lib/python3.8/site-packages/airflow/example_dags/example_sla_dag.py
[2024-03-21T01:16:24.554+0000] {processor.py:830} INFO - Processing file /home/airflow/.local/lib/python3.8/site-packages/airflow/example_dags/example_sla_dag.py for tasks to queue
[2024-03-21T01:16:24.556+0000] {logging_mixin.py:188} INFO - [2024-03-21T01:16:24.556+0000] {dagbag.py:540} INFO - Filling up the DagBag from /home/airflow/.local/lib/python3.8/site-packages/airflow/example_dags/example_sla_dag.py
[2024-03-21T01:16:24.565+0000] {processor.py:840} INFO - DAG(s) 'example_sla_dag' retrieved from /home/airflow/.local/lib/python3.8/site-packages/airflow/example_dags/example_sla_dag.py
[2024-03-21T01:16:24.707+0000] {logging_mixin.py:188} INFO - [2024-03-21T01:16:24.707+0000] {dag.py:3047} INFO - Sync 1 DAGs
[2024-03-21T01:16:24.736+0000] {logging_mixin.py:188} INFO - [2024-03-21T01:16:24.736+0000] {dag.py:3834} INFO - Setting next_dagrun for example_sla_dag to 2024-03-21 01:14:00+00:00, run_after=2024-03-21 01:16:00+00:00
[2024-03-21T01:16:24.760+0000] {processor.py:183} INFO - Processing /home/airflow/.local/lib/python3.8/site-packages/airflow/example_dags/example_sla_dag.py took 0.212 seconds
[2024-03-21T01:16:55.121+0000] {processor.py:161} INFO - Started process (PID=419) to work on /home/airflow/.local/lib/python3.8/site-packages/airflow/example_dags/example_sla_dag.py
[2024-03-21T01:16:55.124+0000] {processor.py:830} INFO - Processing file /home/airflow/.local/lib/python3.8/site-packages/airflow/example_dags/example_sla_dag.py for tasks to queue
[2024-03-21T01:16:55.126+0000] {logging_mixin.py:188} INFO - [2024-03-21T01:16:55.125+0000] {dagbag.py:540} INFO - Filling up the DagBag from /home/airflow/.local/lib/python3.8/site-packages/airflow/example_dags/example_sla_dag.py
[2024-03-21T01:16:55.142+0000] {processor.py:840} INFO - DAG(s) 'example_sla_dag' retrieved from /home/airflow/.local/lib/python3.8/site-packages/airflow/example_dags/example_sla_dag.py
[2024-03-21T01:16:55.188+0000] {logging_mixin.py:188} INFO - [2024-03-21T01:16:55.188+0000] {dag.py:3047} INFO - Sync 1 DAGs
[2024-03-21T01:16:55.267+0000] {logging_mixin.py:188} INFO - [2024-03-21T01:16:55.266+0000] {dag.py:3834} INFO - Setting next_dagrun for example_sla_dag to 2024-03-21 01:14:00+00:00, run_after=2024-03-21 01:16:00+00:00
[2024-03-21T01:16:55.325+0000] {processor.py:183} INFO - Processing /home/airflow/.local/lib/python3.8/site-packages/airflow/example_dags/example_sla_dag.py took 0.210 seconds
[2024-03-21T01:17:25.557+0000] {processor.py:161} INFO - Started process (PID=472) to work on /home/airflow/.local/lib/python3.8/site-packages/airflow/example_dags/example_sla_dag.py
[2024-03-21T01:17:25.559+0000] {processor.py:830} INFO - Processing file /home/airflow/.local/lib/python3.8/site-packages/airflow/example_dags/example_sla_dag.py for tasks to queue
[2024-03-21T01:17:25.562+0000] {logging_mixin.py:188} INFO - [2024-03-21T01:17:25.561+0000] {dagbag.py:540} INFO - Filling up the DagBag from /home/airflow/.local/lib/python3.8/site-packages/airflow/example_dags/example_sla_dag.py
[2024-03-21T01:17:25.574+0000] {processor.py:840} INFO - DAG(s) 'example_sla_dag' retrieved from /home/airflow/.local/lib/python3.8/site-packages/airflow/example_dags/example_sla_dag.py
[2024-03-21T01:17:25.600+0000] {logging_mixin.py:188} INFO - [2024-03-21T01:17:25.600+0000] {dag.py:3047} INFO - Sync 1 DAGs
[2024-03-21T01:17:25.650+0000] {logging_mixin.py:188} INFO - [2024-03-21T01:17:25.650+0000] {dag.py:3834} INFO - Setting next_dagrun for example_sla_dag to 2024-03-21 01:14:00+00:00, run_after=2024-03-21 01:16:00+00:00
[2024-03-21T01:17:25.688+0000] {processor.py:183} INFO - Processing /home/airflow/.local/lib/python3.8/site-packages/airflow/example_dags/example_sla_dag.py took 0.136 seconds
[2024-03-21T01:17:56.524+0000] {processor.py:161} INFO - Started process (PID=527) to work on /home/airflow/.local/lib/python3.8/site-packages/airflow/example_dags/example_sla_dag.py
[2024-03-21T01:17:56.526+0000] {processor.py:830} INFO - Processing file /home/airflow/.local/lib/python3.8/site-packages/airflow/example_dags/example_sla_dag.py for tasks to queue
[2024-03-21T01:17:56.528+0000] {logging_mixin.py:188} INFO - [2024-03-21T01:17:56.527+0000] {dagbag.py:540} INFO - Filling up the DagBag from /home/airflow/.local/lib/python3.8/site-packages/airflow/example_dags/example_sla_dag.py
[2024-03-21T01:17:56.538+0000] {processor.py:840} INFO - DAG(s) 'example_sla_dag' retrieved from /home/airflow/.local/lib/python3.8/site-packages/airflow/example_dags/example_sla_dag.py
[2024-03-21T01:17:56.563+0000] {logging_mixin.py:188} INFO - [2024-03-21T01:17:56.562+0000] {dag.py:3047} INFO - Sync 1 DAGs
[2024-03-21T01:17:56.595+0000] {logging_mixin.py:188} INFO - [2024-03-21T01:17:56.595+0000] {dag.py:3834} INFO - Setting next_dagrun for example_sla_dag to 2024-03-21 01:14:00+00:00, run_after=2024-03-21 01:16:00+00:00
[2024-03-21T01:17:56.623+0000] {processor.py:183} INFO - Processing /home/airflow/.local/lib/python3.8/site-packages/airflow/example_dags/example_sla_dag.py took 0.102 seconds
[2024-03-21T01:18:27.287+0000] {processor.py:161} INFO - Started process (PID=582) to work on /home/airflow/.local/lib/python3.8/site-packages/airflow/example_dags/example_sla_dag.py
[2024-03-21T01:18:27.290+0000] {processor.py:830} INFO - Processing file /home/airflow/.local/lib/python3.8/site-packages/airflow/example_dags/example_sla_dag.py for tasks to queue
[2024-03-21T01:18:27.292+0000] {logging_mixin.py:188} INFO - [2024-03-21T01:18:27.292+0000] {dagbag.py:540} INFO - Filling up the DagBag from /home/airflow/.local/lib/python3.8/site-packages/airflow/example_dags/example_sla_dag.py
[2024-03-21T01:18:27.307+0000] {processor.py:840} INFO - DAG(s) 'example_sla_dag' retrieved from /home/airflow/.local/lib/python3.8/site-packages/airflow/example_dags/example_sla_dag.py
[2024-03-21T01:18:27.340+0000] {logging_mixin.py:188} INFO - [2024-03-21T01:18:27.340+0000] {dag.py:3047} INFO - Sync 1 DAGs
[2024-03-21T01:18:27.381+0000] {logging_mixin.py:188} INFO - [2024-03-21T01:18:27.381+0000] {dag.py:3834} INFO - Setting next_dagrun for example_sla_dag to 2024-03-21 01:16:00+00:00, run_after=2024-03-21 01:18:00+00:00
[2024-03-21T01:18:27.412+0000] {processor.py:183} INFO - Processing /home/airflow/.local/lib/python3.8/site-packages/airflow/example_dags/example_sla_dag.py took 0.129 seconds
[2024-03-21T01:18:57.771+0000] {processor.py:161} INFO - Started process (PID=637) to work on /home/airflow/.local/lib/python3.8/site-packages/airflow/example_dags/example_sla_dag.py
[2024-03-21T01:18:57.774+0000] {processor.py:830} INFO - Processing file /home/airflow/.local/lib/python3.8/site-packages/airflow/example_dags/example_sla_dag.py for tasks to queue
[2024-03-21T01:18:57.776+0000] {logging_mixin.py:188} INFO - [2024-03-21T01:18:57.776+0000] {dagbag.py:540} INFO - Filling up the DagBag from /home/airflow/.local/lib/python3.8/site-packages/airflow/example_dags/example_sla_dag.py
[2024-03-21T01:18:57.787+0000] {processor.py:840} INFO - DAG(s) 'example_sla_dag' retrieved from /home/airflow/.local/lib/python3.8/site-packages/airflow/example_dags/example_sla_dag.py
[2024-03-21T01:18:57.830+0000] {logging_mixin.py:188} INFO - [2024-03-21T01:18:57.829+0000] {dag.py:3047} INFO - Sync 1 DAGs
[2024-03-21T01:18:57.881+0000] {logging_mixin.py:188} INFO - [2024-03-21T01:18:57.880+0000] {dag.py:3834} INFO - Setting next_dagrun for example_sla_dag to 2024-03-21 01:16:00+00:00, run_after=2024-03-21 01:18:00+00:00
[2024-03-21T01:18:57.916+0000] {processor.py:183} INFO - Processing /home/airflow/.local/lib/python3.8/site-packages/airflow/example_dags/example_sla_dag.py took 0.150 seconds
[2024-03-21T01:19:28.474+0000] {processor.py:161} INFO - Started process (PID=692) to work on /home/airflow/.local/lib/python3.8/site-packages/airflow/example_dags/example_sla_dag.py
[2024-03-21T01:19:28.478+0000] {processor.py:830} INFO - Processing file /home/airflow/.local/lib/python3.8/site-packages/airflow/example_dags/example_sla_dag.py for tasks to queue
[2024-03-21T01:19:28.481+0000] {logging_mixin.py:188} INFO - [2024-03-21T01:19:28.480+0000] {dagbag.py:540} INFO - Filling up the DagBag from /home/airflow/.local/lib/python3.8/site-packages/airflow/example_dags/example_sla_dag.py
[2024-03-21T01:19:28.498+0000] {processor.py:840} INFO - DAG(s) 'example_sla_dag' retrieved from /home/airflow/.local/lib/python3.8/site-packages/airflow/example_dags/example_sla_dag.py
[2024-03-21T01:19:28.541+0000] {logging_mixin.py:188} INFO - [2024-03-21T01:19:28.540+0000] {dag.py:3047} INFO - Sync 1 DAGs
[2024-03-21T01:19:28.599+0000] {logging_mixin.py:188} INFO - [2024-03-21T01:19:28.599+0000] {dag.py:3834} INFO - Setting next_dagrun for example_sla_dag to 2024-03-21 01:16:00+00:00, run_after=2024-03-21 01:18:00+00:00
[2024-03-21T01:19:28.636+0000] {processor.py:183} INFO - Processing /home/airflow/.local/lib/python3.8/site-packages/airflow/example_dags/example_sla_dag.py took 0.167 seconds
[2024-03-21T01:19:59.140+0000] {processor.py:161} INFO - Started process (PID=748) to work on /home/airflow/.local/lib/python3.8/site-packages/airflow/example_dags/example_sla_dag.py
[2024-03-21T01:19:59.143+0000] {processor.py:830} INFO - Processing file /home/airflow/.local/lib/python3.8/site-packages/airflow/example_dags/example_sla_dag.py for tasks to queue
[2024-03-21T01:19:59.145+0000] {logging_mixin.py:188} INFO - [2024-03-21T01:19:59.144+0000] {dagbag.py:540} INFO - Filling up the DagBag from /home/airflow/.local/lib/python3.8/site-packages/airflow/example_dags/example_sla_dag.py
[2024-03-21T01:19:59.156+0000] {processor.py:840} INFO - DAG(s) 'example_sla_dag' retrieved from /home/airflow/.local/lib/python3.8/site-packages/airflow/example_dags/example_sla_dag.py
[2024-03-21T01:19:59.186+0000] {logging_mixin.py:188} INFO - [2024-03-21T01:19:59.186+0000] {dag.py:3047} INFO - Sync 1 DAGs
[2024-03-21T01:19:59.235+0000] {logging_mixin.py:188} INFO - [2024-03-21T01:19:59.235+0000] {dag.py:3834} INFO - Setting next_dagrun for example_sla_dag to 2024-03-21 01:16:00+00:00, run_after=2024-03-21 01:18:00+00:00
[2024-03-21T01:19:59.279+0000] {processor.py:183} INFO - Processing /home/airflow/.local/lib/python3.8/site-packages/airflow/example_dags/example_sla_dag.py took 0.144 seconds
[2024-03-21T01:20:29.419+0000] {processor.py:161} INFO - Started process (PID=809) to work on /home/airflow/.local/lib/python3.8/site-packages/airflow/example_dags/example_sla_dag.py
[2024-03-21T01:20:29.421+0000] {processor.py:830} INFO - Processing file /home/airflow/.local/lib/python3.8/site-packages/airflow/example_dags/example_sla_dag.py for tasks to queue
[2024-03-21T01:20:29.423+0000] {logging_mixin.py:188} INFO - [2024-03-21T01:20:29.423+0000] {dagbag.py:540} INFO - Filling up the DagBag from /home/airflow/.local/lib/python3.8/site-packages/airflow/example_dags/example_sla_dag.py
[2024-03-21T01:20:29.432+0000] {processor.py:840} INFO - DAG(s) 'example_sla_dag' retrieved from /home/airflow/.local/lib/python3.8/site-packages/airflow/example_dags/example_sla_dag.py
[2024-03-21T01:20:29.453+0000] {logging_mixin.py:188} INFO - [2024-03-21T01:20:29.453+0000] {dag.py:3047} INFO - Sync 1 DAGs
[2024-03-21T01:20:29.480+0000] {logging_mixin.py:188} INFO - [2024-03-21T01:20:29.480+0000] {dag.py:3834} INFO - Setting next_dagrun for example_sla_dag to 2024-03-21 01:18:00+00:00, run_after=2024-03-21 01:20:00+00:00
[2024-03-21T01:20:29.504+0000] {processor.py:183} INFO - Processing /home/airflow/.local/lib/python3.8/site-packages/airflow/example_dags/example_sla_dag.py took 0.088 seconds
[2024-03-21T01:20:59.922+0000] {processor.py:161} INFO - Started process (PID=863) to work on /home/airflow/.local/lib/python3.8/site-packages/airflow/example_dags/example_sla_dag.py
[2024-03-21T01:20:59.924+0000] {processor.py:830} INFO - Processing file /home/airflow/.local/lib/python3.8/site-packages/airflow/example_dags/example_sla_dag.py for tasks to queue
[2024-03-21T01:20:59.927+0000] {logging_mixin.py:188} INFO - [2024-03-21T01:20:59.927+0000] {dagbag.py:540} INFO - Filling up the DagBag from /home/airflow/.local/lib/python3.8/site-packages/airflow/example_dags/example_sla_dag.py
[2024-03-21T01:20:59.953+0000] {processor.py:840} INFO - DAG(s) 'example_sla_dag' retrieved from /home/airflow/.local/lib/python3.8/site-packages/airflow/example_dags/example_sla_dag.py
[2024-03-21T01:20:59.992+0000] {logging_mixin.py:188} INFO - [2024-03-21T01:20:59.992+0000] {dag.py:3047} INFO - Sync 1 DAGs
[2024-03-21T01:21:00.057+0000] {logging_mixin.py:188} INFO - [2024-03-21T01:21:00.056+0000] {dag.py:3834} INFO - Setting next_dagrun for example_sla_dag to 2024-03-21 01:18:00+00:00, run_after=2024-03-21 01:20:00+00:00
[2024-03-21T01:21:00.108+0000] {processor.py:183} INFO - Processing /home/airflow/.local/lib/python3.8/site-packages/airflow/example_dags/example_sla_dag.py took 0.191 seconds
[2024-03-21T01:21:30.440+0000] {processor.py:161} INFO - Started process (PID=918) to work on /home/airflow/.local/lib/python3.8/site-packages/airflow/example_dags/example_sla_dag.py
[2024-03-21T01:21:30.456+0000] {processor.py:830} INFO - Processing file /home/airflow/.local/lib/python3.8/site-packages/airflow/example_dags/example_sla_dag.py for tasks to queue
[2024-03-21T01:21:30.476+0000] {logging_mixin.py:188} INFO - [2024-03-21T01:21:30.472+0000] {dagbag.py:540} INFO - Filling up the DagBag from /home/airflow/.local/lib/python3.8/site-packages/airflow/example_dags/example_sla_dag.py
[2024-03-21T01:21:30.518+0000] {processor.py:840} INFO - DAG(s) 'example_sla_dag' retrieved from /home/airflow/.local/lib/python3.8/site-packages/airflow/example_dags/example_sla_dag.py
[2024-03-21T01:21:30.654+0000] {logging_mixin.py:188} INFO - [2024-03-21T01:21:30.653+0000] {dag.py:3047} INFO - Sync 1 DAGs
[2024-03-21T01:21:30.761+0000] {logging_mixin.py:188} INFO - [2024-03-21T01:21:30.760+0000] {dag.py:3834} INFO - Setting next_dagrun for example_sla_dag to 2024-03-21 01:18:00+00:00, run_after=2024-03-21 01:20:00+00:00
[2024-03-21T01:21:30.860+0000] {processor.py:183} INFO - Processing /home/airflow/.local/lib/python3.8/site-packages/airflow/example_dags/example_sla_dag.py took 0.438 seconds
[2024-03-21T01:22:01.434+0000] {processor.py:161} INFO - Started process (PID=974) to work on /home/airflow/.local/lib/python3.8/site-packages/airflow/example_dags/example_sla_dag.py
[2024-03-21T01:22:01.434+0000] {processor.py:830} INFO - Processing file /home/airflow/.local/lib/python3.8/site-packages/airflow/example_dags/example_sla_dag.py for tasks to queue
[2024-03-21T01:22:01.437+0000] {logging_mixin.py:188} INFO - [2024-03-21T01:22:01.437+0000] {dagbag.py:540} INFO - Filling up the DagBag from /home/airflow/.local/lib/python3.8/site-packages/airflow/example_dags/example_sla_dag.py
[2024-03-21T01:22:01.447+0000] {processor.py:840} INFO - DAG(s) 'example_sla_dag' retrieved from /home/airflow/.local/lib/python3.8/site-packages/airflow/example_dags/example_sla_dag.py
[2024-03-21T01:22:01.470+0000] {logging_mixin.py:188} INFO - [2024-03-21T01:22:01.470+0000] {dag.py:3047} INFO - Sync 1 DAGs
[2024-03-21T01:22:01.496+0000] {logging_mixin.py:188} INFO - [2024-03-21T01:22:01.496+0000] {dag.py:3834} INFO - Setting next_dagrun for example_sla_dag to 2024-03-21 01:20:00+00:00, run_after=2024-03-21 01:22:00+00:00
[2024-03-21T01:22:01.522+0000] {processor.py:183} INFO - Processing /home/airflow/.local/lib/python3.8/site-packages/airflow/example_dags/example_sla_dag.py took 0.093 seconds
[2024-03-21T01:22:31.563+0000] {processor.py:161} INFO - Started process (PID=1029) to work on /home/airflow/.local/lib/python3.8/site-packages/airflow/example_dags/example_sla_dag.py
[2024-03-21T01:22:31.564+0000] {processor.py:830} INFO - Processing file /home/airflow/.local/lib/python3.8/site-packages/airflow/example_dags/example_sla_dag.py for tasks to queue
[2024-03-21T01:22:31.566+0000] {logging_mixin.py:188} INFO - [2024-03-21T01:22:31.566+0000] {dagbag.py:540} INFO - Filling up the DagBag from /home/airflow/.local/lib/python3.8/site-packages/airflow/example_dags/example_sla_dag.py
[2024-03-21T01:22:31.576+0000] {processor.py:840} INFO - DAG(s) 'example_sla_dag' retrieved from /home/airflow/.local/lib/python3.8/site-packages/airflow/example_dags/example_sla_dag.py
[2024-03-21T01:22:31.602+0000] {logging_mixin.py:188} INFO - [2024-03-21T01:22:31.601+0000] {dag.py:3047} INFO - Sync 1 DAGs
[2024-03-21T01:22:31.630+0000] {logging_mixin.py:188} INFO - [2024-03-21T01:22:31.630+0000] {dag.py:3834} INFO - Setting next_dagrun for example_sla_dag to 2024-03-21 01:20:00+00:00, run_after=2024-03-21 01:22:00+00:00
[2024-03-21T01:22:31.653+0000] {processor.py:183} INFO - Processing /home/airflow/.local/lib/python3.8/site-packages/airflow/example_dags/example_sla_dag.py took 0.096 seconds
[2024-03-21T01:23:02.030+0000] {processor.py:161} INFO - Started process (PID=1084) to work on /home/airflow/.local/lib/python3.8/site-packages/airflow/example_dags/example_sla_dag.py
[2024-03-21T01:23:02.032+0000] {processor.py:830} INFO - Processing file /home/airflow/.local/lib/python3.8/site-packages/airflow/example_dags/example_sla_dag.py for tasks to queue
[2024-03-21T01:23:02.034+0000] {logging_mixin.py:188} INFO - [2024-03-21T01:23:02.033+0000] {dagbag.py:540} INFO - Filling up the DagBag from /home/airflow/.local/lib/python3.8/site-packages/airflow/example_dags/example_sla_dag.py
[2024-03-21T01:23:02.043+0000] {processor.py:840} INFO - DAG(s) 'example_sla_dag' retrieved from /home/airflow/.local/lib/python3.8/site-packages/airflow/example_dags/example_sla_dag.py
[2024-03-21T01:23:02.064+0000] {logging_mixin.py:188} INFO - [2024-03-21T01:23:02.064+0000] {dag.py:3047} INFO - Sync 1 DAGs
[2024-03-21T01:23:02.093+0000] {logging_mixin.py:188} INFO - [2024-03-21T01:23:02.093+0000] {dag.py:3834} INFO - Setting next_dagrun for example_sla_dag to 2024-03-21 01:20:00+00:00, run_after=2024-03-21 01:22:00+00:00
[2024-03-21T01:23:02.117+0000] {processor.py:183} INFO - Processing /home/airflow/.local/lib/python3.8/site-packages/airflow/example_dags/example_sla_dag.py took 0.090 seconds
[2024-03-21T01:23:32.253+0000] {processor.py:161} INFO - Started process (PID=1138) to work on /home/airflow/.local/lib/python3.8/site-packages/airflow/example_dags/example_sla_dag.py
[2024-03-21T01:23:32.255+0000] {processor.py:830} INFO - Processing file /home/airflow/.local/lib/python3.8/site-packages/airflow/example_dags/example_sla_dag.py for tasks to queue
[2024-03-21T01:23:32.257+0000] {logging_mixin.py:188} INFO - [2024-03-21T01:23:32.257+0000] {dagbag.py:540} INFO - Filling up the DagBag from /home/airflow/.local/lib/python3.8/site-packages/airflow/example_dags/example_sla_dag.py
[2024-03-21T01:23:32.265+0000] {processor.py:840} INFO - DAG(s) 'example_sla_dag' retrieved from /home/airflow/.local/lib/python3.8/site-packages/airflow/example_dags/example_sla_dag.py
[2024-03-21T01:23:32.286+0000] {logging_mixin.py:188} INFO - [2024-03-21T01:23:32.286+0000] {dag.py:3047} INFO - Sync 1 DAGs
[2024-03-21T01:23:32.343+0000] {logging_mixin.py:188} INFO - [2024-03-21T01:23:32.343+0000] {dag.py:3834} INFO - Setting next_dagrun for example_sla_dag to 2024-03-21 01:20:00+00:00, run_after=2024-03-21 01:22:00+00:00
[2024-03-21T01:23:32.365+0000] {processor.py:183} INFO - Processing /home/airflow/.local/lib/python3.8/site-packages/airflow/example_dags/example_sla_dag.py took 0.115 seconds
[2024-03-21T01:24:02.421+0000] {processor.py:161} INFO - Started process (PID=1193) to work on /home/airflow/.local/lib/python3.8/site-packages/airflow/example_dags/example_sla_dag.py
[2024-03-21T01:24:02.423+0000] {processor.py:830} INFO - Processing file /home/airflow/.local/lib/python3.8/site-packages/airflow/example_dags/example_sla_dag.py for tasks to queue
[2024-03-21T01:24:02.425+0000] {logging_mixin.py:188} INFO - [2024-03-21T01:24:02.425+0000] {dagbag.py:540} INFO - Filling up the DagBag from /home/airflow/.local/lib/python3.8/site-packages/airflow/example_dags/example_sla_dag.py
[2024-03-21T01:24:02.433+0000] {processor.py:840} INFO - DAG(s) 'example_sla_dag' retrieved from /home/airflow/.local/lib/python3.8/site-packages/airflow/example_dags/example_sla_dag.py
[2024-03-21T01:24:02.452+0000] {logging_mixin.py:188} INFO - [2024-03-21T01:24:02.452+0000] {dag.py:3047} INFO - Sync 1 DAGs
[2024-03-21T01:24:02.476+0000] {logging_mixin.py:188} INFO - [2024-03-21T01:24:02.476+0000] {dag.py:3834} INFO - Setting next_dagrun for example_sla_dag to 2024-03-21 01:22:00+00:00, run_after=2024-03-21 01:24:00+00:00
[2024-03-21T01:24:02.496+0000] {processor.py:183} INFO - Processing /home/airflow/.local/lib/python3.8/site-packages/airflow/example_dags/example_sla_dag.py took 0.078 seconds
[2024-03-21T01:24:32.620+0000] {processor.py:161} INFO - Started process (PID=1248) to work on /home/airflow/.local/lib/python3.8/site-packages/airflow/example_dags/example_sla_dag.py
[2024-03-21T01:24:32.621+0000] {processor.py:830} INFO - Processing file /home/airflow/.local/lib/python3.8/site-packages/airflow/example_dags/example_sla_dag.py for tasks to queue
[2024-03-21T01:24:32.622+0000] {logging_mixin.py:188} INFO - [2024-03-21T01:24:32.622+0000] {dagbag.py:540} INFO - Filling up the DagBag from /home/airflow/.local/lib/python3.8/site-packages/airflow/example_dags/example_sla_dag.py
[2024-03-21T01:24:32.631+0000] {processor.py:840} INFO - DAG(s) 'example_sla_dag' retrieved from /home/airflow/.local/lib/python3.8/site-packages/airflow/example_dags/example_sla_dag.py
[2024-03-21T01:24:32.650+0000] {logging_mixin.py:188} INFO - [2024-03-21T01:24:32.650+0000] {dag.py:3047} INFO - Sync 1 DAGs
[2024-03-21T01:24:32.675+0000] {logging_mixin.py:188} INFO - [2024-03-21T01:24:32.675+0000] {dag.py:3834} INFO - Setting next_dagrun for example_sla_dag to 2024-03-21 01:22:00+00:00, run_after=2024-03-21 01:24:00+00:00
[2024-03-21T01:24:32.695+0000] {processor.py:183} INFO - Processing /home/airflow/.local/lib/python3.8/site-packages/airflow/example_dags/example_sla_dag.py took 0.078 seconds
[2024-03-21T01:25:02.780+0000] {processor.py:161} INFO - Started process (PID=1303) to work on /home/airflow/.local/lib/python3.8/site-packages/airflow/example_dags/example_sla_dag.py
[2024-03-21T01:25:02.782+0000] {processor.py:830} INFO - Processing file /home/airflow/.local/lib/python3.8/site-packages/airflow/example_dags/example_sla_dag.py for tasks to queue
[2024-03-21T01:25:02.784+0000] {logging_mixin.py:188} INFO - [2024-03-21T01:25:02.784+0000] {dagbag.py:540} INFO - Filling up the DagBag from /home/airflow/.local/lib/python3.8/site-packages/airflow/example_dags/example_sla_dag.py
[2024-03-21T01:25:02.794+0000] {processor.py:840} INFO - DAG(s) 'example_sla_dag' retrieved from /home/airflow/.local/lib/python3.8/site-packages/airflow/example_dags/example_sla_dag.py
[2024-03-21T01:25:02.818+0000] {logging_mixin.py:188} INFO - [2024-03-21T01:25:02.817+0000] {dag.py:3047} INFO - Sync 1 DAGs
[2024-03-21T01:25:02.847+0000] {logging_mixin.py:188} INFO - [2024-03-21T01:25:02.847+0000] {dag.py:3834} INFO - Setting next_dagrun for example_sla_dag to 2024-03-21 01:22:00+00:00, run_after=2024-03-21 01:24:00+00:00
[2024-03-21T01:25:02.868+0000] {processor.py:183} INFO - Processing /home/airflow/.local/lib/python3.8/site-packages/airflow/example_dags/example_sla_dag.py took 0.092 seconds
[2024-03-21T01:25:33.249+0000] {processor.py:161} INFO - Started process (PID=1358) to work on /home/airflow/.local/lib/python3.8/site-packages/airflow/example_dags/example_sla_dag.py
[2024-03-21T01:25:33.250+0000] {processor.py:830} INFO - Processing file /home/airflow/.local/lib/python3.8/site-packages/airflow/example_dags/example_sla_dag.py for tasks to queue
[2024-03-21T01:25:33.253+0000] {logging_mixin.py:188} INFO - [2024-03-21T01:25:33.252+0000] {dagbag.py:540} INFO - Filling up the DagBag from /home/airflow/.local/lib/python3.8/site-packages/airflow/example_dags/example_sla_dag.py
[2024-03-21T01:25:33.263+0000] {processor.py:840} INFO - DAG(s) 'example_sla_dag' retrieved from /home/airflow/.local/lib/python3.8/site-packages/airflow/example_dags/example_sla_dag.py
[2024-03-21T01:25:33.286+0000] {logging_mixin.py:188} INFO - [2024-03-21T01:25:33.286+0000] {dag.py:3047} INFO - Sync 1 DAGs
[2024-03-21T01:25:33.321+0000] {logging_mixin.py:188} INFO - [2024-03-21T01:25:33.320+0000] {dag.py:3834} INFO - Setting next_dagrun for example_sla_dag to 2024-03-21 01:22:00+00:00, run_after=2024-03-21 01:24:00+00:00
[2024-03-21T01:25:33.348+0000] {processor.py:183} INFO - Processing /home/airflow/.local/lib/python3.8/site-packages/airflow/example_dags/example_sla_dag.py took 0.102 seconds
[2024-03-21T01:26:03.487+0000] {processor.py:161} INFO - Started process (PID=1413) to work on /home/airflow/.local/lib/python3.8/site-packages/airflow/example_dags/example_sla_dag.py
[2024-03-21T01:26:03.488+0000] {processor.py:830} INFO - Processing file /home/airflow/.local/lib/python3.8/site-packages/airflow/example_dags/example_sla_dag.py for tasks to queue
[2024-03-21T01:26:03.490+0000] {logging_mixin.py:188} INFO - [2024-03-21T01:26:03.490+0000] {dagbag.py:540} INFO - Filling up the DagBag from /home/airflow/.local/lib/python3.8/site-packages/airflow/example_dags/example_sla_dag.py
[2024-03-21T01:26:03.499+0000] {processor.py:840} INFO - DAG(s) 'example_sla_dag' retrieved from /home/airflow/.local/lib/python3.8/site-packages/airflow/example_dags/example_sla_dag.py
[2024-03-21T01:26:03.520+0000] {logging_mixin.py:188} INFO - [2024-03-21T01:26:03.520+0000] {dag.py:3047} INFO - Sync 1 DAGs
[2024-03-21T01:26:03.551+0000] {logging_mixin.py:188} INFO - [2024-03-21T01:26:03.551+0000] {dag.py:3834} INFO - Setting next_dagrun for example_sla_dag to 2024-03-21 01:24:00+00:00, run_after=2024-03-21 01:26:00+00:00
[2024-03-21T01:26:03.581+0000] {processor.py:183} INFO - Processing /home/airflow/.local/lib/python3.8/site-packages/airflow/example_dags/example_sla_dag.py took 0.097 seconds
[2024-03-21T01:26:33.623+0000] {processor.py:161} INFO - Started process (PID=1468) to work on /home/airflow/.local/lib/python3.8/site-packages/airflow/example_dags/example_sla_dag.py
[2024-03-21T01:26:33.625+0000] {processor.py:830} INFO - Processing file /home/airflow/.local/lib/python3.8/site-packages/airflow/example_dags/example_sla_dag.py for tasks to queue
[2024-03-21T01:26:33.627+0000] {logging_mixin.py:188} INFO - [2024-03-21T01:26:33.627+0000] {dagbag.py:540} INFO - Filling up the DagBag from /home/airflow/.local/lib/python3.8/site-packages/airflow/example_dags/example_sla_dag.py
[2024-03-21T01:26:33.638+0000] {processor.py:840} INFO - DAG(s) 'example_sla_dag' retrieved from /home/airflow/.local/lib/python3.8/site-packages/airflow/example_dags/example_sla_dag.py
[2024-03-21T01:26:33.662+0000] {logging_mixin.py:188} INFO - [2024-03-21T01:26:33.661+0000] {dag.py:3047} INFO - Sync 1 DAGs
[2024-03-21T01:26:33.695+0000] {logging_mixin.py:188} INFO - [2024-03-21T01:26:33.695+0000] {dag.py:3834} INFO - Setting next_dagrun for example_sla_dag to 2024-03-21 01:24:00+00:00, run_after=2024-03-21 01:26:00+00:00
[2024-03-21T01:26:33.722+0000] {processor.py:183} INFO - Processing /home/airflow/.local/lib/python3.8/site-packages/airflow/example_dags/example_sla_dag.py took 0.103 seconds
[2024-03-21T01:27:03.958+0000] {processor.py:161} INFO - Started process (PID=1523) to work on /home/airflow/.local/lib/python3.8/site-packages/airflow/example_dags/example_sla_dag.py
[2024-03-21T01:27:03.960+0000] {processor.py:830} INFO - Processing file /home/airflow/.local/lib/python3.8/site-packages/airflow/example_dags/example_sla_dag.py for tasks to queue
[2024-03-21T01:27:03.962+0000] {logging_mixin.py:188} INFO - [2024-03-21T01:27:03.961+0000] {dagbag.py:540} INFO - Filling up the DagBag from /home/airflow/.local/lib/python3.8/site-packages/airflow/example_dags/example_sla_dag.py
[2024-03-21T01:27:03.970+0000] {processor.py:840} INFO - DAG(s) 'example_sla_dag' retrieved from /home/airflow/.local/lib/python3.8/site-packages/airflow/example_dags/example_sla_dag.py
[2024-03-21T01:27:03.989+0000] {logging_mixin.py:188} INFO - [2024-03-21T01:27:03.989+0000] {dag.py:3047} INFO - Sync 1 DAGs
[2024-03-21T01:27:04.013+0000] {logging_mixin.py:188} INFO - [2024-03-21T01:27:04.013+0000] {dag.py:3834} INFO - Setting next_dagrun for example_sla_dag to 2024-03-21 01:24:00+00:00, run_after=2024-03-21 01:26:00+00:00
[2024-03-21T01:27:04.036+0000] {processor.py:183} INFO - Processing /home/airflow/.local/lib/python3.8/site-packages/airflow/example_dags/example_sla_dag.py took 0.081 seconds
[2024-03-21T01:27:34.427+0000] {processor.py:161} INFO - Started process (PID=1578) to work on /home/airflow/.local/lib/python3.8/site-packages/airflow/example_dags/example_sla_dag.py
[2024-03-21T01:27:34.430+0000] {processor.py:830} INFO - Processing file /home/airflow/.local/lib/python3.8/site-packages/airflow/example_dags/example_sla_dag.py for tasks to queue
[2024-03-21T01:27:34.432+0000] {logging_mixin.py:188} INFO - [2024-03-21T01:27:34.431+0000] {dagbag.py:540} INFO - Filling up the DagBag from /home/airflow/.local/lib/python3.8/site-packages/airflow/example_dags/example_sla_dag.py
[2024-03-21T01:27:34.440+0000] {processor.py:840} INFO - DAG(s) 'example_sla_dag' retrieved from /home/airflow/.local/lib/python3.8/site-packages/airflow/example_dags/example_sla_dag.py
[2024-03-21T01:27:34.461+0000] {logging_mixin.py:188} INFO - [2024-03-21T01:27:34.461+0000] {dag.py:3047} INFO - Sync 1 DAGs
[2024-03-21T01:27:34.485+0000] {logging_mixin.py:188} INFO - [2024-03-21T01:27:34.485+0000] {dag.py:3834} INFO - Setting next_dagrun for example_sla_dag to 2024-03-21 01:24:00+00:00, run_after=2024-03-21 01:26:00+00:00
[2024-03-21T01:27:34.506+0000] {processor.py:183} INFO - Processing /home/airflow/.local/lib/python3.8/site-packages/airflow/example_dags/example_sla_dag.py took 0.082 seconds
[2024-03-21T01:28:04.747+0000] {processor.py:161} INFO - Started process (PID=1633) to work on /home/airflow/.local/lib/python3.8/site-packages/airflow/example_dags/example_sla_dag.py
[2024-03-21T01:28:04.748+0000] {processor.py:830} INFO - Processing file /home/airflow/.local/lib/python3.8/site-packages/airflow/example_dags/example_sla_dag.py for tasks to queue
[2024-03-21T01:28:04.750+0000] {logging_mixin.py:188} INFO - [2024-03-21T01:28:04.750+0000] {dagbag.py:540} INFO - Filling up the DagBag from /home/airflow/.local/lib/python3.8/site-packages/airflow/example_dags/example_sla_dag.py
[2024-03-21T01:28:04.760+0000] {processor.py:840} INFO - DAG(s) 'example_sla_dag' retrieved from /home/airflow/.local/lib/python3.8/site-packages/airflow/example_dags/example_sla_dag.py
[2024-03-21T01:28:04.778+0000] {logging_mixin.py:188} INFO - [2024-03-21T01:28:04.778+0000] {dag.py:3047} INFO - Sync 1 DAGs
[2024-03-21T01:28:04.802+0000] {logging_mixin.py:188} INFO - [2024-03-21T01:28:04.802+0000] {dag.py:3834} INFO - Setting next_dagrun for example_sla_dag to 2024-03-21 01:26:00+00:00, run_after=2024-03-21 01:28:00+00:00
[2024-03-21T01:28:04.825+0000] {processor.py:183} INFO - Processing /home/airflow/.local/lib/python3.8/site-packages/airflow/example_dags/example_sla_dag.py took 0.081 seconds
[2024-03-21T01:28:35.053+0000] {processor.py:161} INFO - Started process (PID=1688) to work on /home/airflow/.local/lib/python3.8/site-packages/airflow/example_dags/example_sla_dag.py
[2024-03-21T01:28:35.056+0000] {processor.py:830} INFO - Processing file /home/airflow/.local/lib/python3.8/site-packages/airflow/example_dags/example_sla_dag.py for tasks to queue
[2024-03-21T01:28:35.058+0000] {logging_mixin.py:188} INFO - [2024-03-21T01:28:35.058+0000] {dagbag.py:540} INFO - Filling up the DagBag from /home/airflow/.local/lib/python3.8/site-packages/airflow/example_dags/example_sla_dag.py
[2024-03-21T01:28:35.067+0000] {processor.py:840} INFO - DAG(s) 'example_sla_dag' retrieved from /home/airflow/.local/lib/python3.8/site-packages/airflow/example_dags/example_sla_dag.py
[2024-03-21T01:28:35.087+0000] {logging_mixin.py:188} INFO - [2024-03-21T01:28:35.087+0000] {dag.py:3047} INFO - Sync 1 DAGs
[2024-03-21T01:28:35.113+0000] {logging_mixin.py:188} INFO - [2024-03-21T01:28:35.113+0000] {dag.py:3834} INFO - Setting next_dagrun for example_sla_dag to 2024-03-21 01:26:00+00:00, run_after=2024-03-21 01:28:00+00:00
[2024-03-21T01:28:35.140+0000] {processor.py:183} INFO - Processing /home/airflow/.local/lib/python3.8/site-packages/airflow/example_dags/example_sla_dag.py took 0.092 seconds
[2024-03-21T01:29:05.314+0000] {processor.py:161} INFO - Started process (PID=1744) to work on /home/airflow/.local/lib/python3.8/site-packages/airflow/example_dags/example_sla_dag.py
[2024-03-21T01:29:05.315+0000] {processor.py:830} INFO - Processing file /home/airflow/.local/lib/python3.8/site-packages/airflow/example_dags/example_sla_dag.py for tasks to queue
[2024-03-21T01:29:05.319+0000] {logging_mixin.py:188} INFO - [2024-03-21T01:29:05.318+0000] {dagbag.py:540} INFO - Filling up the DagBag from /home/airflow/.local/lib/python3.8/site-packages/airflow/example_dags/example_sla_dag.py
[2024-03-21T01:29:05.333+0000] {processor.py:840} INFO - DAG(s) 'example_sla_dag' retrieved from /home/airflow/.local/lib/python3.8/site-packages/airflow/example_dags/example_sla_dag.py
[2024-03-21T01:29:05.385+0000] {logging_mixin.py:188} INFO - [2024-03-21T01:29:05.385+0000] {dag.py:3047} INFO - Sync 1 DAGs
[2024-03-21T01:29:05.460+0000] {logging_mixin.py:188} INFO - [2024-03-21T01:29:05.459+0000] {dag.py:3834} INFO - Setting next_dagrun for example_sla_dag to 2024-03-21 01:26:00+00:00, run_after=2024-03-21 01:28:00+00:00
[2024-03-21T01:29:05.499+0000] {processor.py:183} INFO - Processing /home/airflow/.local/lib/python3.8/site-packages/airflow/example_dags/example_sla_dag.py took 0.191 seconds
[2024-03-21T01:29:35.670+0000] {processor.py:161} INFO - Started process (PID=1799) to work on /home/airflow/.local/lib/python3.8/site-packages/airflow/example_dags/example_sla_dag.py
[2024-03-21T01:29:35.673+0000] {processor.py:830} INFO - Processing file /home/airflow/.local/lib/python3.8/site-packages/airflow/example_dags/example_sla_dag.py for tasks to queue
[2024-03-21T01:29:35.675+0000] {logging_mixin.py:188} INFO - [2024-03-21T01:29:35.674+0000] {dagbag.py:540} INFO - Filling up the DagBag from /home/airflow/.local/lib/python3.8/site-packages/airflow/example_dags/example_sla_dag.py
[2024-03-21T01:29:35.683+0000] {processor.py:840} INFO - DAG(s) 'example_sla_dag' retrieved from /home/airflow/.local/lib/python3.8/site-packages/airflow/example_dags/example_sla_dag.py
[2024-03-21T01:29:35.706+0000] {logging_mixin.py:188} INFO - [2024-03-21T01:29:35.706+0000] {dag.py:3047} INFO - Sync 1 DAGs
[2024-03-21T01:29:35.736+0000] {logging_mixin.py:188} INFO - [2024-03-21T01:29:35.736+0000] {dag.py:3834} INFO - Setting next_dagrun for example_sla_dag to 2024-03-21 01:26:00+00:00, run_after=2024-03-21 01:28:00+00:00
[2024-03-21T01:29:35.759+0000] {processor.py:183} INFO - Processing /home/airflow/.local/lib/python3.8/site-packages/airflow/example_dags/example_sla_dag.py took 0.093 seconds
[2024-03-21T01:30:06.111+0000] {processor.py:161} INFO - Started process (PID=1853) to work on /home/airflow/.local/lib/python3.8/site-packages/airflow/example_dags/example_sla_dag.py
[2024-03-21T01:30:06.112+0000] {processor.py:830} INFO - Processing file /home/airflow/.local/lib/python3.8/site-packages/airflow/example_dags/example_sla_dag.py for tasks to queue
[2024-03-21T01:30:06.115+0000] {logging_mixin.py:188} INFO - [2024-03-21T01:30:06.115+0000] {dagbag.py:540} INFO - Filling up the DagBag from /home/airflow/.local/lib/python3.8/site-packages/airflow/example_dags/example_sla_dag.py
[2024-03-21T01:30:06.128+0000] {processor.py:840} INFO - DAG(s) 'example_sla_dag' retrieved from /home/airflow/.local/lib/python3.8/site-packages/airflow/example_dags/example_sla_dag.py
[2024-03-21T01:30:06.159+0000] {logging_mixin.py:188} INFO - [2024-03-21T01:30:06.158+0000] {dag.py:3047} INFO - Sync 1 DAGs
[2024-03-21T01:30:06.197+0000] {logging_mixin.py:188} INFO - [2024-03-21T01:30:06.197+0000] {dag.py:3834} INFO - Setting next_dagrun for example_sla_dag to 2024-03-21 01:28:00+00:00, run_after=2024-03-21 01:30:00+00:00
[2024-03-21T01:30:06.224+0000] {processor.py:183} INFO - Processing /home/airflow/.local/lib/python3.8/site-packages/airflow/example_dags/example_sla_dag.py took 0.117 seconds
[2024-03-21T01:30:36.396+0000] {processor.py:161} INFO - Started process (PID=1908) to work on /home/airflow/.local/lib/python3.8/site-packages/airflow/example_dags/example_sla_dag.py
[2024-03-21T01:30:36.398+0000] {processor.py:830} INFO - Processing file /home/airflow/.local/lib/python3.8/site-packages/airflow/example_dags/example_sla_dag.py for tasks to queue
[2024-03-21T01:30:36.411+0000] {logging_mixin.py:188} INFO - [2024-03-21T01:30:36.410+0000] {dagbag.py:540} INFO - Filling up the DagBag from /home/airflow/.local/lib/python3.8/site-packages/airflow/example_dags/example_sla_dag.py
[2024-03-21T01:30:36.457+0000] {processor.py:840} INFO - DAG(s) 'example_sla_dag' retrieved from /home/airflow/.local/lib/python3.8/site-packages/airflow/example_dags/example_sla_dag.py
[2024-03-21T01:30:36.597+0000] {logging_mixin.py:188} INFO - [2024-03-21T01:30:36.596+0000] {dag.py:3047} INFO - Sync 1 DAGs
[2024-03-21T01:30:36.710+0000] {logging_mixin.py:188} INFO - [2024-03-21T01:30:36.708+0000] {dag.py:3834} INFO - Setting next_dagrun for example_sla_dag to 2024-03-21 01:28:00+00:00, run_after=2024-03-21 01:30:00+00:00
[2024-03-21T01:30:36.763+0000] {processor.py:183} INFO - Processing /home/airflow/.local/lib/python3.8/site-packages/airflow/example_dags/example_sla_dag.py took 0.376 seconds
[2024-03-21T01:31:06.946+0000] {processor.py:161} INFO - Started process (PID=1963) to work on /home/airflow/.local/lib/python3.8/site-packages/airflow/example_dags/example_sla_dag.py
[2024-03-21T01:31:06.949+0000] {processor.py:830} INFO - Processing file /home/airflow/.local/lib/python3.8/site-packages/airflow/example_dags/example_sla_dag.py for tasks to queue
[2024-03-21T01:31:06.951+0000] {logging_mixin.py:188} INFO - [2024-03-21T01:31:06.951+0000] {dagbag.py:540} INFO - Filling up the DagBag from /home/airflow/.local/lib/python3.8/site-packages/airflow/example_dags/example_sla_dag.py
[2024-03-21T01:31:06.965+0000] {processor.py:840} INFO - DAG(s) 'example_sla_dag' retrieved from /home/airflow/.local/lib/python3.8/site-packages/airflow/example_dags/example_sla_dag.py
[2024-03-21T01:31:06.994+0000] {logging_mixin.py:188} INFO - [2024-03-21T01:31:06.993+0000] {dag.py:3047} INFO - Sync 1 DAGs
[2024-03-21T01:31:07.032+0000] {logging_mixin.py:188} INFO - [2024-03-21T01:31:07.031+0000] {dag.py:3834} INFO - Setting next_dagrun for example_sla_dag to 2024-03-21 01:28:00+00:00, run_after=2024-03-21 01:30:00+00:00
[2024-03-21T01:31:07.062+0000] {processor.py:183} INFO - Processing /home/airflow/.local/lib/python3.8/site-packages/airflow/example_dags/example_sla_dag.py took 0.120 seconds
[2024-03-21T01:31:37.407+0000] {processor.py:161} INFO - Started process (PID=2018) to work on /home/airflow/.local/lib/python3.8/site-packages/airflow/example_dags/example_sla_dag.py
[2024-03-21T01:31:37.408+0000] {processor.py:830} INFO - Processing file /home/airflow/.local/lib/python3.8/site-packages/airflow/example_dags/example_sla_dag.py for tasks to queue
[2024-03-21T01:31:37.410+0000] {logging_mixin.py:188} INFO - [2024-03-21T01:31:37.410+0000] {dagbag.py:540} INFO - Filling up the DagBag from /home/airflow/.local/lib/python3.8/site-packages/airflow/example_dags/example_sla_dag.py
[2024-03-21T01:31:37.422+0000] {processor.py:840} INFO - DAG(s) 'example_sla_dag' retrieved from /home/airflow/.local/lib/python3.8/site-packages/airflow/example_dags/example_sla_dag.py
[2024-03-21T01:31:37.447+0000] {logging_mixin.py:188} INFO - [2024-03-21T01:31:37.447+0000] {dag.py:3047} INFO - Sync 1 DAGs
[2024-03-21T01:31:37.477+0000] {logging_mixin.py:188} INFO - [2024-03-21T01:31:37.477+0000] {dag.py:3834} INFO - Setting next_dagrun for example_sla_dag to 2024-03-21 01:28:00+00:00, run_after=2024-03-21 01:30:00+00:00
[2024-03-21T01:31:37.504+0000] {processor.py:183} INFO - Processing /home/airflow/.local/lib/python3.8/site-packages/airflow/example_dags/example_sla_dag.py took 0.100 seconds
