[2024-03-21T00:09:33.985+0000] {processor.py:161} INFO - Started process (PID=75) to work on /home/airflow/.local/lib/python3.8/site-packages/airflow/example_dags/example_complex.py
[2024-03-21T00:09:33.987+0000] {processor.py:830} INFO - Processing file /home/airflow/.local/lib/python3.8/site-packages/airflow/example_dags/example_complex.py for tasks to queue
[2024-03-21T00:09:33.999+0000] {logging_mixin.py:188} INFO - [2024-03-21T00:09:33.996+0000] {dagbag.py:540} INFO - Filling up the DagBag from /home/airflow/.local/lib/python3.8/site-packages/airflow/example_dags/example_complex.py
[2024-03-21T00:09:34.055+0000] {processor.py:840} INFO - DAG(s) 'example_complex' retrieved from /home/airflow/.local/lib/python3.8/site-packages/airflow/example_dags/example_complex.py
[2024-03-21T00:09:34.083+0000] {logging_mixin.py:188} INFO - [2024-03-21T00:09:34.082+0000] {dag.py:3047} INFO - Sync 1 DAGs
[2024-03-21T00:09:34.118+0000] {logging_mixin.py:188} INFO - [2024-03-21T00:09:34.117+0000] {dag.py:3834} INFO - Setting next_dagrun for example_complex to None, run_after=None
[2024-03-21T00:09:34.207+0000] {processor.py:183} INFO - Processing /home/airflow/.local/lib/python3.8/site-packages/airflow/example_dags/example_complex.py took 0.232 seconds
[2024-03-21T00:10:05.991+0000] {processor.py:161} INFO - Started process (PID=130) to work on /home/airflow/.local/lib/python3.8/site-packages/airflow/example_dags/example_complex.py
[2024-03-21T00:10:05.993+0000] {processor.py:830} INFO - Processing file /home/airflow/.local/lib/python3.8/site-packages/airflow/example_dags/example_complex.py for tasks to queue
[2024-03-21T00:10:06.004+0000] {logging_mixin.py:188} INFO - [2024-03-21T00:10:06.000+0000] {dagbag.py:540} INFO - Filling up the DagBag from /home/airflow/.local/lib/python3.8/site-packages/airflow/example_dags/example_complex.py
[2024-03-21T00:10:06.053+0000] {processor.py:840} INFO - DAG(s) 'example_complex' retrieved from /home/airflow/.local/lib/python3.8/site-packages/airflow/example_dags/example_complex.py
[2024-03-21T00:10:06.384+0000] {logging_mixin.py:188} INFO - [2024-03-21T00:10:06.383+0000] {dag.py:3047} INFO - Sync 1 DAGs
[2024-03-21T00:10:06.406+0000] {logging_mixin.py:188} INFO - [2024-03-21T00:10:06.406+0000] {dag.py:3834} INFO - Setting next_dagrun for example_complex to None, run_after=None
[2024-03-21T00:10:06.454+0000] {processor.py:183} INFO - Processing /home/airflow/.local/lib/python3.8/site-packages/airflow/example_dags/example_complex.py took 0.469 seconds
[2024-03-21T00:10:36.934+0000] {processor.py:161} INFO - Started process (PID=185) to work on /home/airflow/.local/lib/python3.8/site-packages/airflow/example_dags/example_complex.py
[2024-03-21T00:10:36.936+0000] {processor.py:830} INFO - Processing file /home/airflow/.local/lib/python3.8/site-packages/airflow/example_dags/example_complex.py for tasks to queue
[2024-03-21T00:10:36.938+0000] {logging_mixin.py:188} INFO - [2024-03-21T00:10:36.938+0000] {dagbag.py:540} INFO - Filling up the DagBag from /home/airflow/.local/lib/python3.8/site-packages/airflow/example_dags/example_complex.py
[2024-03-21T00:10:36.951+0000] {processor.py:840} INFO - DAG(s) 'example_complex' retrieved from /home/airflow/.local/lib/python3.8/site-packages/airflow/example_dags/example_complex.py
[2024-03-21T00:10:36.990+0000] {logging_mixin.py:188} INFO - [2024-03-21T00:10:36.990+0000] {dag.py:3047} INFO - Sync 1 DAGs
[2024-03-21T00:10:37.004+0000] {logging_mixin.py:188} INFO - [2024-03-21T00:10:37.003+0000] {dag.py:3834} INFO - Setting next_dagrun for example_complex to None, run_after=None
[2024-03-21T00:10:37.039+0000] {processor.py:183} INFO - Processing /home/airflow/.local/lib/python3.8/site-packages/airflow/example_dags/example_complex.py took 0.108 seconds
[2024-03-21T00:17:04.699+0000] {processor.py:161} INFO - Started process (PID=63) to work on /home/airflow/.local/lib/python3.8/site-packages/airflow/example_dags/example_complex.py
[2024-03-21T00:17:04.701+0000] {processor.py:830} INFO - Processing file /home/airflow/.local/lib/python3.8/site-packages/airflow/example_dags/example_complex.py for tasks to queue
[2024-03-21T00:17:04.705+0000] {logging_mixin.py:188} INFO - [2024-03-21T00:17:04.704+0000] {dagbag.py:540} INFO - Filling up the DagBag from /home/airflow/.local/lib/python3.8/site-packages/airflow/example_dags/example_complex.py
[2024-03-21T00:17:04.741+0000] {processor.py:840} INFO - DAG(s) 'example_complex' retrieved from /home/airflow/.local/lib/python3.8/site-packages/airflow/example_dags/example_complex.py
[2024-03-21T00:17:05.012+0000] {logging_mixin.py:188} INFO - [2024-03-21T00:17:05.011+0000] {dag.py:3047} INFO - Sync 1 DAGs
[2024-03-21T00:17:05.034+0000] {logging_mixin.py:188} INFO - [2024-03-21T00:17:05.034+0000] {dag.py:3834} INFO - Setting next_dagrun for example_complex to None, run_after=None
[2024-03-21T00:17:05.080+0000] {processor.py:183} INFO - Processing /home/airflow/.local/lib/python3.8/site-packages/airflow/example_dags/example_complex.py took 0.387 seconds
[2024-03-21T00:17:35.395+0000] {processor.py:161} INFO - Started process (PID=118) to work on /home/airflow/.local/lib/python3.8/site-packages/airflow/example_dags/example_complex.py
[2024-03-21T00:17:35.397+0000] {processor.py:830} INFO - Processing file /home/airflow/.local/lib/python3.8/site-packages/airflow/example_dags/example_complex.py for tasks to queue
[2024-03-21T00:17:35.398+0000] {logging_mixin.py:188} INFO - [2024-03-21T00:17:35.398+0000] {dagbag.py:540} INFO - Filling up the DagBag from /home/airflow/.local/lib/python3.8/site-packages/airflow/example_dags/example_complex.py
[2024-03-21T00:17:35.412+0000] {processor.py:840} INFO - DAG(s) 'example_complex' retrieved from /home/airflow/.local/lib/python3.8/site-packages/airflow/example_dags/example_complex.py
[2024-03-21T00:17:35.452+0000] {logging_mixin.py:188} INFO - [2024-03-21T00:17:35.452+0000] {dag.py:3047} INFO - Sync 1 DAGs
[2024-03-21T00:17:35.465+0000] {logging_mixin.py:188} INFO - [2024-03-21T00:17:35.465+0000] {dag.py:3834} INFO - Setting next_dagrun for example_complex to None, run_after=None
[2024-03-21T00:17:35.487+0000] {processor.py:183} INFO - Processing /home/airflow/.local/lib/python3.8/site-packages/airflow/example_dags/example_complex.py took 0.096 seconds
[2024-03-21T00:18:05.854+0000] {processor.py:161} INFO - Started process (PID=173) to work on /home/airflow/.local/lib/python3.8/site-packages/airflow/example_dags/example_complex.py
[2024-03-21T00:18:05.855+0000] {processor.py:830} INFO - Processing file /home/airflow/.local/lib/python3.8/site-packages/airflow/example_dags/example_complex.py for tasks to queue
[2024-03-21T00:18:05.856+0000] {logging_mixin.py:188} INFO - [2024-03-21T00:18:05.856+0000] {dagbag.py:540} INFO - Filling up the DagBag from /home/airflow/.local/lib/python3.8/site-packages/airflow/example_dags/example_complex.py
[2024-03-21T00:18:05.868+0000] {processor.py:840} INFO - DAG(s) 'example_complex' retrieved from /home/airflow/.local/lib/python3.8/site-packages/airflow/example_dags/example_complex.py
[2024-03-21T00:18:05.903+0000] {logging_mixin.py:188} INFO - [2024-03-21T00:18:05.903+0000] {dag.py:3047} INFO - Sync 1 DAGs
[2024-03-21T00:18:05.915+0000] {logging_mixin.py:188} INFO - [2024-03-21T00:18:05.915+0000] {dag.py:3834} INFO - Setting next_dagrun for example_complex to None, run_after=None
[2024-03-21T00:18:05.936+0000] {processor.py:183} INFO - Processing /home/airflow/.local/lib/python3.8/site-packages/airflow/example_dags/example_complex.py took 0.085 seconds
[2024-03-21T00:18:36.428+0000] {processor.py:161} INFO - Started process (PID=228) to work on /home/airflow/.local/lib/python3.8/site-packages/airflow/example_dags/example_complex.py
[2024-03-21T00:18:36.429+0000] {processor.py:830} INFO - Processing file /home/airflow/.local/lib/python3.8/site-packages/airflow/example_dags/example_complex.py for tasks to queue
[2024-03-21T00:18:36.431+0000] {logging_mixin.py:188} INFO - [2024-03-21T00:18:36.431+0000] {dagbag.py:540} INFO - Filling up the DagBag from /home/airflow/.local/lib/python3.8/site-packages/airflow/example_dags/example_complex.py
[2024-03-21T00:18:36.444+0000] {processor.py:840} INFO - DAG(s) 'example_complex' retrieved from /home/airflow/.local/lib/python3.8/site-packages/airflow/example_dags/example_complex.py
[2024-03-21T00:18:36.491+0000] {logging_mixin.py:188} INFO - [2024-03-21T00:18:36.491+0000] {dag.py:3047} INFO - Sync 1 DAGs
[2024-03-21T00:18:36.504+0000] {logging_mixin.py:188} INFO - [2024-03-21T00:18:36.504+0000] {dag.py:3834} INFO - Setting next_dagrun for example_complex to None, run_after=None
[2024-03-21T00:18:36.532+0000] {processor.py:183} INFO - Processing /home/airflow/.local/lib/python3.8/site-packages/airflow/example_dags/example_complex.py took 0.107 seconds
[2024-03-21T00:19:07.140+0000] {processor.py:161} INFO - Started process (PID=283) to work on /home/airflow/.local/lib/python3.8/site-packages/airflow/example_dags/example_complex.py
[2024-03-21T00:19:07.141+0000] {processor.py:830} INFO - Processing file /home/airflow/.local/lib/python3.8/site-packages/airflow/example_dags/example_complex.py for tasks to queue
[2024-03-21T00:19:07.143+0000] {logging_mixin.py:188} INFO - [2024-03-21T00:19:07.143+0000] {dagbag.py:540} INFO - Filling up the DagBag from /home/airflow/.local/lib/python3.8/site-packages/airflow/example_dags/example_complex.py
[2024-03-21T00:19:07.155+0000] {processor.py:840} INFO - DAG(s) 'example_complex' retrieved from /home/airflow/.local/lib/python3.8/site-packages/airflow/example_dags/example_complex.py
[2024-03-21T00:19:07.190+0000] {logging_mixin.py:188} INFO - [2024-03-21T00:19:07.190+0000] {dag.py:3047} INFO - Sync 1 DAGs
[2024-03-21T00:19:07.203+0000] {logging_mixin.py:188} INFO - [2024-03-21T00:19:07.203+0000] {dag.py:3834} INFO - Setting next_dagrun for example_complex to None, run_after=None
[2024-03-21T00:19:07.225+0000] {processor.py:183} INFO - Processing /home/airflow/.local/lib/python3.8/site-packages/airflow/example_dags/example_complex.py took 0.088 seconds
[2024-03-21T00:19:37.384+0000] {processor.py:161} INFO - Started process (PID=338) to work on /home/airflow/.local/lib/python3.8/site-packages/airflow/example_dags/example_complex.py
[2024-03-21T00:19:37.385+0000] {processor.py:830} INFO - Processing file /home/airflow/.local/lib/python3.8/site-packages/airflow/example_dags/example_complex.py for tasks to queue
[2024-03-21T00:19:37.387+0000] {logging_mixin.py:188} INFO - [2024-03-21T00:19:37.386+0000] {dagbag.py:540} INFO - Filling up the DagBag from /home/airflow/.local/lib/python3.8/site-packages/airflow/example_dags/example_complex.py
[2024-03-21T00:19:37.399+0000] {processor.py:840} INFO - DAG(s) 'example_complex' retrieved from /home/airflow/.local/lib/python3.8/site-packages/airflow/example_dags/example_complex.py
[2024-03-21T00:19:37.436+0000] {logging_mixin.py:188} INFO - [2024-03-21T00:19:37.436+0000] {dag.py:3047} INFO - Sync 1 DAGs
[2024-03-21T00:19:37.452+0000] {logging_mixin.py:188} INFO - [2024-03-21T00:19:37.451+0000] {dag.py:3834} INFO - Setting next_dagrun for example_complex to None, run_after=None
[2024-03-21T00:19:37.477+0000] {processor.py:183} INFO - Processing /home/airflow/.local/lib/python3.8/site-packages/airflow/example_dags/example_complex.py took 0.096 seconds
[2024-03-21T00:20:07.899+0000] {processor.py:161} INFO - Started process (PID=393) to work on /home/airflow/.local/lib/python3.8/site-packages/airflow/example_dags/example_complex.py
[2024-03-21T00:20:07.900+0000] {processor.py:830} INFO - Processing file /home/airflow/.local/lib/python3.8/site-packages/airflow/example_dags/example_complex.py for tasks to queue
[2024-03-21T00:20:07.902+0000] {logging_mixin.py:188} INFO - [2024-03-21T00:20:07.902+0000] {dagbag.py:540} INFO - Filling up the DagBag from /home/airflow/.local/lib/python3.8/site-packages/airflow/example_dags/example_complex.py
[2024-03-21T00:20:07.917+0000] {processor.py:840} INFO - DAG(s) 'example_complex' retrieved from /home/airflow/.local/lib/python3.8/site-packages/airflow/example_dags/example_complex.py
[2024-03-21T00:20:07.951+0000] {logging_mixin.py:188} INFO - [2024-03-21T00:20:07.951+0000] {dag.py:3047} INFO - Sync 1 DAGs
[2024-03-21T00:20:07.963+0000] {logging_mixin.py:188} INFO - [2024-03-21T00:20:07.963+0000] {dag.py:3834} INFO - Setting next_dagrun for example_complex to None, run_after=None
[2024-03-21T00:20:07.984+0000] {processor.py:183} INFO - Processing /home/airflow/.local/lib/python3.8/site-packages/airflow/example_dags/example_complex.py took 0.089 seconds
[2024-03-21T00:20:38.207+0000] {processor.py:161} INFO - Started process (PID=448) to work on /home/airflow/.local/lib/python3.8/site-packages/airflow/example_dags/example_complex.py
[2024-03-21T00:20:38.208+0000] {processor.py:830} INFO - Processing file /home/airflow/.local/lib/python3.8/site-packages/airflow/example_dags/example_complex.py for tasks to queue
[2024-03-21T00:20:38.210+0000] {logging_mixin.py:188} INFO - [2024-03-21T00:20:38.209+0000] {dagbag.py:540} INFO - Filling up the DagBag from /home/airflow/.local/lib/python3.8/site-packages/airflow/example_dags/example_complex.py
[2024-03-21T00:20:38.223+0000] {processor.py:840} INFO - DAG(s) 'example_complex' retrieved from /home/airflow/.local/lib/python3.8/site-packages/airflow/example_dags/example_complex.py
[2024-03-21T00:20:38.257+0000] {logging_mixin.py:188} INFO - [2024-03-21T00:20:38.256+0000] {dag.py:3047} INFO - Sync 1 DAGs
[2024-03-21T00:20:38.268+0000] {logging_mixin.py:188} INFO - [2024-03-21T00:20:38.268+0000] {dag.py:3834} INFO - Setting next_dagrun for example_complex to None, run_after=None
[2024-03-21T00:20:38.288+0000] {processor.py:183} INFO - Processing /home/airflow/.local/lib/python3.8/site-packages/airflow/example_dags/example_complex.py took 0.085 seconds
[2024-03-21T00:21:08.505+0000] {processor.py:161} INFO - Started process (PID=503) to work on /home/airflow/.local/lib/python3.8/site-packages/airflow/example_dags/example_complex.py
[2024-03-21T00:21:08.506+0000] {processor.py:830} INFO - Processing file /home/airflow/.local/lib/python3.8/site-packages/airflow/example_dags/example_complex.py for tasks to queue
[2024-03-21T00:21:08.508+0000] {logging_mixin.py:188} INFO - [2024-03-21T00:21:08.508+0000] {dagbag.py:540} INFO - Filling up the DagBag from /home/airflow/.local/lib/python3.8/site-packages/airflow/example_dags/example_complex.py
[2024-03-21T00:21:08.521+0000] {processor.py:840} INFO - DAG(s) 'example_complex' retrieved from /home/airflow/.local/lib/python3.8/site-packages/airflow/example_dags/example_complex.py
[2024-03-21T00:21:08.557+0000] {logging_mixin.py:188} INFO - [2024-03-21T00:21:08.557+0000] {dag.py:3047} INFO - Sync 1 DAGs
[2024-03-21T00:21:08.572+0000] {logging_mixin.py:188} INFO - [2024-03-21T00:21:08.572+0000] {dag.py:3834} INFO - Setting next_dagrun for example_complex to None, run_after=None
[2024-03-21T00:21:08.596+0000] {processor.py:183} INFO - Processing /home/airflow/.local/lib/python3.8/site-packages/airflow/example_dags/example_complex.py took 0.094 seconds
[2024-03-21T00:21:38.888+0000] {processor.py:161} INFO - Started process (PID=558) to work on /home/airflow/.local/lib/python3.8/site-packages/airflow/example_dags/example_complex.py
[2024-03-21T00:21:38.890+0000] {processor.py:830} INFO - Processing file /home/airflow/.local/lib/python3.8/site-packages/airflow/example_dags/example_complex.py for tasks to queue
[2024-03-21T00:21:38.892+0000] {logging_mixin.py:188} INFO - [2024-03-21T00:21:38.891+0000] {dagbag.py:540} INFO - Filling up the DagBag from /home/airflow/.local/lib/python3.8/site-packages/airflow/example_dags/example_complex.py
[2024-03-21T00:21:38.904+0000] {processor.py:840} INFO - DAG(s) 'example_complex' retrieved from /home/airflow/.local/lib/python3.8/site-packages/airflow/example_dags/example_complex.py
[2024-03-21T00:21:38.943+0000] {logging_mixin.py:188} INFO - [2024-03-21T00:21:38.943+0000] {dag.py:3047} INFO - Sync 1 DAGs
[2024-03-21T00:21:38.957+0000] {logging_mixin.py:188} INFO - [2024-03-21T00:21:38.957+0000] {dag.py:3834} INFO - Setting next_dagrun for example_complex to None, run_after=None
[2024-03-21T00:21:38.989+0000] {processor.py:183} INFO - Processing /home/airflow/.local/lib/python3.8/site-packages/airflow/example_dags/example_complex.py took 0.104 seconds
[2024-03-21T01:13:19.836+0000] {processor.py:161} INFO - Started process (PID=52) to work on /home/airflow/.local/lib/python3.8/site-packages/airflow/example_dags/example_complex.py
[2024-03-21T01:13:19.837+0000] {processor.py:830} INFO - Processing file /home/airflow/.local/lib/python3.8/site-packages/airflow/example_dags/example_complex.py for tasks to queue
[2024-03-21T01:13:19.840+0000] {logging_mixin.py:188} INFO - [2024-03-21T01:13:19.839+0000] {dagbag.py:540} INFO - Filling up the DagBag from /home/airflow/.local/lib/python3.8/site-packages/airflow/example_dags/example_complex.py
[2024-03-21T01:13:19.868+0000] {processor.py:840} INFO - DAG(s) 'example_complex' retrieved from /home/airflow/.local/lib/python3.8/site-packages/airflow/example_dags/example_complex.py
[2024-03-21T01:13:19.977+0000] {logging_mixin.py:188} INFO - [2024-03-21T01:13:19.977+0000] {dag.py:3047} INFO - Sync 1 DAGs
[2024-03-21T01:13:20.001+0000] {logging_mixin.py:188} INFO - [2024-03-21T01:13:20.000+0000] {dag.py:3834} INFO - Setting next_dagrun for example_complex to None, run_after=None
[2024-03-21T01:13:20.033+0000] {processor.py:183} INFO - Processing /home/airflow/.local/lib/python3.8/site-packages/airflow/example_dags/example_complex.py took 0.201 seconds
[2024-03-21T01:13:50.092+0000] {processor.py:161} INFO - Started process (PID=107) to work on /home/airflow/.local/lib/python3.8/site-packages/airflow/example_dags/example_complex.py
[2024-03-21T01:13:50.093+0000] {processor.py:830} INFO - Processing file /home/airflow/.local/lib/python3.8/site-packages/airflow/example_dags/example_complex.py for tasks to queue
[2024-03-21T01:13:50.094+0000] {logging_mixin.py:188} INFO - [2024-03-21T01:13:50.094+0000] {dagbag.py:540} INFO - Filling up the DagBag from /home/airflow/.local/lib/python3.8/site-packages/airflow/example_dags/example_complex.py
[2024-03-21T01:13:50.106+0000] {processor.py:840} INFO - DAG(s) 'example_complex' retrieved from /home/airflow/.local/lib/python3.8/site-packages/airflow/example_dags/example_complex.py
[2024-03-21T01:13:50.140+0000] {logging_mixin.py:188} INFO - [2024-03-21T01:13:50.139+0000] {dag.py:3047} INFO - Sync 1 DAGs
[2024-03-21T01:13:50.151+0000] {logging_mixin.py:188} INFO - [2024-03-21T01:13:50.151+0000] {dag.py:3834} INFO - Setting next_dagrun for example_complex to None, run_after=None
[2024-03-21T01:13:50.173+0000] {processor.py:183} INFO - Processing /home/airflow/.local/lib/python3.8/site-packages/airflow/example_dags/example_complex.py took 0.085 seconds
[2024-03-21T01:14:20.752+0000] {processor.py:161} INFO - Started process (PID=162) to work on /home/airflow/.local/lib/python3.8/site-packages/airflow/example_dags/example_complex.py
[2024-03-21T01:14:20.753+0000] {processor.py:830} INFO - Processing file /home/airflow/.local/lib/python3.8/site-packages/airflow/example_dags/example_complex.py for tasks to queue
[2024-03-21T01:14:20.755+0000] {logging_mixin.py:188} INFO - [2024-03-21T01:14:20.754+0000] {dagbag.py:540} INFO - Filling up the DagBag from /home/airflow/.local/lib/python3.8/site-packages/airflow/example_dags/example_complex.py
[2024-03-21T01:14:20.766+0000] {processor.py:840} INFO - DAG(s) 'example_complex' retrieved from /home/airflow/.local/lib/python3.8/site-packages/airflow/example_dags/example_complex.py
[2024-03-21T01:14:20.800+0000] {logging_mixin.py:188} INFO - [2024-03-21T01:14:20.800+0000] {dag.py:3047} INFO - Sync 1 DAGs
[2024-03-21T01:14:20.812+0000] {logging_mixin.py:188} INFO - [2024-03-21T01:14:20.812+0000] {dag.py:3834} INFO - Setting next_dagrun for example_complex to None, run_after=None
[2024-03-21T01:14:20.840+0000] {processor.py:183} INFO - Processing /home/airflow/.local/lib/python3.8/site-packages/airflow/example_dags/example_complex.py took 0.092 seconds
[2024-03-21T01:14:51.722+0000] {processor.py:161} INFO - Started process (PID=217) to work on /home/airflow/.local/lib/python3.8/site-packages/airflow/example_dags/example_complex.py
[2024-03-21T01:14:51.724+0000] {processor.py:830} INFO - Processing file /home/airflow/.local/lib/python3.8/site-packages/airflow/example_dags/example_complex.py for tasks to queue
[2024-03-21T01:14:51.728+0000] {logging_mixin.py:188} INFO - [2024-03-21T01:14:51.727+0000] {dagbag.py:540} INFO - Filling up the DagBag from /home/airflow/.local/lib/python3.8/site-packages/airflow/example_dags/example_complex.py
[2024-03-21T01:14:51.774+0000] {processor.py:840} INFO - DAG(s) 'example_complex' retrieved from /home/airflow/.local/lib/python3.8/site-packages/airflow/example_dags/example_complex.py
[2024-03-21T01:14:51.873+0000] {logging_mixin.py:188} INFO - [2024-03-21T01:14:51.873+0000] {dag.py:3047} INFO - Sync 1 DAGs
[2024-03-21T01:14:51.906+0000] {logging_mixin.py:188} INFO - [2024-03-21T01:14:51.906+0000] {dag.py:3834} INFO - Setting next_dagrun for example_complex to None, run_after=None
[2024-03-21T01:14:51.941+0000] {processor.py:183} INFO - Processing /home/airflow/.local/lib/python3.8/site-packages/airflow/example_dags/example_complex.py took 0.236 seconds
[2024-03-21T01:15:25.531+0000] {processor.py:161} INFO - Started process (PID=272) to work on /home/airflow/.local/lib/python3.8/site-packages/airflow/example_dags/example_complex.py
[2024-03-21T01:15:25.541+0000] {processor.py:830} INFO - Processing file /home/airflow/.local/lib/python3.8/site-packages/airflow/example_dags/example_complex.py for tasks to queue
[2024-03-21T01:15:25.549+0000] {logging_mixin.py:188} INFO - [2024-03-21T01:15:25.548+0000] {dagbag.py:540} INFO - Filling up the DagBag from /home/airflow/.local/lib/python3.8/site-packages/airflow/example_dags/example_complex.py
[2024-03-21T01:15:25.663+0000] {processor.py:840} INFO - DAG(s) 'example_complex' retrieved from /home/airflow/.local/lib/python3.8/site-packages/airflow/example_dags/example_complex.py
[2024-03-21T01:15:25.956+0000] {logging_mixin.py:188} INFO - [2024-03-21T01:15:25.946+0000] {dag.py:3047} INFO - Sync 1 DAGs
[2024-03-21T01:15:26.055+0000] {logging_mixin.py:188} INFO - [2024-03-21T01:15:26.054+0000] {dag.py:3834} INFO - Setting next_dagrun for example_complex to None, run_after=None
[2024-03-21T01:15:26.228+0000] {processor.py:183} INFO - Processing /home/airflow/.local/lib/python3.8/site-packages/airflow/example_dags/example_complex.py took 0.726 seconds
[2024-03-21T01:15:56.987+0000] {processor.py:161} INFO - Started process (PID=327) to work on /home/airflow/.local/lib/python3.8/site-packages/airflow/example_dags/example_complex.py
[2024-03-21T01:15:56.988+0000] {processor.py:830} INFO - Processing file /home/airflow/.local/lib/python3.8/site-packages/airflow/example_dags/example_complex.py for tasks to queue
[2024-03-21T01:15:56.990+0000] {logging_mixin.py:188} INFO - [2024-03-21T01:15:56.989+0000] {dagbag.py:540} INFO - Filling up the DagBag from /home/airflow/.local/lib/python3.8/site-packages/airflow/example_dags/example_complex.py
[2024-03-21T01:15:57.002+0000] {processor.py:840} INFO - DAG(s) 'example_complex' retrieved from /home/airflow/.local/lib/python3.8/site-packages/airflow/example_dags/example_complex.py
[2024-03-21T01:15:57.015+0000] {logging_mixin.py:188} INFO - [2024-03-21T01:15:57.014+0000] {dag.py:3047} INFO - Sync 1 DAGs
[2024-03-21T01:15:57.027+0000] {logging_mixin.py:188} INFO - [2024-03-21T01:15:57.027+0000] {dag.py:3834} INFO - Setting next_dagrun for example_complex to None, run_after=None
[2024-03-21T01:15:57.050+0000] {processor.py:183} INFO - Processing /home/airflow/.local/lib/python3.8/site-packages/airflow/example_dags/example_complex.py took 0.067 seconds
[2024-03-21T01:16:27.459+0000] {processor.py:161} INFO - Started process (PID=381) to work on /home/airflow/.local/lib/python3.8/site-packages/airflow/example_dags/example_complex.py
[2024-03-21T01:16:27.460+0000] {processor.py:830} INFO - Processing file /home/airflow/.local/lib/python3.8/site-packages/airflow/example_dags/example_complex.py for tasks to queue
[2024-03-21T01:16:27.463+0000] {logging_mixin.py:188} INFO - [2024-03-21T01:16:27.463+0000] {dagbag.py:540} INFO - Filling up the DagBag from /home/airflow/.local/lib/python3.8/site-packages/airflow/example_dags/example_complex.py
[2024-03-21T01:16:27.481+0000] {processor.py:840} INFO - DAG(s) 'example_complex' retrieved from /home/airflow/.local/lib/python3.8/site-packages/airflow/example_dags/example_complex.py
[2024-03-21T01:16:27.620+0000] {logging_mixin.py:188} INFO - [2024-03-21T01:16:27.619+0000] {dag.py:3047} INFO - Sync 1 DAGs
[2024-03-21T01:16:27.633+0000] {logging_mixin.py:188} INFO - [2024-03-21T01:16:27.633+0000] {dag.py:3834} INFO - Setting next_dagrun for example_complex to None, run_after=None
[2024-03-21T01:16:27.663+0000] {processor.py:183} INFO - Processing /home/airflow/.local/lib/python3.8/site-packages/airflow/example_dags/example_complex.py took 0.207 seconds
[2024-03-21T01:17:00.308+0000] {processor.py:161} INFO - Started process (PID=441) to work on /home/airflow/.local/lib/python3.8/site-packages/airflow/example_dags/example_complex.py
[2024-03-21T01:17:00.324+0000] {processor.py:830} INFO - Processing file /home/airflow/.local/lib/python3.8/site-packages/airflow/example_dags/example_complex.py for tasks to queue
[2024-03-21T01:17:00.357+0000] {logging_mixin.py:188} INFO - [2024-03-21T01:17:00.356+0000] {dagbag.py:540} INFO - Filling up the DagBag from /home/airflow/.local/lib/python3.8/site-packages/airflow/example_dags/example_complex.py
[2024-03-21T01:17:00.428+0000] {processor.py:840} INFO - DAG(s) 'example_complex' retrieved from /home/airflow/.local/lib/python3.8/site-packages/airflow/example_dags/example_complex.py
[2024-03-21T01:17:00.596+0000] {logging_mixin.py:188} INFO - [2024-03-21T01:17:00.595+0000] {dag.py:3047} INFO - Sync 1 DAGs
[2024-03-21T01:17:00.649+0000] {logging_mixin.py:188} INFO - [2024-03-21T01:17:00.649+0000] {dag.py:3834} INFO - Setting next_dagrun for example_complex to None, run_after=None
[2024-03-21T01:17:00.752+0000] {processor.py:183} INFO - Processing /home/airflow/.local/lib/python3.8/site-packages/airflow/example_dags/example_complex.py took 0.452 seconds
[2024-03-21T01:17:30.988+0000] {processor.py:161} INFO - Started process (PID=496) to work on /home/airflow/.local/lib/python3.8/site-packages/airflow/example_dags/example_complex.py
[2024-03-21T01:17:30.990+0000] {processor.py:830} INFO - Processing file /home/airflow/.local/lib/python3.8/site-packages/airflow/example_dags/example_complex.py for tasks to queue
[2024-03-21T01:17:30.994+0000] {logging_mixin.py:188} INFO - [2024-03-21T01:17:30.993+0000] {dagbag.py:540} INFO - Filling up the DagBag from /home/airflow/.local/lib/python3.8/site-packages/airflow/example_dags/example_complex.py
[2024-03-21T01:17:31.016+0000] {processor.py:840} INFO - DAG(s) 'example_complex' retrieved from /home/airflow/.local/lib/python3.8/site-packages/airflow/example_dags/example_complex.py
[2024-03-21T01:17:31.085+0000] {logging_mixin.py:188} INFO - [2024-03-21T01:17:31.084+0000] {dag.py:3047} INFO - Sync 1 DAGs
[2024-03-21T01:17:31.110+0000] {logging_mixin.py:188} INFO - [2024-03-21T01:17:31.110+0000] {dag.py:3834} INFO - Setting next_dagrun for example_complex to None, run_after=None
[2024-03-21T01:17:31.148+0000] {processor.py:183} INFO - Processing /home/airflow/.local/lib/python3.8/site-packages/airflow/example_dags/example_complex.py took 0.166 seconds
[2024-03-21T01:18:01.814+0000] {processor.py:161} INFO - Started process (PID=551) to work on /home/airflow/.local/lib/python3.8/site-packages/airflow/example_dags/example_complex.py
[2024-03-21T01:18:01.817+0000] {processor.py:830} INFO - Processing file /home/airflow/.local/lib/python3.8/site-packages/airflow/example_dags/example_complex.py for tasks to queue
[2024-03-21T01:18:01.820+0000] {logging_mixin.py:188} INFO - [2024-03-21T01:18:01.819+0000] {dagbag.py:540} INFO - Filling up the DagBag from /home/airflow/.local/lib/python3.8/site-packages/airflow/example_dags/example_complex.py
[2024-03-21T01:18:01.851+0000] {processor.py:840} INFO - DAG(s) 'example_complex' retrieved from /home/airflow/.local/lib/python3.8/site-packages/airflow/example_dags/example_complex.py
[2024-03-21T01:18:01.930+0000] {logging_mixin.py:188} INFO - [2024-03-21T01:18:01.930+0000] {dag.py:3047} INFO - Sync 1 DAGs
[2024-03-21T01:18:01.956+0000] {logging_mixin.py:188} INFO - [2024-03-21T01:18:01.955+0000] {dag.py:3834} INFO - Setting next_dagrun for example_complex to None, run_after=None
[2024-03-21T01:18:02.000+0000] {processor.py:183} INFO - Processing /home/airflow/.local/lib/python3.8/site-packages/airflow/example_dags/example_complex.py took 0.194 seconds
[2024-03-21T01:18:32.686+0000] {processor.py:161} INFO - Started process (PID=606) to work on /home/airflow/.local/lib/python3.8/site-packages/airflow/example_dags/example_complex.py
[2024-03-21T01:18:32.688+0000] {processor.py:830} INFO - Processing file /home/airflow/.local/lib/python3.8/site-packages/airflow/example_dags/example_complex.py for tasks to queue
[2024-03-21T01:18:32.690+0000] {logging_mixin.py:188} INFO - [2024-03-21T01:18:32.689+0000] {dagbag.py:540} INFO - Filling up the DagBag from /home/airflow/.local/lib/python3.8/site-packages/airflow/example_dags/example_complex.py
[2024-03-21T01:18:32.709+0000] {processor.py:840} INFO - DAG(s) 'example_complex' retrieved from /home/airflow/.local/lib/python3.8/site-packages/airflow/example_dags/example_complex.py
[2024-03-21T01:18:32.759+0000] {logging_mixin.py:188} INFO - [2024-03-21T01:18:32.759+0000] {dag.py:3047} INFO - Sync 1 DAGs
[2024-03-21T01:18:32.780+0000] {logging_mixin.py:188} INFO - [2024-03-21T01:18:32.780+0000] {dag.py:3834} INFO - Setting next_dagrun for example_complex to None, run_after=None
[2024-03-21T01:18:32.813+0000] {processor.py:183} INFO - Processing /home/airflow/.local/lib/python3.8/site-packages/airflow/example_dags/example_complex.py took 0.132 seconds
[2024-03-21T01:19:03.463+0000] {processor.py:161} INFO - Started process (PID=661) to work on /home/airflow/.local/lib/python3.8/site-packages/airflow/example_dags/example_complex.py
[2024-03-21T01:19:03.465+0000] {processor.py:830} INFO - Processing file /home/airflow/.local/lib/python3.8/site-packages/airflow/example_dags/example_complex.py for tasks to queue
[2024-03-21T01:19:03.468+0000] {logging_mixin.py:188} INFO - [2024-03-21T01:19:03.468+0000] {dagbag.py:540} INFO - Filling up the DagBag from /home/airflow/.local/lib/python3.8/site-packages/airflow/example_dags/example_complex.py
[2024-03-21T01:19:03.494+0000] {processor.py:840} INFO - DAG(s) 'example_complex' retrieved from /home/airflow/.local/lib/python3.8/site-packages/airflow/example_dags/example_complex.py
[2024-03-21T01:19:03.562+0000] {logging_mixin.py:188} INFO - [2024-03-21T01:19:03.561+0000] {dag.py:3047} INFO - Sync 1 DAGs
[2024-03-21T01:19:03.591+0000] {logging_mixin.py:188} INFO - [2024-03-21T01:19:03.591+0000] {dag.py:3834} INFO - Setting next_dagrun for example_complex to None, run_after=None
[2024-03-21T01:19:03.621+0000] {processor.py:183} INFO - Processing /home/airflow/.local/lib/python3.8/site-packages/airflow/example_dags/example_complex.py took 0.163 seconds
[2024-03-21T01:19:33.916+0000] {processor.py:161} INFO - Started process (PID=717) to work on /home/airflow/.local/lib/python3.8/site-packages/airflow/example_dags/example_complex.py
[2024-03-21T01:19:33.918+0000] {processor.py:830} INFO - Processing file /home/airflow/.local/lib/python3.8/site-packages/airflow/example_dags/example_complex.py for tasks to queue
[2024-03-21T01:19:33.919+0000] {logging_mixin.py:188} INFO - [2024-03-21T01:19:33.919+0000] {dagbag.py:540} INFO - Filling up the DagBag from /home/airflow/.local/lib/python3.8/site-packages/airflow/example_dags/example_complex.py
[2024-03-21T01:19:33.934+0000] {processor.py:840} INFO - DAG(s) 'example_complex' retrieved from /home/airflow/.local/lib/python3.8/site-packages/airflow/example_dags/example_complex.py
[2024-03-21T01:19:33.974+0000] {logging_mixin.py:188} INFO - [2024-03-21T01:19:33.974+0000] {dag.py:3047} INFO - Sync 1 DAGs
[2024-03-21T01:19:33.989+0000] {logging_mixin.py:188} INFO - [2024-03-21T01:19:33.989+0000] {dag.py:3834} INFO - Setting next_dagrun for example_complex to None, run_after=None
[2024-03-21T01:19:34.016+0000] {processor.py:183} INFO - Processing /home/airflow/.local/lib/python3.8/site-packages/airflow/example_dags/example_complex.py took 0.103 seconds
[2024-03-21T01:20:04.356+0000] {processor.py:161} INFO - Started process (PID=772) to work on /home/airflow/.local/lib/python3.8/site-packages/airflow/example_dags/example_complex.py
[2024-03-21T01:20:04.358+0000] {processor.py:830} INFO - Processing file /home/airflow/.local/lib/python3.8/site-packages/airflow/example_dags/example_complex.py for tasks to queue
[2024-03-21T01:20:04.360+0000] {logging_mixin.py:188} INFO - [2024-03-21T01:20:04.359+0000] {dagbag.py:540} INFO - Filling up the DagBag from /home/airflow/.local/lib/python3.8/site-packages/airflow/example_dags/example_complex.py
[2024-03-21T01:20:04.378+0000] {processor.py:840} INFO - DAG(s) 'example_complex' retrieved from /home/airflow/.local/lib/python3.8/site-packages/airflow/example_dags/example_complex.py
[2024-03-21T01:20:04.437+0000] {logging_mixin.py:188} INFO - [2024-03-21T01:20:04.436+0000] {dag.py:3047} INFO - Sync 1 DAGs
[2024-03-21T01:20:04.464+0000] {logging_mixin.py:188} INFO - [2024-03-21T01:20:04.464+0000] {dag.py:3834} INFO - Setting next_dagrun for example_complex to None, run_after=None
[2024-03-21T01:20:04.499+0000] {processor.py:183} INFO - Processing /home/airflow/.local/lib/python3.8/site-packages/airflow/example_dags/example_complex.py took 0.147 seconds
[2024-03-21T01:20:34.733+0000] {processor.py:161} INFO - Started process (PID=827) to work on /home/airflow/.local/lib/python3.8/site-packages/airflow/example_dags/example_complex.py
[2024-03-21T01:20:34.734+0000] {processor.py:830} INFO - Processing file /home/airflow/.local/lib/python3.8/site-packages/airflow/example_dags/example_complex.py for tasks to queue
[2024-03-21T01:20:34.736+0000] {logging_mixin.py:188} INFO - [2024-03-21T01:20:34.736+0000] {dagbag.py:540} INFO - Filling up the DagBag from /home/airflow/.local/lib/python3.8/site-packages/airflow/example_dags/example_complex.py
[2024-03-21T01:20:34.755+0000] {processor.py:840} INFO - DAG(s) 'example_complex' retrieved from /home/airflow/.local/lib/python3.8/site-packages/airflow/example_dags/example_complex.py
[2024-03-21T01:20:34.840+0000] {logging_mixin.py:188} INFO - [2024-03-21T01:20:34.839+0000] {dag.py:3047} INFO - Sync 1 DAGs
[2024-03-21T01:20:34.870+0000] {logging_mixin.py:188} INFO - [2024-03-21T01:20:34.870+0000] {dag.py:3834} INFO - Setting next_dagrun for example_complex to None, run_after=None
[2024-03-21T01:20:34.913+0000] {processor.py:183} INFO - Processing /home/airflow/.local/lib/python3.8/site-packages/airflow/example_dags/example_complex.py took 0.185 seconds
[2024-03-21T01:21:05.656+0000] {processor.py:161} INFO - Started process (PID=881) to work on /home/airflow/.local/lib/python3.8/site-packages/airflow/example_dags/example_complex.py
[2024-03-21T01:21:05.657+0000] {processor.py:830} INFO - Processing file /home/airflow/.local/lib/python3.8/site-packages/airflow/example_dags/example_complex.py for tasks to queue
[2024-03-21T01:21:05.660+0000] {logging_mixin.py:188} INFO - [2024-03-21T01:21:05.660+0000] {dagbag.py:540} INFO - Filling up the DagBag from /home/airflow/.local/lib/python3.8/site-packages/airflow/example_dags/example_complex.py
[2024-03-21T01:21:05.684+0000] {processor.py:840} INFO - DAG(s) 'example_complex' retrieved from /home/airflow/.local/lib/python3.8/site-packages/airflow/example_dags/example_complex.py
[2024-03-21T01:21:05.731+0000] {logging_mixin.py:188} INFO - [2024-03-21T01:21:05.731+0000] {dag.py:3047} INFO - Sync 1 DAGs
[2024-03-21T01:21:05.767+0000] {logging_mixin.py:188} INFO - [2024-03-21T01:21:05.766+0000] {dag.py:3834} INFO - Setting next_dagrun for example_complex to None, run_after=None
[2024-03-21T01:21:05.812+0000] {processor.py:183} INFO - Processing /home/airflow/.local/lib/python3.8/site-packages/airflow/example_dags/example_complex.py took 0.161 seconds
[2024-03-21T01:21:38.090+0000] {processor.py:161} INFO - Started process (PID=936) to work on /home/airflow/.local/lib/python3.8/site-packages/airflow/example_dags/example_complex.py
[2024-03-21T01:21:38.093+0000] {processor.py:830} INFO - Processing file /home/airflow/.local/lib/python3.8/site-packages/airflow/example_dags/example_complex.py for tasks to queue
[2024-03-21T01:21:38.096+0000] {logging_mixin.py:188} INFO - [2024-03-21T01:21:38.096+0000] {dagbag.py:540} INFO - Filling up the DagBag from /home/airflow/.local/lib/python3.8/site-packages/airflow/example_dags/example_complex.py
[2024-03-21T01:21:38.181+0000] {processor.py:840} INFO - DAG(s) 'example_complex' retrieved from /home/airflow/.local/lib/python3.8/site-packages/airflow/example_dags/example_complex.py
[2024-03-21T01:21:38.295+0000] {logging_mixin.py:188} INFO - [2024-03-21T01:21:38.295+0000] {dag.py:3047} INFO - Sync 1 DAGs
[2024-03-21T01:21:38.330+0000] {logging_mixin.py:188} INFO - [2024-03-21T01:21:38.330+0000] {dag.py:3834} INFO - Setting next_dagrun for example_complex to None, run_after=None
[2024-03-21T01:21:38.370+0000] {processor.py:183} INFO - Processing /home/airflow/.local/lib/python3.8/site-packages/airflow/example_dags/example_complex.py took 0.289 seconds
[2024-03-21T01:22:08.421+0000] {processor.py:161} INFO - Started process (PID=992) to work on /home/airflow/.local/lib/python3.8/site-packages/airflow/example_dags/example_complex.py
[2024-03-21T01:22:08.422+0000] {processor.py:830} INFO - Processing file /home/airflow/.local/lib/python3.8/site-packages/airflow/example_dags/example_complex.py for tasks to queue
[2024-03-21T01:22:08.424+0000] {logging_mixin.py:188} INFO - [2024-03-21T01:22:08.423+0000] {dagbag.py:540} INFO - Filling up the DagBag from /home/airflow/.local/lib/python3.8/site-packages/airflow/example_dags/example_complex.py
[2024-03-21T01:22:08.442+0000] {processor.py:840} INFO - DAG(s) 'example_complex' retrieved from /home/airflow/.local/lib/python3.8/site-packages/airflow/example_dags/example_complex.py
[2024-03-21T01:22:08.484+0000] {logging_mixin.py:188} INFO - [2024-03-21T01:22:08.484+0000] {dag.py:3047} INFO - Sync 1 DAGs
[2024-03-21T01:22:08.501+0000] {logging_mixin.py:188} INFO - [2024-03-21T01:22:08.501+0000] {dag.py:3834} INFO - Setting next_dagrun for example_complex to None, run_after=None
[2024-03-21T01:22:08.531+0000] {processor.py:183} INFO - Processing /home/airflow/.local/lib/python3.8/site-packages/airflow/example_dags/example_complex.py took 0.113 seconds
[2024-03-21T01:22:38.752+0000] {processor.py:161} INFO - Started process (PID=1047) to work on /home/airflow/.local/lib/python3.8/site-packages/airflow/example_dags/example_complex.py
[2024-03-21T01:22:38.754+0000] {processor.py:830} INFO - Processing file /home/airflow/.local/lib/python3.8/site-packages/airflow/example_dags/example_complex.py for tasks to queue
[2024-03-21T01:22:38.756+0000] {logging_mixin.py:188} INFO - [2024-03-21T01:22:38.756+0000] {dagbag.py:540} INFO - Filling up the DagBag from /home/airflow/.local/lib/python3.8/site-packages/airflow/example_dags/example_complex.py
[2024-03-21T01:22:38.776+0000] {processor.py:840} INFO - DAG(s) 'example_complex' retrieved from /home/airflow/.local/lib/python3.8/site-packages/airflow/example_dags/example_complex.py
[2024-03-21T01:22:38.858+0000] {logging_mixin.py:188} INFO - [2024-03-21T01:22:38.858+0000] {dag.py:3047} INFO - Sync 1 DAGs
[2024-03-21T01:22:38.880+0000] {logging_mixin.py:188} INFO - [2024-03-21T01:22:38.880+0000] {dag.py:3834} INFO - Setting next_dagrun for example_complex to None, run_after=None
[2024-03-21T01:22:38.906+0000] {processor.py:183} INFO - Processing /home/airflow/.local/lib/python3.8/site-packages/airflow/example_dags/example_complex.py took 0.162 seconds
[2024-03-21T01:23:09.292+0000] {processor.py:161} INFO - Started process (PID=1102) to work on /home/airflow/.local/lib/python3.8/site-packages/airflow/example_dags/example_complex.py
[2024-03-21T01:23:09.293+0000] {processor.py:830} INFO - Processing file /home/airflow/.local/lib/python3.8/site-packages/airflow/example_dags/example_complex.py for tasks to queue
[2024-03-21T01:23:09.295+0000] {logging_mixin.py:188} INFO - [2024-03-21T01:23:09.295+0000] {dagbag.py:540} INFO - Filling up the DagBag from /home/airflow/.local/lib/python3.8/site-packages/airflow/example_dags/example_complex.py
[2024-03-21T01:23:09.309+0000] {processor.py:840} INFO - DAG(s) 'example_complex' retrieved from /home/airflow/.local/lib/python3.8/site-packages/airflow/example_dags/example_complex.py
[2024-03-21T01:23:09.363+0000] {logging_mixin.py:188} INFO - [2024-03-21T01:23:09.363+0000] {dag.py:3047} INFO - Sync 1 DAGs
[2024-03-21T01:23:09.377+0000] {logging_mixin.py:188} INFO - [2024-03-21T01:23:09.377+0000] {dag.py:3834} INFO - Setting next_dagrun for example_complex to None, run_after=None
[2024-03-21T01:23:09.402+0000] {processor.py:183} INFO - Processing /home/airflow/.local/lib/python3.8/site-packages/airflow/example_dags/example_complex.py took 0.114 seconds
[2024-03-21T01:23:40.261+0000] {processor.py:161} INFO - Started process (PID=1156) to work on /home/airflow/.local/lib/python3.8/site-packages/airflow/example_dags/example_complex.py
[2024-03-21T01:23:40.263+0000] {processor.py:830} INFO - Processing file /home/airflow/.local/lib/python3.8/site-packages/airflow/example_dags/example_complex.py for tasks to queue
[2024-03-21T01:23:40.265+0000] {logging_mixin.py:188} INFO - [2024-03-21T01:23:40.265+0000] {dagbag.py:540} INFO - Filling up the DagBag from /home/airflow/.local/lib/python3.8/site-packages/airflow/example_dags/example_complex.py
[2024-03-21T01:23:40.284+0000] {processor.py:840} INFO - DAG(s) 'example_complex' retrieved from /home/airflow/.local/lib/python3.8/site-packages/airflow/example_dags/example_complex.py
[2024-03-21T01:23:40.334+0000] {logging_mixin.py:188} INFO - [2024-03-21T01:23:40.334+0000] {dag.py:3047} INFO - Sync 1 DAGs
[2024-03-21T01:23:40.350+0000] {logging_mixin.py:188} INFO - [2024-03-21T01:23:40.349+0000] {dag.py:3834} INFO - Setting next_dagrun for example_complex to None, run_after=None
[2024-03-21T01:23:40.376+0000] {processor.py:183} INFO - Processing /home/airflow/.local/lib/python3.8/site-packages/airflow/example_dags/example_complex.py took 0.118 seconds
[2024-03-21T01:24:10.627+0000] {processor.py:161} INFO - Started process (PID=1211) to work on /home/airflow/.local/lib/python3.8/site-packages/airflow/example_dags/example_complex.py
[2024-03-21T01:24:10.628+0000] {processor.py:830} INFO - Processing file /home/airflow/.local/lib/python3.8/site-packages/airflow/example_dags/example_complex.py for tasks to queue
[2024-03-21T01:24:10.631+0000] {logging_mixin.py:188} INFO - [2024-03-21T01:24:10.630+0000] {dagbag.py:540} INFO - Filling up the DagBag from /home/airflow/.local/lib/python3.8/site-packages/airflow/example_dags/example_complex.py
[2024-03-21T01:24:10.647+0000] {processor.py:840} INFO - DAG(s) 'example_complex' retrieved from /home/airflow/.local/lib/python3.8/site-packages/airflow/example_dags/example_complex.py
[2024-03-21T01:24:10.695+0000] {logging_mixin.py:188} INFO - [2024-03-21T01:24:10.694+0000] {dag.py:3047} INFO - Sync 1 DAGs
[2024-03-21T01:24:10.713+0000] {logging_mixin.py:188} INFO - [2024-03-21T01:24:10.713+0000] {dag.py:3834} INFO - Setting next_dagrun for example_complex to None, run_after=None
[2024-03-21T01:24:10.744+0000] {processor.py:183} INFO - Processing /home/airflow/.local/lib/python3.8/site-packages/airflow/example_dags/example_complex.py took 0.121 seconds
[2024-03-21T01:24:40.775+0000] {processor.py:161} INFO - Started process (PID=1265) to work on /home/airflow/.local/lib/python3.8/site-packages/airflow/example_dags/example_complex.py
[2024-03-21T01:24:40.777+0000] {processor.py:830} INFO - Processing file /home/airflow/.local/lib/python3.8/site-packages/airflow/example_dags/example_complex.py for tasks to queue
[2024-03-21T01:24:40.779+0000] {logging_mixin.py:188} INFO - [2024-03-21T01:24:40.779+0000] {dagbag.py:540} INFO - Filling up the DagBag from /home/airflow/.local/lib/python3.8/site-packages/airflow/example_dags/example_complex.py
[2024-03-21T01:24:40.796+0000] {processor.py:840} INFO - DAG(s) 'example_complex' retrieved from /home/airflow/.local/lib/python3.8/site-packages/airflow/example_dags/example_complex.py
[2024-03-21T01:24:40.837+0000] {logging_mixin.py:188} INFO - [2024-03-21T01:24:40.837+0000] {dag.py:3047} INFO - Sync 1 DAGs
[2024-03-21T01:24:40.852+0000] {logging_mixin.py:188} INFO - [2024-03-21T01:24:40.852+0000] {dag.py:3834} INFO - Setting next_dagrun for example_complex to None, run_after=None
[2024-03-21T01:24:40.880+0000] {processor.py:183} INFO - Processing /home/airflow/.local/lib/python3.8/site-packages/airflow/example_dags/example_complex.py took 0.109 seconds
[2024-03-21T01:25:10.928+0000] {processor.py:161} INFO - Started process (PID=1320) to work on /home/airflow/.local/lib/python3.8/site-packages/airflow/example_dags/example_complex.py
[2024-03-21T01:25:10.930+0000] {processor.py:830} INFO - Processing file /home/airflow/.local/lib/python3.8/site-packages/airflow/example_dags/example_complex.py for tasks to queue
[2024-03-21T01:25:10.932+0000] {logging_mixin.py:188} INFO - [2024-03-21T01:25:10.932+0000] {dagbag.py:540} INFO - Filling up the DagBag from /home/airflow/.local/lib/python3.8/site-packages/airflow/example_dags/example_complex.py
[2024-03-21T01:25:10.948+0000] {processor.py:840} INFO - DAG(s) 'example_complex' retrieved from /home/airflow/.local/lib/python3.8/site-packages/airflow/example_dags/example_complex.py
[2024-03-21T01:25:11.013+0000] {logging_mixin.py:188} INFO - [2024-03-21T01:25:11.013+0000] {dag.py:3047} INFO - Sync 1 DAGs
[2024-03-21T01:25:11.028+0000] {logging_mixin.py:188} INFO - [2024-03-21T01:25:11.028+0000] {dag.py:3834} INFO - Setting next_dagrun for example_complex to None, run_after=None
[2024-03-21T01:25:11.053+0000] {processor.py:183} INFO - Processing /home/airflow/.local/lib/python3.8/site-packages/airflow/example_dags/example_complex.py took 0.129 seconds
[2024-03-21T01:25:41.282+0000] {processor.py:161} INFO - Started process (PID=1375) to work on /home/airflow/.local/lib/python3.8/site-packages/airflow/example_dags/example_complex.py
[2024-03-21T01:25:41.285+0000] {processor.py:830} INFO - Processing file /home/airflow/.local/lib/python3.8/site-packages/airflow/example_dags/example_complex.py for tasks to queue
[2024-03-21T01:25:41.287+0000] {logging_mixin.py:188} INFO - [2024-03-21T01:25:41.286+0000] {dagbag.py:540} INFO - Filling up the DagBag from /home/airflow/.local/lib/python3.8/site-packages/airflow/example_dags/example_complex.py
[2024-03-21T01:25:41.305+0000] {processor.py:840} INFO - DAG(s) 'example_complex' retrieved from /home/airflow/.local/lib/python3.8/site-packages/airflow/example_dags/example_complex.py
[2024-03-21T01:25:41.348+0000] {logging_mixin.py:188} INFO - [2024-03-21T01:25:41.347+0000] {dag.py:3047} INFO - Sync 1 DAGs
[2024-03-21T01:25:41.361+0000] {logging_mixin.py:188} INFO - [2024-03-21T01:25:41.361+0000] {dag.py:3834} INFO - Setting next_dagrun for example_complex to None, run_after=None
[2024-03-21T01:25:41.383+0000] {processor.py:183} INFO - Processing /home/airflow/.local/lib/python3.8/site-packages/airflow/example_dags/example_complex.py took 0.106 seconds
[2024-03-21T01:26:11.474+0000] {processor.py:161} INFO - Started process (PID=1430) to work on /home/airflow/.local/lib/python3.8/site-packages/airflow/example_dags/example_complex.py
[2024-03-21T01:26:11.475+0000] {processor.py:830} INFO - Processing file /home/airflow/.local/lib/python3.8/site-packages/airflow/example_dags/example_complex.py for tasks to queue
[2024-03-21T01:26:11.477+0000] {logging_mixin.py:188} INFO - [2024-03-21T01:26:11.476+0000] {dagbag.py:540} INFO - Filling up the DagBag from /home/airflow/.local/lib/python3.8/site-packages/airflow/example_dags/example_complex.py
[2024-03-21T01:26:11.494+0000] {processor.py:840} INFO - DAG(s) 'example_complex' retrieved from /home/airflow/.local/lib/python3.8/site-packages/airflow/example_dags/example_complex.py
[2024-03-21T01:26:11.538+0000] {logging_mixin.py:188} INFO - [2024-03-21T01:26:11.537+0000] {dag.py:3047} INFO - Sync 1 DAGs
[2024-03-21T01:26:11.551+0000] {logging_mixin.py:188} INFO - [2024-03-21T01:26:11.551+0000] {dag.py:3834} INFO - Setting next_dagrun for example_complex to None, run_after=None
[2024-03-21T01:26:11.577+0000] {processor.py:183} INFO - Processing /home/airflow/.local/lib/python3.8/site-packages/airflow/example_dags/example_complex.py took 0.106 seconds
[2024-03-21T01:26:41.702+0000] {processor.py:161} INFO - Started process (PID=1485) to work on /home/airflow/.local/lib/python3.8/site-packages/airflow/example_dags/example_complex.py
[2024-03-21T01:26:41.703+0000] {processor.py:830} INFO - Processing file /home/airflow/.local/lib/python3.8/site-packages/airflow/example_dags/example_complex.py for tasks to queue
[2024-03-21T01:26:41.706+0000] {logging_mixin.py:188} INFO - [2024-03-21T01:26:41.705+0000] {dagbag.py:540} INFO - Filling up the DagBag from /home/airflow/.local/lib/python3.8/site-packages/airflow/example_dags/example_complex.py
[2024-03-21T01:26:41.724+0000] {processor.py:840} INFO - DAG(s) 'example_complex' retrieved from /home/airflow/.local/lib/python3.8/site-packages/airflow/example_dags/example_complex.py
[2024-03-21T01:26:41.769+0000] {logging_mixin.py:188} INFO - [2024-03-21T01:26:41.769+0000] {dag.py:3047} INFO - Sync 1 DAGs
[2024-03-21T01:26:41.787+0000] {logging_mixin.py:188} INFO - [2024-03-21T01:26:41.786+0000] {dag.py:3834} INFO - Setting next_dagrun for example_complex to None, run_after=None
[2024-03-21T01:26:41.817+0000] {processor.py:183} INFO - Processing /home/airflow/.local/lib/python3.8/site-packages/airflow/example_dags/example_complex.py took 0.119 seconds
[2024-03-21T01:27:12.273+0000] {processor.py:161} INFO - Started process (PID=1541) to work on /home/airflow/.local/lib/python3.8/site-packages/airflow/example_dags/example_complex.py
[2024-03-21T01:27:12.275+0000] {processor.py:830} INFO - Processing file /home/airflow/.local/lib/python3.8/site-packages/airflow/example_dags/example_complex.py for tasks to queue
[2024-03-21T01:27:12.278+0000] {logging_mixin.py:188} INFO - [2024-03-21T01:27:12.277+0000] {dagbag.py:540} INFO - Filling up the DagBag from /home/airflow/.local/lib/python3.8/site-packages/airflow/example_dags/example_complex.py
[2024-03-21T01:27:12.297+0000] {processor.py:840} INFO - DAG(s) 'example_complex' retrieved from /home/airflow/.local/lib/python3.8/site-packages/airflow/example_dags/example_complex.py
[2024-03-21T01:27:12.354+0000] {logging_mixin.py:188} INFO - [2024-03-21T01:27:12.354+0000] {dag.py:3047} INFO - Sync 1 DAGs
[2024-03-21T01:27:12.374+0000] {logging_mixin.py:188} INFO - [2024-03-21T01:27:12.374+0000] {dag.py:3834} INFO - Setting next_dagrun for example_complex to None, run_after=None
[2024-03-21T01:27:12.400+0000] {processor.py:183} INFO - Processing /home/airflow/.local/lib/python3.8/site-packages/airflow/example_dags/example_complex.py took 0.132 seconds
[2024-03-21T01:27:42.700+0000] {processor.py:161} INFO - Started process (PID=1596) to work on /home/airflow/.local/lib/python3.8/site-packages/airflow/example_dags/example_complex.py
[2024-03-21T01:27:42.702+0000] {processor.py:830} INFO - Processing file /home/airflow/.local/lib/python3.8/site-packages/airflow/example_dags/example_complex.py for tasks to queue
[2024-03-21T01:27:42.705+0000] {logging_mixin.py:188} INFO - [2024-03-21T01:27:42.704+0000] {dagbag.py:540} INFO - Filling up the DagBag from /home/airflow/.local/lib/python3.8/site-packages/airflow/example_dags/example_complex.py
[2024-03-21T01:27:42.722+0000] {processor.py:840} INFO - DAG(s) 'example_complex' retrieved from /home/airflow/.local/lib/python3.8/site-packages/airflow/example_dags/example_complex.py
[2024-03-21T01:27:42.776+0000] {logging_mixin.py:188} INFO - [2024-03-21T01:27:42.776+0000] {dag.py:3047} INFO - Sync 1 DAGs
[2024-03-21T01:27:42.792+0000] {logging_mixin.py:188} INFO - [2024-03-21T01:27:42.792+0000] {dag.py:3834} INFO - Setting next_dagrun for example_complex to None, run_after=None
[2024-03-21T01:27:42.827+0000] {processor.py:183} INFO - Processing /home/airflow/.local/lib/python3.8/site-packages/airflow/example_dags/example_complex.py took 0.132 seconds
[2024-03-21T01:28:12.945+0000] {processor.py:161} INFO - Started process (PID=1651) to work on /home/airflow/.local/lib/python3.8/site-packages/airflow/example_dags/example_complex.py
[2024-03-21T01:28:12.947+0000] {processor.py:830} INFO - Processing file /home/airflow/.local/lib/python3.8/site-packages/airflow/example_dags/example_complex.py for tasks to queue
[2024-03-21T01:28:12.950+0000] {logging_mixin.py:188} INFO - [2024-03-21T01:28:12.949+0000] {dagbag.py:540} INFO - Filling up the DagBag from /home/airflow/.local/lib/python3.8/site-packages/airflow/example_dags/example_complex.py
[2024-03-21T01:28:12.974+0000] {processor.py:840} INFO - DAG(s) 'example_complex' retrieved from /home/airflow/.local/lib/python3.8/site-packages/airflow/example_dags/example_complex.py
[2024-03-21T01:28:13.028+0000] {logging_mixin.py:188} INFO - [2024-03-21T01:28:13.027+0000] {dag.py:3047} INFO - Sync 1 DAGs
[2024-03-21T01:28:13.048+0000] {logging_mixin.py:188} INFO - [2024-03-21T01:28:13.047+0000] {dag.py:3834} INFO - Setting next_dagrun for example_complex to None, run_after=None
[2024-03-21T01:28:13.082+0000] {processor.py:183} INFO - Processing /home/airflow/.local/lib/python3.8/site-packages/airflow/example_dags/example_complex.py took 0.143 seconds
[2024-03-21T01:28:43.857+0000] {processor.py:161} INFO - Started process (PID=1706) to work on /home/airflow/.local/lib/python3.8/site-packages/airflow/example_dags/example_complex.py
[2024-03-21T01:28:43.861+0000] {processor.py:830} INFO - Processing file /home/airflow/.local/lib/python3.8/site-packages/airflow/example_dags/example_complex.py for tasks to queue
[2024-03-21T01:28:43.868+0000] {logging_mixin.py:188} INFO - [2024-03-21T01:28:43.867+0000] {dagbag.py:540} INFO - Filling up the DagBag from /home/airflow/.local/lib/python3.8/site-packages/airflow/example_dags/example_complex.py
[2024-03-21T01:28:43.917+0000] {processor.py:840} INFO - DAG(s) 'example_complex' retrieved from /home/airflow/.local/lib/python3.8/site-packages/airflow/example_dags/example_complex.py
[2024-03-21T01:28:44.064+0000] {logging_mixin.py:188} INFO - [2024-03-21T01:28:44.064+0000] {dag.py:3047} INFO - Sync 1 DAGs
[2024-03-21T01:28:44.109+0000] {logging_mixin.py:188} INFO - [2024-03-21T01:28:44.108+0000] {dag.py:3834} INFO - Setting next_dagrun for example_complex to None, run_after=None
[2024-03-21T01:28:44.172+0000] {processor.py:183} INFO - Processing /home/airflow/.local/lib/python3.8/site-packages/airflow/example_dags/example_complex.py took 0.330 seconds
[2024-03-21T01:29:14.777+0000] {processor.py:161} INFO - Started process (PID=1762) to work on /home/airflow/.local/lib/python3.8/site-packages/airflow/example_dags/example_complex.py
[2024-03-21T01:29:14.779+0000] {processor.py:830} INFO - Processing file /home/airflow/.local/lib/python3.8/site-packages/airflow/example_dags/example_complex.py for tasks to queue
[2024-03-21T01:29:14.782+0000] {logging_mixin.py:188} INFO - [2024-03-21T01:29:14.781+0000] {dagbag.py:540} INFO - Filling up the DagBag from /home/airflow/.local/lib/python3.8/site-packages/airflow/example_dags/example_complex.py
[2024-03-21T01:29:14.804+0000] {processor.py:840} INFO - DAG(s) 'example_complex' retrieved from /home/airflow/.local/lib/python3.8/site-packages/airflow/example_dags/example_complex.py
[2024-03-21T01:29:14.868+0000] {logging_mixin.py:188} INFO - [2024-03-21T01:29:14.867+0000] {dag.py:3047} INFO - Sync 1 DAGs
[2024-03-21T01:29:14.891+0000] {logging_mixin.py:188} INFO - [2024-03-21T01:29:14.890+0000] {dag.py:3834} INFO - Setting next_dagrun for example_complex to None, run_after=None
[2024-03-21T01:29:14.924+0000] {processor.py:183} INFO - Processing /home/airflow/.local/lib/python3.8/site-packages/airflow/example_dags/example_complex.py took 0.151 seconds
[2024-03-21T01:29:45.736+0000] {processor.py:161} INFO - Started process (PID=1817) to work on /home/airflow/.local/lib/python3.8/site-packages/airflow/example_dags/example_complex.py
[2024-03-21T01:29:45.738+0000] {processor.py:830} INFO - Processing file /home/airflow/.local/lib/python3.8/site-packages/airflow/example_dags/example_complex.py for tasks to queue
[2024-03-21T01:29:45.742+0000] {logging_mixin.py:188} INFO - [2024-03-21T01:29:45.741+0000] {dagbag.py:540} INFO - Filling up the DagBag from /home/airflow/.local/lib/python3.8/site-packages/airflow/example_dags/example_complex.py
[2024-03-21T01:29:45.758+0000] {processor.py:840} INFO - DAG(s) 'example_complex' retrieved from /home/airflow/.local/lib/python3.8/site-packages/airflow/example_dags/example_complex.py
[2024-03-21T01:29:45.803+0000] {logging_mixin.py:188} INFO - [2024-03-21T01:29:45.803+0000] {dag.py:3047} INFO - Sync 1 DAGs
[2024-03-21T01:29:45.820+0000] {logging_mixin.py:188} INFO - [2024-03-21T01:29:45.820+0000] {dag.py:3834} INFO - Setting next_dagrun for example_complex to None, run_after=None
[2024-03-21T01:29:45.846+0000] {processor.py:183} INFO - Processing /home/airflow/.local/lib/python3.8/site-packages/airflow/example_dags/example_complex.py took 0.113 seconds
[2024-03-21T01:30:16.003+0000] {processor.py:161} INFO - Started process (PID=1871) to work on /home/airflow/.local/lib/python3.8/site-packages/airflow/example_dags/example_complex.py
[2024-03-21T01:30:16.004+0000] {processor.py:830} INFO - Processing file /home/airflow/.local/lib/python3.8/site-packages/airflow/example_dags/example_complex.py for tasks to queue
[2024-03-21T01:30:16.006+0000] {logging_mixin.py:188} INFO - [2024-03-21T01:30:16.006+0000] {dagbag.py:540} INFO - Filling up the DagBag from /home/airflow/.local/lib/python3.8/site-packages/airflow/example_dags/example_complex.py
[2024-03-21T01:30:16.020+0000] {processor.py:840} INFO - DAG(s) 'example_complex' retrieved from /home/airflow/.local/lib/python3.8/site-packages/airflow/example_dags/example_complex.py
[2024-03-21T01:30:16.060+0000] {logging_mixin.py:188} INFO - [2024-03-21T01:30:16.060+0000] {dag.py:3047} INFO - Sync 1 DAGs
[2024-03-21T01:30:16.074+0000] {logging_mixin.py:188} INFO - [2024-03-21T01:30:16.074+0000] {dag.py:3834} INFO - Setting next_dagrun for example_complex to None, run_after=None
[2024-03-21T01:30:16.101+0000] {processor.py:183} INFO - Processing /home/airflow/.local/lib/python3.8/site-packages/airflow/example_dags/example_complex.py took 0.102 seconds
[2024-03-21T01:30:47.225+0000] {processor.py:161} INFO - Started process (PID=1926) to work on /home/airflow/.local/lib/python3.8/site-packages/airflow/example_dags/example_complex.py
[2024-03-21T01:30:47.228+0000] {processor.py:830} INFO - Processing file /home/airflow/.local/lib/python3.8/site-packages/airflow/example_dags/example_complex.py for tasks to queue
[2024-03-21T01:30:47.232+0000] {logging_mixin.py:188} INFO - [2024-03-21T01:30:47.232+0000] {dagbag.py:540} INFO - Filling up the DagBag from /home/airflow/.local/lib/python3.8/site-packages/airflow/example_dags/example_complex.py
[2024-03-21T01:30:47.262+0000] {processor.py:840} INFO - DAG(s) 'example_complex' retrieved from /home/airflow/.local/lib/python3.8/site-packages/airflow/example_dags/example_complex.py
[2024-03-21T01:30:47.399+0000] {logging_mixin.py:188} INFO - [2024-03-21T01:30:47.399+0000] {dag.py:3047} INFO - Sync 1 DAGs
[2024-03-21T01:30:47.451+0000] {logging_mixin.py:188} INFO - [2024-03-21T01:30:47.451+0000] {dag.py:3834} INFO - Setting next_dagrun for example_complex to None, run_after=None
[2024-03-21T01:30:47.500+0000] {processor.py:183} INFO - Processing /home/airflow/.local/lib/python3.8/site-packages/airflow/example_dags/example_complex.py took 0.283 seconds
[2024-03-21T01:31:18.232+0000] {processor.py:161} INFO - Started process (PID=1981) to work on /home/airflow/.local/lib/python3.8/site-packages/airflow/example_dags/example_complex.py
[2024-03-21T01:31:18.234+0000] {processor.py:830} INFO - Processing file /home/airflow/.local/lib/python3.8/site-packages/airflow/example_dags/example_complex.py for tasks to queue
[2024-03-21T01:31:18.235+0000] {logging_mixin.py:188} INFO - [2024-03-21T01:31:18.235+0000] {dagbag.py:540} INFO - Filling up the DagBag from /home/airflow/.local/lib/python3.8/site-packages/airflow/example_dags/example_complex.py
[2024-03-21T01:31:18.250+0000] {processor.py:840} INFO - DAG(s) 'example_complex' retrieved from /home/airflow/.local/lib/python3.8/site-packages/airflow/example_dags/example_complex.py
[2024-03-21T01:31:18.291+0000] {logging_mixin.py:188} INFO - [2024-03-21T01:31:18.290+0000] {dag.py:3047} INFO - Sync 1 DAGs
[2024-03-21T01:31:18.307+0000] {logging_mixin.py:188} INFO - [2024-03-21T01:31:18.307+0000] {dag.py:3834} INFO - Setting next_dagrun for example_complex to None, run_after=None
[2024-03-21T01:31:18.339+0000] {processor.py:183} INFO - Processing /home/airflow/.local/lib/python3.8/site-packages/airflow/example_dags/example_complex.py took 0.111 seconds
[2024-03-21T01:31:48.727+0000] {processor.py:161} INFO - Started process (PID=2036) to work on /home/airflow/.local/lib/python3.8/site-packages/airflow/example_dags/example_complex.py
[2024-03-21T01:31:48.728+0000] {processor.py:830} INFO - Processing file /home/airflow/.local/lib/python3.8/site-packages/airflow/example_dags/example_complex.py for tasks to queue
[2024-03-21T01:31:48.730+0000] {logging_mixin.py:188} INFO - [2024-03-21T01:31:48.730+0000] {dagbag.py:540} INFO - Filling up the DagBag from /home/airflow/.local/lib/python3.8/site-packages/airflow/example_dags/example_complex.py
[2024-03-21T01:31:48.746+0000] {processor.py:840} INFO - DAG(s) 'example_complex' retrieved from /home/airflow/.local/lib/python3.8/site-packages/airflow/example_dags/example_complex.py
[2024-03-21T01:31:48.794+0000] {logging_mixin.py:188} INFO - [2024-03-21T01:31:48.794+0000] {dag.py:3047} INFO - Sync 1 DAGs
[2024-03-21T01:31:48.810+0000] {logging_mixin.py:188} INFO - [2024-03-21T01:31:48.809+0000] {dag.py:3834} INFO - Setting next_dagrun for example_complex to None, run_after=None
[2024-03-21T01:31:48.837+0000] {processor.py:183} INFO - Processing /home/airflow/.local/lib/python3.8/site-packages/airflow/example_dags/example_complex.py took 0.114 seconds
[2024-03-21T01:32:19.249+0000] {processor.py:161} INFO - Started process (PID=2091) to work on /home/airflow/.local/lib/python3.8/site-packages/airflow/example_dags/example_complex.py
[2024-03-21T01:32:19.251+0000] {processor.py:830} INFO - Processing file /home/airflow/.local/lib/python3.8/site-packages/airflow/example_dags/example_complex.py for tasks to queue
[2024-03-21T01:32:19.255+0000] {logging_mixin.py:188} INFO - [2024-03-21T01:32:19.255+0000] {dagbag.py:540} INFO - Filling up the DagBag from /home/airflow/.local/lib/python3.8/site-packages/airflow/example_dags/example_complex.py
[2024-03-21T01:32:19.277+0000] {processor.py:840} INFO - DAG(s) 'example_complex' retrieved from /home/airflow/.local/lib/python3.8/site-packages/airflow/example_dags/example_complex.py
[2024-03-21T01:32:19.346+0000] {logging_mixin.py:188} INFO - [2024-03-21T01:32:19.345+0000] {dag.py:3047} INFO - Sync 1 DAGs
[2024-03-21T01:32:19.374+0000] {logging_mixin.py:188} INFO - [2024-03-21T01:32:19.374+0000] {dag.py:3834} INFO - Setting next_dagrun for example_complex to None, run_after=None
[2024-03-21T01:32:19.406+0000] {processor.py:183} INFO - Processing /home/airflow/.local/lib/python3.8/site-packages/airflow/example_dags/example_complex.py took 0.169 seconds
[2024-03-21T01:32:50.163+0000] {processor.py:161} INFO - Started process (PID=2146) to work on /home/airflow/.local/lib/python3.8/site-packages/airflow/example_dags/example_complex.py
[2024-03-21T01:32:50.166+0000] {processor.py:830} INFO - Processing file /home/airflow/.local/lib/python3.8/site-packages/airflow/example_dags/example_complex.py for tasks to queue
[2024-03-21T01:32:50.169+0000] {logging_mixin.py:188} INFO - [2024-03-21T01:32:50.168+0000] {dagbag.py:540} INFO - Filling up the DagBag from /home/airflow/.local/lib/python3.8/site-packages/airflow/example_dags/example_complex.py
[2024-03-21T01:32:50.199+0000] {processor.py:840} INFO - DAG(s) 'example_complex' retrieved from /home/airflow/.local/lib/python3.8/site-packages/airflow/example_dags/example_complex.py
[2024-03-21T01:32:50.269+0000] {logging_mixin.py:188} INFO - [2024-03-21T01:32:50.269+0000] {dag.py:3047} INFO - Sync 1 DAGs
[2024-03-21T01:32:50.297+0000] {logging_mixin.py:188} INFO - [2024-03-21T01:32:50.296+0000] {dag.py:3834} INFO - Setting next_dagrun for example_complex to None, run_after=None
[2024-03-21T01:32:50.334+0000] {processor.py:183} INFO - Processing /home/airflow/.local/lib/python3.8/site-packages/airflow/example_dags/example_complex.py took 0.182 seconds
[2024-03-21T01:33:20.590+0000] {processor.py:161} INFO - Started process (PID=2201) to work on /home/airflow/.local/lib/python3.8/site-packages/airflow/example_dags/example_complex.py
[2024-03-21T01:33:20.591+0000] {processor.py:830} INFO - Processing file /home/airflow/.local/lib/python3.8/site-packages/airflow/example_dags/example_complex.py for tasks to queue
[2024-03-21T01:33:20.594+0000] {logging_mixin.py:188} INFO - [2024-03-21T01:33:20.594+0000] {dagbag.py:540} INFO - Filling up the DagBag from /home/airflow/.local/lib/python3.8/site-packages/airflow/example_dags/example_complex.py
[2024-03-21T01:33:20.607+0000] {processor.py:840} INFO - DAG(s) 'example_complex' retrieved from /home/airflow/.local/lib/python3.8/site-packages/airflow/example_dags/example_complex.py
[2024-03-21T01:33:20.669+0000] {logging_mixin.py:188} INFO - [2024-03-21T01:33:20.668+0000] {dag.py:3047} INFO - Sync 1 DAGs
[2024-03-21T01:33:20.683+0000] {logging_mixin.py:188} INFO - [2024-03-21T01:33:20.683+0000] {dag.py:3834} INFO - Setting next_dagrun for example_complex to None, run_after=None
[2024-03-21T01:33:20.709+0000] {processor.py:183} INFO - Processing /home/airflow/.local/lib/python3.8/site-packages/airflow/example_dags/example_complex.py took 0.123 seconds
[2024-03-21T01:33:50.804+0000] {processor.py:161} INFO - Started process (PID=2257) to work on /home/airflow/.local/lib/python3.8/site-packages/airflow/example_dags/example_complex.py
[2024-03-21T01:33:50.806+0000] {processor.py:830} INFO - Processing file /home/airflow/.local/lib/python3.8/site-packages/airflow/example_dags/example_complex.py for tasks to queue
[2024-03-21T01:33:50.812+0000] {logging_mixin.py:188} INFO - [2024-03-21T01:33:50.811+0000] {dagbag.py:540} INFO - Filling up the DagBag from /home/airflow/.local/lib/python3.8/site-packages/airflow/example_dags/example_complex.py
[2024-03-21T01:33:50.838+0000] {processor.py:840} INFO - DAG(s) 'example_complex' retrieved from /home/airflow/.local/lib/python3.8/site-packages/airflow/example_dags/example_complex.py
[2024-03-21T01:33:50.905+0000] {logging_mixin.py:188} INFO - [2024-03-21T01:33:50.904+0000] {dag.py:3047} INFO - Sync 1 DAGs
[2024-03-21T01:33:50.927+0000] {logging_mixin.py:188} INFO - [2024-03-21T01:33:50.927+0000] {dag.py:3834} INFO - Setting next_dagrun for example_complex to None, run_after=None
[2024-03-21T01:33:50.968+0000] {processor.py:183} INFO - Processing /home/airflow/.local/lib/python3.8/site-packages/airflow/example_dags/example_complex.py took 0.169 seconds
[2024-03-21T01:34:21.917+0000] {processor.py:161} INFO - Started process (PID=2312) to work on /home/airflow/.local/lib/python3.8/site-packages/airflow/example_dags/example_complex.py
[2024-03-21T01:34:21.918+0000] {processor.py:830} INFO - Processing file /home/airflow/.local/lib/python3.8/site-packages/airflow/example_dags/example_complex.py for tasks to queue
[2024-03-21T01:34:21.920+0000] {logging_mixin.py:188} INFO - [2024-03-21T01:34:21.919+0000] {dagbag.py:540} INFO - Filling up the DagBag from /home/airflow/.local/lib/python3.8/site-packages/airflow/example_dags/example_complex.py
[2024-03-21T01:34:21.931+0000] {processor.py:840} INFO - DAG(s) 'example_complex' retrieved from /home/airflow/.local/lib/python3.8/site-packages/airflow/example_dags/example_complex.py
[2024-03-21T01:34:21.969+0000] {logging_mixin.py:188} INFO - [2024-03-21T01:34:21.969+0000] {dag.py:3047} INFO - Sync 1 DAGs
[2024-03-21T01:34:21.981+0000] {logging_mixin.py:188} INFO - [2024-03-21T01:34:21.981+0000] {dag.py:3834} INFO - Setting next_dagrun for example_complex to None, run_after=None
[2024-03-21T01:34:22.005+0000] {processor.py:183} INFO - Processing /home/airflow/.local/lib/python3.8/site-packages/airflow/example_dags/example_complex.py took 0.091 seconds
[2024-03-21T01:34:52.159+0000] {processor.py:161} INFO - Started process (PID=2366) to work on /home/airflow/.local/lib/python3.8/site-packages/airflow/example_dags/example_complex.py
[2024-03-21T01:34:52.161+0000] {processor.py:830} INFO - Processing file /home/airflow/.local/lib/python3.8/site-packages/airflow/example_dags/example_complex.py for tasks to queue
[2024-03-21T01:34:52.163+0000] {logging_mixin.py:188} INFO - [2024-03-21T01:34:52.162+0000] {dagbag.py:540} INFO - Filling up the DagBag from /home/airflow/.local/lib/python3.8/site-packages/airflow/example_dags/example_complex.py
[2024-03-21T01:34:52.176+0000] {processor.py:840} INFO - DAG(s) 'example_complex' retrieved from /home/airflow/.local/lib/python3.8/site-packages/airflow/example_dags/example_complex.py
[2024-03-21T01:34:52.218+0000] {logging_mixin.py:188} INFO - [2024-03-21T01:34:52.217+0000] {dag.py:3047} INFO - Sync 1 DAGs
[2024-03-21T01:34:52.233+0000] {logging_mixin.py:188} INFO - [2024-03-21T01:34:52.233+0000] {dag.py:3834} INFO - Setting next_dagrun for example_complex to None, run_after=None
[2024-03-21T01:34:52.260+0000] {processor.py:183} INFO - Processing /home/airflow/.local/lib/python3.8/site-packages/airflow/example_dags/example_complex.py took 0.105 seconds
[2024-03-21T01:35:23.048+0000] {processor.py:161} INFO - Started process (PID=2422) to work on /home/airflow/.local/lib/python3.8/site-packages/airflow/example_dags/example_complex.py
[2024-03-21T01:35:23.049+0000] {processor.py:830} INFO - Processing file /home/airflow/.local/lib/python3.8/site-packages/airflow/example_dags/example_complex.py for tasks to queue
[2024-03-21T01:35:23.051+0000] {logging_mixin.py:188} INFO - [2024-03-21T01:35:23.051+0000] {dagbag.py:540} INFO - Filling up the DagBag from /home/airflow/.local/lib/python3.8/site-packages/airflow/example_dags/example_complex.py
[2024-03-21T01:35:23.066+0000] {processor.py:840} INFO - DAG(s) 'example_complex' retrieved from /home/airflow/.local/lib/python3.8/site-packages/airflow/example_dags/example_complex.py
[2024-03-21T01:35:23.102+0000] {logging_mixin.py:188} INFO - [2024-03-21T01:35:23.101+0000] {dag.py:3047} INFO - Sync 1 DAGs
[2024-03-21T01:35:23.114+0000] {logging_mixin.py:188} INFO - [2024-03-21T01:35:23.114+0000] {dag.py:3834} INFO - Setting next_dagrun for example_complex to None, run_after=None
[2024-03-21T01:35:23.137+0000] {processor.py:183} INFO - Processing /home/airflow/.local/lib/python3.8/site-packages/airflow/example_dags/example_complex.py took 0.092 seconds
[2024-03-21T01:35:53.214+0000] {processor.py:161} INFO - Started process (PID=2476) to work on /home/airflow/.local/lib/python3.8/site-packages/airflow/example_dags/example_complex.py
[2024-03-21T01:35:53.215+0000] {processor.py:830} INFO - Processing file /home/airflow/.local/lib/python3.8/site-packages/airflow/example_dags/example_complex.py for tasks to queue
[2024-03-21T01:35:53.217+0000] {logging_mixin.py:188} INFO - [2024-03-21T01:35:53.217+0000] {dagbag.py:540} INFO - Filling up the DagBag from /home/airflow/.local/lib/python3.8/site-packages/airflow/example_dags/example_complex.py
[2024-03-21T01:35:53.229+0000] {processor.py:840} INFO - DAG(s) 'example_complex' retrieved from /home/airflow/.local/lib/python3.8/site-packages/airflow/example_dags/example_complex.py
[2024-03-21T01:35:53.263+0000] {logging_mixin.py:188} INFO - [2024-03-21T01:35:53.263+0000] {dag.py:3047} INFO - Sync 1 DAGs
[2024-03-21T01:35:53.275+0000] {logging_mixin.py:188} INFO - [2024-03-21T01:35:53.275+0000] {dag.py:3834} INFO - Setting next_dagrun for example_complex to None, run_after=None
[2024-03-21T01:35:53.298+0000] {processor.py:183} INFO - Processing /home/airflow/.local/lib/python3.8/site-packages/airflow/example_dags/example_complex.py took 0.087 seconds
[2024-03-21T01:36:23.383+0000] {processor.py:161} INFO - Started process (PID=2532) to work on /home/airflow/.local/lib/python3.8/site-packages/airflow/example_dags/example_complex.py
[2024-03-21T01:36:23.385+0000] {processor.py:830} INFO - Processing file /home/airflow/.local/lib/python3.8/site-packages/airflow/example_dags/example_complex.py for tasks to queue
[2024-03-21T01:36:23.387+0000] {logging_mixin.py:188} INFO - [2024-03-21T01:36:23.386+0000] {dagbag.py:540} INFO - Filling up the DagBag from /home/airflow/.local/lib/python3.8/site-packages/airflow/example_dags/example_complex.py
[2024-03-21T01:36:23.398+0000] {processor.py:840} INFO - DAG(s) 'example_complex' retrieved from /home/airflow/.local/lib/python3.8/site-packages/airflow/example_dags/example_complex.py
[2024-03-21T01:36:23.433+0000] {logging_mixin.py:188} INFO - [2024-03-21T01:36:23.433+0000] {dag.py:3047} INFO - Sync 1 DAGs
[2024-03-21T01:36:23.445+0000] {logging_mixin.py:188} INFO - [2024-03-21T01:36:23.445+0000] {dag.py:3834} INFO - Setting next_dagrun for example_complex to None, run_after=None
[2024-03-21T01:36:23.469+0000] {processor.py:183} INFO - Processing /home/airflow/.local/lib/python3.8/site-packages/airflow/example_dags/example_complex.py took 0.089 seconds
[2024-03-21T01:36:53.705+0000] {processor.py:161} INFO - Started process (PID=2586) to work on /home/airflow/.local/lib/python3.8/site-packages/airflow/example_dags/example_complex.py
[2024-03-21T01:36:53.707+0000] {processor.py:830} INFO - Processing file /home/airflow/.local/lib/python3.8/site-packages/airflow/example_dags/example_complex.py for tasks to queue
[2024-03-21T01:36:53.710+0000] {logging_mixin.py:188} INFO - [2024-03-21T01:36:53.709+0000] {dagbag.py:540} INFO - Filling up the DagBag from /home/airflow/.local/lib/python3.8/site-packages/airflow/example_dags/example_complex.py
[2024-03-21T01:36:53.728+0000] {processor.py:840} INFO - DAG(s) 'example_complex' retrieved from /home/airflow/.local/lib/python3.8/site-packages/airflow/example_dags/example_complex.py
[2024-03-21T01:36:53.777+0000] {logging_mixin.py:188} INFO - [2024-03-21T01:36:53.776+0000] {dag.py:3047} INFO - Sync 1 DAGs
[2024-03-21T01:36:53.795+0000] {logging_mixin.py:188} INFO - [2024-03-21T01:36:53.795+0000] {dag.py:3834} INFO - Setting next_dagrun for example_complex to None, run_after=None
[2024-03-21T01:36:53.827+0000] {processor.py:183} INFO - Processing /home/airflow/.local/lib/python3.8/site-packages/airflow/example_dags/example_complex.py took 0.127 seconds
[2024-03-21T01:37:24.407+0000] {processor.py:161} INFO - Started process (PID=2640) to work on /home/airflow/.local/lib/python3.8/site-packages/airflow/example_dags/example_complex.py
[2024-03-21T01:37:24.408+0000] {processor.py:830} INFO - Processing file /home/airflow/.local/lib/python3.8/site-packages/airflow/example_dags/example_complex.py for tasks to queue
[2024-03-21T01:37:24.410+0000] {logging_mixin.py:188} INFO - [2024-03-21T01:37:24.409+0000] {dagbag.py:540} INFO - Filling up the DagBag from /home/airflow/.local/lib/python3.8/site-packages/airflow/example_dags/example_complex.py
[2024-03-21T01:37:24.422+0000] {processor.py:840} INFO - DAG(s) 'example_complex' retrieved from /home/airflow/.local/lib/python3.8/site-packages/airflow/example_dags/example_complex.py
[2024-03-21T01:37:24.460+0000] {logging_mixin.py:188} INFO - [2024-03-21T01:37:24.460+0000] {dag.py:3047} INFO - Sync 1 DAGs
[2024-03-21T01:37:24.472+0000] {logging_mixin.py:188} INFO - [2024-03-21T01:37:24.472+0000] {dag.py:3834} INFO - Setting next_dagrun for example_complex to None, run_after=None
[2024-03-21T01:37:24.495+0000] {processor.py:183} INFO - Processing /home/airflow/.local/lib/python3.8/site-packages/airflow/example_dags/example_complex.py took 0.092 seconds
[2024-03-21T01:37:54.827+0000] {processor.py:161} INFO - Started process (PID=2695) to work on /home/airflow/.local/lib/python3.8/site-packages/airflow/example_dags/example_complex.py
[2024-03-21T01:37:54.828+0000] {processor.py:830} INFO - Processing file /home/airflow/.local/lib/python3.8/site-packages/airflow/example_dags/example_complex.py for tasks to queue
[2024-03-21T01:37:54.830+0000] {logging_mixin.py:188} INFO - [2024-03-21T01:37:54.830+0000] {dagbag.py:540} INFO - Filling up the DagBag from /home/airflow/.local/lib/python3.8/site-packages/airflow/example_dags/example_complex.py
[2024-03-21T01:37:54.842+0000] {processor.py:840} INFO - DAG(s) 'example_complex' retrieved from /home/airflow/.local/lib/python3.8/site-packages/airflow/example_dags/example_complex.py
[2024-03-21T01:37:54.885+0000] {logging_mixin.py:188} INFO - [2024-03-21T01:37:54.885+0000] {dag.py:3047} INFO - Sync 1 DAGs
[2024-03-21T01:37:54.897+0000] {logging_mixin.py:188} INFO - [2024-03-21T01:37:54.897+0000] {dag.py:3834} INFO - Setting next_dagrun for example_complex to None, run_after=None
[2024-03-21T01:37:54.924+0000] {processor.py:183} INFO - Processing /home/airflow/.local/lib/python3.8/site-packages/airflow/example_dags/example_complex.py took 0.101 seconds
[2024-03-21T01:38:25.150+0000] {processor.py:161} INFO - Started process (PID=2750) to work on /home/airflow/.local/lib/python3.8/site-packages/airflow/example_dags/example_complex.py
[2024-03-21T01:38:25.152+0000] {processor.py:830} INFO - Processing file /home/airflow/.local/lib/python3.8/site-packages/airflow/example_dags/example_complex.py for tasks to queue
[2024-03-21T01:38:25.156+0000] {logging_mixin.py:188} INFO - [2024-03-21T01:38:25.156+0000] {dagbag.py:540} INFO - Filling up the DagBag from /home/airflow/.local/lib/python3.8/site-packages/airflow/example_dags/example_complex.py
[2024-03-21T01:38:25.178+0000] {processor.py:840} INFO - DAG(s) 'example_complex' retrieved from /home/airflow/.local/lib/python3.8/site-packages/airflow/example_dags/example_complex.py
[2024-03-21T01:38:25.232+0000] {logging_mixin.py:188} INFO - [2024-03-21T01:38:25.232+0000] {dag.py:3047} INFO - Sync 1 DAGs
[2024-03-21T01:38:25.252+0000] {logging_mixin.py:188} INFO - [2024-03-21T01:38:25.251+0000] {dag.py:3834} INFO - Setting next_dagrun for example_complex to None, run_after=None
[2024-03-21T01:38:25.288+0000] {processor.py:183} INFO - Processing /home/airflow/.local/lib/python3.8/site-packages/airflow/example_dags/example_complex.py took 0.142 seconds
[2024-03-21T01:38:56.267+0000] {processor.py:161} INFO - Started process (PID=2806) to work on /home/airflow/.local/lib/python3.8/site-packages/airflow/example_dags/example_complex.py
[2024-03-21T01:38:56.268+0000] {processor.py:830} INFO - Processing file /home/airflow/.local/lib/python3.8/site-packages/airflow/example_dags/example_complex.py for tasks to queue
[2024-03-21T01:38:56.269+0000] {logging_mixin.py:188} INFO - [2024-03-21T01:38:56.269+0000] {dagbag.py:540} INFO - Filling up the DagBag from /home/airflow/.local/lib/python3.8/site-packages/airflow/example_dags/example_complex.py
[2024-03-21T01:38:56.282+0000] {processor.py:840} INFO - DAG(s) 'example_complex' retrieved from /home/airflow/.local/lib/python3.8/site-packages/airflow/example_dags/example_complex.py
[2024-03-21T01:38:56.319+0000] {logging_mixin.py:188} INFO - [2024-03-21T01:38:56.319+0000] {dag.py:3047} INFO - Sync 1 DAGs
[2024-03-21T01:38:56.334+0000] {logging_mixin.py:188} INFO - [2024-03-21T01:38:56.334+0000] {dag.py:3834} INFO - Setting next_dagrun for example_complex to None, run_after=None
[2024-03-21T01:38:56.362+0000] {processor.py:183} INFO - Processing /home/airflow/.local/lib/python3.8/site-packages/airflow/example_dags/example_complex.py took 0.098 seconds
[2024-03-21T01:39:26.916+0000] {processor.py:161} INFO - Started process (PID=2861) to work on /home/airflow/.local/lib/python3.8/site-packages/airflow/example_dags/example_complex.py
[2024-03-21T01:39:26.917+0000] {processor.py:830} INFO - Processing file /home/airflow/.local/lib/python3.8/site-packages/airflow/example_dags/example_complex.py for tasks to queue
[2024-03-21T01:39:26.920+0000] {logging_mixin.py:188} INFO - [2024-03-21T01:39:26.919+0000] {dagbag.py:540} INFO - Filling up the DagBag from /home/airflow/.local/lib/python3.8/site-packages/airflow/example_dags/example_complex.py
[2024-03-21T01:39:26.936+0000] {processor.py:840} INFO - DAG(s) 'example_complex' retrieved from /home/airflow/.local/lib/python3.8/site-packages/airflow/example_dags/example_complex.py
[2024-03-21T01:39:26.975+0000] {logging_mixin.py:188} INFO - [2024-03-21T01:39:26.975+0000] {dag.py:3047} INFO - Sync 1 DAGs
[2024-03-21T01:39:26.991+0000] {logging_mixin.py:188} INFO - [2024-03-21T01:39:26.991+0000] {dag.py:3834} INFO - Setting next_dagrun for example_complex to None, run_after=None
[2024-03-21T01:39:27.018+0000] {processor.py:183} INFO - Processing /home/airflow/.local/lib/python3.8/site-packages/airflow/example_dags/example_complex.py took 0.106 seconds
[2024-03-21T01:39:57.182+0000] {processor.py:161} INFO - Started process (PID=2916) to work on /home/airflow/.local/lib/python3.8/site-packages/airflow/example_dags/example_complex.py
[2024-03-21T01:39:57.183+0000] {processor.py:830} INFO - Processing file /home/airflow/.local/lib/python3.8/site-packages/airflow/example_dags/example_complex.py for tasks to queue
[2024-03-21T01:39:57.185+0000] {logging_mixin.py:188} INFO - [2024-03-21T01:39:57.185+0000] {dagbag.py:540} INFO - Filling up the DagBag from /home/airflow/.local/lib/python3.8/site-packages/airflow/example_dags/example_complex.py
[2024-03-21T01:39:57.204+0000] {processor.py:840} INFO - DAG(s) 'example_complex' retrieved from /home/airflow/.local/lib/python3.8/site-packages/airflow/example_dags/example_complex.py
[2024-03-21T01:39:57.246+0000] {logging_mixin.py:188} INFO - [2024-03-21T01:39:57.246+0000] {dag.py:3047} INFO - Sync 1 DAGs
[2024-03-21T01:39:57.262+0000] {logging_mixin.py:188} INFO - [2024-03-21T01:39:57.262+0000] {dag.py:3834} INFO - Setting next_dagrun for example_complex to None, run_after=None
[2024-03-21T01:39:57.287+0000] {processor.py:183} INFO - Processing /home/airflow/.local/lib/python3.8/site-packages/airflow/example_dags/example_complex.py took 0.110 seconds
