[2024-03-21T00:09:32.545+0000] {processor.py:161} INFO - Started process (PID=67) to work on /home/airflow/.local/lib/python3.8/site-packages/airflow/example_dags/example_python_operator.py
[2024-03-21T00:09:32.546+0000] {processor.py:830} INFO - Processing file /home/airflow/.local/lib/python3.8/site-packages/airflow/example_dags/example_python_operator.py for tasks to queue
[2024-03-21T00:09:32.550+0000] {logging_mixin.py:188} INFO - [2024-03-21T00:09:32.549+0000] {dagbag.py:540} INFO - Filling up the DagBag from /home/airflow/.local/lib/python3.8/site-packages/airflow/example_dags/example_python_operator.py
[2024-03-21T00:09:32.585+0000] {processor.py:840} INFO - DAG(s) 'example_python_operator' retrieved from /home/airflow/.local/lib/python3.8/site-packages/airflow/example_dags/example_python_operator.py
[2024-03-21T00:09:32.625+0000] {logging_mixin.py:188} INFO - [2024-03-21T00:09:32.624+0000] {dag.py:3047} INFO - Sync 1 DAGs
[2024-03-21T00:09:32.668+0000] {logging_mixin.py:188} INFO - [2024-03-21T00:09:32.668+0000] {dag.py:3834} INFO - Setting next_dagrun for example_python_operator to None, run_after=None
[2024-03-21T00:09:32.735+0000] {processor.py:183} INFO - Processing /home/airflow/.local/lib/python3.8/site-packages/airflow/example_dags/example_python_operator.py took 0.198 seconds
[2024-03-21T00:10:03.783+0000] {processor.py:161} INFO - Started process (PID=122) to work on /home/airflow/.local/lib/python3.8/site-packages/airflow/example_dags/example_python_operator.py
[2024-03-21T00:10:03.785+0000] {processor.py:830} INFO - Processing file /home/airflow/.local/lib/python3.8/site-packages/airflow/example_dags/example_python_operator.py for tasks to queue
[2024-03-21T00:10:03.788+0000] {logging_mixin.py:188} INFO - [2024-03-21T00:10:03.788+0000] {dagbag.py:540} INFO - Filling up the DagBag from /home/airflow/.local/lib/python3.8/site-packages/airflow/example_dags/example_python_operator.py
[2024-03-21T00:10:03.808+0000] {processor.py:840} INFO - DAG(s) 'example_python_operator' retrieved from /home/airflow/.local/lib/python3.8/site-packages/airflow/example_dags/example_python_operator.py
[2024-03-21T00:10:03.975+0000] {logging_mixin.py:188} INFO - [2024-03-21T00:10:03.974+0000] {dag.py:3047} INFO - Sync 1 DAGs
[2024-03-21T00:10:03.990+0000] {logging_mixin.py:188} INFO - [2024-03-21T00:10:03.990+0000] {dag.py:3834} INFO - Setting next_dagrun for example_python_operator to None, run_after=None
[2024-03-21T00:10:04.027+0000] {processor.py:183} INFO - Processing /home/airflow/.local/lib/python3.8/site-packages/airflow/example_dags/example_python_operator.py took 0.248 seconds
[2024-03-21T00:10:34.502+0000] {processor.py:161} INFO - Started process (PID=177) to work on /home/airflow/.local/lib/python3.8/site-packages/airflow/example_dags/example_python_operator.py
[2024-03-21T00:10:34.503+0000] {processor.py:830} INFO - Processing file /home/airflow/.local/lib/python3.8/site-packages/airflow/example_dags/example_python_operator.py for tasks to queue
[2024-03-21T00:10:34.505+0000] {logging_mixin.py:188} INFO - [2024-03-21T00:10:34.504+0000] {dagbag.py:540} INFO - Filling up the DagBag from /home/airflow/.local/lib/python3.8/site-packages/airflow/example_dags/example_python_operator.py
[2024-03-21T00:10:34.515+0000] {processor.py:840} INFO - DAG(s) 'example_python_operator' retrieved from /home/airflow/.local/lib/python3.8/site-packages/airflow/example_dags/example_python_operator.py
[2024-03-21T00:10:34.537+0000] {logging_mixin.py:188} INFO - [2024-03-21T00:10:34.537+0000] {dag.py:3047} INFO - Sync 1 DAGs
[2024-03-21T00:10:34.548+0000] {logging_mixin.py:188} INFO - [2024-03-21T00:10:34.548+0000] {dag.py:3834} INFO - Setting next_dagrun for example_python_operator to None, run_after=None
[2024-03-21T00:10:34.569+0000] {processor.py:183} INFO - Processing /home/airflow/.local/lib/python3.8/site-packages/airflow/example_dags/example_python_operator.py took 0.070 seconds
[2024-03-21T00:16:58.821+0000] {processor.py:161} INFO - Started process (PID=43) to work on /home/airflow/.local/lib/python3.8/site-packages/airflow/example_dags/example_python_operator.py
[2024-03-21T00:16:58.826+0000] {processor.py:830} INFO - Processing file /home/airflow/.local/lib/python3.8/site-packages/airflow/example_dags/example_python_operator.py for tasks to queue
[2024-03-21T00:16:58.831+0000] {logging_mixin.py:188} INFO - [2024-03-21T00:16:58.830+0000] {dagbag.py:540} INFO - Filling up the DagBag from /home/airflow/.local/lib/python3.8/site-packages/airflow/example_dags/example_python_operator.py
[2024-03-21T00:16:58.891+0000] {processor.py:840} INFO - DAG(s) 'example_python_operator' retrieved from /home/airflow/.local/lib/python3.8/site-packages/airflow/example_dags/example_python_operator.py
[2024-03-21T00:16:59.163+0000] {logging_mixin.py:188} INFO - [2024-03-21T00:16:59.162+0000] {dag.py:3047} INFO - Sync 1 DAGs
[2024-03-21T00:16:59.192+0000] {logging_mixin.py:188} INFO - [2024-03-21T00:16:59.192+0000] {dag.py:3834} INFO - Setting next_dagrun for example_python_operator to None, run_after=None
[2024-03-21T00:16:59.235+0000] {processor.py:183} INFO - Processing /home/airflow/.local/lib/python3.8/site-packages/airflow/example_dags/example_python_operator.py took 0.424 seconds
[2024-03-21T00:17:29.385+0000] {processor.py:161} INFO - Started process (PID=98) to work on /home/airflow/.local/lib/python3.8/site-packages/airflow/example_dags/example_python_operator.py
[2024-03-21T00:17:29.386+0000] {processor.py:830} INFO - Processing file /home/airflow/.local/lib/python3.8/site-packages/airflow/example_dags/example_python_operator.py for tasks to queue
[2024-03-21T00:17:29.388+0000] {logging_mixin.py:188} INFO - [2024-03-21T00:17:29.388+0000] {dagbag.py:540} INFO - Filling up the DagBag from /home/airflow/.local/lib/python3.8/site-packages/airflow/example_dags/example_python_operator.py
[2024-03-21T00:17:29.397+0000] {processor.py:840} INFO - DAG(s) 'example_python_operator' retrieved from /home/airflow/.local/lib/python3.8/site-packages/airflow/example_dags/example_python_operator.py
[2024-03-21T00:17:29.422+0000] {logging_mixin.py:188} INFO - [2024-03-21T00:17:29.422+0000] {dag.py:3047} INFO - Sync 1 DAGs
[2024-03-21T00:17:29.434+0000] {logging_mixin.py:188} INFO - [2024-03-21T00:17:29.434+0000] {dag.py:3834} INFO - Setting next_dagrun for example_python_operator to None, run_after=None
[2024-03-21T00:17:29.456+0000] {processor.py:183} INFO - Processing /home/airflow/.local/lib/python3.8/site-packages/airflow/example_dags/example_python_operator.py took 0.074 seconds
[2024-03-21T00:17:59.912+0000] {processor.py:161} INFO - Started process (PID=153) to work on /home/airflow/.local/lib/python3.8/site-packages/airflow/example_dags/example_python_operator.py
[2024-03-21T00:17:59.913+0000] {processor.py:830} INFO - Processing file /home/airflow/.local/lib/python3.8/site-packages/airflow/example_dags/example_python_operator.py for tasks to queue
[2024-03-21T00:17:59.915+0000] {logging_mixin.py:188} INFO - [2024-03-21T00:17:59.914+0000] {dagbag.py:540} INFO - Filling up the DagBag from /home/airflow/.local/lib/python3.8/site-packages/airflow/example_dags/example_python_operator.py
[2024-03-21T00:17:59.926+0000] {processor.py:840} INFO - DAG(s) 'example_python_operator' retrieved from /home/airflow/.local/lib/python3.8/site-packages/airflow/example_dags/example_python_operator.py
[2024-03-21T00:17:59.949+0000] {logging_mixin.py:188} INFO - [2024-03-21T00:17:59.949+0000] {dag.py:3047} INFO - Sync 1 DAGs
[2024-03-21T00:17:59.961+0000] {logging_mixin.py:188} INFO - [2024-03-21T00:17:59.961+0000] {dag.py:3834} INFO - Setting next_dagrun for example_python_operator to None, run_after=None
[2024-03-21T00:17:59.984+0000] {processor.py:183} INFO - Processing /home/airflow/.local/lib/python3.8/site-packages/airflow/example_dags/example_python_operator.py took 0.076 seconds
[2024-03-21T00:18:30.396+0000] {processor.py:161} INFO - Started process (PID=208) to work on /home/airflow/.local/lib/python3.8/site-packages/airflow/example_dags/example_python_operator.py
[2024-03-21T00:18:30.397+0000] {processor.py:830} INFO - Processing file /home/airflow/.local/lib/python3.8/site-packages/airflow/example_dags/example_python_operator.py for tasks to queue
[2024-03-21T00:18:30.398+0000] {logging_mixin.py:188} INFO - [2024-03-21T00:18:30.398+0000] {dagbag.py:540} INFO - Filling up the DagBag from /home/airflow/.local/lib/python3.8/site-packages/airflow/example_dags/example_python_operator.py
[2024-03-21T00:18:30.409+0000] {processor.py:840} INFO - DAG(s) 'example_python_operator' retrieved from /home/airflow/.local/lib/python3.8/site-packages/airflow/example_dags/example_python_operator.py
[2024-03-21T00:18:30.436+0000] {logging_mixin.py:188} INFO - [2024-03-21T00:18:30.436+0000] {dag.py:3047} INFO - Sync 1 DAGs
[2024-03-21T00:18:30.452+0000] {logging_mixin.py:188} INFO - [2024-03-21T00:18:30.451+0000] {dag.py:3834} INFO - Setting next_dagrun for example_python_operator to None, run_after=None
[2024-03-21T00:18:30.476+0000] {processor.py:183} INFO - Processing /home/airflow/.local/lib/python3.8/site-packages/airflow/example_dags/example_python_operator.py took 0.082 seconds
[2024-03-21T00:19:01.232+0000] {processor.py:161} INFO - Started process (PID=263) to work on /home/airflow/.local/lib/python3.8/site-packages/airflow/example_dags/example_python_operator.py
[2024-03-21T00:19:01.234+0000] {processor.py:830} INFO - Processing file /home/airflow/.local/lib/python3.8/site-packages/airflow/example_dags/example_python_operator.py for tasks to queue
[2024-03-21T00:19:01.236+0000] {logging_mixin.py:188} INFO - [2024-03-21T00:19:01.235+0000] {dagbag.py:540} INFO - Filling up the DagBag from /home/airflow/.local/lib/python3.8/site-packages/airflow/example_dags/example_python_operator.py
[2024-03-21T00:19:01.248+0000] {processor.py:840} INFO - DAG(s) 'example_python_operator' retrieved from /home/airflow/.local/lib/python3.8/site-packages/airflow/example_dags/example_python_operator.py
[2024-03-21T00:19:01.273+0000] {logging_mixin.py:188} INFO - [2024-03-21T00:19:01.272+0000] {dag.py:3047} INFO - Sync 1 DAGs
[2024-03-21T00:19:01.284+0000] {logging_mixin.py:188} INFO - [2024-03-21T00:19:01.284+0000] {dag.py:3834} INFO - Setting next_dagrun for example_python_operator to None, run_after=None
[2024-03-21T00:19:01.306+0000] {processor.py:183} INFO - Processing /home/airflow/.local/lib/python3.8/site-packages/airflow/example_dags/example_python_operator.py took 0.077 seconds
[2024-03-21T00:19:31.549+0000] {processor.py:161} INFO - Started process (PID=318) to work on /home/airflow/.local/lib/python3.8/site-packages/airflow/example_dags/example_python_operator.py
[2024-03-21T00:19:31.551+0000] {processor.py:830} INFO - Processing file /home/airflow/.local/lib/python3.8/site-packages/airflow/example_dags/example_python_operator.py for tasks to queue
[2024-03-21T00:19:31.552+0000] {logging_mixin.py:188} INFO - [2024-03-21T00:19:31.552+0000] {dagbag.py:540} INFO - Filling up the DagBag from /home/airflow/.local/lib/python3.8/site-packages/airflow/example_dags/example_python_operator.py
[2024-03-21T00:19:31.562+0000] {processor.py:840} INFO - DAG(s) 'example_python_operator' retrieved from /home/airflow/.local/lib/python3.8/site-packages/airflow/example_dags/example_python_operator.py
[2024-03-21T00:19:31.590+0000] {logging_mixin.py:188} INFO - [2024-03-21T00:19:31.589+0000] {dag.py:3047} INFO - Sync 1 DAGs
[2024-03-21T00:19:31.604+0000] {logging_mixin.py:188} INFO - [2024-03-21T00:19:31.604+0000] {dag.py:3834} INFO - Setting next_dagrun for example_python_operator to None, run_after=None
[2024-03-21T00:19:31.630+0000] {processor.py:183} INFO - Processing /home/airflow/.local/lib/python3.8/site-packages/airflow/example_dags/example_python_operator.py took 0.084 seconds
[2024-03-21T00:20:01.998+0000] {processor.py:161} INFO - Started process (PID=373) to work on /home/airflow/.local/lib/python3.8/site-packages/airflow/example_dags/example_python_operator.py
[2024-03-21T00:20:01.999+0000] {processor.py:830} INFO - Processing file /home/airflow/.local/lib/python3.8/site-packages/airflow/example_dags/example_python_operator.py for tasks to queue
[2024-03-21T00:20:02.001+0000] {logging_mixin.py:188} INFO - [2024-03-21T00:20:02.000+0000] {dagbag.py:540} INFO - Filling up the DagBag from /home/airflow/.local/lib/python3.8/site-packages/airflow/example_dags/example_python_operator.py
[2024-03-21T00:20:02.010+0000] {processor.py:840} INFO - DAG(s) 'example_python_operator' retrieved from /home/airflow/.local/lib/python3.8/site-packages/airflow/example_dags/example_python_operator.py
[2024-03-21T00:20:02.034+0000] {logging_mixin.py:188} INFO - [2024-03-21T00:20:02.034+0000] {dag.py:3047} INFO - Sync 1 DAGs
[2024-03-21T00:20:02.045+0000] {logging_mixin.py:188} INFO - [2024-03-21T00:20:02.045+0000] {dag.py:3834} INFO - Setting next_dagrun for example_python_operator to None, run_after=None
[2024-03-21T00:20:02.068+0000] {processor.py:183} INFO - Processing /home/airflow/.local/lib/python3.8/site-packages/airflow/example_dags/example_python_operator.py took 0.073 seconds
[2024-03-21T00:20:32.326+0000] {processor.py:161} INFO - Started process (PID=428) to work on /home/airflow/.local/lib/python3.8/site-packages/airflow/example_dags/example_python_operator.py
[2024-03-21T00:20:32.327+0000] {processor.py:830} INFO - Processing file /home/airflow/.local/lib/python3.8/site-packages/airflow/example_dags/example_python_operator.py for tasks to queue
[2024-03-21T00:20:32.329+0000] {logging_mixin.py:188} INFO - [2024-03-21T00:20:32.328+0000] {dagbag.py:540} INFO - Filling up the DagBag from /home/airflow/.local/lib/python3.8/site-packages/airflow/example_dags/example_python_operator.py
[2024-03-21T00:20:32.338+0000] {processor.py:840} INFO - DAG(s) 'example_python_operator' retrieved from /home/airflow/.local/lib/python3.8/site-packages/airflow/example_dags/example_python_operator.py
[2024-03-21T00:20:32.361+0000] {logging_mixin.py:188} INFO - [2024-03-21T00:20:32.361+0000] {dag.py:3047} INFO - Sync 1 DAGs
[2024-03-21T00:20:32.374+0000] {logging_mixin.py:188} INFO - [2024-03-21T00:20:32.374+0000] {dag.py:3834} INFO - Setting next_dagrun for example_python_operator to None, run_after=None
[2024-03-21T00:20:32.395+0000] {processor.py:183} INFO - Processing /home/airflow/.local/lib/python3.8/site-packages/airflow/example_dags/example_python_operator.py took 0.072 seconds
[2024-03-21T00:21:02.599+0000] {processor.py:161} INFO - Started process (PID=483) to work on /home/airflow/.local/lib/python3.8/site-packages/airflow/example_dags/example_python_operator.py
[2024-03-21T00:21:02.600+0000] {processor.py:830} INFO - Processing file /home/airflow/.local/lib/python3.8/site-packages/airflow/example_dags/example_python_operator.py for tasks to queue
[2024-03-21T00:21:02.602+0000] {logging_mixin.py:188} INFO - [2024-03-21T00:21:02.602+0000] {dagbag.py:540} INFO - Filling up the DagBag from /home/airflow/.local/lib/python3.8/site-packages/airflow/example_dags/example_python_operator.py
[2024-03-21T00:21:02.612+0000] {processor.py:840} INFO - DAG(s) 'example_python_operator' retrieved from /home/airflow/.local/lib/python3.8/site-packages/airflow/example_dags/example_python_operator.py
[2024-03-21T00:21:02.636+0000] {logging_mixin.py:188} INFO - [2024-03-21T00:21:02.636+0000] {dag.py:3047} INFO - Sync 1 DAGs
[2024-03-21T00:21:02.650+0000] {logging_mixin.py:188} INFO - [2024-03-21T00:21:02.650+0000] {dag.py:3834} INFO - Setting next_dagrun for example_python_operator to None, run_after=None
[2024-03-21T00:21:02.674+0000] {processor.py:183} INFO - Processing /home/airflow/.local/lib/python3.8/site-packages/airflow/example_dags/example_python_operator.py took 0.078 seconds
[2024-03-21T00:21:32.992+0000] {processor.py:161} INFO - Started process (PID=538) to work on /home/airflow/.local/lib/python3.8/site-packages/airflow/example_dags/example_python_operator.py
[2024-03-21T00:21:32.993+0000] {processor.py:830} INFO - Processing file /home/airflow/.local/lib/python3.8/site-packages/airflow/example_dags/example_python_operator.py for tasks to queue
[2024-03-21T00:21:32.995+0000] {logging_mixin.py:188} INFO - [2024-03-21T00:21:32.995+0000] {dagbag.py:540} INFO - Filling up the DagBag from /home/airflow/.local/lib/python3.8/site-packages/airflow/example_dags/example_python_operator.py
[2024-03-21T00:21:33.005+0000] {processor.py:840} INFO - DAG(s) 'example_python_operator' retrieved from /home/airflow/.local/lib/python3.8/site-packages/airflow/example_dags/example_python_operator.py
[2024-03-21T00:21:33.028+0000] {logging_mixin.py:188} INFO - [2024-03-21T00:21:33.027+0000] {dag.py:3047} INFO - Sync 1 DAGs
[2024-03-21T00:21:33.039+0000] {logging_mixin.py:188} INFO - [2024-03-21T00:21:33.039+0000] {dag.py:3834} INFO - Setting next_dagrun for example_python_operator to None, run_after=None
[2024-03-21T00:21:33.060+0000] {processor.py:183} INFO - Processing /home/airflow/.local/lib/python3.8/site-packages/airflow/example_dags/example_python_operator.py took 0.071 seconds
[2024-03-21T01:13:17.933+0000] {processor.py:161} INFO - Started process (PID=32) to work on /home/airflow/.local/lib/python3.8/site-packages/airflow/example_dags/example_python_operator.py
[2024-03-21T01:13:17.935+0000] {processor.py:830} INFO - Processing file /home/airflow/.local/lib/python3.8/site-packages/airflow/example_dags/example_python_operator.py for tasks to queue
[2024-03-21T01:13:17.937+0000] {logging_mixin.py:188} INFO - [2024-03-21T01:13:17.937+0000] {dagbag.py:540} INFO - Filling up the DagBag from /home/airflow/.local/lib/python3.8/site-packages/airflow/example_dags/example_python_operator.py
[2024-03-21T01:13:17.959+0000] {processor.py:840} INFO - DAG(s) 'example_python_operator' retrieved from /home/airflow/.local/lib/python3.8/site-packages/airflow/example_dags/example_python_operator.py
[2024-03-21T01:13:18.175+0000] {logging_mixin.py:188} INFO - [2024-03-21T01:13:18.174+0000] {dag.py:3047} INFO - Sync 1 DAGs
[2024-03-21T01:13:18.188+0000] {logging_mixin.py:188} INFO - [2024-03-21T01:13:18.188+0000] {dag.py:3834} INFO - Setting next_dagrun for example_python_operator to None, run_after=None
[2024-03-21T01:13:18.217+0000] {processor.py:183} INFO - Processing /home/airflow/.local/lib/python3.8/site-packages/airflow/example_dags/example_python_operator.py took 0.289 seconds
[2024-03-21T01:13:49.008+0000] {processor.py:161} INFO - Started process (PID=87) to work on /home/airflow/.local/lib/python3.8/site-packages/airflow/example_dags/example_python_operator.py
[2024-03-21T01:13:49.009+0000] {processor.py:830} INFO - Processing file /home/airflow/.local/lib/python3.8/site-packages/airflow/example_dags/example_python_operator.py for tasks to queue
[2024-03-21T01:13:49.010+0000] {logging_mixin.py:188} INFO - [2024-03-21T01:13:49.010+0000] {dagbag.py:540} INFO - Filling up the DagBag from /home/airflow/.local/lib/python3.8/site-packages/airflow/example_dags/example_python_operator.py
[2024-03-21T01:13:49.021+0000] {processor.py:840} INFO - DAG(s) 'example_python_operator' retrieved from /home/airflow/.local/lib/python3.8/site-packages/airflow/example_dags/example_python_operator.py
[2024-03-21T01:13:49.046+0000] {logging_mixin.py:188} INFO - [2024-03-21T01:13:49.045+0000] {dag.py:3047} INFO - Sync 1 DAGs
[2024-03-21T01:13:49.058+0000] {logging_mixin.py:188} INFO - [2024-03-21T01:13:49.058+0000] {dag.py:3834} INFO - Setting next_dagrun for example_python_operator to None, run_after=None
[2024-03-21T01:13:49.081+0000] {processor.py:183} INFO - Processing /home/airflow/.local/lib/python3.8/site-packages/airflow/example_dags/example_python_operator.py took 0.076 seconds
[2024-03-21T01:14:19.630+0000] {processor.py:161} INFO - Started process (PID=142) to work on /home/airflow/.local/lib/python3.8/site-packages/airflow/example_dags/example_python_operator.py
[2024-03-21T01:14:19.631+0000] {processor.py:830} INFO - Processing file /home/airflow/.local/lib/python3.8/site-packages/airflow/example_dags/example_python_operator.py for tasks to queue
[2024-03-21T01:14:19.633+0000] {logging_mixin.py:188} INFO - [2024-03-21T01:14:19.632+0000] {dagbag.py:540} INFO - Filling up the DagBag from /home/airflow/.local/lib/python3.8/site-packages/airflow/example_dags/example_python_operator.py
[2024-03-21T01:14:19.642+0000] {processor.py:840} INFO - DAG(s) 'example_python_operator' retrieved from /home/airflow/.local/lib/python3.8/site-packages/airflow/example_dags/example_python_operator.py
[2024-03-21T01:14:19.668+0000] {logging_mixin.py:188} INFO - [2024-03-21T01:14:19.667+0000] {dag.py:3047} INFO - Sync 1 DAGs
[2024-03-21T01:14:19.680+0000] {logging_mixin.py:188} INFO - [2024-03-21T01:14:19.680+0000] {dag.py:3834} INFO - Setting next_dagrun for example_python_operator to None, run_after=None
[2024-03-21T01:14:19.703+0000] {processor.py:183} INFO - Processing /home/airflow/.local/lib/python3.8/site-packages/airflow/example_dags/example_python_operator.py took 0.076 seconds
[2024-03-21T01:14:50.143+0000] {processor.py:161} INFO - Started process (PID=197) to work on /home/airflow/.local/lib/python3.8/site-packages/airflow/example_dags/example_python_operator.py
[2024-03-21T01:14:50.143+0000] {processor.py:830} INFO - Processing file /home/airflow/.local/lib/python3.8/site-packages/airflow/example_dags/example_python_operator.py for tasks to queue
[2024-03-21T01:14:50.145+0000] {logging_mixin.py:188} INFO - [2024-03-21T01:14:50.145+0000] {dagbag.py:540} INFO - Filling up the DagBag from /home/airflow/.local/lib/python3.8/site-packages/airflow/example_dags/example_python_operator.py
[2024-03-21T01:14:50.156+0000] {processor.py:840} INFO - DAG(s) 'example_python_operator' retrieved from /home/airflow/.local/lib/python3.8/site-packages/airflow/example_dags/example_python_operator.py
[2024-03-21T01:14:50.180+0000] {logging_mixin.py:188} INFO - [2024-03-21T01:14:50.180+0000] {dag.py:3047} INFO - Sync 1 DAGs
[2024-03-21T01:14:50.193+0000] {logging_mixin.py:188} INFO - [2024-03-21T01:14:50.192+0000] {dag.py:3834} INFO - Setting next_dagrun for example_python_operator to None, run_after=None
[2024-03-21T01:14:50.219+0000] {processor.py:183} INFO - Processing /home/airflow/.local/lib/python3.8/site-packages/airflow/example_dags/example_python_operator.py took 0.080 seconds
[2024-03-21T01:15:20.741+0000] {processor.py:161} INFO - Started process (PID=252) to work on /home/airflow/.local/lib/python3.8/site-packages/airflow/example_dags/example_python_operator.py
[2024-03-21T01:15:20.747+0000] {processor.py:830} INFO - Processing file /home/airflow/.local/lib/python3.8/site-packages/airflow/example_dags/example_python_operator.py for tasks to queue
[2024-03-21T01:15:20.763+0000] {logging_mixin.py:188} INFO - [2024-03-21T01:15:20.762+0000] {dagbag.py:540} INFO - Filling up the DagBag from /home/airflow/.local/lib/python3.8/site-packages/airflow/example_dags/example_python_operator.py
[2024-03-21T01:15:20.845+0000] {processor.py:840} INFO - DAG(s) 'example_python_operator' retrieved from /home/airflow/.local/lib/python3.8/site-packages/airflow/example_dags/example_python_operator.py
[2024-03-21T01:15:21.042+0000] {logging_mixin.py:188} INFO - [2024-03-21T01:15:21.032+0000] {dag.py:3047} INFO - Sync 1 DAGs
[2024-03-21T01:15:21.141+0000] {logging_mixin.py:188} INFO - [2024-03-21T01:15:21.140+0000] {dag.py:3834} INFO - Setting next_dagrun for example_python_operator to None, run_after=None
[2024-03-21T01:15:21.251+0000] {processor.py:183} INFO - Processing /home/airflow/.local/lib/python3.8/site-packages/airflow/example_dags/example_python_operator.py took 0.561 seconds
[2024-03-21T01:15:51.602+0000] {processor.py:161} INFO - Started process (PID=306) to work on /home/airflow/.local/lib/python3.8/site-packages/airflow/example_dags/example_python_operator.py
[2024-03-21T01:15:51.604+0000] {processor.py:830} INFO - Processing file /home/airflow/.local/lib/python3.8/site-packages/airflow/example_dags/example_python_operator.py for tasks to queue
[2024-03-21T01:15:51.608+0000] {logging_mixin.py:188} INFO - [2024-03-21T01:15:51.607+0000] {dagbag.py:540} INFO - Filling up the DagBag from /home/airflow/.local/lib/python3.8/site-packages/airflow/example_dags/example_python_operator.py
[2024-03-21T01:15:51.630+0000] {processor.py:840} INFO - DAG(s) 'example_python_operator' retrieved from /home/airflow/.local/lib/python3.8/site-packages/airflow/example_dags/example_python_operator.py
[2024-03-21T01:15:51.648+0000] {logging_mixin.py:188} INFO - [2024-03-21T01:15:51.647+0000] {dag.py:3047} INFO - Sync 1 DAGs
[2024-03-21T01:15:51.680+0000] {logging_mixin.py:188} INFO - [2024-03-21T01:15:51.679+0000] {dag.py:3834} INFO - Setting next_dagrun for example_python_operator to None, run_after=None
[2024-03-21T01:15:51.729+0000] {processor.py:183} INFO - Processing /home/airflow/.local/lib/python3.8/site-packages/airflow/example_dags/example_python_operator.py took 0.133 seconds
[2024-03-21T01:16:22.321+0000] {processor.py:161} INFO - Started process (PID=360) to work on /home/airflow/.local/lib/python3.8/site-packages/airflow/example_dags/example_python_operator.py
[2024-03-21T01:16:22.323+0000] {processor.py:830} INFO - Processing file /home/airflow/.local/lib/python3.8/site-packages/airflow/example_dags/example_python_operator.py for tasks to queue
[2024-03-21T01:16:22.325+0000] {logging_mixin.py:188} INFO - [2024-03-21T01:16:22.325+0000] {dagbag.py:540} INFO - Filling up the DagBag from /home/airflow/.local/lib/python3.8/site-packages/airflow/example_dags/example_python_operator.py
[2024-03-21T01:16:22.336+0000] {processor.py:840} INFO - DAG(s) 'example_python_operator' retrieved from /home/airflow/.local/lib/python3.8/site-packages/airflow/example_dags/example_python_operator.py
[2024-03-21T01:16:22.445+0000] {logging_mixin.py:188} INFO - [2024-03-21T01:16:22.445+0000] {dag.py:3047} INFO - Sync 1 DAGs
[2024-03-21T01:16:22.456+0000] {logging_mixin.py:188} INFO - [2024-03-21T01:16:22.456+0000] {dag.py:3834} INFO - Setting next_dagrun for example_python_operator to None, run_after=None
[2024-03-21T01:16:22.480+0000] {processor.py:183} INFO - Processing /home/airflow/.local/lib/python3.8/site-packages/airflow/example_dags/example_python_operator.py took 0.162 seconds
[2024-03-21T01:16:52.728+0000] {processor.py:161} INFO - Started process (PID=415) to work on /home/airflow/.local/lib/python3.8/site-packages/airflow/example_dags/example_python_operator.py
[2024-03-21T01:16:52.731+0000] {processor.py:830} INFO - Processing file /home/airflow/.local/lib/python3.8/site-packages/airflow/example_dags/example_python_operator.py for tasks to queue
[2024-03-21T01:16:52.732+0000] {logging_mixin.py:188} INFO - [2024-03-21T01:16:52.732+0000] {dagbag.py:540} INFO - Filling up the DagBag from /home/airflow/.local/lib/python3.8/site-packages/airflow/example_dags/example_python_operator.py
[2024-03-21T01:16:52.750+0000] {processor.py:840} INFO - DAG(s) 'example_python_operator' retrieved from /home/airflow/.local/lib/python3.8/site-packages/airflow/example_dags/example_python_operator.py
[2024-03-21T01:16:52.835+0000] {logging_mixin.py:188} INFO - [2024-03-21T01:16:52.835+0000] {dag.py:3047} INFO - Sync 1 DAGs
[2024-03-21T01:16:52.857+0000] {logging_mixin.py:188} INFO - [2024-03-21T01:16:52.857+0000] {dag.py:3834} INFO - Setting next_dagrun for example_python_operator to None, run_after=None
[2024-03-21T01:16:52.892+0000] {processor.py:183} INFO - Processing /home/airflow/.local/lib/python3.8/site-packages/airflow/example_dags/example_python_operator.py took 0.168 seconds
[2024-03-21T01:17:22.978+0000] {processor.py:161} INFO - Started process (PID=469) to work on /home/airflow/.local/lib/python3.8/site-packages/airflow/example_dags/example_python_operator.py
[2024-03-21T01:17:22.980+0000] {processor.py:830} INFO - Processing file /home/airflow/.local/lib/python3.8/site-packages/airflow/example_dags/example_python_operator.py for tasks to queue
[2024-03-21T01:17:22.983+0000] {logging_mixin.py:188} INFO - [2024-03-21T01:17:22.982+0000] {dagbag.py:540} INFO - Filling up the DagBag from /home/airflow/.local/lib/python3.8/site-packages/airflow/example_dags/example_python_operator.py
[2024-03-21T01:17:22.999+0000] {processor.py:840} INFO - DAG(s) 'example_python_operator' retrieved from /home/airflow/.local/lib/python3.8/site-packages/airflow/example_dags/example_python_operator.py
[2024-03-21T01:17:23.030+0000] {logging_mixin.py:188} INFO - [2024-03-21T01:17:23.030+0000] {dag.py:3047} INFO - Sync 1 DAGs
[2024-03-21T01:17:23.046+0000] {logging_mixin.py:188} INFO - [2024-03-21T01:17:23.046+0000] {dag.py:3834} INFO - Setting next_dagrun for example_python_operator to None, run_after=None
[2024-03-21T01:17:23.080+0000] {processor.py:183} INFO - Processing /home/airflow/.local/lib/python3.8/site-packages/airflow/example_dags/example_python_operator.py took 0.105 seconds
[2024-03-21T01:17:53.311+0000] {processor.py:161} INFO - Started process (PID=524) to work on /home/airflow/.local/lib/python3.8/site-packages/airflow/example_dags/example_python_operator.py
[2024-03-21T01:17:53.314+0000] {processor.py:830} INFO - Processing file /home/airflow/.local/lib/python3.8/site-packages/airflow/example_dags/example_python_operator.py for tasks to queue
[2024-03-21T01:17:53.317+0000] {logging_mixin.py:188} INFO - [2024-03-21T01:17:53.316+0000] {dagbag.py:540} INFO - Filling up the DagBag from /home/airflow/.local/lib/python3.8/site-packages/airflow/example_dags/example_python_operator.py
[2024-03-21T01:17:53.333+0000] {processor.py:840} INFO - DAG(s) 'example_python_operator' retrieved from /home/airflow/.local/lib/python3.8/site-packages/airflow/example_dags/example_python_operator.py
[2024-03-21T01:17:53.368+0000] {logging_mixin.py:188} INFO - [2024-03-21T01:17:53.368+0000] {dag.py:3047} INFO - Sync 1 DAGs
[2024-03-21T01:17:53.383+0000] {logging_mixin.py:188} INFO - [2024-03-21T01:17:53.383+0000] {dag.py:3834} INFO - Setting next_dagrun for example_python_operator to None, run_after=None
[2024-03-21T01:17:53.411+0000] {processor.py:183} INFO - Processing /home/airflow/.local/lib/python3.8/site-packages/airflow/example_dags/example_python_operator.py took 0.105 seconds
[2024-03-21T01:18:24.106+0000] {processor.py:161} INFO - Started process (PID=579) to work on /home/airflow/.local/lib/python3.8/site-packages/airflow/example_dags/example_python_operator.py
[2024-03-21T01:18:24.108+0000] {processor.py:830} INFO - Processing file /home/airflow/.local/lib/python3.8/site-packages/airflow/example_dags/example_python_operator.py for tasks to queue
[2024-03-21T01:18:24.110+0000] {logging_mixin.py:188} INFO - [2024-03-21T01:18:24.110+0000] {dagbag.py:540} INFO - Filling up the DagBag from /home/airflow/.local/lib/python3.8/site-packages/airflow/example_dags/example_python_operator.py
[2024-03-21T01:18:24.120+0000] {processor.py:840} INFO - DAG(s) 'example_python_operator' retrieved from /home/airflow/.local/lib/python3.8/site-packages/airflow/example_dags/example_python_operator.py
[2024-03-21T01:18:24.144+0000] {logging_mixin.py:188} INFO - [2024-03-21T01:18:24.144+0000] {dag.py:3047} INFO - Sync 1 DAGs
[2024-03-21T01:18:24.158+0000] {logging_mixin.py:188} INFO - [2024-03-21T01:18:24.158+0000] {dag.py:3834} INFO - Setting next_dagrun for example_python_operator to None, run_after=None
[2024-03-21T01:18:24.180+0000] {processor.py:183} INFO - Processing /home/airflow/.local/lib/python3.8/site-packages/airflow/example_dags/example_python_operator.py took 0.077 seconds
[2024-03-21T01:18:54.628+0000] {processor.py:161} INFO - Started process (PID=634) to work on /home/airflow/.local/lib/python3.8/site-packages/airflow/example_dags/example_python_operator.py
[2024-03-21T01:18:54.630+0000] {processor.py:830} INFO - Processing file /home/airflow/.local/lib/python3.8/site-packages/airflow/example_dags/example_python_operator.py for tasks to queue
[2024-03-21T01:18:54.632+0000] {logging_mixin.py:188} INFO - [2024-03-21T01:18:54.632+0000] {dagbag.py:540} INFO - Filling up the DagBag from /home/airflow/.local/lib/python3.8/site-packages/airflow/example_dags/example_python_operator.py
[2024-03-21T01:18:54.644+0000] {processor.py:840} INFO - DAG(s) 'example_python_operator' retrieved from /home/airflow/.local/lib/python3.8/site-packages/airflow/example_dags/example_python_operator.py
[2024-03-21T01:18:54.671+0000] {logging_mixin.py:188} INFO - [2024-03-21T01:18:54.671+0000] {dag.py:3047} INFO - Sync 1 DAGs
[2024-03-21T01:18:54.686+0000] {logging_mixin.py:188} INFO - [2024-03-21T01:18:54.685+0000] {dag.py:3834} INFO - Setting next_dagrun for example_python_operator to None, run_after=None
[2024-03-21T01:18:54.714+0000] {processor.py:183} INFO - Processing /home/airflow/.local/lib/python3.8/site-packages/airflow/example_dags/example_python_operator.py took 0.089 seconds
[2024-03-21T01:19:25.185+0000] {processor.py:161} INFO - Started process (PID=689) to work on /home/airflow/.local/lib/python3.8/site-packages/airflow/example_dags/example_python_operator.py
[2024-03-21T01:19:25.189+0000] {processor.py:830} INFO - Processing file /home/airflow/.local/lib/python3.8/site-packages/airflow/example_dags/example_python_operator.py for tasks to queue
[2024-03-21T01:19:25.192+0000] {logging_mixin.py:188} INFO - [2024-03-21T01:19:25.192+0000] {dagbag.py:540} INFO - Filling up the DagBag from /home/airflow/.local/lib/python3.8/site-packages/airflow/example_dags/example_python_operator.py
[2024-03-21T01:19:25.208+0000] {processor.py:840} INFO - DAG(s) 'example_python_operator' retrieved from /home/airflow/.local/lib/python3.8/site-packages/airflow/example_dags/example_python_operator.py
[2024-03-21T01:19:25.249+0000] {logging_mixin.py:188} INFO - [2024-03-21T01:19:25.248+0000] {dag.py:3047} INFO - Sync 1 DAGs
[2024-03-21T01:19:25.272+0000] {logging_mixin.py:188} INFO - [2024-03-21T01:19:25.272+0000] {dag.py:3834} INFO - Setting next_dagrun for example_python_operator to None, run_after=None
[2024-03-21T01:19:25.304+0000] {processor.py:183} INFO - Processing /home/airflow/.local/lib/python3.8/site-packages/airflow/example_dags/example_python_operator.py took 0.125 seconds
[2024-03-21T01:19:55.954+0000] {processor.py:161} INFO - Started process (PID=745) to work on /home/airflow/.local/lib/python3.8/site-packages/airflow/example_dags/example_python_operator.py
[2024-03-21T01:19:55.957+0000] {processor.py:830} INFO - Processing file /home/airflow/.local/lib/python3.8/site-packages/airflow/example_dags/example_python_operator.py for tasks to queue
[2024-03-21T01:19:55.959+0000] {logging_mixin.py:188} INFO - [2024-03-21T01:19:55.959+0000] {dagbag.py:540} INFO - Filling up the DagBag from /home/airflow/.local/lib/python3.8/site-packages/airflow/example_dags/example_python_operator.py
[2024-03-21T01:19:55.970+0000] {processor.py:840} INFO - DAG(s) 'example_python_operator' retrieved from /home/airflow/.local/lib/python3.8/site-packages/airflow/example_dags/example_python_operator.py
[2024-03-21T01:19:55.997+0000] {logging_mixin.py:188} INFO - [2024-03-21T01:19:55.997+0000] {dag.py:3047} INFO - Sync 1 DAGs
[2024-03-21T01:19:56.010+0000] {logging_mixin.py:188} INFO - [2024-03-21T01:19:56.010+0000] {dag.py:3834} INFO - Setting next_dagrun for example_python_operator to None, run_after=None
[2024-03-21T01:19:56.033+0000] {processor.py:183} INFO - Processing /home/airflow/.local/lib/python3.8/site-packages/airflow/example_dags/example_python_operator.py took 0.082 seconds
[2024-03-21T01:20:26.212+0000] {processor.py:161} INFO - Started process (PID=800) to work on /home/airflow/.local/lib/python3.8/site-packages/airflow/example_dags/example_python_operator.py
[2024-03-21T01:20:26.213+0000] {processor.py:830} INFO - Processing file /home/airflow/.local/lib/python3.8/site-packages/airflow/example_dags/example_python_operator.py for tasks to queue
[2024-03-21T01:20:26.216+0000] {logging_mixin.py:188} INFO - [2024-03-21T01:20:26.215+0000] {dagbag.py:540} INFO - Filling up the DagBag from /home/airflow/.local/lib/python3.8/site-packages/airflow/example_dags/example_python_operator.py
[2024-03-21T01:20:26.237+0000] {processor.py:840} INFO - DAG(s) 'example_python_operator' retrieved from /home/airflow/.local/lib/python3.8/site-packages/airflow/example_dags/example_python_operator.py
[2024-03-21T01:20:26.272+0000] {logging_mixin.py:188} INFO - [2024-03-21T01:20:26.272+0000] {dag.py:3047} INFO - Sync 1 DAGs
[2024-03-21T01:20:26.291+0000] {logging_mixin.py:188} INFO - [2024-03-21T01:20:26.291+0000] {dag.py:3834} INFO - Setting next_dagrun for example_python_operator to None, run_after=None
[2024-03-21T01:20:26.328+0000] {processor.py:183} INFO - Processing /home/airflow/.local/lib/python3.8/site-packages/airflow/example_dags/example_python_operator.py took 0.120 seconds
[2024-03-21T01:20:56.726+0000] {processor.py:161} INFO - Started process (PID=855) to work on /home/airflow/.local/lib/python3.8/site-packages/airflow/example_dags/example_python_operator.py
[2024-03-21T01:20:56.728+0000] {processor.py:830} INFO - Processing file /home/airflow/.local/lib/python3.8/site-packages/airflow/example_dags/example_python_operator.py for tasks to queue
[2024-03-21T01:20:56.730+0000] {logging_mixin.py:188} INFO - [2024-03-21T01:20:56.730+0000] {dagbag.py:540} INFO - Filling up the DagBag from /home/airflow/.local/lib/python3.8/site-packages/airflow/example_dags/example_python_operator.py
[2024-03-21T01:20:56.742+0000] {processor.py:840} INFO - DAG(s) 'example_python_operator' retrieved from /home/airflow/.local/lib/python3.8/site-packages/airflow/example_dags/example_python_operator.py
[2024-03-21T01:20:56.770+0000] {logging_mixin.py:188} INFO - [2024-03-21T01:20:56.770+0000] {dag.py:3047} INFO - Sync 1 DAGs
[2024-03-21T01:20:56.787+0000] {logging_mixin.py:188} INFO - [2024-03-21T01:20:56.787+0000] {dag.py:3834} INFO - Setting next_dagrun for example_python_operator to None, run_after=None
[2024-03-21T01:20:56.833+0000] {processor.py:183} INFO - Processing /home/airflow/.local/lib/python3.8/site-packages/airflow/example_dags/example_python_operator.py took 0.110 seconds
[2024-03-21T01:21:27.002+0000] {processor.py:161} INFO - Started process (PID=909) to work on /home/airflow/.local/lib/python3.8/site-packages/airflow/example_dags/example_python_operator.py
[2024-03-21T01:21:27.004+0000] {processor.py:830} INFO - Processing file /home/airflow/.local/lib/python3.8/site-packages/airflow/example_dags/example_python_operator.py for tasks to queue
[2024-03-21T01:21:27.008+0000] {logging_mixin.py:188} INFO - [2024-03-21T01:21:27.007+0000] {dagbag.py:540} INFO - Filling up the DagBag from /home/airflow/.local/lib/python3.8/site-packages/airflow/example_dags/example_python_operator.py
[2024-03-21T01:21:27.024+0000] {processor.py:840} INFO - DAG(s) 'example_python_operator' retrieved from /home/airflow/.local/lib/python3.8/site-packages/airflow/example_dags/example_python_operator.py
[2024-03-21T01:21:27.070+0000] {logging_mixin.py:188} INFO - [2024-03-21T01:21:27.070+0000] {dag.py:3047} INFO - Sync 1 DAGs
[2024-03-21T01:21:27.128+0000] {logging_mixin.py:188} INFO - [2024-03-21T01:21:27.127+0000] {dag.py:3834} INFO - Setting next_dagrun for example_python_operator to None, run_after=None
[2024-03-21T01:21:27.189+0000] {processor.py:183} INFO - Processing /home/airflow/.local/lib/python3.8/site-packages/airflow/example_dags/example_python_operator.py took 0.193 seconds
[2024-03-21T01:21:57.238+0000] {processor.py:161} INFO - Started process (PID=964) to work on /home/airflow/.local/lib/python3.8/site-packages/airflow/example_dags/example_python_operator.py
[2024-03-21T01:21:57.240+0000] {processor.py:830} INFO - Processing file /home/airflow/.local/lib/python3.8/site-packages/airflow/example_dags/example_python_operator.py for tasks to queue
[2024-03-21T01:21:57.242+0000] {logging_mixin.py:188} INFO - [2024-03-21T01:21:57.242+0000] {dagbag.py:540} INFO - Filling up the DagBag from /home/airflow/.local/lib/python3.8/site-packages/airflow/example_dags/example_python_operator.py
[2024-03-21T01:21:57.257+0000] {processor.py:840} INFO - DAG(s) 'example_python_operator' retrieved from /home/airflow/.local/lib/python3.8/site-packages/airflow/example_dags/example_python_operator.py
[2024-03-21T01:21:57.281+0000] {logging_mixin.py:188} INFO - [2024-03-21T01:21:57.280+0000] {dag.py:3047} INFO - Sync 1 DAGs
[2024-03-21T01:21:57.293+0000] {logging_mixin.py:188} INFO - [2024-03-21T01:21:57.292+0000] {dag.py:3834} INFO - Setting next_dagrun for example_python_operator to None, run_after=None
[2024-03-21T01:21:57.319+0000] {processor.py:183} INFO - Processing /home/airflow/.local/lib/python3.8/site-packages/airflow/example_dags/example_python_operator.py took 0.084 seconds
[2024-03-21T01:22:27.368+0000] {processor.py:161} INFO - Started process (PID=1020) to work on /home/airflow/.local/lib/python3.8/site-packages/airflow/example_dags/example_python_operator.py
[2024-03-21T01:22:27.369+0000] {processor.py:830} INFO - Processing file /home/airflow/.local/lib/python3.8/site-packages/airflow/example_dags/example_python_operator.py for tasks to queue
[2024-03-21T01:22:27.371+0000] {logging_mixin.py:188} INFO - [2024-03-21T01:22:27.371+0000] {dagbag.py:540} INFO - Filling up the DagBag from /home/airflow/.local/lib/python3.8/site-packages/airflow/example_dags/example_python_operator.py
[2024-03-21T01:22:27.384+0000] {processor.py:840} INFO - DAG(s) 'example_python_operator' retrieved from /home/airflow/.local/lib/python3.8/site-packages/airflow/example_dags/example_python_operator.py
[2024-03-21T01:22:27.410+0000] {logging_mixin.py:188} INFO - [2024-03-21T01:22:27.409+0000] {dag.py:3047} INFO - Sync 1 DAGs
[2024-03-21T01:22:27.422+0000] {logging_mixin.py:188} INFO - [2024-03-21T01:22:27.421+0000] {dag.py:3834} INFO - Setting next_dagrun for example_python_operator to None, run_after=None
[2024-03-21T01:22:27.448+0000] {processor.py:183} INFO - Processing /home/airflow/.local/lib/python3.8/site-packages/airflow/example_dags/example_python_operator.py took 0.085 seconds
[2024-03-21T01:22:57.812+0000] {processor.py:161} INFO - Started process (PID=1075) to work on /home/airflow/.local/lib/python3.8/site-packages/airflow/example_dags/example_python_operator.py
[2024-03-21T01:22:57.814+0000] {processor.py:830} INFO - Processing file /home/airflow/.local/lib/python3.8/site-packages/airflow/example_dags/example_python_operator.py for tasks to queue
[2024-03-21T01:22:57.817+0000] {logging_mixin.py:188} INFO - [2024-03-21T01:22:57.816+0000] {dagbag.py:540} INFO - Filling up the DagBag from /home/airflow/.local/lib/python3.8/site-packages/airflow/example_dags/example_python_operator.py
[2024-03-21T01:22:57.828+0000] {processor.py:840} INFO - DAG(s) 'example_python_operator' retrieved from /home/airflow/.local/lib/python3.8/site-packages/airflow/example_dags/example_python_operator.py
[2024-03-21T01:22:57.857+0000] {logging_mixin.py:188} INFO - [2024-03-21T01:22:57.857+0000] {dag.py:3047} INFO - Sync 1 DAGs
[2024-03-21T01:22:57.870+0000] {logging_mixin.py:188} INFO - [2024-03-21T01:22:57.870+0000] {dag.py:3834} INFO - Setting next_dagrun for example_python_operator to None, run_after=None
[2024-03-21T01:22:57.894+0000] {processor.py:183} INFO - Processing /home/airflow/.local/lib/python3.8/site-packages/airflow/example_dags/example_python_operator.py took 0.086 seconds
[2024-03-21T01:23:28.043+0000] {processor.py:161} INFO - Started process (PID=1130) to work on /home/airflow/.local/lib/python3.8/site-packages/airflow/example_dags/example_python_operator.py
[2024-03-21T01:23:28.044+0000] {processor.py:830} INFO - Processing file /home/airflow/.local/lib/python3.8/site-packages/airflow/example_dags/example_python_operator.py for tasks to queue
[2024-03-21T01:23:28.046+0000] {logging_mixin.py:188} INFO - [2024-03-21T01:23:28.046+0000] {dagbag.py:540} INFO - Filling up the DagBag from /home/airflow/.local/lib/python3.8/site-packages/airflow/example_dags/example_python_operator.py
[2024-03-21T01:23:28.057+0000] {processor.py:840} INFO - DAG(s) 'example_python_operator' retrieved from /home/airflow/.local/lib/python3.8/site-packages/airflow/example_dags/example_python_operator.py
[2024-03-21T01:23:28.080+0000] {logging_mixin.py:188} INFO - [2024-03-21T01:23:28.080+0000] {dag.py:3047} INFO - Sync 1 DAGs
[2024-03-21T01:23:28.093+0000] {logging_mixin.py:188} INFO - [2024-03-21T01:23:28.092+0000] {dag.py:3834} INFO - Setting next_dagrun for example_python_operator to None, run_after=None
[2024-03-21T01:23:28.145+0000] {processor.py:183} INFO - Processing /home/airflow/.local/lib/python3.8/site-packages/airflow/example_dags/example_python_operator.py took 0.105 seconds
[2024-03-21T01:23:58.225+0000] {processor.py:161} INFO - Started process (PID=1184) to work on /home/airflow/.local/lib/python3.8/site-packages/airflow/example_dags/example_python_operator.py
[2024-03-21T01:23:58.226+0000] {processor.py:830} INFO - Processing file /home/airflow/.local/lib/python3.8/site-packages/airflow/example_dags/example_python_operator.py for tasks to queue
[2024-03-21T01:23:58.228+0000] {logging_mixin.py:188} INFO - [2024-03-21T01:23:58.228+0000] {dagbag.py:540} INFO - Filling up the DagBag from /home/airflow/.local/lib/python3.8/site-packages/airflow/example_dags/example_python_operator.py
[2024-03-21T01:23:58.237+0000] {processor.py:840} INFO - DAG(s) 'example_python_operator' retrieved from /home/airflow/.local/lib/python3.8/site-packages/airflow/example_dags/example_python_operator.py
[2024-03-21T01:23:58.262+0000] {logging_mixin.py:188} INFO - [2024-03-21T01:23:58.262+0000] {dag.py:3047} INFO - Sync 1 DAGs
[2024-03-21T01:23:58.275+0000] {logging_mixin.py:188} INFO - [2024-03-21T01:23:58.275+0000] {dag.py:3834} INFO - Setting next_dagrun for example_python_operator to None, run_after=None
[2024-03-21T01:23:58.298+0000] {processor.py:183} INFO - Processing /home/airflow/.local/lib/python3.8/site-packages/airflow/example_dags/example_python_operator.py took 0.076 seconds
[2024-03-21T01:24:28.384+0000] {processor.py:161} INFO - Started process (PID=1239) to work on /home/airflow/.local/lib/python3.8/site-packages/airflow/example_dags/example_python_operator.py
[2024-03-21T01:24:28.385+0000] {processor.py:830} INFO - Processing file /home/airflow/.local/lib/python3.8/site-packages/airflow/example_dags/example_python_operator.py for tasks to queue
[2024-03-21T01:24:28.387+0000] {logging_mixin.py:188} INFO - [2024-03-21T01:24:28.387+0000] {dagbag.py:540} INFO - Filling up the DagBag from /home/airflow/.local/lib/python3.8/site-packages/airflow/example_dags/example_python_operator.py
[2024-03-21T01:24:28.402+0000] {processor.py:840} INFO - DAG(s) 'example_python_operator' retrieved from /home/airflow/.local/lib/python3.8/site-packages/airflow/example_dags/example_python_operator.py
[2024-03-21T01:24:28.433+0000] {logging_mixin.py:188} INFO - [2024-03-21T01:24:28.433+0000] {dag.py:3047} INFO - Sync 1 DAGs
[2024-03-21T01:24:28.454+0000] {logging_mixin.py:188} INFO - [2024-03-21T01:24:28.454+0000] {dag.py:3834} INFO - Setting next_dagrun for example_python_operator to None, run_after=None
[2024-03-21T01:24:28.479+0000] {processor.py:183} INFO - Processing /home/airflow/.local/lib/python3.8/site-packages/airflow/example_dags/example_python_operator.py took 0.099 seconds
[2024-03-21T01:24:58.556+0000] {processor.py:161} INFO - Started process (PID=1294) to work on /home/airflow/.local/lib/python3.8/site-packages/airflow/example_dags/example_python_operator.py
[2024-03-21T01:24:58.558+0000] {processor.py:830} INFO - Processing file /home/airflow/.local/lib/python3.8/site-packages/airflow/example_dags/example_python_operator.py for tasks to queue
[2024-03-21T01:24:58.560+0000] {logging_mixin.py:188} INFO - [2024-03-21T01:24:58.559+0000] {dagbag.py:540} INFO - Filling up the DagBag from /home/airflow/.local/lib/python3.8/site-packages/airflow/example_dags/example_python_operator.py
[2024-03-21T01:24:58.572+0000] {processor.py:840} INFO - DAG(s) 'example_python_operator' retrieved from /home/airflow/.local/lib/python3.8/site-packages/airflow/example_dags/example_python_operator.py
[2024-03-21T01:24:58.614+0000] {logging_mixin.py:188} INFO - [2024-03-21T01:24:58.613+0000] {dag.py:3047} INFO - Sync 1 DAGs
[2024-03-21T01:24:58.631+0000] {logging_mixin.py:188} INFO - [2024-03-21T01:24:58.631+0000] {dag.py:3834} INFO - Setting next_dagrun for example_python_operator to None, run_after=None
[2024-03-21T01:24:58.672+0000] {processor.py:183} INFO - Processing /home/airflow/.local/lib/python3.8/site-packages/airflow/example_dags/example_python_operator.py took 0.119 seconds
[2024-03-21T01:25:29.007+0000] {processor.py:161} INFO - Started process (PID=1349) to work on /home/airflow/.local/lib/python3.8/site-packages/airflow/example_dags/example_python_operator.py
[2024-03-21T01:25:29.010+0000] {processor.py:830} INFO - Processing file /home/airflow/.local/lib/python3.8/site-packages/airflow/example_dags/example_python_operator.py for tasks to queue
[2024-03-21T01:25:29.014+0000] {logging_mixin.py:188} INFO - [2024-03-21T01:25:29.013+0000] {dagbag.py:540} INFO - Filling up the DagBag from /home/airflow/.local/lib/python3.8/site-packages/airflow/example_dags/example_python_operator.py
[2024-03-21T01:25:29.048+0000] {processor.py:840} INFO - DAG(s) 'example_python_operator' retrieved from /home/airflow/.local/lib/python3.8/site-packages/airflow/example_dags/example_python_operator.py
[2024-03-21T01:25:29.111+0000] {logging_mixin.py:188} INFO - [2024-03-21T01:25:29.110+0000] {dag.py:3047} INFO - Sync 1 DAGs
[2024-03-21T01:25:29.146+0000] {logging_mixin.py:188} INFO - [2024-03-21T01:25:29.146+0000] {dag.py:3834} INFO - Setting next_dagrun for example_python_operator to None, run_after=None
[2024-03-21T01:25:29.178+0000] {processor.py:183} INFO - Processing /home/airflow/.local/lib/python3.8/site-packages/airflow/example_dags/example_python_operator.py took 0.179 seconds
[2024-03-21T01:25:59.255+0000] {processor.py:161} INFO - Started process (PID=1404) to work on /home/airflow/.local/lib/python3.8/site-packages/airflow/example_dags/example_python_operator.py
[2024-03-21T01:25:59.256+0000] {processor.py:830} INFO - Processing file /home/airflow/.local/lib/python3.8/site-packages/airflow/example_dags/example_python_operator.py for tasks to queue
[2024-03-21T01:25:59.257+0000] {logging_mixin.py:188} INFO - [2024-03-21T01:25:59.257+0000] {dagbag.py:540} INFO - Filling up the DagBag from /home/airflow/.local/lib/python3.8/site-packages/airflow/example_dags/example_python_operator.py
[2024-03-21T01:25:59.270+0000] {processor.py:840} INFO - DAG(s) 'example_python_operator' retrieved from /home/airflow/.local/lib/python3.8/site-packages/airflow/example_dags/example_python_operator.py
[2024-03-21T01:25:59.300+0000] {logging_mixin.py:188} INFO - [2024-03-21T01:25:59.300+0000] {dag.py:3047} INFO - Sync 1 DAGs
[2024-03-21T01:25:59.317+0000] {logging_mixin.py:188} INFO - [2024-03-21T01:25:59.317+0000] {dag.py:3834} INFO - Setting next_dagrun for example_python_operator to None, run_after=None
[2024-03-21T01:25:59.347+0000] {processor.py:183} INFO - Processing /home/airflow/.local/lib/python3.8/site-packages/airflow/example_dags/example_python_operator.py took 0.096 seconds
[2024-03-21T01:26:29.403+0000] {processor.py:161} INFO - Started process (PID=1459) to work on /home/airflow/.local/lib/python3.8/site-packages/airflow/example_dags/example_python_operator.py
[2024-03-21T01:26:29.404+0000] {processor.py:830} INFO - Processing file /home/airflow/.local/lib/python3.8/site-packages/airflow/example_dags/example_python_operator.py for tasks to queue
[2024-03-21T01:26:29.407+0000] {logging_mixin.py:188} INFO - [2024-03-21T01:26:29.406+0000] {dagbag.py:540} INFO - Filling up the DagBag from /home/airflow/.local/lib/python3.8/site-packages/airflow/example_dags/example_python_operator.py
[2024-03-21T01:26:29.421+0000] {processor.py:840} INFO - DAG(s) 'example_python_operator' retrieved from /home/airflow/.local/lib/python3.8/site-packages/airflow/example_dags/example_python_operator.py
[2024-03-21T01:26:29.455+0000] {logging_mixin.py:188} INFO - [2024-03-21T01:26:29.454+0000] {dag.py:3047} INFO - Sync 1 DAGs
[2024-03-21T01:26:29.478+0000] {logging_mixin.py:188} INFO - [2024-03-21T01:26:29.477+0000] {dag.py:3834} INFO - Setting next_dagrun for example_python_operator to None, run_after=None
[2024-03-21T01:26:29.508+0000] {processor.py:183} INFO - Processing /home/airflow/.local/lib/python3.8/site-packages/airflow/example_dags/example_python_operator.py took 0.109 seconds
[2024-03-21T01:26:59.846+0000] {processor.py:161} INFO - Started process (PID=1514) to work on /home/airflow/.local/lib/python3.8/site-packages/airflow/example_dags/example_python_operator.py
[2024-03-21T01:26:59.847+0000] {processor.py:830} INFO - Processing file /home/airflow/.local/lib/python3.8/site-packages/airflow/example_dags/example_python_operator.py for tasks to queue
[2024-03-21T01:26:59.849+0000] {logging_mixin.py:188} INFO - [2024-03-21T01:26:59.848+0000] {dagbag.py:540} INFO - Filling up the DagBag from /home/airflow/.local/lib/python3.8/site-packages/airflow/example_dags/example_python_operator.py
[2024-03-21T01:26:59.859+0000] {processor.py:840} INFO - DAG(s) 'example_python_operator' retrieved from /home/airflow/.local/lib/python3.8/site-packages/airflow/example_dags/example_python_operator.py
[2024-03-21T01:26:59.888+0000] {logging_mixin.py:188} INFO - [2024-03-21T01:26:59.888+0000] {dag.py:3047} INFO - Sync 1 DAGs
[2024-03-21T01:26:59.901+0000] {logging_mixin.py:188} INFO - [2024-03-21T01:26:59.901+0000] {dag.py:3834} INFO - Setting next_dagrun for example_python_operator to None, run_after=None
[2024-03-21T01:26:59.931+0000] {processor.py:183} INFO - Processing /home/airflow/.local/lib/python3.8/site-packages/airflow/example_dags/example_python_operator.py took 0.088 seconds
[2024-03-21T01:27:30.317+0000] {processor.py:161} INFO - Started process (PID=1575) to work on /home/airflow/.local/lib/python3.8/site-packages/airflow/example_dags/example_python_operator.py
[2024-03-21T01:27:30.319+0000] {processor.py:830} INFO - Processing file /home/airflow/.local/lib/python3.8/site-packages/airflow/example_dags/example_python_operator.py for tasks to queue
[2024-03-21T01:27:30.321+0000] {logging_mixin.py:188} INFO - [2024-03-21T01:27:30.321+0000] {dagbag.py:540} INFO - Filling up the DagBag from /home/airflow/.local/lib/python3.8/site-packages/airflow/example_dags/example_python_operator.py
[2024-03-21T01:27:30.335+0000] {processor.py:840} INFO - DAG(s) 'example_python_operator' retrieved from /home/airflow/.local/lib/python3.8/site-packages/airflow/example_dags/example_python_operator.py
[2024-03-21T01:27:30.358+0000] {logging_mixin.py:188} INFO - [2024-03-21T01:27:30.357+0000] {dag.py:3047} INFO - Sync 1 DAGs
[2024-03-21T01:27:30.370+0000] {logging_mixin.py:188} INFO - [2024-03-21T01:27:30.370+0000] {dag.py:3834} INFO - Setting next_dagrun for example_python_operator to None, run_after=None
[2024-03-21T01:27:30.393+0000] {processor.py:183} INFO - Processing /home/airflow/.local/lib/python3.8/site-packages/airflow/example_dags/example_python_operator.py took 0.079 seconds
[2024-03-21T01:28:00.640+0000] {processor.py:161} INFO - Started process (PID=1630) to work on /home/airflow/.local/lib/python3.8/site-packages/airflow/example_dags/example_python_operator.py
[2024-03-21T01:28:00.640+0000] {processor.py:830} INFO - Processing file /home/airflow/.local/lib/python3.8/site-packages/airflow/example_dags/example_python_operator.py for tasks to queue
[2024-03-21T01:28:00.642+0000] {logging_mixin.py:188} INFO - [2024-03-21T01:28:00.642+0000] {dagbag.py:540} INFO - Filling up the DagBag from /home/airflow/.local/lib/python3.8/site-packages/airflow/example_dags/example_python_operator.py
[2024-03-21T01:28:00.652+0000] {processor.py:840} INFO - DAG(s) 'example_python_operator' retrieved from /home/airflow/.local/lib/python3.8/site-packages/airflow/example_dags/example_python_operator.py
[2024-03-21T01:28:00.675+0000] {logging_mixin.py:188} INFO - [2024-03-21T01:28:00.675+0000] {dag.py:3047} INFO - Sync 1 DAGs
[2024-03-21T01:28:00.687+0000] {logging_mixin.py:188} INFO - [2024-03-21T01:28:00.687+0000] {dag.py:3834} INFO - Setting next_dagrun for example_python_operator to None, run_after=None
[2024-03-21T01:28:00.710+0000] {processor.py:183} INFO - Processing /home/airflow/.local/lib/python3.8/site-packages/airflow/example_dags/example_python_operator.py took 0.074 seconds
[2024-03-21T01:28:30.941+0000] {processor.py:161} INFO - Started process (PID=1685) to work on /home/airflow/.local/lib/python3.8/site-packages/airflow/example_dags/example_python_operator.py
[2024-03-21T01:28:30.942+0000] {processor.py:830} INFO - Processing file /home/airflow/.local/lib/python3.8/site-packages/airflow/example_dags/example_python_operator.py for tasks to queue
[2024-03-21T01:28:30.945+0000] {logging_mixin.py:188} INFO - [2024-03-21T01:28:30.944+0000] {dagbag.py:540} INFO - Filling up the DagBag from /home/airflow/.local/lib/python3.8/site-packages/airflow/example_dags/example_python_operator.py
[2024-03-21T01:28:30.955+0000] {processor.py:840} INFO - DAG(s) 'example_python_operator' retrieved from /home/airflow/.local/lib/python3.8/site-packages/airflow/example_dags/example_python_operator.py
[2024-03-21T01:28:30.978+0000] {logging_mixin.py:188} INFO - [2024-03-21T01:28:30.977+0000] {dag.py:3047} INFO - Sync 1 DAGs
[2024-03-21T01:28:30.989+0000] {logging_mixin.py:188} INFO - [2024-03-21T01:28:30.989+0000] {dag.py:3834} INFO - Setting next_dagrun for example_python_operator to None, run_after=None
[2024-03-21T01:28:31.015+0000] {processor.py:183} INFO - Processing /home/airflow/.local/lib/python3.8/site-packages/airflow/example_dags/example_python_operator.py took 0.077 seconds
[2024-03-21T01:29:01.121+0000] {processor.py:161} INFO - Started process (PID=1741) to work on /home/airflow/.local/lib/python3.8/site-packages/airflow/example_dags/example_python_operator.py
[2024-03-21T01:29:01.122+0000] {processor.py:830} INFO - Processing file /home/airflow/.local/lib/python3.8/site-packages/airflow/example_dags/example_python_operator.py for tasks to queue
[2024-03-21T01:29:01.126+0000] {logging_mixin.py:188} INFO - [2024-03-21T01:29:01.125+0000] {dagbag.py:540} INFO - Filling up the DagBag from /home/airflow/.local/lib/python3.8/site-packages/airflow/example_dags/example_python_operator.py
[2024-03-21T01:29:01.144+0000] {processor.py:840} INFO - DAG(s) 'example_python_operator' retrieved from /home/airflow/.local/lib/python3.8/site-packages/airflow/example_dags/example_python_operator.py
[2024-03-21T01:29:01.177+0000] {logging_mixin.py:188} INFO - [2024-03-21T01:29:01.177+0000] {dag.py:3047} INFO - Sync 1 DAGs
[2024-03-21T01:29:01.194+0000] {logging_mixin.py:188} INFO - [2024-03-21T01:29:01.194+0000] {dag.py:3834} INFO - Setting next_dagrun for example_python_operator to None, run_after=None
[2024-03-21T01:29:01.226+0000] {processor.py:183} INFO - Processing /home/airflow/.local/lib/python3.8/site-packages/airflow/example_dags/example_python_operator.py took 0.111 seconds
[2024-03-21T01:29:31.460+0000] {processor.py:161} INFO - Started process (PID=1794) to work on /home/airflow/.local/lib/python3.8/site-packages/airflow/example_dags/example_python_operator.py
[2024-03-21T01:29:31.461+0000] {processor.py:830} INFO - Processing file /home/airflow/.local/lib/python3.8/site-packages/airflow/example_dags/example_python_operator.py for tasks to queue
[2024-03-21T01:29:31.463+0000] {logging_mixin.py:188} INFO - [2024-03-21T01:29:31.463+0000] {dagbag.py:540} INFO - Filling up the DagBag from /home/airflow/.local/lib/python3.8/site-packages/airflow/example_dags/example_python_operator.py
[2024-03-21T01:29:31.474+0000] {processor.py:840} INFO - DAG(s) 'example_python_operator' retrieved from /home/airflow/.local/lib/python3.8/site-packages/airflow/example_dags/example_python_operator.py
[2024-03-21T01:29:31.497+0000] {logging_mixin.py:188} INFO - [2024-03-21T01:29:31.496+0000] {dag.py:3047} INFO - Sync 1 DAGs
[2024-03-21T01:29:31.509+0000] {logging_mixin.py:188} INFO - [2024-03-21T01:29:31.509+0000] {dag.py:3834} INFO - Setting next_dagrun for example_python_operator to None, run_after=None
[2024-03-21T01:29:31.534+0000] {processor.py:183} INFO - Processing /home/airflow/.local/lib/python3.8/site-packages/airflow/example_dags/example_python_operator.py took 0.077 seconds
[2024-03-21T01:30:02.266+0000] {processor.py:161} INFO - Started process (PID=1848) to work on /home/airflow/.local/lib/python3.8/site-packages/airflow/example_dags/example_python_operator.py
[2024-03-21T01:30:02.268+0000] {processor.py:830} INFO - Processing file /home/airflow/.local/lib/python3.8/site-packages/airflow/example_dags/example_python_operator.py for tasks to queue
[2024-03-21T01:30:02.272+0000] {logging_mixin.py:188} INFO - [2024-03-21T01:30:02.271+0000] {dagbag.py:540} INFO - Filling up the DagBag from /home/airflow/.local/lib/python3.8/site-packages/airflow/example_dags/example_python_operator.py
[2024-03-21T01:30:02.289+0000] {processor.py:840} INFO - DAG(s) 'example_python_operator' retrieved from /home/airflow/.local/lib/python3.8/site-packages/airflow/example_dags/example_python_operator.py
[2024-03-21T01:30:02.320+0000] {logging_mixin.py:188} INFO - [2024-03-21T01:30:02.320+0000] {dag.py:3047} INFO - Sync 1 DAGs
[2024-03-21T01:30:02.335+0000] {logging_mixin.py:188} INFO - [2024-03-21T01:30:02.335+0000] {dag.py:3834} INFO - Setting next_dagrun for example_python_operator to None, run_after=None
[2024-03-21T01:30:02.366+0000] {processor.py:183} INFO - Processing /home/airflow/.local/lib/python3.8/site-packages/airflow/example_dags/example_python_operator.py took 0.105 seconds
[2024-03-21T01:30:32.565+0000] {processor.py:161} INFO - Started process (PID=1903) to work on /home/airflow/.local/lib/python3.8/site-packages/airflow/example_dags/example_python_operator.py
[2024-03-21T01:30:32.567+0000] {processor.py:830} INFO - Processing file /home/airflow/.local/lib/python3.8/site-packages/airflow/example_dags/example_python_operator.py for tasks to queue
[2024-03-21T01:30:32.572+0000] {logging_mixin.py:188} INFO - [2024-03-21T01:30:32.571+0000] {dagbag.py:540} INFO - Filling up the DagBag from /home/airflow/.local/lib/python3.8/site-packages/airflow/example_dags/example_python_operator.py
[2024-03-21T01:30:32.644+0000] {processor.py:840} INFO - DAG(s) 'example_python_operator' retrieved from /home/airflow/.local/lib/python3.8/site-packages/airflow/example_dags/example_python_operator.py
[2024-03-21T01:30:32.768+0000] {logging_mixin.py:188} INFO - [2024-03-21T01:30:32.767+0000] {dag.py:3047} INFO - Sync 1 DAGs
[2024-03-21T01:30:32.840+0000] {logging_mixin.py:188} INFO - [2024-03-21T01:30:32.840+0000] {dag.py:3834} INFO - Setting next_dagrun for example_python_operator to None, run_after=None
[2024-03-21T01:30:32.970+0000] {processor.py:183} INFO - Processing /home/airflow/.local/lib/python3.8/site-packages/airflow/example_dags/example_python_operator.py took 0.434 seconds
[2024-03-21T01:31:03.177+0000] {processor.py:161} INFO - Started process (PID=1958) to work on /home/airflow/.local/lib/python3.8/site-packages/airflow/example_dags/example_python_operator.py
[2024-03-21T01:31:03.178+0000] {processor.py:830} INFO - Processing file /home/airflow/.local/lib/python3.8/site-packages/airflow/example_dags/example_python_operator.py for tasks to queue
[2024-03-21T01:31:03.180+0000] {logging_mixin.py:188} INFO - [2024-03-21T01:31:03.180+0000] {dagbag.py:540} INFO - Filling up the DagBag from /home/airflow/.local/lib/python3.8/site-packages/airflow/example_dags/example_python_operator.py
[2024-03-21T01:31:03.192+0000] {processor.py:840} INFO - DAG(s) 'example_python_operator' retrieved from /home/airflow/.local/lib/python3.8/site-packages/airflow/example_dags/example_python_operator.py
[2024-03-21T01:31:03.216+0000] {logging_mixin.py:188} INFO - [2024-03-21T01:31:03.215+0000] {dag.py:3047} INFO - Sync 1 DAGs
[2024-03-21T01:31:03.228+0000] {logging_mixin.py:188} INFO - [2024-03-21T01:31:03.227+0000] {dag.py:3834} INFO - Setting next_dagrun for example_python_operator to None, run_after=None
[2024-03-21T01:31:03.255+0000] {processor.py:183} INFO - Processing /home/airflow/.local/lib/python3.8/site-packages/airflow/example_dags/example_python_operator.py took 0.081 seconds
[2024-03-21T01:31:33.774+0000] {processor.py:161} INFO - Started process (PID=2013) to work on /home/airflow/.local/lib/python3.8/site-packages/airflow/example_dags/example_python_operator.py
[2024-03-21T01:31:33.775+0000] {processor.py:830} INFO - Processing file /home/airflow/.local/lib/python3.8/site-packages/airflow/example_dags/example_python_operator.py for tasks to queue
[2024-03-21T01:31:33.778+0000] {logging_mixin.py:188} INFO - [2024-03-21T01:31:33.777+0000] {dagbag.py:540} INFO - Filling up the DagBag from /home/airflow/.local/lib/python3.8/site-packages/airflow/example_dags/example_python_operator.py
[2024-03-21T01:31:33.790+0000] {processor.py:840} INFO - DAG(s) 'example_python_operator' retrieved from /home/airflow/.local/lib/python3.8/site-packages/airflow/example_dags/example_python_operator.py
[2024-03-21T01:31:33.813+0000] {logging_mixin.py:188} INFO - [2024-03-21T01:31:33.813+0000] {dag.py:3047} INFO - Sync 1 DAGs
[2024-03-21T01:31:33.827+0000] {logging_mixin.py:188} INFO - [2024-03-21T01:31:33.827+0000] {dag.py:3834} INFO - Setting next_dagrun for example_python_operator to None, run_after=None
[2024-03-21T01:31:33.848+0000] {processor.py:183} INFO - Processing /home/airflow/.local/lib/python3.8/site-packages/airflow/example_dags/example_python_operator.py took 0.083 seconds
[2024-03-21T01:32:03.994+0000] {processor.py:161} INFO - Started process (PID=2068) to work on /home/airflow/.local/lib/python3.8/site-packages/airflow/example_dags/example_python_operator.py
[2024-03-21T01:32:03.995+0000] {processor.py:830} INFO - Processing file /home/airflow/.local/lib/python3.8/site-packages/airflow/example_dags/example_python_operator.py for tasks to queue
[2024-03-21T01:32:03.997+0000] {logging_mixin.py:188} INFO - [2024-03-21T01:32:03.997+0000] {dagbag.py:540} INFO - Filling up the DagBag from /home/airflow/.local/lib/python3.8/site-packages/airflow/example_dags/example_python_operator.py
[2024-03-21T01:32:04.008+0000] {processor.py:840} INFO - DAG(s) 'example_python_operator' retrieved from /home/airflow/.local/lib/python3.8/site-packages/airflow/example_dags/example_python_operator.py
[2024-03-21T01:32:04.036+0000] {logging_mixin.py:188} INFO - [2024-03-21T01:32:04.035+0000] {dag.py:3047} INFO - Sync 1 DAGs
[2024-03-21T01:32:04.056+0000] {logging_mixin.py:188} INFO - [2024-03-21T01:32:04.056+0000] {dag.py:3834} INFO - Setting next_dagrun for example_python_operator to None, run_after=None
[2024-03-21T01:32:04.092+0000] {processor.py:183} INFO - Processing /home/airflow/.local/lib/python3.8/site-packages/airflow/example_dags/example_python_operator.py took 0.102 seconds
[2024-03-21T01:32:34.691+0000] {processor.py:161} INFO - Started process (PID=2123) to work on /home/airflow/.local/lib/python3.8/site-packages/airflow/example_dags/example_python_operator.py
[2024-03-21T01:32:34.694+0000] {processor.py:830} INFO - Processing file /home/airflow/.local/lib/python3.8/site-packages/airflow/example_dags/example_python_operator.py for tasks to queue
[2024-03-21T01:32:34.696+0000] {logging_mixin.py:188} INFO - [2024-03-21T01:32:34.696+0000] {dagbag.py:540} INFO - Filling up the DagBag from /home/airflow/.local/lib/python3.8/site-packages/airflow/example_dags/example_python_operator.py
[2024-03-21T01:32:34.705+0000] {processor.py:840} INFO - DAG(s) 'example_python_operator' retrieved from /home/airflow/.local/lib/python3.8/site-packages/airflow/example_dags/example_python_operator.py
[2024-03-21T01:32:34.732+0000] {logging_mixin.py:188} INFO - [2024-03-21T01:32:34.732+0000] {dag.py:3047} INFO - Sync 1 DAGs
[2024-03-21T01:32:34.745+0000] {logging_mixin.py:188} INFO - [2024-03-21T01:32:34.744+0000] {dag.py:3834} INFO - Setting next_dagrun for example_python_operator to None, run_after=None
[2024-03-21T01:32:34.767+0000] {processor.py:183} INFO - Processing /home/airflow/.local/lib/python3.8/site-packages/airflow/example_dags/example_python_operator.py took 0.080 seconds
[2024-03-21T01:33:05.136+0000] {processor.py:161} INFO - Started process (PID=2178) to work on /home/airflow/.local/lib/python3.8/site-packages/airflow/example_dags/example_python_operator.py
[2024-03-21T01:33:05.137+0000] {processor.py:830} INFO - Processing file /home/airflow/.local/lib/python3.8/site-packages/airflow/example_dags/example_python_operator.py for tasks to queue
[2024-03-21T01:33:05.138+0000] {logging_mixin.py:188} INFO - [2024-03-21T01:33:05.138+0000] {dagbag.py:540} INFO - Filling up the DagBag from /home/airflow/.local/lib/python3.8/site-packages/airflow/example_dags/example_python_operator.py
[2024-03-21T01:33:05.148+0000] {processor.py:840} INFO - DAG(s) 'example_python_operator' retrieved from /home/airflow/.local/lib/python3.8/site-packages/airflow/example_dags/example_python_operator.py
[2024-03-21T01:33:05.170+0000] {logging_mixin.py:188} INFO - [2024-03-21T01:33:05.170+0000] {dag.py:3047} INFO - Sync 1 DAGs
[2024-03-21T01:33:05.182+0000] {logging_mixin.py:188} INFO - [2024-03-21T01:33:05.182+0000] {dag.py:3834} INFO - Setting next_dagrun for example_python_operator to None, run_after=None
[2024-03-21T01:33:05.206+0000] {processor.py:183} INFO - Processing /home/airflow/.local/lib/python3.8/site-packages/airflow/example_dags/example_python_operator.py took 0.073 seconds
[2024-03-21T01:33:35.603+0000] {processor.py:161} INFO - Started process (PID=2233) to work on /home/airflow/.local/lib/python3.8/site-packages/airflow/example_dags/example_python_operator.py
[2024-03-21T01:33:35.604+0000] {processor.py:830} INFO - Processing file /home/airflow/.local/lib/python3.8/site-packages/airflow/example_dags/example_python_operator.py for tasks to queue
[2024-03-21T01:33:35.606+0000] {logging_mixin.py:188} INFO - [2024-03-21T01:33:35.605+0000] {dagbag.py:540} INFO - Filling up the DagBag from /home/airflow/.local/lib/python3.8/site-packages/airflow/example_dags/example_python_operator.py
[2024-03-21T01:33:35.616+0000] {processor.py:840} INFO - DAG(s) 'example_python_operator' retrieved from /home/airflow/.local/lib/python3.8/site-packages/airflow/example_dags/example_python_operator.py
[2024-03-21T01:33:35.638+0000] {logging_mixin.py:188} INFO - [2024-03-21T01:33:35.638+0000] {dag.py:3047} INFO - Sync 1 DAGs
[2024-03-21T01:33:35.650+0000] {logging_mixin.py:188} INFO - [2024-03-21T01:33:35.649+0000] {dag.py:3834} INFO - Setting next_dagrun for example_python_operator to None, run_after=None
[2024-03-21T01:33:35.675+0000] {processor.py:183} INFO - Processing /home/airflow/.local/lib/python3.8/site-packages/airflow/example_dags/example_python_operator.py took 0.076 seconds
[2024-03-21T01:34:06.517+0000] {processor.py:161} INFO - Started process (PID=2288) to work on /home/airflow/.local/lib/python3.8/site-packages/airflow/example_dags/example_python_operator.py
[2024-03-21T01:34:06.531+0000] {processor.py:830} INFO - Processing file /home/airflow/.local/lib/python3.8/site-packages/airflow/example_dags/example_python_operator.py for tasks to queue
[2024-03-21T01:34:06.539+0000] {logging_mixin.py:188} INFO - [2024-03-21T01:34:06.537+0000] {dagbag.py:540} INFO - Filling up the DagBag from /home/airflow/.local/lib/python3.8/site-packages/airflow/example_dags/example_python_operator.py
[2024-03-21T01:34:06.624+0000] {processor.py:840} INFO - DAG(s) 'example_python_operator' retrieved from /home/airflow/.local/lib/python3.8/site-packages/airflow/example_dags/example_python_operator.py
[2024-03-21T01:34:06.725+0000] {logging_mixin.py:188} INFO - [2024-03-21T01:34:06.724+0000] {dag.py:3047} INFO - Sync 1 DAGs
[2024-03-21T01:34:06.783+0000] {logging_mixin.py:188} INFO - [2024-03-21T01:34:06.782+0000] {dag.py:3834} INFO - Setting next_dagrun for example_python_operator to None, run_after=None
[2024-03-21T01:34:06.858+0000] {processor.py:183} INFO - Processing /home/airflow/.local/lib/python3.8/site-packages/airflow/example_dags/example_python_operator.py took 0.361 seconds
[2024-03-21T01:34:36.968+0000] {processor.py:161} INFO - Started process (PID=2343) to work on /home/airflow/.local/lib/python3.8/site-packages/airflow/example_dags/example_python_operator.py
[2024-03-21T01:34:36.970+0000] {processor.py:830} INFO - Processing file /home/airflow/.local/lib/python3.8/site-packages/airflow/example_dags/example_python_operator.py for tasks to queue
[2024-03-21T01:34:36.972+0000] {logging_mixin.py:188} INFO - [2024-03-21T01:34:36.972+0000] {dagbag.py:540} INFO - Filling up the DagBag from /home/airflow/.local/lib/python3.8/site-packages/airflow/example_dags/example_python_operator.py
[2024-03-21T01:34:36.985+0000] {processor.py:840} INFO - DAG(s) 'example_python_operator' retrieved from /home/airflow/.local/lib/python3.8/site-packages/airflow/example_dags/example_python_operator.py
[2024-03-21T01:34:37.015+0000] {logging_mixin.py:188} INFO - [2024-03-21T01:34:37.015+0000] {dag.py:3047} INFO - Sync 1 DAGs
[2024-03-21T01:34:37.032+0000] {logging_mixin.py:188} INFO - [2024-03-21T01:34:37.032+0000] {dag.py:3834} INFO - Setting next_dagrun for example_python_operator to None, run_after=None
[2024-03-21T01:34:37.059+0000] {processor.py:183} INFO - Processing /home/airflow/.local/lib/python3.8/site-packages/airflow/example_dags/example_python_operator.py took 0.095 seconds
[2024-03-21T01:35:07.610+0000] {processor.py:161} INFO - Started process (PID=2398) to work on /home/airflow/.local/lib/python3.8/site-packages/airflow/example_dags/example_python_operator.py
[2024-03-21T01:35:07.613+0000] {processor.py:830} INFO - Processing file /home/airflow/.local/lib/python3.8/site-packages/airflow/example_dags/example_python_operator.py for tasks to queue
[2024-03-21T01:35:07.616+0000] {logging_mixin.py:188} INFO - [2024-03-21T01:35:07.616+0000] {dagbag.py:540} INFO - Filling up the DagBag from /home/airflow/.local/lib/python3.8/site-packages/airflow/example_dags/example_python_operator.py
[2024-03-21T01:35:07.629+0000] {processor.py:840} INFO - DAG(s) 'example_python_operator' retrieved from /home/airflow/.local/lib/python3.8/site-packages/airflow/example_dags/example_python_operator.py
[2024-03-21T01:35:07.665+0000] {logging_mixin.py:188} INFO - [2024-03-21T01:35:07.665+0000] {dag.py:3047} INFO - Sync 1 DAGs
[2024-03-21T01:35:07.690+0000] {logging_mixin.py:188} INFO - [2024-03-21T01:35:07.690+0000] {dag.py:3834} INFO - Setting next_dagrun for example_python_operator to None, run_after=None
[2024-03-21T01:35:07.718+0000] {processor.py:183} INFO - Processing /home/airflow/.local/lib/python3.8/site-packages/airflow/example_dags/example_python_operator.py took 0.117 seconds
[2024-03-21T01:35:38.697+0000] {processor.py:161} INFO - Started process (PID=2453) to work on /home/airflow/.local/lib/python3.8/site-packages/airflow/example_dags/example_python_operator.py
[2024-03-21T01:35:38.699+0000] {processor.py:830} INFO - Processing file /home/airflow/.local/lib/python3.8/site-packages/airflow/example_dags/example_python_operator.py for tasks to queue
[2024-03-21T01:35:38.702+0000] {logging_mixin.py:188} INFO - [2024-03-21T01:35:38.702+0000] {dagbag.py:540} INFO - Filling up the DagBag from /home/airflow/.local/lib/python3.8/site-packages/airflow/example_dags/example_python_operator.py
[2024-03-21T01:35:38.720+0000] {processor.py:840} INFO - DAG(s) 'example_python_operator' retrieved from /home/airflow/.local/lib/python3.8/site-packages/airflow/example_dags/example_python_operator.py
[2024-03-21T01:35:38.754+0000] {logging_mixin.py:188} INFO - [2024-03-21T01:35:38.753+0000] {dag.py:3047} INFO - Sync 1 DAGs
[2024-03-21T01:35:38.780+0000] {logging_mixin.py:188} INFO - [2024-03-21T01:35:38.780+0000] {dag.py:3834} INFO - Setting next_dagrun for example_python_operator to None, run_after=None
[2024-03-21T01:35:38.805+0000] {processor.py:183} INFO - Processing /home/airflow/.local/lib/python3.8/site-packages/airflow/example_dags/example_python_operator.py took 0.113 seconds
[2024-03-21T01:36:08.887+0000] {processor.py:161} INFO - Started process (PID=2509) to work on /home/airflow/.local/lib/python3.8/site-packages/airflow/example_dags/example_python_operator.py
[2024-03-21T01:36:08.889+0000] {processor.py:830} INFO - Processing file /home/airflow/.local/lib/python3.8/site-packages/airflow/example_dags/example_python_operator.py for tasks to queue
[2024-03-21T01:36:08.891+0000] {logging_mixin.py:188} INFO - [2024-03-21T01:36:08.890+0000] {dagbag.py:540} INFO - Filling up the DagBag from /home/airflow/.local/lib/python3.8/site-packages/airflow/example_dags/example_python_operator.py
[2024-03-21T01:36:08.903+0000] {processor.py:840} INFO - DAG(s) 'example_python_operator' retrieved from /home/airflow/.local/lib/python3.8/site-packages/airflow/example_dags/example_python_operator.py
[2024-03-21T01:36:08.934+0000] {logging_mixin.py:188} INFO - [2024-03-21T01:36:08.934+0000] {dag.py:3047} INFO - Sync 1 DAGs
[2024-03-21T01:36:08.954+0000] {logging_mixin.py:188} INFO - [2024-03-21T01:36:08.954+0000] {dag.py:3834} INFO - Setting next_dagrun for example_python_operator to None, run_after=None
[2024-03-21T01:36:08.985+0000] {processor.py:183} INFO - Processing /home/airflow/.local/lib/python3.8/site-packages/airflow/example_dags/example_python_operator.py took 0.101 seconds
[2024-03-21T01:36:39.051+0000] {processor.py:161} INFO - Started process (PID=2563) to work on /home/airflow/.local/lib/python3.8/site-packages/airflow/example_dags/example_python_operator.py
[2024-03-21T01:36:39.052+0000] {processor.py:830} INFO - Processing file /home/airflow/.local/lib/python3.8/site-packages/airflow/example_dags/example_python_operator.py for tasks to queue
[2024-03-21T01:36:39.055+0000] {logging_mixin.py:188} INFO - [2024-03-21T01:36:39.054+0000] {dagbag.py:540} INFO - Filling up the DagBag from /home/airflow/.local/lib/python3.8/site-packages/airflow/example_dags/example_python_operator.py
[2024-03-21T01:36:39.069+0000] {processor.py:840} INFO - DAG(s) 'example_python_operator' retrieved from /home/airflow/.local/lib/python3.8/site-packages/airflow/example_dags/example_python_operator.py
[2024-03-21T01:36:39.112+0000] {logging_mixin.py:188} INFO - [2024-03-21T01:36:39.111+0000] {dag.py:3047} INFO - Sync 1 DAGs
[2024-03-21T01:36:39.130+0000] {logging_mixin.py:188} INFO - [2024-03-21T01:36:39.129+0000] {dag.py:3834} INFO - Setting next_dagrun for example_python_operator to None, run_after=None
[2024-03-21T01:36:39.159+0000] {processor.py:183} INFO - Processing /home/airflow/.local/lib/python3.8/site-packages/airflow/example_dags/example_python_operator.py took 0.114 seconds
[2024-03-21T01:37:10.001+0000] {processor.py:161} INFO - Started process (PID=2617) to work on /home/airflow/.local/lib/python3.8/site-packages/airflow/example_dags/example_python_operator.py
[2024-03-21T01:37:10.003+0000] {processor.py:830} INFO - Processing file /home/airflow/.local/lib/python3.8/site-packages/airflow/example_dags/example_python_operator.py for tasks to queue
[2024-03-21T01:37:10.007+0000] {logging_mixin.py:188} INFO - [2024-03-21T01:37:10.006+0000] {dagbag.py:540} INFO - Filling up the DagBag from /home/airflow/.local/lib/python3.8/site-packages/airflow/example_dags/example_python_operator.py
[2024-03-21T01:37:10.025+0000] {processor.py:840} INFO - DAG(s) 'example_python_operator' retrieved from /home/airflow/.local/lib/python3.8/site-packages/airflow/example_dags/example_python_operator.py
[2024-03-21T01:37:10.063+0000] {logging_mixin.py:188} INFO - [2024-03-21T01:37:10.062+0000] {dag.py:3047} INFO - Sync 1 DAGs
[2024-03-21T01:37:10.084+0000] {logging_mixin.py:188} INFO - [2024-03-21T01:37:10.084+0000] {dag.py:3834} INFO - Setting next_dagrun for example_python_operator to None, run_after=None
[2024-03-21T01:37:10.113+0000] {processor.py:183} INFO - Processing /home/airflow/.local/lib/python3.8/site-packages/airflow/example_dags/example_python_operator.py took 0.117 seconds
[2024-03-21T01:37:40.215+0000] {processor.py:161} INFO - Started process (PID=2672) to work on /home/airflow/.local/lib/python3.8/site-packages/airflow/example_dags/example_python_operator.py
[2024-03-21T01:37:40.216+0000] {processor.py:830} INFO - Processing file /home/airflow/.local/lib/python3.8/site-packages/airflow/example_dags/example_python_operator.py for tasks to queue
[2024-03-21T01:37:40.218+0000] {logging_mixin.py:188} INFO - [2024-03-21T01:37:40.217+0000] {dagbag.py:540} INFO - Filling up the DagBag from /home/airflow/.local/lib/python3.8/site-packages/airflow/example_dags/example_python_operator.py
[2024-03-21T01:37:40.230+0000] {processor.py:840} INFO - DAG(s) 'example_python_operator' retrieved from /home/airflow/.local/lib/python3.8/site-packages/airflow/example_dags/example_python_operator.py
[2024-03-21T01:37:40.252+0000] {logging_mixin.py:188} INFO - [2024-03-21T01:37:40.252+0000] {dag.py:3047} INFO - Sync 1 DAGs
[2024-03-21T01:37:40.264+0000] {logging_mixin.py:188} INFO - [2024-03-21T01:37:40.264+0000] {dag.py:3834} INFO - Setting next_dagrun for example_python_operator to None, run_after=None
[2024-03-21T01:37:40.288+0000] {processor.py:183} INFO - Processing /home/airflow/.local/lib/python3.8/site-packages/airflow/example_dags/example_python_operator.py took 0.076 seconds
[2024-03-21T01:38:10.698+0000] {processor.py:161} INFO - Started process (PID=2727) to work on /home/airflow/.local/lib/python3.8/site-packages/airflow/example_dags/example_python_operator.py
[2024-03-21T01:38:10.699+0000] {processor.py:830} INFO - Processing file /home/airflow/.local/lib/python3.8/site-packages/airflow/example_dags/example_python_operator.py for tasks to queue
[2024-03-21T01:38:10.701+0000] {logging_mixin.py:188} INFO - [2024-03-21T01:38:10.701+0000] {dagbag.py:540} INFO - Filling up the DagBag from /home/airflow/.local/lib/python3.8/site-packages/airflow/example_dags/example_python_operator.py
[2024-03-21T01:38:10.712+0000] {processor.py:840} INFO - DAG(s) 'example_python_operator' retrieved from /home/airflow/.local/lib/python3.8/site-packages/airflow/example_dags/example_python_operator.py
[2024-03-21T01:38:10.735+0000] {logging_mixin.py:188} INFO - [2024-03-21T01:38:10.735+0000] {dag.py:3047} INFO - Sync 1 DAGs
[2024-03-21T01:38:10.747+0000] {logging_mixin.py:188} INFO - [2024-03-21T01:38:10.746+0000] {dag.py:3834} INFO - Setting next_dagrun for example_python_operator to None, run_after=None
[2024-03-21T01:38:10.769+0000] {processor.py:183} INFO - Processing /home/airflow/.local/lib/python3.8/site-packages/airflow/example_dags/example_python_operator.py took 0.074 seconds
[2024-03-21T01:38:40.932+0000] {processor.py:161} INFO - Started process (PID=2782) to work on /home/airflow/.local/lib/python3.8/site-packages/airflow/example_dags/example_python_operator.py
[2024-03-21T01:38:40.934+0000] {processor.py:830} INFO - Processing file /home/airflow/.local/lib/python3.8/site-packages/airflow/example_dags/example_python_operator.py for tasks to queue
[2024-03-21T01:38:40.936+0000] {logging_mixin.py:188} INFO - [2024-03-21T01:38:40.935+0000] {dagbag.py:540} INFO - Filling up the DagBag from /home/airflow/.local/lib/python3.8/site-packages/airflow/example_dags/example_python_operator.py
[2024-03-21T01:38:40.946+0000] {processor.py:840} INFO - DAG(s) 'example_python_operator' retrieved from /home/airflow/.local/lib/python3.8/site-packages/airflow/example_dags/example_python_operator.py
[2024-03-21T01:38:40.976+0000] {logging_mixin.py:188} INFO - [2024-03-21T01:38:40.976+0000] {dag.py:3047} INFO - Sync 1 DAGs
[2024-03-21T01:38:40.989+0000] {logging_mixin.py:188} INFO - [2024-03-21T01:38:40.989+0000] {dag.py:3834} INFO - Setting next_dagrun for example_python_operator to None, run_after=None
[2024-03-21T01:38:41.010+0000] {processor.py:183} INFO - Processing /home/airflow/.local/lib/python3.8/site-packages/airflow/example_dags/example_python_operator.py took 0.082 seconds
[2024-03-21T01:39:11.425+0000] {processor.py:161} INFO - Started process (PID=2837) to work on /home/airflow/.local/lib/python3.8/site-packages/airflow/example_dags/example_python_operator.py
[2024-03-21T01:39:11.427+0000] {processor.py:830} INFO - Processing file /home/airflow/.local/lib/python3.8/site-packages/airflow/example_dags/example_python_operator.py for tasks to queue
[2024-03-21T01:39:11.429+0000] {logging_mixin.py:188} INFO - [2024-03-21T01:39:11.429+0000] {dagbag.py:540} INFO - Filling up the DagBag from /home/airflow/.local/lib/python3.8/site-packages/airflow/example_dags/example_python_operator.py
[2024-03-21T01:39:11.443+0000] {processor.py:840} INFO - DAG(s) 'example_python_operator' retrieved from /home/airflow/.local/lib/python3.8/site-packages/airflow/example_dags/example_python_operator.py
[2024-03-21T01:39:11.471+0000] {logging_mixin.py:188} INFO - [2024-03-21T01:39:11.471+0000] {dag.py:3047} INFO - Sync 1 DAGs
[2024-03-21T01:39:11.486+0000] {logging_mixin.py:188} INFO - [2024-03-21T01:39:11.486+0000] {dag.py:3834} INFO - Setting next_dagrun for example_python_operator to None, run_after=None
[2024-03-21T01:39:11.514+0000] {processor.py:183} INFO - Processing /home/airflow/.local/lib/python3.8/site-packages/airflow/example_dags/example_python_operator.py took 0.092 seconds
[2024-03-21T01:39:41.709+0000] {processor.py:161} INFO - Started process (PID=2892) to work on /home/airflow/.local/lib/python3.8/site-packages/airflow/example_dags/example_python_operator.py
[2024-03-21T01:39:41.710+0000] {processor.py:830} INFO - Processing file /home/airflow/.local/lib/python3.8/site-packages/airflow/example_dags/example_python_operator.py for tasks to queue
[2024-03-21T01:39:41.712+0000] {logging_mixin.py:188} INFO - [2024-03-21T01:39:41.712+0000] {dagbag.py:540} INFO - Filling up the DagBag from /home/airflow/.local/lib/python3.8/site-packages/airflow/example_dags/example_python_operator.py
[2024-03-21T01:39:41.722+0000] {processor.py:840} INFO - DAG(s) 'example_python_operator' retrieved from /home/airflow/.local/lib/python3.8/site-packages/airflow/example_dags/example_python_operator.py
[2024-03-21T01:39:41.745+0000] {logging_mixin.py:188} INFO - [2024-03-21T01:39:41.745+0000] {dag.py:3047} INFO - Sync 1 DAGs
[2024-03-21T01:39:41.757+0000] {logging_mixin.py:188} INFO - [2024-03-21T01:39:41.757+0000] {dag.py:3834} INFO - Setting next_dagrun for example_python_operator to None, run_after=None
[2024-03-21T01:39:41.784+0000] {processor.py:183} INFO - Processing /home/airflow/.local/lib/python3.8/site-packages/airflow/example_dags/example_python_operator.py took 0.077 seconds
