[2024-03-21T00:09:26.655+0000] {processor.py:161} INFO - Started process (PID=41) to work on /home/airflow/.local/lib/python3.8/site-packages/airflow/example_dags/example_branch_operator.py
[2024-03-21T00:09:26.656+0000] {processor.py:830} INFO - Processing file /home/airflow/.local/lib/python3.8/site-packages/airflow/example_dags/example_branch_operator.py for tasks to queue
[2024-03-21T00:09:26.666+0000] {logging_mixin.py:188} INFO - [2024-03-21T00:09:26.665+0000] {dagbag.py:540} INFO - Filling up the DagBag from /home/airflow/.local/lib/python3.8/site-packages/airflow/example_dags/example_branch_operator.py
[2024-03-21T00:09:26.821+0000] {processor.py:840} INFO - DAG(s) 'example_branch_operator' retrieved from /home/airflow/.local/lib/python3.8/site-packages/airflow/example_dags/example_branch_operator.py
[2024-03-21T00:09:26.904+0000] {logging_mixin.py:188} INFO - [2024-03-21T00:09:26.904+0000] {dag.py:3047} INFO - Sync 1 DAGs
[2024-03-21T00:09:26.986+0000] {logging_mixin.py:188} INFO - [2024-03-21T00:09:26.985+0000] {dag.py:3834} INFO - Setting next_dagrun for example_branch_operator to 2024-03-20 00:00:00+00:00, run_after=2024-03-21 00:00:00+00:00
[2024-03-21T00:09:27.055+0000] {processor.py:183} INFO - Processing /home/airflow/.local/lib/python3.8/site-packages/airflow/example_dags/example_branch_operator.py took 0.437 seconds
[2024-03-21T00:09:57.437+0000] {processor.py:161} INFO - Started process (PID=96) to work on /home/airflow/.local/lib/python3.8/site-packages/airflow/example_dags/example_branch_operator.py
[2024-03-21T00:09:57.438+0000] {processor.py:830} INFO - Processing file /home/airflow/.local/lib/python3.8/site-packages/airflow/example_dags/example_branch_operator.py for tasks to queue
[2024-03-21T00:09:57.440+0000] {logging_mixin.py:188} INFO - [2024-03-21T00:09:57.439+0000] {dagbag.py:540} INFO - Filling up the DagBag from /home/airflow/.local/lib/python3.8/site-packages/airflow/example_dags/example_branch_operator.py
[2024-03-21T00:09:57.461+0000] {processor.py:840} INFO - DAG(s) 'example_branch_operator' retrieved from /home/airflow/.local/lib/python3.8/site-packages/airflow/example_dags/example_branch_operator.py
[2024-03-21T00:09:57.670+0000] {logging_mixin.py:188} INFO - [2024-03-21T00:09:57.669+0000] {dag.py:3047} INFO - Sync 1 DAGs
[2024-03-21T00:09:57.723+0000] {logging_mixin.py:188} INFO - [2024-03-21T00:09:57.723+0000] {dag.py:3834} INFO - Setting next_dagrun for example_branch_operator to 2024-03-20 00:00:00+00:00, run_after=2024-03-21 00:00:00+00:00
[2024-03-21T00:09:57.763+0000] {processor.py:183} INFO - Processing /home/airflow/.local/lib/python3.8/site-packages/airflow/example_dags/example_branch_operator.py took 0.332 seconds
[2024-03-21T00:10:28.595+0000] {processor.py:161} INFO - Started process (PID=151) to work on /home/airflow/.local/lib/python3.8/site-packages/airflow/example_dags/example_branch_operator.py
[2024-03-21T00:10:28.598+0000] {processor.py:830} INFO - Processing file /home/airflow/.local/lib/python3.8/site-packages/airflow/example_dags/example_branch_operator.py for tasks to queue
[2024-03-21T00:10:28.609+0000] {logging_mixin.py:188} INFO - [2024-03-21T00:10:28.608+0000] {dagbag.py:540} INFO - Filling up the DagBag from /home/airflow/.local/lib/python3.8/site-packages/airflow/example_dags/example_branch_operator.py
[2024-03-21T00:10:28.644+0000] {processor.py:840} INFO - DAG(s) 'example_branch_operator' retrieved from /home/airflow/.local/lib/python3.8/site-packages/airflow/example_dags/example_branch_operator.py
[2024-03-21T00:10:28.693+0000] {logging_mixin.py:188} INFO - [2024-03-21T00:10:28.693+0000] {dag.py:3047} INFO - Sync 1 DAGs
[2024-03-21T00:10:28.737+0000] {logging_mixin.py:188} INFO - [2024-03-21T00:10:28.737+0000] {dag.py:3834} INFO - Setting next_dagrun for example_branch_operator to 2024-03-20 00:00:00+00:00, run_after=2024-03-21 00:00:00+00:00
[2024-03-21T00:10:28.772+0000] {processor.py:183} INFO - Processing /home/airflow/.local/lib/python3.8/site-packages/airflow/example_dags/example_branch_operator.py took 0.183 seconds
[2024-03-21T00:17:08.169+0000] {processor.py:161} INFO - Started process (PID=78) to work on /home/airflow/.local/lib/python3.8/site-packages/airflow/example_dags/example_branch_operator.py
[2024-03-21T00:17:08.171+0000] {processor.py:830} INFO - Processing file /home/airflow/.local/lib/python3.8/site-packages/airflow/example_dags/example_branch_operator.py for tasks to queue
[2024-03-21T00:17:08.175+0000] {logging_mixin.py:188} INFO - [2024-03-21T00:17:08.174+0000] {dagbag.py:540} INFO - Filling up the DagBag from /home/airflow/.local/lib/python3.8/site-packages/airflow/example_dags/example_branch_operator.py
[2024-03-21T00:17:08.216+0000] {processor.py:840} INFO - DAG(s) 'example_branch_operator' retrieved from /home/airflow/.local/lib/python3.8/site-packages/airflow/example_dags/example_branch_operator.py
[2024-03-21T00:17:08.490+0000] {logging_mixin.py:188} INFO - [2024-03-21T00:17:08.490+0000] {dag.py:3047} INFO - Sync 1 DAGs
[2024-03-21T00:17:08.542+0000] {logging_mixin.py:188} INFO - [2024-03-21T00:17:08.542+0000] {dag.py:3834} INFO - Setting next_dagrun for example_branch_operator to 2024-03-20 00:00:00+00:00, run_after=2024-03-21 00:00:00+00:00
[2024-03-21T00:17:08.581+0000] {processor.py:183} INFO - Processing /home/airflow/.local/lib/python3.8/site-packages/airflow/example_dags/example_branch_operator.py took 0.417 seconds
[2024-03-21T00:17:39.302+0000] {processor.py:161} INFO - Started process (PID=133) to work on /home/airflow/.local/lib/python3.8/site-packages/airflow/example_dags/example_branch_operator.py
[2024-03-21T00:17:39.305+0000] {processor.py:830} INFO - Processing file /home/airflow/.local/lib/python3.8/site-packages/airflow/example_dags/example_branch_operator.py for tasks to queue
[2024-03-21T00:17:39.307+0000] {logging_mixin.py:188} INFO - [2024-03-21T00:17:39.306+0000] {dagbag.py:540} INFO - Filling up the DagBag from /home/airflow/.local/lib/python3.8/site-packages/airflow/example_dags/example_branch_operator.py
[2024-03-21T00:17:39.326+0000] {processor.py:840} INFO - DAG(s) 'example_branch_operator' retrieved from /home/airflow/.local/lib/python3.8/site-packages/airflow/example_dags/example_branch_operator.py
[2024-03-21T00:17:39.358+0000] {logging_mixin.py:188} INFO - [2024-03-21T00:17:39.357+0000] {dag.py:3047} INFO - Sync 1 DAGs
[2024-03-21T00:17:39.383+0000] {logging_mixin.py:188} INFO - [2024-03-21T00:17:39.383+0000] {dag.py:3834} INFO - Setting next_dagrun for example_branch_operator to 2024-03-20 00:00:00+00:00, run_after=2024-03-21 00:00:00+00:00
[2024-03-21T00:17:39.410+0000] {processor.py:183} INFO - Processing /home/airflow/.local/lib/python3.8/site-packages/airflow/example_dags/example_branch_operator.py took 0.111 seconds
[2024-03-21T00:18:09.753+0000] {processor.py:161} INFO - Started process (PID=188) to work on /home/airflow/.local/lib/python3.8/site-packages/airflow/example_dags/example_branch_operator.py
[2024-03-21T00:18:09.754+0000] {processor.py:830} INFO - Processing file /home/airflow/.local/lib/python3.8/site-packages/airflow/example_dags/example_branch_operator.py for tasks to queue
[2024-03-21T00:18:09.757+0000] {logging_mixin.py:188} INFO - [2024-03-21T00:18:09.756+0000] {dagbag.py:540} INFO - Filling up the DagBag from /home/airflow/.local/lib/python3.8/site-packages/airflow/example_dags/example_branch_operator.py
[2024-03-21T00:18:09.778+0000] {processor.py:840} INFO - DAG(s) 'example_branch_operator' retrieved from /home/airflow/.local/lib/python3.8/site-packages/airflow/example_dags/example_branch_operator.py
[2024-03-21T00:18:09.813+0000] {logging_mixin.py:188} INFO - [2024-03-21T00:18:09.812+0000] {dag.py:3047} INFO - Sync 1 DAGs
[2024-03-21T00:18:09.842+0000] {logging_mixin.py:188} INFO - [2024-03-21T00:18:09.842+0000] {dag.py:3834} INFO - Setting next_dagrun for example_branch_operator to 2024-03-20 00:00:00+00:00, run_after=2024-03-21 00:00:00+00:00
[2024-03-21T00:18:09.867+0000] {processor.py:183} INFO - Processing /home/airflow/.local/lib/python3.8/site-packages/airflow/example_dags/example_branch_operator.py took 0.118 seconds
[2024-03-21T00:18:40.353+0000] {processor.py:161} INFO - Started process (PID=243) to work on /home/airflow/.local/lib/python3.8/site-packages/airflow/example_dags/example_branch_operator.py
[2024-03-21T00:18:40.356+0000] {processor.py:830} INFO - Processing file /home/airflow/.local/lib/python3.8/site-packages/airflow/example_dags/example_branch_operator.py for tasks to queue
[2024-03-21T00:18:40.359+0000] {logging_mixin.py:188} INFO - [2024-03-21T00:18:40.359+0000] {dagbag.py:540} INFO - Filling up the DagBag from /home/airflow/.local/lib/python3.8/site-packages/airflow/example_dags/example_branch_operator.py
[2024-03-21T00:18:40.406+0000] {processor.py:840} INFO - DAG(s) 'example_branch_operator' retrieved from /home/airflow/.local/lib/python3.8/site-packages/airflow/example_dags/example_branch_operator.py
[2024-03-21T00:18:40.475+0000] {logging_mixin.py:188} INFO - [2024-03-21T00:18:40.475+0000] {dag.py:3047} INFO - Sync 1 DAGs
[2024-03-21T00:18:40.534+0000] {logging_mixin.py:188} INFO - [2024-03-21T00:18:40.534+0000] {dag.py:3834} INFO - Setting next_dagrun for example_branch_operator to 2024-03-20 00:00:00+00:00, run_after=2024-03-21 00:00:00+00:00
[2024-03-21T00:18:40.571+0000] {processor.py:183} INFO - Processing /home/airflow/.local/lib/python3.8/site-packages/airflow/example_dags/example_branch_operator.py took 0.227 seconds
[2024-03-21T00:19:10.912+0000] {processor.py:161} INFO - Started process (PID=298) to work on /home/airflow/.local/lib/python3.8/site-packages/airflow/example_dags/example_branch_operator.py
[2024-03-21T00:19:10.915+0000] {processor.py:830} INFO - Processing file /home/airflow/.local/lib/python3.8/site-packages/airflow/example_dags/example_branch_operator.py for tasks to queue
[2024-03-21T00:19:10.917+0000] {logging_mixin.py:188} INFO - [2024-03-21T00:19:10.917+0000] {dagbag.py:540} INFO - Filling up the DagBag from /home/airflow/.local/lib/python3.8/site-packages/airflow/example_dags/example_branch_operator.py
[2024-03-21T00:19:10.943+0000] {processor.py:840} INFO - DAG(s) 'example_branch_operator' retrieved from /home/airflow/.local/lib/python3.8/site-packages/airflow/example_dags/example_branch_operator.py
[2024-03-21T00:19:10.975+0000] {logging_mixin.py:188} INFO - [2024-03-21T00:19:10.974+0000] {dag.py:3047} INFO - Sync 1 DAGs
[2024-03-21T00:19:10.999+0000] {logging_mixin.py:188} INFO - [2024-03-21T00:19:10.999+0000] {dag.py:3834} INFO - Setting next_dagrun for example_branch_operator to 2024-03-20 00:00:00+00:00, run_after=2024-03-21 00:00:00+00:00
[2024-03-21T00:19:11.023+0000] {processor.py:183} INFO - Processing /home/airflow/.local/lib/python3.8/site-packages/airflow/example_dags/example_branch_operator.py took 0.116 seconds
[2024-03-21T00:19:41.377+0000] {processor.py:161} INFO - Started process (PID=353) to work on /home/airflow/.local/lib/python3.8/site-packages/airflow/example_dags/example_branch_operator.py
[2024-03-21T00:19:41.379+0000] {processor.py:830} INFO - Processing file /home/airflow/.local/lib/python3.8/site-packages/airflow/example_dags/example_branch_operator.py for tasks to queue
[2024-03-21T00:19:41.381+0000] {logging_mixin.py:188} INFO - [2024-03-21T00:19:41.380+0000] {dagbag.py:540} INFO - Filling up the DagBag from /home/airflow/.local/lib/python3.8/site-packages/airflow/example_dags/example_branch_operator.py
[2024-03-21T00:19:41.400+0000] {processor.py:840} INFO - DAG(s) 'example_branch_operator' retrieved from /home/airflow/.local/lib/python3.8/site-packages/airflow/example_dags/example_branch_operator.py
[2024-03-21T00:19:41.430+0000] {logging_mixin.py:188} INFO - [2024-03-21T00:19:41.430+0000] {dag.py:3047} INFO - Sync 1 DAGs
[2024-03-21T00:19:41.456+0000] {logging_mixin.py:188} INFO - [2024-03-21T00:19:41.456+0000] {dag.py:3834} INFO - Setting next_dagrun for example_branch_operator to 2024-03-20 00:00:00+00:00, run_after=2024-03-21 00:00:00+00:00
[2024-03-21T00:19:41.479+0000] {processor.py:183} INFO - Processing /home/airflow/.local/lib/python3.8/site-packages/airflow/example_dags/example_branch_operator.py took 0.105 seconds
[2024-03-21T00:20:11.689+0000] {processor.py:161} INFO - Started process (PID=408) to work on /home/airflow/.local/lib/python3.8/site-packages/airflow/example_dags/example_branch_operator.py
[2024-03-21T00:20:11.691+0000] {processor.py:830} INFO - Processing file /home/airflow/.local/lib/python3.8/site-packages/airflow/example_dags/example_branch_operator.py for tasks to queue
[2024-03-21T00:20:11.694+0000] {logging_mixin.py:188} INFO - [2024-03-21T00:20:11.693+0000] {dagbag.py:540} INFO - Filling up the DagBag from /home/airflow/.local/lib/python3.8/site-packages/airflow/example_dags/example_branch_operator.py
[2024-03-21T00:20:11.715+0000] {processor.py:840} INFO - DAG(s) 'example_branch_operator' retrieved from /home/airflow/.local/lib/python3.8/site-packages/airflow/example_dags/example_branch_operator.py
[2024-03-21T00:20:11.747+0000] {logging_mixin.py:188} INFO - [2024-03-21T00:20:11.746+0000] {dag.py:3047} INFO - Sync 1 DAGs
[2024-03-21T00:20:11.771+0000] {logging_mixin.py:188} INFO - [2024-03-21T00:20:11.771+0000] {dag.py:3834} INFO - Setting next_dagrun for example_branch_operator to 2024-03-20 00:00:00+00:00, run_after=2024-03-21 00:00:00+00:00
[2024-03-21T00:20:11.796+0000] {processor.py:183} INFO - Processing /home/airflow/.local/lib/python3.8/site-packages/airflow/example_dags/example_branch_operator.py took 0.110 seconds
[2024-03-21T00:20:41.991+0000] {processor.py:161} INFO - Started process (PID=463) to work on /home/airflow/.local/lib/python3.8/site-packages/airflow/example_dags/example_branch_operator.py
[2024-03-21T00:20:41.993+0000] {processor.py:830} INFO - Processing file /home/airflow/.local/lib/python3.8/site-packages/airflow/example_dags/example_branch_operator.py for tasks to queue
[2024-03-21T00:20:41.995+0000] {logging_mixin.py:188} INFO - [2024-03-21T00:20:41.994+0000] {dagbag.py:540} INFO - Filling up the DagBag from /home/airflow/.local/lib/python3.8/site-packages/airflow/example_dags/example_branch_operator.py
[2024-03-21T00:20:42.014+0000] {processor.py:840} INFO - DAG(s) 'example_branch_operator' retrieved from /home/airflow/.local/lib/python3.8/site-packages/airflow/example_dags/example_branch_operator.py
[2024-03-21T00:20:42.049+0000] {logging_mixin.py:188} INFO - [2024-03-21T00:20:42.048+0000] {dag.py:3047} INFO - Sync 1 DAGs
[2024-03-21T00:20:42.078+0000] {logging_mixin.py:188} INFO - [2024-03-21T00:20:42.078+0000] {dag.py:3834} INFO - Setting next_dagrun for example_branch_operator to 2024-03-20 00:00:00+00:00, run_after=2024-03-21 00:00:00+00:00
[2024-03-21T00:20:42.103+0000] {processor.py:183} INFO - Processing /home/airflow/.local/lib/python3.8/site-packages/airflow/example_dags/example_branch_operator.py took 0.115 seconds
[2024-03-21T00:21:12.336+0000] {processor.py:161} INFO - Started process (PID=518) to work on /home/airflow/.local/lib/python3.8/site-packages/airflow/example_dags/example_branch_operator.py
[2024-03-21T00:21:12.339+0000] {processor.py:830} INFO - Processing file /home/airflow/.local/lib/python3.8/site-packages/airflow/example_dags/example_branch_operator.py for tasks to queue
[2024-03-21T00:21:12.340+0000] {logging_mixin.py:188} INFO - [2024-03-21T00:21:12.340+0000] {dagbag.py:540} INFO - Filling up the DagBag from /home/airflow/.local/lib/python3.8/site-packages/airflow/example_dags/example_branch_operator.py
[2024-03-21T00:21:12.358+0000] {processor.py:840} INFO - DAG(s) 'example_branch_operator' retrieved from /home/airflow/.local/lib/python3.8/site-packages/airflow/example_dags/example_branch_operator.py
[2024-03-21T00:21:12.390+0000] {logging_mixin.py:188} INFO - [2024-03-21T00:21:12.390+0000] {dag.py:3047} INFO - Sync 1 DAGs
[2024-03-21T00:21:12.440+0000] {logging_mixin.py:188} INFO - [2024-03-21T00:21:12.440+0000] {dag.py:3834} INFO - Setting next_dagrun for example_branch_operator to 2024-03-20 00:00:00+00:00, run_after=2024-03-21 00:00:00+00:00
[2024-03-21T00:21:12.469+0000] {processor.py:183} INFO - Processing /home/airflow/.local/lib/python3.8/site-packages/airflow/example_dags/example_branch_operator.py took 0.136 seconds
[2024-03-21T00:21:42.741+0000] {processor.py:161} INFO - Started process (PID=573) to work on /home/airflow/.local/lib/python3.8/site-packages/airflow/example_dags/example_branch_operator.py
[2024-03-21T00:21:42.743+0000] {processor.py:830} INFO - Processing file /home/airflow/.local/lib/python3.8/site-packages/airflow/example_dags/example_branch_operator.py for tasks to queue
[2024-03-21T00:21:42.747+0000] {logging_mixin.py:188} INFO - [2024-03-21T00:21:42.746+0000] {dagbag.py:540} INFO - Filling up the DagBag from /home/airflow/.local/lib/python3.8/site-packages/airflow/example_dags/example_branch_operator.py
[2024-03-21T00:21:42.778+0000] {processor.py:840} INFO - DAG(s) 'example_branch_operator' retrieved from /home/airflow/.local/lib/python3.8/site-packages/airflow/example_dags/example_branch_operator.py
[2024-03-21T00:21:42.825+0000] {logging_mixin.py:188} INFO - [2024-03-21T00:21:42.825+0000] {dag.py:3047} INFO - Sync 1 DAGs
[2024-03-21T00:21:42.858+0000] {logging_mixin.py:188} INFO - [2024-03-21T00:21:42.858+0000] {dag.py:3834} INFO - Setting next_dagrun for example_branch_operator to 2024-03-20 00:00:00+00:00, run_after=2024-03-21 00:00:00+00:00
[2024-03-21T00:21:42.893+0000] {processor.py:183} INFO - Processing /home/airflow/.local/lib/python3.8/site-packages/airflow/example_dags/example_branch_operator.py took 0.156 seconds
[2024-03-21T01:13:21.347+0000] {processor.py:161} INFO - Started process (PID=67) to work on /home/airflow/.local/lib/python3.8/site-packages/airflow/example_dags/example_branch_operator.py
[2024-03-21T01:13:21.349+0000] {processor.py:830} INFO - Processing file /home/airflow/.local/lib/python3.8/site-packages/airflow/example_dags/example_branch_operator.py for tasks to queue
[2024-03-21T01:13:21.351+0000] {logging_mixin.py:188} INFO - [2024-03-21T01:13:21.351+0000] {dagbag.py:540} INFO - Filling up the DagBag from /home/airflow/.local/lib/python3.8/site-packages/airflow/example_dags/example_branch_operator.py
[2024-03-21T01:13:21.383+0000] {processor.py:840} INFO - DAG(s) 'example_branch_operator' retrieved from /home/airflow/.local/lib/python3.8/site-packages/airflow/example_dags/example_branch_operator.py
[2024-03-21T01:13:21.586+0000] {logging_mixin.py:188} INFO - [2024-03-21T01:13:21.586+0000] {dag.py:3047} INFO - Sync 1 DAGs
[2024-03-21T01:13:21.621+0000] {logging_mixin.py:188} INFO - [2024-03-21T01:13:21.620+0000] {dag.py:3834} INFO - Setting next_dagrun for example_branch_operator to 2024-03-20 00:00:00+00:00, run_after=2024-03-21 00:00:00+00:00
[2024-03-21T01:13:21.652+0000] {processor.py:183} INFO - Processing /home/airflow/.local/lib/python3.8/site-packages/airflow/example_dags/example_branch_operator.py took 0.315 seconds
[2024-03-21T01:13:52.060+0000] {processor.py:161} INFO - Started process (PID=122) to work on /home/airflow/.local/lib/python3.8/site-packages/airflow/example_dags/example_branch_operator.py
[2024-03-21T01:13:52.061+0000] {processor.py:830} INFO - Processing file /home/airflow/.local/lib/python3.8/site-packages/airflow/example_dags/example_branch_operator.py for tasks to queue
[2024-03-21T01:13:52.063+0000] {logging_mixin.py:188} INFO - [2024-03-21T01:13:52.063+0000] {dagbag.py:540} INFO - Filling up the DagBag from /home/airflow/.local/lib/python3.8/site-packages/airflow/example_dags/example_branch_operator.py
[2024-03-21T01:13:52.080+0000] {processor.py:840} INFO - DAG(s) 'example_branch_operator' retrieved from /home/airflow/.local/lib/python3.8/site-packages/airflow/example_dags/example_branch_operator.py
[2024-03-21T01:13:52.110+0000] {logging_mixin.py:188} INFO - [2024-03-21T01:13:52.110+0000] {dag.py:3047} INFO - Sync 1 DAGs
[2024-03-21T01:13:52.133+0000] {logging_mixin.py:188} INFO - [2024-03-21T01:13:52.132+0000] {dag.py:3834} INFO - Setting next_dagrun for example_branch_operator to 2024-03-20 00:00:00+00:00, run_after=2024-03-21 00:00:00+00:00
[2024-03-21T01:13:52.153+0000] {processor.py:183} INFO - Processing /home/airflow/.local/lib/python3.8/site-packages/airflow/example_dags/example_branch_operator.py took 0.096 seconds
[2024-03-21T01:14:22.740+0000] {processor.py:161} INFO - Started process (PID=177) to work on /home/airflow/.local/lib/python3.8/site-packages/airflow/example_dags/example_branch_operator.py
[2024-03-21T01:14:22.742+0000] {processor.py:830} INFO - Processing file /home/airflow/.local/lib/python3.8/site-packages/airflow/example_dags/example_branch_operator.py for tasks to queue
[2024-03-21T01:14:22.745+0000] {logging_mixin.py:188} INFO - [2024-03-21T01:14:22.744+0000] {dagbag.py:540} INFO - Filling up the DagBag from /home/airflow/.local/lib/python3.8/site-packages/airflow/example_dags/example_branch_operator.py
[2024-03-21T01:14:22.784+0000] {processor.py:840} INFO - DAG(s) 'example_branch_operator' retrieved from /home/airflow/.local/lib/python3.8/site-packages/airflow/example_dags/example_branch_operator.py
[2024-03-21T01:14:22.851+0000] {logging_mixin.py:188} INFO - [2024-03-21T01:14:22.850+0000] {dag.py:3047} INFO - Sync 1 DAGs
[2024-03-21T01:14:22.887+0000] {logging_mixin.py:188} INFO - [2024-03-21T01:14:22.887+0000] {dag.py:3834} INFO - Setting next_dagrun for example_branch_operator to 2024-03-20 00:00:00+00:00, run_after=2024-03-21 00:00:00+00:00
[2024-03-21T01:14:22.914+0000] {processor.py:183} INFO - Processing /home/airflow/.local/lib/python3.8/site-packages/airflow/example_dags/example_branch_operator.py took 0.180 seconds
[2024-03-21T01:14:54.518+0000] {processor.py:161} INFO - Started process (PID=232) to work on /home/airflow/.local/lib/python3.8/site-packages/airflow/example_dags/example_branch_operator.py
[2024-03-21T01:14:54.530+0000] {processor.py:830} INFO - Processing file /home/airflow/.local/lib/python3.8/site-packages/airflow/example_dags/example_branch_operator.py for tasks to queue
[2024-03-21T01:14:54.536+0000] {logging_mixin.py:188} INFO - [2024-03-21T01:14:54.536+0000] {dagbag.py:540} INFO - Filling up the DagBag from /home/airflow/.local/lib/python3.8/site-packages/airflow/example_dags/example_branch_operator.py
[2024-03-21T01:14:54.635+0000] {processor.py:840} INFO - DAG(s) 'example_branch_operator' retrieved from /home/airflow/.local/lib/python3.8/site-packages/airflow/example_dags/example_branch_operator.py
[2024-03-21T01:14:54.760+0000] {logging_mixin.py:188} INFO - [2024-03-21T01:14:54.759+0000] {dag.py:3047} INFO - Sync 1 DAGs
[2024-03-21T01:14:54.843+0000] {logging_mixin.py:188} INFO - [2024-03-21T01:14:54.843+0000] {dag.py:3834} INFO - Setting next_dagrun for example_branch_operator to 2024-03-20 00:00:00+00:00, run_after=2024-03-21 00:00:00+00:00
[2024-03-21T01:14:54.908+0000] {processor.py:183} INFO - Processing /home/airflow/.local/lib/python3.8/site-packages/airflow/example_dags/example_branch_operator.py took 0.397 seconds
[2024-03-21T01:15:28.793+0000] {processor.py:161} INFO - Started process (PID=293) to work on /home/airflow/.local/lib/python3.8/site-packages/airflow/example_dags/example_branch_operator.py
[2024-03-21T01:15:28.795+0000] {processor.py:830} INFO - Processing file /home/airflow/.local/lib/python3.8/site-packages/airflow/example_dags/example_branch_operator.py for tasks to queue
[2024-03-21T01:15:28.797+0000] {logging_mixin.py:188} INFO - [2024-03-21T01:15:28.797+0000] {dagbag.py:540} INFO - Filling up the DagBag from /home/airflow/.local/lib/python3.8/site-packages/airflow/example_dags/example_branch_operator.py
[2024-03-21T01:15:28.828+0000] {processor.py:840} INFO - DAG(s) 'example_branch_operator' retrieved from /home/airflow/.local/lib/python3.8/site-packages/airflow/example_dags/example_branch_operator.py
[2024-03-21T01:15:28.883+0000] {logging_mixin.py:188} INFO - [2024-03-21T01:15:28.882+0000] {dag.py:3047} INFO - Sync 1 DAGs
[2024-03-21T01:15:28.925+0000] {logging_mixin.py:188} INFO - [2024-03-21T01:15:28.925+0000] {dag.py:3834} INFO - Setting next_dagrun for example_branch_operator to 2024-03-20 00:00:00+00:00, run_after=2024-03-21 00:00:00+00:00
[2024-03-21T01:15:28.960+0000] {processor.py:183} INFO - Processing /home/airflow/.local/lib/python3.8/site-packages/airflow/example_dags/example_branch_operator.py took 0.172 seconds
[2024-03-21T01:15:59.779+0000] {processor.py:161} INFO - Started process (PID=347) to work on /home/airflow/.local/lib/python3.8/site-packages/airflow/example_dags/example_branch_operator.py
[2024-03-21T01:15:59.780+0000] {processor.py:830} INFO - Processing file /home/airflow/.local/lib/python3.8/site-packages/airflow/example_dags/example_branch_operator.py for tasks to queue
[2024-03-21T01:15:59.782+0000] {logging_mixin.py:188} INFO - [2024-03-21T01:15:59.781+0000] {dagbag.py:540} INFO - Filling up the DagBag from /home/airflow/.local/lib/python3.8/site-packages/airflow/example_dags/example_branch_operator.py
[2024-03-21T01:15:59.798+0000] {processor.py:840} INFO - DAG(s) 'example_branch_operator' retrieved from /home/airflow/.local/lib/python3.8/site-packages/airflow/example_dags/example_branch_operator.py
[2024-03-21T01:15:59.810+0000] {logging_mixin.py:188} INFO - [2024-03-21T01:15:59.810+0000] {dag.py:3047} INFO - Sync 1 DAGs
[2024-03-21T01:15:59.833+0000] {logging_mixin.py:188} INFO - [2024-03-21T01:15:59.833+0000] {dag.py:3834} INFO - Setting next_dagrun for example_branch_operator to 2024-03-20 00:00:00+00:00, run_after=2024-03-21 00:00:00+00:00
[2024-03-21T01:15:59.856+0000] {processor.py:183} INFO - Processing /home/airflow/.local/lib/python3.8/site-packages/airflow/example_dags/example_branch_operator.py took 0.080 seconds
[2024-03-21T01:16:30.219+0000] {processor.py:161} INFO - Started process (PID=402) to work on /home/airflow/.local/lib/python3.8/site-packages/airflow/example_dags/example_branch_operator.py
[2024-03-21T01:16:30.221+0000] {processor.py:830} INFO - Processing file /home/airflow/.local/lib/python3.8/site-packages/airflow/example_dags/example_branch_operator.py for tasks to queue
[2024-03-21T01:16:30.224+0000] {logging_mixin.py:188} INFO - [2024-03-21T01:16:30.223+0000] {dagbag.py:540} INFO - Filling up the DagBag from /home/airflow/.local/lib/python3.8/site-packages/airflow/example_dags/example_branch_operator.py
[2024-03-21T01:16:30.260+0000] {processor.py:840} INFO - DAG(s) 'example_branch_operator' retrieved from /home/airflow/.local/lib/python3.8/site-packages/airflow/example_dags/example_branch_operator.py
[2024-03-21T01:16:30.482+0000] {logging_mixin.py:188} INFO - [2024-03-21T01:16:30.482+0000] {dag.py:3047} INFO - Sync 1 DAGs
[2024-03-21T01:16:30.518+0000] {logging_mixin.py:188} INFO - [2024-03-21T01:16:30.518+0000] {dag.py:3834} INFO - Setting next_dagrun for example_branch_operator to 2024-03-20 00:00:00+00:00, run_after=2024-03-21 00:00:00+00:00
[2024-03-21T01:16:30.555+0000] {processor.py:183} INFO - Processing /home/airflow/.local/lib/python3.8/site-packages/airflow/example_dags/example_branch_operator.py took 0.342 seconds
[2024-03-21T01:17:02.789+0000] {processor.py:161} INFO - Started process (PID=456) to work on /home/airflow/.local/lib/python3.8/site-packages/airflow/example_dags/example_branch_operator.py
[2024-03-21T01:17:02.791+0000] {processor.py:830} INFO - Processing file /home/airflow/.local/lib/python3.8/site-packages/airflow/example_dags/example_branch_operator.py for tasks to queue
[2024-03-21T01:17:02.794+0000] {logging_mixin.py:188} INFO - [2024-03-21T01:17:02.794+0000] {dagbag.py:540} INFO - Filling up the DagBag from /home/airflow/.local/lib/python3.8/site-packages/airflow/example_dags/example_branch_operator.py
[2024-03-21T01:17:02.834+0000] {processor.py:840} INFO - DAG(s) 'example_branch_operator' retrieved from /home/airflow/.local/lib/python3.8/site-packages/airflow/example_dags/example_branch_operator.py
[2024-03-21T01:17:02.896+0000] {logging_mixin.py:188} INFO - [2024-03-21T01:17:02.895+0000] {dag.py:3047} INFO - Sync 1 DAGs
[2024-03-21T01:17:02.982+0000] {logging_mixin.py:188} INFO - [2024-03-21T01:17:02.981+0000] {dag.py:3834} INFO - Setting next_dagrun for example_branch_operator to 2024-03-20 00:00:00+00:00, run_after=2024-03-21 00:00:00+00:00
[2024-03-21T01:17:03.059+0000] {processor.py:183} INFO - Processing /home/airflow/.local/lib/python3.8/site-packages/airflow/example_dags/example_branch_operator.py took 0.275 seconds
[2024-03-21T01:17:33.102+0000] {processor.py:161} INFO - Started process (PID=511) to work on /home/airflow/.local/lib/python3.8/site-packages/airflow/example_dags/example_branch_operator.py
[2024-03-21T01:17:33.103+0000] {processor.py:830} INFO - Processing file /home/airflow/.local/lib/python3.8/site-packages/airflow/example_dags/example_branch_operator.py for tasks to queue
[2024-03-21T01:17:33.105+0000] {logging_mixin.py:188} INFO - [2024-03-21T01:17:33.105+0000] {dagbag.py:540} INFO - Filling up the DagBag from /home/airflow/.local/lib/python3.8/site-packages/airflow/example_dags/example_branch_operator.py
[2024-03-21T01:17:33.125+0000] {processor.py:840} INFO - DAG(s) 'example_branch_operator' retrieved from /home/airflow/.local/lib/python3.8/site-packages/airflow/example_dags/example_branch_operator.py
[2024-03-21T01:17:33.159+0000] {logging_mixin.py:188} INFO - [2024-03-21T01:17:33.159+0000] {dag.py:3047} INFO - Sync 1 DAGs
[2024-03-21T01:17:33.186+0000] {logging_mixin.py:188} INFO - [2024-03-21T01:17:33.186+0000] {dag.py:3834} INFO - Setting next_dagrun for example_branch_operator to 2024-03-20 00:00:00+00:00, run_after=2024-03-21 00:00:00+00:00
[2024-03-21T01:17:33.211+0000] {processor.py:183} INFO - Processing /home/airflow/.local/lib/python3.8/site-packages/airflow/example_dags/example_branch_operator.py took 0.114 seconds
[2024-03-21T01:18:04.198+0000] {processor.py:161} INFO - Started process (PID=566) to work on /home/airflow/.local/lib/python3.8/site-packages/airflow/example_dags/example_branch_operator.py
[2024-03-21T01:18:04.199+0000] {processor.py:830} INFO - Processing file /home/airflow/.local/lib/python3.8/site-packages/airflow/example_dags/example_branch_operator.py for tasks to queue
[2024-03-21T01:18:04.202+0000] {logging_mixin.py:188} INFO - [2024-03-21T01:18:04.201+0000] {dagbag.py:540} INFO - Filling up the DagBag from /home/airflow/.local/lib/python3.8/site-packages/airflow/example_dags/example_branch_operator.py
[2024-03-21T01:18:04.234+0000] {processor.py:840} INFO - DAG(s) 'example_branch_operator' retrieved from /home/airflow/.local/lib/python3.8/site-packages/airflow/example_dags/example_branch_operator.py
[2024-03-21T01:18:04.294+0000] {logging_mixin.py:188} INFO - [2024-03-21T01:18:04.294+0000] {dag.py:3047} INFO - Sync 1 DAGs
[2024-03-21T01:18:04.356+0000] {logging_mixin.py:188} INFO - [2024-03-21T01:18:04.356+0000] {dag.py:3834} INFO - Setting next_dagrun for example_branch_operator to 2024-03-20 00:00:00+00:00, run_after=2024-03-21 00:00:00+00:00
[2024-03-21T01:18:04.399+0000] {processor.py:183} INFO - Processing /home/airflow/.local/lib/python3.8/site-packages/airflow/example_dags/example_branch_operator.py took 0.206 seconds
[2024-03-21T01:18:34.726+0000] {processor.py:161} INFO - Started process (PID=621) to work on /home/airflow/.local/lib/python3.8/site-packages/airflow/example_dags/example_branch_operator.py
[2024-03-21T01:18:34.727+0000] {processor.py:830} INFO - Processing file /home/airflow/.local/lib/python3.8/site-packages/airflow/example_dags/example_branch_operator.py for tasks to queue
[2024-03-21T01:18:34.729+0000] {logging_mixin.py:188} INFO - [2024-03-21T01:18:34.729+0000] {dagbag.py:540} INFO - Filling up the DagBag from /home/airflow/.local/lib/python3.8/site-packages/airflow/example_dags/example_branch_operator.py
[2024-03-21T01:18:34.751+0000] {processor.py:840} INFO - DAG(s) 'example_branch_operator' retrieved from /home/airflow/.local/lib/python3.8/site-packages/airflow/example_dags/example_branch_operator.py
[2024-03-21T01:18:34.785+0000] {logging_mixin.py:188} INFO - [2024-03-21T01:18:34.785+0000] {dag.py:3047} INFO - Sync 1 DAGs
[2024-03-21T01:18:34.813+0000] {logging_mixin.py:188} INFO - [2024-03-21T01:18:34.813+0000] {dag.py:3834} INFO - Setting next_dagrun for example_branch_operator to 2024-03-20 00:00:00+00:00, run_after=2024-03-21 00:00:00+00:00
[2024-03-21T01:18:34.844+0000] {processor.py:183} INFO - Processing /home/airflow/.local/lib/python3.8/site-packages/airflow/example_dags/example_branch_operator.py took 0.122 seconds
[2024-03-21T01:19:06.288+0000] {processor.py:161} INFO - Started process (PID=676) to work on /home/airflow/.local/lib/python3.8/site-packages/airflow/example_dags/example_branch_operator.py
[2024-03-21T01:19:06.296+0000] {processor.py:830} INFO - Processing file /home/airflow/.local/lib/python3.8/site-packages/airflow/example_dags/example_branch_operator.py for tasks to queue
[2024-03-21T01:19:06.312+0000] {logging_mixin.py:188} INFO - [2024-03-21T01:19:06.310+0000] {dagbag.py:540} INFO - Filling up the DagBag from /home/airflow/.local/lib/python3.8/site-packages/airflow/example_dags/example_branch_operator.py
[2024-03-21T01:19:06.384+0000] {processor.py:840} INFO - DAG(s) 'example_branch_operator' retrieved from /home/airflow/.local/lib/python3.8/site-packages/airflow/example_dags/example_branch_operator.py
[2024-03-21T01:19:06.483+0000] {logging_mixin.py:188} INFO - [2024-03-21T01:19:06.483+0000] {dag.py:3047} INFO - Sync 1 DAGs
[2024-03-21T01:19:06.538+0000] {logging_mixin.py:188} INFO - [2024-03-21T01:19:06.537+0000] {dag.py:3834} INFO - Setting next_dagrun for example_branch_operator to 2024-03-20 00:00:00+00:00, run_after=2024-03-21 00:00:00+00:00
[2024-03-21T01:19:06.580+0000] {processor.py:183} INFO - Processing /home/airflow/.local/lib/python3.8/site-packages/airflow/example_dags/example_branch_operator.py took 0.304 seconds
[2024-03-21T01:19:37.087+0000] {processor.py:161} INFO - Started process (PID=732) to work on /home/airflow/.local/lib/python3.8/site-packages/airflow/example_dags/example_branch_operator.py
[2024-03-21T01:19:37.089+0000] {processor.py:830} INFO - Processing file /home/airflow/.local/lib/python3.8/site-packages/airflow/example_dags/example_branch_operator.py for tasks to queue
[2024-03-21T01:19:37.092+0000] {logging_mixin.py:188} INFO - [2024-03-21T01:19:37.092+0000] {dagbag.py:540} INFO - Filling up the DagBag from /home/airflow/.local/lib/python3.8/site-packages/airflow/example_dags/example_branch_operator.py
[2024-03-21T01:19:37.135+0000] {processor.py:840} INFO - DAG(s) 'example_branch_operator' retrieved from /home/airflow/.local/lib/python3.8/site-packages/airflow/example_dags/example_branch_operator.py
[2024-03-21T01:19:37.199+0000] {logging_mixin.py:188} INFO - [2024-03-21T01:19:37.199+0000] {dag.py:3047} INFO - Sync 1 DAGs
[2024-03-21T01:19:37.252+0000] {logging_mixin.py:188} INFO - [2024-03-21T01:19:37.251+0000] {dag.py:3834} INFO - Setting next_dagrun for example_branch_operator to 2024-03-20 00:00:00+00:00, run_after=2024-03-21 00:00:00+00:00
[2024-03-21T01:19:37.288+0000] {processor.py:183} INFO - Processing /home/airflow/.local/lib/python3.8/site-packages/airflow/example_dags/example_branch_operator.py took 0.207 seconds
[2024-03-21T01:20:07.812+0000] {processor.py:161} INFO - Started process (PID=787) to work on /home/airflow/.local/lib/python3.8/site-packages/airflow/example_dags/example_branch_operator.py
[2024-03-21T01:20:07.815+0000] {processor.py:830} INFO - Processing file /home/airflow/.local/lib/python3.8/site-packages/airflow/example_dags/example_branch_operator.py for tasks to queue
[2024-03-21T01:20:07.820+0000] {logging_mixin.py:188} INFO - [2024-03-21T01:20:07.819+0000] {dagbag.py:540} INFO - Filling up the DagBag from /home/airflow/.local/lib/python3.8/site-packages/airflow/example_dags/example_branch_operator.py
[2024-03-21T01:20:07.871+0000] {processor.py:840} INFO - DAG(s) 'example_branch_operator' retrieved from /home/airflow/.local/lib/python3.8/site-packages/airflow/example_dags/example_branch_operator.py
[2024-03-21T01:20:07.969+0000] {logging_mixin.py:188} INFO - [2024-03-21T01:20:07.968+0000] {dag.py:3047} INFO - Sync 1 DAGs
[2024-03-21T01:20:08.066+0000] {logging_mixin.py:188} INFO - [2024-03-21T01:20:08.066+0000] {dag.py:3834} INFO - Setting next_dagrun for example_branch_operator to 2024-03-20 00:00:00+00:00, run_after=2024-03-21 00:00:00+00:00
[2024-03-21T01:20:08.106+0000] {processor.py:183} INFO - Processing /home/airflow/.local/lib/python3.8/site-packages/airflow/example_dags/example_branch_operator.py took 0.302 seconds
[2024-03-21T01:20:38.160+0000] {processor.py:161} INFO - Started process (PID=842) to work on /home/airflow/.local/lib/python3.8/site-packages/airflow/example_dags/example_branch_operator.py
[2024-03-21T01:20:38.162+0000] {processor.py:830} INFO - Processing file /home/airflow/.local/lib/python3.8/site-packages/airflow/example_dags/example_branch_operator.py for tasks to queue
[2024-03-21T01:20:38.164+0000] {logging_mixin.py:188} INFO - [2024-03-21T01:20:38.163+0000] {dagbag.py:540} INFO - Filling up the DagBag from /home/airflow/.local/lib/python3.8/site-packages/airflow/example_dags/example_branch_operator.py
[2024-03-21T01:20:38.187+0000] {processor.py:840} INFO - DAG(s) 'example_branch_operator' retrieved from /home/airflow/.local/lib/python3.8/site-packages/airflow/example_dags/example_branch_operator.py
[2024-03-21T01:20:38.228+0000] {logging_mixin.py:188} INFO - [2024-03-21T01:20:38.228+0000] {dag.py:3047} INFO - Sync 1 DAGs
[2024-03-21T01:20:38.256+0000] {logging_mixin.py:188} INFO - [2024-03-21T01:20:38.255+0000] {dag.py:3834} INFO - Setting next_dagrun for example_branch_operator to 2024-03-20 00:00:00+00:00, run_after=2024-03-21 00:00:00+00:00
[2024-03-21T01:20:38.279+0000] {processor.py:183} INFO - Processing /home/airflow/.local/lib/python3.8/site-packages/airflow/example_dags/example_branch_operator.py took 0.124 seconds
[2024-03-21T01:21:08.973+0000] {processor.py:161} INFO - Started process (PID=896) to work on /home/airflow/.local/lib/python3.8/site-packages/airflow/example_dags/example_branch_operator.py
[2024-03-21T01:21:08.975+0000] {processor.py:830} INFO - Processing file /home/airflow/.local/lib/python3.8/site-packages/airflow/example_dags/example_branch_operator.py for tasks to queue
[2024-03-21T01:21:08.977+0000] {logging_mixin.py:188} INFO - [2024-03-21T01:21:08.977+0000] {dagbag.py:540} INFO - Filling up the DagBag from /home/airflow/.local/lib/python3.8/site-packages/airflow/example_dags/example_branch_operator.py
[2024-03-21T01:21:09.011+0000] {processor.py:840} INFO - DAG(s) 'example_branch_operator' retrieved from /home/airflow/.local/lib/python3.8/site-packages/airflow/example_dags/example_branch_operator.py
[2024-03-21T01:21:09.064+0000] {logging_mixin.py:188} INFO - [2024-03-21T01:21:09.063+0000] {dag.py:3047} INFO - Sync 1 DAGs
[2024-03-21T01:21:09.108+0000] {logging_mixin.py:188} INFO - [2024-03-21T01:21:09.108+0000] {dag.py:3834} INFO - Setting next_dagrun for example_branch_operator to 2024-03-20 00:00:00+00:00, run_after=2024-03-21 00:00:00+00:00
[2024-03-21T01:21:09.143+0000] {processor.py:183} INFO - Processing /home/airflow/.local/lib/python3.8/site-packages/airflow/example_dags/example_branch_operator.py took 0.174 seconds
[2024-03-21T01:21:40.235+0000] {processor.py:161} INFO - Started process (PID=951) to work on /home/airflow/.local/lib/python3.8/site-packages/airflow/example_dags/example_branch_operator.py
[2024-03-21T01:21:40.237+0000] {processor.py:830} INFO - Processing file /home/airflow/.local/lib/python3.8/site-packages/airflow/example_dags/example_branch_operator.py for tasks to queue
[2024-03-21T01:21:40.239+0000] {logging_mixin.py:188} INFO - [2024-03-21T01:21:40.238+0000] {dagbag.py:540} INFO - Filling up the DagBag from /home/airflow/.local/lib/python3.8/site-packages/airflow/example_dags/example_branch_operator.py
[2024-03-21T01:21:40.265+0000] {processor.py:840} INFO - DAG(s) 'example_branch_operator' retrieved from /home/airflow/.local/lib/python3.8/site-packages/airflow/example_dags/example_branch_operator.py
[2024-03-21T01:21:40.313+0000] {logging_mixin.py:188} INFO - [2024-03-21T01:21:40.313+0000] {dag.py:3047} INFO - Sync 1 DAGs
[2024-03-21T01:21:40.380+0000] {logging_mixin.py:188} INFO - [2024-03-21T01:21:40.380+0000] {dag.py:3834} INFO - Setting next_dagrun for example_branch_operator to 2024-03-20 00:00:00+00:00, run_after=2024-03-21 00:00:00+00:00
[2024-03-21T01:21:40.414+0000] {processor.py:183} INFO - Processing /home/airflow/.local/lib/python3.8/site-packages/airflow/example_dags/example_branch_operator.py took 0.185 seconds
[2024-03-21T01:22:11.238+0000] {processor.py:161} INFO - Started process (PID=1007) to work on /home/airflow/.local/lib/python3.8/site-packages/airflow/example_dags/example_branch_operator.py
[2024-03-21T01:22:11.239+0000] {processor.py:830} INFO - Processing file /home/airflow/.local/lib/python3.8/site-packages/airflow/example_dags/example_branch_operator.py for tasks to queue
[2024-03-21T01:22:11.241+0000] {logging_mixin.py:188} INFO - [2024-03-21T01:22:11.241+0000] {dagbag.py:540} INFO - Filling up the DagBag from /home/airflow/.local/lib/python3.8/site-packages/airflow/example_dags/example_branch_operator.py
[2024-03-21T01:22:11.262+0000] {processor.py:840} INFO - DAG(s) 'example_branch_operator' retrieved from /home/airflow/.local/lib/python3.8/site-packages/airflow/example_dags/example_branch_operator.py
[2024-03-21T01:22:11.297+0000] {logging_mixin.py:188} INFO - [2024-03-21T01:22:11.297+0000] {dag.py:3047} INFO - Sync 1 DAGs
[2024-03-21T01:22:11.329+0000] {logging_mixin.py:188} INFO - [2024-03-21T01:22:11.328+0000] {dag.py:3834} INFO - Setting next_dagrun for example_branch_operator to 2024-03-20 00:00:00+00:00, run_after=2024-03-21 00:00:00+00:00
[2024-03-21T01:22:11.364+0000] {processor.py:183} INFO - Processing /home/airflow/.local/lib/python3.8/site-packages/airflow/example_dags/example_branch_operator.py took 0.129 seconds
[2024-03-21T01:22:42.035+0000] {processor.py:161} INFO - Started process (PID=1062) to work on /home/airflow/.local/lib/python3.8/site-packages/airflow/example_dags/example_branch_operator.py
[2024-03-21T01:22:42.036+0000] {processor.py:830} INFO - Processing file /home/airflow/.local/lib/python3.8/site-packages/airflow/example_dags/example_branch_operator.py for tasks to queue
[2024-03-21T01:22:42.038+0000] {logging_mixin.py:188} INFO - [2024-03-21T01:22:42.038+0000] {dagbag.py:540} INFO - Filling up the DagBag from /home/airflow/.local/lib/python3.8/site-packages/airflow/example_dags/example_branch_operator.py
[2024-03-21T01:22:42.063+0000] {processor.py:840} INFO - DAG(s) 'example_branch_operator' retrieved from /home/airflow/.local/lib/python3.8/site-packages/airflow/example_dags/example_branch_operator.py
[2024-03-21T01:22:42.110+0000] {logging_mixin.py:188} INFO - [2024-03-21T01:22:42.110+0000] {dag.py:3047} INFO - Sync 1 DAGs
[2024-03-21T01:22:42.141+0000] {logging_mixin.py:188} INFO - [2024-03-21T01:22:42.141+0000] {dag.py:3834} INFO - Setting next_dagrun for example_branch_operator to 2024-03-20 00:00:00+00:00, run_after=2024-03-21 00:00:00+00:00
[2024-03-21T01:22:42.168+0000] {processor.py:183} INFO - Processing /home/airflow/.local/lib/python3.8/site-packages/airflow/example_dags/example_branch_operator.py took 0.138 seconds
[2024-03-21T01:23:12.235+0000] {processor.py:161} INFO - Started process (PID=1117) to work on /home/airflow/.local/lib/python3.8/site-packages/airflow/example_dags/example_branch_operator.py
[2024-03-21T01:23:12.236+0000] {processor.py:830} INFO - Processing file /home/airflow/.local/lib/python3.8/site-packages/airflow/example_dags/example_branch_operator.py for tasks to queue
[2024-03-21T01:23:12.237+0000] {logging_mixin.py:188} INFO - [2024-03-21T01:23:12.237+0000] {dagbag.py:540} INFO - Filling up the DagBag from /home/airflow/.local/lib/python3.8/site-packages/airflow/example_dags/example_branch_operator.py
[2024-03-21T01:23:12.255+0000] {processor.py:840} INFO - DAG(s) 'example_branch_operator' retrieved from /home/airflow/.local/lib/python3.8/site-packages/airflow/example_dags/example_branch_operator.py
[2024-03-21T01:23:12.290+0000] {logging_mixin.py:188} INFO - [2024-03-21T01:23:12.289+0000] {dag.py:3047} INFO - Sync 1 DAGs
[2024-03-21T01:23:12.316+0000] {logging_mixin.py:188} INFO - [2024-03-21T01:23:12.315+0000] {dag.py:3834} INFO - Setting next_dagrun for example_branch_operator to 2024-03-20 00:00:00+00:00, run_after=2024-03-21 00:00:00+00:00
[2024-03-21T01:23:12.344+0000] {processor.py:183} INFO - Processing /home/airflow/.local/lib/python3.8/site-packages/airflow/example_dags/example_branch_operator.py took 0.113 seconds
[2024-03-21T01:23:42.470+0000] {processor.py:161} INFO - Started process (PID=1171) to work on /home/airflow/.local/lib/python3.8/site-packages/airflow/example_dags/example_branch_operator.py
[2024-03-21T01:23:42.473+0000] {processor.py:830} INFO - Processing file /home/airflow/.local/lib/python3.8/site-packages/airflow/example_dags/example_branch_operator.py for tasks to queue
[2024-03-21T01:23:42.475+0000] {logging_mixin.py:188} INFO - [2024-03-21T01:23:42.475+0000] {dagbag.py:540} INFO - Filling up the DagBag from /home/airflow/.local/lib/python3.8/site-packages/airflow/example_dags/example_branch_operator.py
[2024-03-21T01:23:42.509+0000] {processor.py:840} INFO - DAG(s) 'example_branch_operator' retrieved from /home/airflow/.local/lib/python3.8/site-packages/airflow/example_dags/example_branch_operator.py
[2024-03-21T01:23:42.555+0000] {logging_mixin.py:188} INFO - [2024-03-21T01:23:42.555+0000] {dag.py:3047} INFO - Sync 1 DAGs
[2024-03-21T01:23:42.595+0000] {logging_mixin.py:188} INFO - [2024-03-21T01:23:42.595+0000] {dag.py:3834} INFO - Setting next_dagrun for example_branch_operator to 2024-03-20 00:00:00+00:00, run_after=2024-03-21 00:00:00+00:00
[2024-03-21T01:23:42.625+0000] {processor.py:183} INFO - Processing /home/airflow/.local/lib/python3.8/site-packages/airflow/example_dags/example_branch_operator.py took 0.161 seconds
[2024-03-21T01:24:12.909+0000] {processor.py:161} INFO - Started process (PID=1226) to work on /home/airflow/.local/lib/python3.8/site-packages/airflow/example_dags/example_branch_operator.py
[2024-03-21T01:24:12.910+0000] {processor.py:830} INFO - Processing file /home/airflow/.local/lib/python3.8/site-packages/airflow/example_dags/example_branch_operator.py for tasks to queue
[2024-03-21T01:24:12.913+0000] {logging_mixin.py:188} INFO - [2024-03-21T01:24:12.912+0000] {dagbag.py:540} INFO - Filling up the DagBag from /home/airflow/.local/lib/python3.8/site-packages/airflow/example_dags/example_branch_operator.py
[2024-03-21T01:24:12.941+0000] {processor.py:840} INFO - DAG(s) 'example_branch_operator' retrieved from /home/airflow/.local/lib/python3.8/site-packages/airflow/example_dags/example_branch_operator.py
[2024-03-21T01:24:12.983+0000] {logging_mixin.py:188} INFO - [2024-03-21T01:24:12.983+0000] {dag.py:3047} INFO - Sync 1 DAGs
[2024-03-21T01:24:13.017+0000] {logging_mixin.py:188} INFO - [2024-03-21T01:24:13.017+0000] {dag.py:3834} INFO - Setting next_dagrun for example_branch_operator to 2024-03-20 00:00:00+00:00, run_after=2024-03-21 00:00:00+00:00
[2024-03-21T01:24:13.046+0000] {processor.py:183} INFO - Processing /home/airflow/.local/lib/python3.8/site-packages/airflow/example_dags/example_branch_operator.py took 0.142 seconds
[2024-03-21T01:24:43.902+0000] {processor.py:161} INFO - Started process (PID=1281) to work on /home/airflow/.local/lib/python3.8/site-packages/airflow/example_dags/example_branch_operator.py
[2024-03-21T01:24:43.903+0000] {processor.py:830} INFO - Processing file /home/airflow/.local/lib/python3.8/site-packages/airflow/example_dags/example_branch_operator.py for tasks to queue
[2024-03-21T01:24:43.905+0000] {logging_mixin.py:188} INFO - [2024-03-21T01:24:43.905+0000] {dagbag.py:540} INFO - Filling up the DagBag from /home/airflow/.local/lib/python3.8/site-packages/airflow/example_dags/example_branch_operator.py
[2024-03-21T01:24:43.924+0000] {processor.py:840} INFO - DAG(s) 'example_branch_operator' retrieved from /home/airflow/.local/lib/python3.8/site-packages/airflow/example_dags/example_branch_operator.py
[2024-03-21T01:24:43.956+0000] {logging_mixin.py:188} INFO - [2024-03-21T01:24:43.956+0000] {dag.py:3047} INFO - Sync 1 DAGs
[2024-03-21T01:24:43.980+0000] {logging_mixin.py:188} INFO - [2024-03-21T01:24:43.980+0000] {dag.py:3834} INFO - Setting next_dagrun for example_branch_operator to 2024-03-20 00:00:00+00:00, run_after=2024-03-21 00:00:00+00:00
[2024-03-21T01:24:44.007+0000] {processor.py:183} INFO - Processing /home/airflow/.local/lib/python3.8/site-packages/airflow/example_dags/example_branch_operator.py took 0.109 seconds
[2024-03-21T01:25:14.081+0000] {processor.py:161} INFO - Started process (PID=1336) to work on /home/airflow/.local/lib/python3.8/site-packages/airflow/example_dags/example_branch_operator.py
[2024-03-21T01:25:14.083+0000] {processor.py:830} INFO - Processing file /home/airflow/.local/lib/python3.8/site-packages/airflow/example_dags/example_branch_operator.py for tasks to queue
[2024-03-21T01:25:14.086+0000] {logging_mixin.py:188} INFO - [2024-03-21T01:25:14.086+0000] {dagbag.py:540} INFO - Filling up the DagBag from /home/airflow/.local/lib/python3.8/site-packages/airflow/example_dags/example_branch_operator.py
[2024-03-21T01:25:14.122+0000] {processor.py:840} INFO - DAG(s) 'example_branch_operator' retrieved from /home/airflow/.local/lib/python3.8/site-packages/airflow/example_dags/example_branch_operator.py
[2024-03-21T01:25:14.171+0000] {logging_mixin.py:188} INFO - [2024-03-21T01:25:14.171+0000] {dag.py:3047} INFO - Sync 1 DAGs
[2024-03-21T01:25:14.215+0000] {logging_mixin.py:188} INFO - [2024-03-21T01:25:14.214+0000] {dag.py:3834} INFO - Setting next_dagrun for example_branch_operator to 2024-03-20 00:00:00+00:00, run_after=2024-03-21 00:00:00+00:00
[2024-03-21T01:25:14.252+0000] {processor.py:183} INFO - Processing /home/airflow/.local/lib/python3.8/site-packages/airflow/example_dags/example_branch_operator.py took 0.177 seconds
[2024-03-21T01:25:44.573+0000] {processor.py:161} INFO - Started process (PID=1391) to work on /home/airflow/.local/lib/python3.8/site-packages/airflow/example_dags/example_branch_operator.py
[2024-03-21T01:25:44.575+0000] {processor.py:830} INFO - Processing file /home/airflow/.local/lib/python3.8/site-packages/airflow/example_dags/example_branch_operator.py for tasks to queue
[2024-03-21T01:25:44.577+0000] {logging_mixin.py:188} INFO - [2024-03-21T01:25:44.577+0000] {dagbag.py:540} INFO - Filling up the DagBag from /home/airflow/.local/lib/python3.8/site-packages/airflow/example_dags/example_branch_operator.py
[2024-03-21T01:25:44.599+0000] {processor.py:840} INFO - DAG(s) 'example_branch_operator' retrieved from /home/airflow/.local/lib/python3.8/site-packages/airflow/example_dags/example_branch_operator.py
[2024-03-21T01:25:44.637+0000] {logging_mixin.py:188} INFO - [2024-03-21T01:25:44.637+0000] {dag.py:3047} INFO - Sync 1 DAGs
[2024-03-21T01:25:44.666+0000] {logging_mixin.py:188} INFO - [2024-03-21T01:25:44.666+0000] {dag.py:3834} INFO - Setting next_dagrun for example_branch_operator to 2024-03-20 00:00:00+00:00, run_after=2024-03-21 00:00:00+00:00
[2024-03-21T01:25:44.691+0000] {processor.py:183} INFO - Processing /home/airflow/.local/lib/python3.8/site-packages/airflow/example_dags/example_branch_operator.py took 0.122 seconds
[2024-03-21T01:26:15.410+0000] {processor.py:161} INFO - Started process (PID=1446) to work on /home/airflow/.local/lib/python3.8/site-packages/airflow/example_dags/example_branch_operator.py
[2024-03-21T01:26:15.411+0000] {processor.py:830} INFO - Processing file /home/airflow/.local/lib/python3.8/site-packages/airflow/example_dags/example_branch_operator.py for tasks to queue
[2024-03-21T01:26:15.413+0000] {logging_mixin.py:188} INFO - [2024-03-21T01:26:15.412+0000] {dagbag.py:540} INFO - Filling up the DagBag from /home/airflow/.local/lib/python3.8/site-packages/airflow/example_dags/example_branch_operator.py
[2024-03-21T01:26:15.437+0000] {processor.py:840} INFO - DAG(s) 'example_branch_operator' retrieved from /home/airflow/.local/lib/python3.8/site-packages/airflow/example_dags/example_branch_operator.py
[2024-03-21T01:26:15.484+0000] {logging_mixin.py:188} INFO - [2024-03-21T01:26:15.484+0000] {dag.py:3047} INFO - Sync 1 DAGs
[2024-03-21T01:26:15.527+0000] {logging_mixin.py:188} INFO - [2024-03-21T01:26:15.527+0000] {dag.py:3834} INFO - Setting next_dagrun for example_branch_operator to 2024-03-20 00:00:00+00:00, run_after=2024-03-21 00:00:00+00:00
[2024-03-21T01:26:15.557+0000] {processor.py:183} INFO - Processing /home/airflow/.local/lib/python3.8/site-packages/airflow/example_dags/example_branch_operator.py took 0.151 seconds
[2024-03-21T01:26:45.824+0000] {processor.py:161} INFO - Started process (PID=1501) to work on /home/airflow/.local/lib/python3.8/site-packages/airflow/example_dags/example_branch_operator.py
[2024-03-21T01:26:45.826+0000] {processor.py:830} INFO - Processing file /home/airflow/.local/lib/python3.8/site-packages/airflow/example_dags/example_branch_operator.py for tasks to queue
[2024-03-21T01:26:45.829+0000] {logging_mixin.py:188} INFO - [2024-03-21T01:26:45.828+0000] {dagbag.py:540} INFO - Filling up the DagBag from /home/airflow/.local/lib/python3.8/site-packages/airflow/example_dags/example_branch_operator.py
[2024-03-21T01:26:45.859+0000] {processor.py:840} INFO - DAG(s) 'example_branch_operator' retrieved from /home/airflow/.local/lib/python3.8/site-packages/airflow/example_dags/example_branch_operator.py
[2024-03-21T01:26:45.914+0000] {logging_mixin.py:188} INFO - [2024-03-21T01:26:45.913+0000] {dag.py:3047} INFO - Sync 1 DAGs
[2024-03-21T01:26:45.957+0000] {logging_mixin.py:188} INFO - [2024-03-21T01:26:45.956+0000] {dag.py:3834} INFO - Setting next_dagrun for example_branch_operator to 2024-03-20 00:00:00+00:00, run_after=2024-03-21 00:00:00+00:00
[2024-03-21T01:26:45.987+0000] {processor.py:183} INFO - Processing /home/airflow/.local/lib/python3.8/site-packages/airflow/example_dags/example_branch_operator.py took 0.178 seconds
[2024-03-21T01:27:16.531+0000] {processor.py:161} INFO - Started process (PID=1556) to work on /home/airflow/.local/lib/python3.8/site-packages/airflow/example_dags/example_branch_operator.py
[2024-03-21T01:27:16.534+0000] {processor.py:830} INFO - Processing file /home/airflow/.local/lib/python3.8/site-packages/airflow/example_dags/example_branch_operator.py for tasks to queue
[2024-03-21T01:27:16.537+0000] {logging_mixin.py:188} INFO - [2024-03-21T01:27:16.536+0000] {dagbag.py:540} INFO - Filling up the DagBag from /home/airflow/.local/lib/python3.8/site-packages/airflow/example_dags/example_branch_operator.py
[2024-03-21T01:27:16.581+0000] {processor.py:840} INFO - DAG(s) 'example_branch_operator' retrieved from /home/airflow/.local/lib/python3.8/site-packages/airflow/example_dags/example_branch_operator.py
[2024-03-21T01:27:16.637+0000] {logging_mixin.py:188} INFO - [2024-03-21T01:27:16.636+0000] {dag.py:3047} INFO - Sync 1 DAGs
[2024-03-21T01:27:16.674+0000] {logging_mixin.py:188} INFO - [2024-03-21T01:27:16.673+0000] {dag.py:3834} INFO - Setting next_dagrun for example_branch_operator to 2024-03-20 00:00:00+00:00, run_after=2024-03-21 00:00:00+00:00
[2024-03-21T01:27:16.706+0000] {processor.py:183} INFO - Processing /home/airflow/.local/lib/python3.8/site-packages/airflow/example_dags/example_branch_operator.py took 0.180 seconds
[2024-03-21T01:27:46.802+0000] {processor.py:161} INFO - Started process (PID=1611) to work on /home/airflow/.local/lib/python3.8/site-packages/airflow/example_dags/example_branch_operator.py
[2024-03-21T01:27:46.804+0000] {processor.py:830} INFO - Processing file /home/airflow/.local/lib/python3.8/site-packages/airflow/example_dags/example_branch_operator.py for tasks to queue
[2024-03-21T01:27:46.806+0000] {logging_mixin.py:188} INFO - [2024-03-21T01:27:46.805+0000] {dagbag.py:540} INFO - Filling up the DagBag from /home/airflow/.local/lib/python3.8/site-packages/airflow/example_dags/example_branch_operator.py
[2024-03-21T01:27:46.837+0000] {processor.py:840} INFO - DAG(s) 'example_branch_operator' retrieved from /home/airflow/.local/lib/python3.8/site-packages/airflow/example_dags/example_branch_operator.py
[2024-03-21T01:27:46.899+0000] {logging_mixin.py:188} INFO - [2024-03-21T01:27:46.899+0000] {dag.py:3047} INFO - Sync 1 DAGs
[2024-03-21T01:27:46.938+0000] {logging_mixin.py:188} INFO - [2024-03-21T01:27:46.937+0000] {dag.py:3834} INFO - Setting next_dagrun for example_branch_operator to 2024-03-20 00:00:00+00:00, run_after=2024-03-21 00:00:00+00:00
[2024-03-21T01:27:46.969+0000] {processor.py:183} INFO - Processing /home/airflow/.local/lib/python3.8/site-packages/airflow/example_dags/example_branch_operator.py took 0.171 seconds
[2024-03-21T01:28:17.470+0000] {processor.py:161} INFO - Started process (PID=1666) to work on /home/airflow/.local/lib/python3.8/site-packages/airflow/example_dags/example_branch_operator.py
[2024-03-21T01:28:17.472+0000] {processor.py:830} INFO - Processing file /home/airflow/.local/lib/python3.8/site-packages/airflow/example_dags/example_branch_operator.py for tasks to queue
[2024-03-21T01:28:17.474+0000] {logging_mixin.py:188} INFO - [2024-03-21T01:28:17.474+0000] {dagbag.py:540} INFO - Filling up the DagBag from /home/airflow/.local/lib/python3.8/site-packages/airflow/example_dags/example_branch_operator.py
[2024-03-21T01:28:17.504+0000] {processor.py:840} INFO - DAG(s) 'example_branch_operator' retrieved from /home/airflow/.local/lib/python3.8/site-packages/airflow/example_dags/example_branch_operator.py
[2024-03-21T01:28:17.590+0000] {logging_mixin.py:188} INFO - [2024-03-21T01:28:17.590+0000] {dag.py:3047} INFO - Sync 1 DAGs
[2024-03-21T01:28:17.637+0000] {logging_mixin.py:188} INFO - [2024-03-21T01:28:17.637+0000] {dag.py:3834} INFO - Setting next_dagrun for example_branch_operator to 2024-03-20 00:00:00+00:00, run_after=2024-03-21 00:00:00+00:00
[2024-03-21T01:28:17.700+0000] {processor.py:183} INFO - Processing /home/airflow/.local/lib/python3.8/site-packages/airflow/example_dags/example_branch_operator.py took 0.236 seconds
[2024-03-21T01:28:49.698+0000] {processor.py:161} INFO - Started process (PID=1721) to work on /home/airflow/.local/lib/python3.8/site-packages/airflow/example_dags/example_branch_operator.py
[2024-03-21T01:28:49.700+0000] {processor.py:830} INFO - Processing file /home/airflow/.local/lib/python3.8/site-packages/airflow/example_dags/example_branch_operator.py for tasks to queue
[2024-03-21T01:28:49.706+0000] {logging_mixin.py:188} INFO - [2024-03-21T01:28:49.705+0000] {dagbag.py:540} INFO - Filling up the DagBag from /home/airflow/.local/lib/python3.8/site-packages/airflow/example_dags/example_branch_operator.py
[2024-03-21T01:28:49.888+0000] {processor.py:840} INFO - DAG(s) 'example_branch_operator' retrieved from /home/airflow/.local/lib/python3.8/site-packages/airflow/example_dags/example_branch_operator.py
[2024-03-21T01:28:50.173+0000] {logging_mixin.py:188} INFO - [2024-03-21T01:28:50.172+0000] {dag.py:3047} INFO - Sync 1 DAGs
[2024-03-21T01:28:50.326+0000] {logging_mixin.py:188} INFO - [2024-03-21T01:28:50.325+0000] {dag.py:3834} INFO - Setting next_dagrun for example_branch_operator to 2024-03-20 00:00:00+00:00, run_after=2024-03-21 00:00:00+00:00
[2024-03-21T01:28:50.430+0000] {processor.py:183} INFO - Processing /home/airflow/.local/lib/python3.8/site-packages/airflow/example_dags/example_branch_operator.py took 0.765 seconds
[2024-03-21T01:29:20.683+0000] {processor.py:161} INFO - Started process (PID=1777) to work on /home/airflow/.local/lib/python3.8/site-packages/airflow/example_dags/example_branch_operator.py
[2024-03-21T01:29:20.684+0000] {processor.py:830} INFO - Processing file /home/airflow/.local/lib/python3.8/site-packages/airflow/example_dags/example_branch_operator.py for tasks to queue
[2024-03-21T01:29:20.686+0000] {logging_mixin.py:188} INFO - [2024-03-21T01:29:20.686+0000] {dagbag.py:540} INFO - Filling up the DagBag from /home/airflow/.local/lib/python3.8/site-packages/airflow/example_dags/example_branch_operator.py
[2024-03-21T01:29:20.708+0000] {processor.py:840} INFO - DAG(s) 'example_branch_operator' retrieved from /home/airflow/.local/lib/python3.8/site-packages/airflow/example_dags/example_branch_operator.py
[2024-03-21T01:29:20.743+0000] {logging_mixin.py:188} INFO - [2024-03-21T01:29:20.743+0000] {dag.py:3047} INFO - Sync 1 DAGs
[2024-03-21T01:29:20.776+0000] {logging_mixin.py:188} INFO - [2024-03-21T01:29:20.775+0000] {dag.py:3834} INFO - Setting next_dagrun for example_branch_operator to 2024-03-20 00:00:00+00:00, run_after=2024-03-21 00:00:00+00:00
[2024-03-21T01:29:20.806+0000] {processor.py:183} INFO - Processing /home/airflow/.local/lib/python3.8/site-packages/airflow/example_dags/example_branch_operator.py took 0.126 seconds
[2024-03-21T01:29:51.574+0000] {processor.py:161} INFO - Started process (PID=1832) to work on /home/airflow/.local/lib/python3.8/site-packages/airflow/example_dags/example_branch_operator.py
[2024-03-21T01:29:51.576+0000] {processor.py:830} INFO - Processing file /home/airflow/.local/lib/python3.8/site-packages/airflow/example_dags/example_branch_operator.py for tasks to queue
[2024-03-21T01:29:51.579+0000] {logging_mixin.py:188} INFO - [2024-03-21T01:29:51.578+0000] {dagbag.py:540} INFO - Filling up the DagBag from /home/airflow/.local/lib/python3.8/site-packages/airflow/example_dags/example_branch_operator.py
[2024-03-21T01:29:51.606+0000] {processor.py:840} INFO - DAG(s) 'example_branch_operator' retrieved from /home/airflow/.local/lib/python3.8/site-packages/airflow/example_dags/example_branch_operator.py
[2024-03-21T01:29:51.643+0000] {logging_mixin.py:188} INFO - [2024-03-21T01:29:51.642+0000] {dag.py:3047} INFO - Sync 1 DAGs
[2024-03-21T01:29:51.676+0000] {logging_mixin.py:188} INFO - [2024-03-21T01:29:51.676+0000] {dag.py:3834} INFO - Setting next_dagrun for example_branch_operator to 2024-03-20 00:00:00+00:00, run_after=2024-03-21 00:00:00+00:00
[2024-03-21T01:29:51.703+0000] {processor.py:183} INFO - Processing /home/airflow/.local/lib/python3.8/site-packages/airflow/example_dags/example_branch_operator.py took 0.134 seconds
[2024-03-21T01:30:21.872+0000] {processor.py:161} INFO - Started process (PID=1886) to work on /home/airflow/.local/lib/python3.8/site-packages/airflow/example_dags/example_branch_operator.py
[2024-03-21T01:30:21.873+0000] {processor.py:830} INFO - Processing file /home/airflow/.local/lib/python3.8/site-packages/airflow/example_dags/example_branch_operator.py for tasks to queue
[2024-03-21T01:30:21.875+0000] {logging_mixin.py:188} INFO - [2024-03-21T01:30:21.875+0000] {dagbag.py:540} INFO - Filling up the DagBag from /home/airflow/.local/lib/python3.8/site-packages/airflow/example_dags/example_branch_operator.py
[2024-03-21T01:30:21.894+0000] {processor.py:840} INFO - DAG(s) 'example_branch_operator' retrieved from /home/airflow/.local/lib/python3.8/site-packages/airflow/example_dags/example_branch_operator.py
[2024-03-21T01:30:21.925+0000] {logging_mixin.py:188} INFO - [2024-03-21T01:30:21.925+0000] {dag.py:3047} INFO - Sync 1 DAGs
[2024-03-21T01:30:21.951+0000] {logging_mixin.py:188} INFO - [2024-03-21T01:30:21.950+0000] {dag.py:3834} INFO - Setting next_dagrun for example_branch_operator to 2024-03-20 00:00:00+00:00, run_after=2024-03-21 00:00:00+00:00
[2024-03-21T01:30:21.973+0000] {processor.py:183} INFO - Processing /home/airflow/.local/lib/python3.8/site-packages/airflow/example_dags/example_branch_operator.py took 0.105 seconds
[2024-03-21T01:30:52.401+0000] {processor.py:161} INFO - Started process (PID=1941) to work on /home/airflow/.local/lib/python3.8/site-packages/airflow/example_dags/example_branch_operator.py
[2024-03-21T01:30:52.403+0000] {processor.py:830} INFO - Processing file /home/airflow/.local/lib/python3.8/site-packages/airflow/example_dags/example_branch_operator.py for tasks to queue
[2024-03-21T01:30:52.407+0000] {logging_mixin.py:188} INFO - [2024-03-21T01:30:52.407+0000] {dagbag.py:540} INFO - Filling up the DagBag from /home/airflow/.local/lib/python3.8/site-packages/airflow/example_dags/example_branch_operator.py
[2024-03-21T01:30:52.445+0000] {processor.py:840} INFO - DAG(s) 'example_branch_operator' retrieved from /home/airflow/.local/lib/python3.8/site-packages/airflow/example_dags/example_branch_operator.py
[2024-03-21T01:30:52.495+0000] {logging_mixin.py:188} INFO - [2024-03-21T01:30:52.494+0000] {dag.py:3047} INFO - Sync 1 DAGs
[2024-03-21T01:30:52.532+0000] {logging_mixin.py:188} INFO - [2024-03-21T01:30:52.532+0000] {dag.py:3834} INFO - Setting next_dagrun for example_branch_operator to 2024-03-20 00:00:00+00:00, run_after=2024-03-21 00:00:00+00:00
[2024-03-21T01:30:52.563+0000] {processor.py:183} INFO - Processing /home/airflow/.local/lib/python3.8/site-packages/airflow/example_dags/example_branch_operator.py took 0.169 seconds
[2024-03-21T01:31:23.132+0000] {processor.py:161} INFO - Started process (PID=1996) to work on /home/airflow/.local/lib/python3.8/site-packages/airflow/example_dags/example_branch_operator.py
[2024-03-21T01:31:23.134+0000] {processor.py:830} INFO - Processing file /home/airflow/.local/lib/python3.8/site-packages/airflow/example_dags/example_branch_operator.py for tasks to queue
[2024-03-21T01:31:23.136+0000] {logging_mixin.py:188} INFO - [2024-03-21T01:31:23.135+0000] {dagbag.py:540} INFO - Filling up the DagBag from /home/airflow/.local/lib/python3.8/site-packages/airflow/example_dags/example_branch_operator.py
[2024-03-21T01:31:23.161+0000] {processor.py:840} INFO - DAG(s) 'example_branch_operator' retrieved from /home/airflow/.local/lib/python3.8/site-packages/airflow/example_dags/example_branch_operator.py
[2024-03-21T01:31:23.198+0000] {logging_mixin.py:188} INFO - [2024-03-21T01:31:23.197+0000] {dag.py:3047} INFO - Sync 1 DAGs
[2024-03-21T01:31:23.229+0000] {logging_mixin.py:188} INFO - [2024-03-21T01:31:23.229+0000] {dag.py:3834} INFO - Setting next_dagrun for example_branch_operator to 2024-03-20 00:00:00+00:00, run_after=2024-03-21 00:00:00+00:00
[2024-03-21T01:31:23.251+0000] {processor.py:183} INFO - Processing /home/airflow/.local/lib/python3.8/site-packages/airflow/example_dags/example_branch_operator.py took 0.125 seconds
[2024-03-21T01:31:53.367+0000] {processor.py:161} INFO - Started process (PID=2051) to work on /home/airflow/.local/lib/python3.8/site-packages/airflow/example_dags/example_branch_operator.py
[2024-03-21T01:31:53.369+0000] {processor.py:830} INFO - Processing file /home/airflow/.local/lib/python3.8/site-packages/airflow/example_dags/example_branch_operator.py for tasks to queue
[2024-03-21T01:31:53.373+0000] {logging_mixin.py:188} INFO - [2024-03-21T01:31:53.372+0000] {dagbag.py:540} INFO - Filling up the DagBag from /home/airflow/.local/lib/python3.8/site-packages/airflow/example_dags/example_branch_operator.py
[2024-03-21T01:31:53.408+0000] {processor.py:840} INFO - DAG(s) 'example_branch_operator' retrieved from /home/airflow/.local/lib/python3.8/site-packages/airflow/example_dags/example_branch_operator.py
[2024-03-21T01:31:53.460+0000] {logging_mixin.py:188} INFO - [2024-03-21T01:31:53.459+0000] {dag.py:3047} INFO - Sync 1 DAGs
[2024-03-21T01:31:53.486+0000] {logging_mixin.py:188} INFO - [2024-03-21T01:31:53.486+0000] {dag.py:3834} INFO - Setting next_dagrun for example_branch_operator to 2024-03-20 00:00:00+00:00, run_after=2024-03-21 00:00:00+00:00
[2024-03-21T01:31:53.515+0000] {processor.py:183} INFO - Processing /home/airflow/.local/lib/python3.8/site-packages/airflow/example_dags/example_branch_operator.py took 0.151 seconds
[2024-03-21T01:32:24.157+0000] {processor.py:161} INFO - Started process (PID=2106) to work on /home/airflow/.local/lib/python3.8/site-packages/airflow/example_dags/example_branch_operator.py
[2024-03-21T01:32:24.159+0000] {processor.py:830} INFO - Processing file /home/airflow/.local/lib/python3.8/site-packages/airflow/example_dags/example_branch_operator.py for tasks to queue
[2024-03-21T01:32:24.160+0000] {logging_mixin.py:188} INFO - [2024-03-21T01:32:24.160+0000] {dagbag.py:540} INFO - Filling up the DagBag from /home/airflow/.local/lib/python3.8/site-packages/airflow/example_dags/example_branch_operator.py
[2024-03-21T01:32:24.179+0000] {processor.py:840} INFO - DAG(s) 'example_branch_operator' retrieved from /home/airflow/.local/lib/python3.8/site-packages/airflow/example_dags/example_branch_operator.py
[2024-03-21T01:32:24.212+0000] {logging_mixin.py:188} INFO - [2024-03-21T01:32:24.212+0000] {dag.py:3047} INFO - Sync 1 DAGs
[2024-03-21T01:32:24.238+0000] {logging_mixin.py:188} INFO - [2024-03-21T01:32:24.238+0000] {dag.py:3834} INFO - Setting next_dagrun for example_branch_operator to 2024-03-20 00:00:00+00:00, run_after=2024-03-21 00:00:00+00:00
[2024-03-21T01:32:24.260+0000] {processor.py:183} INFO - Processing /home/airflow/.local/lib/python3.8/site-packages/airflow/example_dags/example_branch_operator.py took 0.106 seconds
[2024-03-21T01:32:54.488+0000] {processor.py:161} INFO - Started process (PID=2161) to work on /home/airflow/.local/lib/python3.8/site-packages/airflow/example_dags/example_branch_operator.py
[2024-03-21T01:32:54.489+0000] {processor.py:830} INFO - Processing file /home/airflow/.local/lib/python3.8/site-packages/airflow/example_dags/example_branch_operator.py for tasks to queue
[2024-03-21T01:32:54.491+0000] {logging_mixin.py:188} INFO - [2024-03-21T01:32:54.491+0000] {dagbag.py:540} INFO - Filling up the DagBag from /home/airflow/.local/lib/python3.8/site-packages/airflow/example_dags/example_branch_operator.py
[2024-03-21T01:32:54.518+0000] {processor.py:840} INFO - DAG(s) 'example_branch_operator' retrieved from /home/airflow/.local/lib/python3.8/site-packages/airflow/example_dags/example_branch_operator.py
[2024-03-21T01:32:54.567+0000] {logging_mixin.py:188} INFO - [2024-03-21T01:32:54.566+0000] {dag.py:3047} INFO - Sync 1 DAGs
[2024-03-21T01:32:54.606+0000] {logging_mixin.py:188} INFO - [2024-03-21T01:32:54.606+0000] {dag.py:3834} INFO - Setting next_dagrun for example_branch_operator to 2024-03-20 00:00:00+00:00, run_after=2024-03-21 00:00:00+00:00
[2024-03-21T01:32:54.637+0000] {processor.py:183} INFO - Processing /home/airflow/.local/lib/python3.8/site-packages/airflow/example_dags/example_branch_operator.py took 0.153 seconds
[2024-03-21T01:33:24.722+0000] {processor.py:161} INFO - Started process (PID=2216) to work on /home/airflow/.local/lib/python3.8/site-packages/airflow/example_dags/example_branch_operator.py
[2024-03-21T01:33:24.726+0000] {processor.py:830} INFO - Processing file /home/airflow/.local/lib/python3.8/site-packages/airflow/example_dags/example_branch_operator.py for tasks to queue
[2024-03-21T01:33:24.729+0000] {logging_mixin.py:188} INFO - [2024-03-21T01:33:24.728+0000] {dagbag.py:540} INFO - Filling up the DagBag from /home/airflow/.local/lib/python3.8/site-packages/airflow/example_dags/example_branch_operator.py
[2024-03-21T01:33:24.751+0000] {processor.py:840} INFO - DAG(s) 'example_branch_operator' retrieved from /home/airflow/.local/lib/python3.8/site-packages/airflow/example_dags/example_branch_operator.py
[2024-03-21T01:33:24.793+0000] {logging_mixin.py:188} INFO - [2024-03-21T01:33:24.792+0000] {dag.py:3047} INFO - Sync 1 DAGs
[2024-03-21T01:33:24.827+0000] {logging_mixin.py:188} INFO - [2024-03-21T01:33:24.827+0000] {dag.py:3834} INFO - Setting next_dagrun for example_branch_operator to 2024-03-20 00:00:00+00:00, run_after=2024-03-21 00:00:00+00:00
[2024-03-21T01:33:24.854+0000] {processor.py:183} INFO - Processing /home/airflow/.local/lib/python3.8/site-packages/airflow/example_dags/example_branch_operator.py took 0.137 seconds
[2024-03-21T01:33:55.801+0000] {processor.py:161} INFO - Started process (PID=2271) to work on /home/airflow/.local/lib/python3.8/site-packages/airflow/example_dags/example_branch_operator.py
[2024-03-21T01:33:55.804+0000] {processor.py:830} INFO - Processing file /home/airflow/.local/lib/python3.8/site-packages/airflow/example_dags/example_branch_operator.py for tasks to queue
[2024-03-21T01:33:55.806+0000] {logging_mixin.py:188} INFO - [2024-03-21T01:33:55.806+0000] {dagbag.py:540} INFO - Filling up the DagBag from /home/airflow/.local/lib/python3.8/site-packages/airflow/example_dags/example_branch_operator.py
[2024-03-21T01:33:55.830+0000] {processor.py:840} INFO - DAG(s) 'example_branch_operator' retrieved from /home/airflow/.local/lib/python3.8/site-packages/airflow/example_dags/example_branch_operator.py
[2024-03-21T01:33:55.870+0000] {logging_mixin.py:188} INFO - [2024-03-21T01:33:55.870+0000] {dag.py:3047} INFO - Sync 1 DAGs
[2024-03-21T01:33:55.905+0000] {logging_mixin.py:188} INFO - [2024-03-21T01:33:55.905+0000] {dag.py:3834} INFO - Setting next_dagrun for example_branch_operator to 2024-03-20 00:00:00+00:00, run_after=2024-03-21 00:00:00+00:00
[2024-03-21T01:33:55.934+0000] {processor.py:183} INFO - Processing /home/airflow/.local/lib/python3.8/site-packages/airflow/example_dags/example_branch_operator.py took 0.137 seconds
[2024-03-21T01:34:26.003+0000] {processor.py:161} INFO - Started process (PID=2326) to work on /home/airflow/.local/lib/python3.8/site-packages/airflow/example_dags/example_branch_operator.py
[2024-03-21T01:34:26.005+0000] {processor.py:830} INFO - Processing file /home/airflow/.local/lib/python3.8/site-packages/airflow/example_dags/example_branch_operator.py for tasks to queue
[2024-03-21T01:34:26.008+0000] {logging_mixin.py:188} INFO - [2024-03-21T01:34:26.007+0000] {dagbag.py:540} INFO - Filling up the DagBag from /home/airflow/.local/lib/python3.8/site-packages/airflow/example_dags/example_branch_operator.py
[2024-03-21T01:34:26.029+0000] {processor.py:840} INFO - DAG(s) 'example_branch_operator' retrieved from /home/airflow/.local/lib/python3.8/site-packages/airflow/example_dags/example_branch_operator.py
[2024-03-21T01:34:26.063+0000] {logging_mixin.py:188} INFO - [2024-03-21T01:34:26.063+0000] {dag.py:3047} INFO - Sync 1 DAGs
[2024-03-21T01:34:26.092+0000] {logging_mixin.py:188} INFO - [2024-03-21T01:34:26.091+0000] {dag.py:3834} INFO - Setting next_dagrun for example_branch_operator to 2024-03-20 00:00:00+00:00, run_after=2024-03-21 00:00:00+00:00
[2024-03-21T01:34:26.118+0000] {processor.py:183} INFO - Processing /home/airflow/.local/lib/python3.8/site-packages/airflow/example_dags/example_branch_operator.py took 0.120 seconds
[2024-03-21T01:34:56.997+0000] {processor.py:161} INFO - Started process (PID=2381) to work on /home/airflow/.local/lib/python3.8/site-packages/airflow/example_dags/example_branch_operator.py
[2024-03-21T01:34:56.999+0000] {processor.py:830} INFO - Processing file /home/airflow/.local/lib/python3.8/site-packages/airflow/example_dags/example_branch_operator.py for tasks to queue
[2024-03-21T01:34:57.001+0000] {logging_mixin.py:188} INFO - [2024-03-21T01:34:57.001+0000] {dagbag.py:540} INFO - Filling up the DagBag from /home/airflow/.local/lib/python3.8/site-packages/airflow/example_dags/example_branch_operator.py
[2024-03-21T01:34:57.024+0000] {processor.py:840} INFO - DAG(s) 'example_branch_operator' retrieved from /home/airflow/.local/lib/python3.8/site-packages/airflow/example_dags/example_branch_operator.py
[2024-03-21T01:34:57.061+0000] {logging_mixin.py:188} INFO - [2024-03-21T01:34:57.061+0000] {dag.py:3047} INFO - Sync 1 DAGs
[2024-03-21T01:34:57.088+0000] {logging_mixin.py:188} INFO - [2024-03-21T01:34:57.088+0000] {dag.py:3834} INFO - Setting next_dagrun for example_branch_operator to 2024-03-20 00:00:00+00:00, run_after=2024-03-21 00:00:00+00:00
[2024-03-21T01:34:57.111+0000] {processor.py:183} INFO - Processing /home/airflow/.local/lib/python3.8/site-packages/airflow/example_dags/example_branch_operator.py took 0.118 seconds
[2024-03-21T01:35:28.030+0000] {processor.py:161} INFO - Started process (PID=2436) to work on /home/airflow/.local/lib/python3.8/site-packages/airflow/example_dags/example_branch_operator.py
[2024-03-21T01:35:28.033+0000] {processor.py:830} INFO - Processing file /home/airflow/.local/lib/python3.8/site-packages/airflow/example_dags/example_branch_operator.py for tasks to queue
[2024-03-21T01:35:28.035+0000] {logging_mixin.py:188} INFO - [2024-03-21T01:35:28.034+0000] {dagbag.py:540} INFO - Filling up the DagBag from /home/airflow/.local/lib/python3.8/site-packages/airflow/example_dags/example_branch_operator.py
[2024-03-21T01:35:28.064+0000] {processor.py:840} INFO - DAG(s) 'example_branch_operator' retrieved from /home/airflow/.local/lib/python3.8/site-packages/airflow/example_dags/example_branch_operator.py
[2024-03-21T01:35:28.132+0000] {logging_mixin.py:188} INFO - [2024-03-21T01:35:28.132+0000] {dag.py:3047} INFO - Sync 1 DAGs
[2024-03-21T01:35:28.167+0000] {logging_mixin.py:188} INFO - [2024-03-21T01:35:28.167+0000] {dag.py:3834} INFO - Setting next_dagrun for example_branch_operator to 2024-03-20 00:00:00+00:00, run_after=2024-03-21 00:00:00+00:00
[2024-03-21T01:35:28.193+0000] {processor.py:183} INFO - Processing /home/airflow/.local/lib/python3.8/site-packages/airflow/example_dags/example_branch_operator.py took 0.167 seconds
[2024-03-21T01:35:58.246+0000] {processor.py:161} INFO - Started process (PID=2491) to work on /home/airflow/.local/lib/python3.8/site-packages/airflow/example_dags/example_branch_operator.py
[2024-03-21T01:35:58.249+0000] {processor.py:830} INFO - Processing file /home/airflow/.local/lib/python3.8/site-packages/airflow/example_dags/example_branch_operator.py for tasks to queue
[2024-03-21T01:35:58.251+0000] {logging_mixin.py:188} INFO - [2024-03-21T01:35:58.251+0000] {dagbag.py:540} INFO - Filling up the DagBag from /home/airflow/.local/lib/python3.8/site-packages/airflow/example_dags/example_branch_operator.py
[2024-03-21T01:35:58.285+0000] {processor.py:840} INFO - DAG(s) 'example_branch_operator' retrieved from /home/airflow/.local/lib/python3.8/site-packages/airflow/example_dags/example_branch_operator.py
[2024-03-21T01:35:58.337+0000] {logging_mixin.py:188} INFO - [2024-03-21T01:35:58.337+0000] {dag.py:3047} INFO - Sync 1 DAGs
[2024-03-21T01:35:58.366+0000] {logging_mixin.py:188} INFO - [2024-03-21T01:35:58.366+0000] {dag.py:3834} INFO - Setting next_dagrun for example_branch_operator to 2024-03-20 00:00:00+00:00, run_after=2024-03-21 00:00:00+00:00
[2024-03-21T01:35:58.391+0000] {processor.py:183} INFO - Processing /home/airflow/.local/lib/python3.8/site-packages/airflow/example_dags/example_branch_operator.py took 0.149 seconds
[2024-03-21T01:36:28.409+0000] {processor.py:161} INFO - Started process (PID=2547) to work on /home/airflow/.local/lib/python3.8/site-packages/airflow/example_dags/example_branch_operator.py
[2024-03-21T01:36:28.411+0000] {processor.py:830} INFO - Processing file /home/airflow/.local/lib/python3.8/site-packages/airflow/example_dags/example_branch_operator.py for tasks to queue
[2024-03-21T01:36:28.413+0000] {logging_mixin.py:188} INFO - [2024-03-21T01:36:28.413+0000] {dagbag.py:540} INFO - Filling up the DagBag from /home/airflow/.local/lib/python3.8/site-packages/airflow/example_dags/example_branch_operator.py
[2024-03-21T01:36:28.433+0000] {processor.py:840} INFO - DAG(s) 'example_branch_operator' retrieved from /home/airflow/.local/lib/python3.8/site-packages/airflow/example_dags/example_branch_operator.py
[2024-03-21T01:36:28.467+0000] {logging_mixin.py:188} INFO - [2024-03-21T01:36:28.466+0000] {dag.py:3047} INFO - Sync 1 DAGs
[2024-03-21T01:36:28.496+0000] {logging_mixin.py:188} INFO - [2024-03-21T01:36:28.496+0000] {dag.py:3834} INFO - Setting next_dagrun for example_branch_operator to 2024-03-20 00:00:00+00:00, run_after=2024-03-21 00:00:00+00:00
[2024-03-21T01:36:28.524+0000] {processor.py:183} INFO - Processing /home/airflow/.local/lib/python3.8/site-packages/airflow/example_dags/example_branch_operator.py took 0.119 seconds
[2024-03-21T01:36:58.697+0000] {processor.py:161} INFO - Started process (PID=2601) to work on /home/airflow/.local/lib/python3.8/site-packages/airflow/example_dags/example_branch_operator.py
[2024-03-21T01:36:58.710+0000] {processor.py:830} INFO - Processing file /home/airflow/.local/lib/python3.8/site-packages/airflow/example_dags/example_branch_operator.py for tasks to queue
[2024-03-21T01:36:58.714+0000] {logging_mixin.py:188} INFO - [2024-03-21T01:36:58.714+0000] {dagbag.py:540} INFO - Filling up the DagBag from /home/airflow/.local/lib/python3.8/site-packages/airflow/example_dags/example_branch_operator.py
[2024-03-21T01:36:58.830+0000] {processor.py:840} INFO - DAG(s) 'example_branch_operator' retrieved from /home/airflow/.local/lib/python3.8/site-packages/airflow/example_dags/example_branch_operator.py
[2024-03-21T01:36:58.999+0000] {logging_mixin.py:188} INFO - [2024-03-21T01:36:58.999+0000] {dag.py:3047} INFO - Sync 1 DAGs
[2024-03-21T01:36:59.153+0000] {logging_mixin.py:188} INFO - [2024-03-21T01:36:59.153+0000] {dag.py:3834} INFO - Setting next_dagrun for example_branch_operator to 2024-03-20 00:00:00+00:00, run_after=2024-03-21 00:00:00+00:00
[2024-03-21T01:36:59.278+0000] {processor.py:183} INFO - Processing /home/airflow/.local/lib/python3.8/site-packages/airflow/example_dags/example_branch_operator.py took 0.601 seconds
[2024-03-21T01:37:29.627+0000] {processor.py:161} INFO - Started process (PID=2655) to work on /home/airflow/.local/lib/python3.8/site-packages/airflow/example_dags/example_branch_operator.py
[2024-03-21T01:37:29.629+0000] {processor.py:830} INFO - Processing file /home/airflow/.local/lib/python3.8/site-packages/airflow/example_dags/example_branch_operator.py for tasks to queue
[2024-03-21T01:37:29.632+0000] {logging_mixin.py:188} INFO - [2024-03-21T01:37:29.632+0000] {dagbag.py:540} INFO - Filling up the DagBag from /home/airflow/.local/lib/python3.8/site-packages/airflow/example_dags/example_branch_operator.py
[2024-03-21T01:37:29.671+0000] {processor.py:840} INFO - DAG(s) 'example_branch_operator' retrieved from /home/airflow/.local/lib/python3.8/site-packages/airflow/example_dags/example_branch_operator.py
[2024-03-21T01:37:29.715+0000] {logging_mixin.py:188} INFO - [2024-03-21T01:37:29.715+0000] {dag.py:3047} INFO - Sync 1 DAGs
[2024-03-21T01:37:29.751+0000] {logging_mixin.py:188} INFO - [2024-03-21T01:37:29.751+0000] {dag.py:3834} INFO - Setting next_dagrun for example_branch_operator to 2024-03-20 00:00:00+00:00, run_after=2024-03-21 00:00:00+00:00
[2024-03-21T01:37:29.777+0000] {processor.py:183} INFO - Processing /home/airflow/.local/lib/python3.8/site-packages/airflow/example_dags/example_branch_operator.py took 0.155 seconds
[2024-03-21T01:38:00.118+0000] {processor.py:161} INFO - Started process (PID=2710) to work on /home/airflow/.local/lib/python3.8/site-packages/airflow/example_dags/example_branch_operator.py
[2024-03-21T01:38:00.120+0000] {processor.py:830} INFO - Processing file /home/airflow/.local/lib/python3.8/site-packages/airflow/example_dags/example_branch_operator.py for tasks to queue
[2024-03-21T01:38:00.123+0000] {logging_mixin.py:188} INFO - [2024-03-21T01:38:00.122+0000] {dagbag.py:540} INFO - Filling up the DagBag from /home/airflow/.local/lib/python3.8/site-packages/airflow/example_dags/example_branch_operator.py
[2024-03-21T01:38:00.152+0000] {processor.py:840} INFO - DAG(s) 'example_branch_operator' retrieved from /home/airflow/.local/lib/python3.8/site-packages/airflow/example_dags/example_branch_operator.py
[2024-03-21T01:38:00.196+0000] {logging_mixin.py:188} INFO - [2024-03-21T01:38:00.196+0000] {dag.py:3047} INFO - Sync 1 DAGs
[2024-03-21T01:38:00.225+0000] {logging_mixin.py:188} INFO - [2024-03-21T01:38:00.225+0000] {dag.py:3834} INFO - Setting next_dagrun for example_branch_operator to 2024-03-20 00:00:00+00:00, run_after=2024-03-21 00:00:00+00:00
[2024-03-21T01:38:00.254+0000] {processor.py:183} INFO - Processing /home/airflow/.local/lib/python3.8/site-packages/airflow/example_dags/example_branch_operator.py took 0.140 seconds
[2024-03-21T01:38:30.388+0000] {processor.py:161} INFO - Started process (PID=2766) to work on /home/airflow/.local/lib/python3.8/site-packages/airflow/example_dags/example_branch_operator.py
[2024-03-21T01:38:30.389+0000] {processor.py:830} INFO - Processing file /home/airflow/.local/lib/python3.8/site-packages/airflow/example_dags/example_branch_operator.py for tasks to queue
[2024-03-21T01:38:30.391+0000] {logging_mixin.py:188} INFO - [2024-03-21T01:38:30.391+0000] {dagbag.py:540} INFO - Filling up the DagBag from /home/airflow/.local/lib/python3.8/site-packages/airflow/example_dags/example_branch_operator.py
[2024-03-21T01:38:30.411+0000] {processor.py:840} INFO - DAG(s) 'example_branch_operator' retrieved from /home/airflow/.local/lib/python3.8/site-packages/airflow/example_dags/example_branch_operator.py
[2024-03-21T01:38:30.446+0000] {logging_mixin.py:188} INFO - [2024-03-21T01:38:30.446+0000] {dag.py:3047} INFO - Sync 1 DAGs
[2024-03-21T01:38:30.473+0000] {logging_mixin.py:188} INFO - [2024-03-21T01:38:30.473+0000] {dag.py:3834} INFO - Setting next_dagrun for example_branch_operator to 2024-03-20 00:00:00+00:00, run_after=2024-03-21 00:00:00+00:00
[2024-03-21T01:38:30.496+0000] {processor.py:183} INFO - Processing /home/airflow/.local/lib/python3.8/site-packages/airflow/example_dags/example_branch_operator.py took 0.111 seconds
[2024-03-21T01:39:00.761+0000] {processor.py:161} INFO - Started process (PID=2821) to work on /home/airflow/.local/lib/python3.8/site-packages/airflow/example_dags/example_branch_operator.py
[2024-03-21T01:39:00.762+0000] {processor.py:830} INFO - Processing file /home/airflow/.local/lib/python3.8/site-packages/airflow/example_dags/example_branch_operator.py for tasks to queue
[2024-03-21T01:39:00.766+0000] {logging_mixin.py:188} INFO - [2024-03-21T01:39:00.765+0000] {dagbag.py:540} INFO - Filling up the DagBag from /home/airflow/.local/lib/python3.8/site-packages/airflow/example_dags/example_branch_operator.py
[2024-03-21T01:39:00.805+0000] {processor.py:840} INFO - DAG(s) 'example_branch_operator' retrieved from /home/airflow/.local/lib/python3.8/site-packages/airflow/example_dags/example_branch_operator.py
[2024-03-21T01:39:00.860+0000] {logging_mixin.py:188} INFO - [2024-03-21T01:39:00.859+0000] {dag.py:3047} INFO - Sync 1 DAGs
[2024-03-21T01:39:00.896+0000] {logging_mixin.py:188} INFO - [2024-03-21T01:39:00.896+0000] {dag.py:3834} INFO - Setting next_dagrun for example_branch_operator to 2024-03-20 00:00:00+00:00, run_after=2024-03-21 00:00:00+00:00
[2024-03-21T01:39:00.924+0000] {processor.py:183} INFO - Processing /home/airflow/.local/lib/python3.8/site-packages/airflow/example_dags/example_branch_operator.py took 0.171 seconds
[2024-03-21T01:39:31.034+0000] {processor.py:161} INFO - Started process (PID=2875) to work on /home/airflow/.local/lib/python3.8/site-packages/airflow/example_dags/example_branch_operator.py
[2024-03-21T01:39:31.035+0000] {processor.py:830} INFO - Processing file /home/airflow/.local/lib/python3.8/site-packages/airflow/example_dags/example_branch_operator.py for tasks to queue
[2024-03-21T01:39:31.037+0000] {logging_mixin.py:188} INFO - [2024-03-21T01:39:31.037+0000] {dagbag.py:540} INFO - Filling up the DagBag from /home/airflow/.local/lib/python3.8/site-packages/airflow/example_dags/example_branch_operator.py
[2024-03-21T01:39:31.059+0000] {processor.py:840} INFO - DAG(s) 'example_branch_operator' retrieved from /home/airflow/.local/lib/python3.8/site-packages/airflow/example_dags/example_branch_operator.py
[2024-03-21T01:39:31.099+0000] {logging_mixin.py:188} INFO - [2024-03-21T01:39:31.099+0000] {dag.py:3047} INFO - Sync 1 DAGs
[2024-03-21T01:39:31.130+0000] {logging_mixin.py:188} INFO - [2024-03-21T01:39:31.129+0000] {dag.py:3834} INFO - Setting next_dagrun for example_branch_operator to 2024-03-20 00:00:00+00:00, run_after=2024-03-21 00:00:00+00:00
[2024-03-21T01:39:31.155+0000] {processor.py:183} INFO - Processing /home/airflow/.local/lib/python3.8/site-packages/airflow/example_dags/example_branch_operator.py took 0.126 seconds
[2024-03-21T01:40:02.130+0000] {processor.py:161} INFO - Started process (PID=2936) to work on /home/airflow/.local/lib/python3.8/site-packages/airflow/example_dags/example_branch_operator.py
[2024-03-21T01:40:02.132+0000] {processor.py:830} INFO - Processing file /home/airflow/.local/lib/python3.8/site-packages/airflow/example_dags/example_branch_operator.py for tasks to queue
[2024-03-21T01:40:02.134+0000] {logging_mixin.py:188} INFO - [2024-03-21T01:40:02.134+0000] {dagbag.py:540} INFO - Filling up the DagBag from /home/airflow/.local/lib/python3.8/site-packages/airflow/example_dags/example_branch_operator.py
[2024-03-21T01:40:02.160+0000] {processor.py:840} INFO - DAG(s) 'example_branch_operator' retrieved from /home/airflow/.local/lib/python3.8/site-packages/airflow/example_dags/example_branch_operator.py
[2024-03-21T01:40:02.231+0000] {logging_mixin.py:188} INFO - [2024-03-21T01:40:02.231+0000] {dag.py:3047} INFO - Sync 1 DAGs
[2024-03-21T01:40:02.307+0000] {logging_mixin.py:188} INFO - [2024-03-21T01:40:02.306+0000] {dag.py:3834} INFO - Setting next_dagrun for example_branch_operator to 2024-03-20 00:00:00+00:00, run_after=2024-03-21 00:00:00+00:00
[2024-03-21T01:40:02.347+0000] {processor.py:183} INFO - Processing /home/airflow/.local/lib/python3.8/site-packages/airflow/example_dags/example_branch_operator.py took 0.222 seconds
