[2024-03-21T00:09:35.613+0000] {processor.py:161} INFO - Started process (PID=83) to work on /home/airflow/.local/lib/python3.8/site-packages/airflow/example_dags/example_xcom.py
[2024-03-21T00:09:35.615+0000] {processor.py:830} INFO - Processing file /home/airflow/.local/lib/python3.8/site-packages/airflow/example_dags/example_xcom.py for tasks to queue
[2024-03-21T00:09:35.619+0000] {logging_mixin.py:188} INFO - [2024-03-21T00:09:35.618+0000] {dagbag.py:540} INFO - Filling up the DagBag from /home/airflow/.local/lib/python3.8/site-packages/airflow/example_dags/example_xcom.py
[2024-03-21T00:09:35.641+0000] {processor.py:840} INFO - DAG(s) 'example_xcom' retrieved from /home/airflow/.local/lib/python3.8/site-packages/airflow/example_dags/example_xcom.py
[2024-03-21T00:09:35.682+0000] {logging_mixin.py:188} INFO - [2024-03-21T00:09:35.682+0000] {dag.py:3047} INFO - Sync 1 DAGs
[2024-03-21T00:09:35.795+0000] {logging_mixin.py:188} INFO - [2024-03-21T00:09:35.794+0000] {dag.py:3834} INFO - Setting next_dagrun for example_xcom to 2021-01-01 00:00:00+00:00, run_after=2021-01-01 00:00:00+00:00
[2024-03-21T00:09:35.856+0000] {processor.py:183} INFO - Processing /home/airflow/.local/lib/python3.8/site-packages/airflow/example_dags/example_xcom.py took 0.251 seconds
[2024-03-21T00:10:08.077+0000] {processor.py:161} INFO - Started process (PID=138) to work on /home/airflow/.local/lib/python3.8/site-packages/airflow/example_dags/example_xcom.py
[2024-03-21T00:10:08.079+0000] {processor.py:830} INFO - Processing file /home/airflow/.local/lib/python3.8/site-packages/airflow/example_dags/example_xcom.py for tasks to queue
[2024-03-21T00:10:08.082+0000] {logging_mixin.py:188} INFO - [2024-03-21T00:10:08.082+0000] {dagbag.py:540} INFO - Filling up the DagBag from /home/airflow/.local/lib/python3.8/site-packages/airflow/example_dags/example_xcom.py
[2024-03-21T00:10:08.097+0000] {processor.py:840} INFO - DAG(s) 'example_xcom' retrieved from /home/airflow/.local/lib/python3.8/site-packages/airflow/example_dags/example_xcom.py
[2024-03-21T00:10:08.374+0000] {logging_mixin.py:188} INFO - [2024-03-21T00:10:08.374+0000] {dag.py:3047} INFO - Sync 1 DAGs
[2024-03-21T00:10:08.412+0000] {logging_mixin.py:188} INFO - [2024-03-21T00:10:08.411+0000] {dag.py:3834} INFO - Setting next_dagrun for example_xcom to 2021-01-01 00:00:00+00:00, run_after=2021-01-01 00:00:00+00:00
[2024-03-21T00:10:08.444+0000] {processor.py:183} INFO - Processing /home/airflow/.local/lib/python3.8/site-packages/airflow/example_dags/example_xcom.py took 0.373 seconds
[2024-03-21T00:10:38.558+0000] {processor.py:161} INFO - Started process (PID=193) to work on /home/airflow/.local/lib/python3.8/site-packages/airflow/example_dags/example_xcom.py
[2024-03-21T00:10:38.560+0000] {processor.py:830} INFO - Processing file /home/airflow/.local/lib/python3.8/site-packages/airflow/example_dags/example_xcom.py for tasks to queue
[2024-03-21T00:10:38.563+0000] {logging_mixin.py:188} INFO - [2024-03-21T00:10:38.562+0000] {dagbag.py:540} INFO - Filling up the DagBag from /home/airflow/.local/lib/python3.8/site-packages/airflow/example_dags/example_xcom.py
[2024-03-21T00:10:38.575+0000] {processor.py:840} INFO - DAG(s) 'example_xcom' retrieved from /home/airflow/.local/lib/python3.8/site-packages/airflow/example_dags/example_xcom.py
[2024-03-21T00:10:38.609+0000] {logging_mixin.py:188} INFO - [2024-03-21T00:10:38.609+0000] {dag.py:3047} INFO - Sync 1 DAGs
[2024-03-21T00:10:38.648+0000] {logging_mixin.py:188} INFO - [2024-03-21T00:10:38.648+0000] {dag.py:3834} INFO - Setting next_dagrun for example_xcom to 2021-01-01 00:00:00+00:00, run_after=2021-01-01 00:00:00+00:00
[2024-03-21T00:10:38.681+0000] {processor.py:183} INFO - Processing /home/airflow/.local/lib/python3.8/site-packages/airflow/example_dags/example_xcom.py took 0.129 seconds
[2024-03-21T00:17:01.175+0000] {processor.py:161} INFO - Started process (PID=51) to work on /home/airflow/.local/lib/python3.8/site-packages/airflow/example_dags/example_xcom.py
[2024-03-21T00:17:01.198+0000] {processor.py:830} INFO - Processing file /home/airflow/.local/lib/python3.8/site-packages/airflow/example_dags/example_xcom.py for tasks to queue
[2024-03-21T00:17:01.203+0000] {logging_mixin.py:188} INFO - [2024-03-21T00:17:01.202+0000] {dagbag.py:540} INFO - Filling up the DagBag from /home/airflow/.local/lib/python3.8/site-packages/airflow/example_dags/example_xcom.py
[2024-03-21T00:17:01.253+0000] {processor.py:840} INFO - DAG(s) 'example_xcom' retrieved from /home/airflow/.local/lib/python3.8/site-packages/airflow/example_dags/example_xcom.py
[2024-03-21T00:17:01.662+0000] {logging_mixin.py:188} INFO - [2024-03-21T00:17:01.662+0000] {dag.py:3047} INFO - Sync 1 DAGs
[2024-03-21T00:17:01.755+0000] {logging_mixin.py:188} INFO - [2024-03-21T00:17:01.755+0000] {dag.py:3834} INFO - Setting next_dagrun for example_xcom to 2021-01-01 00:00:00+00:00, run_after=2021-01-01 00:00:00+00:00
[2024-03-21T00:17:01.829+0000] {processor.py:183} INFO - Processing /home/airflow/.local/lib/python3.8/site-packages/airflow/example_dags/example_xcom.py took 0.665 seconds
[2024-03-21T00:17:32.784+0000] {processor.py:161} INFO - Started process (PID=106) to work on /home/airflow/.local/lib/python3.8/site-packages/airflow/example_dags/example_xcom.py
[2024-03-21T00:17:32.785+0000] {processor.py:830} INFO - Processing file /home/airflow/.local/lib/python3.8/site-packages/airflow/example_dags/example_xcom.py for tasks to queue
[2024-03-21T00:17:32.787+0000] {logging_mixin.py:188} INFO - [2024-03-21T00:17:32.787+0000] {dagbag.py:540} INFO - Filling up the DagBag from /home/airflow/.local/lib/python3.8/site-packages/airflow/example_dags/example_xcom.py
[2024-03-21T00:17:32.795+0000] {processor.py:840} INFO - DAG(s) 'example_xcom' retrieved from /home/airflow/.local/lib/python3.8/site-packages/airflow/example_dags/example_xcom.py
[2024-03-21T00:17:32.821+0000] {logging_mixin.py:188} INFO - [2024-03-21T00:17:32.821+0000] {dag.py:3047} INFO - Sync 1 DAGs
[2024-03-21T00:17:32.843+0000] {logging_mixin.py:188} INFO - [2024-03-21T00:17:32.842+0000] {dag.py:3834} INFO - Setting next_dagrun for example_xcom to 2021-01-01 00:00:00+00:00, run_after=2021-01-01 00:00:00+00:00
[2024-03-21T00:17:32.864+0000] {processor.py:183} INFO - Processing /home/airflow/.local/lib/python3.8/site-packages/airflow/example_dags/example_xcom.py took 0.084 seconds
[2024-03-21T00:18:03.345+0000] {processor.py:161} INFO - Started process (PID=161) to work on /home/airflow/.local/lib/python3.8/site-packages/airflow/example_dags/example_xcom.py
[2024-03-21T00:18:03.346+0000] {processor.py:830} INFO - Processing file /home/airflow/.local/lib/python3.8/site-packages/airflow/example_dags/example_xcom.py for tasks to queue
[2024-03-21T00:18:03.348+0000] {logging_mixin.py:188} INFO - [2024-03-21T00:18:03.348+0000] {dagbag.py:540} INFO - Filling up the DagBag from /home/airflow/.local/lib/python3.8/site-packages/airflow/example_dags/example_xcom.py
[2024-03-21T00:18:03.356+0000] {processor.py:840} INFO - DAG(s) 'example_xcom' retrieved from /home/airflow/.local/lib/python3.8/site-packages/airflow/example_dags/example_xcom.py
[2024-03-21T00:18:03.382+0000] {logging_mixin.py:188} INFO - [2024-03-21T00:18:03.382+0000] {dag.py:3047} INFO - Sync 1 DAGs
[2024-03-21T00:18:03.402+0000] {logging_mixin.py:188} INFO - [2024-03-21T00:18:03.402+0000] {dag.py:3834} INFO - Setting next_dagrun for example_xcom to 2021-01-01 00:00:00+00:00, run_after=2021-01-01 00:00:00+00:00
[2024-03-21T00:18:03.429+0000] {processor.py:183} INFO - Processing /home/airflow/.local/lib/python3.8/site-packages/airflow/example_dags/example_xcom.py took 0.087 seconds
[2024-03-21T00:18:33.817+0000] {processor.py:161} INFO - Started process (PID=216) to work on /home/airflow/.local/lib/python3.8/site-packages/airflow/example_dags/example_xcom.py
[2024-03-21T00:18:33.820+0000] {processor.py:830} INFO - Processing file /home/airflow/.local/lib/python3.8/site-packages/airflow/example_dags/example_xcom.py for tasks to queue
[2024-03-21T00:18:33.822+0000] {logging_mixin.py:188} INFO - [2024-03-21T00:18:33.822+0000] {dagbag.py:540} INFO - Filling up the DagBag from /home/airflow/.local/lib/python3.8/site-packages/airflow/example_dags/example_xcom.py
[2024-03-21T00:18:33.829+0000] {processor.py:840} INFO - DAG(s) 'example_xcom' retrieved from /home/airflow/.local/lib/python3.8/site-packages/airflow/example_dags/example_xcom.py
[2024-03-21T00:18:33.853+0000] {logging_mixin.py:188} INFO - [2024-03-21T00:18:33.853+0000] {dag.py:3047} INFO - Sync 1 DAGs
[2024-03-21T00:18:33.877+0000] {logging_mixin.py:188} INFO - [2024-03-21T00:18:33.877+0000] {dag.py:3834} INFO - Setting next_dagrun for example_xcom to 2021-01-01 00:00:00+00:00, run_after=2021-01-01 00:00:00+00:00
[2024-03-21T00:18:33.899+0000] {processor.py:183} INFO - Processing /home/airflow/.local/lib/python3.8/site-packages/airflow/example_dags/example_xcom.py took 0.086 seconds
[2024-03-21T00:19:04.637+0000] {processor.py:161} INFO - Started process (PID=271) to work on /home/airflow/.local/lib/python3.8/site-packages/airflow/example_dags/example_xcom.py
[2024-03-21T00:19:04.638+0000] {processor.py:830} INFO - Processing file /home/airflow/.local/lib/python3.8/site-packages/airflow/example_dags/example_xcom.py for tasks to queue
[2024-03-21T00:19:04.640+0000] {logging_mixin.py:188} INFO - [2024-03-21T00:19:04.640+0000] {dagbag.py:540} INFO - Filling up the DagBag from /home/airflow/.local/lib/python3.8/site-packages/airflow/example_dags/example_xcom.py
[2024-03-21T00:19:04.647+0000] {processor.py:840} INFO - DAG(s) 'example_xcom' retrieved from /home/airflow/.local/lib/python3.8/site-packages/airflow/example_dags/example_xcom.py
[2024-03-21T00:19:04.669+0000] {logging_mixin.py:188} INFO - [2024-03-21T00:19:04.669+0000] {dag.py:3047} INFO - Sync 1 DAGs
[2024-03-21T00:19:04.690+0000] {logging_mixin.py:188} INFO - [2024-03-21T00:19:04.690+0000] {dag.py:3834} INFO - Setting next_dagrun for example_xcom to 2021-01-01 00:00:00+00:00, run_after=2021-01-01 00:00:00+00:00
[2024-03-21T00:19:04.713+0000] {processor.py:183} INFO - Processing /home/airflow/.local/lib/python3.8/site-packages/airflow/example_dags/example_xcom.py took 0.079 seconds
[2024-03-21T00:19:34.856+0000] {processor.py:161} INFO - Started process (PID=326) to work on /home/airflow/.local/lib/python3.8/site-packages/airflow/example_dags/example_xcom.py
[2024-03-21T00:19:34.858+0000] {processor.py:830} INFO - Processing file /home/airflow/.local/lib/python3.8/site-packages/airflow/example_dags/example_xcom.py for tasks to queue
[2024-03-21T00:19:34.860+0000] {logging_mixin.py:188} INFO - [2024-03-21T00:19:34.860+0000] {dagbag.py:540} INFO - Filling up the DagBag from /home/airflow/.local/lib/python3.8/site-packages/airflow/example_dags/example_xcom.py
[2024-03-21T00:19:34.867+0000] {processor.py:840} INFO - DAG(s) 'example_xcom' retrieved from /home/airflow/.local/lib/python3.8/site-packages/airflow/example_dags/example_xcom.py
[2024-03-21T00:19:34.892+0000] {logging_mixin.py:188} INFO - [2024-03-21T00:19:34.892+0000] {dag.py:3047} INFO - Sync 1 DAGs
[2024-03-21T00:19:34.915+0000] {logging_mixin.py:188} INFO - [2024-03-21T00:19:34.915+0000] {dag.py:3834} INFO - Setting next_dagrun for example_xcom to 2021-01-01 00:00:00+00:00, run_after=2021-01-01 00:00:00+00:00
[2024-03-21T00:19:34.940+0000] {processor.py:183} INFO - Processing /home/airflow/.local/lib/python3.8/site-packages/airflow/example_dags/example_xcom.py took 0.088 seconds
[2024-03-21T00:20:05.387+0000] {processor.py:161} INFO - Started process (PID=381) to work on /home/airflow/.local/lib/python3.8/site-packages/airflow/example_dags/example_xcom.py
[2024-03-21T00:20:05.389+0000] {processor.py:830} INFO - Processing file /home/airflow/.local/lib/python3.8/site-packages/airflow/example_dags/example_xcom.py for tasks to queue
[2024-03-21T00:20:05.391+0000] {logging_mixin.py:188} INFO - [2024-03-21T00:20:05.390+0000] {dagbag.py:540} INFO - Filling up the DagBag from /home/airflow/.local/lib/python3.8/site-packages/airflow/example_dags/example_xcom.py
[2024-03-21T00:20:05.398+0000] {processor.py:840} INFO - DAG(s) 'example_xcom' retrieved from /home/airflow/.local/lib/python3.8/site-packages/airflow/example_dags/example_xcom.py
[2024-03-21T00:20:05.422+0000] {logging_mixin.py:188} INFO - [2024-03-21T00:20:05.422+0000] {dag.py:3047} INFO - Sync 1 DAGs
[2024-03-21T00:20:05.443+0000] {logging_mixin.py:188} INFO - [2024-03-21T00:20:05.443+0000] {dag.py:3834} INFO - Setting next_dagrun for example_xcom to 2021-01-01 00:00:00+00:00, run_after=2021-01-01 00:00:00+00:00
[2024-03-21T00:20:05.464+0000] {processor.py:183} INFO - Processing /home/airflow/.local/lib/python3.8/site-packages/airflow/example_dags/example_xcom.py took 0.080 seconds
[2024-03-21T00:20:35.714+0000] {processor.py:161} INFO - Started process (PID=436) to work on /home/airflow/.local/lib/python3.8/site-packages/airflow/example_dags/example_xcom.py
[2024-03-21T00:20:35.716+0000] {processor.py:830} INFO - Processing file /home/airflow/.local/lib/python3.8/site-packages/airflow/example_dags/example_xcom.py for tasks to queue
[2024-03-21T00:20:35.718+0000] {logging_mixin.py:188} INFO - [2024-03-21T00:20:35.718+0000] {dagbag.py:540} INFO - Filling up the DagBag from /home/airflow/.local/lib/python3.8/site-packages/airflow/example_dags/example_xcom.py
[2024-03-21T00:20:35.725+0000] {processor.py:840} INFO - DAG(s) 'example_xcom' retrieved from /home/airflow/.local/lib/python3.8/site-packages/airflow/example_dags/example_xcom.py
[2024-03-21T00:20:35.748+0000] {logging_mixin.py:188} INFO - [2024-03-21T00:20:35.748+0000] {dag.py:3047} INFO - Sync 1 DAGs
[2024-03-21T00:20:35.771+0000] {logging_mixin.py:188} INFO - [2024-03-21T00:20:35.771+0000] {dag.py:3834} INFO - Setting next_dagrun for example_xcom to 2021-01-01 00:00:00+00:00, run_after=2021-01-01 00:00:00+00:00
[2024-03-21T00:20:35.792+0000] {processor.py:183} INFO - Processing /home/airflow/.local/lib/python3.8/site-packages/airflow/example_dags/example_xcom.py took 0.081 seconds
[2024-03-21T00:21:06.000+0000] {processor.py:161} INFO - Started process (PID=491) to work on /home/airflow/.local/lib/python3.8/site-packages/airflow/example_dags/example_xcom.py
[2024-03-21T00:21:06.001+0000] {processor.py:830} INFO - Processing file /home/airflow/.local/lib/python3.8/site-packages/airflow/example_dags/example_xcom.py for tasks to queue
[2024-03-21T00:21:06.002+0000] {logging_mixin.py:188} INFO - [2024-03-21T00:21:06.002+0000] {dagbag.py:540} INFO - Filling up the DagBag from /home/airflow/.local/lib/python3.8/site-packages/airflow/example_dags/example_xcom.py
[2024-03-21T00:21:06.009+0000] {processor.py:840} INFO - DAG(s) 'example_xcom' retrieved from /home/airflow/.local/lib/python3.8/site-packages/airflow/example_dags/example_xcom.py
[2024-03-21T00:21:06.032+0000] {logging_mixin.py:188} INFO - [2024-03-21T00:21:06.032+0000] {dag.py:3047} INFO - Sync 1 DAGs
[2024-03-21T00:21:06.052+0000] {logging_mixin.py:188} INFO - [2024-03-21T00:21:06.052+0000] {dag.py:3834} INFO - Setting next_dagrun for example_xcom to 2021-01-01 00:00:00+00:00, run_after=2021-01-01 00:00:00+00:00
[2024-03-21T00:21:06.073+0000] {processor.py:183} INFO - Processing /home/airflow/.local/lib/python3.8/site-packages/airflow/example_dags/example_xcom.py took 0.076 seconds
[2024-03-21T00:21:36.383+0000] {processor.py:161} INFO - Started process (PID=546) to work on /home/airflow/.local/lib/python3.8/site-packages/airflow/example_dags/example_xcom.py
[2024-03-21T00:21:36.386+0000] {processor.py:830} INFO - Processing file /home/airflow/.local/lib/python3.8/site-packages/airflow/example_dags/example_xcom.py for tasks to queue
[2024-03-21T00:21:36.388+0000] {logging_mixin.py:188} INFO - [2024-03-21T00:21:36.387+0000] {dagbag.py:540} INFO - Filling up the DagBag from /home/airflow/.local/lib/python3.8/site-packages/airflow/example_dags/example_xcom.py
[2024-03-21T00:21:36.396+0000] {processor.py:840} INFO - DAG(s) 'example_xcom' retrieved from /home/airflow/.local/lib/python3.8/site-packages/airflow/example_dags/example_xcom.py
[2024-03-21T00:21:36.421+0000] {logging_mixin.py:188} INFO - [2024-03-21T00:21:36.421+0000] {dag.py:3047} INFO - Sync 1 DAGs
[2024-03-21T00:21:36.443+0000] {logging_mixin.py:188} INFO - [2024-03-21T00:21:36.442+0000] {dag.py:3834} INFO - Setting next_dagrun for example_xcom to 2021-01-01 00:00:00+00:00, run_after=2021-01-01 00:00:00+00:00
[2024-03-21T00:21:36.465+0000] {processor.py:183} INFO - Processing /home/airflow/.local/lib/python3.8/site-packages/airflow/example_dags/example_xcom.py took 0.085 seconds
[2024-03-21T01:13:18.764+0000] {processor.py:161} INFO - Started process (PID=40) to work on /home/airflow/.local/lib/python3.8/site-packages/airflow/example_dags/example_xcom.py
[2024-03-21T01:13:18.766+0000] {processor.py:830} INFO - Processing file /home/airflow/.local/lib/python3.8/site-packages/airflow/example_dags/example_xcom.py for tasks to queue
[2024-03-21T01:13:18.768+0000] {logging_mixin.py:188} INFO - [2024-03-21T01:13:18.767+0000] {dagbag.py:540} INFO - Filling up the DagBag from /home/airflow/.local/lib/python3.8/site-packages/airflow/example_dags/example_xcom.py
[2024-03-21T01:13:18.780+0000] {processor.py:840} INFO - DAG(s) 'example_xcom' retrieved from /home/airflow/.local/lib/python3.8/site-packages/airflow/example_dags/example_xcom.py
[2024-03-21T01:13:18.821+0000] {logging_mixin.py:188} INFO - [2024-03-21T01:13:18.821+0000] {dag.py:3047} INFO - Sync 1 DAGs
[2024-03-21T01:13:18.864+0000] {logging_mixin.py:188} INFO - [2024-03-21T01:13:18.864+0000] {dag.py:3834} INFO - Setting next_dagrun for example_xcom to 2021-01-01 00:00:00+00:00, run_after=2021-01-01 00:00:00+00:00
[2024-03-21T01:13:18.890+0000] {processor.py:183} INFO - Processing /home/airflow/.local/lib/python3.8/site-packages/airflow/example_dags/example_xcom.py took 0.130 seconds
[2024-03-21T01:13:49.543+0000] {processor.py:161} INFO - Started process (PID=95) to work on /home/airflow/.local/lib/python3.8/site-packages/airflow/example_dags/example_xcom.py
[2024-03-21T01:13:49.545+0000] {processor.py:830} INFO - Processing file /home/airflow/.local/lib/python3.8/site-packages/airflow/example_dags/example_xcom.py for tasks to queue
[2024-03-21T01:13:49.546+0000] {logging_mixin.py:188} INFO - [2024-03-21T01:13:49.546+0000] {dagbag.py:540} INFO - Filling up the DagBag from /home/airflow/.local/lib/python3.8/site-packages/airflow/example_dags/example_xcom.py
[2024-03-21T01:13:49.553+0000] {processor.py:840} INFO - DAG(s) 'example_xcom' retrieved from /home/airflow/.local/lib/python3.8/site-packages/airflow/example_dags/example_xcom.py
[2024-03-21T01:13:49.572+0000] {logging_mixin.py:188} INFO - [2024-03-21T01:13:49.572+0000] {dag.py:3047} INFO - Sync 1 DAGs
[2024-03-21T01:13:49.597+0000] {logging_mixin.py:188} INFO - [2024-03-21T01:13:49.596+0000] {dag.py:3834} INFO - Setting next_dagrun for example_xcom to 2021-01-01 00:00:00+00:00, run_after=2021-01-01 00:00:00+00:00
[2024-03-21T01:13:49.617+0000] {processor.py:183} INFO - Processing /home/airflow/.local/lib/python3.8/site-packages/airflow/example_dags/example_xcom.py took 0.077 seconds
[2024-03-21T01:14:20.170+0000] {processor.py:161} INFO - Started process (PID=150) to work on /home/airflow/.local/lib/python3.8/site-packages/airflow/example_dags/example_xcom.py
[2024-03-21T01:14:20.171+0000] {processor.py:830} INFO - Processing file /home/airflow/.local/lib/python3.8/site-packages/airflow/example_dags/example_xcom.py for tasks to queue
[2024-03-21T01:14:20.173+0000] {logging_mixin.py:188} INFO - [2024-03-21T01:14:20.172+0000] {dagbag.py:540} INFO - Filling up the DagBag from /home/airflow/.local/lib/python3.8/site-packages/airflow/example_dags/example_xcom.py
[2024-03-21T01:14:20.180+0000] {processor.py:840} INFO - DAG(s) 'example_xcom' retrieved from /home/airflow/.local/lib/python3.8/site-packages/airflow/example_dags/example_xcom.py
[2024-03-21T01:14:20.202+0000] {logging_mixin.py:188} INFO - [2024-03-21T01:14:20.202+0000] {dag.py:3047} INFO - Sync 1 DAGs
[2024-03-21T01:14:20.227+0000] {logging_mixin.py:188} INFO - [2024-03-21T01:14:20.227+0000] {dag.py:3834} INFO - Setting next_dagrun for example_xcom to 2021-01-01 00:00:00+00:00, run_after=2021-01-01 00:00:00+00:00
[2024-03-21T01:14:20.253+0000] {processor.py:183} INFO - Processing /home/airflow/.local/lib/python3.8/site-packages/airflow/example_dags/example_xcom.py took 0.085 seconds
[2024-03-21T01:14:50.780+0000] {processor.py:161} INFO - Started process (PID=205) to work on /home/airflow/.local/lib/python3.8/site-packages/airflow/example_dags/example_xcom.py
[2024-03-21T01:14:50.781+0000] {processor.py:830} INFO - Processing file /home/airflow/.local/lib/python3.8/site-packages/airflow/example_dags/example_xcom.py for tasks to queue
[2024-03-21T01:14:50.783+0000] {logging_mixin.py:188} INFO - [2024-03-21T01:14:50.782+0000] {dagbag.py:540} INFO - Filling up the DagBag from /home/airflow/.local/lib/python3.8/site-packages/airflow/example_dags/example_xcom.py
[2024-03-21T01:14:50.792+0000] {processor.py:840} INFO - DAG(s) 'example_xcom' retrieved from /home/airflow/.local/lib/python3.8/site-packages/airflow/example_dags/example_xcom.py
[2024-03-21T01:14:50.819+0000] {logging_mixin.py:188} INFO - [2024-03-21T01:14:50.818+0000] {dag.py:3047} INFO - Sync 1 DAGs
[2024-03-21T01:14:50.848+0000] {logging_mixin.py:188} INFO - [2024-03-21T01:14:50.848+0000] {dag.py:3834} INFO - Setting next_dagrun for example_xcom to 2021-01-01 00:00:00+00:00, run_after=2021-01-01 00:00:00+00:00
[2024-03-21T01:14:50.873+0000] {processor.py:183} INFO - Processing /home/airflow/.local/lib/python3.8/site-packages/airflow/example_dags/example_xcom.py took 0.097 seconds
[2024-03-21T01:15:23.549+0000] {processor.py:161} INFO - Started process (PID=260) to work on /home/airflow/.local/lib/python3.8/site-packages/airflow/example_dags/example_xcom.py
[2024-03-21T01:15:23.552+0000] {processor.py:830} INFO - Processing file /home/airflow/.local/lib/python3.8/site-packages/airflow/example_dags/example_xcom.py for tasks to queue
[2024-03-21T01:15:23.557+0000] {logging_mixin.py:188} INFO - [2024-03-21T01:15:23.556+0000] {dagbag.py:540} INFO - Filling up the DagBag from /home/airflow/.local/lib/python3.8/site-packages/airflow/example_dags/example_xcom.py
[2024-03-21T01:15:23.577+0000] {processor.py:840} INFO - DAG(s) 'example_xcom' retrieved from /home/airflow/.local/lib/python3.8/site-packages/airflow/example_dags/example_xcom.py
[2024-03-21T01:15:23.631+0000] {logging_mixin.py:188} INFO - [2024-03-21T01:15:23.630+0000] {dag.py:3047} INFO - Sync 1 DAGs
[2024-03-21T01:15:23.694+0000] {logging_mixin.py:188} INFO - [2024-03-21T01:15:23.694+0000] {dag.py:3834} INFO - Setting next_dagrun for example_xcom to 2021-01-01 00:00:00+00:00, run_after=2021-01-01 00:00:00+00:00
[2024-03-21T01:15:23.752+0000] {processor.py:183} INFO - Processing /home/airflow/.local/lib/python3.8/site-packages/airflow/example_dags/example_xcom.py took 0.211 seconds
[2024-03-21T01:15:54.289+0000] {processor.py:161} INFO - Started process (PID=315) to work on /home/airflow/.local/lib/python3.8/site-packages/airflow/example_dags/example_xcom.py
[2024-03-21T01:15:54.290+0000] {processor.py:830} INFO - Processing file /home/airflow/.local/lib/python3.8/site-packages/airflow/example_dags/example_xcom.py for tasks to queue
[2024-03-21T01:15:54.293+0000] {logging_mixin.py:188} INFO - [2024-03-21T01:15:54.292+0000] {dagbag.py:540} INFO - Filling up the DagBag from /home/airflow/.local/lib/python3.8/site-packages/airflow/example_dags/example_xcom.py
[2024-03-21T01:15:54.303+0000] {processor.py:840} INFO - DAG(s) 'example_xcom' retrieved from /home/airflow/.local/lib/python3.8/site-packages/airflow/example_dags/example_xcom.py
[2024-03-21T01:15:54.323+0000] {logging_mixin.py:188} INFO - [2024-03-21T01:15:54.323+0000] {dag.py:3047} INFO - Sync 1 DAGs
[2024-03-21T01:15:54.356+0000] {logging_mixin.py:188} INFO - [2024-03-21T01:15:54.356+0000] {dag.py:3834} INFO - Setting next_dagrun for example_xcom to 2021-01-01 00:00:00+00:00, run_after=2021-01-01 00:00:00+00:00
[2024-03-21T01:15:54.387+0000] {processor.py:183} INFO - Processing /home/airflow/.local/lib/python3.8/site-packages/airflow/example_dags/example_xcom.py took 0.102 seconds
[2024-03-21T01:16:25.215+0000] {processor.py:161} INFO - Started process (PID=369) to work on /home/airflow/.local/lib/python3.8/site-packages/airflow/example_dags/example_xcom.py
[2024-03-21T01:16:25.217+0000] {processor.py:830} INFO - Processing file /home/airflow/.local/lib/python3.8/site-packages/airflow/example_dags/example_xcom.py for tasks to queue
[2024-03-21T01:16:25.219+0000] {logging_mixin.py:188} INFO - [2024-03-21T01:16:25.219+0000] {dagbag.py:540} INFO - Filling up the DagBag from /home/airflow/.local/lib/python3.8/site-packages/airflow/example_dags/example_xcom.py
[2024-03-21T01:16:25.228+0000] {processor.py:840} INFO - DAG(s) 'example_xcom' retrieved from /home/airflow/.local/lib/python3.8/site-packages/airflow/example_dags/example_xcom.py
[2024-03-21T01:16:25.393+0000] {logging_mixin.py:188} INFO - [2024-03-21T01:16:25.393+0000] {dag.py:3047} INFO - Sync 1 DAGs
[2024-03-21T01:16:25.423+0000] {logging_mixin.py:188} INFO - [2024-03-21T01:16:25.423+0000] {dag.py:3834} INFO - Setting next_dagrun for example_xcom to 2021-01-01 00:00:00+00:00, run_after=2021-01-01 00:00:00+00:00
[2024-03-21T01:16:25.458+0000] {processor.py:183} INFO - Processing /home/airflow/.local/lib/python3.8/site-packages/airflow/example_dags/example_xcom.py took 0.248 seconds
[2024-03-21T01:16:56.856+0000] {processor.py:161} INFO - Started process (PID=424) to work on /home/airflow/.local/lib/python3.8/site-packages/airflow/example_dags/example_xcom.py
[2024-03-21T01:16:56.868+0000] {processor.py:830} INFO - Processing file /home/airflow/.local/lib/python3.8/site-packages/airflow/example_dags/example_xcom.py for tasks to queue
[2024-03-21T01:16:56.875+0000] {logging_mixin.py:188} INFO - [2024-03-21T01:16:56.873+0000] {dagbag.py:540} INFO - Filling up the DagBag from /home/airflow/.local/lib/python3.8/site-packages/airflow/example_dags/example_xcom.py
[2024-03-21T01:16:56.930+0000] {processor.py:840} INFO - DAG(s) 'example_xcom' retrieved from /home/airflow/.local/lib/python3.8/site-packages/airflow/example_dags/example_xcom.py
[2024-03-21T01:16:57.035+0000] {logging_mixin.py:188} INFO - [2024-03-21T01:16:57.034+0000] {dag.py:3047} INFO - Sync 1 DAGs
[2024-03-21T01:16:57.113+0000] {logging_mixin.py:188} INFO - [2024-03-21T01:16:57.112+0000] {dag.py:3834} INFO - Setting next_dagrun for example_xcom to 2021-01-01 00:00:00+00:00, run_after=2021-01-01 00:00:00+00:00
[2024-03-21T01:16:57.165+0000] {processor.py:183} INFO - Processing /home/airflow/.local/lib/python3.8/site-packages/airflow/example_dags/example_xcom.py took 0.327 seconds
[2024-03-21T01:17:27.265+0000] {processor.py:161} INFO - Started process (PID=478) to work on /home/airflow/.local/lib/python3.8/site-packages/airflow/example_dags/example_xcom.py
[2024-03-21T01:17:27.267+0000] {processor.py:830} INFO - Processing file /home/airflow/.local/lib/python3.8/site-packages/airflow/example_dags/example_xcom.py for tasks to queue
[2024-03-21T01:17:27.270+0000] {logging_mixin.py:188} INFO - [2024-03-21T01:17:27.269+0000] {dagbag.py:540} INFO - Filling up the DagBag from /home/airflow/.local/lib/python3.8/site-packages/airflow/example_dags/example_xcom.py
[2024-03-21T01:17:27.287+0000] {processor.py:840} INFO - DAG(s) 'example_xcom' retrieved from /home/airflow/.local/lib/python3.8/site-packages/airflow/example_dags/example_xcom.py
[2024-03-21T01:17:27.334+0000] {logging_mixin.py:188} INFO - [2024-03-21T01:17:27.333+0000] {dag.py:3047} INFO - Sync 1 DAGs
[2024-03-21T01:17:27.391+0000] {logging_mixin.py:188} INFO - [2024-03-21T01:17:27.391+0000] {dag.py:3834} INFO - Setting next_dagrun for example_xcom to 2021-01-01 00:00:00+00:00, run_after=2021-01-01 00:00:00+00:00
[2024-03-21T01:17:27.445+0000] {processor.py:183} INFO - Processing /home/airflow/.local/lib/python3.8/site-packages/airflow/example_dags/example_xcom.py took 0.187 seconds
[2024-03-21T01:17:57.968+0000] {processor.py:161} INFO - Started process (PID=533) to work on /home/airflow/.local/lib/python3.8/site-packages/airflow/example_dags/example_xcom.py
[2024-03-21T01:17:57.970+0000] {processor.py:830} INFO - Processing file /home/airflow/.local/lib/python3.8/site-packages/airflow/example_dags/example_xcom.py for tasks to queue
[2024-03-21T01:17:57.973+0000] {logging_mixin.py:188} INFO - [2024-03-21T01:17:57.972+0000] {dagbag.py:540} INFO - Filling up the DagBag from /home/airflow/.local/lib/python3.8/site-packages/airflow/example_dags/example_xcom.py
[2024-03-21T01:17:57.986+0000] {processor.py:840} INFO - DAG(s) 'example_xcom' retrieved from /home/airflow/.local/lib/python3.8/site-packages/airflow/example_dags/example_xcom.py
[2024-03-21T01:17:58.013+0000] {logging_mixin.py:188} INFO - [2024-03-21T01:17:58.013+0000] {dag.py:3047} INFO - Sync 1 DAGs
[2024-03-21T01:17:58.043+0000] {logging_mixin.py:188} INFO - [2024-03-21T01:17:58.042+0000] {dag.py:3834} INFO - Setting next_dagrun for example_xcom to 2021-01-01 00:00:00+00:00, run_after=2021-01-01 00:00:00+00:00
[2024-03-21T01:17:58.072+0000] {processor.py:183} INFO - Processing /home/airflow/.local/lib/python3.8/site-packages/airflow/example_dags/example_xcom.py took 0.109 seconds
[2024-03-21T01:18:28.891+0000] {processor.py:161} INFO - Started process (PID=588) to work on /home/airflow/.local/lib/python3.8/site-packages/airflow/example_dags/example_xcom.py
[2024-03-21T01:18:28.893+0000] {processor.py:830} INFO - Processing file /home/airflow/.local/lib/python3.8/site-packages/airflow/example_dags/example_xcom.py for tasks to queue
[2024-03-21T01:18:28.896+0000] {logging_mixin.py:188} INFO - [2024-03-21T01:18:28.895+0000] {dagbag.py:540} INFO - Filling up the DagBag from /home/airflow/.local/lib/python3.8/site-packages/airflow/example_dags/example_xcom.py
[2024-03-21T01:18:28.910+0000] {processor.py:840} INFO - DAG(s) 'example_xcom' retrieved from /home/airflow/.local/lib/python3.8/site-packages/airflow/example_dags/example_xcom.py
[2024-03-21T01:18:28.945+0000] {logging_mixin.py:188} INFO - [2024-03-21T01:18:28.944+0000] {dag.py:3047} INFO - Sync 1 DAGs
[2024-03-21T01:18:28.980+0000] {logging_mixin.py:188} INFO - [2024-03-21T01:18:28.980+0000] {dag.py:3834} INFO - Setting next_dagrun for example_xcom to 2021-01-01 00:00:00+00:00, run_after=2021-01-01 00:00:00+00:00
[2024-03-21T01:18:29.034+0000] {processor.py:183} INFO - Processing /home/airflow/.local/lib/python3.8/site-packages/airflow/example_dags/example_xcom.py took 0.148 seconds
[2024-03-21T01:18:59.546+0000] {processor.py:161} INFO - Started process (PID=649) to work on /home/airflow/.local/lib/python3.8/site-packages/airflow/example_dags/example_xcom.py
[2024-03-21T01:18:59.548+0000] {processor.py:830} INFO - Processing file /home/airflow/.local/lib/python3.8/site-packages/airflow/example_dags/example_xcom.py for tasks to queue
[2024-03-21T01:18:59.550+0000] {logging_mixin.py:188} INFO - [2024-03-21T01:18:59.550+0000] {dagbag.py:540} INFO - Filling up the DagBag from /home/airflow/.local/lib/python3.8/site-packages/airflow/example_dags/example_xcom.py
[2024-03-21T01:18:59.561+0000] {processor.py:840} INFO - DAG(s) 'example_xcom' retrieved from /home/airflow/.local/lib/python3.8/site-packages/airflow/example_dags/example_xcom.py
[2024-03-21T01:18:59.594+0000] {logging_mixin.py:188} INFO - [2024-03-21T01:18:59.594+0000] {dag.py:3047} INFO - Sync 1 DAGs
[2024-03-21T01:18:59.628+0000] {logging_mixin.py:188} INFO - [2024-03-21T01:18:59.628+0000] {dag.py:3834} INFO - Setting next_dagrun for example_xcom to 2021-01-01 00:00:00+00:00, run_after=2021-01-01 00:00:00+00:00
[2024-03-21T01:18:59.661+0000] {processor.py:183} INFO - Processing /home/airflow/.local/lib/python3.8/site-packages/airflow/example_dags/example_xcom.py took 0.120 seconds
[2024-03-21T01:19:30.011+0000] {processor.py:161} INFO - Started process (PID=705) to work on /home/airflow/.local/lib/python3.8/site-packages/airflow/example_dags/example_xcom.py
[2024-03-21T01:19:30.013+0000] {processor.py:830} INFO - Processing file /home/airflow/.local/lib/python3.8/site-packages/airflow/example_dags/example_xcom.py for tasks to queue
[2024-03-21T01:19:30.015+0000] {logging_mixin.py:188} INFO - [2024-03-21T01:19:30.015+0000] {dagbag.py:540} INFO - Filling up the DagBag from /home/airflow/.local/lib/python3.8/site-packages/airflow/example_dags/example_xcom.py
[2024-03-21T01:19:30.026+0000] {processor.py:840} INFO - DAG(s) 'example_xcom' retrieved from /home/airflow/.local/lib/python3.8/site-packages/airflow/example_dags/example_xcom.py
[2024-03-21T01:19:30.059+0000] {logging_mixin.py:188} INFO - [2024-03-21T01:19:30.058+0000] {dag.py:3047} INFO - Sync 1 DAGs
[2024-03-21T01:19:30.091+0000] {logging_mixin.py:188} INFO - [2024-03-21T01:19:30.091+0000] {dag.py:3834} INFO - Setting next_dagrun for example_xcom to 2021-01-01 00:00:00+00:00, run_after=2021-01-01 00:00:00+00:00
[2024-03-21T01:19:30.124+0000] {processor.py:183} INFO - Processing /home/airflow/.local/lib/python3.8/site-packages/airflow/example_dags/example_xcom.py took 0.118 seconds
[2024-03-21T01:20:00.591+0000] {processor.py:161} INFO - Started process (PID=760) to work on /home/airflow/.local/lib/python3.8/site-packages/airflow/example_dags/example_xcom.py
[2024-03-21T01:20:00.593+0000] {processor.py:830} INFO - Processing file /home/airflow/.local/lib/python3.8/site-packages/airflow/example_dags/example_xcom.py for tasks to queue
[2024-03-21T01:20:00.595+0000] {logging_mixin.py:188} INFO - [2024-03-21T01:20:00.594+0000] {dagbag.py:540} INFO - Filling up the DagBag from /home/airflow/.local/lib/python3.8/site-packages/airflow/example_dags/example_xcom.py
[2024-03-21T01:20:00.606+0000] {processor.py:840} INFO - DAG(s) 'example_xcom' retrieved from /home/airflow/.local/lib/python3.8/site-packages/airflow/example_dags/example_xcom.py
[2024-03-21T01:20:00.633+0000] {logging_mixin.py:188} INFO - [2024-03-21T01:20:00.633+0000] {dag.py:3047} INFO - Sync 1 DAGs
[2024-03-21T01:20:00.660+0000] {logging_mixin.py:188} INFO - [2024-03-21T01:20:00.659+0000] {dag.py:3834} INFO - Setting next_dagrun for example_xcom to 2021-01-01 00:00:00+00:00, run_after=2021-01-01 00:00:00+00:00
[2024-03-21T01:20:00.690+0000] {processor.py:183} INFO - Processing /home/airflow/.local/lib/python3.8/site-packages/airflow/example_dags/example_xcom.py took 0.103 seconds
[2024-03-21T01:20:30.949+0000] {processor.py:161} INFO - Started process (PID=815) to work on /home/airflow/.local/lib/python3.8/site-packages/airflow/example_dags/example_xcom.py
[2024-03-21T01:20:30.951+0000] {processor.py:830} INFO - Processing file /home/airflow/.local/lib/python3.8/site-packages/airflow/example_dags/example_xcom.py for tasks to queue
[2024-03-21T01:20:30.955+0000] {logging_mixin.py:188} INFO - [2024-03-21T01:20:30.954+0000] {dagbag.py:540} INFO - Filling up the DagBag from /home/airflow/.local/lib/python3.8/site-packages/airflow/example_dags/example_xcom.py
[2024-03-21T01:20:30.968+0000] {processor.py:840} INFO - DAG(s) 'example_xcom' retrieved from /home/airflow/.local/lib/python3.8/site-packages/airflow/example_dags/example_xcom.py
[2024-03-21T01:20:31.001+0000] {logging_mixin.py:188} INFO - [2024-03-21T01:20:31.001+0000] {dag.py:3047} INFO - Sync 1 DAGs
[2024-03-21T01:20:31.042+0000] {logging_mixin.py:188} INFO - [2024-03-21T01:20:31.042+0000] {dag.py:3834} INFO - Setting next_dagrun for example_xcom to 2021-01-01 00:00:00+00:00, run_after=2021-01-01 00:00:00+00:00
[2024-03-21T01:20:31.074+0000] {processor.py:183} INFO - Processing /home/airflow/.local/lib/python3.8/site-packages/airflow/example_dags/example_xcom.py took 0.131 seconds
[2024-03-21T01:21:01.663+0000] {processor.py:161} INFO - Started process (PID=869) to work on /home/airflow/.local/lib/python3.8/site-packages/airflow/example_dags/example_xcom.py
[2024-03-21T01:21:01.666+0000] {processor.py:830} INFO - Processing file /home/airflow/.local/lib/python3.8/site-packages/airflow/example_dags/example_xcom.py for tasks to queue
[2024-03-21T01:21:01.669+0000] {logging_mixin.py:188} INFO - [2024-03-21T01:21:01.668+0000] {dagbag.py:540} INFO - Filling up the DagBag from /home/airflow/.local/lib/python3.8/site-packages/airflow/example_dags/example_xcom.py
[2024-03-21T01:21:01.686+0000] {processor.py:840} INFO - DAG(s) 'example_xcom' retrieved from /home/airflow/.local/lib/python3.8/site-packages/airflow/example_dags/example_xcom.py
[2024-03-21T01:21:01.731+0000] {logging_mixin.py:188} INFO - [2024-03-21T01:21:01.731+0000] {dag.py:3047} INFO - Sync 1 DAGs
[2024-03-21T01:21:01.769+0000] {logging_mixin.py:188} INFO - [2024-03-21T01:21:01.768+0000] {dag.py:3834} INFO - Setting next_dagrun for example_xcom to 2021-01-01 00:00:00+00:00, run_after=2021-01-01 00:00:00+00:00
[2024-03-21T01:21:01.802+0000] {processor.py:183} INFO - Processing /home/airflow/.local/lib/python3.8/site-packages/airflow/example_dags/example_xcom.py took 0.146 seconds
[2024-03-21T01:21:34.712+0000] {processor.py:161} INFO - Started process (PID=924) to work on /home/airflow/.local/lib/python3.8/site-packages/airflow/example_dags/example_xcom.py
[2024-03-21T01:21:34.733+0000] {processor.py:830} INFO - Processing file /home/airflow/.local/lib/python3.8/site-packages/airflow/example_dags/example_xcom.py for tasks to queue
[2024-03-21T01:21:34.746+0000] {logging_mixin.py:188} INFO - [2024-03-21T01:21:34.745+0000] {dagbag.py:540} INFO - Filling up the DagBag from /home/airflow/.local/lib/python3.8/site-packages/airflow/example_dags/example_xcom.py
[2024-03-21T01:21:34.786+0000] {processor.py:840} INFO - DAG(s) 'example_xcom' retrieved from /home/airflow/.local/lib/python3.8/site-packages/airflow/example_dags/example_xcom.py
[2024-03-21T01:21:34.862+0000] {logging_mixin.py:188} INFO - [2024-03-21T01:21:34.862+0000] {dag.py:3047} INFO - Sync 1 DAGs
[2024-03-21T01:21:35.051+0000] {logging_mixin.py:188} INFO - [2024-03-21T01:21:35.049+0000] {dag.py:3834} INFO - Setting next_dagrun for example_xcom to 2021-01-01 00:00:00+00:00, run_after=2021-01-01 00:00:00+00:00
[2024-03-21T01:21:35.141+0000] {processor.py:183} INFO - Processing /home/airflow/.local/lib/python3.8/site-packages/airflow/example_dags/example_xcom.py took 0.457 seconds
[2024-03-21T01:22:05.728+0000] {processor.py:161} INFO - Started process (PID=980) to work on /home/airflow/.local/lib/python3.8/site-packages/airflow/example_dags/example_xcom.py
[2024-03-21T01:22:05.729+0000] {processor.py:830} INFO - Processing file /home/airflow/.local/lib/python3.8/site-packages/airflow/example_dags/example_xcom.py for tasks to queue
[2024-03-21T01:22:05.730+0000] {logging_mixin.py:188} INFO - [2024-03-21T01:22:05.730+0000] {dagbag.py:540} INFO - Filling up the DagBag from /home/airflow/.local/lib/python3.8/site-packages/airflow/example_dags/example_xcom.py
[2024-03-21T01:22:05.737+0000] {processor.py:840} INFO - DAG(s) 'example_xcom' retrieved from /home/airflow/.local/lib/python3.8/site-packages/airflow/example_dags/example_xcom.py
[2024-03-21T01:22:05.758+0000] {logging_mixin.py:188} INFO - [2024-03-21T01:22:05.758+0000] {dag.py:3047} INFO - Sync 1 DAGs
[2024-03-21T01:22:05.779+0000] {logging_mixin.py:188} INFO - [2024-03-21T01:22:05.779+0000] {dag.py:3834} INFO - Setting next_dagrun for example_xcom to 2021-01-01 00:00:00+00:00, run_after=2021-01-01 00:00:00+00:00
[2024-03-21T01:22:05.809+0000] {processor.py:183} INFO - Processing /home/airflow/.local/lib/python3.8/site-packages/airflow/example_dags/example_xcom.py took 0.085 seconds
[2024-03-21T01:22:35.853+0000] {processor.py:161} INFO - Started process (PID=1034) to work on /home/airflow/.local/lib/python3.8/site-packages/airflow/example_dags/example_xcom.py
[2024-03-21T01:22:35.857+0000] {processor.py:830} INFO - Processing file /home/airflow/.local/lib/python3.8/site-packages/airflow/example_dags/example_xcom.py for tasks to queue
[2024-03-21T01:22:35.861+0000] {logging_mixin.py:188} INFO - [2024-03-21T01:22:35.860+0000] {dagbag.py:540} INFO - Filling up the DagBag from /home/airflow/.local/lib/python3.8/site-packages/airflow/example_dags/example_xcom.py
[2024-03-21T01:22:35.871+0000] {processor.py:840} INFO - DAG(s) 'example_xcom' retrieved from /home/airflow/.local/lib/python3.8/site-packages/airflow/example_dags/example_xcom.py
[2024-03-21T01:22:35.899+0000] {logging_mixin.py:188} INFO - [2024-03-21T01:22:35.899+0000] {dag.py:3047} INFO - Sync 1 DAGs
[2024-03-21T01:22:35.924+0000] {logging_mixin.py:188} INFO - [2024-03-21T01:22:35.924+0000] {dag.py:3834} INFO - Setting next_dagrun for example_xcom to 2021-01-01 00:00:00+00:00, run_after=2021-01-01 00:00:00+00:00
[2024-03-21T01:22:35.951+0000] {processor.py:183} INFO - Processing /home/airflow/.local/lib/python3.8/site-packages/airflow/example_dags/example_xcom.py took 0.104 seconds
[2024-03-21T01:23:06.507+0000] {processor.py:161} INFO - Started process (PID=1090) to work on /home/airflow/.local/lib/python3.8/site-packages/airflow/example_dags/example_xcom.py
[2024-03-21T01:23:06.509+0000] {processor.py:830} INFO - Processing file /home/airflow/.local/lib/python3.8/site-packages/airflow/example_dags/example_xcom.py for tasks to queue
[2024-03-21T01:23:06.512+0000] {logging_mixin.py:188} INFO - [2024-03-21T01:23:06.511+0000] {dagbag.py:540} INFO - Filling up the DagBag from /home/airflow/.local/lib/python3.8/site-packages/airflow/example_dags/example_xcom.py
[2024-03-21T01:23:06.524+0000] {processor.py:840} INFO - DAG(s) 'example_xcom' retrieved from /home/airflow/.local/lib/python3.8/site-packages/airflow/example_dags/example_xcom.py
[2024-03-21T01:23:06.589+0000] {logging_mixin.py:188} INFO - [2024-03-21T01:23:06.589+0000] {dag.py:3047} INFO - Sync 1 DAGs
[2024-03-21T01:23:06.653+0000] {logging_mixin.py:188} INFO - [2024-03-21T01:23:06.653+0000] {dag.py:3834} INFO - Setting next_dagrun for example_xcom to 2021-01-01 00:00:00+00:00, run_after=2021-01-01 00:00:00+00:00
[2024-03-21T01:23:06.693+0000] {processor.py:183} INFO - Processing /home/airflow/.local/lib/python3.8/site-packages/airflow/example_dags/example_xcom.py took 0.191 seconds
[2024-03-21T01:23:37.532+0000] {processor.py:161} INFO - Started process (PID=1144) to work on /home/airflow/.local/lib/python3.8/site-packages/airflow/example_dags/example_xcom.py
[2024-03-21T01:23:37.533+0000] {processor.py:830} INFO - Processing file /home/airflow/.local/lib/python3.8/site-packages/airflow/example_dags/example_xcom.py for tasks to queue
[2024-03-21T01:23:37.535+0000] {logging_mixin.py:188} INFO - [2024-03-21T01:23:37.534+0000] {dagbag.py:540} INFO - Filling up the DagBag from /home/airflow/.local/lib/python3.8/site-packages/airflow/example_dags/example_xcom.py
[2024-03-21T01:23:37.542+0000] {processor.py:840} INFO - DAG(s) 'example_xcom' retrieved from /home/airflow/.local/lib/python3.8/site-packages/airflow/example_dags/example_xcom.py
[2024-03-21T01:23:37.564+0000] {logging_mixin.py:188} INFO - [2024-03-21T01:23:37.563+0000] {dag.py:3047} INFO - Sync 1 DAGs
[2024-03-21T01:23:37.586+0000] {logging_mixin.py:188} INFO - [2024-03-21T01:23:37.586+0000] {dag.py:3834} INFO - Setting next_dagrun for example_xcom to 2021-01-01 00:00:00+00:00, run_after=2021-01-01 00:00:00+00:00
[2024-03-21T01:23:37.611+0000] {processor.py:183} INFO - Processing /home/airflow/.local/lib/python3.8/site-packages/airflow/example_dags/example_xcom.py took 0.083 seconds
[2024-03-21T01:24:07.734+0000] {processor.py:161} INFO - Started process (PID=1198) to work on /home/airflow/.local/lib/python3.8/site-packages/airflow/example_dags/example_xcom.py
[2024-03-21T01:24:07.735+0000] {processor.py:830} INFO - Processing file /home/airflow/.local/lib/python3.8/site-packages/airflow/example_dags/example_xcom.py for tasks to queue
[2024-03-21T01:24:07.737+0000] {logging_mixin.py:188} INFO - [2024-03-21T01:24:07.737+0000] {dagbag.py:540} INFO - Filling up the DagBag from /home/airflow/.local/lib/python3.8/site-packages/airflow/example_dags/example_xcom.py
[2024-03-21T01:24:07.746+0000] {processor.py:840} INFO - DAG(s) 'example_xcom' retrieved from /home/airflow/.local/lib/python3.8/site-packages/airflow/example_dags/example_xcom.py
[2024-03-21T01:24:07.771+0000] {logging_mixin.py:188} INFO - [2024-03-21T01:24:07.771+0000] {dag.py:3047} INFO - Sync 1 DAGs
[2024-03-21T01:24:07.796+0000] {logging_mixin.py:188} INFO - [2024-03-21T01:24:07.795+0000] {dag.py:3834} INFO - Setting next_dagrun for example_xcom to 2021-01-01 00:00:00+00:00, run_after=2021-01-01 00:00:00+00:00
[2024-03-21T01:24:07.821+0000] {processor.py:183} INFO - Processing /home/airflow/.local/lib/python3.8/site-packages/airflow/example_dags/example_xcom.py took 0.092 seconds
[2024-03-21T01:24:37.857+0000] {processor.py:161} INFO - Started process (PID=1253) to work on /home/airflow/.local/lib/python3.8/site-packages/airflow/example_dags/example_xcom.py
[2024-03-21T01:24:37.858+0000] {processor.py:830} INFO - Processing file /home/airflow/.local/lib/python3.8/site-packages/airflow/example_dags/example_xcom.py for tasks to queue
[2024-03-21T01:24:37.861+0000] {logging_mixin.py:188} INFO - [2024-03-21T01:24:37.860+0000] {dagbag.py:540} INFO - Filling up the DagBag from /home/airflow/.local/lib/python3.8/site-packages/airflow/example_dags/example_xcom.py
[2024-03-21T01:24:37.871+0000] {processor.py:840} INFO - DAG(s) 'example_xcom' retrieved from /home/airflow/.local/lib/python3.8/site-packages/airflow/example_dags/example_xcom.py
[2024-03-21T01:24:37.900+0000] {logging_mixin.py:188} INFO - [2024-03-21T01:24:37.900+0000] {dag.py:3047} INFO - Sync 1 DAGs
[2024-03-21T01:24:37.934+0000] {logging_mixin.py:188} INFO - [2024-03-21T01:24:37.933+0000] {dag.py:3834} INFO - Setting next_dagrun for example_xcom to 2021-01-01 00:00:00+00:00, run_after=2021-01-01 00:00:00+00:00
[2024-03-21T01:24:37.967+0000] {processor.py:183} INFO - Processing /home/airflow/.local/lib/python3.8/site-packages/airflow/example_dags/example_xcom.py took 0.115 seconds
[2024-03-21T01:25:08.028+0000] {processor.py:161} INFO - Started process (PID=1308) to work on /home/airflow/.local/lib/python3.8/site-packages/airflow/example_dags/example_xcom.py
[2024-03-21T01:25:08.030+0000] {processor.py:830} INFO - Processing file /home/airflow/.local/lib/python3.8/site-packages/airflow/example_dags/example_xcom.py for tasks to queue
[2024-03-21T01:25:08.032+0000] {logging_mixin.py:188} INFO - [2024-03-21T01:25:08.031+0000] {dagbag.py:540} INFO - Filling up the DagBag from /home/airflow/.local/lib/python3.8/site-packages/airflow/example_dags/example_xcom.py
[2024-03-21T01:25:08.038+0000] {processor.py:840} INFO - DAG(s) 'example_xcom' retrieved from /home/airflow/.local/lib/python3.8/site-packages/airflow/example_dags/example_xcom.py
[2024-03-21T01:25:08.059+0000] {logging_mixin.py:188} INFO - [2024-03-21T01:25:08.059+0000] {dag.py:3047} INFO - Sync 1 DAGs
[2024-03-21T01:25:08.085+0000] {logging_mixin.py:188} INFO - [2024-03-21T01:25:08.085+0000] {dag.py:3834} INFO - Setting next_dagrun for example_xcom to 2021-01-01 00:00:00+00:00, run_after=2021-01-01 00:00:00+00:00
[2024-03-21T01:25:08.126+0000] {processor.py:183} INFO - Processing /home/airflow/.local/lib/python3.8/site-packages/airflow/example_dags/example_xcom.py took 0.101 seconds
[2024-03-21T01:25:38.514+0000] {processor.py:161} INFO - Started process (PID=1363) to work on /home/airflow/.local/lib/python3.8/site-packages/airflow/example_dags/example_xcom.py
[2024-03-21T01:25:38.516+0000] {processor.py:830} INFO - Processing file /home/airflow/.local/lib/python3.8/site-packages/airflow/example_dags/example_xcom.py for tasks to queue
[2024-03-21T01:25:38.518+0000] {logging_mixin.py:188} INFO - [2024-03-21T01:25:38.517+0000] {dagbag.py:540} INFO - Filling up the DagBag from /home/airflow/.local/lib/python3.8/site-packages/airflow/example_dags/example_xcom.py
[2024-03-21T01:25:38.526+0000] {processor.py:840} INFO - DAG(s) 'example_xcom' retrieved from /home/airflow/.local/lib/python3.8/site-packages/airflow/example_dags/example_xcom.py
[2024-03-21T01:25:38.553+0000] {logging_mixin.py:188} INFO - [2024-03-21T01:25:38.553+0000] {dag.py:3047} INFO - Sync 1 DAGs
[2024-03-21T01:25:38.580+0000] {logging_mixin.py:188} INFO - [2024-03-21T01:25:38.579+0000] {dag.py:3834} INFO - Setting next_dagrun for example_xcom to 2021-01-01 00:00:00+00:00, run_after=2021-01-01 00:00:00+00:00
[2024-03-21T01:25:38.612+0000] {processor.py:183} INFO - Processing /home/airflow/.local/lib/python3.8/site-packages/airflow/example_dags/example_xcom.py took 0.102 seconds
[2024-03-21T01:26:08.741+0000] {processor.py:161} INFO - Started process (PID=1418) to work on /home/airflow/.local/lib/python3.8/site-packages/airflow/example_dags/example_xcom.py
[2024-03-21T01:26:08.742+0000] {processor.py:830} INFO - Processing file /home/airflow/.local/lib/python3.8/site-packages/airflow/example_dags/example_xcom.py for tasks to queue
[2024-03-21T01:26:08.745+0000] {logging_mixin.py:188} INFO - [2024-03-21T01:26:08.744+0000] {dagbag.py:540} INFO - Filling up the DagBag from /home/airflow/.local/lib/python3.8/site-packages/airflow/example_dags/example_xcom.py
[2024-03-21T01:26:08.757+0000] {processor.py:840} INFO - DAG(s) 'example_xcom' retrieved from /home/airflow/.local/lib/python3.8/site-packages/airflow/example_dags/example_xcom.py
[2024-03-21T01:26:08.787+0000] {logging_mixin.py:188} INFO - [2024-03-21T01:26:08.786+0000] {dag.py:3047} INFO - Sync 1 DAGs
[2024-03-21T01:26:08.837+0000] {logging_mixin.py:188} INFO - [2024-03-21T01:26:08.837+0000] {dag.py:3834} INFO - Setting next_dagrun for example_xcom to 2021-01-01 00:00:00+00:00, run_after=2021-01-01 00:00:00+00:00
[2024-03-21T01:26:08.872+0000] {processor.py:183} INFO - Processing /home/airflow/.local/lib/python3.8/site-packages/airflow/example_dags/example_xcom.py took 0.135 seconds
[2024-03-21T01:26:38.955+0000] {processor.py:161} INFO - Started process (PID=1473) to work on /home/airflow/.local/lib/python3.8/site-packages/airflow/example_dags/example_xcom.py
[2024-03-21T01:26:38.957+0000] {processor.py:830} INFO - Processing file /home/airflow/.local/lib/python3.8/site-packages/airflow/example_dags/example_xcom.py for tasks to queue
[2024-03-21T01:26:38.959+0000] {logging_mixin.py:188} INFO - [2024-03-21T01:26:38.959+0000] {dagbag.py:540} INFO - Filling up the DagBag from /home/airflow/.local/lib/python3.8/site-packages/airflow/example_dags/example_xcom.py
[2024-03-21T01:26:38.968+0000] {processor.py:840} INFO - DAG(s) 'example_xcom' retrieved from /home/airflow/.local/lib/python3.8/site-packages/airflow/example_dags/example_xcom.py
[2024-03-21T01:26:39.005+0000] {logging_mixin.py:188} INFO - [2024-03-21T01:26:39.004+0000] {dag.py:3047} INFO - Sync 1 DAGs
[2024-03-21T01:26:39.044+0000] {logging_mixin.py:188} INFO - [2024-03-21T01:26:39.044+0000] {dag.py:3834} INFO - Setting next_dagrun for example_xcom to 2021-01-01 00:00:00+00:00, run_after=2021-01-01 00:00:00+00:00
[2024-03-21T01:26:39.073+0000] {processor.py:183} INFO - Processing /home/airflow/.local/lib/python3.8/site-packages/airflow/example_dags/example_xcom.py took 0.122 seconds
[2024-03-21T01:27:09.253+0000] {processor.py:161} INFO - Started process (PID=1528) to work on /home/airflow/.local/lib/python3.8/site-packages/airflow/example_dags/example_xcom.py
[2024-03-21T01:27:09.255+0000] {processor.py:830} INFO - Processing file /home/airflow/.local/lib/python3.8/site-packages/airflow/example_dags/example_xcom.py for tasks to queue
[2024-03-21T01:27:09.258+0000] {logging_mixin.py:188} INFO - [2024-03-21T01:27:09.257+0000] {dagbag.py:540} INFO - Filling up the DagBag from /home/airflow/.local/lib/python3.8/site-packages/airflow/example_dags/example_xcom.py
[2024-03-21T01:27:09.267+0000] {processor.py:840} INFO - DAG(s) 'example_xcom' retrieved from /home/airflow/.local/lib/python3.8/site-packages/airflow/example_dags/example_xcom.py
[2024-03-21T01:27:09.305+0000] {logging_mixin.py:188} INFO - [2024-03-21T01:27:09.305+0000] {dag.py:3047} INFO - Sync 1 DAGs
[2024-03-21T01:27:09.342+0000] {logging_mixin.py:188} INFO - [2024-03-21T01:27:09.341+0000] {dag.py:3834} INFO - Setting next_dagrun for example_xcom to 2021-01-01 00:00:00+00:00, run_after=2021-01-01 00:00:00+00:00
[2024-03-21T01:27:09.372+0000] {processor.py:183} INFO - Processing /home/airflow/.local/lib/python3.8/site-packages/airflow/example_dags/example_xcom.py took 0.124 seconds
[2024-03-21T01:27:39.671+0000] {processor.py:161} INFO - Started process (PID=1583) to work on /home/airflow/.local/lib/python3.8/site-packages/airflow/example_dags/example_xcom.py
[2024-03-21T01:27:39.672+0000] {processor.py:830} INFO - Processing file /home/airflow/.local/lib/python3.8/site-packages/airflow/example_dags/example_xcom.py for tasks to queue
[2024-03-21T01:27:39.675+0000] {logging_mixin.py:188} INFO - [2024-03-21T01:27:39.674+0000] {dagbag.py:540} INFO - Filling up the DagBag from /home/airflow/.local/lib/python3.8/site-packages/airflow/example_dags/example_xcom.py
[2024-03-21T01:27:39.684+0000] {processor.py:840} INFO - DAG(s) 'example_xcom' retrieved from /home/airflow/.local/lib/python3.8/site-packages/airflow/example_dags/example_xcom.py
[2024-03-21T01:27:39.716+0000] {logging_mixin.py:188} INFO - [2024-03-21T01:27:39.716+0000] {dag.py:3047} INFO - Sync 1 DAGs
[2024-03-21T01:27:39.752+0000] {logging_mixin.py:188} INFO - [2024-03-21T01:27:39.751+0000] {dag.py:3834} INFO - Setting next_dagrun for example_xcom to 2021-01-01 00:00:00+00:00, run_after=2021-01-01 00:00:00+00:00
[2024-03-21T01:27:39.783+0000] {processor.py:183} INFO - Processing /home/airflow/.local/lib/python3.8/site-packages/airflow/example_dags/example_xcom.py took 0.116 seconds
[2024-03-21T01:28:09.971+0000] {processor.py:161} INFO - Started process (PID=1638) to work on /home/airflow/.local/lib/python3.8/site-packages/airflow/example_dags/example_xcom.py
[2024-03-21T01:28:09.972+0000] {processor.py:830} INFO - Processing file /home/airflow/.local/lib/python3.8/site-packages/airflow/example_dags/example_xcom.py for tasks to queue
[2024-03-21T01:28:09.974+0000] {logging_mixin.py:188} INFO - [2024-03-21T01:28:09.973+0000] {dagbag.py:540} INFO - Filling up the DagBag from /home/airflow/.local/lib/python3.8/site-packages/airflow/example_dags/example_xcom.py
[2024-03-21T01:28:09.982+0000] {processor.py:840} INFO - DAG(s) 'example_xcom' retrieved from /home/airflow/.local/lib/python3.8/site-packages/airflow/example_dags/example_xcom.py
[2024-03-21T01:28:10.007+0000] {logging_mixin.py:188} INFO - [2024-03-21T01:28:10.007+0000] {dag.py:3047} INFO - Sync 1 DAGs
[2024-03-21T01:28:10.030+0000] {logging_mixin.py:188} INFO - [2024-03-21T01:28:10.030+0000] {dag.py:3834} INFO - Setting next_dagrun for example_xcom to 2021-01-01 00:00:00+00:00, run_after=2021-01-01 00:00:00+00:00
[2024-03-21T01:28:10.052+0000] {processor.py:183} INFO - Processing /home/airflow/.local/lib/python3.8/site-packages/airflow/example_dags/example_xcom.py took 0.084 seconds
[2024-03-21T01:28:40.315+0000] {processor.py:161} INFO - Started process (PID=1693) to work on /home/airflow/.local/lib/python3.8/site-packages/airflow/example_dags/example_xcom.py
[2024-03-21T01:28:40.325+0000] {processor.py:830} INFO - Processing file /home/airflow/.local/lib/python3.8/site-packages/airflow/example_dags/example_xcom.py for tasks to queue
[2024-03-21T01:28:40.329+0000] {logging_mixin.py:188} INFO - [2024-03-21T01:28:40.328+0000] {dagbag.py:540} INFO - Filling up the DagBag from /home/airflow/.local/lib/python3.8/site-packages/airflow/example_dags/example_xcom.py
[2024-03-21T01:28:40.346+0000] {processor.py:840} INFO - DAG(s) 'example_xcom' retrieved from /home/airflow/.local/lib/python3.8/site-packages/airflow/example_dags/example_xcom.py
[2024-03-21T01:28:40.393+0000] {logging_mixin.py:188} INFO - [2024-03-21T01:28:40.393+0000] {dag.py:3047} INFO - Sync 1 DAGs
[2024-03-21T01:28:40.443+0000] {logging_mixin.py:188} INFO - [2024-03-21T01:28:40.443+0000] {dag.py:3834} INFO - Setting next_dagrun for example_xcom to 2021-01-01 00:00:00+00:00, run_after=2021-01-01 00:00:00+00:00
[2024-03-21T01:28:40.490+0000] {processor.py:183} INFO - Processing /home/airflow/.local/lib/python3.8/site-packages/airflow/example_dags/example_xcom.py took 0.181 seconds
[2024-03-21T01:29:10.686+0000] {processor.py:161} INFO - Started process (PID=1749) to work on /home/airflow/.local/lib/python3.8/site-packages/airflow/example_dags/example_xcom.py
[2024-03-21T01:29:10.687+0000] {processor.py:830} INFO - Processing file /home/airflow/.local/lib/python3.8/site-packages/airflow/example_dags/example_xcom.py for tasks to queue
[2024-03-21T01:29:10.689+0000] {logging_mixin.py:188} INFO - [2024-03-21T01:29:10.688+0000] {dagbag.py:540} INFO - Filling up the DagBag from /home/airflow/.local/lib/python3.8/site-packages/airflow/example_dags/example_xcom.py
[2024-03-21T01:29:10.697+0000] {processor.py:840} INFO - DAG(s) 'example_xcom' retrieved from /home/airflow/.local/lib/python3.8/site-packages/airflow/example_dags/example_xcom.py
[2024-03-21T01:29:10.718+0000] {logging_mixin.py:188} INFO - [2024-03-21T01:29:10.718+0000] {dag.py:3047} INFO - Sync 1 DAGs
[2024-03-21T01:29:10.738+0000] {logging_mixin.py:188} INFO - [2024-03-21T01:29:10.738+0000] {dag.py:3834} INFO - Setting next_dagrun for example_xcom to 2021-01-01 00:00:00+00:00, run_after=2021-01-01 00:00:00+00:00
[2024-03-21T01:29:10.760+0000] {processor.py:183} INFO - Processing /home/airflow/.local/lib/python3.8/site-packages/airflow/example_dags/example_xcom.py took 0.078 seconds
[2024-03-21T01:29:40.902+0000] {processor.py:161} INFO - Started process (PID=1804) to work on /home/airflow/.local/lib/python3.8/site-packages/airflow/example_dags/example_xcom.py
[2024-03-21T01:29:40.903+0000] {processor.py:830} INFO - Processing file /home/airflow/.local/lib/python3.8/site-packages/airflow/example_dags/example_xcom.py for tasks to queue
[2024-03-21T01:29:40.905+0000] {logging_mixin.py:188} INFO - [2024-03-21T01:29:40.905+0000] {dagbag.py:540} INFO - Filling up the DagBag from /home/airflow/.local/lib/python3.8/site-packages/airflow/example_dags/example_xcom.py
[2024-03-21T01:29:40.912+0000] {processor.py:840} INFO - DAG(s) 'example_xcom' retrieved from /home/airflow/.local/lib/python3.8/site-packages/airflow/example_dags/example_xcom.py
[2024-03-21T01:29:40.937+0000] {logging_mixin.py:188} INFO - [2024-03-21T01:29:40.937+0000] {dag.py:3047} INFO - Sync 1 DAGs
[2024-03-21T01:29:40.959+0000] {logging_mixin.py:188} INFO - [2024-03-21T01:29:40.958+0000] {dag.py:3834} INFO - Setting next_dagrun for example_xcom to 2021-01-01 00:00:00+00:00, run_after=2021-01-01 00:00:00+00:00
[2024-03-21T01:29:40.980+0000] {processor.py:183} INFO - Processing /home/airflow/.local/lib/python3.8/site-packages/airflow/example_dags/example_xcom.py took 0.081 seconds
[2024-03-21T01:30:11.266+0000] {processor.py:161} INFO - Started process (PID=1858) to work on /home/airflow/.local/lib/python3.8/site-packages/airflow/example_dags/example_xcom.py
[2024-03-21T01:30:11.269+0000] {processor.py:830} INFO - Processing file /home/airflow/.local/lib/python3.8/site-packages/airflow/example_dags/example_xcom.py for tasks to queue
[2024-03-21T01:30:11.271+0000] {logging_mixin.py:188} INFO - [2024-03-21T01:30:11.271+0000] {dagbag.py:540} INFO - Filling up the DagBag from /home/airflow/.local/lib/python3.8/site-packages/airflow/example_dags/example_xcom.py
[2024-03-21T01:30:11.279+0000] {processor.py:840} INFO - DAG(s) 'example_xcom' retrieved from /home/airflow/.local/lib/python3.8/site-packages/airflow/example_dags/example_xcom.py
[2024-03-21T01:30:11.303+0000] {logging_mixin.py:188} INFO - [2024-03-21T01:30:11.302+0000] {dag.py:3047} INFO - Sync 1 DAGs
[2024-03-21T01:30:11.327+0000] {logging_mixin.py:188} INFO - [2024-03-21T01:30:11.327+0000] {dag.py:3834} INFO - Setting next_dagrun for example_xcom to 2021-01-01 00:00:00+00:00, run_after=2021-01-01 00:00:00+00:00
[2024-03-21T01:30:11.349+0000] {processor.py:183} INFO - Processing /home/airflow/.local/lib/python3.8/site-packages/airflow/example_dags/example_xcom.py took 0.086 seconds
[2024-03-21T01:30:41.476+0000] {processor.py:161} INFO - Started process (PID=1913) to work on /home/airflow/.local/lib/python3.8/site-packages/airflow/example_dags/example_xcom.py
[2024-03-21T01:30:41.478+0000] {processor.py:830} INFO - Processing file /home/airflow/.local/lib/python3.8/site-packages/airflow/example_dags/example_xcom.py for tasks to queue
[2024-03-21T01:30:41.482+0000] {logging_mixin.py:188} INFO - [2024-03-21T01:30:41.481+0000] {dagbag.py:540} INFO - Filling up the DagBag from /home/airflow/.local/lib/python3.8/site-packages/airflow/example_dags/example_xcom.py
[2024-03-21T01:30:41.504+0000] {processor.py:840} INFO - DAG(s) 'example_xcom' retrieved from /home/airflow/.local/lib/python3.8/site-packages/airflow/example_dags/example_xcom.py
[2024-03-21T01:30:41.574+0000] {logging_mixin.py:188} INFO - [2024-03-21T01:30:41.573+0000] {dag.py:3047} INFO - Sync 1 DAGs
[2024-03-21T01:30:41.639+0000] {logging_mixin.py:188} INFO - [2024-03-21T01:30:41.638+0000] {dag.py:3834} INFO - Setting next_dagrun for example_xcom to 2021-01-01 00:00:00+00:00, run_after=2021-01-01 00:00:00+00:00
[2024-03-21T01:30:41.690+0000] {processor.py:183} INFO - Processing /home/airflow/.local/lib/python3.8/site-packages/airflow/example_dags/example_xcom.py took 0.221 seconds
[2024-03-21T01:31:12.399+0000] {processor.py:161} INFO - Started process (PID=1968) to work on /home/airflow/.local/lib/python3.8/site-packages/airflow/example_dags/example_xcom.py
[2024-03-21T01:31:12.401+0000] {processor.py:830} INFO - Processing file /home/airflow/.local/lib/python3.8/site-packages/airflow/example_dags/example_xcom.py for tasks to queue
[2024-03-21T01:31:12.403+0000] {logging_mixin.py:188} INFO - [2024-03-21T01:31:12.403+0000] {dagbag.py:540} INFO - Filling up the DagBag from /home/airflow/.local/lib/python3.8/site-packages/airflow/example_dags/example_xcom.py
[2024-03-21T01:31:12.413+0000] {processor.py:840} INFO - DAG(s) 'example_xcom' retrieved from /home/airflow/.local/lib/python3.8/site-packages/airflow/example_dags/example_xcom.py
[2024-03-21T01:31:12.442+0000] {logging_mixin.py:188} INFO - [2024-03-21T01:31:12.441+0000] {dag.py:3047} INFO - Sync 1 DAGs
[2024-03-21T01:31:12.491+0000] {logging_mixin.py:188} INFO - [2024-03-21T01:31:12.491+0000] {dag.py:3834} INFO - Setting next_dagrun for example_xcom to 2021-01-01 00:00:00+00:00, run_after=2021-01-01 00:00:00+00:00
[2024-03-21T01:31:12.518+0000] {processor.py:183} INFO - Processing /home/airflow/.local/lib/python3.8/site-packages/airflow/example_dags/example_xcom.py took 0.127 seconds
[2024-03-21T01:31:42.634+0000] {processor.py:161} INFO - Started process (PID=2023) to work on /home/airflow/.local/lib/python3.8/site-packages/airflow/example_dags/example_xcom.py
[2024-03-21T01:31:42.636+0000] {processor.py:830} INFO - Processing file /home/airflow/.local/lib/python3.8/site-packages/airflow/example_dags/example_xcom.py for tasks to queue
[2024-03-21T01:31:42.637+0000] {logging_mixin.py:188} INFO - [2024-03-21T01:31:42.637+0000] {dagbag.py:540} INFO - Filling up the DagBag from /home/airflow/.local/lib/python3.8/site-packages/airflow/example_dags/example_xcom.py
[2024-03-21T01:31:42.646+0000] {processor.py:840} INFO - DAG(s) 'example_xcom' retrieved from /home/airflow/.local/lib/python3.8/site-packages/airflow/example_dags/example_xcom.py
[2024-03-21T01:31:42.668+0000] {logging_mixin.py:188} INFO - [2024-03-21T01:31:42.668+0000] {dag.py:3047} INFO - Sync 1 DAGs
[2024-03-21T01:31:42.698+0000] {logging_mixin.py:188} INFO - [2024-03-21T01:31:42.698+0000] {dag.py:3834} INFO - Setting next_dagrun for example_xcom to 2021-01-01 00:00:00+00:00, run_after=2021-01-01 00:00:00+00:00
[2024-03-21T01:31:42.727+0000] {processor.py:183} INFO - Processing /home/airflow/.local/lib/python3.8/site-packages/airflow/example_dags/example_xcom.py took 0.096 seconds
[2024-03-21T01:32:13.328+0000] {processor.py:161} INFO - Started process (PID=2078) to work on /home/airflow/.local/lib/python3.8/site-packages/airflow/example_dags/example_xcom.py
[2024-03-21T01:32:13.329+0000] {processor.py:830} INFO - Processing file /home/airflow/.local/lib/python3.8/site-packages/airflow/example_dags/example_xcom.py for tasks to queue
[2024-03-21T01:32:13.331+0000] {logging_mixin.py:188} INFO - [2024-03-21T01:32:13.331+0000] {dagbag.py:540} INFO - Filling up the DagBag from /home/airflow/.local/lib/python3.8/site-packages/airflow/example_dags/example_xcom.py
[2024-03-21T01:32:13.338+0000] {processor.py:840} INFO - DAG(s) 'example_xcom' retrieved from /home/airflow/.local/lib/python3.8/site-packages/airflow/example_dags/example_xcom.py
[2024-03-21T01:32:13.361+0000] {logging_mixin.py:188} INFO - [2024-03-21T01:32:13.361+0000] {dag.py:3047} INFO - Sync 1 DAGs
[2024-03-21T01:32:13.382+0000] {logging_mixin.py:188} INFO - [2024-03-21T01:32:13.382+0000] {dag.py:3834} INFO - Setting next_dagrun for example_xcom to 2021-01-01 00:00:00+00:00, run_after=2021-01-01 00:00:00+00:00
[2024-03-21T01:32:13.408+0000] {processor.py:183} INFO - Processing /home/airflow/.local/lib/python3.8/site-packages/airflow/example_dags/example_xcom.py took 0.083 seconds
[2024-03-21T01:32:44.051+0000] {processor.py:161} INFO - Started process (PID=2133) to work on /home/airflow/.local/lib/python3.8/site-packages/airflow/example_dags/example_xcom.py
[2024-03-21T01:32:44.052+0000] {processor.py:830} INFO - Processing file /home/airflow/.local/lib/python3.8/site-packages/airflow/example_dags/example_xcom.py for tasks to queue
[2024-03-21T01:32:44.054+0000] {logging_mixin.py:188} INFO - [2024-03-21T01:32:44.054+0000] {dagbag.py:540} INFO - Filling up the DagBag from /home/airflow/.local/lib/python3.8/site-packages/airflow/example_dags/example_xcom.py
[2024-03-21T01:32:44.062+0000] {processor.py:840} INFO - DAG(s) 'example_xcom' retrieved from /home/airflow/.local/lib/python3.8/site-packages/airflow/example_dags/example_xcom.py
[2024-03-21T01:32:44.085+0000] {logging_mixin.py:188} INFO - [2024-03-21T01:32:44.085+0000] {dag.py:3047} INFO - Sync 1 DAGs
[2024-03-21T01:32:44.107+0000] {logging_mixin.py:188} INFO - [2024-03-21T01:32:44.106+0000] {dag.py:3834} INFO - Setting next_dagrun for example_xcom to 2021-01-01 00:00:00+00:00, run_after=2021-01-01 00:00:00+00:00
[2024-03-21T01:32:44.131+0000] {processor.py:183} INFO - Processing /home/airflow/.local/lib/python3.8/site-packages/airflow/example_dags/example_xcom.py took 0.084 seconds
[2024-03-21T01:33:14.523+0000] {processor.py:161} INFO - Started process (PID=2188) to work on /home/airflow/.local/lib/python3.8/site-packages/airflow/example_dags/example_xcom.py
[2024-03-21T01:33:14.525+0000] {processor.py:830} INFO - Processing file /home/airflow/.local/lib/python3.8/site-packages/airflow/example_dags/example_xcom.py for tasks to queue
[2024-03-21T01:33:14.526+0000] {logging_mixin.py:188} INFO - [2024-03-21T01:33:14.526+0000] {dagbag.py:540} INFO - Filling up the DagBag from /home/airflow/.local/lib/python3.8/site-packages/airflow/example_dags/example_xcom.py
[2024-03-21T01:33:14.533+0000] {processor.py:840} INFO - DAG(s) 'example_xcom' retrieved from /home/airflow/.local/lib/python3.8/site-packages/airflow/example_dags/example_xcom.py
[2024-03-21T01:33:14.554+0000] {logging_mixin.py:188} INFO - [2024-03-21T01:33:14.554+0000] {dag.py:3047} INFO - Sync 1 DAGs
[2024-03-21T01:33:14.577+0000] {logging_mixin.py:188} INFO - [2024-03-21T01:33:14.577+0000] {dag.py:3834} INFO - Setting next_dagrun for example_xcom to 2021-01-01 00:00:00+00:00, run_after=2021-01-01 00:00:00+00:00
[2024-03-21T01:33:14.600+0000] {processor.py:183} INFO - Processing /home/airflow/.local/lib/python3.8/site-packages/airflow/example_dags/example_xcom.py took 0.080 seconds
[2024-03-21T01:33:44.977+0000] {processor.py:161} INFO - Started process (PID=2243) to work on /home/airflow/.local/lib/python3.8/site-packages/airflow/example_dags/example_xcom.py
[2024-03-21T01:33:44.978+0000] {processor.py:830} INFO - Processing file /home/airflow/.local/lib/python3.8/site-packages/airflow/example_dags/example_xcom.py for tasks to queue
[2024-03-21T01:33:44.980+0000] {logging_mixin.py:188} INFO - [2024-03-21T01:33:44.980+0000] {dagbag.py:540} INFO - Filling up the DagBag from /home/airflow/.local/lib/python3.8/site-packages/airflow/example_dags/example_xcom.py
[2024-03-21T01:33:44.988+0000] {processor.py:840} INFO - DAG(s) 'example_xcom' retrieved from /home/airflow/.local/lib/python3.8/site-packages/airflow/example_dags/example_xcom.py
[2024-03-21T01:33:45.016+0000] {logging_mixin.py:188} INFO - [2024-03-21T01:33:45.015+0000] {dag.py:3047} INFO - Sync 1 DAGs
[2024-03-21T01:33:45.036+0000] {logging_mixin.py:188} INFO - [2024-03-21T01:33:45.036+0000] {dag.py:3834} INFO - Setting next_dagrun for example_xcom to 2021-01-01 00:00:00+00:00, run_after=2021-01-01 00:00:00+00:00
[2024-03-21T01:33:45.061+0000] {processor.py:183} INFO - Processing /home/airflow/.local/lib/python3.8/site-packages/airflow/example_dags/example_xcom.py took 0.087 seconds
[2024-03-21T01:34:15.141+0000] {processor.py:161} INFO - Started process (PID=2298) to work on /home/airflow/.local/lib/python3.8/site-packages/airflow/example_dags/example_xcom.py
[2024-03-21T01:34:15.143+0000] {processor.py:830} INFO - Processing file /home/airflow/.local/lib/python3.8/site-packages/airflow/example_dags/example_xcom.py for tasks to queue
[2024-03-21T01:34:15.145+0000] {logging_mixin.py:188} INFO - [2024-03-21T01:34:15.144+0000] {dagbag.py:540} INFO - Filling up the DagBag from /home/airflow/.local/lib/python3.8/site-packages/airflow/example_dags/example_xcom.py
[2024-03-21T01:34:15.151+0000] {processor.py:840} INFO - DAG(s) 'example_xcom' retrieved from /home/airflow/.local/lib/python3.8/site-packages/airflow/example_dags/example_xcom.py
[2024-03-21T01:34:15.174+0000] {logging_mixin.py:188} INFO - [2024-03-21T01:34:15.173+0000] {dag.py:3047} INFO - Sync 1 DAGs
[2024-03-21T01:34:15.195+0000] {logging_mixin.py:188} INFO - [2024-03-21T01:34:15.194+0000] {dag.py:3834} INFO - Setting next_dagrun for example_xcom to 2021-01-01 00:00:00+00:00, run_after=2021-01-01 00:00:00+00:00
[2024-03-21T01:34:15.218+0000] {processor.py:183} INFO - Processing /home/airflow/.local/lib/python3.8/site-packages/airflow/example_dags/example_xcom.py took 0.079 seconds
[2024-03-21T01:34:45.429+0000] {processor.py:161} INFO - Started process (PID=2353) to work on /home/airflow/.local/lib/python3.8/site-packages/airflow/example_dags/example_xcom.py
[2024-03-21T01:34:45.431+0000] {processor.py:830} INFO - Processing file /home/airflow/.local/lib/python3.8/site-packages/airflow/example_dags/example_xcom.py for tasks to queue
[2024-03-21T01:34:45.432+0000] {logging_mixin.py:188} INFO - [2024-03-21T01:34:45.432+0000] {dagbag.py:540} INFO - Filling up the DagBag from /home/airflow/.local/lib/python3.8/site-packages/airflow/example_dags/example_xcom.py
[2024-03-21T01:34:45.439+0000] {processor.py:840} INFO - DAG(s) 'example_xcom' retrieved from /home/airflow/.local/lib/python3.8/site-packages/airflow/example_dags/example_xcom.py
[2024-03-21T01:34:45.465+0000] {logging_mixin.py:188} INFO - [2024-03-21T01:34:45.464+0000] {dag.py:3047} INFO - Sync 1 DAGs
[2024-03-21T01:34:45.489+0000] {logging_mixin.py:188} INFO - [2024-03-21T01:34:45.489+0000] {dag.py:3834} INFO - Setting next_dagrun for example_xcom to 2021-01-01 00:00:00+00:00, run_after=2021-01-01 00:00:00+00:00
[2024-03-21T01:34:45.516+0000] {processor.py:183} INFO - Processing /home/airflow/.local/lib/python3.8/site-packages/airflow/example_dags/example_xcom.py took 0.090 seconds
[2024-03-21T01:35:16.112+0000] {processor.py:161} INFO - Started process (PID=2408) to work on /home/airflow/.local/lib/python3.8/site-packages/airflow/example_dags/example_xcom.py
[2024-03-21T01:35:16.114+0000] {processor.py:830} INFO - Processing file /home/airflow/.local/lib/python3.8/site-packages/airflow/example_dags/example_xcom.py for tasks to queue
[2024-03-21T01:35:16.117+0000] {logging_mixin.py:188} INFO - [2024-03-21T01:35:16.117+0000] {dagbag.py:540} INFO - Filling up the DagBag from /home/airflow/.local/lib/python3.8/site-packages/airflow/example_dags/example_xcom.py
[2024-03-21T01:35:16.129+0000] {processor.py:840} INFO - DAG(s) 'example_xcom' retrieved from /home/airflow/.local/lib/python3.8/site-packages/airflow/example_dags/example_xcom.py
[2024-03-21T01:35:16.171+0000] {logging_mixin.py:188} INFO - [2024-03-21T01:35:16.171+0000] {dag.py:3047} INFO - Sync 1 DAGs
[2024-03-21T01:35:16.206+0000] {logging_mixin.py:188} INFO - [2024-03-21T01:35:16.205+0000] {dag.py:3834} INFO - Setting next_dagrun for example_xcom to 2021-01-01 00:00:00+00:00, run_after=2021-01-01 00:00:00+00:00
[2024-03-21T01:35:16.237+0000] {processor.py:183} INFO - Processing /home/airflow/.local/lib/python3.8/site-packages/airflow/example_dags/example_xcom.py took 0.130 seconds
[2024-03-21T01:35:46.389+0000] {processor.py:161} INFO - Started process (PID=2463) to work on /home/airflow/.local/lib/python3.8/site-packages/airflow/example_dags/example_xcom.py
[2024-03-21T01:35:46.390+0000] {processor.py:830} INFO - Processing file /home/airflow/.local/lib/python3.8/site-packages/airflow/example_dags/example_xcom.py for tasks to queue
[2024-03-21T01:35:46.392+0000] {logging_mixin.py:188} INFO - [2024-03-21T01:35:46.392+0000] {dagbag.py:540} INFO - Filling up the DagBag from /home/airflow/.local/lib/python3.8/site-packages/airflow/example_dags/example_xcom.py
[2024-03-21T01:35:46.401+0000] {processor.py:840} INFO - DAG(s) 'example_xcom' retrieved from /home/airflow/.local/lib/python3.8/site-packages/airflow/example_dags/example_xcom.py
[2024-03-21T01:35:46.427+0000] {logging_mixin.py:188} INFO - [2024-03-21T01:35:46.426+0000] {dag.py:3047} INFO - Sync 1 DAGs
[2024-03-21T01:35:46.461+0000] {logging_mixin.py:188} INFO - [2024-03-21T01:35:46.460+0000] {dag.py:3834} INFO - Setting next_dagrun for example_xcom to 2021-01-01 00:00:00+00:00, run_after=2021-01-01 00:00:00+00:00
[2024-03-21T01:35:46.502+0000] {processor.py:183} INFO - Processing /home/airflow/.local/lib/python3.8/site-packages/airflow/example_dags/example_xcom.py took 0.116 seconds
[2024-03-21T01:36:16.579+0000] {processor.py:161} INFO - Started process (PID=2519) to work on /home/airflow/.local/lib/python3.8/site-packages/airflow/example_dags/example_xcom.py
[2024-03-21T01:36:16.580+0000] {processor.py:830} INFO - Processing file /home/airflow/.local/lib/python3.8/site-packages/airflow/example_dags/example_xcom.py for tasks to queue
[2024-03-21T01:36:16.582+0000] {logging_mixin.py:188} INFO - [2024-03-21T01:36:16.582+0000] {dagbag.py:540} INFO - Filling up the DagBag from /home/airflow/.local/lib/python3.8/site-packages/airflow/example_dags/example_xcom.py
[2024-03-21T01:36:16.594+0000] {processor.py:840} INFO - DAG(s) 'example_xcom' retrieved from /home/airflow/.local/lib/python3.8/site-packages/airflow/example_dags/example_xcom.py
[2024-03-21T01:36:16.628+0000] {logging_mixin.py:188} INFO - [2024-03-21T01:36:16.628+0000] {dag.py:3047} INFO - Sync 1 DAGs
[2024-03-21T01:36:16.665+0000] {logging_mixin.py:188} INFO - [2024-03-21T01:36:16.665+0000] {dag.py:3834} INFO - Setting next_dagrun for example_xcom to 2021-01-01 00:00:00+00:00, run_after=2021-01-01 00:00:00+00:00
[2024-03-21T01:36:16.693+0000] {processor.py:183} INFO - Processing /home/airflow/.local/lib/python3.8/site-packages/airflow/example_dags/example_xcom.py took 0.120 seconds
[2024-03-21T01:36:46.848+0000] {processor.py:161} INFO - Started process (PID=2573) to work on /home/airflow/.local/lib/python3.8/site-packages/airflow/example_dags/example_xcom.py
[2024-03-21T01:36:46.850+0000] {processor.py:830} INFO - Processing file /home/airflow/.local/lib/python3.8/site-packages/airflow/example_dags/example_xcom.py for tasks to queue
[2024-03-21T01:36:46.852+0000] {logging_mixin.py:188} INFO - [2024-03-21T01:36:46.851+0000] {dagbag.py:540} INFO - Filling up the DagBag from /home/airflow/.local/lib/python3.8/site-packages/airflow/example_dags/example_xcom.py
[2024-03-21T01:36:46.860+0000] {processor.py:840} INFO - DAG(s) 'example_xcom' retrieved from /home/airflow/.local/lib/python3.8/site-packages/airflow/example_dags/example_xcom.py
[2024-03-21T01:36:46.885+0000] {logging_mixin.py:188} INFO - [2024-03-21T01:36:46.884+0000] {dag.py:3047} INFO - Sync 1 DAGs
[2024-03-21T01:36:46.909+0000] {logging_mixin.py:188} INFO - [2024-03-21T01:36:46.909+0000] {dag.py:3834} INFO - Setting next_dagrun for example_xcom to 2021-01-01 00:00:00+00:00, run_after=2021-01-01 00:00:00+00:00
[2024-03-21T01:36:46.935+0000] {processor.py:183} INFO - Processing /home/airflow/.local/lib/python3.8/site-packages/airflow/example_dags/example_xcom.py took 0.090 seconds
[2024-03-21T01:37:17.308+0000] {processor.py:161} INFO - Started process (PID=2627) to work on /home/airflow/.local/lib/python3.8/site-packages/airflow/example_dags/example_xcom.py
[2024-03-21T01:37:17.310+0000] {processor.py:830} INFO - Processing file /home/airflow/.local/lib/python3.8/site-packages/airflow/example_dags/example_xcom.py for tasks to queue
[2024-03-21T01:37:17.316+0000] {logging_mixin.py:188} INFO - [2024-03-21T01:37:17.314+0000] {dagbag.py:540} INFO - Filling up the DagBag from /home/airflow/.local/lib/python3.8/site-packages/airflow/example_dags/example_xcom.py
[2024-03-21T01:37:17.347+0000] {processor.py:840} INFO - DAG(s) 'example_xcom' retrieved from /home/airflow/.local/lib/python3.8/site-packages/airflow/example_dags/example_xcom.py
[2024-03-21T01:37:17.412+0000] {logging_mixin.py:188} INFO - [2024-03-21T01:37:17.412+0000] {dag.py:3047} INFO - Sync 1 DAGs
[2024-03-21T01:37:17.489+0000] {logging_mixin.py:188} INFO - [2024-03-21T01:37:17.488+0000] {dag.py:3834} INFO - Setting next_dagrun for example_xcom to 2021-01-01 00:00:00+00:00, run_after=2021-01-01 00:00:00+00:00
[2024-03-21T01:37:17.543+0000] {processor.py:183} INFO - Processing /home/airflow/.local/lib/python3.8/site-packages/airflow/example_dags/example_xcom.py took 0.244 seconds
[2024-03-21T01:37:48.355+0000] {processor.py:161} INFO - Started process (PID=2682) to work on /home/airflow/.local/lib/python3.8/site-packages/airflow/example_dags/example_xcom.py
[2024-03-21T01:37:48.358+0000] {processor.py:830} INFO - Processing file /home/airflow/.local/lib/python3.8/site-packages/airflow/example_dags/example_xcom.py for tasks to queue
[2024-03-21T01:37:48.362+0000] {logging_mixin.py:188} INFO - [2024-03-21T01:37:48.362+0000] {dagbag.py:540} INFO - Filling up the DagBag from /home/airflow/.local/lib/python3.8/site-packages/airflow/example_dags/example_xcom.py
[2024-03-21T01:37:48.383+0000] {processor.py:840} INFO - DAG(s) 'example_xcom' retrieved from /home/airflow/.local/lib/python3.8/site-packages/airflow/example_dags/example_xcom.py
[2024-03-21T01:37:48.440+0000] {logging_mixin.py:188} INFO - [2024-03-21T01:37:48.439+0000] {dag.py:3047} INFO - Sync 1 DAGs
[2024-03-21T01:37:48.555+0000] {logging_mixin.py:188} INFO - [2024-03-21T01:37:48.554+0000] {dag.py:3834} INFO - Setting next_dagrun for example_xcom to 2021-01-01 00:00:00+00:00, run_after=2021-01-01 00:00:00+00:00
[2024-03-21T01:37:48.625+0000] {processor.py:183} INFO - Processing /home/airflow/.local/lib/python3.8/site-packages/airflow/example_dags/example_xcom.py took 0.278 seconds
[2024-03-21T01:38:19.090+0000] {processor.py:161} INFO - Started process (PID=2735) to work on /home/airflow/.local/lib/python3.8/site-packages/airflow/example_dags/example_xcom.py
[2024-03-21T01:38:19.092+0000] {processor.py:830} INFO - Processing file /home/airflow/.local/lib/python3.8/site-packages/airflow/example_dags/example_xcom.py for tasks to queue
[2024-03-21T01:38:19.094+0000] {logging_mixin.py:188} INFO - [2024-03-21T01:38:19.094+0000] {dagbag.py:540} INFO - Filling up the DagBag from /home/airflow/.local/lib/python3.8/site-packages/airflow/example_dags/example_xcom.py
[2024-03-21T01:38:19.103+0000] {processor.py:840} INFO - DAG(s) 'example_xcom' retrieved from /home/airflow/.local/lib/python3.8/site-packages/airflow/example_dags/example_xcom.py
[2024-03-21T01:38:19.131+0000] {logging_mixin.py:188} INFO - [2024-03-21T01:38:19.131+0000] {dag.py:3047} INFO - Sync 1 DAGs
[2024-03-21T01:38:19.155+0000] {logging_mixin.py:188} INFO - [2024-03-21T01:38:19.155+0000] {dag.py:3834} INFO - Setting next_dagrun for example_xcom to 2021-01-01 00:00:00+00:00, run_after=2021-01-01 00:00:00+00:00
[2024-03-21T01:38:19.181+0000] {processor.py:183} INFO - Processing /home/airflow/.local/lib/python3.8/site-packages/airflow/example_dags/example_xcom.py took 0.094 seconds
