[2024-03-21T00:09:32.457+0000] {processor.py:161} INFO - Started process (PID=66) to work on /home/airflow/.local/lib/python3.8/site-packages/airflow/example_dags/example_short_circuit_operator.py
[2024-03-21T00:09:32.459+0000] {processor.py:830} INFO - Processing file /home/airflow/.local/lib/python3.8/site-packages/airflow/example_dags/example_short_circuit_operator.py for tasks to queue
[2024-03-21T00:09:32.462+0000] {logging_mixin.py:188} INFO - [2024-03-21T00:09:32.461+0000] {dagbag.py:540} INFO - Filling up the DagBag from /home/airflow/.local/lib/python3.8/site-packages/airflow/example_dags/example_short_circuit_operator.py
[2024-03-21T00:09:32.483+0000] {processor.py:840} INFO - DAG(s) 'example_short_circuit_operator' retrieved from /home/airflow/.local/lib/python3.8/site-packages/airflow/example_dags/example_short_circuit_operator.py
[2024-03-21T00:09:32.508+0000] {logging_mixin.py:188} INFO - [2024-03-21T00:09:32.508+0000] {dag.py:3047} INFO - Sync 1 DAGs
[2024-03-21T00:09:32.563+0000] {logging_mixin.py:188} INFO - [2024-03-21T00:09:32.563+0000] {dag.py:3834} INFO - Setting next_dagrun for example_short_circuit_operator to 2024-03-20 00:00:00+00:00, run_after=2024-03-21 00:00:00+00:00
[2024-03-21T00:09:32.647+0000] {processor.py:183} INFO - Processing /home/airflow/.local/lib/python3.8/site-packages/airflow/example_dags/example_short_circuit_operator.py took 0.200 seconds
[2024-03-21T00:10:03.566+0000] {processor.py:161} INFO - Started process (PID=121) to work on /home/airflow/.local/lib/python3.8/site-packages/airflow/example_dags/example_short_circuit_operator.py
[2024-03-21T00:10:03.567+0000] {processor.py:830} INFO - Processing file /home/airflow/.local/lib/python3.8/site-packages/airflow/example_dags/example_short_circuit_operator.py for tasks to queue
[2024-03-21T00:10:03.570+0000] {logging_mixin.py:188} INFO - [2024-03-21T00:10:03.569+0000] {dagbag.py:540} INFO - Filling up the DagBag from /home/airflow/.local/lib/python3.8/site-packages/airflow/example_dags/example_short_circuit_operator.py
[2024-03-21T00:10:03.580+0000] {processor.py:840} INFO - DAG(s) 'example_short_circuit_operator' retrieved from /home/airflow/.local/lib/python3.8/site-packages/airflow/example_dags/example_short_circuit_operator.py
[2024-03-21T00:10:03.751+0000] {logging_mixin.py:188} INFO - [2024-03-21T00:10:03.751+0000] {dag.py:3047} INFO - Sync 1 DAGs
[2024-03-21T00:10:03.781+0000] {logging_mixin.py:188} INFO - [2024-03-21T00:10:03.780+0000] {dag.py:3834} INFO - Setting next_dagrun for example_short_circuit_operator to 2024-03-20 00:00:00+00:00, run_after=2024-03-21 00:00:00+00:00
[2024-03-21T00:10:03.812+0000] {processor.py:183} INFO - Processing /home/airflow/.local/lib/python3.8/site-packages/airflow/example_dags/example_short_circuit_operator.py took 0.250 seconds
[2024-03-21T00:10:34.475+0000] {processor.py:161} INFO - Started process (PID=176) to work on /home/airflow/.local/lib/python3.8/site-packages/airflow/example_dags/example_short_circuit_operator.py
[2024-03-21T00:10:34.476+0000] {processor.py:830} INFO - Processing file /home/airflow/.local/lib/python3.8/site-packages/airflow/example_dags/example_short_circuit_operator.py for tasks to queue
[2024-03-21T00:10:34.478+0000] {logging_mixin.py:188} INFO - [2024-03-21T00:10:34.478+0000] {dagbag.py:540} INFO - Filling up the DagBag from /home/airflow/.local/lib/python3.8/site-packages/airflow/example_dags/example_short_circuit_operator.py
[2024-03-21T00:10:34.485+0000] {processor.py:840} INFO - DAG(s) 'example_short_circuit_operator' retrieved from /home/airflow/.local/lib/python3.8/site-packages/airflow/example_dags/example_short_circuit_operator.py
[2024-03-21T00:10:34.511+0000] {logging_mixin.py:188} INFO - [2024-03-21T00:10:34.510+0000] {dag.py:3047} INFO - Sync 1 DAGs
[2024-03-21T00:10:34.532+0000] {logging_mixin.py:188} INFO - [2024-03-21T00:10:34.531+0000] {dag.py:3834} INFO - Setting next_dagrun for example_short_circuit_operator to 2024-03-20 00:00:00+00:00, run_after=2024-03-21 00:00:00+00:00
[2024-03-21T00:10:34.553+0000] {processor.py:183} INFO - Processing /home/airflow/.local/lib/python3.8/site-packages/airflow/example_dags/example_short_circuit_operator.py took 0.081 seconds
[2024-03-21T00:17:08.607+0000] {processor.py:161} INFO - Started process (PID=80) to work on /home/airflow/.local/lib/python3.8/site-packages/airflow/example_dags/example_short_circuit_operator.py
[2024-03-21T00:17:08.609+0000] {processor.py:830} INFO - Processing file /home/airflow/.local/lib/python3.8/site-packages/airflow/example_dags/example_short_circuit_operator.py for tasks to queue
[2024-03-21T00:17:08.612+0000] {logging_mixin.py:188} INFO - [2024-03-21T00:17:08.611+0000] {dagbag.py:540} INFO - Filling up the DagBag from /home/airflow/.local/lib/python3.8/site-packages/airflow/example_dags/example_short_circuit_operator.py
[2024-03-21T00:17:08.629+0000] {processor.py:840} INFO - DAG(s) 'example_short_circuit_operator' retrieved from /home/airflow/.local/lib/python3.8/site-packages/airflow/example_dags/example_short_circuit_operator.py
[2024-03-21T00:17:08.825+0000] {logging_mixin.py:188} INFO - [2024-03-21T00:17:08.824+0000] {dag.py:3047} INFO - Sync 1 DAGs
[2024-03-21T00:17:08.865+0000] {logging_mixin.py:188} INFO - [2024-03-21T00:17:08.864+0000] {dag.py:3834} INFO - Setting next_dagrun for example_short_circuit_operator to 2024-03-20 00:00:00+00:00, run_after=2024-03-21 00:00:00+00:00
[2024-03-21T00:17:08.902+0000] {processor.py:183} INFO - Processing /home/airflow/.local/lib/python3.8/site-packages/airflow/example_dags/example_short_circuit_operator.py took 0.301 seconds
[2024-03-21T00:17:39.409+0000] {processor.py:161} INFO - Started process (PID=135) to work on /home/airflow/.local/lib/python3.8/site-packages/airflow/example_dags/example_short_circuit_operator.py
[2024-03-21T00:17:39.410+0000] {processor.py:830} INFO - Processing file /home/airflow/.local/lib/python3.8/site-packages/airflow/example_dags/example_short_circuit_operator.py for tasks to queue
[2024-03-21T00:17:39.413+0000] {logging_mixin.py:188} INFO - [2024-03-21T00:17:39.412+0000] {dagbag.py:540} INFO - Filling up the DagBag from /home/airflow/.local/lib/python3.8/site-packages/airflow/example_dags/example_short_circuit_operator.py
[2024-03-21T00:17:39.420+0000] {processor.py:840} INFO - DAG(s) 'example_short_circuit_operator' retrieved from /home/airflow/.local/lib/python3.8/site-packages/airflow/example_dags/example_short_circuit_operator.py
[2024-03-21T00:17:39.452+0000] {logging_mixin.py:188} INFO - [2024-03-21T00:17:39.451+0000] {dag.py:3047} INFO - Sync 1 DAGs
[2024-03-21T00:17:39.484+0000] {logging_mixin.py:188} INFO - [2024-03-21T00:17:39.484+0000] {dag.py:3834} INFO - Setting next_dagrun for example_short_circuit_operator to 2024-03-20 00:00:00+00:00, run_after=2024-03-21 00:00:00+00:00
[2024-03-21T00:17:39.508+0000] {processor.py:183} INFO - Processing /home/airflow/.local/lib/python3.8/site-packages/airflow/example_dags/example_short_circuit_operator.py took 0.103 seconds
[2024-03-21T00:18:09.864+0000] {processor.py:161} INFO - Started process (PID=190) to work on /home/airflow/.local/lib/python3.8/site-packages/airflow/example_dags/example_short_circuit_operator.py
[2024-03-21T00:18:09.865+0000] {processor.py:830} INFO - Processing file /home/airflow/.local/lib/python3.8/site-packages/airflow/example_dags/example_short_circuit_operator.py for tasks to queue
[2024-03-21T00:18:09.867+0000] {logging_mixin.py:188} INFO - [2024-03-21T00:18:09.866+0000] {dagbag.py:540} INFO - Filling up the DagBag from /home/airflow/.local/lib/python3.8/site-packages/airflow/example_dags/example_short_circuit_operator.py
[2024-03-21T00:18:09.876+0000] {processor.py:840} INFO - DAG(s) 'example_short_circuit_operator' retrieved from /home/airflow/.local/lib/python3.8/site-packages/airflow/example_dags/example_short_circuit_operator.py
[2024-03-21T00:18:09.901+0000] {logging_mixin.py:188} INFO - [2024-03-21T00:18:09.901+0000] {dag.py:3047} INFO - Sync 1 DAGs
[2024-03-21T00:18:09.924+0000] {logging_mixin.py:188} INFO - [2024-03-21T00:18:09.924+0000] {dag.py:3834} INFO - Setting next_dagrun for example_short_circuit_operator to 2024-03-20 00:00:00+00:00, run_after=2024-03-21 00:00:00+00:00
[2024-03-21T00:18:09.949+0000] {processor.py:183} INFO - Processing /home/airflow/.local/lib/python3.8/site-packages/airflow/example_dags/example_short_circuit_operator.py took 0.088 seconds
[2024-03-21T00:18:40.550+0000] {processor.py:161} INFO - Started process (PID=245) to work on /home/airflow/.local/lib/python3.8/site-packages/airflow/example_dags/example_short_circuit_operator.py
[2024-03-21T00:18:40.554+0000] {processor.py:830} INFO - Processing file /home/airflow/.local/lib/python3.8/site-packages/airflow/example_dags/example_short_circuit_operator.py for tasks to queue
[2024-03-21T00:18:40.558+0000] {logging_mixin.py:188} INFO - [2024-03-21T00:18:40.557+0000] {dagbag.py:540} INFO - Filling up the DagBag from /home/airflow/.local/lib/python3.8/site-packages/airflow/example_dags/example_short_circuit_operator.py
[2024-03-21T00:18:40.573+0000] {processor.py:840} INFO - DAG(s) 'example_short_circuit_operator' retrieved from /home/airflow/.local/lib/python3.8/site-packages/airflow/example_dags/example_short_circuit_operator.py
[2024-03-21T00:18:40.619+0000] {logging_mixin.py:188} INFO - [2024-03-21T00:18:40.619+0000] {dag.py:3047} INFO - Sync 1 DAGs
[2024-03-21T00:18:40.665+0000] {logging_mixin.py:188} INFO - [2024-03-21T00:18:40.664+0000] {dag.py:3834} INFO - Setting next_dagrun for example_short_circuit_operator to 2024-03-20 00:00:00+00:00, run_after=2024-03-21 00:00:00+00:00
[2024-03-21T00:18:40.699+0000] {processor.py:183} INFO - Processing /home/airflow/.local/lib/python3.8/site-packages/airflow/example_dags/example_short_circuit_operator.py took 0.157 seconds
[2024-03-21T00:19:11.009+0000] {processor.py:161} INFO - Started process (PID=300) to work on /home/airflow/.local/lib/python3.8/site-packages/airflow/example_dags/example_short_circuit_operator.py
[2024-03-21T00:19:11.012+0000] {processor.py:830} INFO - Processing file /home/airflow/.local/lib/python3.8/site-packages/airflow/example_dags/example_short_circuit_operator.py for tasks to queue
[2024-03-21T00:19:11.015+0000] {logging_mixin.py:188} INFO - [2024-03-21T00:19:11.014+0000] {dagbag.py:540} INFO - Filling up the DagBag from /home/airflow/.local/lib/python3.8/site-packages/airflow/example_dags/example_short_circuit_operator.py
[2024-03-21T00:19:11.024+0000] {processor.py:840} INFO - DAG(s) 'example_short_circuit_operator' retrieved from /home/airflow/.local/lib/python3.8/site-packages/airflow/example_dags/example_short_circuit_operator.py
[2024-03-21T00:19:11.052+0000] {logging_mixin.py:188} INFO - [2024-03-21T00:19:11.051+0000] {dag.py:3047} INFO - Sync 1 DAGs
[2024-03-21T00:19:11.074+0000] {logging_mixin.py:188} INFO - [2024-03-21T00:19:11.073+0000] {dag.py:3834} INFO - Setting next_dagrun for example_short_circuit_operator to 2024-03-20 00:00:00+00:00, run_after=2024-03-21 00:00:00+00:00
[2024-03-21T00:19:11.100+0000] {processor.py:183} INFO - Processing /home/airflow/.local/lib/python3.8/site-packages/airflow/example_dags/example_short_circuit_operator.py took 0.094 seconds
[2024-03-21T00:19:41.468+0000] {processor.py:161} INFO - Started process (PID=355) to work on /home/airflow/.local/lib/python3.8/site-packages/airflow/example_dags/example_short_circuit_operator.py
[2024-03-21T00:19:41.469+0000] {processor.py:830} INFO - Processing file /home/airflow/.local/lib/python3.8/site-packages/airflow/example_dags/example_short_circuit_operator.py for tasks to queue
[2024-03-21T00:19:41.471+0000] {logging_mixin.py:188} INFO - [2024-03-21T00:19:41.471+0000] {dagbag.py:540} INFO - Filling up the DagBag from /home/airflow/.local/lib/python3.8/site-packages/airflow/example_dags/example_short_circuit_operator.py
[2024-03-21T00:19:41.478+0000] {processor.py:840} INFO - DAG(s) 'example_short_circuit_operator' retrieved from /home/airflow/.local/lib/python3.8/site-packages/airflow/example_dags/example_short_circuit_operator.py
[2024-03-21T00:19:41.503+0000] {logging_mixin.py:188} INFO - [2024-03-21T00:19:41.502+0000] {dag.py:3047} INFO - Sync 1 DAGs
[2024-03-21T00:19:41.524+0000] {logging_mixin.py:188} INFO - [2024-03-21T00:19:41.524+0000] {dag.py:3834} INFO - Setting next_dagrun for example_short_circuit_operator to 2024-03-20 00:00:00+00:00, run_after=2024-03-21 00:00:00+00:00
[2024-03-21T00:19:41.547+0000] {processor.py:183} INFO - Processing /home/airflow/.local/lib/python3.8/site-packages/airflow/example_dags/example_short_circuit_operator.py took 0.082 seconds
[2024-03-21T00:20:11.799+0000] {processor.py:161} INFO - Started process (PID=410) to work on /home/airflow/.local/lib/python3.8/site-packages/airflow/example_dags/example_short_circuit_operator.py
[2024-03-21T00:20:11.800+0000] {processor.py:830} INFO - Processing file /home/airflow/.local/lib/python3.8/site-packages/airflow/example_dags/example_short_circuit_operator.py for tasks to queue
[2024-03-21T00:20:11.802+0000] {logging_mixin.py:188} INFO - [2024-03-21T00:20:11.801+0000] {dagbag.py:540} INFO - Filling up the DagBag from /home/airflow/.local/lib/python3.8/site-packages/airflow/example_dags/example_short_circuit_operator.py
[2024-03-21T00:20:11.810+0000] {processor.py:840} INFO - DAG(s) 'example_short_circuit_operator' retrieved from /home/airflow/.local/lib/python3.8/site-packages/airflow/example_dags/example_short_circuit_operator.py
[2024-03-21T00:20:11.837+0000] {logging_mixin.py:188} INFO - [2024-03-21T00:20:11.837+0000] {dag.py:3047} INFO - Sync 1 DAGs
[2024-03-21T00:20:11.861+0000] {logging_mixin.py:188} INFO - [2024-03-21T00:20:11.860+0000] {dag.py:3834} INFO - Setting next_dagrun for example_short_circuit_operator to 2024-03-20 00:00:00+00:00, run_after=2024-03-21 00:00:00+00:00
[2024-03-21T00:20:11.883+0000] {processor.py:183} INFO - Processing /home/airflow/.local/lib/python3.8/site-packages/airflow/example_dags/example_short_circuit_operator.py took 0.089 seconds
[2024-03-21T00:20:42.094+0000] {processor.py:161} INFO - Started process (PID=465) to work on /home/airflow/.local/lib/python3.8/site-packages/airflow/example_dags/example_short_circuit_operator.py
[2024-03-21T00:20:42.096+0000] {processor.py:830} INFO - Processing file /home/airflow/.local/lib/python3.8/site-packages/airflow/example_dags/example_short_circuit_operator.py for tasks to queue
[2024-03-21T00:20:42.098+0000] {logging_mixin.py:188} INFO - [2024-03-21T00:20:42.097+0000] {dagbag.py:540} INFO - Filling up the DagBag from /home/airflow/.local/lib/python3.8/site-packages/airflow/example_dags/example_short_circuit_operator.py
[2024-03-21T00:20:42.107+0000] {processor.py:840} INFO - DAG(s) 'example_short_circuit_operator' retrieved from /home/airflow/.local/lib/python3.8/site-packages/airflow/example_dags/example_short_circuit_operator.py
[2024-03-21T00:20:42.132+0000] {logging_mixin.py:188} INFO - [2024-03-21T00:20:42.132+0000] {dag.py:3047} INFO - Sync 1 DAGs
[2024-03-21T00:20:42.154+0000] {logging_mixin.py:188} INFO - [2024-03-21T00:20:42.154+0000] {dag.py:3834} INFO - Setting next_dagrun for example_short_circuit_operator to 2024-03-20 00:00:00+00:00, run_after=2024-03-21 00:00:00+00:00
[2024-03-21T00:20:42.178+0000] {processor.py:183} INFO - Processing /home/airflow/.local/lib/python3.8/site-packages/airflow/example_dags/example_short_circuit_operator.py took 0.086 seconds
[2024-03-21T00:21:12.473+0000] {processor.py:161} INFO - Started process (PID=520) to work on /home/airflow/.local/lib/python3.8/site-packages/airflow/example_dags/example_short_circuit_operator.py
[2024-03-21T00:21:12.475+0000] {processor.py:830} INFO - Processing file /home/airflow/.local/lib/python3.8/site-packages/airflow/example_dags/example_short_circuit_operator.py for tasks to queue
[2024-03-21T00:21:12.476+0000] {logging_mixin.py:188} INFO - [2024-03-21T00:21:12.476+0000] {dagbag.py:540} INFO - Filling up the DagBag from /home/airflow/.local/lib/python3.8/site-packages/airflow/example_dags/example_short_circuit_operator.py
[2024-03-21T00:21:12.484+0000] {processor.py:840} INFO - DAG(s) 'example_short_circuit_operator' retrieved from /home/airflow/.local/lib/python3.8/site-packages/airflow/example_dags/example_short_circuit_operator.py
[2024-03-21T00:21:12.508+0000] {logging_mixin.py:188} INFO - [2024-03-21T00:21:12.508+0000] {dag.py:3047} INFO - Sync 1 DAGs
[2024-03-21T00:21:12.532+0000] {logging_mixin.py:188} INFO - [2024-03-21T00:21:12.532+0000] {dag.py:3834} INFO - Setting next_dagrun for example_short_circuit_operator to 2024-03-20 00:00:00+00:00, run_after=2024-03-21 00:00:00+00:00
[2024-03-21T00:21:12.556+0000] {processor.py:183} INFO - Processing /home/airflow/.local/lib/python3.8/site-packages/airflow/example_dags/example_short_circuit_operator.py took 0.085 seconds
[2024-03-21T00:21:42.890+0000] {processor.py:161} INFO - Started process (PID=575) to work on /home/airflow/.local/lib/python3.8/site-packages/airflow/example_dags/example_short_circuit_operator.py
[2024-03-21T00:21:42.892+0000] {processor.py:830} INFO - Processing file /home/airflow/.local/lib/python3.8/site-packages/airflow/example_dags/example_short_circuit_operator.py for tasks to queue
[2024-03-21T00:21:42.894+0000] {logging_mixin.py:188} INFO - [2024-03-21T00:21:42.894+0000] {dagbag.py:540} INFO - Filling up the DagBag from /home/airflow/.local/lib/python3.8/site-packages/airflow/example_dags/example_short_circuit_operator.py
[2024-03-21T00:21:42.909+0000] {processor.py:840} INFO - DAG(s) 'example_short_circuit_operator' retrieved from /home/airflow/.local/lib/python3.8/site-packages/airflow/example_dags/example_short_circuit_operator.py
[2024-03-21T00:21:42.947+0000] {logging_mixin.py:188} INFO - [2024-03-21T00:21:42.946+0000] {dag.py:3047} INFO - Sync 1 DAGs
[2024-03-21T00:21:42.992+0000] {logging_mixin.py:188} INFO - [2024-03-21T00:21:42.991+0000] {dag.py:3834} INFO - Setting next_dagrun for example_short_circuit_operator to 2024-03-20 00:00:00+00:00, run_after=2024-03-21 00:00:00+00:00
[2024-03-21T00:21:43.026+0000] {processor.py:183} INFO - Processing /home/airflow/.local/lib/python3.8/site-packages/airflow/example_dags/example_short_circuit_operator.py took 0.141 seconds
[2024-03-21T01:13:21.526+0000] {processor.py:161} INFO - Started process (PID=69) to work on /home/airflow/.local/lib/python3.8/site-packages/airflow/example_dags/example_short_circuit_operator.py
[2024-03-21T01:13:21.528+0000] {processor.py:830} INFO - Processing file /home/airflow/.local/lib/python3.8/site-packages/airflow/example_dags/example_short_circuit_operator.py for tasks to queue
[2024-03-21T01:13:21.529+0000] {logging_mixin.py:188} INFO - [2024-03-21T01:13:21.529+0000] {dagbag.py:540} INFO - Filling up the DagBag from /home/airflow/.local/lib/python3.8/site-packages/airflow/example_dags/example_short_circuit_operator.py
[2024-03-21T01:13:21.540+0000] {processor.py:840} INFO - DAG(s) 'example_short_circuit_operator' retrieved from /home/airflow/.local/lib/python3.8/site-packages/airflow/example_dags/example_short_circuit_operator.py
[2024-03-21T01:13:21.580+0000] {logging_mixin.py:188} INFO - [2024-03-21T01:13:21.580+0000] {dag.py:3047} INFO - Sync 1 DAGs
[2024-03-21T01:13:21.663+0000] {logging_mixin.py:188} INFO - [2024-03-21T01:13:21.663+0000] {dag.py:3834} INFO - Setting next_dagrun for example_short_circuit_operator to 2024-03-20 00:00:00+00:00, run_after=2024-03-21 00:00:00+00:00
[2024-03-21T01:13:21.697+0000] {processor.py:183} INFO - Processing /home/airflow/.local/lib/python3.8/site-packages/airflow/example_dags/example_short_circuit_operator.py took 0.174 seconds
[2024-03-21T01:13:52.172+0000] {processor.py:161} INFO - Started process (PID=124) to work on /home/airflow/.local/lib/python3.8/site-packages/airflow/example_dags/example_short_circuit_operator.py
[2024-03-21T01:13:52.174+0000] {processor.py:830} INFO - Processing file /home/airflow/.local/lib/python3.8/site-packages/airflow/example_dags/example_short_circuit_operator.py for tasks to queue
[2024-03-21T01:13:52.176+0000] {logging_mixin.py:188} INFO - [2024-03-21T01:13:52.175+0000] {dagbag.py:540} INFO - Filling up the DagBag from /home/airflow/.local/lib/python3.8/site-packages/airflow/example_dags/example_short_circuit_operator.py
[2024-03-21T01:13:52.183+0000] {processor.py:840} INFO - DAG(s) 'example_short_circuit_operator' retrieved from /home/airflow/.local/lib/python3.8/site-packages/airflow/example_dags/example_short_circuit_operator.py
[2024-03-21T01:13:52.207+0000] {logging_mixin.py:188} INFO - [2024-03-21T01:13:52.206+0000] {dag.py:3047} INFO - Sync 1 DAGs
[2024-03-21T01:13:52.228+0000] {logging_mixin.py:188} INFO - [2024-03-21T01:13:52.228+0000] {dag.py:3834} INFO - Setting next_dagrun for example_short_circuit_operator to 2024-03-20 00:00:00+00:00, run_after=2024-03-21 00:00:00+00:00
[2024-03-21T01:13:52.249+0000] {processor.py:183} INFO - Processing /home/airflow/.local/lib/python3.8/site-packages/airflow/example_dags/example_short_circuit_operator.py took 0.080 seconds
[2024-03-21T01:14:22.932+0000] {processor.py:161} INFO - Started process (PID=179) to work on /home/airflow/.local/lib/python3.8/site-packages/airflow/example_dags/example_short_circuit_operator.py
[2024-03-21T01:14:22.933+0000] {processor.py:830} INFO - Processing file /home/airflow/.local/lib/python3.8/site-packages/airflow/example_dags/example_short_circuit_operator.py for tasks to queue
[2024-03-21T01:14:22.936+0000] {logging_mixin.py:188} INFO - [2024-03-21T01:14:22.935+0000] {dagbag.py:540} INFO - Filling up the DagBag from /home/airflow/.local/lib/python3.8/site-packages/airflow/example_dags/example_short_circuit_operator.py
[2024-03-21T01:14:22.945+0000] {processor.py:840} INFO - DAG(s) 'example_short_circuit_operator' retrieved from /home/airflow/.local/lib/python3.8/site-packages/airflow/example_dags/example_short_circuit_operator.py
[2024-03-21T01:14:22.977+0000] {logging_mixin.py:188} INFO - [2024-03-21T01:14:22.976+0000] {dag.py:3047} INFO - Sync 1 DAGs
[2024-03-21T01:14:23.005+0000] {logging_mixin.py:188} INFO - [2024-03-21T01:14:23.005+0000] {dag.py:3834} INFO - Setting next_dagrun for example_short_circuit_operator to 2024-03-20 00:00:00+00:00, run_after=2024-03-21 00:00:00+00:00
[2024-03-21T01:14:23.031+0000] {processor.py:183} INFO - Processing /home/airflow/.local/lib/python3.8/site-packages/airflow/example_dags/example_short_circuit_operator.py took 0.104 seconds
[2024-03-21T01:14:54.950+0000] {processor.py:161} INFO - Started process (PID=234) to work on /home/airflow/.local/lib/python3.8/site-packages/airflow/example_dags/example_short_circuit_operator.py
[2024-03-21T01:14:54.952+0000] {processor.py:830} INFO - Processing file /home/airflow/.local/lib/python3.8/site-packages/airflow/example_dags/example_short_circuit_operator.py for tasks to queue
[2024-03-21T01:14:54.955+0000] {logging_mixin.py:188} INFO - [2024-03-21T01:14:54.955+0000] {dagbag.py:540} INFO - Filling up the DagBag from /home/airflow/.local/lib/python3.8/site-packages/airflow/example_dags/example_short_circuit_operator.py
[2024-03-21T01:14:54.981+0000] {processor.py:840} INFO - DAG(s) 'example_short_circuit_operator' retrieved from /home/airflow/.local/lib/python3.8/site-packages/airflow/example_dags/example_short_circuit_operator.py
[2024-03-21T01:14:55.051+0000] {logging_mixin.py:188} INFO - [2024-03-21T01:14:55.051+0000] {dag.py:3047} INFO - Sync 1 DAGs
[2024-03-21T01:14:55.119+0000] {logging_mixin.py:188} INFO - [2024-03-21T01:14:55.118+0000] {dag.py:3834} INFO - Setting next_dagrun for example_short_circuit_operator to 2024-03-20 00:00:00+00:00, run_after=2024-03-21 00:00:00+00:00
[2024-03-21T01:14:55.181+0000] {processor.py:183} INFO - Processing /home/airflow/.local/lib/python3.8/site-packages/airflow/example_dags/example_short_circuit_operator.py took 0.239 seconds
[2024-03-21T01:15:29.049+0000] {processor.py:161} INFO - Started process (PID=295) to work on /home/airflow/.local/lib/python3.8/site-packages/airflow/example_dags/example_short_circuit_operator.py
[2024-03-21T01:15:29.052+0000] {processor.py:830} INFO - Processing file /home/airflow/.local/lib/python3.8/site-packages/airflow/example_dags/example_short_circuit_operator.py for tasks to queue
[2024-03-21T01:15:29.068+0000] {logging_mixin.py:188} INFO - [2024-03-21T01:15:29.067+0000] {dagbag.py:540} INFO - Filling up the DagBag from /home/airflow/.local/lib/python3.8/site-packages/airflow/example_dags/example_short_circuit_operator.py
[2024-03-21T01:15:29.118+0000] {processor.py:840} INFO - DAG(s) 'example_short_circuit_operator' retrieved from /home/airflow/.local/lib/python3.8/site-packages/airflow/example_dags/example_short_circuit_operator.py
[2024-03-21T01:15:29.253+0000] {logging_mixin.py:188} INFO - [2024-03-21T01:15:29.252+0000] {dag.py:3047} INFO - Sync 1 DAGs
[2024-03-21T01:15:29.360+0000] {logging_mixin.py:188} INFO - [2024-03-21T01:15:29.359+0000] {dag.py:3834} INFO - Setting next_dagrun for example_short_circuit_operator to 2024-03-20 00:00:00+00:00, run_after=2024-03-21 00:00:00+00:00
[2024-03-21T01:15:29.403+0000] {processor.py:183} INFO - Processing /home/airflow/.local/lib/python3.8/site-packages/airflow/example_dags/example_short_circuit_operator.py took 0.371 seconds
[2024-03-21T01:15:59.868+0000] {processor.py:161} INFO - Started process (PID=349) to work on /home/airflow/.local/lib/python3.8/site-packages/airflow/example_dags/example_short_circuit_operator.py
[2024-03-21T01:15:59.870+0000] {processor.py:830} INFO - Processing file /home/airflow/.local/lib/python3.8/site-packages/airflow/example_dags/example_short_circuit_operator.py for tasks to queue
[2024-03-21T01:15:59.871+0000] {logging_mixin.py:188} INFO - [2024-03-21T01:15:59.871+0000] {dagbag.py:540} INFO - Filling up the DagBag from /home/airflow/.local/lib/python3.8/site-packages/airflow/example_dags/example_short_circuit_operator.py
[2024-03-21T01:15:59.878+0000] {processor.py:840} INFO - DAG(s) 'example_short_circuit_operator' retrieved from /home/airflow/.local/lib/python3.8/site-packages/airflow/example_dags/example_short_circuit_operator.py
[2024-03-21T01:15:59.890+0000] {logging_mixin.py:188} INFO - [2024-03-21T01:15:59.890+0000] {dag.py:3047} INFO - Sync 1 DAGs
[2024-03-21T01:15:59.911+0000] {logging_mixin.py:188} INFO - [2024-03-21T01:15:59.911+0000] {dag.py:3834} INFO - Setting next_dagrun for example_short_circuit_operator to 2024-03-20 00:00:00+00:00, run_after=2024-03-21 00:00:00+00:00
[2024-03-21T01:15:59.933+0000] {processor.py:183} INFO - Processing /home/airflow/.local/lib/python3.8/site-packages/airflow/example_dags/example_short_circuit_operator.py took 0.068 seconds
[2024-03-21T01:16:30.586+0000] {processor.py:161} INFO - Started process (PID=404) to work on /home/airflow/.local/lib/python3.8/site-packages/airflow/example_dags/example_short_circuit_operator.py
[2024-03-21T01:16:30.588+0000] {processor.py:830} INFO - Processing file /home/airflow/.local/lib/python3.8/site-packages/airflow/example_dags/example_short_circuit_operator.py for tasks to queue
[2024-03-21T01:16:30.590+0000] {logging_mixin.py:188} INFO - [2024-03-21T01:16:30.590+0000] {dagbag.py:540} INFO - Filling up the DagBag from /home/airflow/.local/lib/python3.8/site-packages/airflow/example_dags/example_short_circuit_operator.py
[2024-03-21T01:16:30.601+0000] {processor.py:840} INFO - DAG(s) 'example_short_circuit_operator' retrieved from /home/airflow/.local/lib/python3.8/site-packages/airflow/example_dags/example_short_circuit_operator.py
[2024-03-21T01:16:30.800+0000] {logging_mixin.py:188} INFO - [2024-03-21T01:16:30.800+0000] {dag.py:3047} INFO - Sync 1 DAGs
[2024-03-21T01:16:30.836+0000] {logging_mixin.py:188} INFO - [2024-03-21T01:16:30.836+0000] {dag.py:3834} INFO - Setting next_dagrun for example_short_circuit_operator to 2024-03-20 00:00:00+00:00, run_after=2024-03-21 00:00:00+00:00
[2024-03-21T01:16:30.876+0000] {processor.py:183} INFO - Processing /home/airflow/.local/lib/python3.8/site-packages/airflow/example_dags/example_short_circuit_operator.py took 0.296 seconds
[2024-03-21T01:17:03.050+0000] {processor.py:161} INFO - Started process (PID=458) to work on /home/airflow/.local/lib/python3.8/site-packages/airflow/example_dags/example_short_circuit_operator.py
[2024-03-21T01:17:03.052+0000] {processor.py:830} INFO - Processing file /home/airflow/.local/lib/python3.8/site-packages/airflow/example_dags/example_short_circuit_operator.py for tasks to queue
[2024-03-21T01:17:03.069+0000] {logging_mixin.py:188} INFO - [2024-03-21T01:17:03.068+0000] {dagbag.py:540} INFO - Filling up the DagBag from /home/airflow/.local/lib/python3.8/site-packages/airflow/example_dags/example_short_circuit_operator.py
[2024-03-21T01:17:03.084+0000] {processor.py:840} INFO - DAG(s) 'example_short_circuit_operator' retrieved from /home/airflow/.local/lib/python3.8/site-packages/airflow/example_dags/example_short_circuit_operator.py
[2024-03-21T01:17:03.131+0000] {logging_mixin.py:188} INFO - [2024-03-21T01:17:03.130+0000] {dag.py:3047} INFO - Sync 1 DAGs
[2024-03-21T01:17:03.172+0000] {logging_mixin.py:188} INFO - [2024-03-21T01:17:03.172+0000] {dag.py:3834} INFO - Setting next_dagrun for example_short_circuit_operator to 2024-03-20 00:00:00+00:00, run_after=2024-03-21 00:00:00+00:00
[2024-03-21T01:17:03.206+0000] {processor.py:183} INFO - Processing /home/airflow/.local/lib/python3.8/site-packages/airflow/example_dags/example_short_circuit_operator.py took 0.162 seconds
[2024-03-21T01:17:33.234+0000] {processor.py:161} INFO - Started process (PID=513) to work on /home/airflow/.local/lib/python3.8/site-packages/airflow/example_dags/example_short_circuit_operator.py
[2024-03-21T01:17:33.235+0000] {processor.py:830} INFO - Processing file /home/airflow/.local/lib/python3.8/site-packages/airflow/example_dags/example_short_circuit_operator.py for tasks to queue
[2024-03-21T01:17:33.237+0000] {logging_mixin.py:188} INFO - [2024-03-21T01:17:33.237+0000] {dagbag.py:540} INFO - Filling up the DagBag from /home/airflow/.local/lib/python3.8/site-packages/airflow/example_dags/example_short_circuit_operator.py
[2024-03-21T01:17:33.246+0000] {processor.py:840} INFO - DAG(s) 'example_short_circuit_operator' retrieved from /home/airflow/.local/lib/python3.8/site-packages/airflow/example_dags/example_short_circuit_operator.py
[2024-03-21T01:17:33.274+0000] {logging_mixin.py:188} INFO - [2024-03-21T01:17:33.274+0000] {dag.py:3047} INFO - Sync 1 DAGs
[2024-03-21T01:17:33.299+0000] {logging_mixin.py:188} INFO - [2024-03-21T01:17:33.299+0000] {dag.py:3834} INFO - Setting next_dagrun for example_short_circuit_operator to 2024-03-20 00:00:00+00:00, run_after=2024-03-21 00:00:00+00:00
[2024-03-21T01:17:33.323+0000] {processor.py:183} INFO - Processing /home/airflow/.local/lib/python3.8/site-packages/airflow/example_dags/example_short_circuit_operator.py took 0.093 seconds
[2024-03-21T01:18:04.434+0000] {processor.py:161} INFO - Started process (PID=568) to work on /home/airflow/.local/lib/python3.8/site-packages/airflow/example_dags/example_short_circuit_operator.py
[2024-03-21T01:18:04.437+0000] {processor.py:830} INFO - Processing file /home/airflow/.local/lib/python3.8/site-packages/airflow/example_dags/example_short_circuit_operator.py for tasks to queue
[2024-03-21T01:18:04.442+0000] {logging_mixin.py:188} INFO - [2024-03-21T01:18:04.441+0000] {dagbag.py:540} INFO - Filling up the DagBag from /home/airflow/.local/lib/python3.8/site-packages/airflow/example_dags/example_short_circuit_operator.py
[2024-03-21T01:18:04.465+0000] {processor.py:840} INFO - DAG(s) 'example_short_circuit_operator' retrieved from /home/airflow/.local/lib/python3.8/site-packages/airflow/example_dags/example_short_circuit_operator.py
[2024-03-21T01:18:04.507+0000] {logging_mixin.py:188} INFO - [2024-03-21T01:18:04.506+0000] {dag.py:3047} INFO - Sync 1 DAGs
[2024-03-21T01:18:04.544+0000] {logging_mixin.py:188} INFO - [2024-03-21T01:18:04.543+0000] {dag.py:3834} INFO - Setting next_dagrun for example_short_circuit_operator to 2024-03-20 00:00:00+00:00, run_after=2024-03-21 00:00:00+00:00
[2024-03-21T01:18:04.578+0000] {processor.py:183} INFO - Processing /home/airflow/.local/lib/python3.8/site-packages/airflow/example_dags/example_short_circuit_operator.py took 0.150 seconds
[2024-03-21T01:18:34.870+0000] {processor.py:161} INFO - Started process (PID=623) to work on /home/airflow/.local/lib/python3.8/site-packages/airflow/example_dags/example_short_circuit_operator.py
[2024-03-21T01:18:34.872+0000] {processor.py:830} INFO - Processing file /home/airflow/.local/lib/python3.8/site-packages/airflow/example_dags/example_short_circuit_operator.py for tasks to queue
[2024-03-21T01:18:34.875+0000] {logging_mixin.py:188} INFO - [2024-03-21T01:18:34.874+0000] {dagbag.py:540} INFO - Filling up the DagBag from /home/airflow/.local/lib/python3.8/site-packages/airflow/example_dags/example_short_circuit_operator.py
[2024-03-21T01:18:34.885+0000] {processor.py:840} INFO - DAG(s) 'example_short_circuit_operator' retrieved from /home/airflow/.local/lib/python3.8/site-packages/airflow/example_dags/example_short_circuit_operator.py
[2024-03-21T01:18:34.918+0000] {logging_mixin.py:188} INFO - [2024-03-21T01:18:34.918+0000] {dag.py:3047} INFO - Sync 1 DAGs
[2024-03-21T01:18:34.951+0000] {logging_mixin.py:188} INFO - [2024-03-21T01:18:34.951+0000] {dag.py:3834} INFO - Setting next_dagrun for example_short_circuit_operator to 2024-03-20 00:00:00+00:00, run_after=2024-03-21 00:00:00+00:00
[2024-03-21T01:18:34.984+0000] {processor.py:183} INFO - Processing /home/airflow/.local/lib/python3.8/site-packages/airflow/example_dags/example_short_circuit_operator.py took 0.120 seconds
[2024-03-21T01:19:06.629+0000] {processor.py:161} INFO - Started process (PID=678) to work on /home/airflow/.local/lib/python3.8/site-packages/airflow/example_dags/example_short_circuit_operator.py
[2024-03-21T01:19:06.632+0000] {processor.py:830} INFO - Processing file /home/airflow/.local/lib/python3.8/site-packages/airflow/example_dags/example_short_circuit_operator.py for tasks to queue
[2024-03-21T01:19:06.636+0000] {logging_mixin.py:188} INFO - [2024-03-21T01:19:06.635+0000] {dagbag.py:540} INFO - Filling up the DagBag from /home/airflow/.local/lib/python3.8/site-packages/airflow/example_dags/example_short_circuit_operator.py
[2024-03-21T01:19:06.655+0000] {processor.py:840} INFO - DAG(s) 'example_short_circuit_operator' retrieved from /home/airflow/.local/lib/python3.8/site-packages/airflow/example_dags/example_short_circuit_operator.py
[2024-03-21T01:19:06.710+0000] {logging_mixin.py:188} INFO - [2024-03-21T01:19:06.710+0000] {dag.py:3047} INFO - Sync 1 DAGs
[2024-03-21T01:19:06.762+0000] {logging_mixin.py:188} INFO - [2024-03-21T01:19:06.761+0000] {dag.py:3834} INFO - Setting next_dagrun for example_short_circuit_operator to 2024-03-20 00:00:00+00:00, run_after=2024-03-21 00:00:00+00:00
[2024-03-21T01:19:06.808+0000] {processor.py:183} INFO - Processing /home/airflow/.local/lib/python3.8/site-packages/airflow/example_dags/example_short_circuit_operator.py took 0.187 seconds
[2024-03-21T01:19:37.306+0000] {processor.py:161} INFO - Started process (PID=734) to work on /home/airflow/.local/lib/python3.8/site-packages/airflow/example_dags/example_short_circuit_operator.py
[2024-03-21T01:19:37.308+0000] {processor.py:830} INFO - Processing file /home/airflow/.local/lib/python3.8/site-packages/airflow/example_dags/example_short_circuit_operator.py for tasks to queue
[2024-03-21T01:19:37.311+0000] {logging_mixin.py:188} INFO - [2024-03-21T01:19:37.311+0000] {dagbag.py:540} INFO - Filling up the DagBag from /home/airflow/.local/lib/python3.8/site-packages/airflow/example_dags/example_short_circuit_operator.py
[2024-03-21T01:19:37.330+0000] {processor.py:840} INFO - DAG(s) 'example_short_circuit_operator' retrieved from /home/airflow/.local/lib/python3.8/site-packages/airflow/example_dags/example_short_circuit_operator.py
[2024-03-21T01:19:37.383+0000] {logging_mixin.py:188} INFO - [2024-03-21T01:19:37.382+0000] {dag.py:3047} INFO - Sync 1 DAGs
[2024-03-21T01:19:37.436+0000] {logging_mixin.py:188} INFO - [2024-03-21T01:19:37.435+0000] {dag.py:3834} INFO - Setting next_dagrun for example_short_circuit_operator to 2024-03-20 00:00:00+00:00, run_after=2024-03-21 00:00:00+00:00
[2024-03-21T01:19:37.487+0000] {processor.py:183} INFO - Processing /home/airflow/.local/lib/python3.8/site-packages/airflow/example_dags/example_short_circuit_operator.py took 0.186 seconds
[2024-03-21T01:20:08.143+0000] {processor.py:161} INFO - Started process (PID=789) to work on /home/airflow/.local/lib/python3.8/site-packages/airflow/example_dags/example_short_circuit_operator.py
[2024-03-21T01:20:08.145+0000] {processor.py:830} INFO - Processing file /home/airflow/.local/lib/python3.8/site-packages/airflow/example_dags/example_short_circuit_operator.py for tasks to queue
[2024-03-21T01:20:08.150+0000] {logging_mixin.py:188} INFO - [2024-03-21T01:20:08.149+0000] {dagbag.py:540} INFO - Filling up the DagBag from /home/airflow/.local/lib/python3.8/site-packages/airflow/example_dags/example_short_circuit_operator.py
[2024-03-21T01:20:08.166+0000] {processor.py:840} INFO - DAG(s) 'example_short_circuit_operator' retrieved from /home/airflow/.local/lib/python3.8/site-packages/airflow/example_dags/example_short_circuit_operator.py
[2024-03-21T01:20:08.224+0000] {logging_mixin.py:188} INFO - [2024-03-21T01:20:08.223+0000] {dag.py:3047} INFO - Sync 1 DAGs
[2024-03-21T01:20:08.279+0000] {logging_mixin.py:188} INFO - [2024-03-21T01:20:08.278+0000] {dag.py:3834} INFO - Setting next_dagrun for example_short_circuit_operator to 2024-03-20 00:00:00+00:00, run_after=2024-03-21 00:00:00+00:00
[2024-03-21T01:20:08.324+0000] {processor.py:183} INFO - Processing /home/airflow/.local/lib/python3.8/site-packages/airflow/example_dags/example_short_circuit_operator.py took 0.188 seconds
[2024-03-21T01:20:39.274+0000] {processor.py:161} INFO - Started process (PID=844) to work on /home/airflow/.local/lib/python3.8/site-packages/airflow/example_dags/example_short_circuit_operator.py
[2024-03-21T01:20:39.276+0000] {processor.py:830} INFO - Processing file /home/airflow/.local/lib/python3.8/site-packages/airflow/example_dags/example_short_circuit_operator.py for tasks to queue
[2024-03-21T01:20:39.278+0000] {logging_mixin.py:188} INFO - [2024-03-21T01:20:39.278+0000] {dagbag.py:540} INFO - Filling up the DagBag from /home/airflow/.local/lib/python3.8/site-packages/airflow/example_dags/example_short_circuit_operator.py
[2024-03-21T01:20:39.286+0000] {processor.py:840} INFO - DAG(s) 'example_short_circuit_operator' retrieved from /home/airflow/.local/lib/python3.8/site-packages/airflow/example_dags/example_short_circuit_operator.py
[2024-03-21T01:20:39.311+0000] {logging_mixin.py:188} INFO - [2024-03-21T01:20:39.310+0000] {dag.py:3047} INFO - Sync 1 DAGs
[2024-03-21T01:20:39.335+0000] {logging_mixin.py:188} INFO - [2024-03-21T01:20:39.335+0000] {dag.py:3834} INFO - Setting next_dagrun for example_short_circuit_operator to 2024-03-20 00:00:00+00:00, run_after=2024-03-21 00:00:00+00:00
[2024-03-21T01:20:39.357+0000] {processor.py:183} INFO - Processing /home/airflow/.local/lib/python3.8/site-packages/airflow/example_dags/example_short_circuit_operator.py took 0.087 seconds
[2024-03-21T01:21:10.180+0000] {processor.py:161} INFO - Started process (PID=898) to work on /home/airflow/.local/lib/python3.8/site-packages/airflow/example_dags/example_short_circuit_operator.py
[2024-03-21T01:21:10.182+0000] {processor.py:830} INFO - Processing file /home/airflow/.local/lib/python3.8/site-packages/airflow/example_dags/example_short_circuit_operator.py for tasks to queue
[2024-03-21T01:21:10.184+0000] {logging_mixin.py:188} INFO - [2024-03-21T01:21:10.184+0000] {dagbag.py:540} INFO - Filling up the DagBag from /home/airflow/.local/lib/python3.8/site-packages/airflow/example_dags/example_short_circuit_operator.py
[2024-03-21T01:21:10.193+0000] {processor.py:840} INFO - DAG(s) 'example_short_circuit_operator' retrieved from /home/airflow/.local/lib/python3.8/site-packages/airflow/example_dags/example_short_circuit_operator.py
[2024-03-21T01:21:10.222+0000] {logging_mixin.py:188} INFO - [2024-03-21T01:21:10.222+0000] {dag.py:3047} INFO - Sync 1 DAGs
[2024-03-21T01:21:10.251+0000] {logging_mixin.py:188} INFO - [2024-03-21T01:21:10.250+0000] {dag.py:3834} INFO - Setting next_dagrun for example_short_circuit_operator to 2024-03-20 00:00:00+00:00, run_after=2024-03-21 00:00:00+00:00
[2024-03-21T01:21:10.281+0000] {processor.py:183} INFO - Processing /home/airflow/.local/lib/python3.8/site-packages/airflow/example_dags/example_short_circuit_operator.py took 0.106 seconds
[2024-03-21T01:21:40.450+0000] {processor.py:161} INFO - Started process (PID=953) to work on /home/airflow/.local/lib/python3.8/site-packages/airflow/example_dags/example_short_circuit_operator.py
[2024-03-21T01:21:40.452+0000] {processor.py:830} INFO - Processing file /home/airflow/.local/lib/python3.8/site-packages/airflow/example_dags/example_short_circuit_operator.py for tasks to queue
[2024-03-21T01:21:40.457+0000] {logging_mixin.py:188} INFO - [2024-03-21T01:21:40.456+0000] {dagbag.py:540} INFO - Filling up the DagBag from /home/airflow/.local/lib/python3.8/site-packages/airflow/example_dags/example_short_circuit_operator.py
[2024-03-21T01:21:40.472+0000] {processor.py:840} INFO - DAG(s) 'example_short_circuit_operator' retrieved from /home/airflow/.local/lib/python3.8/site-packages/airflow/example_dags/example_short_circuit_operator.py
[2024-03-21T01:21:40.519+0000] {logging_mixin.py:188} INFO - [2024-03-21T01:21:40.518+0000] {dag.py:3047} INFO - Sync 1 DAGs
[2024-03-21T01:21:40.580+0000] {logging_mixin.py:188} INFO - [2024-03-21T01:21:40.580+0000] {dag.py:3834} INFO - Setting next_dagrun for example_short_circuit_operator to 2024-03-20 00:00:00+00:00, run_after=2024-03-21 00:00:00+00:00
[2024-03-21T01:21:40.626+0000] {processor.py:183} INFO - Processing /home/airflow/.local/lib/python3.8/site-packages/airflow/example_dags/example_short_circuit_operator.py took 0.182 seconds
[2024-03-21T01:22:11.388+0000] {processor.py:161} INFO - Started process (PID=1009) to work on /home/airflow/.local/lib/python3.8/site-packages/airflow/example_dags/example_short_circuit_operator.py
[2024-03-21T01:22:11.389+0000] {processor.py:830} INFO - Processing file /home/airflow/.local/lib/python3.8/site-packages/airflow/example_dags/example_short_circuit_operator.py for tasks to queue
[2024-03-21T01:22:11.391+0000] {logging_mixin.py:188} INFO - [2024-03-21T01:22:11.391+0000] {dagbag.py:540} INFO - Filling up the DagBag from /home/airflow/.local/lib/python3.8/site-packages/airflow/example_dags/example_short_circuit_operator.py
[2024-03-21T01:22:11.399+0000] {processor.py:840} INFO - DAG(s) 'example_short_circuit_operator' retrieved from /home/airflow/.local/lib/python3.8/site-packages/airflow/example_dags/example_short_circuit_operator.py
[2024-03-21T01:22:11.423+0000] {logging_mixin.py:188} INFO - [2024-03-21T01:22:11.423+0000] {dag.py:3047} INFO - Sync 1 DAGs
[2024-03-21T01:22:11.458+0000] {logging_mixin.py:188} INFO - [2024-03-21T01:22:11.458+0000] {dag.py:3834} INFO - Setting next_dagrun for example_short_circuit_operator to 2024-03-20 00:00:00+00:00, run_after=2024-03-21 00:00:00+00:00
[2024-03-21T01:22:11.481+0000] {processor.py:183} INFO - Processing /home/airflow/.local/lib/python3.8/site-packages/airflow/example_dags/example_short_circuit_operator.py took 0.096 seconds
[2024-03-21T01:22:42.195+0000] {processor.py:161} INFO - Started process (PID=1064) to work on /home/airflow/.local/lib/python3.8/site-packages/airflow/example_dags/example_short_circuit_operator.py
[2024-03-21T01:22:42.197+0000] {processor.py:830} INFO - Processing file /home/airflow/.local/lib/python3.8/site-packages/airflow/example_dags/example_short_circuit_operator.py for tasks to queue
[2024-03-21T01:22:42.199+0000] {logging_mixin.py:188} INFO - [2024-03-21T01:22:42.198+0000] {dagbag.py:540} INFO - Filling up the DagBag from /home/airflow/.local/lib/python3.8/site-packages/airflow/example_dags/example_short_circuit_operator.py
[2024-03-21T01:22:42.209+0000] {processor.py:840} INFO - DAG(s) 'example_short_circuit_operator' retrieved from /home/airflow/.local/lib/python3.8/site-packages/airflow/example_dags/example_short_circuit_operator.py
[2024-03-21T01:22:42.242+0000] {logging_mixin.py:188} INFO - [2024-03-21T01:22:42.242+0000] {dag.py:3047} INFO - Sync 1 DAGs
[2024-03-21T01:22:42.274+0000] {logging_mixin.py:188} INFO - [2024-03-21T01:22:42.274+0000] {dag.py:3834} INFO - Setting next_dagrun for example_short_circuit_operator to 2024-03-20 00:00:00+00:00, run_after=2024-03-21 00:00:00+00:00
[2024-03-21T01:22:42.302+0000] {processor.py:183} INFO - Processing /home/airflow/.local/lib/python3.8/site-packages/airflow/example_dags/example_short_circuit_operator.py took 0.113 seconds
[2024-03-21T01:23:12.366+0000] {processor.py:161} INFO - Started process (PID=1119) to work on /home/airflow/.local/lib/python3.8/site-packages/airflow/example_dags/example_short_circuit_operator.py
[2024-03-21T01:23:12.367+0000] {processor.py:830} INFO - Processing file /home/airflow/.local/lib/python3.8/site-packages/airflow/example_dags/example_short_circuit_operator.py for tasks to queue
[2024-03-21T01:23:12.370+0000] {logging_mixin.py:188} INFO - [2024-03-21T01:23:12.369+0000] {dagbag.py:540} INFO - Filling up the DagBag from /home/airflow/.local/lib/python3.8/site-packages/airflow/example_dags/example_short_circuit_operator.py
[2024-03-21T01:23:12.379+0000] {processor.py:840} INFO - DAG(s) 'example_short_circuit_operator' retrieved from /home/airflow/.local/lib/python3.8/site-packages/airflow/example_dags/example_short_circuit_operator.py
[2024-03-21T01:23:12.406+0000] {logging_mixin.py:188} INFO - [2024-03-21T01:23:12.406+0000] {dag.py:3047} INFO - Sync 1 DAGs
[2024-03-21T01:23:12.433+0000] {logging_mixin.py:188} INFO - [2024-03-21T01:23:12.433+0000] {dag.py:3834} INFO - Setting next_dagrun for example_short_circuit_operator to 2024-03-20 00:00:00+00:00, run_after=2024-03-21 00:00:00+00:00
[2024-03-21T01:23:12.457+0000] {processor.py:183} INFO - Processing /home/airflow/.local/lib/python3.8/site-packages/airflow/example_dags/example_short_circuit_operator.py took 0.094 seconds
[2024-03-21T01:23:42.615+0000] {processor.py:161} INFO - Started process (PID=1173) to work on /home/airflow/.local/lib/python3.8/site-packages/airflow/example_dags/example_short_circuit_operator.py
[2024-03-21T01:23:42.617+0000] {processor.py:830} INFO - Processing file /home/airflow/.local/lib/python3.8/site-packages/airflow/example_dags/example_short_circuit_operator.py for tasks to queue
[2024-03-21T01:23:42.619+0000] {logging_mixin.py:188} INFO - [2024-03-21T01:23:42.618+0000] {dagbag.py:540} INFO - Filling up the DagBag from /home/airflow/.local/lib/python3.8/site-packages/airflow/example_dags/example_short_circuit_operator.py
[2024-03-21T01:23:42.630+0000] {processor.py:840} INFO - DAG(s) 'example_short_circuit_operator' retrieved from /home/airflow/.local/lib/python3.8/site-packages/airflow/example_dags/example_short_circuit_operator.py
[2024-03-21T01:23:42.665+0000] {logging_mixin.py:188} INFO - [2024-03-21T01:23:42.665+0000] {dag.py:3047} INFO - Sync 1 DAGs
[2024-03-21T01:23:42.700+0000] {logging_mixin.py:188} INFO - [2024-03-21T01:23:42.700+0000] {dag.py:3834} INFO - Setting next_dagrun for example_short_circuit_operator to 2024-03-20 00:00:00+00:00, run_after=2024-03-21 00:00:00+00:00
[2024-03-21T01:23:42.737+0000] {processor.py:183} INFO - Processing /home/airflow/.local/lib/python3.8/site-packages/airflow/example_dags/example_short_circuit_operator.py took 0.127 seconds
[2024-03-21T01:24:13.070+0000] {processor.py:161} INFO - Started process (PID=1228) to work on /home/airflow/.local/lib/python3.8/site-packages/airflow/example_dags/example_short_circuit_operator.py
[2024-03-21T01:24:13.071+0000] {processor.py:830} INFO - Processing file /home/airflow/.local/lib/python3.8/site-packages/airflow/example_dags/example_short_circuit_operator.py for tasks to queue
[2024-03-21T01:24:13.074+0000] {logging_mixin.py:188} INFO - [2024-03-21T01:24:13.073+0000] {dagbag.py:540} INFO - Filling up the DagBag from /home/airflow/.local/lib/python3.8/site-packages/airflow/example_dags/example_short_circuit_operator.py
[2024-03-21T01:24:13.083+0000] {processor.py:840} INFO - DAG(s) 'example_short_circuit_operator' retrieved from /home/airflow/.local/lib/python3.8/site-packages/airflow/example_dags/example_short_circuit_operator.py
[2024-03-21T01:24:13.116+0000] {logging_mixin.py:188} INFO - [2024-03-21T01:24:13.116+0000] {dag.py:3047} INFO - Sync 1 DAGs
[2024-03-21T01:24:13.146+0000] {logging_mixin.py:188} INFO - [2024-03-21T01:24:13.146+0000] {dag.py:3834} INFO - Setting next_dagrun for example_short_circuit_operator to 2024-03-20 00:00:00+00:00, run_after=2024-03-21 00:00:00+00:00
[2024-03-21T01:24:13.173+0000] {processor.py:183} INFO - Processing /home/airflow/.local/lib/python3.8/site-packages/airflow/example_dags/example_short_circuit_operator.py took 0.107 seconds
[2024-03-21T01:24:44.030+0000] {processor.py:161} INFO - Started process (PID=1283) to work on /home/airflow/.local/lib/python3.8/site-packages/airflow/example_dags/example_short_circuit_operator.py
[2024-03-21T01:24:44.032+0000] {processor.py:830} INFO - Processing file /home/airflow/.local/lib/python3.8/site-packages/airflow/example_dags/example_short_circuit_operator.py for tasks to queue
[2024-03-21T01:24:44.034+0000] {logging_mixin.py:188} INFO - [2024-03-21T01:24:44.033+0000] {dagbag.py:540} INFO - Filling up the DagBag from /home/airflow/.local/lib/python3.8/site-packages/airflow/example_dags/example_short_circuit_operator.py
[2024-03-21T01:24:44.043+0000] {processor.py:840} INFO - DAG(s) 'example_short_circuit_operator' retrieved from /home/airflow/.local/lib/python3.8/site-packages/airflow/example_dags/example_short_circuit_operator.py
[2024-03-21T01:24:44.075+0000] {logging_mixin.py:188} INFO - [2024-03-21T01:24:44.075+0000] {dag.py:3047} INFO - Sync 1 DAGs
[2024-03-21T01:24:44.100+0000] {logging_mixin.py:188} INFO - [2024-03-21T01:24:44.100+0000] {dag.py:3834} INFO - Setting next_dagrun for example_short_circuit_operator to 2024-03-20 00:00:00+00:00, run_after=2024-03-21 00:00:00+00:00
[2024-03-21T01:24:44.123+0000] {processor.py:183} INFO - Processing /home/airflow/.local/lib/python3.8/site-packages/airflow/example_dags/example_short_circuit_operator.py took 0.097 seconds
[2024-03-21T01:25:14.289+0000] {processor.py:161} INFO - Started process (PID=1338) to work on /home/airflow/.local/lib/python3.8/site-packages/airflow/example_dags/example_short_circuit_operator.py
[2024-03-21T01:25:14.292+0000] {processor.py:830} INFO - Processing file /home/airflow/.local/lib/python3.8/site-packages/airflow/example_dags/example_short_circuit_operator.py for tasks to queue
[2024-03-21T01:25:14.298+0000] {logging_mixin.py:188} INFO - [2024-03-21T01:25:14.296+0000] {dagbag.py:540} INFO - Filling up the DagBag from /home/airflow/.local/lib/python3.8/site-packages/airflow/example_dags/example_short_circuit_operator.py
[2024-03-21T01:25:14.310+0000] {processor.py:840} INFO - DAG(s) 'example_short_circuit_operator' retrieved from /home/airflow/.local/lib/python3.8/site-packages/airflow/example_dags/example_short_circuit_operator.py
[2024-03-21T01:25:14.363+0000] {logging_mixin.py:188} INFO - [2024-03-21T01:25:14.363+0000] {dag.py:3047} INFO - Sync 1 DAGs
[2024-03-21T01:25:14.400+0000] {logging_mixin.py:188} INFO - [2024-03-21T01:25:14.399+0000] {dag.py:3834} INFO - Setting next_dagrun for example_short_circuit_operator to 2024-03-20 00:00:00+00:00, run_after=2024-03-21 00:00:00+00:00
[2024-03-21T01:25:14.431+0000] {processor.py:183} INFO - Processing /home/airflow/.local/lib/python3.8/site-packages/airflow/example_dags/example_short_circuit_operator.py took 0.147 seconds
[2024-03-21T01:25:44.714+0000] {processor.py:161} INFO - Started process (PID=1393) to work on /home/airflow/.local/lib/python3.8/site-packages/airflow/example_dags/example_short_circuit_operator.py
[2024-03-21T01:25:44.716+0000] {processor.py:830} INFO - Processing file /home/airflow/.local/lib/python3.8/site-packages/airflow/example_dags/example_short_circuit_operator.py for tasks to queue
[2024-03-21T01:25:44.718+0000] {logging_mixin.py:188} INFO - [2024-03-21T01:25:44.717+0000] {dagbag.py:540} INFO - Filling up the DagBag from /home/airflow/.local/lib/python3.8/site-packages/airflow/example_dags/example_short_circuit_operator.py
[2024-03-21T01:25:44.730+0000] {processor.py:840} INFO - DAG(s) 'example_short_circuit_operator' retrieved from /home/airflow/.local/lib/python3.8/site-packages/airflow/example_dags/example_short_circuit_operator.py
[2024-03-21T01:25:44.762+0000] {logging_mixin.py:188} INFO - [2024-03-21T01:25:44.762+0000] {dag.py:3047} INFO - Sync 1 DAGs
[2024-03-21T01:25:44.791+0000] {logging_mixin.py:188} INFO - [2024-03-21T01:25:44.790+0000] {dag.py:3834} INFO - Setting next_dagrun for example_short_circuit_operator to 2024-03-20 00:00:00+00:00, run_after=2024-03-21 00:00:00+00:00
[2024-03-21T01:25:44.818+0000] {processor.py:183} INFO - Processing /home/airflow/.local/lib/python3.8/site-packages/airflow/example_dags/example_short_circuit_operator.py took 0.108 seconds
[2024-03-21T01:26:15.589+0000] {processor.py:161} INFO - Started process (PID=1448) to work on /home/airflow/.local/lib/python3.8/site-packages/airflow/example_dags/example_short_circuit_operator.py
[2024-03-21T01:26:15.591+0000] {processor.py:830} INFO - Processing file /home/airflow/.local/lib/python3.8/site-packages/airflow/example_dags/example_short_circuit_operator.py for tasks to queue
[2024-03-21T01:26:15.594+0000] {logging_mixin.py:188} INFO - [2024-03-21T01:26:15.593+0000] {dagbag.py:540} INFO - Filling up the DagBag from /home/airflow/.local/lib/python3.8/site-packages/airflow/example_dags/example_short_circuit_operator.py
[2024-03-21T01:26:15.609+0000] {processor.py:840} INFO - DAG(s) 'example_short_circuit_operator' retrieved from /home/airflow/.local/lib/python3.8/site-packages/airflow/example_dags/example_short_circuit_operator.py
[2024-03-21T01:26:15.663+0000] {logging_mixin.py:188} INFO - [2024-03-21T01:26:15.662+0000] {dag.py:3047} INFO - Sync 1 DAGs
[2024-03-21T01:26:15.725+0000] {logging_mixin.py:188} INFO - [2024-03-21T01:26:15.725+0000] {dag.py:3834} INFO - Setting next_dagrun for example_short_circuit_operator to 2024-03-20 00:00:00+00:00, run_after=2024-03-21 00:00:00+00:00
[2024-03-21T01:26:15.760+0000] {processor.py:183} INFO - Processing /home/airflow/.local/lib/python3.8/site-packages/airflow/example_dags/example_short_circuit_operator.py took 0.177 seconds
[2024-03-21T01:26:46.001+0000] {processor.py:161} INFO - Started process (PID=1503) to work on /home/airflow/.local/lib/python3.8/site-packages/airflow/example_dags/example_short_circuit_operator.py
[2024-03-21T01:26:46.003+0000] {processor.py:830} INFO - Processing file /home/airflow/.local/lib/python3.8/site-packages/airflow/example_dags/example_short_circuit_operator.py for tasks to queue
[2024-03-21T01:26:46.006+0000] {logging_mixin.py:188} INFO - [2024-03-21T01:26:46.006+0000] {dagbag.py:540} INFO - Filling up the DagBag from /home/airflow/.local/lib/python3.8/site-packages/airflow/example_dags/example_short_circuit_operator.py
[2024-03-21T01:26:46.026+0000] {processor.py:840} INFO - DAG(s) 'example_short_circuit_operator' retrieved from /home/airflow/.local/lib/python3.8/site-packages/airflow/example_dags/example_short_circuit_operator.py
[2024-03-21T01:26:46.106+0000] {logging_mixin.py:188} INFO - [2024-03-21T01:26:46.106+0000] {dag.py:3047} INFO - Sync 1 DAGs
[2024-03-21T01:26:46.156+0000] {logging_mixin.py:188} INFO - [2024-03-21T01:26:46.155+0000] {dag.py:3834} INFO - Setting next_dagrun for example_short_circuit_operator to 2024-03-20 00:00:00+00:00, run_after=2024-03-21 00:00:00+00:00
[2024-03-21T01:26:46.201+0000] {processor.py:183} INFO - Processing /home/airflow/.local/lib/python3.8/site-packages/airflow/example_dags/example_short_circuit_operator.py took 0.207 seconds
[2024-03-21T01:27:16.703+0000] {processor.py:161} INFO - Started process (PID=1558) to work on /home/airflow/.local/lib/python3.8/site-packages/airflow/example_dags/example_short_circuit_operator.py
[2024-03-21T01:27:16.705+0000] {processor.py:830} INFO - Processing file /home/airflow/.local/lib/python3.8/site-packages/airflow/example_dags/example_short_circuit_operator.py for tasks to queue
[2024-03-21T01:27:16.708+0000] {logging_mixin.py:188} INFO - [2024-03-21T01:27:16.707+0000] {dagbag.py:540} INFO - Filling up the DagBag from /home/airflow/.local/lib/python3.8/site-packages/airflow/example_dags/example_short_circuit_operator.py
[2024-03-21T01:27:16.718+0000] {processor.py:840} INFO - DAG(s) 'example_short_circuit_operator' retrieved from /home/airflow/.local/lib/python3.8/site-packages/airflow/example_dags/example_short_circuit_operator.py
[2024-03-21T01:27:16.753+0000] {logging_mixin.py:188} INFO - [2024-03-21T01:27:16.753+0000] {dag.py:3047} INFO - Sync 1 DAGs
[2024-03-21T01:27:16.789+0000] {logging_mixin.py:188} INFO - [2024-03-21T01:27:16.789+0000] {dag.py:3834} INFO - Setting next_dagrun for example_short_circuit_operator to 2024-03-20 00:00:00+00:00, run_after=2024-03-21 00:00:00+00:00
[2024-03-21T01:27:16.823+0000] {processor.py:183} INFO - Processing /home/airflow/.local/lib/python3.8/site-packages/airflow/example_dags/example_short_circuit_operator.py took 0.124 seconds
[2024-03-21T01:27:46.998+0000] {processor.py:161} INFO - Started process (PID=1613) to work on /home/airflow/.local/lib/python3.8/site-packages/airflow/example_dags/example_short_circuit_operator.py
[2024-03-21T01:27:47.000+0000] {processor.py:830} INFO - Processing file /home/airflow/.local/lib/python3.8/site-packages/airflow/example_dags/example_short_circuit_operator.py for tasks to queue
[2024-03-21T01:27:47.002+0000] {logging_mixin.py:188} INFO - [2024-03-21T01:27:47.002+0000] {dagbag.py:540} INFO - Filling up the DagBag from /home/airflow/.local/lib/python3.8/site-packages/airflow/example_dags/example_short_circuit_operator.py
[2024-03-21T01:27:47.013+0000] {processor.py:840} INFO - DAG(s) 'example_short_circuit_operator' retrieved from /home/airflow/.local/lib/python3.8/site-packages/airflow/example_dags/example_short_circuit_operator.py
[2024-03-21T01:27:47.055+0000] {logging_mixin.py:188} INFO - [2024-03-21T01:27:47.054+0000] {dag.py:3047} INFO - Sync 1 DAGs
[2024-03-21T01:27:47.092+0000] {logging_mixin.py:188} INFO - [2024-03-21T01:27:47.091+0000] {dag.py:3834} INFO - Setting next_dagrun for example_short_circuit_operator to 2024-03-20 00:00:00+00:00, run_after=2024-03-21 00:00:00+00:00
[2024-03-21T01:27:47.123+0000] {processor.py:183} INFO - Processing /home/airflow/.local/lib/python3.8/site-packages/airflow/example_dags/example_short_circuit_operator.py took 0.130 seconds
[2024-03-21T01:28:17.735+0000] {processor.py:161} INFO - Started process (PID=1668) to work on /home/airflow/.local/lib/python3.8/site-packages/airflow/example_dags/example_short_circuit_operator.py
[2024-03-21T01:28:17.737+0000] {processor.py:830} INFO - Processing file /home/airflow/.local/lib/python3.8/site-packages/airflow/example_dags/example_short_circuit_operator.py for tasks to queue
[2024-03-21T01:28:17.740+0000] {logging_mixin.py:188} INFO - [2024-03-21T01:28:17.739+0000] {dagbag.py:540} INFO - Filling up the DagBag from /home/airflow/.local/lib/python3.8/site-packages/airflow/example_dags/example_short_circuit_operator.py
[2024-03-21T01:28:17.756+0000] {processor.py:840} INFO - DAG(s) 'example_short_circuit_operator' retrieved from /home/airflow/.local/lib/python3.8/site-packages/airflow/example_dags/example_short_circuit_operator.py
[2024-03-21T01:28:17.813+0000] {logging_mixin.py:188} INFO - [2024-03-21T01:28:17.813+0000] {dag.py:3047} INFO - Sync 1 DAGs
[2024-03-21T01:28:17.855+0000] {logging_mixin.py:188} INFO - [2024-03-21T01:28:17.855+0000] {dag.py:3834} INFO - Setting next_dagrun for example_short_circuit_operator to 2024-03-20 00:00:00+00:00, run_after=2024-03-21 00:00:00+00:00
[2024-03-21T01:28:17.887+0000] {processor.py:183} INFO - Processing /home/airflow/.local/lib/python3.8/site-packages/airflow/example_dags/example_short_circuit_operator.py took 0.156 seconds
[2024-03-21T01:28:50.524+0000] {processor.py:161} INFO - Started process (PID=1723) to work on /home/airflow/.local/lib/python3.8/site-packages/airflow/example_dags/example_short_circuit_operator.py
[2024-03-21T01:28:50.527+0000] {processor.py:830} INFO - Processing file /home/airflow/.local/lib/python3.8/site-packages/airflow/example_dags/example_short_circuit_operator.py for tasks to queue
[2024-03-21T01:28:50.543+0000] {logging_mixin.py:188} INFO - [2024-03-21T01:28:50.542+0000] {dagbag.py:540} INFO - Filling up the DagBag from /home/airflow/.local/lib/python3.8/site-packages/airflow/example_dags/example_short_circuit_operator.py
[2024-03-21T01:28:50.634+0000] {processor.py:840} INFO - DAG(s) 'example_short_circuit_operator' retrieved from /home/airflow/.local/lib/python3.8/site-packages/airflow/example_dags/example_short_circuit_operator.py
[2024-03-21T01:28:50.803+0000] {logging_mixin.py:188} INFO - [2024-03-21T01:28:50.802+0000] {dag.py:3047} INFO - Sync 1 DAGs
[2024-03-21T01:28:50.897+0000] {logging_mixin.py:188} INFO - [2024-03-21T01:28:50.897+0000] {dag.py:3834} INFO - Setting next_dagrun for example_short_circuit_operator to 2024-03-20 00:00:00+00:00, run_after=2024-03-21 00:00:00+00:00
[2024-03-21T01:28:50.978+0000] {processor.py:183} INFO - Processing /home/airflow/.local/lib/python3.8/site-packages/airflow/example_dags/example_short_circuit_operator.py took 0.465 seconds
[2024-03-21T01:29:21.837+0000] {processor.py:161} INFO - Started process (PID=1779) to work on /home/airflow/.local/lib/python3.8/site-packages/airflow/example_dags/example_short_circuit_operator.py
[2024-03-21T01:29:21.839+0000] {processor.py:830} INFO - Processing file /home/airflow/.local/lib/python3.8/site-packages/airflow/example_dags/example_short_circuit_operator.py for tasks to queue
[2024-03-21T01:29:21.842+0000] {logging_mixin.py:188} INFO - [2024-03-21T01:29:21.841+0000] {dagbag.py:540} INFO - Filling up the DagBag from /home/airflow/.local/lib/python3.8/site-packages/airflow/example_dags/example_short_circuit_operator.py
[2024-03-21T01:29:21.851+0000] {processor.py:840} INFO - DAG(s) 'example_short_circuit_operator' retrieved from /home/airflow/.local/lib/python3.8/site-packages/airflow/example_dags/example_short_circuit_operator.py
[2024-03-21T01:29:21.882+0000] {logging_mixin.py:188} INFO - [2024-03-21T01:29:21.881+0000] {dag.py:3047} INFO - Sync 1 DAGs
[2024-03-21T01:29:21.908+0000] {logging_mixin.py:188} INFO - [2024-03-21T01:29:21.908+0000] {dag.py:3834} INFO - Setting next_dagrun for example_short_circuit_operator to 2024-03-20 00:00:00+00:00, run_after=2024-03-21 00:00:00+00:00
[2024-03-21T01:29:21.938+0000] {processor.py:183} INFO - Processing /home/airflow/.local/lib/python3.8/site-packages/airflow/example_dags/example_short_circuit_operator.py took 0.106 seconds
[2024-03-21T01:29:52.728+0000] {processor.py:161} INFO - Started process (PID=1834) to work on /home/airflow/.local/lib/python3.8/site-packages/airflow/example_dags/example_short_circuit_operator.py
[2024-03-21T01:29:52.730+0000] {processor.py:830} INFO - Processing file /home/airflow/.local/lib/python3.8/site-packages/airflow/example_dags/example_short_circuit_operator.py for tasks to queue
[2024-03-21T01:29:52.732+0000] {logging_mixin.py:188} INFO - [2024-03-21T01:29:52.731+0000] {dagbag.py:540} INFO - Filling up the DagBag from /home/airflow/.local/lib/python3.8/site-packages/airflow/example_dags/example_short_circuit_operator.py
[2024-03-21T01:29:52.741+0000] {processor.py:840} INFO - DAG(s) 'example_short_circuit_operator' retrieved from /home/airflow/.local/lib/python3.8/site-packages/airflow/example_dags/example_short_circuit_operator.py
[2024-03-21T01:29:52.770+0000] {logging_mixin.py:188} INFO - [2024-03-21T01:29:52.769+0000] {dag.py:3047} INFO - Sync 1 DAGs
[2024-03-21T01:29:52.799+0000] {logging_mixin.py:188} INFO - [2024-03-21T01:29:52.799+0000] {dag.py:3834} INFO - Setting next_dagrun for example_short_circuit_operator to 2024-03-20 00:00:00+00:00, run_after=2024-03-21 00:00:00+00:00
[2024-03-21T01:29:52.837+0000] {processor.py:183} INFO - Processing /home/airflow/.local/lib/python3.8/site-packages/airflow/example_dags/example_short_circuit_operator.py took 0.112 seconds
[2024-03-21T01:30:23.000+0000] {processor.py:161} INFO - Started process (PID=1888) to work on /home/airflow/.local/lib/python3.8/site-packages/airflow/example_dags/example_short_circuit_operator.py
[2024-03-21T01:30:23.001+0000] {processor.py:830} INFO - Processing file /home/airflow/.local/lib/python3.8/site-packages/airflow/example_dags/example_short_circuit_operator.py for tasks to queue
[2024-03-21T01:30:23.003+0000] {logging_mixin.py:188} INFO - [2024-03-21T01:30:23.003+0000] {dagbag.py:540} INFO - Filling up the DagBag from /home/airflow/.local/lib/python3.8/site-packages/airflow/example_dags/example_short_circuit_operator.py
[2024-03-21T01:30:23.011+0000] {processor.py:840} INFO - DAG(s) 'example_short_circuit_operator' retrieved from /home/airflow/.local/lib/python3.8/site-packages/airflow/example_dags/example_short_circuit_operator.py
[2024-03-21T01:30:23.041+0000] {logging_mixin.py:188} INFO - [2024-03-21T01:30:23.040+0000] {dag.py:3047} INFO - Sync 1 DAGs
[2024-03-21T01:30:23.075+0000] {logging_mixin.py:188} INFO - [2024-03-21T01:30:23.074+0000] {dag.py:3834} INFO - Setting next_dagrun for example_short_circuit_operator to 2024-03-20 00:00:00+00:00, run_after=2024-03-21 00:00:00+00:00
[2024-03-21T01:30:23.105+0000] {processor.py:183} INFO - Processing /home/airflow/.local/lib/python3.8/site-packages/airflow/example_dags/example_short_circuit_operator.py took 0.111 seconds
[2024-03-21T01:30:53.599+0000] {processor.py:161} INFO - Started process (PID=1943) to work on /home/airflow/.local/lib/python3.8/site-packages/airflow/example_dags/example_short_circuit_operator.py
[2024-03-21T01:30:53.600+0000] {processor.py:830} INFO - Processing file /home/airflow/.local/lib/python3.8/site-packages/airflow/example_dags/example_short_circuit_operator.py for tasks to queue
[2024-03-21T01:30:53.603+0000] {logging_mixin.py:188} INFO - [2024-03-21T01:30:53.602+0000] {dagbag.py:540} INFO - Filling up the DagBag from /home/airflow/.local/lib/python3.8/site-packages/airflow/example_dags/example_short_circuit_operator.py
[2024-03-21T01:30:53.613+0000] {processor.py:840} INFO - DAG(s) 'example_short_circuit_operator' retrieved from /home/airflow/.local/lib/python3.8/site-packages/airflow/example_dags/example_short_circuit_operator.py
[2024-03-21T01:30:53.650+0000] {logging_mixin.py:188} INFO - [2024-03-21T01:30:53.650+0000] {dag.py:3047} INFO - Sync 1 DAGs
[2024-03-21T01:30:53.684+0000] {logging_mixin.py:188} INFO - [2024-03-21T01:30:53.684+0000] {dag.py:3834} INFO - Setting next_dagrun for example_short_circuit_operator to 2024-03-20 00:00:00+00:00, run_after=2024-03-21 00:00:00+00:00
[2024-03-21T01:30:53.717+0000] {processor.py:183} INFO - Processing /home/airflow/.local/lib/python3.8/site-packages/airflow/example_dags/example_short_circuit_operator.py took 0.124 seconds
[2024-03-21T01:31:24.280+0000] {processor.py:161} INFO - Started process (PID=1998) to work on /home/airflow/.local/lib/python3.8/site-packages/airflow/example_dags/example_short_circuit_operator.py
[2024-03-21T01:31:24.282+0000] {processor.py:830} INFO - Processing file /home/airflow/.local/lib/python3.8/site-packages/airflow/example_dags/example_short_circuit_operator.py for tasks to queue
[2024-03-21T01:31:24.284+0000] {logging_mixin.py:188} INFO - [2024-03-21T01:31:24.284+0000] {dagbag.py:540} INFO - Filling up the DagBag from /home/airflow/.local/lib/python3.8/site-packages/airflow/example_dags/example_short_circuit_operator.py
[2024-03-21T01:31:24.293+0000] {processor.py:840} INFO - DAG(s) 'example_short_circuit_operator' retrieved from /home/airflow/.local/lib/python3.8/site-packages/airflow/example_dags/example_short_circuit_operator.py
[2024-03-21T01:31:24.326+0000] {logging_mixin.py:188} INFO - [2024-03-21T01:31:24.326+0000] {dag.py:3047} INFO - Sync 1 DAGs
[2024-03-21T01:31:24.350+0000] {logging_mixin.py:188} INFO - [2024-03-21T01:31:24.350+0000] {dag.py:3834} INFO - Setting next_dagrun for example_short_circuit_operator to 2024-03-20 00:00:00+00:00, run_after=2024-03-21 00:00:00+00:00
[2024-03-21T01:31:24.372+0000] {processor.py:183} INFO - Processing /home/airflow/.local/lib/python3.8/site-packages/airflow/example_dags/example_short_circuit_operator.py took 0.095 seconds
[2024-03-21T01:31:54.538+0000] {processor.py:161} INFO - Started process (PID=2053) to work on /home/airflow/.local/lib/python3.8/site-packages/airflow/example_dags/example_short_circuit_operator.py
[2024-03-21T01:31:54.541+0000] {processor.py:830} INFO - Processing file /home/airflow/.local/lib/python3.8/site-packages/airflow/example_dags/example_short_circuit_operator.py for tasks to queue
[2024-03-21T01:31:54.543+0000] {logging_mixin.py:188} INFO - [2024-03-21T01:31:54.543+0000] {dagbag.py:540} INFO - Filling up the DagBag from /home/airflow/.local/lib/python3.8/site-packages/airflow/example_dags/example_short_circuit_operator.py
[2024-03-21T01:31:54.552+0000] {processor.py:840} INFO - DAG(s) 'example_short_circuit_operator' retrieved from /home/airflow/.local/lib/python3.8/site-packages/airflow/example_dags/example_short_circuit_operator.py
[2024-03-21T01:31:54.578+0000] {logging_mixin.py:188} INFO - [2024-03-21T01:31:54.578+0000] {dag.py:3047} INFO - Sync 1 DAGs
[2024-03-21T01:31:54.600+0000] {logging_mixin.py:188} INFO - [2024-03-21T01:31:54.600+0000] {dag.py:3834} INFO - Setting next_dagrun for example_short_circuit_operator to 2024-03-20 00:00:00+00:00, run_after=2024-03-21 00:00:00+00:00
[2024-03-21T01:31:54.626+0000] {processor.py:183} INFO - Processing /home/airflow/.local/lib/python3.8/site-packages/airflow/example_dags/example_short_circuit_operator.py took 0.091 seconds
