[2024-03-21T00:09:29.113+0000] {processor.py:161} INFO - Started process (PID=52) to work on /home/airflow/.local/lib/python3.8/site-packages/airflow/example_dags/example_branch_python_dop_operator_3.py
[2024-03-21T00:09:29.115+0000] {processor.py:830} INFO - Processing file /home/airflow/.local/lib/python3.8/site-packages/airflow/example_dags/example_branch_python_dop_operator_3.py for tasks to queue
[2024-03-21T00:09:29.120+0000] {logging_mixin.py:188} INFO - [2024-03-21T00:09:29.119+0000] {dagbag.py:540} INFO - Filling up the DagBag from /home/airflow/.local/lib/python3.8/site-packages/airflow/example_dags/example_branch_python_dop_operator_3.py
[2024-03-21T00:09:29.163+0000] {processor.py:840} INFO - DAG(s) 'example_branch_dop_operator_v3' retrieved from /home/airflow/.local/lib/python3.8/site-packages/airflow/example_dags/example_branch_python_dop_operator_3.py
[2024-03-21T00:09:29.193+0000] {logging_mixin.py:188} INFO - [2024-03-21T00:09:29.192+0000] {dag.py:3047} INFO - Sync 1 DAGs
[2024-03-21T00:09:29.288+0000] {logging_mixin.py:188} INFO - [2024-03-21T00:09:29.288+0000] {dag.py:3834} INFO - Setting next_dagrun for example_branch_dop_operator_v3 to 2024-03-21 00:08:00+00:00, run_after=2024-03-21 00:09:00+00:00
[2024-03-21T00:09:29.356+0000] {processor.py:183} INFO - Processing /home/airflow/.local/lib/python3.8/site-packages/airflow/example_dags/example_branch_python_dop_operator_3.py took 0.252 seconds
[2024-03-21T00:09:59.834+0000] {processor.py:161} INFO - Started process (PID=107) to work on /home/airflow/.local/lib/python3.8/site-packages/airflow/example_dags/example_branch_python_dop_operator_3.py
[2024-03-21T00:09:59.835+0000] {processor.py:830} INFO - Processing file /home/airflow/.local/lib/python3.8/site-packages/airflow/example_dags/example_branch_python_dop_operator_3.py for tasks to queue
[2024-03-21T00:09:59.837+0000] {logging_mixin.py:188} INFO - [2024-03-21T00:09:59.837+0000] {dagbag.py:540} INFO - Filling up the DagBag from /home/airflow/.local/lib/python3.8/site-packages/airflow/example_dags/example_branch_python_dop_operator_3.py
[2024-03-21T00:09:59.848+0000] {processor.py:840} INFO - DAG(s) 'example_branch_dop_operator_v3' retrieved from /home/airflow/.local/lib/python3.8/site-packages/airflow/example_dags/example_branch_python_dop_operator_3.py
[2024-03-21T00:09:59.976+0000] {logging_mixin.py:188} INFO - [2024-03-21T00:09:59.976+0000] {dag.py:3047} INFO - Sync 1 DAGs
[2024-03-21T00:10:00.006+0000] {logging_mixin.py:188} INFO - [2024-03-21T00:10:00.006+0000] {dag.py:3834} INFO - Setting next_dagrun for example_branch_dop_operator_v3 to 2024-03-21 00:08:00+00:00, run_after=2024-03-21 00:09:00+00:00
[2024-03-21T00:10:00.031+0000] {processor.py:183} INFO - Processing /home/airflow/.local/lib/python3.8/site-packages/airflow/example_dags/example_branch_python_dop_operator_3.py took 0.200 seconds
[2024-03-21T00:10:30.450+0000] {processor.py:161} INFO - Started process (PID=162) to work on /home/airflow/.local/lib/python3.8/site-packages/airflow/example_dags/example_branch_python_dop_operator_3.py
[2024-03-21T00:10:30.452+0000] {processor.py:830} INFO - Processing file /home/airflow/.local/lib/python3.8/site-packages/airflow/example_dags/example_branch_python_dop_operator_3.py for tasks to queue
[2024-03-21T00:10:30.454+0000] {logging_mixin.py:188} INFO - [2024-03-21T00:10:30.454+0000] {dagbag.py:540} INFO - Filling up the DagBag from /home/airflow/.local/lib/python3.8/site-packages/airflow/example_dags/example_branch_python_dop_operator_3.py
[2024-03-21T00:10:30.465+0000] {processor.py:840} INFO - DAG(s) 'example_branch_dop_operator_v3' retrieved from /home/airflow/.local/lib/python3.8/site-packages/airflow/example_dags/example_branch_python_dop_operator_3.py
[2024-03-21T00:10:30.487+0000] {logging_mixin.py:188} INFO - [2024-03-21T00:10:30.487+0000] {dag.py:3047} INFO - Sync 1 DAGs
[2024-03-21T00:10:30.522+0000] {logging_mixin.py:188} INFO - [2024-03-21T00:10:30.522+0000] {dag.py:3834} INFO - Setting next_dagrun for example_branch_dop_operator_v3 to 2024-03-21 00:09:00+00:00, run_after=2024-03-21 00:10:00+00:00
[2024-03-21T00:10:30.552+0000] {processor.py:183} INFO - Processing /home/airflow/.local/lib/python3.8/site-packages/airflow/example_dags/example_branch_python_dop_operator_3.py took 0.106 seconds
[2024-03-21T00:17:06.163+0000] {processor.py:161} INFO - Started process (PID=69) to work on /home/airflow/.local/lib/python3.8/site-packages/airflow/example_dags/example_branch_python_dop_operator_3.py
[2024-03-21T00:17:06.165+0000] {processor.py:830} INFO - Processing file /home/airflow/.local/lib/python3.8/site-packages/airflow/example_dags/example_branch_python_dop_operator_3.py for tasks to queue
[2024-03-21T00:17:06.169+0000] {logging_mixin.py:188} INFO - [2024-03-21T00:17:06.168+0000] {dagbag.py:540} INFO - Filling up the DagBag from /home/airflow/.local/lib/python3.8/site-packages/airflow/example_dags/example_branch_python_dop_operator_3.py
[2024-03-21T00:17:06.206+0000] {processor.py:840} INFO - DAG(s) 'example_branch_dop_operator_v3' retrieved from /home/airflow/.local/lib/python3.8/site-packages/airflow/example_dags/example_branch_python_dop_operator_3.py
[2024-03-21T00:17:06.429+0000] {logging_mixin.py:188} INFO - [2024-03-21T00:17:06.429+0000] {dag.py:3047} INFO - Sync 1 DAGs
[2024-03-21T00:17:06.499+0000] {logging_mixin.py:188} INFO - [2024-03-21T00:17:06.499+0000] {dag.py:3834} INFO - Setting next_dagrun for example_branch_dop_operator_v3 to 2024-03-21 00:16:00+00:00, run_after=2024-03-21 00:17:00+00:00
[2024-03-21T00:17:06.539+0000] {processor.py:183} INFO - Processing /home/airflow/.local/lib/python3.8/site-packages/airflow/example_dags/example_branch_python_dop_operator_3.py took 0.383 seconds
[2024-03-21T00:17:36.751+0000] {processor.py:161} INFO - Started process (PID=124) to work on /home/airflow/.local/lib/python3.8/site-packages/airflow/example_dags/example_branch_python_dop_operator_3.py
[2024-03-21T00:17:36.752+0000] {processor.py:830} INFO - Processing file /home/airflow/.local/lib/python3.8/site-packages/airflow/example_dags/example_branch_python_dop_operator_3.py for tasks to queue
[2024-03-21T00:17:36.754+0000] {logging_mixin.py:188} INFO - [2024-03-21T00:17:36.754+0000] {dagbag.py:540} INFO - Filling up the DagBag from /home/airflow/.local/lib/python3.8/site-packages/airflow/example_dags/example_branch_python_dop_operator_3.py
[2024-03-21T00:17:36.763+0000] {processor.py:840} INFO - DAG(s) 'example_branch_dop_operator_v3' retrieved from /home/airflow/.local/lib/python3.8/site-packages/airflow/example_dags/example_branch_python_dop_operator_3.py
[2024-03-21T00:17:36.784+0000] {logging_mixin.py:188} INFO - [2024-03-21T00:17:36.784+0000] {dag.py:3047} INFO - Sync 1 DAGs
[2024-03-21T00:17:36.817+0000] {logging_mixin.py:188} INFO - [2024-03-21T00:17:36.816+0000] {dag.py:3834} INFO - Setting next_dagrun for example_branch_dop_operator_v3 to 2024-03-21 00:16:00+00:00, run_after=2024-03-21 00:17:00+00:00
[2024-03-21T00:17:36.839+0000] {processor.py:183} INFO - Processing /home/airflow/.local/lib/python3.8/site-packages/airflow/example_dags/example_branch_python_dop_operator_3.py took 0.090 seconds
[2024-03-21T00:18:07.193+0000] {processor.py:161} INFO - Started process (PID=179) to work on /home/airflow/.local/lib/python3.8/site-packages/airflow/example_dags/example_branch_python_dop_operator_3.py
[2024-03-21T00:18:07.194+0000] {processor.py:830} INFO - Processing file /home/airflow/.local/lib/python3.8/site-packages/airflow/example_dags/example_branch_python_dop_operator_3.py for tasks to queue
[2024-03-21T00:18:07.196+0000] {logging_mixin.py:188} INFO - [2024-03-21T00:18:07.196+0000] {dagbag.py:540} INFO - Filling up the DagBag from /home/airflow/.local/lib/python3.8/site-packages/airflow/example_dags/example_branch_python_dop_operator_3.py
[2024-03-21T00:18:07.206+0000] {processor.py:840} INFO - DAG(s) 'example_branch_dop_operator_v3' retrieved from /home/airflow/.local/lib/python3.8/site-packages/airflow/example_dags/example_branch_python_dop_operator_3.py
[2024-03-21T00:18:07.227+0000] {logging_mixin.py:188} INFO - [2024-03-21T00:18:07.227+0000] {dag.py:3047} INFO - Sync 1 DAGs
[2024-03-21T00:18:07.253+0000] {logging_mixin.py:188} INFO - [2024-03-21T00:18:07.253+0000] {dag.py:3834} INFO - Setting next_dagrun for example_branch_dop_operator_v3 to 2024-03-21 00:17:00+00:00, run_after=2024-03-21 00:18:00+00:00
[2024-03-21T00:18:07.274+0000] {processor.py:183} INFO - Processing /home/airflow/.local/lib/python3.8/site-packages/airflow/example_dags/example_branch_python_dop_operator_3.py took 0.085 seconds
[2024-03-21T00:18:37.776+0000] {processor.py:161} INFO - Started process (PID=234) to work on /home/airflow/.local/lib/python3.8/site-packages/airflow/example_dags/example_branch_python_dop_operator_3.py
[2024-03-21T00:18:37.778+0000] {processor.py:830} INFO - Processing file /home/airflow/.local/lib/python3.8/site-packages/airflow/example_dags/example_branch_python_dop_operator_3.py for tasks to queue
[2024-03-21T00:18:37.779+0000] {logging_mixin.py:188} INFO - [2024-03-21T00:18:37.779+0000] {dagbag.py:540} INFO - Filling up the DagBag from /home/airflow/.local/lib/python3.8/site-packages/airflow/example_dags/example_branch_python_dop_operator_3.py
[2024-03-21T00:18:37.788+0000] {processor.py:840} INFO - DAG(s) 'example_branch_dop_operator_v3' retrieved from /home/airflow/.local/lib/python3.8/site-packages/airflow/example_dags/example_branch_python_dop_operator_3.py
[2024-03-21T00:18:37.808+0000] {logging_mixin.py:188} INFO - [2024-03-21T00:18:37.808+0000] {dag.py:3047} INFO - Sync 1 DAGs
[2024-03-21T00:18:37.836+0000] {logging_mixin.py:188} INFO - [2024-03-21T00:18:37.836+0000] {dag.py:3834} INFO - Setting next_dagrun for example_branch_dop_operator_v3 to 2024-03-21 00:17:00+00:00, run_after=2024-03-21 00:18:00+00:00
[2024-03-21T00:18:37.858+0000] {processor.py:183} INFO - Processing /home/airflow/.local/lib/python3.8/site-packages/airflow/example_dags/example_branch_python_dop_operator_3.py took 0.085 seconds
[2024-03-21T00:19:08.463+0000] {processor.py:161} INFO - Started process (PID=289) to work on /home/airflow/.local/lib/python3.8/site-packages/airflow/example_dags/example_branch_python_dop_operator_3.py
[2024-03-21T00:19:08.465+0000] {processor.py:830} INFO - Processing file /home/airflow/.local/lib/python3.8/site-packages/airflow/example_dags/example_branch_python_dop_operator_3.py for tasks to queue
[2024-03-21T00:19:08.466+0000] {logging_mixin.py:188} INFO - [2024-03-21T00:19:08.466+0000] {dagbag.py:540} INFO - Filling up the DagBag from /home/airflow/.local/lib/python3.8/site-packages/airflow/example_dags/example_branch_python_dop_operator_3.py
[2024-03-21T00:19:08.476+0000] {processor.py:840} INFO - DAG(s) 'example_branch_dop_operator_v3' retrieved from /home/airflow/.local/lib/python3.8/site-packages/airflow/example_dags/example_branch_python_dop_operator_3.py
[2024-03-21T00:19:08.497+0000] {logging_mixin.py:188} INFO - [2024-03-21T00:19:08.497+0000] {dag.py:3047} INFO - Sync 1 DAGs
[2024-03-21T00:19:08.527+0000] {logging_mixin.py:188} INFO - [2024-03-21T00:19:08.527+0000] {dag.py:3834} INFO - Setting next_dagrun for example_branch_dop_operator_v3 to 2024-03-21 00:18:00+00:00, run_after=2024-03-21 00:19:00+00:00
[2024-03-21T00:19:08.550+0000] {processor.py:183} INFO - Processing /home/airflow/.local/lib/python3.8/site-packages/airflow/example_dags/example_branch_python_dop_operator_3.py took 0.091 seconds
[2024-03-21T00:19:38.788+0000] {processor.py:161} INFO - Started process (PID=344) to work on /home/airflow/.local/lib/python3.8/site-packages/airflow/example_dags/example_branch_python_dop_operator_3.py
[2024-03-21T00:19:38.789+0000] {processor.py:830} INFO - Processing file /home/airflow/.local/lib/python3.8/site-packages/airflow/example_dags/example_branch_python_dop_operator_3.py for tasks to queue
[2024-03-21T00:19:38.791+0000] {logging_mixin.py:188} INFO - [2024-03-21T00:19:38.790+0000] {dagbag.py:540} INFO - Filling up the DagBag from /home/airflow/.local/lib/python3.8/site-packages/airflow/example_dags/example_branch_python_dop_operator_3.py
[2024-03-21T00:19:38.800+0000] {processor.py:840} INFO - DAG(s) 'example_branch_dop_operator_v3' retrieved from /home/airflow/.local/lib/python3.8/site-packages/airflow/example_dags/example_branch_python_dop_operator_3.py
[2024-03-21T00:19:38.820+0000] {logging_mixin.py:188} INFO - [2024-03-21T00:19:38.819+0000] {dag.py:3047} INFO - Sync 1 DAGs
[2024-03-21T00:19:38.845+0000] {logging_mixin.py:188} INFO - [2024-03-21T00:19:38.845+0000] {dag.py:3834} INFO - Setting next_dagrun for example_branch_dop_operator_v3 to 2024-03-21 00:18:00+00:00, run_after=2024-03-21 00:19:00+00:00
[2024-03-21T00:19:38.865+0000] {processor.py:183} INFO - Processing /home/airflow/.local/lib/python3.8/site-packages/airflow/example_dags/example_branch_python_dop_operator_3.py took 0.081 seconds
[2024-03-21T00:20:09.235+0000] {processor.py:161} INFO - Started process (PID=399) to work on /home/airflow/.local/lib/python3.8/site-packages/airflow/example_dags/example_branch_python_dop_operator_3.py
[2024-03-21T00:20:09.237+0000] {processor.py:830} INFO - Processing file /home/airflow/.local/lib/python3.8/site-packages/airflow/example_dags/example_branch_python_dop_operator_3.py for tasks to queue
[2024-03-21T00:20:09.238+0000] {logging_mixin.py:188} INFO - [2024-03-21T00:20:09.238+0000] {dagbag.py:540} INFO - Filling up the DagBag from /home/airflow/.local/lib/python3.8/site-packages/airflow/example_dags/example_branch_python_dop_operator_3.py
[2024-03-21T00:20:09.248+0000] {processor.py:840} INFO - DAG(s) 'example_branch_dop_operator_v3' retrieved from /home/airflow/.local/lib/python3.8/site-packages/airflow/example_dags/example_branch_python_dop_operator_3.py
[2024-03-21T00:20:09.268+0000] {logging_mixin.py:188} INFO - [2024-03-21T00:20:09.268+0000] {dag.py:3047} INFO - Sync 1 DAGs
[2024-03-21T00:20:09.296+0000] {logging_mixin.py:188} INFO - [2024-03-21T00:20:09.295+0000] {dag.py:3834} INFO - Setting next_dagrun for example_branch_dop_operator_v3 to 2024-03-21 00:19:00+00:00, run_after=2024-03-21 00:20:00+00:00
[2024-03-21T00:20:09.319+0000] {processor.py:183} INFO - Processing /home/airflow/.local/lib/python3.8/site-packages/airflow/example_dags/example_branch_python_dop_operator_3.py took 0.087 seconds
[2024-03-21T00:20:39.545+0000] {processor.py:161} INFO - Started process (PID=454) to work on /home/airflow/.local/lib/python3.8/site-packages/airflow/example_dags/example_branch_python_dop_operator_3.py
[2024-03-21T00:20:39.546+0000] {processor.py:830} INFO - Processing file /home/airflow/.local/lib/python3.8/site-packages/airflow/example_dags/example_branch_python_dop_operator_3.py for tasks to queue
[2024-03-21T00:20:39.548+0000] {logging_mixin.py:188} INFO - [2024-03-21T00:20:39.548+0000] {dagbag.py:540} INFO - Filling up the DagBag from /home/airflow/.local/lib/python3.8/site-packages/airflow/example_dags/example_branch_python_dop_operator_3.py
[2024-03-21T00:20:39.560+0000] {processor.py:840} INFO - DAG(s) 'example_branch_dop_operator_v3' retrieved from /home/airflow/.local/lib/python3.8/site-packages/airflow/example_dags/example_branch_python_dop_operator_3.py
[2024-03-21T00:20:39.581+0000] {logging_mixin.py:188} INFO - [2024-03-21T00:20:39.581+0000] {dag.py:3047} INFO - Sync 1 DAGs
[2024-03-21T00:20:39.621+0000] {logging_mixin.py:188} INFO - [2024-03-21T00:20:39.621+0000] {dag.py:3834} INFO - Setting next_dagrun for example_branch_dop_operator_v3 to 2024-03-21 00:19:00+00:00, run_after=2024-03-21 00:20:00+00:00
[2024-03-21T00:20:39.643+0000] {processor.py:183} INFO - Processing /home/airflow/.local/lib/python3.8/site-packages/airflow/example_dags/example_branch_python_dop_operator_3.py took 0.101 seconds
[2024-03-21T00:21:09.968+0000] {processor.py:161} INFO - Started process (PID=509) to work on /home/airflow/.local/lib/python3.8/site-packages/airflow/example_dags/example_branch_python_dop_operator_3.py
[2024-03-21T00:21:09.969+0000] {processor.py:830} INFO - Processing file /home/airflow/.local/lib/python3.8/site-packages/airflow/example_dags/example_branch_python_dop_operator_3.py for tasks to queue
[2024-03-21T00:21:09.971+0000] {logging_mixin.py:188} INFO - [2024-03-21T00:21:09.971+0000] {dagbag.py:540} INFO - Filling up the DagBag from /home/airflow/.local/lib/python3.8/site-packages/airflow/example_dags/example_branch_python_dop_operator_3.py
[2024-03-21T00:21:09.979+0000] {processor.py:840} INFO - DAG(s) 'example_branch_dop_operator_v3' retrieved from /home/airflow/.local/lib/python3.8/site-packages/airflow/example_dags/example_branch_python_dop_operator_3.py
[2024-03-21T00:21:09.999+0000] {logging_mixin.py:188} INFO - [2024-03-21T00:21:09.999+0000] {dag.py:3047} INFO - Sync 1 DAGs
[2024-03-21T00:21:10.028+0000] {logging_mixin.py:188} INFO - [2024-03-21T00:21:10.028+0000] {dag.py:3834} INFO - Setting next_dagrun for example_branch_dop_operator_v3 to 2024-03-21 00:20:00+00:00, run_after=2024-03-21 00:21:00+00:00
[2024-03-21T00:21:10.050+0000] {processor.py:183} INFO - Processing /home/airflow/.local/lib/python3.8/site-packages/airflow/example_dags/example_branch_python_dop_operator_3.py took 0.086 seconds
[2024-03-21T00:21:40.336+0000] {processor.py:161} INFO - Started process (PID=564) to work on /home/airflow/.local/lib/python3.8/site-packages/airflow/example_dags/example_branch_python_dop_operator_3.py
[2024-03-21T00:21:40.338+0000] {processor.py:830} INFO - Processing file /home/airflow/.local/lib/python3.8/site-packages/airflow/example_dags/example_branch_python_dop_operator_3.py for tasks to queue
[2024-03-21T00:21:40.339+0000] {logging_mixin.py:188} INFO - [2024-03-21T00:21:40.339+0000] {dagbag.py:540} INFO - Filling up the DagBag from /home/airflow/.local/lib/python3.8/site-packages/airflow/example_dags/example_branch_python_dop_operator_3.py
[2024-03-21T00:21:40.348+0000] {processor.py:840} INFO - DAG(s) 'example_branch_dop_operator_v3' retrieved from /home/airflow/.local/lib/python3.8/site-packages/airflow/example_dags/example_branch_python_dop_operator_3.py
[2024-03-21T00:21:40.371+0000] {logging_mixin.py:188} INFO - [2024-03-21T00:21:40.371+0000] {dag.py:3047} INFO - Sync 1 DAGs
[2024-03-21T00:21:40.400+0000] {logging_mixin.py:188} INFO - [2024-03-21T00:21:40.400+0000] {dag.py:3834} INFO - Setting next_dagrun for example_branch_dop_operator_v3 to 2024-03-21 00:20:00+00:00, run_after=2024-03-21 00:21:00+00:00
[2024-03-21T00:21:40.422+0000] {processor.py:183} INFO - Processing /home/airflow/.local/lib/python3.8/site-packages/airflow/example_dags/example_branch_python_dop_operator_3.py took 0.089 seconds
[2024-03-21T01:13:20.433+0000] {processor.py:161} INFO - Started process (PID=58) to work on /home/airflow/.local/lib/python3.8/site-packages/airflow/example_dags/example_branch_python_dop_operator_3.py
[2024-03-21T01:13:20.436+0000] {processor.py:830} INFO - Processing file /home/airflow/.local/lib/python3.8/site-packages/airflow/example_dags/example_branch_python_dop_operator_3.py for tasks to queue
[2024-03-21T01:13:20.439+0000] {logging_mixin.py:188} INFO - [2024-03-21T01:13:20.438+0000] {dagbag.py:540} INFO - Filling up the DagBag from /home/airflow/.local/lib/python3.8/site-packages/airflow/example_dags/example_branch_python_dop_operator_3.py
[2024-03-21T01:13:20.454+0000] {processor.py:840} INFO - DAG(s) 'example_branch_dop_operator_v3' retrieved from /home/airflow/.local/lib/python3.8/site-packages/airflow/example_dags/example_branch_python_dop_operator_3.py
[2024-03-21T01:13:20.491+0000] {logging_mixin.py:188} INFO - [2024-03-21T01:13:20.490+0000] {dag.py:3047} INFO - Sync 1 DAGs
[2024-03-21T01:13:20.528+0000] {logging_mixin.py:188} INFO - [2024-03-21T01:13:20.528+0000] {dag.py:3834} INFO - Setting next_dagrun for example_branch_dop_operator_v3 to 2024-03-21 01:12:00+00:00, run_after=2024-03-21 01:13:00+00:00
[2024-03-21T01:13:20.567+0000] {processor.py:183} INFO - Processing /home/airflow/.local/lib/python3.8/site-packages/airflow/example_dags/example_branch_python_dop_operator_3.py took 0.139 seconds
[2024-03-21T01:13:50.620+0000] {processor.py:161} INFO - Started process (PID=113) to work on /home/airflow/.local/lib/python3.8/site-packages/airflow/example_dags/example_branch_python_dop_operator_3.py
[2024-03-21T01:13:50.621+0000] {processor.py:830} INFO - Processing file /home/airflow/.local/lib/python3.8/site-packages/airflow/example_dags/example_branch_python_dop_operator_3.py for tasks to queue
[2024-03-21T01:13:50.623+0000] {logging_mixin.py:188} INFO - [2024-03-21T01:13:50.622+0000] {dagbag.py:540} INFO - Filling up the DagBag from /home/airflow/.local/lib/python3.8/site-packages/airflow/example_dags/example_branch_python_dop_operator_3.py
[2024-03-21T01:13:50.631+0000] {processor.py:840} INFO - DAG(s) 'example_branch_dop_operator_v3' retrieved from /home/airflow/.local/lib/python3.8/site-packages/airflow/example_dags/example_branch_python_dop_operator_3.py
[2024-03-21T01:13:50.652+0000] {logging_mixin.py:188} INFO - [2024-03-21T01:13:50.651+0000] {dag.py:3047} INFO - Sync 1 DAGs
[2024-03-21T01:13:50.682+0000] {logging_mixin.py:188} INFO - [2024-03-21T01:13:50.682+0000] {dag.py:3834} INFO - Setting next_dagrun for example_branch_dop_operator_v3 to 2024-03-21 01:12:00+00:00, run_after=2024-03-21 01:13:00+00:00
[2024-03-21T01:13:50.701+0000] {processor.py:183} INFO - Processing /home/airflow/.local/lib/python3.8/site-packages/airflow/example_dags/example_branch_python_dop_operator_3.py took 0.085 seconds
[2024-03-21T01:14:21.090+0000] {processor.py:161} INFO - Started process (PID=168) to work on /home/airflow/.local/lib/python3.8/site-packages/airflow/example_dags/example_branch_python_dop_operator_3.py
[2024-03-21T01:14:21.091+0000] {processor.py:830} INFO - Processing file /home/airflow/.local/lib/python3.8/site-packages/airflow/example_dags/example_branch_python_dop_operator_3.py for tasks to queue
[2024-03-21T01:14:21.093+0000] {logging_mixin.py:188} INFO - [2024-03-21T01:14:21.093+0000] {dagbag.py:540} INFO - Filling up the DagBag from /home/airflow/.local/lib/python3.8/site-packages/airflow/example_dags/example_branch_python_dop_operator_3.py
[2024-03-21T01:14:21.103+0000] {processor.py:840} INFO - DAG(s) 'example_branch_dop_operator_v3' retrieved from /home/airflow/.local/lib/python3.8/site-packages/airflow/example_dags/example_branch_python_dop_operator_3.py
[2024-03-21T01:14:21.125+0000] {logging_mixin.py:188} INFO - [2024-03-21T01:14:21.125+0000] {dag.py:3047} INFO - Sync 1 DAGs
[2024-03-21T01:14:21.160+0000] {logging_mixin.py:188} INFO - [2024-03-21T01:14:21.160+0000] {dag.py:3834} INFO - Setting next_dagrun for example_branch_dop_operator_v3 to 2024-03-21 01:13:00+00:00, run_after=2024-03-21 01:14:00+00:00
[2024-03-21T01:14:21.185+0000] {processor.py:183} INFO - Processing /home/airflow/.local/lib/python3.8/site-packages/airflow/example_dags/example_branch_python_dop_operator_3.py took 0.098 seconds
[2024-03-21T01:14:52.639+0000] {processor.py:161} INFO - Started process (PID=223) to work on /home/airflow/.local/lib/python3.8/site-packages/airflow/example_dags/example_branch_python_dop_operator_3.py
[2024-03-21T01:14:52.641+0000] {processor.py:830} INFO - Processing file /home/airflow/.local/lib/python3.8/site-packages/airflow/example_dags/example_branch_python_dop_operator_3.py for tasks to queue
[2024-03-21T01:14:52.649+0000] {logging_mixin.py:188} INFO - [2024-03-21T01:14:52.647+0000] {dagbag.py:540} INFO - Filling up the DagBag from /home/airflow/.local/lib/python3.8/site-packages/airflow/example_dags/example_branch_python_dop_operator_3.py
[2024-03-21T01:14:52.713+0000] {processor.py:840} INFO - DAG(s) 'example_branch_dop_operator_v3' retrieved from /home/airflow/.local/lib/python3.8/site-packages/airflow/example_dags/example_branch_python_dop_operator_3.py
[2024-03-21T01:14:52.867+0000] {logging_mixin.py:188} INFO - [2024-03-21T01:14:52.867+0000] {dag.py:3047} INFO - Sync 1 DAGs
[2024-03-21T01:14:53.073+0000] {logging_mixin.py:188} INFO - [2024-03-21T01:14:53.071+0000] {dag.py:3834} INFO - Setting next_dagrun for example_branch_dop_operator_v3 to 2024-03-21 01:13:00+00:00, run_after=2024-03-21 01:14:00+00:00
[2024-03-21T01:14:53.237+0000] {processor.py:183} INFO - Processing /home/airflow/.local/lib/python3.8/site-packages/airflow/example_dags/example_branch_python_dop_operator_3.py took 0.626 seconds
[2024-03-21T01:15:27.597+0000] {processor.py:161} INFO - Started process (PID=278) to work on /home/airflow/.local/lib/python3.8/site-packages/airflow/example_dags/example_branch_python_dop_operator_3.py
[2024-03-21T01:15:27.600+0000] {processor.py:830} INFO - Processing file /home/airflow/.local/lib/python3.8/site-packages/airflow/example_dags/example_branch_python_dop_operator_3.py for tasks to queue
[2024-03-21T01:15:27.603+0000] {logging_mixin.py:188} INFO - [2024-03-21T01:15:27.603+0000] {dagbag.py:540} INFO - Filling up the DagBag from /home/airflow/.local/lib/python3.8/site-packages/airflow/example_dags/example_branch_python_dop_operator_3.py
[2024-03-21T01:15:27.633+0000] {processor.py:840} INFO - DAG(s) 'example_branch_dop_operator_v3' retrieved from /home/airflow/.local/lib/python3.8/site-packages/airflow/example_dags/example_branch_python_dop_operator_3.py
[2024-03-21T01:15:27.718+0000] {logging_mixin.py:188} INFO - [2024-03-21T01:15:27.717+0000] {dag.py:3047} INFO - Sync 1 DAGs
[2024-03-21T01:15:27.788+0000] {logging_mixin.py:188} INFO - [2024-03-21T01:15:27.787+0000] {dag.py:3834} INFO - Setting next_dagrun for example_branch_dop_operator_v3 to 2024-03-21 01:14:00+00:00, run_after=2024-03-21 01:15:00+00:00
[2024-03-21T01:15:27.834+0000] {processor.py:183} INFO - Processing /home/airflow/.local/lib/python3.8/site-packages/airflow/example_dags/example_branch_python_dop_operator_3.py took 0.245 seconds
[2024-03-21T01:15:58.323+0000] {processor.py:161} INFO - Started process (PID=333) to work on /home/airflow/.local/lib/python3.8/site-packages/airflow/example_dags/example_branch_python_dop_operator_3.py
[2024-03-21T01:15:58.325+0000] {processor.py:830} INFO - Processing file /home/airflow/.local/lib/python3.8/site-packages/airflow/example_dags/example_branch_python_dop_operator_3.py for tasks to queue
[2024-03-21T01:15:58.326+0000] {logging_mixin.py:188} INFO - [2024-03-21T01:15:58.326+0000] {dagbag.py:540} INFO - Filling up the DagBag from /home/airflow/.local/lib/python3.8/site-packages/airflow/example_dags/example_branch_python_dop_operator_3.py
[2024-03-21T01:15:58.335+0000] {processor.py:840} INFO - DAG(s) 'example_branch_dop_operator_v3' retrieved from /home/airflow/.local/lib/python3.8/site-packages/airflow/example_dags/example_branch_python_dop_operator_3.py
[2024-03-21T01:15:58.346+0000] {logging_mixin.py:188} INFO - [2024-03-21T01:15:58.346+0000] {dag.py:3047} INFO - Sync 1 DAGs
[2024-03-21T01:15:58.381+0000] {logging_mixin.py:188} INFO - [2024-03-21T01:15:58.381+0000] {dag.py:3834} INFO - Setting next_dagrun for example_branch_dop_operator_v3 to 2024-03-21 01:14:00+00:00, run_after=2024-03-21 01:15:00+00:00
[2024-03-21T01:15:58.407+0000] {processor.py:183} INFO - Processing /home/airflow/.local/lib/python3.8/site-packages/airflow/example_dags/example_branch_python_dop_operator_3.py took 0.088 seconds
[2024-03-21T01:16:29.189+0000] {processor.py:161} INFO - Started process (PID=393) to work on /home/airflow/.local/lib/python3.8/site-packages/airflow/example_dags/example_branch_python_dop_operator_3.py
[2024-03-21T01:16:29.190+0000] {processor.py:830} INFO - Processing file /home/airflow/.local/lib/python3.8/site-packages/airflow/example_dags/example_branch_python_dop_operator_3.py for tasks to queue
[2024-03-21T01:16:29.192+0000] {logging_mixin.py:188} INFO - [2024-03-21T01:16:29.192+0000] {dagbag.py:540} INFO - Filling up the DagBag from /home/airflow/.local/lib/python3.8/site-packages/airflow/example_dags/example_branch_python_dop_operator_3.py
[2024-03-21T01:16:29.202+0000] {processor.py:840} INFO - DAG(s) 'example_branch_dop_operator_v3' retrieved from /home/airflow/.local/lib/python3.8/site-packages/airflow/example_dags/example_branch_python_dop_operator_3.py
[2024-03-21T01:16:29.320+0000] {logging_mixin.py:188} INFO - [2024-03-21T01:16:29.319+0000] {dag.py:3047} INFO - Sync 1 DAGs
[2024-03-21T01:16:29.352+0000] {logging_mixin.py:188} INFO - [2024-03-21T01:16:29.352+0000] {dag.py:3834} INFO - Setting next_dagrun for example_branch_dop_operator_v3 to 2024-03-21 01:15:00+00:00, run_after=2024-03-21 01:16:00+00:00
[2024-03-21T01:16:29.379+0000] {processor.py:183} INFO - Processing /home/airflow/.local/lib/python3.8/site-packages/airflow/example_dags/example_branch_python_dop_operator_3.py took 0.193 seconds
[2024-03-21T01:17:01.504+0000] {processor.py:161} INFO - Started process (PID=447) to work on /home/airflow/.local/lib/python3.8/site-packages/airflow/example_dags/example_branch_python_dop_operator_3.py
[2024-03-21T01:17:01.507+0000] {processor.py:830} INFO - Processing file /home/airflow/.local/lib/python3.8/site-packages/airflow/example_dags/example_branch_python_dop_operator_3.py for tasks to queue
[2024-03-21T01:17:01.511+0000] {logging_mixin.py:188} INFO - [2024-03-21T01:17:01.510+0000] {dagbag.py:540} INFO - Filling up the DagBag from /home/airflow/.local/lib/python3.8/site-packages/airflow/example_dags/example_branch_python_dop_operator_3.py
[2024-03-21T01:17:01.539+0000] {processor.py:840} INFO - DAG(s) 'example_branch_dop_operator_v3' retrieved from /home/airflow/.local/lib/python3.8/site-packages/airflow/example_dags/example_branch_python_dop_operator_3.py
[2024-03-21T01:17:01.618+0000] {logging_mixin.py:188} INFO - [2024-03-21T01:17:01.617+0000] {dag.py:3047} INFO - Sync 1 DAGs
[2024-03-21T01:17:01.709+0000] {logging_mixin.py:188} INFO - [2024-03-21T01:17:01.708+0000] {dag.py:3834} INFO - Setting next_dagrun for example_branch_dop_operator_v3 to 2024-03-21 01:16:00+00:00, run_after=2024-03-21 01:17:00+00:00
[2024-03-21T01:17:01.774+0000] {processor.py:183} INFO - Processing /home/airflow/.local/lib/python3.8/site-packages/airflow/example_dags/example_branch_python_dop_operator_3.py took 0.296 seconds
[2024-03-21T01:17:32.622+0000] {processor.py:161} INFO - Started process (PID=502) to work on /home/airflow/.local/lib/python3.8/site-packages/airflow/example_dags/example_branch_python_dop_operator_3.py
[2024-03-21T01:17:32.624+0000] {processor.py:830} INFO - Processing file /home/airflow/.local/lib/python3.8/site-packages/airflow/example_dags/example_branch_python_dop_operator_3.py for tasks to queue
[2024-03-21T01:17:32.626+0000] {logging_mixin.py:188} INFO - [2024-03-21T01:17:32.626+0000] {dagbag.py:540} INFO - Filling up the DagBag from /home/airflow/.local/lib/python3.8/site-packages/airflow/example_dags/example_branch_python_dop_operator_3.py
[2024-03-21T01:17:32.635+0000] {processor.py:840} INFO - DAG(s) 'example_branch_dop_operator_v3' retrieved from /home/airflow/.local/lib/python3.8/site-packages/airflow/example_dags/example_branch_python_dop_operator_3.py
[2024-03-21T01:17:32.656+0000] {logging_mixin.py:188} INFO - [2024-03-21T01:17:32.656+0000] {dag.py:3047} INFO - Sync 1 DAGs
[2024-03-21T01:17:32.685+0000] {logging_mixin.py:188} INFO - [2024-03-21T01:17:32.684+0000] {dag.py:3834} INFO - Setting next_dagrun for example_branch_dop_operator_v3 to 2024-03-21 01:16:00+00:00, run_after=2024-03-21 01:17:00+00:00
[2024-03-21T01:17:32.709+0000] {processor.py:183} INFO - Processing /home/airflow/.local/lib/python3.8/site-packages/airflow/example_dags/example_branch_python_dop_operator_3.py took 0.091 seconds
[2024-03-21T01:18:03.386+0000] {processor.py:161} INFO - Started process (PID=557) to work on /home/airflow/.local/lib/python3.8/site-packages/airflow/example_dags/example_branch_python_dop_operator_3.py
[2024-03-21T01:18:03.388+0000] {processor.py:830} INFO - Processing file /home/airflow/.local/lib/python3.8/site-packages/airflow/example_dags/example_branch_python_dop_operator_3.py for tasks to queue
[2024-03-21T01:18:03.390+0000] {logging_mixin.py:188} INFO - [2024-03-21T01:18:03.389+0000] {dagbag.py:540} INFO - Filling up the DagBag from /home/airflow/.local/lib/python3.8/site-packages/airflow/example_dags/example_branch_python_dop_operator_3.py
[2024-03-21T01:18:03.399+0000] {processor.py:840} INFO - DAG(s) 'example_branch_dop_operator_v3' retrieved from /home/airflow/.local/lib/python3.8/site-packages/airflow/example_dags/example_branch_python_dop_operator_3.py
[2024-03-21T01:18:03.418+0000] {logging_mixin.py:188} INFO - [2024-03-21T01:18:03.418+0000] {dag.py:3047} INFO - Sync 1 DAGs
[2024-03-21T01:18:03.449+0000] {logging_mixin.py:188} INFO - [2024-03-21T01:18:03.449+0000] {dag.py:3834} INFO - Setting next_dagrun for example_branch_dop_operator_v3 to 2024-03-21 01:17:00+00:00, run_after=2024-03-21 01:18:00+00:00
[2024-03-21T01:18:03.474+0000] {processor.py:183} INFO - Processing /home/airflow/.local/lib/python3.8/site-packages/airflow/example_dags/example_branch_python_dop_operator_3.py took 0.092 seconds
[2024-03-21T01:18:34.166+0000] {processor.py:161} INFO - Started process (PID=612) to work on /home/airflow/.local/lib/python3.8/site-packages/airflow/example_dags/example_branch_python_dop_operator_3.py
[2024-03-21T01:18:34.169+0000] {processor.py:830} INFO - Processing file /home/airflow/.local/lib/python3.8/site-packages/airflow/example_dags/example_branch_python_dop_operator_3.py for tasks to queue
[2024-03-21T01:18:34.171+0000] {logging_mixin.py:188} INFO - [2024-03-21T01:18:34.171+0000] {dagbag.py:540} INFO - Filling up the DagBag from /home/airflow/.local/lib/python3.8/site-packages/airflow/example_dags/example_branch_python_dop_operator_3.py
[2024-03-21T01:18:34.181+0000] {processor.py:840} INFO - DAG(s) 'example_branch_dop_operator_v3' retrieved from /home/airflow/.local/lib/python3.8/site-packages/airflow/example_dags/example_branch_python_dop_operator_3.py
[2024-03-21T01:18:34.203+0000] {logging_mixin.py:188} INFO - [2024-03-21T01:18:34.202+0000] {dag.py:3047} INFO - Sync 1 DAGs
[2024-03-21T01:18:34.239+0000] {logging_mixin.py:188} INFO - [2024-03-21T01:18:34.239+0000] {dag.py:3834} INFO - Setting next_dagrun for example_branch_dop_operator_v3 to 2024-03-21 01:17:00+00:00, run_after=2024-03-21 01:18:00+00:00
[2024-03-21T01:18:34.267+0000] {processor.py:183} INFO - Processing /home/airflow/.local/lib/python3.8/site-packages/airflow/example_dags/example_branch_python_dop_operator_3.py took 0.104 seconds
[2024-03-21T01:19:05.028+0000] {processor.py:161} INFO - Started process (PID=667) to work on /home/airflow/.local/lib/python3.8/site-packages/airflow/example_dags/example_branch_python_dop_operator_3.py
[2024-03-21T01:19:05.030+0000] {processor.py:830} INFO - Processing file /home/airflow/.local/lib/python3.8/site-packages/airflow/example_dags/example_branch_python_dop_operator_3.py for tasks to queue
[2024-03-21T01:19:05.033+0000] {logging_mixin.py:188} INFO - [2024-03-21T01:19:05.032+0000] {dagbag.py:540} INFO - Filling up the DagBag from /home/airflow/.local/lib/python3.8/site-packages/airflow/example_dags/example_branch_python_dop_operator_3.py
[2024-03-21T01:19:05.045+0000] {processor.py:840} INFO - DAG(s) 'example_branch_dop_operator_v3' retrieved from /home/airflow/.local/lib/python3.8/site-packages/airflow/example_dags/example_branch_python_dop_operator_3.py
[2024-03-21T01:19:05.068+0000] {logging_mixin.py:188} INFO - [2024-03-21T01:19:05.067+0000] {dag.py:3047} INFO - Sync 1 DAGs
[2024-03-21T01:19:05.101+0000] {logging_mixin.py:188} INFO - [2024-03-21T01:19:05.100+0000] {dag.py:3834} INFO - Setting next_dagrun for example_branch_dop_operator_v3 to 2024-03-21 01:18:00+00:00, run_after=2024-03-21 01:19:00+00:00
[2024-03-21T01:19:05.136+0000] {processor.py:183} INFO - Processing /home/airflow/.local/lib/python3.8/site-packages/airflow/example_dags/example_branch_python_dop_operator_3.py took 0.113 seconds
[2024-03-21T01:19:35.282+0000] {processor.py:161} INFO - Started process (PID=723) to work on /home/airflow/.local/lib/python3.8/site-packages/airflow/example_dags/example_branch_python_dop_operator_3.py
[2024-03-21T01:19:35.285+0000] {processor.py:830} INFO - Processing file /home/airflow/.local/lib/python3.8/site-packages/airflow/example_dags/example_branch_python_dop_operator_3.py for tasks to queue
[2024-03-21T01:19:35.287+0000] {logging_mixin.py:188} INFO - [2024-03-21T01:19:35.287+0000] {dagbag.py:540} INFO - Filling up the DagBag from /home/airflow/.local/lib/python3.8/site-packages/airflow/example_dags/example_branch_python_dop_operator_3.py
[2024-03-21T01:19:35.298+0000] {processor.py:840} INFO - DAG(s) 'example_branch_dop_operator_v3' retrieved from /home/airflow/.local/lib/python3.8/site-packages/airflow/example_dags/example_branch_python_dop_operator_3.py
[2024-03-21T01:19:35.319+0000] {logging_mixin.py:188} INFO - [2024-03-21T01:19:35.319+0000] {dag.py:3047} INFO - Sync 1 DAGs
[2024-03-21T01:19:35.354+0000] {logging_mixin.py:188} INFO - [2024-03-21T01:19:35.354+0000] {dag.py:3834} INFO - Setting next_dagrun for example_branch_dop_operator_v3 to 2024-03-21 01:18:00+00:00, run_after=2024-03-21 01:19:00+00:00
[2024-03-21T01:19:35.385+0000] {processor.py:183} INFO - Processing /home/airflow/.local/lib/python3.8/site-packages/airflow/example_dags/example_branch_python_dop_operator_3.py took 0.107 seconds
[2024-03-21T01:20:05.892+0000] {processor.py:161} INFO - Started process (PID=778) to work on /home/airflow/.local/lib/python3.8/site-packages/airflow/example_dags/example_branch_python_dop_operator_3.py
[2024-03-21T01:20:05.895+0000] {processor.py:830} INFO - Processing file /home/airflow/.local/lib/python3.8/site-packages/airflow/example_dags/example_branch_python_dop_operator_3.py for tasks to queue
[2024-03-21T01:20:05.899+0000] {logging_mixin.py:188} INFO - [2024-03-21T01:20:05.898+0000] {dagbag.py:540} INFO - Filling up the DagBag from /home/airflow/.local/lib/python3.8/site-packages/airflow/example_dags/example_branch_python_dop_operator_3.py
[2024-03-21T01:20:05.924+0000] {processor.py:840} INFO - DAG(s) 'example_branch_dop_operator_v3' retrieved from /home/airflow/.local/lib/python3.8/site-packages/airflow/example_dags/example_branch_python_dop_operator_3.py
[2024-03-21T01:20:05.973+0000] {logging_mixin.py:188} INFO - [2024-03-21T01:20:05.973+0000] {dag.py:3047} INFO - Sync 1 DAGs
[2024-03-21T01:20:06.022+0000] {logging_mixin.py:188} INFO - [2024-03-21T01:20:06.021+0000] {dag.py:3834} INFO - Setting next_dagrun for example_branch_dop_operator_v3 to 2024-03-21 01:19:00+00:00, run_after=2024-03-21 01:20:00+00:00
[2024-03-21T01:20:06.063+0000] {processor.py:183} INFO - Processing /home/airflow/.local/lib/python3.8/site-packages/airflow/example_dags/example_branch_python_dop_operator_3.py took 0.182 seconds
[2024-03-21T01:20:36.522+0000] {processor.py:161} INFO - Started process (PID=833) to work on /home/airflow/.local/lib/python3.8/site-packages/airflow/example_dags/example_branch_python_dop_operator_3.py
[2024-03-21T01:20:36.524+0000] {processor.py:830} INFO - Processing file /home/airflow/.local/lib/python3.8/site-packages/airflow/example_dags/example_branch_python_dop_operator_3.py for tasks to queue
[2024-03-21T01:20:36.526+0000] {logging_mixin.py:188} INFO - [2024-03-21T01:20:36.525+0000] {dagbag.py:540} INFO - Filling up the DagBag from /home/airflow/.local/lib/python3.8/site-packages/airflow/example_dags/example_branch_python_dop_operator_3.py
[2024-03-21T01:20:36.537+0000] {processor.py:840} INFO - DAG(s) 'example_branch_dop_operator_v3' retrieved from /home/airflow/.local/lib/python3.8/site-packages/airflow/example_dags/example_branch_python_dop_operator_3.py
[2024-03-21T01:20:36.559+0000] {logging_mixin.py:188} INFO - [2024-03-21T01:20:36.559+0000] {dag.py:3047} INFO - Sync 1 DAGs
[2024-03-21T01:20:36.589+0000] {logging_mixin.py:188} INFO - [2024-03-21T01:20:36.589+0000] {dag.py:3834} INFO - Setting next_dagrun for example_branch_dop_operator_v3 to 2024-03-21 01:19:00+00:00, run_after=2024-03-21 01:20:00+00:00
[2024-03-21T01:20:36.615+0000] {processor.py:183} INFO - Processing /home/airflow/.local/lib/python3.8/site-packages/airflow/example_dags/example_branch_python_dop_operator_3.py took 0.098 seconds
[2024-03-21T01:21:07.249+0000] {processor.py:161} INFO - Started process (PID=887) to work on /home/airflow/.local/lib/python3.8/site-packages/airflow/example_dags/example_branch_python_dop_operator_3.py
[2024-03-21T01:21:07.250+0000] {processor.py:830} INFO - Processing file /home/airflow/.local/lib/python3.8/site-packages/airflow/example_dags/example_branch_python_dop_operator_3.py for tasks to queue
[2024-03-21T01:21:07.252+0000] {logging_mixin.py:188} INFO - [2024-03-21T01:21:07.252+0000] {dagbag.py:540} INFO - Filling up the DagBag from /home/airflow/.local/lib/python3.8/site-packages/airflow/example_dags/example_branch_python_dop_operator_3.py
[2024-03-21T01:21:07.266+0000] {processor.py:840} INFO - DAG(s) 'example_branch_dop_operator_v3' retrieved from /home/airflow/.local/lib/python3.8/site-packages/airflow/example_dags/example_branch_python_dop_operator_3.py
[2024-03-21T01:21:07.306+0000] {logging_mixin.py:188} INFO - [2024-03-21T01:21:07.305+0000] {dag.py:3047} INFO - Sync 1 DAGs
[2024-03-21T01:21:07.351+0000] {logging_mixin.py:188} INFO - [2024-03-21T01:21:07.351+0000] {dag.py:3834} INFO - Setting next_dagrun for example_branch_dop_operator_v3 to 2024-03-21 01:20:00+00:00, run_after=2024-03-21 01:21:00+00:00
[2024-03-21T01:21:07.380+0000] {processor.py:183} INFO - Processing /home/airflow/.local/lib/python3.8/site-packages/airflow/example_dags/example_branch_python_dop_operator_3.py took 0.137 seconds
[2024-03-21T01:21:38.912+0000] {processor.py:161} INFO - Started process (PID=942) to work on /home/airflow/.local/lib/python3.8/site-packages/airflow/example_dags/example_branch_python_dop_operator_3.py
[2024-03-21T01:21:38.914+0000] {processor.py:830} INFO - Processing file /home/airflow/.local/lib/python3.8/site-packages/airflow/example_dags/example_branch_python_dop_operator_3.py for tasks to queue
[2024-03-21T01:21:38.918+0000] {logging_mixin.py:188} INFO - [2024-03-21T01:21:38.917+0000] {dagbag.py:540} INFO - Filling up the DagBag from /home/airflow/.local/lib/python3.8/site-packages/airflow/example_dags/example_branch_python_dop_operator_3.py
[2024-03-21T01:21:38.937+0000] {processor.py:840} INFO - DAG(s) 'example_branch_dop_operator_v3' retrieved from /home/airflow/.local/lib/python3.8/site-packages/airflow/example_dags/example_branch_python_dop_operator_3.py
[2024-03-21T01:21:38.974+0000] {logging_mixin.py:188} INFO - [2024-03-21T01:21:38.974+0000] {dag.py:3047} INFO - Sync 1 DAGs
[2024-03-21T01:21:39.051+0000] {logging_mixin.py:188} INFO - [2024-03-21T01:21:39.050+0000] {dag.py:3834} INFO - Setting next_dagrun for example_branch_dop_operator_v3 to 2024-03-21 01:20:00+00:00, run_after=2024-03-21 01:21:00+00:00
[2024-03-21T01:21:39.094+0000] {processor.py:183} INFO - Processing /home/airflow/.local/lib/python3.8/site-packages/airflow/example_dags/example_branch_python_dop_operator_3.py took 0.192 seconds
[2024-03-21T01:22:09.789+0000] {processor.py:161} INFO - Started process (PID=998) to work on /home/airflow/.local/lib/python3.8/site-packages/airflow/example_dags/example_branch_python_dop_operator_3.py
[2024-03-21T01:22:09.790+0000] {processor.py:830} INFO - Processing file /home/airflow/.local/lib/python3.8/site-packages/airflow/example_dags/example_branch_python_dop_operator_3.py for tasks to queue
[2024-03-21T01:22:09.792+0000] {logging_mixin.py:188} INFO - [2024-03-21T01:22:09.792+0000] {dagbag.py:540} INFO - Filling up the DagBag from /home/airflow/.local/lib/python3.8/site-packages/airflow/example_dags/example_branch_python_dop_operator_3.py
[2024-03-21T01:22:09.801+0000] {processor.py:840} INFO - DAG(s) 'example_branch_dop_operator_v3' retrieved from /home/airflow/.local/lib/python3.8/site-packages/airflow/example_dags/example_branch_python_dop_operator_3.py
[2024-03-21T01:22:09.822+0000] {logging_mixin.py:188} INFO - [2024-03-21T01:22:09.822+0000] {dag.py:3047} INFO - Sync 1 DAGs
[2024-03-21T01:22:09.852+0000] {logging_mixin.py:188} INFO - [2024-03-21T01:22:09.851+0000] {dag.py:3834} INFO - Setting next_dagrun for example_branch_dop_operator_v3 to 2024-03-21 01:21:00+00:00, run_after=2024-03-21 01:22:00+00:00
[2024-03-21T01:22:09.876+0000] {processor.py:183} INFO - Processing /home/airflow/.local/lib/python3.8/site-packages/airflow/example_dags/example_branch_python_dop_operator_3.py took 0.090 seconds
[2024-03-21T01:22:40.250+0000] {processor.py:161} INFO - Started process (PID=1053) to work on /home/airflow/.local/lib/python3.8/site-packages/airflow/example_dags/example_branch_python_dop_operator_3.py
[2024-03-21T01:22:40.252+0000] {processor.py:830} INFO - Processing file /home/airflow/.local/lib/python3.8/site-packages/airflow/example_dags/example_branch_python_dop_operator_3.py for tasks to queue
[2024-03-21T01:22:40.255+0000] {logging_mixin.py:188} INFO - [2024-03-21T01:22:40.254+0000] {dagbag.py:540} INFO - Filling up the DagBag from /home/airflow/.local/lib/python3.8/site-packages/airflow/example_dags/example_branch_python_dop_operator_3.py
[2024-03-21T01:22:40.301+0000] {processor.py:840} INFO - DAG(s) 'example_branch_dop_operator_v3' retrieved from /home/airflow/.local/lib/python3.8/site-packages/airflow/example_dags/example_branch_python_dop_operator_3.py
[2024-03-21T01:22:40.350+0000] {logging_mixin.py:188} INFO - [2024-03-21T01:22:40.349+0000] {dag.py:3047} INFO - Sync 1 DAGs
[2024-03-21T01:22:40.409+0000] {logging_mixin.py:188} INFO - [2024-03-21T01:22:40.409+0000] {dag.py:3834} INFO - Setting next_dagrun for example_branch_dop_operator_v3 to 2024-03-21 01:21:00+00:00, run_after=2024-03-21 01:22:00+00:00
[2024-03-21T01:22:40.444+0000] {processor.py:183} INFO - Processing /home/airflow/.local/lib/python3.8/site-packages/airflow/example_dags/example_branch_python_dop_operator_3.py took 0.200 seconds
[2024-03-21T01:23:10.701+0000] {processor.py:161} INFO - Started process (PID=1108) to work on /home/airflow/.local/lib/python3.8/site-packages/airflow/example_dags/example_branch_python_dop_operator_3.py
[2024-03-21T01:23:10.702+0000] {processor.py:830} INFO - Processing file /home/airflow/.local/lib/python3.8/site-packages/airflow/example_dags/example_branch_python_dop_operator_3.py for tasks to queue
[2024-03-21T01:23:10.704+0000] {logging_mixin.py:188} INFO - [2024-03-21T01:23:10.703+0000] {dagbag.py:540} INFO - Filling up the DagBag from /home/airflow/.local/lib/python3.8/site-packages/airflow/example_dags/example_branch_python_dop_operator_3.py
[2024-03-21T01:23:10.716+0000] {processor.py:840} INFO - DAG(s) 'example_branch_dop_operator_v3' retrieved from /home/airflow/.local/lib/python3.8/site-packages/airflow/example_dags/example_branch_python_dop_operator_3.py
[2024-03-21T01:23:10.739+0000] {logging_mixin.py:188} INFO - [2024-03-21T01:23:10.739+0000] {dag.py:3047} INFO - Sync 1 DAGs
[2024-03-21T01:23:10.772+0000] {logging_mixin.py:188} INFO - [2024-03-21T01:23:10.772+0000] {dag.py:3834} INFO - Setting next_dagrun for example_branch_dop_operator_v3 to 2024-03-21 01:22:00+00:00, run_after=2024-03-21 01:23:00+00:00
[2024-03-21T01:23:10.797+0000] {processor.py:183} INFO - Processing /home/airflow/.local/lib/python3.8/site-packages/airflow/example_dags/example_branch_python_dop_operator_3.py took 0.101 seconds
[2024-03-21T01:23:41.653+0000] {processor.py:161} INFO - Started process (PID=1162) to work on /home/airflow/.local/lib/python3.8/site-packages/airflow/example_dags/example_branch_python_dop_operator_3.py
[2024-03-21T01:23:41.654+0000] {processor.py:830} INFO - Processing file /home/airflow/.local/lib/python3.8/site-packages/airflow/example_dags/example_branch_python_dop_operator_3.py for tasks to queue
[2024-03-21T01:23:41.656+0000] {logging_mixin.py:188} INFO - [2024-03-21T01:23:41.656+0000] {dagbag.py:540} INFO - Filling up the DagBag from /home/airflow/.local/lib/python3.8/site-packages/airflow/example_dags/example_branch_python_dop_operator_3.py
[2024-03-21T01:23:41.667+0000] {processor.py:840} INFO - DAG(s) 'example_branch_dop_operator_v3' retrieved from /home/airflow/.local/lib/python3.8/site-packages/airflow/example_dags/example_branch_python_dop_operator_3.py
[2024-03-21T01:23:41.694+0000] {logging_mixin.py:188} INFO - [2024-03-21T01:23:41.693+0000] {dag.py:3047} INFO - Sync 1 DAGs
[2024-03-21T01:23:41.737+0000] {logging_mixin.py:188} INFO - [2024-03-21T01:23:41.736+0000] {dag.py:3834} INFO - Setting next_dagrun for example_branch_dop_operator_v3 to 2024-03-21 01:22:00+00:00, run_after=2024-03-21 01:23:00+00:00
[2024-03-21T01:23:41.762+0000] {processor.py:183} INFO - Processing /home/airflow/.local/lib/python3.8/site-packages/airflow/example_dags/example_branch_python_dop_operator_3.py took 0.114 seconds
[2024-03-21T01:24:12.022+0000] {processor.py:161} INFO - Started process (PID=1217) to work on /home/airflow/.local/lib/python3.8/site-packages/airflow/example_dags/example_branch_python_dop_operator_3.py
[2024-03-21T01:24:12.024+0000] {processor.py:830} INFO - Processing file /home/airflow/.local/lib/python3.8/site-packages/airflow/example_dags/example_branch_python_dop_operator_3.py for tasks to queue
[2024-03-21T01:24:12.026+0000] {logging_mixin.py:188} INFO - [2024-03-21T01:24:12.025+0000] {dagbag.py:540} INFO - Filling up the DagBag from /home/airflow/.local/lib/python3.8/site-packages/airflow/example_dags/example_branch_python_dop_operator_3.py
[2024-03-21T01:24:12.038+0000] {processor.py:840} INFO - DAG(s) 'example_branch_dop_operator_v3' retrieved from /home/airflow/.local/lib/python3.8/site-packages/airflow/example_dags/example_branch_python_dop_operator_3.py
[2024-03-21T01:24:12.064+0000] {logging_mixin.py:188} INFO - [2024-03-21T01:24:12.063+0000] {dag.py:3047} INFO - Sync 1 DAGs
[2024-03-21T01:24:12.103+0000] {logging_mixin.py:188} INFO - [2024-03-21T01:24:12.102+0000] {dag.py:3834} INFO - Setting next_dagrun for example_branch_dop_operator_v3 to 2024-03-21 01:23:00+00:00, run_after=2024-03-21 01:24:00+00:00
[2024-03-21T01:24:12.130+0000] {processor.py:183} INFO - Processing /home/airflow/.local/lib/python3.8/site-packages/airflow/example_dags/example_branch_python_dop_operator_3.py took 0.113 seconds
[2024-03-21T01:24:42.181+0000] {processor.py:161} INFO - Started process (PID=1272) to work on /home/airflow/.local/lib/python3.8/site-packages/airflow/example_dags/example_branch_python_dop_operator_3.py
[2024-03-21T01:24:42.182+0000] {processor.py:830} INFO - Processing file /home/airflow/.local/lib/python3.8/site-packages/airflow/example_dags/example_branch_python_dop_operator_3.py for tasks to queue
[2024-03-21T01:24:42.184+0000] {logging_mixin.py:188} INFO - [2024-03-21T01:24:42.184+0000] {dagbag.py:540} INFO - Filling up the DagBag from /home/airflow/.local/lib/python3.8/site-packages/airflow/example_dags/example_branch_python_dop_operator_3.py
[2024-03-21T01:24:42.194+0000] {processor.py:840} INFO - DAG(s) 'example_branch_dop_operator_v3' retrieved from /home/airflow/.local/lib/python3.8/site-packages/airflow/example_dags/example_branch_python_dop_operator_3.py
[2024-03-21T01:24:42.216+0000] {logging_mixin.py:188} INFO - [2024-03-21T01:24:42.215+0000] {dag.py:3047} INFO - Sync 1 DAGs
[2024-03-21T01:24:42.247+0000] {logging_mixin.py:188} INFO - [2024-03-21T01:24:42.247+0000] {dag.py:3834} INFO - Setting next_dagrun for example_branch_dop_operator_v3 to 2024-03-21 01:23:00+00:00, run_after=2024-03-21 01:24:00+00:00
[2024-03-21T01:24:42.270+0000] {processor.py:183} INFO - Processing /home/airflow/.local/lib/python3.8/site-packages/airflow/example_dags/example_branch_python_dop_operator_3.py took 0.093 seconds
[2024-03-21T01:25:12.330+0000] {processor.py:161} INFO - Started process (PID=1327) to work on /home/airflow/.local/lib/python3.8/site-packages/airflow/example_dags/example_branch_python_dop_operator_3.py
[2024-03-21T01:25:12.332+0000] {processor.py:830} INFO - Processing file /home/airflow/.local/lib/python3.8/site-packages/airflow/example_dags/example_branch_python_dop_operator_3.py for tasks to queue
[2024-03-21T01:25:12.334+0000] {logging_mixin.py:188} INFO - [2024-03-21T01:25:12.333+0000] {dagbag.py:540} INFO - Filling up the DagBag from /home/airflow/.local/lib/python3.8/site-packages/airflow/example_dags/example_branch_python_dop_operator_3.py
[2024-03-21T01:25:12.344+0000] {processor.py:840} INFO - DAG(s) 'example_branch_dop_operator_v3' retrieved from /home/airflow/.local/lib/python3.8/site-packages/airflow/example_dags/example_branch_python_dop_operator_3.py
[2024-03-21T01:25:12.369+0000] {logging_mixin.py:188} INFO - [2024-03-21T01:25:12.368+0000] {dag.py:3047} INFO - Sync 1 DAGs
[2024-03-21T01:25:12.403+0000] {logging_mixin.py:188} INFO - [2024-03-21T01:25:12.403+0000] {dag.py:3834} INFO - Setting next_dagrun for example_branch_dop_operator_v3 to 2024-03-21 01:24:00+00:00, run_after=2024-03-21 01:25:00+00:00
[2024-03-21T01:25:12.428+0000] {processor.py:183} INFO - Processing /home/airflow/.local/lib/python3.8/site-packages/airflow/example_dags/example_branch_python_dop_operator_3.py took 0.102 seconds
[2024-03-21T01:25:42.958+0000] {processor.py:161} INFO - Started process (PID=1382) to work on /home/airflow/.local/lib/python3.8/site-packages/airflow/example_dags/example_branch_python_dop_operator_3.py
[2024-03-21T01:25:42.960+0000] {processor.py:830} INFO - Processing file /home/airflow/.local/lib/python3.8/site-packages/airflow/example_dags/example_branch_python_dop_operator_3.py for tasks to queue
[2024-03-21T01:25:42.963+0000] {logging_mixin.py:188} INFO - [2024-03-21T01:25:42.962+0000] {dagbag.py:540} INFO - Filling up the DagBag from /home/airflow/.local/lib/python3.8/site-packages/airflow/example_dags/example_branch_python_dop_operator_3.py
[2024-03-21T01:25:42.981+0000] {processor.py:840} INFO - DAG(s) 'example_branch_dop_operator_v3' retrieved from /home/airflow/.local/lib/python3.8/site-packages/airflow/example_dags/example_branch_python_dop_operator_3.py
[2024-03-21T01:25:43.019+0000] {logging_mixin.py:188} INFO - [2024-03-21T01:25:43.018+0000] {dag.py:3047} INFO - Sync 1 DAGs
[2024-03-21T01:25:43.073+0000] {logging_mixin.py:188} INFO - [2024-03-21T01:25:43.073+0000] {dag.py:3834} INFO - Setting next_dagrun for example_branch_dop_operator_v3 to 2024-03-21 01:24:00+00:00, run_after=2024-03-21 01:25:00+00:00
[2024-03-21T01:25:43.108+0000] {processor.py:183} INFO - Processing /home/airflow/.local/lib/python3.8/site-packages/airflow/example_dags/example_branch_python_dop_operator_3.py took 0.159 seconds
[2024-03-21T01:26:13.904+0000] {processor.py:161} INFO - Started process (PID=1437) to work on /home/airflow/.local/lib/python3.8/site-packages/airflow/example_dags/example_branch_python_dop_operator_3.py
[2024-03-21T01:26:13.905+0000] {processor.py:830} INFO - Processing file /home/airflow/.local/lib/python3.8/site-packages/airflow/example_dags/example_branch_python_dop_operator_3.py for tasks to queue
[2024-03-21T01:26:13.907+0000] {logging_mixin.py:188} INFO - [2024-03-21T01:26:13.907+0000] {dagbag.py:540} INFO - Filling up the DagBag from /home/airflow/.local/lib/python3.8/site-packages/airflow/example_dags/example_branch_python_dop_operator_3.py
[2024-03-21T01:26:13.919+0000] {processor.py:840} INFO - DAG(s) 'example_branch_dop_operator_v3' retrieved from /home/airflow/.local/lib/python3.8/site-packages/airflow/example_dags/example_branch_python_dop_operator_3.py
[2024-03-21T01:26:13.944+0000] {logging_mixin.py:188} INFO - [2024-03-21T01:26:13.944+0000] {dag.py:3047} INFO - Sync 1 DAGs
[2024-03-21T01:26:13.979+0000] {logging_mixin.py:188} INFO - [2024-03-21T01:26:13.979+0000] {dag.py:3834} INFO - Setting next_dagrun for example_branch_dop_operator_v3 to 2024-03-21 01:25:00+00:00, run_after=2024-03-21 01:26:00+00:00
[2024-03-21T01:26:14.005+0000] {processor.py:183} INFO - Processing /home/airflow/.local/lib/python3.8/site-packages/airflow/example_dags/example_branch_python_dop_operator_3.py took 0.104 seconds
[2024-03-21T01:26:44.172+0000] {processor.py:161} INFO - Started process (PID=1492) to work on /home/airflow/.local/lib/python3.8/site-packages/airflow/example_dags/example_branch_python_dop_operator_3.py
[2024-03-21T01:26:44.174+0000] {processor.py:830} INFO - Processing file /home/airflow/.local/lib/python3.8/site-packages/airflow/example_dags/example_branch_python_dop_operator_3.py for tasks to queue
[2024-03-21T01:26:44.176+0000] {logging_mixin.py:188} INFO - [2024-03-21T01:26:44.176+0000] {dagbag.py:540} INFO - Filling up the DagBag from /home/airflow/.local/lib/python3.8/site-packages/airflow/example_dags/example_branch_python_dop_operator_3.py
[2024-03-21T01:26:44.188+0000] {processor.py:840} INFO - DAG(s) 'example_branch_dop_operator_v3' retrieved from /home/airflow/.local/lib/python3.8/site-packages/airflow/example_dags/example_branch_python_dop_operator_3.py
[2024-03-21T01:26:44.214+0000] {logging_mixin.py:188} INFO - [2024-03-21T01:26:44.213+0000] {dag.py:3047} INFO - Sync 1 DAGs
[2024-03-21T01:26:44.252+0000] {logging_mixin.py:188} INFO - [2024-03-21T01:26:44.251+0000] {dag.py:3834} INFO - Setting next_dagrun for example_branch_dop_operator_v3 to 2024-03-21 01:25:00+00:00, run_after=2024-03-21 01:26:00+00:00
[2024-03-21T01:26:44.280+0000] {processor.py:183} INFO - Processing /home/airflow/.local/lib/python3.8/site-packages/airflow/example_dags/example_branch_python_dop_operator_3.py took 0.112 seconds
[2024-03-21T01:27:14.697+0000] {processor.py:161} INFO - Started process (PID=1547) to work on /home/airflow/.local/lib/python3.8/site-packages/airflow/example_dags/example_branch_python_dop_operator_3.py
[2024-03-21T01:27:14.698+0000] {processor.py:830} INFO - Processing file /home/airflow/.local/lib/python3.8/site-packages/airflow/example_dags/example_branch_python_dop_operator_3.py for tasks to queue
[2024-03-21T01:27:14.700+0000] {logging_mixin.py:188} INFO - [2024-03-21T01:27:14.700+0000] {dagbag.py:540} INFO - Filling up the DagBag from /home/airflow/.local/lib/python3.8/site-packages/airflow/example_dags/example_branch_python_dop_operator_3.py
[2024-03-21T01:27:14.709+0000] {processor.py:840} INFO - DAG(s) 'example_branch_dop_operator_v3' retrieved from /home/airflow/.local/lib/python3.8/site-packages/airflow/example_dags/example_branch_python_dop_operator_3.py
[2024-03-21T01:27:14.731+0000] {logging_mixin.py:188} INFO - [2024-03-21T01:27:14.730+0000] {dag.py:3047} INFO - Sync 1 DAGs
[2024-03-21T01:27:14.807+0000] {logging_mixin.py:188} INFO - [2024-03-21T01:27:14.806+0000] {dag.py:3834} INFO - Setting next_dagrun for example_branch_dop_operator_v3 to 2024-03-21 01:26:00+00:00, run_after=2024-03-21 01:27:00+00:00
[2024-03-21T01:27:14.845+0000] {processor.py:183} INFO - Processing /home/airflow/.local/lib/python3.8/site-packages/airflow/example_dags/example_branch_python_dop_operator_3.py took 0.152 seconds
[2024-03-21T01:27:45.071+0000] {processor.py:161} INFO - Started process (PID=1602) to work on /home/airflow/.local/lib/python3.8/site-packages/airflow/example_dags/example_branch_python_dop_operator_3.py
[2024-03-21T01:27:45.072+0000] {processor.py:830} INFO - Processing file /home/airflow/.local/lib/python3.8/site-packages/airflow/example_dags/example_branch_python_dop_operator_3.py for tasks to queue
[2024-03-21T01:27:45.074+0000] {logging_mixin.py:188} INFO - [2024-03-21T01:27:45.074+0000] {dagbag.py:540} INFO - Filling up the DagBag from /home/airflow/.local/lib/python3.8/site-packages/airflow/example_dags/example_branch_python_dop_operator_3.py
[2024-03-21T01:27:45.084+0000] {processor.py:840} INFO - DAG(s) 'example_branch_dop_operator_v3' retrieved from /home/airflow/.local/lib/python3.8/site-packages/airflow/example_dags/example_branch_python_dop_operator_3.py
[2024-03-21T01:27:45.129+0000] {logging_mixin.py:188} INFO - [2024-03-21T01:27:45.128+0000] {dag.py:3047} INFO - Sync 1 DAGs
[2024-03-21T01:27:45.163+0000] {logging_mixin.py:188} INFO - [2024-03-21T01:27:45.162+0000] {dag.py:3834} INFO - Setting next_dagrun for example_branch_dop_operator_v3 to 2024-03-21 01:26:00+00:00, run_after=2024-03-21 01:27:00+00:00
[2024-03-21T01:27:45.187+0000] {processor.py:183} INFO - Processing /home/airflow/.local/lib/python3.8/site-packages/airflow/example_dags/example_branch_python_dop_operator_3.py took 0.120 seconds
[2024-03-21T01:28:15.568+0000] {processor.py:161} INFO - Started process (PID=1657) to work on /home/airflow/.local/lib/python3.8/site-packages/airflow/example_dags/example_branch_python_dop_operator_3.py
[2024-03-21T01:28:15.569+0000] {processor.py:830} INFO - Processing file /home/airflow/.local/lib/python3.8/site-packages/airflow/example_dags/example_branch_python_dop_operator_3.py for tasks to queue
[2024-03-21T01:28:15.571+0000] {logging_mixin.py:188} INFO - [2024-03-21T01:28:15.571+0000] {dagbag.py:540} INFO - Filling up the DagBag from /home/airflow/.local/lib/python3.8/site-packages/airflow/example_dags/example_branch_python_dop_operator_3.py
[2024-03-21T01:28:15.586+0000] {processor.py:840} INFO - DAG(s) 'example_branch_dop_operator_v3' retrieved from /home/airflow/.local/lib/python3.8/site-packages/airflow/example_dags/example_branch_python_dop_operator_3.py
[2024-03-21T01:28:15.614+0000] {logging_mixin.py:188} INFO - [2024-03-21T01:28:15.614+0000] {dag.py:3047} INFO - Sync 1 DAGs
[2024-03-21T01:28:15.658+0000] {logging_mixin.py:188} INFO - [2024-03-21T01:28:15.658+0000] {dag.py:3834} INFO - Setting next_dagrun for example_branch_dop_operator_v3 to 2024-03-21 01:27:00+00:00, run_after=2024-03-21 01:28:00+00:00
[2024-03-21T01:28:15.694+0000] {processor.py:183} INFO - Processing /home/airflow/.local/lib/python3.8/site-packages/airflow/example_dags/example_branch_python_dop_operator_3.py took 0.131 seconds
[2024-03-21T01:28:45.869+0000] {processor.py:161} INFO - Started process (PID=1712) to work on /home/airflow/.local/lib/python3.8/site-packages/airflow/example_dags/example_branch_python_dop_operator_3.py
[2024-03-21T01:28:45.871+0000] {processor.py:830} INFO - Processing file /home/airflow/.local/lib/python3.8/site-packages/airflow/example_dags/example_branch_python_dop_operator_3.py for tasks to queue
[2024-03-21T01:28:45.875+0000] {logging_mixin.py:188} INFO - [2024-03-21T01:28:45.874+0000] {dagbag.py:540} INFO - Filling up the DagBag from /home/airflow/.local/lib/python3.8/site-packages/airflow/example_dags/example_branch_python_dop_operator_3.py
[2024-03-21T01:28:45.898+0000] {processor.py:840} INFO - DAG(s) 'example_branch_dop_operator_v3' retrieved from /home/airflow/.local/lib/python3.8/site-packages/airflow/example_dags/example_branch_python_dop_operator_3.py
[2024-03-21T01:28:45.949+0000] {logging_mixin.py:188} INFO - [2024-03-21T01:28:45.948+0000] {dag.py:3047} INFO - Sync 1 DAGs
[2024-03-21T01:28:46.067+0000] {logging_mixin.py:188} INFO - [2024-03-21T01:28:46.067+0000] {dag.py:3834} INFO - Setting next_dagrun for example_branch_dop_operator_v3 to 2024-03-21 01:27:00+00:00, run_after=2024-03-21 01:28:00+00:00
[2024-03-21T01:28:46.188+0000] {processor.py:183} INFO - Processing /home/airflow/.local/lib/python3.8/site-packages/airflow/example_dags/example_branch_python_dop_operator_3.py took 0.335 seconds
[2024-03-21T01:29:16.284+0000] {processor.py:161} INFO - Started process (PID=1769) to work on /home/airflow/.local/lib/python3.8/site-packages/airflow/example_dags/example_branch_python_dop_operator_3.py
[2024-03-21T01:29:16.289+0000] {processor.py:830} INFO - Processing file /home/airflow/.local/lib/python3.8/site-packages/airflow/example_dags/example_branch_python_dop_operator_3.py for tasks to queue
[2024-03-21T01:29:16.291+0000] {logging_mixin.py:188} INFO - [2024-03-21T01:29:16.290+0000] {dagbag.py:540} INFO - Filling up the DagBag from /home/airflow/.local/lib/python3.8/site-packages/airflow/example_dags/example_branch_python_dop_operator_3.py
[2024-03-21T01:29:16.305+0000] {processor.py:840} INFO - DAG(s) 'example_branch_dop_operator_v3' retrieved from /home/airflow/.local/lib/python3.8/site-packages/airflow/example_dags/example_branch_python_dop_operator_3.py
[2024-03-21T01:29:16.368+0000] {logging_mixin.py:188} INFO - [2024-03-21T01:29:16.367+0000] {dag.py:3047} INFO - Sync 1 DAGs
[2024-03-21T01:29:16.416+0000] {logging_mixin.py:188} INFO - [2024-03-21T01:29:16.416+0000] {dag.py:3834} INFO - Setting next_dagrun for example_branch_dop_operator_v3 to 2024-03-21 01:28:00+00:00, run_after=2024-03-21 01:29:00+00:00
[2024-03-21T01:29:16.457+0000] {processor.py:183} INFO - Processing /home/airflow/.local/lib/python3.8/site-packages/airflow/example_dags/example_branch_python_dop_operator_3.py took 0.177 seconds
[2024-03-21T01:29:47.046+0000] {processor.py:161} INFO - Started process (PID=1823) to work on /home/airflow/.local/lib/python3.8/site-packages/airflow/example_dags/example_branch_python_dop_operator_3.py
[2024-03-21T01:29:47.047+0000] {processor.py:830} INFO - Processing file /home/airflow/.local/lib/python3.8/site-packages/airflow/example_dags/example_branch_python_dop_operator_3.py for tasks to queue
[2024-03-21T01:29:47.049+0000] {logging_mixin.py:188} INFO - [2024-03-21T01:29:47.049+0000] {dagbag.py:540} INFO - Filling up the DagBag from /home/airflow/.local/lib/python3.8/site-packages/airflow/example_dags/example_branch_python_dop_operator_3.py
[2024-03-21T01:29:47.061+0000] {processor.py:840} INFO - DAG(s) 'example_branch_dop_operator_v3' retrieved from /home/airflow/.local/lib/python3.8/site-packages/airflow/example_dags/example_branch_python_dop_operator_3.py
[2024-03-21T01:29:47.089+0000] {logging_mixin.py:188} INFO - [2024-03-21T01:29:47.089+0000] {dag.py:3047} INFO - Sync 1 DAGs
[2024-03-21T01:29:47.132+0000] {logging_mixin.py:188} INFO - [2024-03-21T01:29:47.132+0000] {dag.py:3834} INFO - Setting next_dagrun for example_branch_dop_operator_v3 to 2024-03-21 01:28:00+00:00, run_after=2024-03-21 01:29:00+00:00
[2024-03-21T01:29:47.159+0000] {processor.py:183} INFO - Processing /home/airflow/.local/lib/python3.8/site-packages/airflow/example_dags/example_branch_python_dop_operator_3.py took 0.118 seconds
[2024-03-21T01:30:17.392+0000] {processor.py:161} INFO - Started process (PID=1877) to work on /home/airflow/.local/lib/python3.8/site-packages/airflow/example_dags/example_branch_python_dop_operator_3.py
[2024-03-21T01:30:17.394+0000] {processor.py:830} INFO - Processing file /home/airflow/.local/lib/python3.8/site-packages/airflow/example_dags/example_branch_python_dop_operator_3.py for tasks to queue
[2024-03-21T01:30:17.397+0000] {logging_mixin.py:188} INFO - [2024-03-21T01:30:17.397+0000] {dagbag.py:540} INFO - Filling up the DagBag from /home/airflow/.local/lib/python3.8/site-packages/airflow/example_dags/example_branch_python_dop_operator_3.py
[2024-03-21T01:30:17.411+0000] {processor.py:840} INFO - DAG(s) 'example_branch_dop_operator_v3' retrieved from /home/airflow/.local/lib/python3.8/site-packages/airflow/example_dags/example_branch_python_dop_operator_3.py
[2024-03-21T01:30:17.443+0000] {logging_mixin.py:188} INFO - [2024-03-21T01:30:17.442+0000] {dag.py:3047} INFO - Sync 1 DAGs
[2024-03-21T01:30:17.495+0000] {logging_mixin.py:188} INFO - [2024-03-21T01:30:17.495+0000] {dag.py:3834} INFO - Setting next_dagrun for example_branch_dop_operator_v3 to 2024-03-21 01:29:00+00:00, run_after=2024-03-21 01:30:00+00:00
[2024-03-21T01:30:17.526+0000] {processor.py:183} INFO - Processing /home/airflow/.local/lib/python3.8/site-packages/airflow/example_dags/example_branch_python_dop_operator_3.py took 0.142 seconds
[2024-03-21T01:30:48.471+0000] {processor.py:161} INFO - Started process (PID=1932) to work on /home/airflow/.local/lib/python3.8/site-packages/airflow/example_dags/example_branch_python_dop_operator_3.py
[2024-03-21T01:30:48.476+0000] {processor.py:830} INFO - Processing file /home/airflow/.local/lib/python3.8/site-packages/airflow/example_dags/example_branch_python_dop_operator_3.py for tasks to queue
[2024-03-21T01:30:48.480+0000] {logging_mixin.py:188} INFO - [2024-03-21T01:30:48.479+0000] {dagbag.py:540} INFO - Filling up the DagBag from /home/airflow/.local/lib/python3.8/site-packages/airflow/example_dags/example_branch_python_dop_operator_3.py
[2024-03-21T01:30:48.519+0000] {processor.py:840} INFO - DAG(s) 'example_branch_dop_operator_v3' retrieved from /home/airflow/.local/lib/python3.8/site-packages/airflow/example_dags/example_branch_python_dop_operator_3.py
[2024-03-21T01:30:48.579+0000] {logging_mixin.py:188} INFO - [2024-03-21T01:30:48.578+0000] {dag.py:3047} INFO - Sync 1 DAGs
[2024-03-21T01:30:48.715+0000] {logging_mixin.py:188} INFO - [2024-03-21T01:30:48.714+0000] {dag.py:3834} INFO - Setting next_dagrun for example_branch_dop_operator_v3 to 2024-03-21 01:29:00+00:00, run_after=2024-03-21 01:30:00+00:00
[2024-03-21T01:30:48.805+0000] {processor.py:183} INFO - Processing /home/airflow/.local/lib/python3.8/site-packages/airflow/example_dags/example_branch_python_dop_operator_3.py took 0.341 seconds
[2024-03-21T01:31:19.729+0000] {processor.py:161} INFO - Started process (PID=1987) to work on /home/airflow/.local/lib/python3.8/site-packages/airflow/example_dags/example_branch_python_dop_operator_3.py
[2024-03-21T01:31:19.732+0000] {processor.py:830} INFO - Processing file /home/airflow/.local/lib/python3.8/site-packages/airflow/example_dags/example_branch_python_dop_operator_3.py for tasks to queue
[2024-03-21T01:31:19.734+0000] {logging_mixin.py:188} INFO - [2024-03-21T01:31:19.733+0000] {dagbag.py:540} INFO - Filling up the DagBag from /home/airflow/.local/lib/python3.8/site-packages/airflow/example_dags/example_branch_python_dop_operator_3.py
[2024-03-21T01:31:19.746+0000] {processor.py:840} INFO - DAG(s) 'example_branch_dop_operator_v3' retrieved from /home/airflow/.local/lib/python3.8/site-packages/airflow/example_dags/example_branch_python_dop_operator_3.py
[2024-03-21T01:31:19.769+0000] {logging_mixin.py:188} INFO - [2024-03-21T01:31:19.769+0000] {dag.py:3047} INFO - Sync 1 DAGs
[2024-03-21T01:31:19.801+0000] {logging_mixin.py:188} INFO - [2024-03-21T01:31:19.801+0000] {dag.py:3834} INFO - Setting next_dagrun for example_branch_dop_operator_v3 to 2024-03-21 01:30:00+00:00, run_after=2024-03-21 01:31:00+00:00
[2024-03-21T01:31:19.831+0000] {processor.py:183} INFO - Processing /home/airflow/.local/lib/python3.8/site-packages/airflow/example_dags/example_branch_python_dop_operator_3.py took 0.106 seconds
[2024-03-21T01:31:50.007+0000] {processor.py:161} INFO - Started process (PID=2042) to work on /home/airflow/.local/lib/python3.8/site-packages/airflow/example_dags/example_branch_python_dop_operator_3.py
[2024-03-21T01:31:50.009+0000] {processor.py:830} INFO - Processing file /home/airflow/.local/lib/python3.8/site-packages/airflow/example_dags/example_branch_python_dop_operator_3.py for tasks to queue
[2024-03-21T01:31:50.011+0000] {logging_mixin.py:188} INFO - [2024-03-21T01:31:50.011+0000] {dagbag.py:540} INFO - Filling up the DagBag from /home/airflow/.local/lib/python3.8/site-packages/airflow/example_dags/example_branch_python_dop_operator_3.py
[2024-03-21T01:31:50.020+0000] {processor.py:840} INFO - DAG(s) 'example_branch_dop_operator_v3' retrieved from /home/airflow/.local/lib/python3.8/site-packages/airflow/example_dags/example_branch_python_dop_operator_3.py
[2024-03-21T01:31:50.041+0000] {logging_mixin.py:188} INFO - [2024-03-21T01:31:50.040+0000] {dag.py:3047} INFO - Sync 1 DAGs
[2024-03-21T01:31:50.067+0000] {logging_mixin.py:188} INFO - [2024-03-21T01:31:50.067+0000] {dag.py:3834} INFO - Setting next_dagrun for example_branch_dop_operator_v3 to 2024-03-21 01:30:00+00:00, run_after=2024-03-21 01:31:00+00:00
[2024-03-21T01:31:50.090+0000] {processor.py:183} INFO - Processing /home/airflow/.local/lib/python3.8/site-packages/airflow/example_dags/example_branch_python_dop_operator_3.py took 0.086 seconds
