[2024-03-21T00:09:34.680+0000] {processor.py:161} INFO - Started process (PID=80) to work on /home/airflow/.local/lib/python3.8/site-packages/airflow/example_dags/example_branch_labels.py
[2024-03-21T00:09:34.682+0000] {processor.py:830} INFO - Processing file /home/airflow/.local/lib/python3.8/site-packages/airflow/example_dags/example_branch_labels.py for tasks to queue
[2024-03-21T00:09:34.687+0000] {logging_mixin.py:188} INFO - [2024-03-21T00:09:34.686+0000] {dagbag.py:540} INFO - Filling up the DagBag from /home/airflow/.local/lib/python3.8/site-packages/airflow/example_dags/example_branch_labels.py
[2024-03-21T00:09:34.713+0000] {processor.py:840} INFO - DAG(s) 'example_branch_labels' retrieved from /home/airflow/.local/lib/python3.8/site-packages/airflow/example_dags/example_branch_labels.py
[2024-03-21T00:09:34.746+0000] {logging_mixin.py:188} INFO - [2024-03-21T00:09:34.746+0000] {dag.py:3047} INFO - Sync 1 DAGs
[2024-03-21T00:09:34.892+0000] {logging_mixin.py:188} INFO - [2024-03-21T00:09:34.892+0000] {dag.py:3834} INFO - Setting next_dagrun for example_branch_labels to 2024-03-20 00:00:00+00:00, run_after=2024-03-21 00:00:00+00:00
[2024-03-21T00:09:34.963+0000] {processor.py:183} INFO - Processing /home/airflow/.local/lib/python3.8/site-packages/airflow/example_dags/example_branch_labels.py took 0.293 seconds
[2024-03-21T00:10:07.393+0000] {processor.py:161} INFO - Started process (PID=135) to work on /home/airflow/.local/lib/python3.8/site-packages/airflow/example_dags/example_branch_labels.py
[2024-03-21T00:10:07.396+0000] {processor.py:830} INFO - Processing file /home/airflow/.local/lib/python3.8/site-packages/airflow/example_dags/example_branch_labels.py for tasks to queue
[2024-03-21T00:10:07.400+0000] {logging_mixin.py:188} INFO - [2024-03-21T00:10:07.399+0000] {dagbag.py:540} INFO - Filling up the DagBag from /home/airflow/.local/lib/python3.8/site-packages/airflow/example_dags/example_branch_labels.py
[2024-03-21T00:10:07.417+0000] {processor.py:840} INFO - DAG(s) 'example_branch_labels' retrieved from /home/airflow/.local/lib/python3.8/site-packages/airflow/example_dags/example_branch_labels.py
[2024-03-21T00:10:07.668+0000] {logging_mixin.py:188} INFO - [2024-03-21T00:10:07.667+0000] {dag.py:3047} INFO - Sync 1 DAGs
[2024-03-21T00:10:07.713+0000] {logging_mixin.py:188} INFO - [2024-03-21T00:10:07.712+0000] {dag.py:3834} INFO - Setting next_dagrun for example_branch_labels to 2024-03-20 00:00:00+00:00, run_after=2024-03-21 00:00:00+00:00
[2024-03-21T00:10:07.754+0000] {processor.py:183} INFO - Processing /home/airflow/.local/lib/python3.8/site-packages/airflow/example_dags/example_branch_labels.py took 0.369 seconds
[2024-03-21T00:10:38.260+0000] {processor.py:161} INFO - Started process (PID=190) to work on /home/airflow/.local/lib/python3.8/site-packages/airflow/example_dags/example_branch_labels.py
[2024-03-21T00:10:38.262+0000] {processor.py:830} INFO - Processing file /home/airflow/.local/lib/python3.8/site-packages/airflow/example_dags/example_branch_labels.py for tasks to queue
[2024-03-21T00:10:38.264+0000] {logging_mixin.py:188} INFO - [2024-03-21T00:10:38.263+0000] {dagbag.py:540} INFO - Filling up the DagBag from /home/airflow/.local/lib/python3.8/site-packages/airflow/example_dags/example_branch_labels.py
[2024-03-21T00:10:38.289+0000] {processor.py:840} INFO - DAG(s) 'example_branch_labels' retrieved from /home/airflow/.local/lib/python3.8/site-packages/airflow/example_dags/example_branch_labels.py
[2024-03-21T00:10:38.338+0000] {logging_mixin.py:188} INFO - [2024-03-21T00:10:38.337+0000] {dag.py:3047} INFO - Sync 1 DAGs
[2024-03-21T00:10:38.385+0000] {logging_mixin.py:188} INFO - [2024-03-21T00:10:38.380+0000] {dag.py:3834} INFO - Setting next_dagrun for example_branch_labels to 2024-03-20 00:00:00+00:00, run_after=2024-03-21 00:00:00+00:00
[2024-03-21T00:10:38.482+0000] {processor.py:183} INFO - Processing /home/airflow/.local/lib/python3.8/site-packages/airflow/example_dags/example_branch_labels.py took 0.227 seconds
[2024-03-21T00:17:03.623+0000] {processor.py:161} INFO - Started process (PID=59) to work on /home/airflow/.local/lib/python3.8/site-packages/airflow/example_dags/example_branch_labels.py
[2024-03-21T00:17:03.625+0000] {processor.py:830} INFO - Processing file /home/airflow/.local/lib/python3.8/site-packages/airflow/example_dags/example_branch_labels.py for tasks to queue
[2024-03-21T00:17:03.629+0000] {logging_mixin.py:188} INFO - [2024-03-21T00:17:03.628+0000] {dagbag.py:540} INFO - Filling up the DagBag from /home/airflow/.local/lib/python3.8/site-packages/airflow/example_dags/example_branch_labels.py
[2024-03-21T00:17:03.669+0000] {processor.py:840} INFO - DAG(s) 'example_branch_labels' retrieved from /home/airflow/.local/lib/python3.8/site-packages/airflow/example_dags/example_branch_labels.py
[2024-03-21T00:17:04.000+0000] {logging_mixin.py:188} INFO - [2024-03-21T00:17:04.000+0000] {dag.py:3047} INFO - Sync 1 DAGs
[2024-03-21T00:17:04.076+0000] {logging_mixin.py:188} INFO - [2024-03-21T00:17:04.075+0000] {dag.py:3834} INFO - Setting next_dagrun for example_branch_labels to 2024-03-20 00:00:00+00:00, run_after=2024-03-21 00:00:00+00:00
[2024-03-21T00:17:04.158+0000] {processor.py:183} INFO - Processing /home/airflow/.local/lib/python3.8/site-packages/airflow/example_dags/example_branch_labels.py took 0.542 seconds
[2024-03-21T00:17:34.259+0000] {processor.py:161} INFO - Started process (PID=114) to work on /home/airflow/.local/lib/python3.8/site-packages/airflow/example_dags/example_branch_labels.py
[2024-03-21T00:17:34.260+0000] {processor.py:830} INFO - Processing file /home/airflow/.local/lib/python3.8/site-packages/airflow/example_dags/example_branch_labels.py for tasks to queue
[2024-03-21T00:17:34.261+0000] {logging_mixin.py:188} INFO - [2024-03-21T00:17:34.261+0000] {dagbag.py:540} INFO - Filling up the DagBag from /home/airflow/.local/lib/python3.8/site-packages/airflow/example_dags/example_branch_labels.py
[2024-03-21T00:17:34.269+0000] {processor.py:840} INFO - DAG(s) 'example_branch_labels' retrieved from /home/airflow/.local/lib/python3.8/site-packages/airflow/example_dags/example_branch_labels.py
[2024-03-21T00:17:34.291+0000] {logging_mixin.py:188} INFO - [2024-03-21T00:17:34.290+0000] {dag.py:3047} INFO - Sync 1 DAGs
[2024-03-21T00:17:34.314+0000] {logging_mixin.py:188} INFO - [2024-03-21T00:17:34.314+0000] {dag.py:3834} INFO - Setting next_dagrun for example_branch_labels to 2024-03-20 00:00:00+00:00, run_after=2024-03-21 00:00:00+00:00
[2024-03-21T00:17:34.335+0000] {processor.py:183} INFO - Processing /home/airflow/.local/lib/python3.8/site-packages/airflow/example_dags/example_branch_labels.py took 0.080 seconds
[2024-03-21T00:18:04.747+0000] {processor.py:161} INFO - Started process (PID=169) to work on /home/airflow/.local/lib/python3.8/site-packages/airflow/example_dags/example_branch_labels.py
[2024-03-21T00:18:04.747+0000] {processor.py:830} INFO - Processing file /home/airflow/.local/lib/python3.8/site-packages/airflow/example_dags/example_branch_labels.py for tasks to queue
[2024-03-21T00:18:04.749+0000] {logging_mixin.py:188} INFO - [2024-03-21T00:18:04.749+0000] {dagbag.py:540} INFO - Filling up the DagBag from /home/airflow/.local/lib/python3.8/site-packages/airflow/example_dags/example_branch_labels.py
[2024-03-21T00:18:04.756+0000] {processor.py:840} INFO - DAG(s) 'example_branch_labels' retrieved from /home/airflow/.local/lib/python3.8/site-packages/airflow/example_dags/example_branch_labels.py
[2024-03-21T00:18:04.778+0000] {logging_mixin.py:188} INFO - [2024-03-21T00:18:04.777+0000] {dag.py:3047} INFO - Sync 1 DAGs
[2024-03-21T00:18:04.800+0000] {logging_mixin.py:188} INFO - [2024-03-21T00:18:04.799+0000] {dag.py:3834} INFO - Setting next_dagrun for example_branch_labels to 2024-03-20 00:00:00+00:00, run_after=2024-03-21 00:00:00+00:00
[2024-03-21T00:18:04.822+0000] {processor.py:183} INFO - Processing /home/airflow/.local/lib/python3.8/site-packages/airflow/example_dags/example_branch_labels.py took 0.078 seconds
[2024-03-21T00:18:35.224+0000] {processor.py:161} INFO - Started process (PID=224) to work on /home/airflow/.local/lib/python3.8/site-packages/airflow/example_dags/example_branch_labels.py
[2024-03-21T00:18:35.225+0000] {processor.py:830} INFO - Processing file /home/airflow/.local/lib/python3.8/site-packages/airflow/example_dags/example_branch_labels.py for tasks to queue
[2024-03-21T00:18:35.227+0000] {logging_mixin.py:188} INFO - [2024-03-21T00:18:35.226+0000] {dagbag.py:540} INFO - Filling up the DagBag from /home/airflow/.local/lib/python3.8/site-packages/airflow/example_dags/example_branch_labels.py
[2024-03-21T00:18:35.236+0000] {processor.py:840} INFO - DAG(s) 'example_branch_labels' retrieved from /home/airflow/.local/lib/python3.8/site-packages/airflow/example_dags/example_branch_labels.py
[2024-03-21T00:18:35.261+0000] {logging_mixin.py:188} INFO - [2024-03-21T00:18:35.261+0000] {dag.py:3047} INFO - Sync 1 DAGs
[2024-03-21T00:18:35.291+0000] {logging_mixin.py:188} INFO - [2024-03-21T00:18:35.290+0000] {dag.py:3834} INFO - Setting next_dagrun for example_branch_labels to 2024-03-20 00:00:00+00:00, run_after=2024-03-21 00:00:00+00:00
[2024-03-21T00:18:35.318+0000] {processor.py:183} INFO - Processing /home/airflow/.local/lib/python3.8/site-packages/airflow/example_dags/example_branch_labels.py took 0.098 seconds
[2024-03-21T00:19:05.962+0000] {processor.py:161} INFO - Started process (PID=279) to work on /home/airflow/.local/lib/python3.8/site-packages/airflow/example_dags/example_branch_labels.py
[2024-03-21T00:19:05.963+0000] {processor.py:830} INFO - Processing file /home/airflow/.local/lib/python3.8/site-packages/airflow/example_dags/example_branch_labels.py for tasks to queue
[2024-03-21T00:19:05.965+0000] {logging_mixin.py:188} INFO - [2024-03-21T00:19:05.965+0000] {dagbag.py:540} INFO - Filling up the DagBag from /home/airflow/.local/lib/python3.8/site-packages/airflow/example_dags/example_branch_labels.py
[2024-03-21T00:19:05.973+0000] {processor.py:840} INFO - DAG(s) 'example_branch_labels' retrieved from /home/airflow/.local/lib/python3.8/site-packages/airflow/example_dags/example_branch_labels.py
[2024-03-21T00:19:05.995+0000] {logging_mixin.py:188} INFO - [2024-03-21T00:19:05.995+0000] {dag.py:3047} INFO - Sync 1 DAGs
[2024-03-21T00:19:06.017+0000] {logging_mixin.py:188} INFO - [2024-03-21T00:19:06.017+0000] {dag.py:3834} INFO - Setting next_dagrun for example_branch_labels to 2024-03-20 00:00:00+00:00, run_after=2024-03-21 00:00:00+00:00
[2024-03-21T00:19:06.042+0000] {processor.py:183} INFO - Processing /home/airflow/.local/lib/python3.8/site-packages/airflow/example_dags/example_branch_labels.py took 0.083 seconds
[2024-03-21T00:19:36.258+0000] {processor.py:161} INFO - Started process (PID=334) to work on /home/airflow/.local/lib/python3.8/site-packages/airflow/example_dags/example_branch_labels.py
[2024-03-21T00:19:36.259+0000] {processor.py:830} INFO - Processing file /home/airflow/.local/lib/python3.8/site-packages/airflow/example_dags/example_branch_labels.py for tasks to queue
[2024-03-21T00:19:36.261+0000] {logging_mixin.py:188} INFO - [2024-03-21T00:19:36.260+0000] {dagbag.py:540} INFO - Filling up the DagBag from /home/airflow/.local/lib/python3.8/site-packages/airflow/example_dags/example_branch_labels.py
[2024-03-21T00:19:36.269+0000] {processor.py:840} INFO - DAG(s) 'example_branch_labels' retrieved from /home/airflow/.local/lib/python3.8/site-packages/airflow/example_dags/example_branch_labels.py
[2024-03-21T00:19:36.292+0000] {logging_mixin.py:188} INFO - [2024-03-21T00:19:36.292+0000] {dag.py:3047} INFO - Sync 1 DAGs
[2024-03-21T00:19:36.317+0000] {logging_mixin.py:188} INFO - [2024-03-21T00:19:36.316+0000] {dag.py:3834} INFO - Setting next_dagrun for example_branch_labels to 2024-03-20 00:00:00+00:00, run_after=2024-03-21 00:00:00+00:00
[2024-03-21T00:19:36.339+0000] {processor.py:183} INFO - Processing /home/airflow/.local/lib/python3.8/site-packages/airflow/example_dags/example_branch_labels.py took 0.085 seconds
[2024-03-21T00:20:06.772+0000] {processor.py:161} INFO - Started process (PID=389) to work on /home/airflow/.local/lib/python3.8/site-packages/airflow/example_dags/example_branch_labels.py
[2024-03-21T00:20:06.773+0000] {processor.py:830} INFO - Processing file /home/airflow/.local/lib/python3.8/site-packages/airflow/example_dags/example_branch_labels.py for tasks to queue
[2024-03-21T00:20:06.775+0000] {logging_mixin.py:188} INFO - [2024-03-21T00:20:06.775+0000] {dagbag.py:540} INFO - Filling up the DagBag from /home/airflow/.local/lib/python3.8/site-packages/airflow/example_dags/example_branch_labels.py
[2024-03-21T00:20:06.782+0000] {processor.py:840} INFO - DAG(s) 'example_branch_labels' retrieved from /home/airflow/.local/lib/python3.8/site-packages/airflow/example_dags/example_branch_labels.py
[2024-03-21T00:20:06.803+0000] {logging_mixin.py:188} INFO - [2024-03-21T00:20:06.803+0000] {dag.py:3047} INFO - Sync 1 DAGs
[2024-03-21T00:20:06.828+0000] {logging_mixin.py:188} INFO - [2024-03-21T00:20:06.827+0000] {dag.py:3834} INFO - Setting next_dagrun for example_branch_labels to 2024-03-20 00:00:00+00:00, run_after=2024-03-21 00:00:00+00:00
[2024-03-21T00:20:06.848+0000] {processor.py:183} INFO - Processing /home/airflow/.local/lib/python3.8/site-packages/airflow/example_dags/example_branch_labels.py took 0.079 seconds
[2024-03-21T00:20:37.029+0000] {processor.py:161} INFO - Started process (PID=444) to work on /home/airflow/.local/lib/python3.8/site-packages/airflow/example_dags/example_branch_labels.py
[2024-03-21T00:20:37.030+0000] {processor.py:830} INFO - Processing file /home/airflow/.local/lib/python3.8/site-packages/airflow/example_dags/example_branch_labels.py for tasks to queue
[2024-03-21T00:20:37.032+0000] {logging_mixin.py:188} INFO - [2024-03-21T00:20:37.031+0000] {dagbag.py:540} INFO - Filling up the DagBag from /home/airflow/.local/lib/python3.8/site-packages/airflow/example_dags/example_branch_labels.py
[2024-03-21T00:20:37.039+0000] {processor.py:840} INFO - DAG(s) 'example_branch_labels' retrieved from /home/airflow/.local/lib/python3.8/site-packages/airflow/example_dags/example_branch_labels.py
[2024-03-21T00:20:37.062+0000] {logging_mixin.py:188} INFO - [2024-03-21T00:20:37.062+0000] {dag.py:3047} INFO - Sync 1 DAGs
[2024-03-21T00:20:37.086+0000] {logging_mixin.py:188} INFO - [2024-03-21T00:20:37.085+0000] {dag.py:3834} INFO - Setting next_dagrun for example_branch_labels to 2024-03-20 00:00:00+00:00, run_after=2024-03-21 00:00:00+00:00
[2024-03-21T00:20:37.105+0000] {processor.py:183} INFO - Processing /home/airflow/.local/lib/python3.8/site-packages/airflow/example_dags/example_branch_labels.py took 0.079 seconds
[2024-03-21T00:21:07.394+0000] {processor.py:161} INFO - Started process (PID=499) to work on /home/airflow/.local/lib/python3.8/site-packages/airflow/example_dags/example_branch_labels.py
[2024-03-21T00:21:07.395+0000] {processor.py:830} INFO - Processing file /home/airflow/.local/lib/python3.8/site-packages/airflow/example_dags/example_branch_labels.py for tasks to queue
[2024-03-21T00:21:07.397+0000] {logging_mixin.py:188} INFO - [2024-03-21T00:21:07.397+0000] {dagbag.py:540} INFO - Filling up the DagBag from /home/airflow/.local/lib/python3.8/site-packages/airflow/example_dags/example_branch_labels.py
[2024-03-21T00:21:07.405+0000] {processor.py:840} INFO - DAG(s) 'example_branch_labels' retrieved from /home/airflow/.local/lib/python3.8/site-packages/airflow/example_dags/example_branch_labels.py
[2024-03-21T00:21:07.426+0000] {logging_mixin.py:188} INFO - [2024-03-21T00:21:07.426+0000] {dag.py:3047} INFO - Sync 1 DAGs
[2024-03-21T00:21:07.448+0000] {logging_mixin.py:188} INFO - [2024-03-21T00:21:07.448+0000] {dag.py:3834} INFO - Setting next_dagrun for example_branch_labels to 2024-03-20 00:00:00+00:00, run_after=2024-03-21 00:00:00+00:00
[2024-03-21T00:21:07.469+0000] {processor.py:183} INFO - Processing /home/airflow/.local/lib/python3.8/site-packages/airflow/example_dags/example_branch_labels.py took 0.078 seconds
[2024-03-21T00:21:37.708+0000] {processor.py:161} INFO - Started process (PID=554) to work on /home/airflow/.local/lib/python3.8/site-packages/airflow/example_dags/example_branch_labels.py
[2024-03-21T00:21:37.710+0000] {processor.py:830} INFO - Processing file /home/airflow/.local/lib/python3.8/site-packages/airflow/example_dags/example_branch_labels.py for tasks to queue
[2024-03-21T00:21:37.712+0000] {logging_mixin.py:188} INFO - [2024-03-21T00:21:37.711+0000] {dagbag.py:540} INFO - Filling up the DagBag from /home/airflow/.local/lib/python3.8/site-packages/airflow/example_dags/example_branch_labels.py
[2024-03-21T00:21:37.721+0000] {processor.py:840} INFO - DAG(s) 'example_branch_labels' retrieved from /home/airflow/.local/lib/python3.8/site-packages/airflow/example_dags/example_branch_labels.py
[2024-03-21T00:21:37.743+0000] {logging_mixin.py:188} INFO - [2024-03-21T00:21:37.743+0000] {dag.py:3047} INFO - Sync 1 DAGs
[2024-03-21T00:21:37.768+0000] {logging_mixin.py:188} INFO - [2024-03-21T00:21:37.768+0000] {dag.py:3834} INFO - Setting next_dagrun for example_branch_labels to 2024-03-20 00:00:00+00:00, run_after=2024-03-21 00:00:00+00:00
[2024-03-21T00:21:37.787+0000] {processor.py:183} INFO - Processing /home/airflow/.local/lib/python3.8/site-packages/airflow/example_dags/example_branch_labels.py took 0.082 seconds
[2024-03-21T01:13:19.407+0000] {processor.py:161} INFO - Started process (PID=48) to work on /home/airflow/.local/lib/python3.8/site-packages/airflow/example_dags/example_branch_labels.py
[2024-03-21T01:13:19.409+0000] {processor.py:830} INFO - Processing file /home/airflow/.local/lib/python3.8/site-packages/airflow/example_dags/example_branch_labels.py for tasks to queue
[2024-03-21T01:13:19.412+0000] {logging_mixin.py:188} INFO - [2024-03-21T01:13:19.411+0000] {dagbag.py:540} INFO - Filling up the DagBag from /home/airflow/.local/lib/python3.8/site-packages/airflow/example_dags/example_branch_labels.py
[2024-03-21T01:13:19.429+0000] {processor.py:840} INFO - DAG(s) 'example_branch_labels' retrieved from /home/airflow/.local/lib/python3.8/site-packages/airflow/example_dags/example_branch_labels.py
[2024-03-21T01:13:19.477+0000] {logging_mixin.py:188} INFO - [2024-03-21T01:13:19.477+0000] {dag.py:3047} INFO - Sync 1 DAGs
[2024-03-21T01:13:19.519+0000] {logging_mixin.py:188} INFO - [2024-03-21T01:13:19.518+0000] {dag.py:3834} INFO - Setting next_dagrun for example_branch_labels to 2024-03-20 00:00:00+00:00, run_after=2024-03-21 00:00:00+00:00
[2024-03-21T01:13:19.548+0000] {processor.py:183} INFO - Processing /home/airflow/.local/lib/python3.8/site-packages/airflow/example_dags/example_branch_labels.py took 0.145 seconds
[2024-03-21T01:13:49.899+0000] {processor.py:161} INFO - Started process (PID=103) to work on /home/airflow/.local/lib/python3.8/site-packages/airflow/example_dags/example_branch_labels.py
[2024-03-21T01:13:49.900+0000] {processor.py:830} INFO - Processing file /home/airflow/.local/lib/python3.8/site-packages/airflow/example_dags/example_branch_labels.py for tasks to queue
[2024-03-21T01:13:49.902+0000] {logging_mixin.py:188} INFO - [2024-03-21T01:13:49.902+0000] {dagbag.py:540} INFO - Filling up the DagBag from /home/airflow/.local/lib/python3.8/site-packages/airflow/example_dags/example_branch_labels.py
[2024-03-21T01:13:49.909+0000] {processor.py:840} INFO - DAG(s) 'example_branch_labels' retrieved from /home/airflow/.local/lib/python3.8/site-packages/airflow/example_dags/example_branch_labels.py
[2024-03-21T01:13:49.930+0000] {logging_mixin.py:188} INFO - [2024-03-21T01:13:49.930+0000] {dag.py:3047} INFO - Sync 1 DAGs
[2024-03-21T01:13:49.953+0000] {logging_mixin.py:188} INFO - [2024-03-21T01:13:49.953+0000] {dag.py:3834} INFO - Setting next_dagrun for example_branch_labels to 2024-03-20 00:00:00+00:00, run_after=2024-03-21 00:00:00+00:00
[2024-03-21T01:13:49.975+0000] {processor.py:183} INFO - Processing /home/airflow/.local/lib/python3.8/site-packages/airflow/example_dags/example_branch_labels.py took 0.079 seconds
[2024-03-21T01:14:20.568+0000] {processor.py:161} INFO - Started process (PID=158) to work on /home/airflow/.local/lib/python3.8/site-packages/airflow/example_dags/example_branch_labels.py
[2024-03-21T01:14:20.569+0000] {processor.py:830} INFO - Processing file /home/airflow/.local/lib/python3.8/site-packages/airflow/example_dags/example_branch_labels.py for tasks to queue
[2024-03-21T01:14:20.571+0000] {logging_mixin.py:188} INFO - [2024-03-21T01:14:20.570+0000] {dagbag.py:540} INFO - Filling up the DagBag from /home/airflow/.local/lib/python3.8/site-packages/airflow/example_dags/example_branch_labels.py
[2024-03-21T01:14:20.578+0000] {processor.py:840} INFO - DAG(s) 'example_branch_labels' retrieved from /home/airflow/.local/lib/python3.8/site-packages/airflow/example_dags/example_branch_labels.py
[2024-03-21T01:14:20.599+0000] {logging_mixin.py:188} INFO - [2024-03-21T01:14:20.599+0000] {dag.py:3047} INFO - Sync 1 DAGs
[2024-03-21T01:14:20.623+0000] {logging_mixin.py:188} INFO - [2024-03-21T01:14:20.623+0000] {dag.py:3834} INFO - Setting next_dagrun for example_branch_labels to 2024-03-20 00:00:00+00:00, run_after=2024-03-21 00:00:00+00:00
[2024-03-21T01:14:20.644+0000] {processor.py:183} INFO - Processing /home/airflow/.local/lib/python3.8/site-packages/airflow/example_dags/example_branch_labels.py took 0.079 seconds
[2024-03-21T01:14:51.239+0000] {processor.py:161} INFO - Started process (PID=213) to work on /home/airflow/.local/lib/python3.8/site-packages/airflow/example_dags/example_branch_labels.py
[2024-03-21T01:14:51.242+0000] {processor.py:830} INFO - Processing file /home/airflow/.local/lib/python3.8/site-packages/airflow/example_dags/example_branch_labels.py for tasks to queue
[2024-03-21T01:14:51.244+0000] {logging_mixin.py:188} INFO - [2024-03-21T01:14:51.244+0000] {dagbag.py:540} INFO - Filling up the DagBag from /home/airflow/.local/lib/python3.8/site-packages/airflow/example_dags/example_branch_labels.py
[2024-03-21T01:14:51.269+0000] {processor.py:840} INFO - DAG(s) 'example_branch_labels' retrieved from /home/airflow/.local/lib/python3.8/site-packages/airflow/example_dags/example_branch_labels.py
[2024-03-21T01:14:51.318+0000] {logging_mixin.py:188} INFO - [2024-03-21T01:14:51.318+0000] {dag.py:3047} INFO - Sync 1 DAGs
[2024-03-21T01:14:51.361+0000] {logging_mixin.py:188} INFO - [2024-03-21T01:14:51.361+0000] {dag.py:3834} INFO - Setting next_dagrun for example_branch_labels to 2024-03-20 00:00:00+00:00, run_after=2024-03-21 00:00:00+00:00
[2024-03-21T01:14:51.396+0000] {processor.py:183} INFO - Processing /home/airflow/.local/lib/python3.8/site-packages/airflow/example_dags/example_branch_labels.py took 0.164 seconds
[2024-03-21T01:15:24.959+0000] {processor.py:161} INFO - Started process (PID=268) to work on /home/airflow/.local/lib/python3.8/site-packages/airflow/example_dags/example_branch_labels.py
[2024-03-21T01:15:24.962+0000] {processor.py:830} INFO - Processing file /home/airflow/.local/lib/python3.8/site-packages/airflow/example_dags/example_branch_labels.py for tasks to queue
[2024-03-21T01:15:24.966+0000] {logging_mixin.py:188} INFO - [2024-03-21T01:15:24.965+0000] {dagbag.py:540} INFO - Filling up the DagBag from /home/airflow/.local/lib/python3.8/site-packages/airflow/example_dags/example_branch_labels.py
[2024-03-21T01:15:24.988+0000] {processor.py:840} INFO - DAG(s) 'example_branch_labels' retrieved from /home/airflow/.local/lib/python3.8/site-packages/airflow/example_dags/example_branch_labels.py
[2024-03-21T01:15:25.041+0000] {logging_mixin.py:188} INFO - [2024-03-21T01:15:25.040+0000] {dag.py:3047} INFO - Sync 1 DAGs
[2024-03-21T01:15:25.102+0000] {logging_mixin.py:188} INFO - [2024-03-21T01:15:25.101+0000] {dag.py:3834} INFO - Setting next_dagrun for example_branch_labels to 2024-03-20 00:00:00+00:00, run_after=2024-03-21 00:00:00+00:00
[2024-03-21T01:15:25.147+0000] {processor.py:183} INFO - Processing /home/airflow/.local/lib/python3.8/site-packages/airflow/example_dags/example_branch_labels.py took 0.197 seconds
[2024-03-21T01:15:55.821+0000] {processor.py:161} INFO - Started process (PID=323) to work on /home/airflow/.local/lib/python3.8/site-packages/airflow/example_dags/example_branch_labels.py
[2024-03-21T01:15:55.822+0000] {processor.py:830} INFO - Processing file /home/airflow/.local/lib/python3.8/site-packages/airflow/example_dags/example_branch_labels.py for tasks to queue
[2024-03-21T01:15:55.824+0000] {logging_mixin.py:188} INFO - [2024-03-21T01:15:55.824+0000] {dagbag.py:540} INFO - Filling up the DagBag from /home/airflow/.local/lib/python3.8/site-packages/airflow/example_dags/example_branch_labels.py
[2024-03-21T01:15:55.832+0000] {processor.py:840} INFO - DAG(s) 'example_branch_labels' retrieved from /home/airflow/.local/lib/python3.8/site-packages/airflow/example_dags/example_branch_labels.py
[2024-03-21T01:15:55.843+0000] {logging_mixin.py:188} INFO - [2024-03-21T01:15:55.843+0000] {dag.py:3047} INFO - Sync 1 DAGs
[2024-03-21T01:15:55.867+0000] {logging_mixin.py:188} INFO - [2024-03-21T01:15:55.867+0000] {dag.py:3834} INFO - Setting next_dagrun for example_branch_labels to 2024-03-20 00:00:00+00:00, run_after=2024-03-21 00:00:00+00:00
[2024-03-21T01:15:55.887+0000] {processor.py:183} INFO - Processing /home/airflow/.local/lib/python3.8/site-packages/airflow/example_dags/example_branch_labels.py took 0.070 seconds
[2024-03-21T01:16:26.202+0000] {processor.py:161} INFO - Started process (PID=377) to work on /home/airflow/.local/lib/python3.8/site-packages/airflow/example_dags/example_branch_labels.py
[2024-03-21T01:16:26.203+0000] {processor.py:830} INFO - Processing file /home/airflow/.local/lib/python3.8/site-packages/airflow/example_dags/example_branch_labels.py for tasks to queue
[2024-03-21T01:16:26.205+0000] {logging_mixin.py:188} INFO - [2024-03-21T01:16:26.205+0000] {dagbag.py:540} INFO - Filling up the DagBag from /home/airflow/.local/lib/python3.8/site-packages/airflow/example_dags/example_branch_labels.py
[2024-03-21T01:16:26.213+0000] {processor.py:840} INFO - DAG(s) 'example_branch_labels' retrieved from /home/airflow/.local/lib/python3.8/site-packages/airflow/example_dags/example_branch_labels.py
[2024-03-21T01:16:26.334+0000] {logging_mixin.py:188} INFO - [2024-03-21T01:16:26.334+0000] {dag.py:3047} INFO - Sync 1 DAGs
[2024-03-21T01:16:26.360+0000] {logging_mixin.py:188} INFO - [2024-03-21T01:16:26.360+0000] {dag.py:3834} INFO - Setting next_dagrun for example_branch_labels to 2024-03-20 00:00:00+00:00, run_after=2024-03-21 00:00:00+00:00
[2024-03-21T01:16:26.397+0000] {processor.py:183} INFO - Processing /home/airflow/.local/lib/python3.8/site-packages/airflow/example_dags/example_branch_labels.py took 0.198 seconds
[2024-03-21T01:16:59.278+0000] {processor.py:161} INFO - Started process (PID=437) to work on /home/airflow/.local/lib/python3.8/site-packages/airflow/example_dags/example_branch_labels.py
[2024-03-21T01:16:59.283+0000] {processor.py:830} INFO - Processing file /home/airflow/.local/lib/python3.8/site-packages/airflow/example_dags/example_branch_labels.py for tasks to queue
[2024-03-21T01:16:59.293+0000] {logging_mixin.py:188} INFO - [2024-03-21T01:16:59.293+0000] {dagbag.py:540} INFO - Filling up the DagBag from /home/airflow/.local/lib/python3.8/site-packages/airflow/example_dags/example_branch_labels.py
[2024-03-21T01:16:59.342+0000] {processor.py:840} INFO - DAG(s) 'example_branch_labels' retrieved from /home/airflow/.local/lib/python3.8/site-packages/airflow/example_dags/example_branch_labels.py
[2024-03-21T01:16:59.584+0000] {logging_mixin.py:188} INFO - [2024-03-21T01:16:59.583+0000] {dag.py:3047} INFO - Sync 1 DAGs
[2024-03-21T01:16:59.678+0000] {logging_mixin.py:188} INFO - [2024-03-21T01:16:59.677+0000] {dag.py:3834} INFO - Setting next_dagrun for example_branch_labels to 2024-03-20 00:00:00+00:00, run_after=2024-03-21 00:00:00+00:00
[2024-03-21T01:16:59.779+0000] {processor.py:183} INFO - Processing /home/airflow/.local/lib/python3.8/site-packages/airflow/example_dags/example_branch_labels.py took 0.518 seconds
[2024-03-21T01:17:30.254+0000] {processor.py:161} INFO - Started process (PID=492) to work on /home/airflow/.local/lib/python3.8/site-packages/airflow/example_dags/example_branch_labels.py
[2024-03-21T01:17:30.256+0000] {processor.py:830} INFO - Processing file /home/airflow/.local/lib/python3.8/site-packages/airflow/example_dags/example_branch_labels.py for tasks to queue
[2024-03-21T01:17:30.262+0000] {logging_mixin.py:188} INFO - [2024-03-21T01:17:30.261+0000] {dagbag.py:540} INFO - Filling up the DagBag from /home/airflow/.local/lib/python3.8/site-packages/airflow/example_dags/example_branch_labels.py
[2024-03-21T01:17:30.280+0000] {processor.py:840} INFO - DAG(s) 'example_branch_labels' retrieved from /home/airflow/.local/lib/python3.8/site-packages/airflow/example_dags/example_branch_labels.py
[2024-03-21T01:17:30.388+0000] {logging_mixin.py:188} INFO - [2024-03-21T01:17:30.388+0000] {dag.py:3047} INFO - Sync 1 DAGs
[2024-03-21T01:17:30.473+0000] {logging_mixin.py:188} INFO - [2024-03-21T01:17:30.472+0000] {dag.py:3834} INFO - Setting next_dagrun for example_branch_labels to 2024-03-20 00:00:00+00:00, run_after=2024-03-21 00:00:00+00:00
[2024-03-21T01:17:30.514+0000] {processor.py:183} INFO - Processing /home/airflow/.local/lib/python3.8/site-packages/airflow/example_dags/example_branch_labels.py took 0.266 seconds
[2024-03-21T01:18:01.510+0000] {processor.py:161} INFO - Started process (PID=547) to work on /home/airflow/.local/lib/python3.8/site-packages/airflow/example_dags/example_branch_labels.py
[2024-03-21T01:18:01.512+0000] {processor.py:830} INFO - Processing file /home/airflow/.local/lib/python3.8/site-packages/airflow/example_dags/example_branch_labels.py for tasks to queue
[2024-03-21T01:18:01.514+0000] {logging_mixin.py:188} INFO - [2024-03-21T01:18:01.514+0000] {dagbag.py:540} INFO - Filling up the DagBag from /home/airflow/.local/lib/python3.8/site-packages/airflow/example_dags/example_branch_labels.py
[2024-03-21T01:18:01.529+0000] {processor.py:840} INFO - DAG(s) 'example_branch_labels' retrieved from /home/airflow/.local/lib/python3.8/site-packages/airflow/example_dags/example_branch_labels.py
[2024-03-21T01:18:01.566+0000] {logging_mixin.py:188} INFO - [2024-03-21T01:18:01.566+0000] {dag.py:3047} INFO - Sync 1 DAGs
[2024-03-21T01:18:01.615+0000] {logging_mixin.py:188} INFO - [2024-03-21T01:18:01.615+0000] {dag.py:3834} INFO - Setting next_dagrun for example_branch_labels to 2024-03-20 00:00:00+00:00, run_after=2024-03-21 00:00:00+00:00
[2024-03-21T01:18:01.647+0000] {processor.py:183} INFO - Processing /home/airflow/.local/lib/python3.8/site-packages/airflow/example_dags/example_branch_labels.py took 0.143 seconds
[2024-03-21T01:18:32.469+0000] {processor.py:161} INFO - Started process (PID=602) to work on /home/airflow/.local/lib/python3.8/site-packages/airflow/example_dags/example_branch_labels.py
[2024-03-21T01:18:32.471+0000] {processor.py:830} INFO - Processing file /home/airflow/.local/lib/python3.8/site-packages/airflow/example_dags/example_branch_labels.py for tasks to queue
[2024-03-21T01:18:32.473+0000] {logging_mixin.py:188} INFO - [2024-03-21T01:18:32.473+0000] {dagbag.py:540} INFO - Filling up the DagBag from /home/airflow/.local/lib/python3.8/site-packages/airflow/example_dags/example_branch_labels.py
[2024-03-21T01:18:32.482+0000] {processor.py:840} INFO - DAG(s) 'example_branch_labels' retrieved from /home/airflow/.local/lib/python3.8/site-packages/airflow/example_dags/example_branch_labels.py
[2024-03-21T01:18:32.506+0000] {logging_mixin.py:188} INFO - [2024-03-21T01:18:32.506+0000] {dag.py:3047} INFO - Sync 1 DAGs
[2024-03-21T01:18:32.537+0000] {logging_mixin.py:188} INFO - [2024-03-21T01:18:32.537+0000] {dag.py:3834} INFO - Setting next_dagrun for example_branch_labels to 2024-03-20 00:00:00+00:00, run_after=2024-03-21 00:00:00+00:00
[2024-03-21T01:18:32.563+0000] {processor.py:183} INFO - Processing /home/airflow/.local/lib/python3.8/site-packages/airflow/example_dags/example_branch_labels.py took 0.097 seconds
[2024-03-21T01:19:03.125+0000] {processor.py:161} INFO - Started process (PID=657) to work on /home/airflow/.local/lib/python3.8/site-packages/airflow/example_dags/example_branch_labels.py
[2024-03-21T01:19:03.127+0000] {processor.py:830} INFO - Processing file /home/airflow/.local/lib/python3.8/site-packages/airflow/example_dags/example_branch_labels.py for tasks to queue
[2024-03-21T01:19:03.133+0000] {logging_mixin.py:188} INFO - [2024-03-21T01:19:03.131+0000] {dagbag.py:540} INFO - Filling up the DagBag from /home/airflow/.local/lib/python3.8/site-packages/airflow/example_dags/example_branch_labels.py
[2024-03-21T01:19:03.157+0000] {processor.py:840} INFO - DAG(s) 'example_branch_labels' retrieved from /home/airflow/.local/lib/python3.8/site-packages/airflow/example_dags/example_branch_labels.py
[2024-03-21T01:19:03.196+0000] {logging_mixin.py:188} INFO - [2024-03-21T01:19:03.195+0000] {dag.py:3047} INFO - Sync 1 DAGs
[2024-03-21T01:19:03.249+0000] {logging_mixin.py:188} INFO - [2024-03-21T01:19:03.248+0000] {dag.py:3834} INFO - Setting next_dagrun for example_branch_labels to 2024-03-20 00:00:00+00:00, run_after=2024-03-21 00:00:00+00:00
[2024-03-21T01:19:03.285+0000] {processor.py:183} INFO - Processing /home/airflow/.local/lib/python3.8/site-packages/airflow/example_dags/example_branch_labels.py took 0.175 seconds
[2024-03-21T01:19:33.736+0000] {processor.py:161} INFO - Started process (PID=713) to work on /home/airflow/.local/lib/python3.8/site-packages/airflow/example_dags/example_branch_labels.py
[2024-03-21T01:19:33.738+0000] {processor.py:830} INFO - Processing file /home/airflow/.local/lib/python3.8/site-packages/airflow/example_dags/example_branch_labels.py for tasks to queue
[2024-03-21T01:19:33.740+0000] {logging_mixin.py:188} INFO - [2024-03-21T01:19:33.740+0000] {dagbag.py:540} INFO - Filling up the DagBag from /home/airflow/.local/lib/python3.8/site-packages/airflow/example_dags/example_branch_labels.py
[2024-03-21T01:19:33.749+0000] {processor.py:840} INFO - DAG(s) 'example_branch_labels' retrieved from /home/airflow/.local/lib/python3.8/site-packages/airflow/example_dags/example_branch_labels.py
[2024-03-21T01:19:33.771+0000] {logging_mixin.py:188} INFO - [2024-03-21T01:19:33.770+0000] {dag.py:3047} INFO - Sync 1 DAGs
[2024-03-21T01:19:33.795+0000] {logging_mixin.py:188} INFO - [2024-03-21T01:19:33.794+0000] {dag.py:3834} INFO - Setting next_dagrun for example_branch_labels to 2024-03-20 00:00:00+00:00, run_after=2024-03-21 00:00:00+00:00
[2024-03-21T01:19:33.819+0000] {processor.py:183} INFO - Processing /home/airflow/.local/lib/python3.8/site-packages/airflow/example_dags/example_branch_labels.py took 0.086 seconds
[2024-03-21T01:20:04.116+0000] {processor.py:161} INFO - Started process (PID=768) to work on /home/airflow/.local/lib/python3.8/site-packages/airflow/example_dags/example_branch_labels.py
[2024-03-21T01:20:04.118+0000] {processor.py:830} INFO - Processing file /home/airflow/.local/lib/python3.8/site-packages/airflow/example_dags/example_branch_labels.py for tasks to queue
[2024-03-21T01:20:04.120+0000] {logging_mixin.py:188} INFO - [2024-03-21T01:20:04.119+0000] {dagbag.py:540} INFO - Filling up the DagBag from /home/airflow/.local/lib/python3.8/site-packages/airflow/example_dags/example_branch_labels.py
[2024-03-21T01:20:04.129+0000] {processor.py:840} INFO - DAG(s) 'example_branch_labels' retrieved from /home/airflow/.local/lib/python3.8/site-packages/airflow/example_dags/example_branch_labels.py
[2024-03-21T01:20:04.151+0000] {logging_mixin.py:188} INFO - [2024-03-21T01:20:04.150+0000] {dag.py:3047} INFO - Sync 1 DAGs
[2024-03-21T01:20:04.175+0000] {logging_mixin.py:188} INFO - [2024-03-21T01:20:04.175+0000] {dag.py:3834} INFO - Setting next_dagrun for example_branch_labels to 2024-03-20 00:00:00+00:00, run_after=2024-03-21 00:00:00+00:00
[2024-03-21T01:20:04.204+0000] {processor.py:183} INFO - Processing /home/airflow/.local/lib/python3.8/site-packages/airflow/example_dags/example_branch_labels.py took 0.092 seconds
[2024-03-21T01:20:34.447+0000] {processor.py:161} INFO - Started process (PID=823) to work on /home/airflow/.local/lib/python3.8/site-packages/airflow/example_dags/example_branch_labels.py
[2024-03-21T01:20:34.448+0000] {processor.py:830} INFO - Processing file /home/airflow/.local/lib/python3.8/site-packages/airflow/example_dags/example_branch_labels.py for tasks to queue
[2024-03-21T01:20:34.450+0000] {logging_mixin.py:188} INFO - [2024-03-21T01:20:34.450+0000] {dagbag.py:540} INFO - Filling up the DagBag from /home/airflow/.local/lib/python3.8/site-packages/airflow/example_dags/example_branch_labels.py
[2024-03-21T01:20:34.462+0000] {processor.py:840} INFO - DAG(s) 'example_branch_labels' retrieved from /home/airflow/.local/lib/python3.8/site-packages/airflow/example_dags/example_branch_labels.py
[2024-03-21T01:20:34.495+0000] {logging_mixin.py:188} INFO - [2024-03-21T01:20:34.494+0000] {dag.py:3047} INFO - Sync 1 DAGs
[2024-03-21T01:20:34.534+0000] {logging_mixin.py:188} INFO - [2024-03-21T01:20:34.534+0000] {dag.py:3834} INFO - Setting next_dagrun for example_branch_labels to 2024-03-20 00:00:00+00:00, run_after=2024-03-21 00:00:00+00:00
[2024-03-21T01:20:34.562+0000] {processor.py:183} INFO - Processing /home/airflow/.local/lib/python3.8/site-packages/airflow/example_dags/example_branch_labels.py took 0.119 seconds
[2024-03-21T01:21:05.387+0000] {processor.py:161} INFO - Started process (PID=877) to work on /home/airflow/.local/lib/python3.8/site-packages/airflow/example_dags/example_branch_labels.py
[2024-03-21T01:21:05.388+0000] {processor.py:830} INFO - Processing file /home/airflow/.local/lib/python3.8/site-packages/airflow/example_dags/example_branch_labels.py for tasks to queue
[2024-03-21T01:21:05.390+0000] {logging_mixin.py:188} INFO - [2024-03-21T01:21:05.390+0000] {dagbag.py:540} INFO - Filling up the DagBag from /home/airflow/.local/lib/python3.8/site-packages/airflow/example_dags/example_branch_labels.py
[2024-03-21T01:21:05.399+0000] {processor.py:840} INFO - DAG(s) 'example_branch_labels' retrieved from /home/airflow/.local/lib/python3.8/site-packages/airflow/example_dags/example_branch_labels.py
[2024-03-21T01:21:05.424+0000] {logging_mixin.py:188} INFO - [2024-03-21T01:21:05.424+0000] {dag.py:3047} INFO - Sync 1 DAGs
[2024-03-21T01:21:05.452+0000] {logging_mixin.py:188} INFO - [2024-03-21T01:21:05.451+0000] {dag.py:3834} INFO - Setting next_dagrun for example_branch_labels to 2024-03-20 00:00:00+00:00, run_after=2024-03-21 00:00:00+00:00
[2024-03-21T01:21:05.503+0000] {processor.py:183} INFO - Processing /home/airflow/.local/lib/python3.8/site-packages/airflow/example_dags/example_branch_labels.py took 0.121 seconds
[2024-03-21T01:21:37.110+0000] {processor.py:161} INFO - Started process (PID=932) to work on /home/airflow/.local/lib/python3.8/site-packages/airflow/example_dags/example_branch_labels.py
[2024-03-21T01:21:37.123+0000] {processor.py:830} INFO - Processing file /home/airflow/.local/lib/python3.8/site-packages/airflow/example_dags/example_branch_labels.py for tasks to queue
[2024-03-21T01:21:37.126+0000] {logging_mixin.py:188} INFO - [2024-03-21T01:21:37.125+0000] {dagbag.py:540} INFO - Filling up the DagBag from /home/airflow/.local/lib/python3.8/site-packages/airflow/example_dags/example_branch_labels.py
[2024-03-21T01:21:37.164+0000] {processor.py:840} INFO - DAG(s) 'example_branch_labels' retrieved from /home/airflow/.local/lib/python3.8/site-packages/airflow/example_dags/example_branch_labels.py
[2024-03-21T01:21:37.268+0000] {logging_mixin.py:188} INFO - [2024-03-21T01:21:37.267+0000] {dag.py:3047} INFO - Sync 1 DAGs
[2024-03-21T01:21:37.396+0000] {logging_mixin.py:188} INFO - [2024-03-21T01:21:37.396+0000] {dag.py:3834} INFO - Setting next_dagrun for example_branch_labels to 2024-03-20 00:00:00+00:00, run_after=2024-03-21 00:00:00+00:00
[2024-03-21T01:21:37.518+0000] {processor.py:183} INFO - Processing /home/airflow/.local/lib/python3.8/site-packages/airflow/example_dags/example_branch_labels.py took 0.414 seconds
[2024-03-21T01:22:08.197+0000] {processor.py:161} INFO - Started process (PID=988) to work on /home/airflow/.local/lib/python3.8/site-packages/airflow/example_dags/example_branch_labels.py
[2024-03-21T01:22:08.198+0000] {processor.py:830} INFO - Processing file /home/airflow/.local/lib/python3.8/site-packages/airflow/example_dags/example_branch_labels.py for tasks to queue
[2024-03-21T01:22:08.199+0000] {logging_mixin.py:188} INFO - [2024-03-21T01:22:08.199+0000] {dagbag.py:540} INFO - Filling up the DagBag from /home/airflow/.local/lib/python3.8/site-packages/airflow/example_dags/example_branch_labels.py
[2024-03-21T01:22:08.210+0000] {processor.py:840} INFO - DAG(s) 'example_branch_labels' retrieved from /home/airflow/.local/lib/python3.8/site-packages/airflow/example_dags/example_branch_labels.py
[2024-03-21T01:22:08.241+0000] {logging_mixin.py:188} INFO - [2024-03-21T01:22:08.240+0000] {dag.py:3047} INFO - Sync 1 DAGs
[2024-03-21T01:22:08.275+0000] {logging_mixin.py:188} INFO - [2024-03-21T01:22:08.275+0000] {dag.py:3834} INFO - Setting next_dagrun for example_branch_labels to 2024-03-20 00:00:00+00:00, run_after=2024-03-21 00:00:00+00:00
[2024-03-21T01:22:08.297+0000] {processor.py:183} INFO - Processing /home/airflow/.local/lib/python3.8/site-packages/airflow/example_dags/example_branch_labels.py took 0.105 seconds
[2024-03-21T01:22:38.517+0000] {processor.py:161} INFO - Started process (PID=1043) to work on /home/airflow/.local/lib/python3.8/site-packages/airflow/example_dags/example_branch_labels.py
[2024-03-21T01:22:38.518+0000] {processor.py:830} INFO - Processing file /home/airflow/.local/lib/python3.8/site-packages/airflow/example_dags/example_branch_labels.py for tasks to queue
[2024-03-21T01:22:38.520+0000] {logging_mixin.py:188} INFO - [2024-03-21T01:22:38.520+0000] {dagbag.py:540} INFO - Filling up the DagBag from /home/airflow/.local/lib/python3.8/site-packages/airflow/example_dags/example_branch_labels.py
[2024-03-21T01:22:38.528+0000] {processor.py:840} INFO - DAG(s) 'example_branch_labels' retrieved from /home/airflow/.local/lib/python3.8/site-packages/airflow/example_dags/example_branch_labels.py
[2024-03-21T01:22:38.550+0000] {logging_mixin.py:188} INFO - [2024-03-21T01:22:38.549+0000] {dag.py:3047} INFO - Sync 1 DAGs
[2024-03-21T01:22:38.572+0000] {logging_mixin.py:188} INFO - [2024-03-21T01:22:38.572+0000] {dag.py:3834} INFO - Setting next_dagrun for example_branch_labels to 2024-03-20 00:00:00+00:00, run_after=2024-03-21 00:00:00+00:00
[2024-03-21T01:22:38.598+0000] {processor.py:183} INFO - Processing /home/airflow/.local/lib/python3.8/site-packages/airflow/example_dags/example_branch_labels.py took 0.085 seconds
[2024-03-21T01:23:09.088+0000] {processor.py:161} INFO - Started process (PID=1098) to work on /home/airflow/.local/lib/python3.8/site-packages/airflow/example_dags/example_branch_labels.py
[2024-03-21T01:23:09.088+0000] {processor.py:830} INFO - Processing file /home/airflow/.local/lib/python3.8/site-packages/airflow/example_dags/example_branch_labels.py for tasks to queue
[2024-03-21T01:23:09.090+0000] {logging_mixin.py:188} INFO - [2024-03-21T01:23:09.090+0000] {dagbag.py:540} INFO - Filling up the DagBag from /home/airflow/.local/lib/python3.8/site-packages/airflow/example_dags/example_branch_labels.py
[2024-03-21T01:23:09.098+0000] {processor.py:840} INFO - DAG(s) 'example_branch_labels' retrieved from /home/airflow/.local/lib/python3.8/site-packages/airflow/example_dags/example_branch_labels.py
[2024-03-21T01:23:09.120+0000] {logging_mixin.py:188} INFO - [2024-03-21T01:23:09.119+0000] {dag.py:3047} INFO - Sync 1 DAGs
[2024-03-21T01:23:09.147+0000] {logging_mixin.py:188} INFO - [2024-03-21T01:23:09.147+0000] {dag.py:3834} INFO - Setting next_dagrun for example_branch_labels to 2024-03-20 00:00:00+00:00, run_after=2024-03-21 00:00:00+00:00
[2024-03-21T01:23:09.171+0000] {processor.py:183} INFO - Processing /home/airflow/.local/lib/python3.8/site-packages/airflow/example_dags/example_branch_labels.py took 0.087 seconds
[2024-03-21T01:23:40.039+0000] {processor.py:161} INFO - Started process (PID=1152) to work on /home/airflow/.local/lib/python3.8/site-packages/airflow/example_dags/example_branch_labels.py
[2024-03-21T01:23:40.040+0000] {processor.py:830} INFO - Processing file /home/airflow/.local/lib/python3.8/site-packages/airflow/example_dags/example_branch_labels.py for tasks to queue
[2024-03-21T01:23:40.042+0000] {logging_mixin.py:188} INFO - [2024-03-21T01:23:40.041+0000] {dagbag.py:540} INFO - Filling up the DagBag from /home/airflow/.local/lib/python3.8/site-packages/airflow/example_dags/example_branch_labels.py
[2024-03-21T01:23:40.050+0000] {processor.py:840} INFO - DAG(s) 'example_branch_labels' retrieved from /home/airflow/.local/lib/python3.8/site-packages/airflow/example_dags/example_branch_labels.py
[2024-03-21T01:23:40.074+0000] {logging_mixin.py:188} INFO - [2024-03-21T01:23:40.074+0000] {dag.py:3047} INFO - Sync 1 DAGs
[2024-03-21T01:23:40.100+0000] {logging_mixin.py:188} INFO - [2024-03-21T01:23:40.099+0000] {dag.py:3834} INFO - Setting next_dagrun for example_branch_labels to 2024-03-20 00:00:00+00:00, run_after=2024-03-21 00:00:00+00:00
[2024-03-21T01:23:40.125+0000] {processor.py:183} INFO - Processing /home/airflow/.local/lib/python3.8/site-packages/airflow/example_dags/example_branch_labels.py took 0.090 seconds
[2024-03-21T01:24:10.323+0000] {processor.py:161} INFO - Started process (PID=1207) to work on /home/airflow/.local/lib/python3.8/site-packages/airflow/example_dags/example_branch_labels.py
[2024-03-21T01:24:10.326+0000] {processor.py:830} INFO - Processing file /home/airflow/.local/lib/python3.8/site-packages/airflow/example_dags/example_branch_labels.py for tasks to queue
[2024-03-21T01:24:10.329+0000] {logging_mixin.py:188} INFO - [2024-03-21T01:24:10.328+0000] {dagbag.py:540} INFO - Filling up the DagBag from /home/airflow/.local/lib/python3.8/site-packages/airflow/example_dags/example_branch_labels.py
[2024-03-21T01:24:10.344+0000] {processor.py:840} INFO - DAG(s) 'example_branch_labels' retrieved from /home/airflow/.local/lib/python3.8/site-packages/airflow/example_dags/example_branch_labels.py
[2024-03-21T01:24:10.377+0000] {logging_mixin.py:188} INFO - [2024-03-21T01:24:10.376+0000] {dag.py:3047} INFO - Sync 1 DAGs
[2024-03-21T01:24:10.424+0000] {logging_mixin.py:188} INFO - [2024-03-21T01:24:10.423+0000] {dag.py:3834} INFO - Setting next_dagrun for example_branch_labels to 2024-03-20 00:00:00+00:00, run_after=2024-03-21 00:00:00+00:00
[2024-03-21T01:24:10.456+0000] {processor.py:183} INFO - Processing /home/airflow/.local/lib/python3.8/site-packages/airflow/example_dags/example_branch_labels.py took 0.139 seconds
[2024-03-21T01:24:40.563+0000] {processor.py:161} INFO - Started process (PID=1262) to work on /home/airflow/.local/lib/python3.8/site-packages/airflow/example_dags/example_branch_labels.py
[2024-03-21T01:24:40.564+0000] {processor.py:830} INFO - Processing file /home/airflow/.local/lib/python3.8/site-packages/airflow/example_dags/example_branch_labels.py for tasks to queue
[2024-03-21T01:24:40.566+0000] {logging_mixin.py:188} INFO - [2024-03-21T01:24:40.565+0000] {dagbag.py:540} INFO - Filling up the DagBag from /home/airflow/.local/lib/python3.8/site-packages/airflow/example_dags/example_branch_labels.py
[2024-03-21T01:24:40.574+0000] {processor.py:840} INFO - DAG(s) 'example_branch_labels' retrieved from /home/airflow/.local/lib/python3.8/site-packages/airflow/example_dags/example_branch_labels.py
[2024-03-21T01:24:40.596+0000] {logging_mixin.py:188} INFO - [2024-03-21T01:24:40.596+0000] {dag.py:3047} INFO - Sync 1 DAGs
[2024-03-21T01:24:40.622+0000] {logging_mixin.py:188} INFO - [2024-03-21T01:24:40.622+0000] {dag.py:3834} INFO - Setting next_dagrun for example_branch_labels to 2024-03-20 00:00:00+00:00, run_after=2024-03-21 00:00:00+00:00
[2024-03-21T01:24:40.649+0000] {processor.py:183} INFO - Processing /home/airflow/.local/lib/python3.8/site-packages/airflow/example_dags/example_branch_labels.py took 0.090 seconds
[2024-03-21T01:25:10.718+0000] {processor.py:161} INFO - Started process (PID=1317) to work on /home/airflow/.local/lib/python3.8/site-packages/airflow/example_dags/example_branch_labels.py
[2024-03-21T01:25:10.719+0000] {processor.py:830} INFO - Processing file /home/airflow/.local/lib/python3.8/site-packages/airflow/example_dags/example_branch_labels.py for tasks to queue
[2024-03-21T01:25:10.720+0000] {logging_mixin.py:188} INFO - [2024-03-21T01:25:10.720+0000] {dagbag.py:540} INFO - Filling up the DagBag from /home/airflow/.local/lib/python3.8/site-packages/airflow/example_dags/example_branch_labels.py
[2024-03-21T01:25:10.728+0000] {processor.py:840} INFO - DAG(s) 'example_branch_labels' retrieved from /home/airflow/.local/lib/python3.8/site-packages/airflow/example_dags/example_branch_labels.py
[2024-03-21T01:25:10.750+0000] {logging_mixin.py:188} INFO - [2024-03-21T01:25:10.750+0000] {dag.py:3047} INFO - Sync 1 DAGs
[2024-03-21T01:25:10.773+0000] {logging_mixin.py:188} INFO - [2024-03-21T01:25:10.773+0000] {dag.py:3834} INFO - Setting next_dagrun for example_branch_labels to 2024-03-20 00:00:00+00:00, run_after=2024-03-21 00:00:00+00:00
[2024-03-21T01:25:10.797+0000] {processor.py:183} INFO - Processing /home/airflow/.local/lib/python3.8/site-packages/airflow/example_dags/example_branch_labels.py took 0.082 seconds
[2024-03-21T01:25:41.094+0000] {processor.py:161} INFO - Started process (PID=1372) to work on /home/airflow/.local/lib/python3.8/site-packages/airflow/example_dags/example_branch_labels.py
[2024-03-21T01:25:41.095+0000] {processor.py:830} INFO - Processing file /home/airflow/.local/lib/python3.8/site-packages/airflow/example_dags/example_branch_labels.py for tasks to queue
[2024-03-21T01:25:41.097+0000] {logging_mixin.py:188} INFO - [2024-03-21T01:25:41.097+0000] {dagbag.py:540} INFO - Filling up the DagBag from /home/airflow/.local/lib/python3.8/site-packages/airflow/example_dags/example_branch_labels.py
[2024-03-21T01:25:41.105+0000] {processor.py:840} INFO - DAG(s) 'example_branch_labels' retrieved from /home/airflow/.local/lib/python3.8/site-packages/airflow/example_dags/example_branch_labels.py
[2024-03-21T01:25:41.127+0000] {logging_mixin.py:188} INFO - [2024-03-21T01:25:41.126+0000] {dag.py:3047} INFO - Sync 1 DAGs
[2024-03-21T01:25:41.150+0000] {logging_mixin.py:188} INFO - [2024-03-21T01:25:41.150+0000] {dag.py:3834} INFO - Setting next_dagrun for example_branch_labels to 2024-03-20 00:00:00+00:00, run_after=2024-03-21 00:00:00+00:00
[2024-03-21T01:25:41.173+0000] {processor.py:183} INFO - Processing /home/airflow/.local/lib/python3.8/site-packages/airflow/example_dags/example_branch_labels.py took 0.082 seconds
[2024-03-21T01:26:11.305+0000] {processor.py:161} INFO - Started process (PID=1427) to work on /home/airflow/.local/lib/python3.8/site-packages/airflow/example_dags/example_branch_labels.py
[2024-03-21T01:26:11.305+0000] {processor.py:830} INFO - Processing file /home/airflow/.local/lib/python3.8/site-packages/airflow/example_dags/example_branch_labels.py for tasks to queue
[2024-03-21T01:26:11.307+0000] {logging_mixin.py:188} INFO - [2024-03-21T01:26:11.307+0000] {dagbag.py:540} INFO - Filling up the DagBag from /home/airflow/.local/lib/python3.8/site-packages/airflow/example_dags/example_branch_labels.py
[2024-03-21T01:26:11.317+0000] {processor.py:840} INFO - DAG(s) 'example_branch_labels' retrieved from /home/airflow/.local/lib/python3.8/site-packages/airflow/example_dags/example_branch_labels.py
[2024-03-21T01:26:11.341+0000] {logging_mixin.py:188} INFO - [2024-03-21T01:26:11.341+0000] {dag.py:3047} INFO - Sync 1 DAGs
[2024-03-21T01:26:11.363+0000] {logging_mixin.py:188} INFO - [2024-03-21T01:26:11.363+0000] {dag.py:3834} INFO - Setting next_dagrun for example_branch_labels to 2024-03-20 00:00:00+00:00, run_after=2024-03-21 00:00:00+00:00
[2024-03-21T01:26:11.388+0000] {processor.py:183} INFO - Processing /home/airflow/.local/lib/python3.8/site-packages/airflow/example_dags/example_branch_labels.py took 0.086 seconds
[2024-03-21T01:26:41.516+0000] {processor.py:161} INFO - Started process (PID=1482) to work on /home/airflow/.local/lib/python3.8/site-packages/airflow/example_dags/example_branch_labels.py
[2024-03-21T01:26:41.517+0000] {processor.py:830} INFO - Processing file /home/airflow/.local/lib/python3.8/site-packages/airflow/example_dags/example_branch_labels.py for tasks to queue
[2024-03-21T01:26:41.519+0000] {logging_mixin.py:188} INFO - [2024-03-21T01:26:41.518+0000] {dagbag.py:540} INFO - Filling up the DagBag from /home/airflow/.local/lib/python3.8/site-packages/airflow/example_dags/example_branch_labels.py
[2024-03-21T01:26:41.527+0000] {processor.py:840} INFO - DAG(s) 'example_branch_labels' retrieved from /home/airflow/.local/lib/python3.8/site-packages/airflow/example_dags/example_branch_labels.py
[2024-03-21T01:26:41.550+0000] {logging_mixin.py:188} INFO - [2024-03-21T01:26:41.549+0000] {dag.py:3047} INFO - Sync 1 DAGs
[2024-03-21T01:26:41.577+0000] {logging_mixin.py:188} INFO - [2024-03-21T01:26:41.577+0000] {dag.py:3834} INFO - Setting next_dagrun for example_branch_labels to 2024-03-20 00:00:00+00:00, run_after=2024-03-21 00:00:00+00:00
[2024-03-21T01:26:41.606+0000] {processor.py:183} INFO - Processing /home/airflow/.local/lib/python3.8/site-packages/airflow/example_dags/example_branch_labels.py took 0.093 seconds
[2024-03-21T01:27:11.826+0000] {processor.py:161} INFO - Started process (PID=1537) to work on /home/airflow/.local/lib/python3.8/site-packages/airflow/example_dags/example_branch_labels.py
[2024-03-21T01:27:11.828+0000] {processor.py:830} INFO - Processing file /home/airflow/.local/lib/python3.8/site-packages/airflow/example_dags/example_branch_labels.py for tasks to queue
[2024-03-21T01:27:11.832+0000] {logging_mixin.py:188} INFO - [2024-03-21T01:27:11.831+0000] {dagbag.py:540} INFO - Filling up the DagBag from /home/airflow/.local/lib/python3.8/site-packages/airflow/example_dags/example_branch_labels.py
[2024-03-21T01:27:11.874+0000] {processor.py:840} INFO - DAG(s) 'example_branch_labels' retrieved from /home/airflow/.local/lib/python3.8/site-packages/airflow/example_dags/example_branch_labels.py
[2024-03-21T01:27:11.914+0000] {logging_mixin.py:188} INFO - [2024-03-21T01:27:11.914+0000] {dag.py:3047} INFO - Sync 1 DAGs
[2024-03-21T01:27:11.948+0000] {logging_mixin.py:188} INFO - [2024-03-21T01:27:11.947+0000] {dag.py:3834} INFO - Setting next_dagrun for example_branch_labels to 2024-03-20 00:00:00+00:00, run_after=2024-03-21 00:00:00+00:00
[2024-03-21T01:27:11.991+0000] {processor.py:183} INFO - Processing /home/airflow/.local/lib/python3.8/site-packages/airflow/example_dags/example_branch_labels.py took 0.170 seconds
[2024-03-21T01:27:42.288+0000] {processor.py:161} INFO - Started process (PID=1592) to work on /home/airflow/.local/lib/python3.8/site-packages/airflow/example_dags/example_branch_labels.py
[2024-03-21T01:27:42.290+0000] {processor.py:830} INFO - Processing file /home/airflow/.local/lib/python3.8/site-packages/airflow/example_dags/example_branch_labels.py for tasks to queue
[2024-03-21T01:27:42.292+0000] {logging_mixin.py:188} INFO - [2024-03-21T01:27:42.291+0000] {dagbag.py:540} INFO - Filling up the DagBag from /home/airflow/.local/lib/python3.8/site-packages/airflow/example_dags/example_branch_labels.py
[2024-03-21T01:27:42.304+0000] {processor.py:840} INFO - DAG(s) 'example_branch_labels' retrieved from /home/airflow/.local/lib/python3.8/site-packages/airflow/example_dags/example_branch_labels.py
[2024-03-21T01:27:42.353+0000] {logging_mixin.py:188} INFO - [2024-03-21T01:27:42.353+0000] {dag.py:3047} INFO - Sync 1 DAGs
[2024-03-21T01:27:42.392+0000] {logging_mixin.py:188} INFO - [2024-03-21T01:27:42.392+0000] {dag.py:3834} INFO - Setting next_dagrun for example_branch_labels to 2024-03-20 00:00:00+00:00, run_after=2024-03-21 00:00:00+00:00
[2024-03-21T01:27:42.432+0000] {processor.py:183} INFO - Processing /home/airflow/.local/lib/python3.8/site-packages/airflow/example_dags/example_branch_labels.py took 0.148 seconds
[2024-03-21T01:28:12.503+0000] {processor.py:161} INFO - Started process (PID=1647) to work on /home/airflow/.local/lib/python3.8/site-packages/airflow/example_dags/example_branch_labels.py
[2024-03-21T01:28:12.505+0000] {processor.py:830} INFO - Processing file /home/airflow/.local/lib/python3.8/site-packages/airflow/example_dags/example_branch_labels.py for tasks to queue
[2024-03-21T01:28:12.508+0000] {logging_mixin.py:188} INFO - [2024-03-21T01:28:12.508+0000] {dagbag.py:540} INFO - Filling up the DagBag from /home/airflow/.local/lib/python3.8/site-packages/airflow/example_dags/example_branch_labels.py
[2024-03-21T01:28:12.523+0000] {processor.py:840} INFO - DAG(s) 'example_branch_labels' retrieved from /home/airflow/.local/lib/python3.8/site-packages/airflow/example_dags/example_branch_labels.py
[2024-03-21T01:28:12.553+0000] {logging_mixin.py:188} INFO - [2024-03-21T01:28:12.552+0000] {dag.py:3047} INFO - Sync 1 DAGs
[2024-03-21T01:28:12.586+0000] {logging_mixin.py:188} INFO - [2024-03-21T01:28:12.585+0000] {dag.py:3834} INFO - Setting next_dagrun for example_branch_labels to 2024-03-20 00:00:00+00:00, run_after=2024-03-21 00:00:00+00:00
[2024-03-21T01:28:12.620+0000] {processor.py:183} INFO - Processing /home/airflow/.local/lib/python3.8/site-packages/airflow/example_dags/example_branch_labels.py took 0.124 seconds
[2024-03-21T01:28:42.995+0000] {processor.py:161} INFO - Started process (PID=1701) to work on /home/airflow/.local/lib/python3.8/site-packages/airflow/example_dags/example_branch_labels.py
[2024-03-21T01:28:42.998+0000] {processor.py:830} INFO - Processing file /home/airflow/.local/lib/python3.8/site-packages/airflow/example_dags/example_branch_labels.py for tasks to queue
[2024-03-21T01:28:43.002+0000] {logging_mixin.py:188} INFO - [2024-03-21T01:28:43.002+0000] {dagbag.py:540} INFO - Filling up the DagBag from /home/airflow/.local/lib/python3.8/site-packages/airflow/example_dags/example_branch_labels.py
[2024-03-21T01:28:43.035+0000] {processor.py:840} INFO - DAG(s) 'example_branch_labels' retrieved from /home/airflow/.local/lib/python3.8/site-packages/airflow/example_dags/example_branch_labels.py
[2024-03-21T01:28:43.102+0000] {logging_mixin.py:188} INFO - [2024-03-21T01:28:43.101+0000] {dag.py:3047} INFO - Sync 1 DAGs
[2024-03-21T01:28:43.203+0000] {logging_mixin.py:188} INFO - [2024-03-21T01:28:43.203+0000] {dag.py:3834} INFO - Setting next_dagrun for example_branch_labels to 2024-03-20 00:00:00+00:00, run_after=2024-03-21 00:00:00+00:00
[2024-03-21T01:28:43.275+0000] {processor.py:183} INFO - Processing /home/airflow/.local/lib/python3.8/site-packages/airflow/example_dags/example_branch_labels.py took 0.288 seconds
[2024-03-21T01:29:14.126+0000] {processor.py:161} INFO - Started process (PID=1758) to work on /home/airflow/.local/lib/python3.8/site-packages/airflow/example_dags/example_branch_labels.py
[2024-03-21T01:29:14.127+0000] {processor.py:830} INFO - Processing file /home/airflow/.local/lib/python3.8/site-packages/airflow/example_dags/example_branch_labels.py for tasks to queue
[2024-03-21T01:29:14.131+0000] {logging_mixin.py:188} INFO - [2024-03-21T01:29:14.130+0000] {dagbag.py:540} INFO - Filling up the DagBag from /home/airflow/.local/lib/python3.8/site-packages/airflow/example_dags/example_branch_labels.py
[2024-03-21T01:29:14.140+0000] {processor.py:840} INFO - DAG(s) 'example_branch_labels' retrieved from /home/airflow/.local/lib/python3.8/site-packages/airflow/example_dags/example_branch_labels.py
[2024-03-21T01:29:14.176+0000] {logging_mixin.py:188} INFO - [2024-03-21T01:29:14.175+0000] {dag.py:3047} INFO - Sync 1 DAGs
[2024-03-21T01:29:14.232+0000] {logging_mixin.py:188} INFO - [2024-03-21T01:29:14.232+0000] {dag.py:3834} INFO - Setting next_dagrun for example_branch_labels to 2024-03-20 00:00:00+00:00, run_after=2024-03-21 00:00:00+00:00
[2024-03-21T01:29:14.276+0000] {processor.py:183} INFO - Processing /home/airflow/.local/lib/python3.8/site-packages/airflow/example_dags/example_branch_labels.py took 0.155 seconds
[2024-03-21T01:29:44.334+0000] {processor.py:161} INFO - Started process (PID=1812) to work on /home/airflow/.local/lib/python3.8/site-packages/airflow/example_dags/example_branch_labels.py
[2024-03-21T01:29:44.337+0000] {processor.py:830} INFO - Processing file /home/airflow/.local/lib/python3.8/site-packages/airflow/example_dags/example_branch_labels.py for tasks to queue
[2024-03-21T01:29:44.339+0000] {logging_mixin.py:188} INFO - [2024-03-21T01:29:44.338+0000] {dagbag.py:540} INFO - Filling up the DagBag from /home/airflow/.local/lib/python3.8/site-packages/airflow/example_dags/example_branch_labels.py
[2024-03-21T01:29:44.346+0000] {processor.py:840} INFO - DAG(s) 'example_branch_labels' retrieved from /home/airflow/.local/lib/python3.8/site-packages/airflow/example_dags/example_branch_labels.py
[2024-03-21T01:29:44.367+0000] {logging_mixin.py:188} INFO - [2024-03-21T01:29:44.367+0000] {dag.py:3047} INFO - Sync 1 DAGs
[2024-03-21T01:29:44.392+0000] {logging_mixin.py:188} INFO - [2024-03-21T01:29:44.392+0000] {dag.py:3834} INFO - Setting next_dagrun for example_branch_labels to 2024-03-20 00:00:00+00:00, run_after=2024-03-21 00:00:00+00:00
[2024-03-21T01:29:44.425+0000] {processor.py:183} INFO - Processing /home/airflow/.local/lib/python3.8/site-packages/airflow/example_dags/example_branch_labels.py took 0.093 seconds
[2024-03-21T01:30:14.694+0000] {processor.py:161} INFO - Started process (PID=1866) to work on /home/airflow/.local/lib/python3.8/site-packages/airflow/example_dags/example_branch_labels.py
[2024-03-21T01:30:14.697+0000] {processor.py:830} INFO - Processing file /home/airflow/.local/lib/python3.8/site-packages/airflow/example_dags/example_branch_labels.py for tasks to queue
[2024-03-21T01:30:14.699+0000] {logging_mixin.py:188} INFO - [2024-03-21T01:30:14.698+0000] {dagbag.py:540} INFO - Filling up the DagBag from /home/airflow/.local/lib/python3.8/site-packages/airflow/example_dags/example_branch_labels.py
[2024-03-21T01:30:14.707+0000] {processor.py:840} INFO - DAG(s) 'example_branch_labels' retrieved from /home/airflow/.local/lib/python3.8/site-packages/airflow/example_dags/example_branch_labels.py
[2024-03-21T01:30:14.732+0000] {logging_mixin.py:188} INFO - [2024-03-21T01:30:14.732+0000] {dag.py:3047} INFO - Sync 1 DAGs
[2024-03-21T01:30:14.756+0000] {logging_mixin.py:188} INFO - [2024-03-21T01:30:14.756+0000] {dag.py:3834} INFO - Setting next_dagrun for example_branch_labels to 2024-03-20 00:00:00+00:00, run_after=2024-03-21 00:00:00+00:00
[2024-03-21T01:30:14.782+0000] {processor.py:183} INFO - Processing /home/airflow/.local/lib/python3.8/site-packages/airflow/example_dags/example_branch_labels.py took 0.091 seconds
[2024-03-21T01:30:45.283+0000] {processor.py:161} INFO - Started process (PID=1921) to work on /home/airflow/.local/lib/python3.8/site-packages/airflow/example_dags/example_branch_labels.py
[2024-03-21T01:30:45.284+0000] {processor.py:830} INFO - Processing file /home/airflow/.local/lib/python3.8/site-packages/airflow/example_dags/example_branch_labels.py for tasks to queue
[2024-03-21T01:30:45.289+0000] {logging_mixin.py:188} INFO - [2024-03-21T01:30:45.289+0000] {dagbag.py:540} INFO - Filling up the DagBag from /home/airflow/.local/lib/python3.8/site-packages/airflow/example_dags/example_branch_labels.py
[2024-03-21T01:30:45.302+0000] {processor.py:840} INFO - DAG(s) 'example_branch_labels' retrieved from /home/airflow/.local/lib/python3.8/site-packages/airflow/example_dags/example_branch_labels.py
[2024-03-21T01:30:45.337+0000] {logging_mixin.py:188} INFO - [2024-03-21T01:30:45.337+0000] {dag.py:3047} INFO - Sync 1 DAGs
[2024-03-21T01:30:45.368+0000] {logging_mixin.py:188} INFO - [2024-03-21T01:30:45.368+0000] {dag.py:3834} INFO - Setting next_dagrun for example_branch_labels to 2024-03-20 00:00:00+00:00, run_after=2024-03-21 00:00:00+00:00
[2024-03-21T01:30:45.393+0000] {processor.py:183} INFO - Processing /home/airflow/.local/lib/python3.8/site-packages/airflow/example_dags/example_branch_labels.py took 0.115 seconds
[2024-03-21T01:31:15.926+0000] {processor.py:161} INFO - Started process (PID=1976) to work on /home/airflow/.local/lib/python3.8/site-packages/airflow/example_dags/example_branch_labels.py
[2024-03-21T01:31:15.928+0000] {processor.py:830} INFO - Processing file /home/airflow/.local/lib/python3.8/site-packages/airflow/example_dags/example_branch_labels.py for tasks to queue
[2024-03-21T01:31:15.930+0000] {logging_mixin.py:188} INFO - [2024-03-21T01:31:15.930+0000] {dagbag.py:540} INFO - Filling up the DagBag from /home/airflow/.local/lib/python3.8/site-packages/airflow/example_dags/example_branch_labels.py
[2024-03-21T01:31:15.940+0000] {processor.py:840} INFO - DAG(s) 'example_branch_labels' retrieved from /home/airflow/.local/lib/python3.8/site-packages/airflow/example_dags/example_branch_labels.py
[2024-03-21T01:31:15.963+0000] {logging_mixin.py:188} INFO - [2024-03-21T01:31:15.962+0000] {dag.py:3047} INFO - Sync 1 DAGs
[2024-03-21T01:31:15.988+0000] {logging_mixin.py:188} INFO - [2024-03-21T01:31:15.988+0000] {dag.py:3834} INFO - Setting next_dagrun for example_branch_labels to 2024-03-20 00:00:00+00:00, run_after=2024-03-21 00:00:00+00:00
[2024-03-21T01:31:16.014+0000] {processor.py:183} INFO - Processing /home/airflow/.local/lib/python3.8/site-packages/airflow/example_dags/example_branch_labels.py took 0.092 seconds
[2024-03-21T01:31:46.325+0000] {processor.py:161} INFO - Started process (PID=2031) to work on /home/airflow/.local/lib/python3.8/site-packages/airflow/example_dags/example_branch_labels.py
[2024-03-21T01:31:46.329+0000] {processor.py:830} INFO - Processing file /home/airflow/.local/lib/python3.8/site-packages/airflow/example_dags/example_branch_labels.py for tasks to queue
[2024-03-21T01:31:46.334+0000] {logging_mixin.py:188} INFO - [2024-03-21T01:31:46.333+0000] {dagbag.py:540} INFO - Filling up the DagBag from /home/airflow/.local/lib/python3.8/site-packages/airflow/example_dags/example_branch_labels.py
[2024-03-21T01:31:46.353+0000] {processor.py:840} INFO - DAG(s) 'example_branch_labels' retrieved from /home/airflow/.local/lib/python3.8/site-packages/airflow/example_dags/example_branch_labels.py
[2024-03-21T01:31:46.412+0000] {logging_mixin.py:188} INFO - [2024-03-21T01:31:46.411+0000] {dag.py:3047} INFO - Sync 1 DAGs
[2024-03-21T01:31:46.484+0000] {logging_mixin.py:188} INFO - [2024-03-21T01:31:46.483+0000] {dag.py:3834} INFO - Setting next_dagrun for example_branch_labels to 2024-03-20 00:00:00+00:00, run_after=2024-03-21 00:00:00+00:00
[2024-03-21T01:31:46.513+0000] {processor.py:183} INFO - Processing /home/airflow/.local/lib/python3.8/site-packages/airflow/example_dags/example_branch_labels.py took 0.194 seconds
