[2024-03-21T00:09:29.675+0000] {processor.py:161} INFO - Started process (PID=56) to work on /home/airflow/.local/lib/python3.8/site-packages/airflow/example_dags/example_skip_dag.py
[2024-03-21T00:09:29.677+0000] {processor.py:830} INFO - Processing file /home/airflow/.local/lib/python3.8/site-packages/airflow/example_dags/example_skip_dag.py for tasks to queue
[2024-03-21T00:09:29.681+0000] {logging_mixin.py:188} INFO - [2024-03-21T00:09:29.681+0000] {dagbag.py:540} INFO - Filling up the DagBag from /home/airflow/.local/lib/python3.8/site-packages/airflow/example_dags/example_skip_dag.py
[2024-03-21T00:09:29.707+0000] {processor.py:840} INFO - DAG(s) 'example_skip_dag' retrieved from /home/airflow/.local/lib/python3.8/site-packages/airflow/example_dags/example_skip_dag.py
[2024-03-21T00:09:29.736+0000] {logging_mixin.py:188} INFO - [2024-03-21T00:09:29.735+0000] {dag.py:3047} INFO - Sync 1 DAGs
[2024-03-21T00:09:29.807+0000] {logging_mixin.py:188} INFO - [2024-03-21T00:09:29.807+0000] {dag.py:3834} INFO - Setting next_dagrun for example_skip_dag to 2024-03-20 00:00:00+00:00, run_after=2024-03-21 00:00:00+00:00
[2024-03-21T00:09:29.985+0000] {processor.py:183} INFO - Processing /home/airflow/.local/lib/python3.8/site-packages/airflow/example_dags/example_skip_dag.py took 0.323 seconds
[2024-03-21T00:10:00.254+0000] {processor.py:161} INFO - Started process (PID=111) to work on /home/airflow/.local/lib/python3.8/site-packages/airflow/example_dags/example_skip_dag.py
[2024-03-21T00:10:00.256+0000] {processor.py:830} INFO - Processing file /home/airflow/.local/lib/python3.8/site-packages/airflow/example_dags/example_skip_dag.py for tasks to queue
[2024-03-21T00:10:00.257+0000] {logging_mixin.py:188} INFO - [2024-03-21T00:10:00.257+0000] {dagbag.py:540} INFO - Filling up the DagBag from /home/airflow/.local/lib/python3.8/site-packages/airflow/example_dags/example_skip_dag.py
[2024-03-21T00:10:00.265+0000] {processor.py:840} INFO - DAG(s) 'example_skip_dag' retrieved from /home/airflow/.local/lib/python3.8/site-packages/airflow/example_dags/example_skip_dag.py
[2024-03-21T00:10:00.403+0000] {logging_mixin.py:188} INFO - [2024-03-21T00:10:00.402+0000] {dag.py:3047} INFO - Sync 1 DAGs
[2024-03-21T00:10:00.426+0000] {logging_mixin.py:188} INFO - [2024-03-21T00:10:00.426+0000] {dag.py:3834} INFO - Setting next_dagrun for example_skip_dag to 2024-03-20 00:00:00+00:00, run_after=2024-03-21 00:00:00+00:00
[2024-03-21T00:10:00.451+0000] {processor.py:183} INFO - Processing /home/airflow/.local/lib/python3.8/site-packages/airflow/example_dags/example_skip_dag.py took 0.202 seconds
[2024-03-21T00:10:30.805+0000] {processor.py:161} INFO - Started process (PID=166) to work on /home/airflow/.local/lib/python3.8/site-packages/airflow/example_dags/example_skip_dag.py
[2024-03-21T00:10:30.807+0000] {processor.py:830} INFO - Processing file /home/airflow/.local/lib/python3.8/site-packages/airflow/example_dags/example_skip_dag.py for tasks to queue
[2024-03-21T00:10:30.811+0000] {logging_mixin.py:188} INFO - [2024-03-21T00:10:30.810+0000] {dagbag.py:540} INFO - Filling up the DagBag from /home/airflow/.local/lib/python3.8/site-packages/airflow/example_dags/example_skip_dag.py
[2024-03-21T00:10:30.822+0000] {processor.py:840} INFO - DAG(s) 'example_skip_dag' retrieved from /home/airflow/.local/lib/python3.8/site-packages/airflow/example_dags/example_skip_dag.py
[2024-03-21T00:10:30.852+0000] {logging_mixin.py:188} INFO - [2024-03-21T00:10:30.852+0000] {dag.py:3047} INFO - Sync 1 DAGs
[2024-03-21T00:10:30.881+0000] {logging_mixin.py:188} INFO - [2024-03-21T00:10:30.880+0000] {dag.py:3834} INFO - Setting next_dagrun for example_skip_dag to 2024-03-20 00:00:00+00:00, run_after=2024-03-21 00:00:00+00:00
[2024-03-21T00:10:30.909+0000] {processor.py:183} INFO - Processing /home/airflow/.local/lib/python3.8/site-packages/airflow/example_dags/example_skip_dag.py took 0.109 seconds
[2024-03-21T00:17:02.929+0000] {processor.py:161} INFO - Started process (PID=56) to work on /home/airflow/.local/lib/python3.8/site-packages/airflow/example_dags/example_skip_dag.py
[2024-03-21T00:17:02.931+0000] {processor.py:830} INFO - Processing file /home/airflow/.local/lib/python3.8/site-packages/airflow/example_dags/example_skip_dag.py for tasks to queue
[2024-03-21T00:17:02.936+0000] {logging_mixin.py:188} INFO - [2024-03-21T00:17:02.935+0000] {dagbag.py:540} INFO - Filling up the DagBag from /home/airflow/.local/lib/python3.8/site-packages/airflow/example_dags/example_skip_dag.py
[2024-03-21T00:17:02.961+0000] {processor.py:840} INFO - DAG(s) 'example_skip_dag' retrieved from /home/airflow/.local/lib/python3.8/site-packages/airflow/example_dags/example_skip_dag.py
[2024-03-21T00:17:03.292+0000] {logging_mixin.py:188} INFO - [2024-03-21T00:17:03.292+0000] {dag.py:3047} INFO - Sync 1 DAGs
[2024-03-21T00:17:03.358+0000] {logging_mixin.py:188} INFO - [2024-03-21T00:17:03.357+0000] {dag.py:3834} INFO - Setting next_dagrun for example_skip_dag to 2024-03-20 00:00:00+00:00, run_after=2024-03-21 00:00:00+00:00
[2024-03-21T00:17:03.411+0000] {processor.py:183} INFO - Processing /home/airflow/.local/lib/python3.8/site-packages/airflow/example_dags/example_skip_dag.py took 0.490 seconds
[2024-03-21T00:17:34.082+0000] {processor.py:161} INFO - Started process (PID=111) to work on /home/airflow/.local/lib/python3.8/site-packages/airflow/example_dags/example_skip_dag.py
[2024-03-21T00:17:34.084+0000] {processor.py:830} INFO - Processing file /home/airflow/.local/lib/python3.8/site-packages/airflow/example_dags/example_skip_dag.py for tasks to queue
[2024-03-21T00:17:34.085+0000] {logging_mixin.py:188} INFO - [2024-03-21T00:17:34.085+0000] {dagbag.py:540} INFO - Filling up the DagBag from /home/airflow/.local/lib/python3.8/site-packages/airflow/example_dags/example_skip_dag.py
[2024-03-21T00:17:34.092+0000] {processor.py:840} INFO - DAG(s) 'example_skip_dag' retrieved from /home/airflow/.local/lib/python3.8/site-packages/airflow/example_dags/example_skip_dag.py
[2024-03-21T00:17:34.117+0000] {logging_mixin.py:188} INFO - [2024-03-21T00:17:34.117+0000] {dag.py:3047} INFO - Sync 1 DAGs
[2024-03-21T00:17:34.141+0000] {logging_mixin.py:188} INFO - [2024-03-21T00:17:34.141+0000] {dag.py:3834} INFO - Setting next_dagrun for example_skip_dag to 2024-03-20 00:00:00+00:00, run_after=2024-03-21 00:00:00+00:00
[2024-03-21T00:17:34.164+0000] {processor.py:183} INFO - Processing /home/airflow/.local/lib/python3.8/site-packages/airflow/example_dags/example_skip_dag.py took 0.085 seconds
[2024-03-21T00:18:04.573+0000] {processor.py:161} INFO - Started process (PID=166) to work on /home/airflow/.local/lib/python3.8/site-packages/airflow/example_dags/example_skip_dag.py
[2024-03-21T00:18:04.574+0000] {processor.py:830} INFO - Processing file /home/airflow/.local/lib/python3.8/site-packages/airflow/example_dags/example_skip_dag.py for tasks to queue
[2024-03-21T00:18:04.576+0000] {logging_mixin.py:188} INFO - [2024-03-21T00:18:04.575+0000] {dagbag.py:540} INFO - Filling up the DagBag from /home/airflow/.local/lib/python3.8/site-packages/airflow/example_dags/example_skip_dag.py
[2024-03-21T00:18:04.582+0000] {processor.py:840} INFO - DAG(s) 'example_skip_dag' retrieved from /home/airflow/.local/lib/python3.8/site-packages/airflow/example_dags/example_skip_dag.py
[2024-03-21T00:18:04.606+0000] {logging_mixin.py:188} INFO - [2024-03-21T00:18:04.606+0000] {dag.py:3047} INFO - Sync 1 DAGs
[2024-03-21T00:18:04.628+0000] {logging_mixin.py:188} INFO - [2024-03-21T00:18:04.628+0000] {dag.py:3834} INFO - Setting next_dagrun for example_skip_dag to 2024-03-20 00:00:00+00:00, run_after=2024-03-21 00:00:00+00:00
[2024-03-21T00:18:04.652+0000] {processor.py:183} INFO - Processing /home/airflow/.local/lib/python3.8/site-packages/airflow/example_dags/example_skip_dag.py took 0.082 seconds
[2024-03-21T00:18:35.105+0000] {processor.py:161} INFO - Started process (PID=221) to work on /home/airflow/.local/lib/python3.8/site-packages/airflow/example_dags/example_skip_dag.py
[2024-03-21T00:18:35.107+0000] {processor.py:830} INFO - Processing file /home/airflow/.local/lib/python3.8/site-packages/airflow/example_dags/example_skip_dag.py for tasks to queue
[2024-03-21T00:18:35.108+0000] {logging_mixin.py:188} INFO - [2024-03-21T00:18:35.108+0000] {dagbag.py:540} INFO - Filling up the DagBag from /home/airflow/.local/lib/python3.8/site-packages/airflow/example_dags/example_skip_dag.py
[2024-03-21T00:18:35.117+0000] {processor.py:840} INFO - DAG(s) 'example_skip_dag' retrieved from /home/airflow/.local/lib/python3.8/site-packages/airflow/example_dags/example_skip_dag.py
[2024-03-21T00:18:35.141+0000] {logging_mixin.py:188} INFO - [2024-03-21T00:18:35.141+0000] {dag.py:3047} INFO - Sync 1 DAGs
[2024-03-21T00:18:35.167+0000] {logging_mixin.py:188} INFO - [2024-03-21T00:18:35.167+0000] {dag.py:3834} INFO - Setting next_dagrun for example_skip_dag to 2024-03-20 00:00:00+00:00, run_after=2024-03-21 00:00:00+00:00
[2024-03-21T00:18:35.190+0000] {processor.py:183} INFO - Processing /home/airflow/.local/lib/python3.8/site-packages/airflow/example_dags/example_skip_dag.py took 0.087 seconds
[2024-03-21T00:19:05.849+0000] {processor.py:161} INFO - Started process (PID=276) to work on /home/airflow/.local/lib/python3.8/site-packages/airflow/example_dags/example_skip_dag.py
[2024-03-21T00:19:05.850+0000] {processor.py:830} INFO - Processing file /home/airflow/.local/lib/python3.8/site-packages/airflow/example_dags/example_skip_dag.py for tasks to queue
[2024-03-21T00:19:05.852+0000] {logging_mixin.py:188} INFO - [2024-03-21T00:19:05.852+0000] {dagbag.py:540} INFO - Filling up the DagBag from /home/airflow/.local/lib/python3.8/site-packages/airflow/example_dags/example_skip_dag.py
[2024-03-21T00:19:05.859+0000] {processor.py:840} INFO - DAG(s) 'example_skip_dag' retrieved from /home/airflow/.local/lib/python3.8/site-packages/airflow/example_dags/example_skip_dag.py
[2024-03-21T00:19:05.885+0000] {logging_mixin.py:188} INFO - [2024-03-21T00:19:05.884+0000] {dag.py:3047} INFO - Sync 1 DAGs
[2024-03-21T00:19:05.908+0000] {logging_mixin.py:188} INFO - [2024-03-21T00:19:05.908+0000] {dag.py:3834} INFO - Setting next_dagrun for example_skip_dag to 2024-03-20 00:00:00+00:00, run_after=2024-03-21 00:00:00+00:00
[2024-03-21T00:19:05.932+0000] {processor.py:183} INFO - Processing /home/airflow/.local/lib/python3.8/site-packages/airflow/example_dags/example_skip_dag.py took 0.086 seconds
[2024-03-21T00:19:36.080+0000] {processor.py:161} INFO - Started process (PID=331) to work on /home/airflow/.local/lib/python3.8/site-packages/airflow/example_dags/example_skip_dag.py
[2024-03-21T00:19:36.081+0000] {processor.py:830} INFO - Processing file /home/airflow/.local/lib/python3.8/site-packages/airflow/example_dags/example_skip_dag.py for tasks to queue
[2024-03-21T00:19:36.083+0000] {logging_mixin.py:188} INFO - [2024-03-21T00:19:36.082+0000] {dagbag.py:540} INFO - Filling up the DagBag from /home/airflow/.local/lib/python3.8/site-packages/airflow/example_dags/example_skip_dag.py
[2024-03-21T00:19:36.089+0000] {processor.py:840} INFO - DAG(s) 'example_skip_dag' retrieved from /home/airflow/.local/lib/python3.8/site-packages/airflow/example_dags/example_skip_dag.py
[2024-03-21T00:19:36.113+0000] {logging_mixin.py:188} INFO - [2024-03-21T00:19:36.112+0000] {dag.py:3047} INFO - Sync 1 DAGs
[2024-03-21T00:19:36.137+0000] {logging_mixin.py:188} INFO - [2024-03-21T00:19:36.137+0000] {dag.py:3834} INFO - Setting next_dagrun for example_skip_dag to 2024-03-20 00:00:00+00:00, run_after=2024-03-21 00:00:00+00:00
[2024-03-21T00:19:36.160+0000] {processor.py:183} INFO - Processing /home/airflow/.local/lib/python3.8/site-packages/airflow/example_dags/example_skip_dag.py took 0.085 seconds
[2024-03-21T00:20:06.597+0000] {processor.py:161} INFO - Started process (PID=386) to work on /home/airflow/.local/lib/python3.8/site-packages/airflow/example_dags/example_skip_dag.py
[2024-03-21T00:20:06.599+0000] {processor.py:830} INFO - Processing file /home/airflow/.local/lib/python3.8/site-packages/airflow/example_dags/example_skip_dag.py for tasks to queue
[2024-03-21T00:20:06.601+0000] {logging_mixin.py:188} INFO - [2024-03-21T00:20:06.601+0000] {dagbag.py:540} INFO - Filling up the DagBag from /home/airflow/.local/lib/python3.8/site-packages/airflow/example_dags/example_skip_dag.py
[2024-03-21T00:20:06.608+0000] {processor.py:840} INFO - DAG(s) 'example_skip_dag' retrieved from /home/airflow/.local/lib/python3.8/site-packages/airflow/example_dags/example_skip_dag.py
[2024-03-21T00:20:06.632+0000] {logging_mixin.py:188} INFO - [2024-03-21T00:20:06.632+0000] {dag.py:3047} INFO - Sync 1 DAGs
[2024-03-21T00:20:06.654+0000] {logging_mixin.py:188} INFO - [2024-03-21T00:20:06.653+0000] {dag.py:3834} INFO - Setting next_dagrun for example_skip_dag to 2024-03-20 00:00:00+00:00, run_after=2024-03-21 00:00:00+00:00
[2024-03-21T00:20:06.675+0000] {processor.py:183} INFO - Processing /home/airflow/.local/lib/python3.8/site-packages/airflow/example_dags/example_skip_dag.py took 0.082 seconds
[2024-03-21T00:20:36.926+0000] {processor.py:161} INFO - Started process (PID=441) to work on /home/airflow/.local/lib/python3.8/site-packages/airflow/example_dags/example_skip_dag.py
[2024-03-21T00:20:36.929+0000] {processor.py:830} INFO - Processing file /home/airflow/.local/lib/python3.8/site-packages/airflow/example_dags/example_skip_dag.py for tasks to queue
[2024-03-21T00:20:36.930+0000] {logging_mixin.py:188} INFO - [2024-03-21T00:20:36.930+0000] {dagbag.py:540} INFO - Filling up the DagBag from /home/airflow/.local/lib/python3.8/site-packages/airflow/example_dags/example_skip_dag.py
[2024-03-21T00:20:36.937+0000] {processor.py:840} INFO - DAG(s) 'example_skip_dag' retrieved from /home/airflow/.local/lib/python3.8/site-packages/airflow/example_dags/example_skip_dag.py
[2024-03-21T00:20:36.959+0000] {logging_mixin.py:188} INFO - [2024-03-21T00:20:36.959+0000] {dag.py:3047} INFO - Sync 1 DAGs
[2024-03-21T00:20:36.981+0000] {logging_mixin.py:188} INFO - [2024-03-21T00:20:36.981+0000] {dag.py:3834} INFO - Setting next_dagrun for example_skip_dag to 2024-03-20 00:00:00+00:00, run_after=2024-03-21 00:00:00+00:00
[2024-03-21T00:20:37.003+0000] {processor.py:183} INFO - Processing /home/airflow/.local/lib/python3.8/site-packages/airflow/example_dags/example_skip_dag.py took 0.079 seconds
[2024-03-21T00:21:07.213+0000] {processor.py:161} INFO - Started process (PID=496) to work on /home/airflow/.local/lib/python3.8/site-packages/airflow/example_dags/example_skip_dag.py
[2024-03-21T00:21:07.215+0000] {processor.py:830} INFO - Processing file /home/airflow/.local/lib/python3.8/site-packages/airflow/example_dags/example_skip_dag.py for tasks to queue
[2024-03-21T00:21:07.217+0000] {logging_mixin.py:188} INFO - [2024-03-21T00:21:07.217+0000] {dagbag.py:540} INFO - Filling up the DagBag from /home/airflow/.local/lib/python3.8/site-packages/airflow/example_dags/example_skip_dag.py
[2024-03-21T00:21:07.223+0000] {processor.py:840} INFO - DAG(s) 'example_skip_dag' retrieved from /home/airflow/.local/lib/python3.8/site-packages/airflow/example_dags/example_skip_dag.py
[2024-03-21T00:21:07.246+0000] {logging_mixin.py:188} INFO - [2024-03-21T00:21:07.246+0000] {dag.py:3047} INFO - Sync 1 DAGs
[2024-03-21T00:21:07.269+0000] {logging_mixin.py:188} INFO - [2024-03-21T00:21:07.269+0000] {dag.py:3834} INFO - Setting next_dagrun for example_skip_dag to 2024-03-20 00:00:00+00:00, run_after=2024-03-21 00:00:00+00:00
[2024-03-21T00:21:07.294+0000] {processor.py:183} INFO - Processing /home/airflow/.local/lib/python3.8/site-packages/airflow/example_dags/example_skip_dag.py took 0.084 seconds
[2024-03-21T00:21:37.598+0000] {processor.py:161} INFO - Started process (PID=551) to work on /home/airflow/.local/lib/python3.8/site-packages/airflow/example_dags/example_skip_dag.py
[2024-03-21T00:21:37.600+0000] {processor.py:830} INFO - Processing file /home/airflow/.local/lib/python3.8/site-packages/airflow/example_dags/example_skip_dag.py for tasks to queue
[2024-03-21T00:21:37.602+0000] {logging_mixin.py:188} INFO - [2024-03-21T00:21:37.601+0000] {dagbag.py:540} INFO - Filling up the DagBag from /home/airflow/.local/lib/python3.8/site-packages/airflow/example_dags/example_skip_dag.py
[2024-03-21T00:21:37.608+0000] {processor.py:840} INFO - DAG(s) 'example_skip_dag' retrieved from /home/airflow/.local/lib/python3.8/site-packages/airflow/example_dags/example_skip_dag.py
[2024-03-21T00:21:37.631+0000] {logging_mixin.py:188} INFO - [2024-03-21T00:21:37.631+0000] {dag.py:3047} INFO - Sync 1 DAGs
[2024-03-21T00:21:37.653+0000] {logging_mixin.py:188} INFO - [2024-03-21T00:21:37.653+0000] {dag.py:3834} INFO - Setting next_dagrun for example_skip_dag to 2024-03-20 00:00:00+00:00, run_after=2024-03-21 00:00:00+00:00
[2024-03-21T00:21:37.678+0000] {processor.py:183} INFO - Processing /home/airflow/.local/lib/python3.8/site-packages/airflow/example_dags/example_skip_dag.py took 0.083 seconds
[2024-03-21T01:13:19.199+0000] {processor.py:161} INFO - Started process (PID=45) to work on /home/airflow/.local/lib/python3.8/site-packages/airflow/example_dags/example_skip_dag.py
[2024-03-21T01:13:19.201+0000] {processor.py:830} INFO - Processing file /home/airflow/.local/lib/python3.8/site-packages/airflow/example_dags/example_skip_dag.py for tasks to queue
[2024-03-21T01:13:19.203+0000] {logging_mixin.py:188} INFO - [2024-03-21T01:13:19.203+0000] {dagbag.py:540} INFO - Filling up the DagBag from /home/airflow/.local/lib/python3.8/site-packages/airflow/example_dags/example_skip_dag.py
[2024-03-21T01:13:19.216+0000] {processor.py:840} INFO - DAG(s) 'example_skip_dag' retrieved from /home/airflow/.local/lib/python3.8/site-packages/airflow/example_dags/example_skip_dag.py
[2024-03-21T01:13:19.248+0000] {logging_mixin.py:188} INFO - [2024-03-21T01:13:19.248+0000] {dag.py:3047} INFO - Sync 1 DAGs
[2024-03-21T01:13:19.287+0000] {logging_mixin.py:188} INFO - [2024-03-21T01:13:19.287+0000] {dag.py:3834} INFO - Setting next_dagrun for example_skip_dag to 2024-03-20 00:00:00+00:00, run_after=2024-03-21 00:00:00+00:00
[2024-03-21T01:13:19.323+0000] {processor.py:183} INFO - Processing /home/airflow/.local/lib/python3.8/site-packages/airflow/example_dags/example_skip_dag.py took 0.128 seconds
[2024-03-21T01:13:49.790+0000] {processor.py:161} INFO - Started process (PID=100) to work on /home/airflow/.local/lib/python3.8/site-packages/airflow/example_dags/example_skip_dag.py
[2024-03-21T01:13:49.792+0000] {processor.py:830} INFO - Processing file /home/airflow/.local/lib/python3.8/site-packages/airflow/example_dags/example_skip_dag.py for tasks to queue
[2024-03-21T01:13:49.793+0000] {logging_mixin.py:188} INFO - [2024-03-21T01:13:49.793+0000] {dagbag.py:540} INFO - Filling up the DagBag from /home/airflow/.local/lib/python3.8/site-packages/airflow/example_dags/example_skip_dag.py
[2024-03-21T01:13:49.800+0000] {processor.py:840} INFO - DAG(s) 'example_skip_dag' retrieved from /home/airflow/.local/lib/python3.8/site-packages/airflow/example_dags/example_skip_dag.py
[2024-03-21T01:13:49.823+0000] {logging_mixin.py:188} INFO - [2024-03-21T01:13:49.822+0000] {dag.py:3047} INFO - Sync 1 DAGs
[2024-03-21T01:13:49.844+0000] {logging_mixin.py:188} INFO - [2024-03-21T01:13:49.844+0000] {dag.py:3834} INFO - Setting next_dagrun for example_skip_dag to 2024-03-20 00:00:00+00:00, run_after=2024-03-21 00:00:00+00:00
[2024-03-21T01:13:49.864+0000] {processor.py:183} INFO - Processing /home/airflow/.local/lib/python3.8/site-packages/airflow/example_dags/example_skip_dag.py took 0.078 seconds
[2024-03-21T01:14:20.455+0000] {processor.py:161} INFO - Started process (PID=155) to work on /home/airflow/.local/lib/python3.8/site-packages/airflow/example_dags/example_skip_dag.py
[2024-03-21T01:14:20.456+0000] {processor.py:830} INFO - Processing file /home/airflow/.local/lib/python3.8/site-packages/airflow/example_dags/example_skip_dag.py for tasks to queue
[2024-03-21T01:14:20.458+0000] {logging_mixin.py:188} INFO - [2024-03-21T01:14:20.458+0000] {dagbag.py:540} INFO - Filling up the DagBag from /home/airflow/.local/lib/python3.8/site-packages/airflow/example_dags/example_skip_dag.py
[2024-03-21T01:14:20.465+0000] {processor.py:840} INFO - DAG(s) 'example_skip_dag' retrieved from /home/airflow/.local/lib/python3.8/site-packages/airflow/example_dags/example_skip_dag.py
[2024-03-21T01:14:20.485+0000] {logging_mixin.py:188} INFO - [2024-03-21T01:14:20.485+0000] {dag.py:3047} INFO - Sync 1 DAGs
[2024-03-21T01:14:20.507+0000] {logging_mixin.py:188} INFO - [2024-03-21T01:14:20.506+0000] {dag.py:3834} INFO - Setting next_dagrun for example_skip_dag to 2024-03-20 00:00:00+00:00, run_after=2024-03-21 00:00:00+00:00
[2024-03-21T01:14:20.528+0000] {processor.py:183} INFO - Processing /home/airflow/.local/lib/python3.8/site-packages/airflow/example_dags/example_skip_dag.py took 0.076 seconds
[2024-03-21T01:14:51.095+0000] {processor.py:161} INFO - Started process (PID=210) to work on /home/airflow/.local/lib/python3.8/site-packages/airflow/example_dags/example_skip_dag.py
[2024-03-21T01:14:51.096+0000] {processor.py:830} INFO - Processing file /home/airflow/.local/lib/python3.8/site-packages/airflow/example_dags/example_skip_dag.py for tasks to queue
[2024-03-21T01:14:51.098+0000] {logging_mixin.py:188} INFO - [2024-03-21T01:14:51.097+0000] {dagbag.py:540} INFO - Filling up the DagBag from /home/airflow/.local/lib/python3.8/site-packages/airflow/example_dags/example_skip_dag.py
[2024-03-21T01:14:51.105+0000] {processor.py:840} INFO - DAG(s) 'example_skip_dag' retrieved from /home/airflow/.local/lib/python3.8/site-packages/airflow/example_dags/example_skip_dag.py
[2024-03-21T01:14:51.132+0000] {logging_mixin.py:188} INFO - [2024-03-21T01:14:51.132+0000] {dag.py:3047} INFO - Sync 1 DAGs
[2024-03-21T01:14:51.159+0000] {logging_mixin.py:188} INFO - [2024-03-21T01:14:51.158+0000] {dag.py:3834} INFO - Setting next_dagrun for example_skip_dag to 2024-03-20 00:00:00+00:00, run_after=2024-03-21 00:00:00+00:00
[2024-03-21T01:14:51.184+0000] {processor.py:183} INFO - Processing /home/airflow/.local/lib/python3.8/site-packages/airflow/example_dags/example_skip_dag.py took 0.092 seconds
[2024-03-21T01:15:24.527+0000] {processor.py:161} INFO - Started process (PID=265) to work on /home/airflow/.local/lib/python3.8/site-packages/airflow/example_dags/example_skip_dag.py
[2024-03-21T01:15:24.529+0000] {processor.py:830} INFO - Processing file /home/airflow/.local/lib/python3.8/site-packages/airflow/example_dags/example_skip_dag.py for tasks to queue
[2024-03-21T01:15:24.533+0000] {logging_mixin.py:188} INFO - [2024-03-21T01:15:24.533+0000] {dagbag.py:540} INFO - Filling up the DagBag from /home/airflow/.local/lib/python3.8/site-packages/airflow/example_dags/example_skip_dag.py
[2024-03-21T01:15:24.550+0000] {processor.py:840} INFO - DAG(s) 'example_skip_dag' retrieved from /home/airflow/.local/lib/python3.8/site-packages/airflow/example_dags/example_skip_dag.py
[2024-03-21T01:15:24.601+0000] {logging_mixin.py:188} INFO - [2024-03-21T01:15:24.600+0000] {dag.py:3047} INFO - Sync 1 DAGs
[2024-03-21T01:15:24.659+0000] {logging_mixin.py:188} INFO - [2024-03-21T01:15:24.659+0000] {dag.py:3834} INFO - Setting next_dagrun for example_skip_dag to 2024-03-20 00:00:00+00:00, run_after=2024-03-21 00:00:00+00:00
[2024-03-21T01:15:24.721+0000] {processor.py:183} INFO - Processing /home/airflow/.local/lib/python3.8/site-packages/airflow/example_dags/example_skip_dag.py took 0.203 seconds
[2024-03-21T01:15:55.661+0000] {processor.py:161} INFO - Started process (PID=320) to work on /home/airflow/.local/lib/python3.8/site-packages/airflow/example_dags/example_skip_dag.py
[2024-03-21T01:15:55.662+0000] {processor.py:830} INFO - Processing file /home/airflow/.local/lib/python3.8/site-packages/airflow/example_dags/example_skip_dag.py for tasks to queue
[2024-03-21T01:15:55.663+0000] {logging_mixin.py:188} INFO - [2024-03-21T01:15:55.663+0000] {dagbag.py:540} INFO - Filling up the DagBag from /home/airflow/.local/lib/python3.8/site-packages/airflow/example_dags/example_skip_dag.py
[2024-03-21T01:15:55.670+0000] {processor.py:840} INFO - DAG(s) 'example_skip_dag' retrieved from /home/airflow/.local/lib/python3.8/site-packages/airflow/example_dags/example_skip_dag.py
[2024-03-21T01:15:55.682+0000] {logging_mixin.py:188} INFO - [2024-03-21T01:15:55.682+0000] {dag.py:3047} INFO - Sync 1 DAGs
[2024-03-21T01:15:55.705+0000] {logging_mixin.py:188} INFO - [2024-03-21T01:15:55.705+0000] {dag.py:3834} INFO - Setting next_dagrun for example_skip_dag to 2024-03-20 00:00:00+00:00, run_after=2024-03-21 00:00:00+00:00
[2024-03-21T01:15:55.730+0000] {processor.py:183} INFO - Processing /home/airflow/.local/lib/python3.8/site-packages/airflow/example_dags/example_skip_dag.py took 0.073 seconds
[2024-03-21T01:16:25.812+0000] {processor.py:161} INFO - Started process (PID=374) to work on /home/airflow/.local/lib/python3.8/site-packages/airflow/example_dags/example_skip_dag.py
[2024-03-21T01:16:25.813+0000] {processor.py:830} INFO - Processing file /home/airflow/.local/lib/python3.8/site-packages/airflow/example_dags/example_skip_dag.py for tasks to queue
[2024-03-21T01:16:25.815+0000] {logging_mixin.py:188} INFO - [2024-03-21T01:16:25.814+0000] {dagbag.py:540} INFO - Filling up the DagBag from /home/airflow/.local/lib/python3.8/site-packages/airflow/example_dags/example_skip_dag.py
[2024-03-21T01:16:25.823+0000] {processor.py:840} INFO - DAG(s) 'example_skip_dag' retrieved from /home/airflow/.local/lib/python3.8/site-packages/airflow/example_dags/example_skip_dag.py
[2024-03-21T01:16:25.940+0000] {logging_mixin.py:188} INFO - [2024-03-21T01:16:25.940+0000] {dag.py:3047} INFO - Sync 1 DAGs
[2024-03-21T01:16:25.965+0000] {logging_mixin.py:188} INFO - [2024-03-21T01:16:25.965+0000] {dag.py:3834} INFO - Setting next_dagrun for example_skip_dag to 2024-03-20 00:00:00+00:00, run_after=2024-03-21 00:00:00+00:00
[2024-03-21T01:16:25.990+0000] {processor.py:183} INFO - Processing /home/airflow/.local/lib/python3.8/site-packages/airflow/example_dags/example_skip_dag.py took 0.182 seconds
[2024-03-21T01:16:58.081+0000] {processor.py:161} INFO - Started process (PID=429) to work on /home/airflow/.local/lib/python3.8/site-packages/airflow/example_dags/example_skip_dag.py
[2024-03-21T01:16:58.084+0000] {processor.py:830} INFO - Processing file /home/airflow/.local/lib/python3.8/site-packages/airflow/example_dags/example_skip_dag.py for tasks to queue
[2024-03-21T01:16:58.092+0000] {logging_mixin.py:188} INFO - [2024-03-21T01:16:58.088+0000] {dagbag.py:540} INFO - Filling up the DagBag from /home/airflow/.local/lib/python3.8/site-packages/airflow/example_dags/example_skip_dag.py
[2024-03-21T01:16:58.120+0000] {processor.py:840} INFO - DAG(s) 'example_skip_dag' retrieved from /home/airflow/.local/lib/python3.8/site-packages/airflow/example_dags/example_skip_dag.py
[2024-03-21T01:16:58.311+0000] {logging_mixin.py:188} INFO - [2024-03-21T01:16:58.310+0000] {dag.py:3047} INFO - Sync 1 DAGs
[2024-03-21T01:16:58.546+0000] {logging_mixin.py:188} INFO - [2024-03-21T01:16:58.546+0000] {dag.py:3834} INFO - Setting next_dagrun for example_skip_dag to 2024-03-20 00:00:00+00:00, run_after=2024-03-21 00:00:00+00:00
[2024-03-21T01:16:58.962+0000] {processor.py:183} INFO - Processing /home/airflow/.local/lib/python3.8/site-packages/airflow/example_dags/example_skip_dag.py took 0.894 seconds
[2024-03-21T01:17:29.049+0000] {processor.py:161} INFO - Started process (PID=489) to work on /home/airflow/.local/lib/python3.8/site-packages/airflow/example_dags/example_skip_dag.py
[2024-03-21T01:17:29.051+0000] {processor.py:830} INFO - Processing file /home/airflow/.local/lib/python3.8/site-packages/airflow/example_dags/example_skip_dag.py for tasks to queue
[2024-03-21T01:17:29.053+0000] {logging_mixin.py:188} INFO - [2024-03-21T01:17:29.053+0000] {dagbag.py:540} INFO - Filling up the DagBag from /home/airflow/.local/lib/python3.8/site-packages/airflow/example_dags/example_skip_dag.py
[2024-03-21T01:17:29.065+0000] {processor.py:840} INFO - DAG(s) 'example_skip_dag' retrieved from /home/airflow/.local/lib/python3.8/site-packages/airflow/example_dags/example_skip_dag.py
[2024-03-21T01:17:29.102+0000] {logging_mixin.py:188} INFO - [2024-03-21T01:17:29.101+0000] {dag.py:3047} INFO - Sync 1 DAGs
[2024-03-21T01:17:29.146+0000] {logging_mixin.py:188} INFO - [2024-03-21T01:17:29.145+0000] {dag.py:3834} INFO - Setting next_dagrun for example_skip_dag to 2024-03-20 00:00:00+00:00, run_after=2024-03-21 00:00:00+00:00
[2024-03-21T01:17:29.185+0000] {processor.py:183} INFO - Processing /home/airflow/.local/lib/python3.8/site-packages/airflow/example_dags/example_skip_dag.py took 0.141 seconds
[2024-03-21T01:17:59.382+0000] {processor.py:161} INFO - Started process (PID=544) to work on /home/airflow/.local/lib/python3.8/site-packages/airflow/example_dags/example_skip_dag.py
[2024-03-21T01:17:59.383+0000] {processor.py:830} INFO - Processing file /home/airflow/.local/lib/python3.8/site-packages/airflow/example_dags/example_skip_dag.py for tasks to queue
[2024-03-21T01:17:59.385+0000] {logging_mixin.py:188} INFO - [2024-03-21T01:17:59.385+0000] {dagbag.py:540} INFO - Filling up the DagBag from /home/airflow/.local/lib/python3.8/site-packages/airflow/example_dags/example_skip_dag.py
[2024-03-21T01:17:59.393+0000] {processor.py:840} INFO - DAG(s) 'example_skip_dag' retrieved from /home/airflow/.local/lib/python3.8/site-packages/airflow/example_dags/example_skip_dag.py
[2024-03-21T01:17:59.417+0000] {logging_mixin.py:188} INFO - [2024-03-21T01:17:59.417+0000] {dag.py:3047} INFO - Sync 1 DAGs
[2024-03-21T01:17:59.449+0000] {logging_mixin.py:188} INFO - [2024-03-21T01:17:59.448+0000] {dag.py:3834} INFO - Setting next_dagrun for example_skip_dag to 2024-03-20 00:00:00+00:00, run_after=2024-03-21 00:00:00+00:00
[2024-03-21T01:17:59.477+0000] {processor.py:183} INFO - Processing /home/airflow/.local/lib/python3.8/site-packages/airflow/example_dags/example_skip_dag.py took 0.098 seconds
[2024-03-21T01:18:30.280+0000] {processor.py:161} INFO - Started process (PID=599) to work on /home/airflow/.local/lib/python3.8/site-packages/airflow/example_dags/example_skip_dag.py
[2024-03-21T01:18:30.281+0000] {processor.py:830} INFO - Processing file /home/airflow/.local/lib/python3.8/site-packages/airflow/example_dags/example_skip_dag.py for tasks to queue
[2024-03-21T01:18:30.283+0000] {logging_mixin.py:188} INFO - [2024-03-21T01:18:30.283+0000] {dagbag.py:540} INFO - Filling up the DagBag from /home/airflow/.local/lib/python3.8/site-packages/airflow/example_dags/example_skip_dag.py
[2024-03-21T01:18:30.292+0000] {processor.py:840} INFO - DAG(s) 'example_skip_dag' retrieved from /home/airflow/.local/lib/python3.8/site-packages/airflow/example_dags/example_skip_dag.py
[2024-03-21T01:18:30.319+0000] {logging_mixin.py:188} INFO - [2024-03-21T01:18:30.318+0000] {dag.py:3047} INFO - Sync 1 DAGs
[2024-03-21T01:18:30.346+0000] {logging_mixin.py:188} INFO - [2024-03-21T01:18:30.346+0000] {dag.py:3834} INFO - Setting next_dagrun for example_skip_dag to 2024-03-20 00:00:00+00:00, run_after=2024-03-21 00:00:00+00:00
[2024-03-21T01:18:30.376+0000] {processor.py:183} INFO - Processing /home/airflow/.local/lib/python3.8/site-packages/airflow/example_dags/example_skip_dag.py took 0.099 seconds
[2024-03-21T01:19:00.940+0000] {processor.py:161} INFO - Started process (PID=654) to work on /home/airflow/.local/lib/python3.8/site-packages/airflow/example_dags/example_skip_dag.py
[2024-03-21T01:19:00.941+0000] {processor.py:830} INFO - Processing file /home/airflow/.local/lib/python3.8/site-packages/airflow/example_dags/example_skip_dag.py for tasks to queue
[2024-03-21T01:19:00.944+0000] {logging_mixin.py:188} INFO - [2024-03-21T01:19:00.943+0000] {dagbag.py:540} INFO - Filling up the DagBag from /home/airflow/.local/lib/python3.8/site-packages/airflow/example_dags/example_skip_dag.py
[2024-03-21T01:19:00.953+0000] {processor.py:840} INFO - DAG(s) 'example_skip_dag' retrieved from /home/airflow/.local/lib/python3.8/site-packages/airflow/example_dags/example_skip_dag.py
[2024-03-21T01:19:00.989+0000] {logging_mixin.py:188} INFO - [2024-03-21T01:19:00.988+0000] {dag.py:3047} INFO - Sync 1 DAGs
[2024-03-21T01:19:01.029+0000] {logging_mixin.py:188} INFO - [2024-03-21T01:19:01.029+0000] {dag.py:3834} INFO - Setting next_dagrun for example_skip_dag to 2024-03-20 00:00:00+00:00, run_after=2024-03-21 00:00:00+00:00
[2024-03-21T01:19:01.065+0000] {processor.py:183} INFO - Processing /home/airflow/.local/lib/python3.8/site-packages/airflow/example_dags/example_skip_dag.py took 0.131 seconds
[2024-03-21T01:19:31.519+0000] {processor.py:161} INFO - Started process (PID=710) to work on /home/airflow/.local/lib/python3.8/site-packages/airflow/example_dags/example_skip_dag.py
[2024-03-21T01:19:31.520+0000] {processor.py:830} INFO - Processing file /home/airflow/.local/lib/python3.8/site-packages/airflow/example_dags/example_skip_dag.py for tasks to queue
[2024-03-21T01:19:31.523+0000] {logging_mixin.py:188} INFO - [2024-03-21T01:19:31.522+0000] {dagbag.py:540} INFO - Filling up the DagBag from /home/airflow/.local/lib/python3.8/site-packages/airflow/example_dags/example_skip_dag.py
[2024-03-21T01:19:31.532+0000] {processor.py:840} INFO - DAG(s) 'example_skip_dag' retrieved from /home/airflow/.local/lib/python3.8/site-packages/airflow/example_dags/example_skip_dag.py
[2024-03-21T01:19:31.564+0000] {logging_mixin.py:188} INFO - [2024-03-21T01:19:31.564+0000] {dag.py:3047} INFO - Sync 1 DAGs
[2024-03-21T01:19:31.600+0000] {logging_mixin.py:188} INFO - [2024-03-21T01:19:31.600+0000] {dag.py:3834} INFO - Setting next_dagrun for example_skip_dag to 2024-03-20 00:00:00+00:00, run_after=2024-03-21 00:00:00+00:00
[2024-03-21T01:19:31.641+0000] {processor.py:183} INFO - Processing /home/airflow/.local/lib/python3.8/site-packages/airflow/example_dags/example_skip_dag.py took 0.126 seconds
[2024-03-21T01:20:01.912+0000] {processor.py:161} INFO - Started process (PID=765) to work on /home/airflow/.local/lib/python3.8/site-packages/airflow/example_dags/example_skip_dag.py
[2024-03-21T01:20:01.913+0000] {processor.py:830} INFO - Processing file /home/airflow/.local/lib/python3.8/site-packages/airflow/example_dags/example_skip_dag.py for tasks to queue
[2024-03-21T01:20:01.914+0000] {logging_mixin.py:188} INFO - [2024-03-21T01:20:01.914+0000] {dagbag.py:540} INFO - Filling up the DagBag from /home/airflow/.local/lib/python3.8/site-packages/airflow/example_dags/example_skip_dag.py
[2024-03-21T01:20:01.921+0000] {processor.py:840} INFO - DAG(s) 'example_skip_dag' retrieved from /home/airflow/.local/lib/python3.8/site-packages/airflow/example_dags/example_skip_dag.py
[2024-03-21T01:20:01.944+0000] {logging_mixin.py:188} INFO - [2024-03-21T01:20:01.944+0000] {dag.py:3047} INFO - Sync 1 DAGs
[2024-03-21T01:20:01.966+0000] {logging_mixin.py:188} INFO - [2024-03-21T01:20:01.966+0000] {dag.py:3834} INFO - Setting next_dagrun for example_skip_dag to 2024-03-20 00:00:00+00:00, run_after=2024-03-21 00:00:00+00:00
[2024-03-21T01:20:01.988+0000] {processor.py:183} INFO - Processing /home/airflow/.local/lib/python3.8/site-packages/airflow/example_dags/example_skip_dag.py took 0.080 seconds
[2024-03-21T01:20:32.260+0000] {processor.py:161} INFO - Started process (PID=820) to work on /home/airflow/.local/lib/python3.8/site-packages/airflow/example_dags/example_skip_dag.py
[2024-03-21T01:20:32.261+0000] {processor.py:830} INFO - Processing file /home/airflow/.local/lib/python3.8/site-packages/airflow/example_dags/example_skip_dag.py for tasks to queue
[2024-03-21T01:20:32.263+0000] {logging_mixin.py:188} INFO - [2024-03-21T01:20:32.262+0000] {dagbag.py:540} INFO - Filling up the DagBag from /home/airflow/.local/lib/python3.8/site-packages/airflow/example_dags/example_skip_dag.py
[2024-03-21T01:20:32.269+0000] {processor.py:840} INFO - DAG(s) 'example_skip_dag' retrieved from /home/airflow/.local/lib/python3.8/site-packages/airflow/example_dags/example_skip_dag.py
[2024-03-21T01:20:32.293+0000] {logging_mixin.py:188} INFO - [2024-03-21T01:20:32.292+0000] {dag.py:3047} INFO - Sync 1 DAGs
[2024-03-21T01:20:32.322+0000] {logging_mixin.py:188} INFO - [2024-03-21T01:20:32.322+0000] {dag.py:3834} INFO - Setting next_dagrun for example_skip_dag to 2024-03-20 00:00:00+00:00, run_after=2024-03-21 00:00:00+00:00
[2024-03-21T01:20:32.350+0000] {processor.py:183} INFO - Processing /home/airflow/.local/lib/python3.8/site-packages/airflow/example_dags/example_skip_dag.py took 0.094 seconds
[2024-03-21T01:21:03.077+0000] {processor.py:161} INFO - Started process (PID=874) to work on /home/airflow/.local/lib/python3.8/site-packages/airflow/example_dags/example_skip_dag.py
[2024-03-21T01:21:03.078+0000] {processor.py:830} INFO - Processing file /home/airflow/.local/lib/python3.8/site-packages/airflow/example_dags/example_skip_dag.py for tasks to queue
[2024-03-21T01:21:03.080+0000] {logging_mixin.py:188} INFO - [2024-03-21T01:21:03.080+0000] {dagbag.py:540} INFO - Filling up the DagBag from /home/airflow/.local/lib/python3.8/site-packages/airflow/example_dags/example_skip_dag.py
[2024-03-21T01:21:03.090+0000] {processor.py:840} INFO - DAG(s) 'example_skip_dag' retrieved from /home/airflow/.local/lib/python3.8/site-packages/airflow/example_dags/example_skip_dag.py
[2024-03-21T01:21:03.117+0000] {logging_mixin.py:188} INFO - [2024-03-21T01:21:03.117+0000] {dag.py:3047} INFO - Sync 1 DAGs
[2024-03-21T01:21:03.146+0000] {logging_mixin.py:188} INFO - [2024-03-21T01:21:03.146+0000] {dag.py:3834} INFO - Setting next_dagrun for example_skip_dag to 2024-03-20 00:00:00+00:00, run_after=2024-03-21 00:00:00+00:00
[2024-03-21T01:21:03.174+0000] {processor.py:183} INFO - Processing /home/airflow/.local/lib/python3.8/site-packages/airflow/example_dags/example_skip_dag.py took 0.102 seconds
[2024-03-21T01:21:36.652+0000] {processor.py:161} INFO - Started process (PID=929) to work on /home/airflow/.local/lib/python3.8/site-packages/airflow/example_dags/example_skip_dag.py
[2024-03-21T01:21:36.654+0000] {processor.py:830} INFO - Processing file /home/airflow/.local/lib/python3.8/site-packages/airflow/example_dags/example_skip_dag.py for tasks to queue
[2024-03-21T01:21:36.658+0000] {logging_mixin.py:188} INFO - [2024-03-21T01:21:36.657+0000] {dagbag.py:540} INFO - Filling up the DagBag from /home/airflow/.local/lib/python3.8/site-packages/airflow/example_dags/example_skip_dag.py
[2024-03-21T01:21:36.675+0000] {processor.py:840} INFO - DAG(s) 'example_skip_dag' retrieved from /home/airflow/.local/lib/python3.8/site-packages/airflow/example_dags/example_skip_dag.py
[2024-03-21T01:21:36.754+0000] {logging_mixin.py:188} INFO - [2024-03-21T01:21:36.753+0000] {dag.py:3047} INFO - Sync 1 DAGs
[2024-03-21T01:21:36.823+0000] {logging_mixin.py:188} INFO - [2024-03-21T01:21:36.823+0000] {dag.py:3834} INFO - Setting next_dagrun for example_skip_dag to 2024-03-20 00:00:00+00:00, run_after=2024-03-21 00:00:00+00:00
[2024-03-21T01:21:37.018+0000] {processor.py:183} INFO - Processing /home/airflow/.local/lib/python3.8/site-packages/airflow/example_dags/example_skip_dag.py took 0.380 seconds
[2024-03-21T01:22:07.064+0000] {processor.py:161} INFO - Started process (PID=985) to work on /home/airflow/.local/lib/python3.8/site-packages/airflow/example_dags/example_skip_dag.py
[2024-03-21T01:22:07.065+0000] {processor.py:830} INFO - Processing file /home/airflow/.local/lib/python3.8/site-packages/airflow/example_dags/example_skip_dag.py for tasks to queue
[2024-03-21T01:22:07.067+0000] {logging_mixin.py:188} INFO - [2024-03-21T01:22:07.067+0000] {dagbag.py:540} INFO - Filling up the DagBag from /home/airflow/.local/lib/python3.8/site-packages/airflow/example_dags/example_skip_dag.py
[2024-03-21T01:22:07.075+0000] {processor.py:840} INFO - DAG(s) 'example_skip_dag' retrieved from /home/airflow/.local/lib/python3.8/site-packages/airflow/example_dags/example_skip_dag.py
[2024-03-21T01:22:07.098+0000] {logging_mixin.py:188} INFO - [2024-03-21T01:22:07.097+0000] {dag.py:3047} INFO - Sync 1 DAGs
[2024-03-21T01:22:07.123+0000] {logging_mixin.py:188} INFO - [2024-03-21T01:22:07.123+0000] {dag.py:3834} INFO - Setting next_dagrun for example_skip_dag to 2024-03-20 00:00:00+00:00, run_after=2024-03-21 00:00:00+00:00
[2024-03-21T01:22:07.153+0000] {processor.py:183} INFO - Processing /home/airflow/.local/lib/python3.8/site-packages/airflow/example_dags/example_skip_dag.py took 0.093 seconds
[2024-03-21T01:22:37.345+0000] {processor.py:161} INFO - Started process (PID=1040) to work on /home/airflow/.local/lib/python3.8/site-packages/airflow/example_dags/example_skip_dag.py
[2024-03-21T01:22:37.347+0000] {processor.py:830} INFO - Processing file /home/airflow/.local/lib/python3.8/site-packages/airflow/example_dags/example_skip_dag.py for tasks to queue
[2024-03-21T01:22:37.348+0000] {logging_mixin.py:188} INFO - [2024-03-21T01:22:37.348+0000] {dagbag.py:540} INFO - Filling up the DagBag from /home/airflow/.local/lib/python3.8/site-packages/airflow/example_dags/example_skip_dag.py
[2024-03-21T01:22:37.357+0000] {processor.py:840} INFO - DAG(s) 'example_skip_dag' retrieved from /home/airflow/.local/lib/python3.8/site-packages/airflow/example_dags/example_skip_dag.py
[2024-03-21T01:22:37.412+0000] {logging_mixin.py:188} INFO - [2024-03-21T01:22:37.412+0000] {dag.py:3047} INFO - Sync 1 DAGs
[2024-03-21T01:22:37.454+0000] {logging_mixin.py:188} INFO - [2024-03-21T01:22:37.453+0000] {dag.py:3834} INFO - Setting next_dagrun for example_skip_dag to 2024-03-20 00:00:00+00:00, run_after=2024-03-21 00:00:00+00:00
[2024-03-21T01:22:37.486+0000] {processor.py:183} INFO - Processing /home/airflow/.local/lib/python3.8/site-packages/airflow/example_dags/example_skip_dag.py took 0.145 seconds
[2024-03-21T01:23:07.926+0000] {processor.py:161} INFO - Started process (PID=1095) to work on /home/airflow/.local/lib/python3.8/site-packages/airflow/example_dags/example_skip_dag.py
[2024-03-21T01:23:07.927+0000] {processor.py:830} INFO - Processing file /home/airflow/.local/lib/python3.8/site-packages/airflow/example_dags/example_skip_dag.py for tasks to queue
[2024-03-21T01:23:07.929+0000] {logging_mixin.py:188} INFO - [2024-03-21T01:23:07.928+0000] {dagbag.py:540} INFO - Filling up the DagBag from /home/airflow/.local/lib/python3.8/site-packages/airflow/example_dags/example_skip_dag.py
[2024-03-21T01:23:07.935+0000] {processor.py:840} INFO - DAG(s) 'example_skip_dag' retrieved from /home/airflow/.local/lib/python3.8/site-packages/airflow/example_dags/example_skip_dag.py
[2024-03-21T01:23:07.968+0000] {logging_mixin.py:188} INFO - [2024-03-21T01:23:07.968+0000] {dag.py:3047} INFO - Sync 1 DAGs
[2024-03-21T01:23:08.028+0000] {logging_mixin.py:188} INFO - [2024-03-21T01:23:08.028+0000] {dag.py:3834} INFO - Setting next_dagrun for example_skip_dag to 2024-03-20 00:00:00+00:00, run_after=2024-03-21 00:00:00+00:00
[2024-03-21T01:23:08.058+0000] {processor.py:183} INFO - Processing /home/airflow/.local/lib/python3.8/site-packages/airflow/example_dags/example_skip_dag.py took 0.135 seconds
[2024-03-21T01:23:38.914+0000] {processor.py:161} INFO - Started process (PID=1149) to work on /home/airflow/.local/lib/python3.8/site-packages/airflow/example_dags/example_skip_dag.py
[2024-03-21T01:23:38.915+0000] {processor.py:830} INFO - Processing file /home/airflow/.local/lib/python3.8/site-packages/airflow/example_dags/example_skip_dag.py for tasks to queue
[2024-03-21T01:23:38.917+0000] {logging_mixin.py:188} INFO - [2024-03-21T01:23:38.917+0000] {dagbag.py:540} INFO - Filling up the DagBag from /home/airflow/.local/lib/python3.8/site-packages/airflow/example_dags/example_skip_dag.py
[2024-03-21T01:23:38.925+0000] {processor.py:840} INFO - DAG(s) 'example_skip_dag' retrieved from /home/airflow/.local/lib/python3.8/site-packages/airflow/example_dags/example_skip_dag.py
[2024-03-21T01:23:38.953+0000] {logging_mixin.py:188} INFO - [2024-03-21T01:23:38.952+0000] {dag.py:3047} INFO - Sync 1 DAGs
[2024-03-21T01:23:38.981+0000] {logging_mixin.py:188} INFO - [2024-03-21T01:23:38.981+0000] {dag.py:3834} INFO - Setting next_dagrun for example_skip_dag to 2024-03-20 00:00:00+00:00, run_after=2024-03-21 00:00:00+00:00
[2024-03-21T01:23:39.008+0000] {processor.py:183} INFO - Processing /home/airflow/.local/lib/python3.8/site-packages/airflow/example_dags/example_skip_dag.py took 0.099 seconds
[2024-03-21T01:24:09.128+0000] {processor.py:161} INFO - Started process (PID=1204) to work on /home/airflow/.local/lib/python3.8/site-packages/airflow/example_dags/example_skip_dag.py
[2024-03-21T01:24:09.129+0000] {processor.py:830} INFO - Processing file /home/airflow/.local/lib/python3.8/site-packages/airflow/example_dags/example_skip_dag.py for tasks to queue
[2024-03-21T01:24:09.132+0000] {logging_mixin.py:188} INFO - [2024-03-21T01:24:09.131+0000] {dagbag.py:540} INFO - Filling up the DagBag from /home/airflow/.local/lib/python3.8/site-packages/airflow/example_dags/example_skip_dag.py
[2024-03-21T01:24:09.146+0000] {processor.py:840} INFO - DAG(s) 'example_skip_dag' retrieved from /home/airflow/.local/lib/python3.8/site-packages/airflow/example_dags/example_skip_dag.py
[2024-03-21T01:24:09.191+0000] {logging_mixin.py:188} INFO - [2024-03-21T01:24:09.190+0000] {dag.py:3047} INFO - Sync 1 DAGs
[2024-03-21T01:24:09.231+0000] {logging_mixin.py:188} INFO - [2024-03-21T01:24:09.230+0000] {dag.py:3834} INFO - Setting next_dagrun for example_skip_dag to 2024-03-20 00:00:00+00:00, run_after=2024-03-21 00:00:00+00:00
[2024-03-21T01:24:09.271+0000] {processor.py:183} INFO - Processing /home/airflow/.local/lib/python3.8/site-packages/airflow/example_dags/example_skip_dag.py took 0.147 seconds
[2024-03-21T01:24:39.392+0000] {processor.py:161} INFO - Started process (PID=1259) to work on /home/airflow/.local/lib/python3.8/site-packages/airflow/example_dags/example_skip_dag.py
[2024-03-21T01:24:39.394+0000] {processor.py:830} INFO - Processing file /home/airflow/.local/lib/python3.8/site-packages/airflow/example_dags/example_skip_dag.py for tasks to queue
[2024-03-21T01:24:39.396+0000] {logging_mixin.py:188} INFO - [2024-03-21T01:24:39.396+0000] {dagbag.py:540} INFO - Filling up the DagBag from /home/airflow/.local/lib/python3.8/site-packages/airflow/example_dags/example_skip_dag.py
[2024-03-21T01:24:39.404+0000] {processor.py:840} INFO - DAG(s) 'example_skip_dag' retrieved from /home/airflow/.local/lib/python3.8/site-packages/airflow/example_dags/example_skip_dag.py
[2024-03-21T01:24:39.432+0000] {logging_mixin.py:188} INFO - [2024-03-21T01:24:39.431+0000] {dag.py:3047} INFO - Sync 1 DAGs
[2024-03-21T01:24:39.489+0000] {logging_mixin.py:188} INFO - [2024-03-21T01:24:39.489+0000] {dag.py:3834} INFO - Setting next_dagrun for example_skip_dag to 2024-03-20 00:00:00+00:00, run_after=2024-03-21 00:00:00+00:00
[2024-03-21T01:24:39.527+0000] {processor.py:183} INFO - Processing /home/airflow/.local/lib/python3.8/site-packages/airflow/example_dags/example_skip_dag.py took 0.139 seconds
[2024-03-21T01:25:09.596+0000] {processor.py:161} INFO - Started process (PID=1314) to work on /home/airflow/.local/lib/python3.8/site-packages/airflow/example_dags/example_skip_dag.py
[2024-03-21T01:25:09.597+0000] {processor.py:830} INFO - Processing file /home/airflow/.local/lib/python3.8/site-packages/airflow/example_dags/example_skip_dag.py for tasks to queue
[2024-03-21T01:25:09.599+0000] {logging_mixin.py:188} INFO - [2024-03-21T01:25:09.599+0000] {dagbag.py:540} INFO - Filling up the DagBag from /home/airflow/.local/lib/python3.8/site-packages/airflow/example_dags/example_skip_dag.py
[2024-03-21T01:25:09.607+0000] {processor.py:840} INFO - DAG(s) 'example_skip_dag' retrieved from /home/airflow/.local/lib/python3.8/site-packages/airflow/example_dags/example_skip_dag.py
[2024-03-21T01:25:09.633+0000] {logging_mixin.py:188} INFO - [2024-03-21T01:25:09.633+0000] {dag.py:3047} INFO - Sync 1 DAGs
[2024-03-21T01:25:09.660+0000] {logging_mixin.py:188} INFO - [2024-03-21T01:25:09.660+0000] {dag.py:3834} INFO - Setting next_dagrun for example_skip_dag to 2024-03-20 00:00:00+00:00, run_after=2024-03-21 00:00:00+00:00
[2024-03-21T01:25:09.686+0000] {processor.py:183} INFO - Processing /home/airflow/.local/lib/python3.8/site-packages/airflow/example_dags/example_skip_dag.py took 0.094 seconds
[2024-03-21T01:25:39.880+0000] {processor.py:161} INFO - Started process (PID=1369) to work on /home/airflow/.local/lib/python3.8/site-packages/airflow/example_dags/example_skip_dag.py
[2024-03-21T01:25:39.882+0000] {processor.py:830} INFO - Processing file /home/airflow/.local/lib/python3.8/site-packages/airflow/example_dags/example_skip_dag.py for tasks to queue
[2024-03-21T01:25:39.884+0000] {logging_mixin.py:188} INFO - [2024-03-21T01:25:39.883+0000] {dagbag.py:540} INFO - Filling up the DagBag from /home/airflow/.local/lib/python3.8/site-packages/airflow/example_dags/example_skip_dag.py
[2024-03-21T01:25:39.891+0000] {processor.py:840} INFO - DAG(s) 'example_skip_dag' retrieved from /home/airflow/.local/lib/python3.8/site-packages/airflow/example_dags/example_skip_dag.py
[2024-03-21T01:25:39.913+0000] {logging_mixin.py:188} INFO - [2024-03-21T01:25:39.913+0000] {dag.py:3047} INFO - Sync 1 DAGs
[2024-03-21T01:25:39.936+0000] {logging_mixin.py:188} INFO - [2024-03-21T01:25:39.935+0000] {dag.py:3834} INFO - Setting next_dagrun for example_skip_dag to 2024-03-20 00:00:00+00:00, run_after=2024-03-21 00:00:00+00:00
[2024-03-21T01:25:39.958+0000] {processor.py:183} INFO - Processing /home/airflow/.local/lib/python3.8/site-packages/airflow/example_dags/example_skip_dag.py took 0.082 seconds
[2024-03-21T01:26:10.071+0000] {processor.py:161} INFO - Started process (PID=1423) to work on /home/airflow/.local/lib/python3.8/site-packages/airflow/example_dags/example_skip_dag.py
[2024-03-21T01:26:10.072+0000] {processor.py:830} INFO - Processing file /home/airflow/.local/lib/python3.8/site-packages/airflow/example_dags/example_skip_dag.py for tasks to queue
[2024-03-21T01:26:10.074+0000] {logging_mixin.py:188} INFO - [2024-03-21T01:26:10.074+0000] {dagbag.py:540} INFO - Filling up the DagBag from /home/airflow/.local/lib/python3.8/site-packages/airflow/example_dags/example_skip_dag.py
[2024-03-21T01:26:10.081+0000] {processor.py:840} INFO - DAG(s) 'example_skip_dag' retrieved from /home/airflow/.local/lib/python3.8/site-packages/airflow/example_dags/example_skip_dag.py
[2024-03-21T01:26:10.108+0000] {logging_mixin.py:188} INFO - [2024-03-21T01:26:10.107+0000] {dag.py:3047} INFO - Sync 1 DAGs
[2024-03-21T01:26:10.133+0000] {logging_mixin.py:188} INFO - [2024-03-21T01:26:10.133+0000] {dag.py:3834} INFO - Setting next_dagrun for example_skip_dag to 2024-03-20 00:00:00+00:00, run_after=2024-03-21 00:00:00+00:00
[2024-03-21T01:26:10.159+0000] {processor.py:183} INFO - Processing /home/airflow/.local/lib/python3.8/site-packages/airflow/example_dags/example_skip_dag.py took 0.091 seconds
[2024-03-21T01:26:40.281+0000] {processor.py:161} INFO - Started process (PID=1478) to work on /home/airflow/.local/lib/python3.8/site-packages/airflow/example_dags/example_skip_dag.py
[2024-03-21T01:26:40.283+0000] {processor.py:830} INFO - Processing file /home/airflow/.local/lib/python3.8/site-packages/airflow/example_dags/example_skip_dag.py for tasks to queue
[2024-03-21T01:26:40.286+0000] {logging_mixin.py:188} INFO - [2024-03-21T01:26:40.286+0000] {dagbag.py:540} INFO - Filling up the DagBag from /home/airflow/.local/lib/python3.8/site-packages/airflow/example_dags/example_skip_dag.py
[2024-03-21T01:26:40.296+0000] {processor.py:840} INFO - DAG(s) 'example_skip_dag' retrieved from /home/airflow/.local/lib/python3.8/site-packages/airflow/example_dags/example_skip_dag.py
[2024-03-21T01:26:40.331+0000] {logging_mixin.py:188} INFO - [2024-03-21T01:26:40.331+0000] {dag.py:3047} INFO - Sync 1 DAGs
[2024-03-21T01:26:40.365+0000] {logging_mixin.py:188} INFO - [2024-03-21T01:26:40.364+0000] {dag.py:3834} INFO - Setting next_dagrun for example_skip_dag to 2024-03-20 00:00:00+00:00, run_after=2024-03-21 00:00:00+00:00
[2024-03-21T01:26:40.393+0000] {processor.py:183} INFO - Processing /home/airflow/.local/lib/python3.8/site-packages/airflow/example_dags/example_skip_dag.py took 0.116 seconds
[2024-03-21T01:27:10.583+0000] {processor.py:161} INFO - Started process (PID=1533) to work on /home/airflow/.local/lib/python3.8/site-packages/airflow/example_dags/example_skip_dag.py
[2024-03-21T01:27:10.585+0000] {processor.py:830} INFO - Processing file /home/airflow/.local/lib/python3.8/site-packages/airflow/example_dags/example_skip_dag.py for tasks to queue
[2024-03-21T01:27:10.587+0000] {logging_mixin.py:188} INFO - [2024-03-21T01:27:10.586+0000] {dagbag.py:540} INFO - Filling up the DagBag from /home/airflow/.local/lib/python3.8/site-packages/airflow/example_dags/example_skip_dag.py
[2024-03-21T01:27:10.595+0000] {processor.py:840} INFO - DAG(s) 'example_skip_dag' retrieved from /home/airflow/.local/lib/python3.8/site-packages/airflow/example_dags/example_skip_dag.py
[2024-03-21T01:27:10.625+0000] {logging_mixin.py:188} INFO - [2024-03-21T01:27:10.625+0000] {dag.py:3047} INFO - Sync 1 DAGs
[2024-03-21T01:27:10.662+0000] {logging_mixin.py:188} INFO - [2024-03-21T01:27:10.662+0000] {dag.py:3834} INFO - Setting next_dagrun for example_skip_dag to 2024-03-20 00:00:00+00:00, run_after=2024-03-21 00:00:00+00:00
[2024-03-21T01:27:10.699+0000] {processor.py:183} INFO - Processing /home/airflow/.local/lib/python3.8/site-packages/airflow/example_dags/example_skip_dag.py took 0.120 seconds
[2024-03-21T01:27:40.986+0000] {processor.py:161} INFO - Started process (PID=1588) to work on /home/airflow/.local/lib/python3.8/site-packages/airflow/example_dags/example_skip_dag.py
[2024-03-21T01:27:40.987+0000] {processor.py:830} INFO - Processing file /home/airflow/.local/lib/python3.8/site-packages/airflow/example_dags/example_skip_dag.py for tasks to queue
[2024-03-21T01:27:40.990+0000] {logging_mixin.py:188} INFO - [2024-03-21T01:27:40.989+0000] {dagbag.py:540} INFO - Filling up the DagBag from /home/airflow/.local/lib/python3.8/site-packages/airflow/example_dags/example_skip_dag.py
[2024-03-21T01:27:40.998+0000] {processor.py:840} INFO - DAG(s) 'example_skip_dag' retrieved from /home/airflow/.local/lib/python3.8/site-packages/airflow/example_dags/example_skip_dag.py
[2024-03-21T01:27:41.032+0000] {logging_mixin.py:188} INFO - [2024-03-21T01:27:41.031+0000] {dag.py:3047} INFO - Sync 1 DAGs
[2024-03-21T01:27:41.068+0000] {logging_mixin.py:188} INFO - [2024-03-21T01:27:41.068+0000] {dag.py:3834} INFO - Setting next_dagrun for example_skip_dag to 2024-03-20 00:00:00+00:00, run_after=2024-03-21 00:00:00+00:00
[2024-03-21T01:27:41.138+0000] {processor.py:183} INFO - Processing /home/airflow/.local/lib/python3.8/site-packages/airflow/example_dags/example_skip_dag.py took 0.156 seconds
[2024-03-21T01:28:11.232+0000] {processor.py:161} INFO - Started process (PID=1643) to work on /home/airflow/.local/lib/python3.8/site-packages/airflow/example_dags/example_skip_dag.py
[2024-03-21T01:28:11.233+0000] {processor.py:830} INFO - Processing file /home/airflow/.local/lib/python3.8/site-packages/airflow/example_dags/example_skip_dag.py for tasks to queue
[2024-03-21T01:28:11.235+0000] {logging_mixin.py:188} INFO - [2024-03-21T01:28:11.235+0000] {dagbag.py:540} INFO - Filling up the DagBag from /home/airflow/.local/lib/python3.8/site-packages/airflow/example_dags/example_skip_dag.py
[2024-03-21T01:28:11.243+0000] {processor.py:840} INFO - DAG(s) 'example_skip_dag' retrieved from /home/airflow/.local/lib/python3.8/site-packages/airflow/example_dags/example_skip_dag.py
[2024-03-21T01:28:11.270+0000] {logging_mixin.py:188} INFO - [2024-03-21T01:28:11.270+0000] {dag.py:3047} INFO - Sync 1 DAGs
[2024-03-21T01:28:11.297+0000] {logging_mixin.py:188} INFO - [2024-03-21T01:28:11.297+0000] {dag.py:3834} INFO - Setting next_dagrun for example_skip_dag to 2024-03-20 00:00:00+00:00, run_after=2024-03-21 00:00:00+00:00
[2024-03-21T01:28:11.329+0000] {processor.py:183} INFO - Processing /home/airflow/.local/lib/python3.8/site-packages/airflow/example_dags/example_skip_dag.py took 0.102 seconds
[2024-03-21T01:28:42.278+0000] {processor.py:161} INFO - Started process (PID=1698) to work on /home/airflow/.local/lib/python3.8/site-packages/airflow/example_dags/example_skip_dag.py
[2024-03-21T01:28:42.284+0000] {processor.py:830} INFO - Processing file /home/airflow/.local/lib/python3.8/site-packages/airflow/example_dags/example_skip_dag.py for tasks to queue
[2024-03-21T01:28:42.292+0000] {logging_mixin.py:188} INFO - [2024-03-21T01:28:42.291+0000] {dagbag.py:540} INFO - Filling up the DagBag from /home/airflow/.local/lib/python3.8/site-packages/airflow/example_dags/example_skip_dag.py
[2024-03-21T01:28:42.334+0000] {processor.py:840} INFO - DAG(s) 'example_skip_dag' retrieved from /home/airflow/.local/lib/python3.8/site-packages/airflow/example_dags/example_skip_dag.py
[2024-03-21T01:28:42.447+0000] {logging_mixin.py:188} INFO - [2024-03-21T01:28:42.446+0000] {dag.py:3047} INFO - Sync 1 DAGs
[2024-03-21T01:28:42.564+0000] {logging_mixin.py:188} INFO - [2024-03-21T01:28:42.562+0000] {dag.py:3834} INFO - Setting next_dagrun for example_skip_dag to 2024-03-20 00:00:00+00:00, run_after=2024-03-21 00:00:00+00:00
[2024-03-21T01:28:42.680+0000] {processor.py:183} INFO - Processing /home/airflow/.local/lib/python3.8/site-packages/airflow/example_dags/example_skip_dag.py took 0.418 seconds
[2024-03-21T01:29:12.919+0000] {processor.py:161} INFO - Started process (PID=1754) to work on /home/airflow/.local/lib/python3.8/site-packages/airflow/example_dags/example_skip_dag.py
[2024-03-21T01:29:12.919+0000] {processor.py:830} INFO - Processing file /home/airflow/.local/lib/python3.8/site-packages/airflow/example_dags/example_skip_dag.py for tasks to queue
[2024-03-21T01:29:12.921+0000] {logging_mixin.py:188} INFO - [2024-03-21T01:29:12.921+0000] {dagbag.py:540} INFO - Filling up the DagBag from /home/airflow/.local/lib/python3.8/site-packages/airflow/example_dags/example_skip_dag.py
[2024-03-21T01:29:12.927+0000] {processor.py:840} INFO - DAG(s) 'example_skip_dag' retrieved from /home/airflow/.local/lib/python3.8/site-packages/airflow/example_dags/example_skip_dag.py
[2024-03-21T01:29:12.950+0000] {logging_mixin.py:188} INFO - [2024-03-21T01:29:12.950+0000] {dag.py:3047} INFO - Sync 1 DAGs
[2024-03-21T01:29:12.973+0000] {logging_mixin.py:188} INFO - [2024-03-21T01:29:12.973+0000] {dag.py:3834} INFO - Setting next_dagrun for example_skip_dag to 2024-03-20 00:00:00+00:00, run_after=2024-03-21 00:00:00+00:00
[2024-03-21T01:29:12.996+0000] {processor.py:183} INFO - Processing /home/airflow/.local/lib/python3.8/site-packages/airflow/example_dags/example_skip_dag.py took 0.080 seconds
[2024-03-21T01:29:43.146+0000] {processor.py:161} INFO - Started process (PID=1809) to work on /home/airflow/.local/lib/python3.8/site-packages/airflow/example_dags/example_skip_dag.py
[2024-03-21T01:29:43.147+0000] {processor.py:830} INFO - Processing file /home/airflow/.local/lib/python3.8/site-packages/airflow/example_dags/example_skip_dag.py for tasks to queue
[2024-03-21T01:29:43.150+0000] {logging_mixin.py:188} INFO - [2024-03-21T01:29:43.149+0000] {dagbag.py:540} INFO - Filling up the DagBag from /home/airflow/.local/lib/python3.8/site-packages/airflow/example_dags/example_skip_dag.py
[2024-03-21T01:29:43.157+0000] {processor.py:840} INFO - DAG(s) 'example_skip_dag' retrieved from /home/airflow/.local/lib/python3.8/site-packages/airflow/example_dags/example_skip_dag.py
[2024-03-21T01:29:43.180+0000] {logging_mixin.py:188} INFO - [2024-03-21T01:29:43.179+0000] {dag.py:3047} INFO - Sync 1 DAGs
[2024-03-21T01:29:43.201+0000] {logging_mixin.py:188} INFO - [2024-03-21T01:29:43.201+0000] {dag.py:3834} INFO - Setting next_dagrun for example_skip_dag to 2024-03-20 00:00:00+00:00, run_after=2024-03-21 00:00:00+00:00
[2024-03-21T01:29:43.229+0000] {processor.py:183} INFO - Processing /home/airflow/.local/lib/python3.8/site-packages/airflow/example_dags/example_skip_dag.py took 0.086 seconds
[2024-03-21T01:30:13.518+0000] {processor.py:161} INFO - Started process (PID=1863) to work on /home/airflow/.local/lib/python3.8/site-packages/airflow/example_dags/example_skip_dag.py
[2024-03-21T01:30:13.520+0000] {processor.py:830} INFO - Processing file /home/airflow/.local/lib/python3.8/site-packages/airflow/example_dags/example_skip_dag.py for tasks to queue
[2024-03-21T01:30:13.523+0000] {logging_mixin.py:188} INFO - [2024-03-21T01:30:13.522+0000] {dagbag.py:540} INFO - Filling up the DagBag from /home/airflow/.local/lib/python3.8/site-packages/airflow/example_dags/example_skip_dag.py
[2024-03-21T01:30:13.531+0000] {processor.py:840} INFO - DAG(s) 'example_skip_dag' retrieved from /home/airflow/.local/lib/python3.8/site-packages/airflow/example_dags/example_skip_dag.py
[2024-03-21T01:30:13.554+0000] {logging_mixin.py:188} INFO - [2024-03-21T01:30:13.553+0000] {dag.py:3047} INFO - Sync 1 DAGs
[2024-03-21T01:30:13.578+0000] {logging_mixin.py:188} INFO - [2024-03-21T01:30:13.578+0000] {dag.py:3834} INFO - Setting next_dagrun for example_skip_dag to 2024-03-20 00:00:00+00:00, run_after=2024-03-21 00:00:00+00:00
[2024-03-21T01:30:13.600+0000] {processor.py:183} INFO - Processing /home/airflow/.local/lib/python3.8/site-packages/airflow/example_dags/example_skip_dag.py took 0.085 seconds
[2024-03-21T01:30:44.124+0000] {processor.py:161} INFO - Started process (PID=1918) to work on /home/airflow/.local/lib/python3.8/site-packages/airflow/example_dags/example_skip_dag.py
[2024-03-21T01:30:44.126+0000] {processor.py:830} INFO - Processing file /home/airflow/.local/lib/python3.8/site-packages/airflow/example_dags/example_skip_dag.py for tasks to queue
[2024-03-21T01:30:44.129+0000] {logging_mixin.py:188} INFO - [2024-03-21T01:30:44.128+0000] {dagbag.py:540} INFO - Filling up the DagBag from /home/airflow/.local/lib/python3.8/site-packages/airflow/example_dags/example_skip_dag.py
[2024-03-21T01:30:44.141+0000] {processor.py:840} INFO - DAG(s) 'example_skip_dag' retrieved from /home/airflow/.local/lib/python3.8/site-packages/airflow/example_dags/example_skip_dag.py
[2024-03-21T01:30:44.174+0000] {logging_mixin.py:188} INFO - [2024-03-21T01:30:44.174+0000] {dag.py:3047} INFO - Sync 1 DAGs
[2024-03-21T01:30:44.211+0000] {logging_mixin.py:188} INFO - [2024-03-21T01:30:44.211+0000] {dag.py:3834} INFO - Setting next_dagrun for example_skip_dag to 2024-03-20 00:00:00+00:00, run_after=2024-03-21 00:00:00+00:00
[2024-03-21T01:30:44.244+0000] {processor.py:183} INFO - Processing /home/airflow/.local/lib/python3.8/site-packages/airflow/example_dags/example_skip_dag.py took 0.128 seconds
[2024-03-21T01:31:14.723+0000] {processor.py:161} INFO - Started process (PID=1973) to work on /home/airflow/.local/lib/python3.8/site-packages/airflow/example_dags/example_skip_dag.py
[2024-03-21T01:31:14.724+0000] {processor.py:830} INFO - Processing file /home/airflow/.local/lib/python3.8/site-packages/airflow/example_dags/example_skip_dag.py for tasks to queue
[2024-03-21T01:31:14.726+0000] {logging_mixin.py:188} INFO - [2024-03-21T01:31:14.726+0000] {dagbag.py:540} INFO - Filling up the DagBag from /home/airflow/.local/lib/python3.8/site-packages/airflow/example_dags/example_skip_dag.py
[2024-03-21T01:31:14.734+0000] {processor.py:840} INFO - DAG(s) 'example_skip_dag' retrieved from /home/airflow/.local/lib/python3.8/site-packages/airflow/example_dags/example_skip_dag.py
[2024-03-21T01:31:14.761+0000] {logging_mixin.py:188} INFO - [2024-03-21T01:31:14.760+0000] {dag.py:3047} INFO - Sync 1 DAGs
[2024-03-21T01:31:14.788+0000] {logging_mixin.py:188} INFO - [2024-03-21T01:31:14.788+0000] {dag.py:3834} INFO - Setting next_dagrun for example_skip_dag to 2024-03-20 00:00:00+00:00, run_after=2024-03-21 00:00:00+00:00
[2024-03-21T01:31:14.812+0000] {processor.py:183} INFO - Processing /home/airflow/.local/lib/python3.8/site-packages/airflow/example_dags/example_skip_dag.py took 0.092 seconds
[2024-03-21T01:31:45.060+0000] {processor.py:161} INFO - Started process (PID=2028) to work on /home/airflow/.local/lib/python3.8/site-packages/airflow/example_dags/example_skip_dag.py
[2024-03-21T01:31:45.063+0000] {processor.py:830} INFO - Processing file /home/airflow/.local/lib/python3.8/site-packages/airflow/example_dags/example_skip_dag.py for tasks to queue
[2024-03-21T01:31:45.066+0000] {logging_mixin.py:188} INFO - [2024-03-21T01:31:45.066+0000] {dagbag.py:540} INFO - Filling up the DagBag from /home/airflow/.local/lib/python3.8/site-packages/airflow/example_dags/example_skip_dag.py
[2024-03-21T01:31:45.076+0000] {processor.py:840} INFO - DAG(s) 'example_skip_dag' retrieved from /home/airflow/.local/lib/python3.8/site-packages/airflow/example_dags/example_skip_dag.py
[2024-03-21T01:31:45.126+0000] {logging_mixin.py:188} INFO - [2024-03-21T01:31:45.126+0000] {dag.py:3047} INFO - Sync 1 DAGs
[2024-03-21T01:31:45.162+0000] {logging_mixin.py:188} INFO - [2024-03-21T01:31:45.162+0000] {dag.py:3834} INFO - Setting next_dagrun for example_skip_dag to 2024-03-20 00:00:00+00:00, run_after=2024-03-21 00:00:00+00:00
[2024-03-21T01:31:45.193+0000] {processor.py:183} INFO - Processing /home/airflow/.local/lib/python3.8/site-packages/airflow/example_dags/example_skip_dag.py took 0.141 seconds
[2024-03-21T01:32:15.597+0000] {processor.py:161} INFO - Started process (PID=2083) to work on /home/airflow/.local/lib/python3.8/site-packages/airflow/example_dags/example_skip_dag.py
[2024-03-21T01:32:15.599+0000] {processor.py:830} INFO - Processing file /home/airflow/.local/lib/python3.8/site-packages/airflow/example_dags/example_skip_dag.py for tasks to queue
[2024-03-21T01:32:15.601+0000] {logging_mixin.py:188} INFO - [2024-03-21T01:32:15.600+0000] {dagbag.py:540} INFO - Filling up the DagBag from /home/airflow/.local/lib/python3.8/site-packages/airflow/example_dags/example_skip_dag.py
[2024-03-21T01:32:15.609+0000] {processor.py:840} INFO - DAG(s) 'example_skip_dag' retrieved from /home/airflow/.local/lib/python3.8/site-packages/airflow/example_dags/example_skip_dag.py
[2024-03-21T01:32:15.648+0000] {logging_mixin.py:188} INFO - [2024-03-21T01:32:15.648+0000] {dag.py:3047} INFO - Sync 1 DAGs
[2024-03-21T01:32:15.680+0000] {logging_mixin.py:188} INFO - [2024-03-21T01:32:15.680+0000] {dag.py:3834} INFO - Setting next_dagrun for example_skip_dag to 2024-03-20 00:00:00+00:00, run_after=2024-03-21 00:00:00+00:00
[2024-03-21T01:32:15.712+0000] {processor.py:183} INFO - Processing /home/airflow/.local/lib/python3.8/site-packages/airflow/example_dags/example_skip_dag.py took 0.119 seconds
[2024-03-21T01:32:46.307+0000] {processor.py:161} INFO - Started process (PID=2138) to work on /home/airflow/.local/lib/python3.8/site-packages/airflow/example_dags/example_skip_dag.py
[2024-03-21T01:32:46.309+0000] {processor.py:830} INFO - Processing file /home/airflow/.local/lib/python3.8/site-packages/airflow/example_dags/example_skip_dag.py for tasks to queue
[2024-03-21T01:32:46.313+0000] {logging_mixin.py:188} INFO - [2024-03-21T01:32:46.313+0000] {dagbag.py:540} INFO - Filling up the DagBag from /home/airflow/.local/lib/python3.8/site-packages/airflow/example_dags/example_skip_dag.py
[2024-03-21T01:32:46.327+0000] {processor.py:840} INFO - DAG(s) 'example_skip_dag' retrieved from /home/airflow/.local/lib/python3.8/site-packages/airflow/example_dags/example_skip_dag.py
[2024-03-21T01:32:46.359+0000] {logging_mixin.py:188} INFO - [2024-03-21T01:32:46.359+0000] {dag.py:3047} INFO - Sync 1 DAGs
[2024-03-21T01:32:46.405+0000] {logging_mixin.py:188} INFO - [2024-03-21T01:32:46.405+0000] {dag.py:3834} INFO - Setting next_dagrun for example_skip_dag to 2024-03-20 00:00:00+00:00, run_after=2024-03-21 00:00:00+00:00
[2024-03-21T01:32:46.444+0000] {processor.py:183} INFO - Processing /home/airflow/.local/lib/python3.8/site-packages/airflow/example_dags/example_skip_dag.py took 0.141 seconds
[2024-03-21T01:33:16.750+0000] {processor.py:161} INFO - Started process (PID=2193) to work on /home/airflow/.local/lib/python3.8/site-packages/airflow/example_dags/example_skip_dag.py
[2024-03-21T01:33:16.751+0000] {processor.py:830} INFO - Processing file /home/airflow/.local/lib/python3.8/site-packages/airflow/example_dags/example_skip_dag.py for tasks to queue
[2024-03-21T01:33:16.753+0000] {logging_mixin.py:188} INFO - [2024-03-21T01:33:16.752+0000] {dagbag.py:540} INFO - Filling up the DagBag from /home/airflow/.local/lib/python3.8/site-packages/airflow/example_dags/example_skip_dag.py
[2024-03-21T01:33:16.759+0000] {processor.py:840} INFO - DAG(s) 'example_skip_dag' retrieved from /home/airflow/.local/lib/python3.8/site-packages/airflow/example_dags/example_skip_dag.py
[2024-03-21T01:33:16.782+0000] {logging_mixin.py:188} INFO - [2024-03-21T01:33:16.782+0000] {dag.py:3047} INFO - Sync 1 DAGs
[2024-03-21T01:33:16.804+0000] {logging_mixin.py:188} INFO - [2024-03-21T01:33:16.803+0000] {dag.py:3834} INFO - Setting next_dagrun for example_skip_dag to 2024-03-20 00:00:00+00:00, run_after=2024-03-21 00:00:00+00:00
[2024-03-21T01:33:16.831+0000] {processor.py:183} INFO - Processing /home/airflow/.local/lib/python3.8/site-packages/airflow/example_dags/example_skip_dag.py took 0.084 seconds
[2024-03-21T01:33:47.237+0000] {processor.py:161} INFO - Started process (PID=2248) to work on /home/airflow/.local/lib/python3.8/site-packages/airflow/example_dags/example_skip_dag.py
[2024-03-21T01:33:47.239+0000] {processor.py:830} INFO - Processing file /home/airflow/.local/lib/python3.8/site-packages/airflow/example_dags/example_skip_dag.py for tasks to queue
[2024-03-21T01:33:47.241+0000] {logging_mixin.py:188} INFO - [2024-03-21T01:33:47.240+0000] {dagbag.py:540} INFO - Filling up the DagBag from /home/airflow/.local/lib/python3.8/site-packages/airflow/example_dags/example_skip_dag.py
[2024-03-21T01:33:47.248+0000] {processor.py:840} INFO - DAG(s) 'example_skip_dag' retrieved from /home/airflow/.local/lib/python3.8/site-packages/airflow/example_dags/example_skip_dag.py
[2024-03-21T01:33:47.275+0000] {logging_mixin.py:188} INFO - [2024-03-21T01:33:47.275+0000] {dag.py:3047} INFO - Sync 1 DAGs
[2024-03-21T01:33:47.305+0000] {logging_mixin.py:188} INFO - [2024-03-21T01:33:47.304+0000] {dag.py:3834} INFO - Setting next_dagrun for example_skip_dag to 2024-03-20 00:00:00+00:00, run_after=2024-03-21 00:00:00+00:00
[2024-03-21T01:33:47.334+0000] {processor.py:183} INFO - Processing /home/airflow/.local/lib/python3.8/site-packages/airflow/example_dags/example_skip_dag.py took 0.100 seconds
[2024-03-21T01:34:17.387+0000] {processor.py:161} INFO - Started process (PID=2303) to work on /home/airflow/.local/lib/python3.8/site-packages/airflow/example_dags/example_skip_dag.py
[2024-03-21T01:34:17.389+0000] {processor.py:830} INFO - Processing file /home/airflow/.local/lib/python3.8/site-packages/airflow/example_dags/example_skip_dag.py for tasks to queue
[2024-03-21T01:34:17.391+0000] {logging_mixin.py:188} INFO - [2024-03-21T01:34:17.391+0000] {dagbag.py:540} INFO - Filling up the DagBag from /home/airflow/.local/lib/python3.8/site-packages/airflow/example_dags/example_skip_dag.py
[2024-03-21T01:34:17.399+0000] {processor.py:840} INFO - DAG(s) 'example_skip_dag' retrieved from /home/airflow/.local/lib/python3.8/site-packages/airflow/example_dags/example_skip_dag.py
[2024-03-21T01:34:17.423+0000] {logging_mixin.py:188} INFO - [2024-03-21T01:34:17.423+0000] {dag.py:3047} INFO - Sync 1 DAGs
[2024-03-21T01:34:17.461+0000] {logging_mixin.py:188} INFO - [2024-03-21T01:34:17.461+0000] {dag.py:3834} INFO - Setting next_dagrun for example_skip_dag to 2024-03-20 00:00:00+00:00, run_after=2024-03-21 00:00:00+00:00
[2024-03-21T01:34:17.491+0000] {processor.py:183} INFO - Processing /home/airflow/.local/lib/python3.8/site-packages/airflow/example_dags/example_skip_dag.py took 0.107 seconds
[2024-03-21T01:34:47.720+0000] {processor.py:161} INFO - Started process (PID=2358) to work on /home/airflow/.local/lib/python3.8/site-packages/airflow/example_dags/example_skip_dag.py
[2024-03-21T01:34:47.722+0000] {processor.py:830} INFO - Processing file /home/airflow/.local/lib/python3.8/site-packages/airflow/example_dags/example_skip_dag.py for tasks to queue
[2024-03-21T01:34:47.724+0000] {logging_mixin.py:188} INFO - [2024-03-21T01:34:47.724+0000] {dagbag.py:540} INFO - Filling up the DagBag from /home/airflow/.local/lib/python3.8/site-packages/airflow/example_dags/example_skip_dag.py
[2024-03-21T01:34:47.732+0000] {processor.py:840} INFO - DAG(s) 'example_skip_dag' retrieved from /home/airflow/.local/lib/python3.8/site-packages/airflow/example_dags/example_skip_dag.py
[2024-03-21T01:34:47.761+0000] {logging_mixin.py:188} INFO - [2024-03-21T01:34:47.760+0000] {dag.py:3047} INFO - Sync 1 DAGs
[2024-03-21T01:34:47.794+0000] {logging_mixin.py:188} INFO - [2024-03-21T01:34:47.793+0000] {dag.py:3834} INFO - Setting next_dagrun for example_skip_dag to 2024-03-20 00:00:00+00:00, run_after=2024-03-21 00:00:00+00:00
[2024-03-21T01:34:47.825+0000] {processor.py:183} INFO - Processing /home/airflow/.local/lib/python3.8/site-packages/airflow/example_dags/example_skip_dag.py took 0.109 seconds
[2024-03-21T01:35:18.491+0000] {processor.py:161} INFO - Started process (PID=2413) to work on /home/airflow/.local/lib/python3.8/site-packages/airflow/example_dags/example_skip_dag.py
[2024-03-21T01:35:18.492+0000] {processor.py:830} INFO - Processing file /home/airflow/.local/lib/python3.8/site-packages/airflow/example_dags/example_skip_dag.py for tasks to queue
[2024-03-21T01:35:18.495+0000] {logging_mixin.py:188} INFO - [2024-03-21T01:35:18.494+0000] {dagbag.py:540} INFO - Filling up the DagBag from /home/airflow/.local/lib/python3.8/site-packages/airflow/example_dags/example_skip_dag.py
[2024-03-21T01:35:18.504+0000] {processor.py:840} INFO - DAG(s) 'example_skip_dag' retrieved from /home/airflow/.local/lib/python3.8/site-packages/airflow/example_dags/example_skip_dag.py
[2024-03-21T01:35:18.541+0000] {logging_mixin.py:188} INFO - [2024-03-21T01:35:18.541+0000] {dag.py:3047} INFO - Sync 1 DAGs
[2024-03-21T01:35:18.582+0000] {logging_mixin.py:188} INFO - [2024-03-21T01:35:18.581+0000] {dag.py:3834} INFO - Setting next_dagrun for example_skip_dag to 2024-03-20 00:00:00+00:00, run_after=2024-03-21 00:00:00+00:00
[2024-03-21T01:35:18.613+0000] {processor.py:183} INFO - Processing /home/airflow/.local/lib/python3.8/site-packages/airflow/example_dags/example_skip_dag.py took 0.129 seconds
[2024-03-21T01:35:48.698+0000] {processor.py:161} INFO - Started process (PID=2468) to work on /home/airflow/.local/lib/python3.8/site-packages/airflow/example_dags/example_skip_dag.py
[2024-03-21T01:35:48.699+0000] {processor.py:830} INFO - Processing file /home/airflow/.local/lib/python3.8/site-packages/airflow/example_dags/example_skip_dag.py for tasks to queue
[2024-03-21T01:35:48.701+0000] {logging_mixin.py:188} INFO - [2024-03-21T01:35:48.701+0000] {dagbag.py:540} INFO - Filling up the DagBag from /home/airflow/.local/lib/python3.8/site-packages/airflow/example_dags/example_skip_dag.py
[2024-03-21T01:35:48.708+0000] {processor.py:840} INFO - DAG(s) 'example_skip_dag' retrieved from /home/airflow/.local/lib/python3.8/site-packages/airflow/example_dags/example_skip_dag.py
[2024-03-21T01:35:48.734+0000] {logging_mixin.py:188} INFO - [2024-03-21T01:35:48.734+0000] {dag.py:3047} INFO - Sync 1 DAGs
[2024-03-21T01:35:48.763+0000] {logging_mixin.py:188} INFO - [2024-03-21T01:35:48.763+0000] {dag.py:3834} INFO - Setting next_dagrun for example_skip_dag to 2024-03-20 00:00:00+00:00, run_after=2024-03-21 00:00:00+00:00
[2024-03-21T01:35:48.792+0000] {processor.py:183} INFO - Processing /home/airflow/.local/lib/python3.8/site-packages/airflow/example_dags/example_skip_dag.py took 0.098 seconds
[2024-03-21T01:36:18.893+0000] {processor.py:161} INFO - Started process (PID=2524) to work on /home/airflow/.local/lib/python3.8/site-packages/airflow/example_dags/example_skip_dag.py
[2024-03-21T01:36:18.894+0000] {processor.py:830} INFO - Processing file /home/airflow/.local/lib/python3.8/site-packages/airflow/example_dags/example_skip_dag.py for tasks to queue
[2024-03-21T01:36:18.896+0000] {logging_mixin.py:188} INFO - [2024-03-21T01:36:18.896+0000] {dagbag.py:540} INFO - Filling up the DagBag from /home/airflow/.local/lib/python3.8/site-packages/airflow/example_dags/example_skip_dag.py
[2024-03-21T01:36:18.904+0000] {processor.py:840} INFO - DAG(s) 'example_skip_dag' retrieved from /home/airflow/.local/lib/python3.8/site-packages/airflow/example_dags/example_skip_dag.py
[2024-03-21T01:36:18.928+0000] {logging_mixin.py:188} INFO - [2024-03-21T01:36:18.928+0000] {dag.py:3047} INFO - Sync 1 DAGs
[2024-03-21T01:36:18.953+0000] {logging_mixin.py:188} INFO - [2024-03-21T01:36:18.953+0000] {dag.py:3834} INFO - Setting next_dagrun for example_skip_dag to 2024-03-20 00:00:00+00:00, run_after=2024-03-21 00:00:00+00:00
[2024-03-21T01:36:18.979+0000] {processor.py:183} INFO - Processing /home/airflow/.local/lib/python3.8/site-packages/airflow/example_dags/example_skip_dag.py took 0.091 seconds
[2024-03-21T01:36:49.109+0000] {processor.py:161} INFO - Started process (PID=2578) to work on /home/airflow/.local/lib/python3.8/site-packages/airflow/example_dags/example_skip_dag.py
[2024-03-21T01:36:49.110+0000] {processor.py:830} INFO - Processing file /home/airflow/.local/lib/python3.8/site-packages/airflow/example_dags/example_skip_dag.py for tasks to queue
[2024-03-21T01:36:49.113+0000] {logging_mixin.py:188} INFO - [2024-03-21T01:36:49.113+0000] {dagbag.py:540} INFO - Filling up the DagBag from /home/airflow/.local/lib/python3.8/site-packages/airflow/example_dags/example_skip_dag.py
[2024-03-21T01:36:49.122+0000] {processor.py:840} INFO - DAG(s) 'example_skip_dag' retrieved from /home/airflow/.local/lib/python3.8/site-packages/airflow/example_dags/example_skip_dag.py
[2024-03-21T01:36:49.162+0000] {logging_mixin.py:188} INFO - [2024-03-21T01:36:49.161+0000] {dag.py:3047} INFO - Sync 1 DAGs
[2024-03-21T01:36:49.193+0000] {logging_mixin.py:188} INFO - [2024-03-21T01:36:49.193+0000] {dag.py:3834} INFO - Setting next_dagrun for example_skip_dag to 2024-03-20 00:00:00+00:00, run_after=2024-03-21 00:00:00+00:00
[2024-03-21T01:36:49.220+0000] {processor.py:183} INFO - Processing /home/airflow/.local/lib/python3.8/site-packages/airflow/example_dags/example_skip_dag.py took 0.116 seconds
[2024-03-21T01:37:19.974+0000] {processor.py:161} INFO - Started process (PID=2632) to work on /home/airflow/.local/lib/python3.8/site-packages/airflow/example_dags/example_skip_dag.py
[2024-03-21T01:37:19.976+0000] {processor.py:830} INFO - Processing file /home/airflow/.local/lib/python3.8/site-packages/airflow/example_dags/example_skip_dag.py for tasks to queue
[2024-03-21T01:37:19.978+0000] {logging_mixin.py:188} INFO - [2024-03-21T01:37:19.978+0000] {dagbag.py:540} INFO - Filling up the DagBag from /home/airflow/.local/lib/python3.8/site-packages/airflow/example_dags/example_skip_dag.py
[2024-03-21T01:37:19.991+0000] {processor.py:840} INFO - DAG(s) 'example_skip_dag' retrieved from /home/airflow/.local/lib/python3.8/site-packages/airflow/example_dags/example_skip_dag.py
[2024-03-21T01:37:20.030+0000] {logging_mixin.py:188} INFO - [2024-03-21T01:37:20.030+0000] {dag.py:3047} INFO - Sync 1 DAGs
[2024-03-21T01:37:20.072+0000] {logging_mixin.py:188} INFO - [2024-03-21T01:37:20.072+0000] {dag.py:3834} INFO - Setting next_dagrun for example_skip_dag to 2024-03-20 00:00:00+00:00, run_after=2024-03-21 00:00:00+00:00
[2024-03-21T01:37:20.108+0000] {processor.py:183} INFO - Processing /home/airflow/.local/lib/python3.8/site-packages/airflow/example_dags/example_skip_dag.py took 0.138 seconds
[2024-03-21T01:37:50.148+0000] {processor.py:161} INFO - Started process (PID=2687) to work on /home/airflow/.local/lib/python3.8/site-packages/airflow/example_dags/example_skip_dag.py
[2024-03-21T01:37:50.150+0000] {processor.py:830} INFO - Processing file /home/airflow/.local/lib/python3.8/site-packages/airflow/example_dags/example_skip_dag.py for tasks to queue
[2024-03-21T01:37:50.153+0000] {logging_mixin.py:188} INFO - [2024-03-21T01:37:50.153+0000] {dagbag.py:540} INFO - Filling up the DagBag from /home/airflow/.local/lib/python3.8/site-packages/airflow/example_dags/example_skip_dag.py
[2024-03-21T01:37:50.165+0000] {processor.py:840} INFO - DAG(s) 'example_skip_dag' retrieved from /home/airflow/.local/lib/python3.8/site-packages/airflow/example_dags/example_skip_dag.py
[2024-03-21T01:37:50.202+0000] {logging_mixin.py:188} INFO - [2024-03-21T01:37:50.201+0000] {dag.py:3047} INFO - Sync 1 DAGs
[2024-03-21T01:37:50.239+0000] {logging_mixin.py:188} INFO - [2024-03-21T01:37:50.239+0000] {dag.py:3834} INFO - Setting next_dagrun for example_skip_dag to 2024-03-20 00:00:00+00:00, run_after=2024-03-21 00:00:00+00:00
[2024-03-21T01:37:50.267+0000] {processor.py:183} INFO - Processing /home/airflow/.local/lib/python3.8/site-packages/airflow/example_dags/example_skip_dag.py took 0.126 seconds
[2024-03-21T01:38:20.477+0000] {processor.py:161} INFO - Started process (PID=2742) to work on /home/airflow/.local/lib/python3.8/site-packages/airflow/example_dags/example_skip_dag.py
[2024-03-21T01:38:20.478+0000] {processor.py:830} INFO - Processing file /home/airflow/.local/lib/python3.8/site-packages/airflow/example_dags/example_skip_dag.py for tasks to queue
[2024-03-21T01:38:20.480+0000] {logging_mixin.py:188} INFO - [2024-03-21T01:38:20.480+0000] {dagbag.py:540} INFO - Filling up the DagBag from /home/airflow/.local/lib/python3.8/site-packages/airflow/example_dags/example_skip_dag.py
[2024-03-21T01:38:20.488+0000] {processor.py:840} INFO - DAG(s) 'example_skip_dag' retrieved from /home/airflow/.local/lib/python3.8/site-packages/airflow/example_dags/example_skip_dag.py
[2024-03-21T01:38:20.512+0000] {logging_mixin.py:188} INFO - [2024-03-21T01:38:20.511+0000] {dag.py:3047} INFO - Sync 1 DAGs
[2024-03-21T01:38:20.537+0000] {logging_mixin.py:188} INFO - [2024-03-21T01:38:20.537+0000] {dag.py:3834} INFO - Setting next_dagrun for example_skip_dag to 2024-03-20 00:00:00+00:00, run_after=2024-03-21 00:00:00+00:00
[2024-03-21T01:38:20.565+0000] {processor.py:183} INFO - Processing /home/airflow/.local/lib/python3.8/site-packages/airflow/example_dags/example_skip_dag.py took 0.091 seconds
