[2024-03-21T00:09:34.279+0000] {processor.py:161} INFO - Started process (PID=77) to work on /home/airflow/.local/lib/python3.8/site-packages/airflow/example_dags/example_external_task_marker_dag.py
[2024-03-21T00:09:34.285+0000] {processor.py:830} INFO - Processing file /home/airflow/.local/lib/python3.8/site-packages/airflow/example_dags/example_external_task_marker_dag.py for tasks to queue
[2024-03-21T00:09:34.292+0000] {logging_mixin.py:188} INFO - [2024-03-21T00:09:34.291+0000] {dagbag.py:540} INFO - Filling up the DagBag from /home/airflow/.local/lib/python3.8/site-packages/airflow/example_dags/example_external_task_marker_dag.py
[2024-03-21T00:09:34.315+0000] {processor.py:840} INFO - DAG(s) 'example_external_task_marker_parent', 'example_external_task_marker_child' retrieved from /home/airflow/.local/lib/python3.8/site-packages/airflow/example_dags/example_external_task_marker_dag.py
[2024-03-21T00:09:34.373+0000] {logging_mixin.py:188} INFO - [2024-03-21T00:09:34.372+0000] {dag.py:3047} INFO - Sync 2 DAGs
[2024-03-21T00:09:34.429+0000] {logging_mixin.py:188} INFO - [2024-03-21T00:09:34.428+0000] {dag.py:3834} INFO - Setting next_dagrun for example_external_task_marker_child to None, run_after=None
[2024-03-21T00:09:34.444+0000] {logging_mixin.py:188} INFO - [2024-03-21T00:09:34.444+0000] {dag.py:3834} INFO - Setting next_dagrun for example_external_task_marker_parent to None, run_after=None
[2024-03-21T00:09:34.501+0000] {processor.py:183} INFO - Processing /home/airflow/.local/lib/python3.8/site-packages/airflow/example_dags/example_external_task_marker_dag.py took 0.236 seconds
[2024-03-21T00:10:06.503+0000] {processor.py:161} INFO - Started process (PID=132) to work on /home/airflow/.local/lib/python3.8/site-packages/airflow/example_dags/example_external_task_marker_dag.py
[2024-03-21T00:10:06.505+0000] {processor.py:830} INFO - Processing file /home/airflow/.local/lib/python3.8/site-packages/airflow/example_dags/example_external_task_marker_dag.py for tasks to queue
[2024-03-21T00:10:06.521+0000] {logging_mixin.py:188} INFO - [2024-03-21T00:10:06.508+0000] {dagbag.py:540} INFO - Filling up the DagBag from /home/airflow/.local/lib/python3.8/site-packages/airflow/example_dags/example_external_task_marker_dag.py
[2024-03-21T00:10:06.558+0000] {processor.py:840} INFO - DAG(s) 'example_external_task_marker_parent', 'example_external_task_marker_child' retrieved from /home/airflow/.local/lib/python3.8/site-packages/airflow/example_dags/example_external_task_marker_dag.py
[2024-03-21T00:10:06.964+0000] {logging_mixin.py:188} INFO - [2024-03-21T00:10:06.964+0000] {dag.py:3047} INFO - Sync 2 DAGs
[2024-03-21T00:10:06.992+0000] {logging_mixin.py:188} INFO - [2024-03-21T00:10:06.991+0000] {dag.py:3834} INFO - Setting next_dagrun for example_external_task_marker_child to None, run_after=None
[2024-03-21T00:10:06.998+0000] {logging_mixin.py:188} INFO - [2024-03-21T00:10:06.998+0000] {dag.py:3834} INFO - Setting next_dagrun for example_external_task_marker_parent to None, run_after=None
[2024-03-21T00:10:07.042+0000] {processor.py:183} INFO - Processing /home/airflow/.local/lib/python3.8/site-packages/airflow/example_dags/example_external_task_marker_dag.py took 0.552 seconds
[2024-03-21T00:10:37.123+0000] {processor.py:161} INFO - Started process (PID=187) to work on /home/airflow/.local/lib/python3.8/site-packages/airflow/example_dags/example_external_task_marker_dag.py
[2024-03-21T00:10:37.125+0000] {processor.py:830} INFO - Processing file /home/airflow/.local/lib/python3.8/site-packages/airflow/example_dags/example_external_task_marker_dag.py for tasks to queue
[2024-03-21T00:10:37.127+0000] {logging_mixin.py:188} INFO - [2024-03-21T00:10:37.126+0000] {dagbag.py:540} INFO - Filling up the DagBag from /home/airflow/.local/lib/python3.8/site-packages/airflow/example_dags/example_external_task_marker_dag.py
[2024-03-21T00:10:37.134+0000] {processor.py:840} INFO - DAG(s) 'example_external_task_marker_child', 'example_external_task_marker_parent' retrieved from /home/airflow/.local/lib/python3.8/site-packages/airflow/example_dags/example_external_task_marker_dag.py
[2024-03-21T00:10:37.166+0000] {logging_mixin.py:188} INFO - [2024-03-21T00:10:37.166+0000] {dag.py:3047} INFO - Sync 2 DAGs
[2024-03-21T00:10:37.182+0000] {logging_mixin.py:188} INFO - [2024-03-21T00:10:37.182+0000] {dag.py:3834} INFO - Setting next_dagrun for example_external_task_marker_child to None, run_after=None
[2024-03-21T00:10:37.187+0000] {logging_mixin.py:188} INFO - [2024-03-21T00:10:37.186+0000] {dag.py:3834} INFO - Setting next_dagrun for example_external_task_marker_parent to None, run_after=None
[2024-03-21T00:10:37.211+0000] {processor.py:183} INFO - Processing /home/airflow/.local/lib/python3.8/site-packages/airflow/example_dags/example_external_task_marker_dag.py took 0.091 seconds
[2024-03-21T00:17:08.935+0000] {processor.py:161} INFO - Started process (PID=81) to work on /home/airflow/.local/lib/python3.8/site-packages/airflow/example_dags/example_external_task_marker_dag.py
[2024-03-21T00:17:08.937+0000] {processor.py:830} INFO - Processing file /home/airflow/.local/lib/python3.8/site-packages/airflow/example_dags/example_external_task_marker_dag.py for tasks to queue
[2024-03-21T00:17:08.940+0000] {logging_mixin.py:188} INFO - [2024-03-21T00:17:08.940+0000] {dagbag.py:540} INFO - Filling up the DagBag from /home/airflow/.local/lib/python3.8/site-packages/airflow/example_dags/example_external_task_marker_dag.py
[2024-03-21T00:17:08.954+0000] {processor.py:840} INFO - DAG(s) 'example_external_task_marker_child', 'example_external_task_marker_parent' retrieved from /home/airflow/.local/lib/python3.8/site-packages/airflow/example_dags/example_external_task_marker_dag.py
[2024-03-21T00:17:09.201+0000] {logging_mixin.py:188} INFO - [2024-03-21T00:17:09.201+0000] {dag.py:3047} INFO - Sync 2 DAGs
[2024-03-21T00:17:09.225+0000] {logging_mixin.py:188} INFO - [2024-03-21T00:17:09.224+0000] {dag.py:3834} INFO - Setting next_dagrun for example_external_task_marker_child to None, run_after=None
[2024-03-21T00:17:09.232+0000] {logging_mixin.py:188} INFO - [2024-03-21T00:17:09.231+0000] {dag.py:3834} INFO - Setting next_dagrun for example_external_task_marker_parent to None, run_after=None
[2024-03-21T00:17:09.272+0000] {processor.py:183} INFO - Processing /home/airflow/.local/lib/python3.8/site-packages/airflow/example_dags/example_external_task_marker_dag.py took 0.344 seconds
[2024-03-21T00:17:39.430+0000] {processor.py:161} INFO - Started process (PID=136) to work on /home/airflow/.local/lib/python3.8/site-packages/airflow/example_dags/example_external_task_marker_dag.py
[2024-03-21T00:17:39.431+0000] {processor.py:830} INFO - Processing file /home/airflow/.local/lib/python3.8/site-packages/airflow/example_dags/example_external_task_marker_dag.py for tasks to queue
[2024-03-21T00:17:39.434+0000] {logging_mixin.py:188} INFO - [2024-03-21T00:17:39.433+0000] {dagbag.py:540} INFO - Filling up the DagBag from /home/airflow/.local/lib/python3.8/site-packages/airflow/example_dags/example_external_task_marker_dag.py
[2024-03-21T00:17:39.442+0000] {processor.py:840} INFO - DAG(s) 'example_external_task_marker_parent', 'example_external_task_marker_child' retrieved from /home/airflow/.local/lib/python3.8/site-packages/airflow/example_dags/example_external_task_marker_dag.py
[2024-03-21T00:17:39.472+0000] {logging_mixin.py:188} INFO - [2024-03-21T00:17:39.471+0000] {dag.py:3047} INFO - Sync 2 DAGs
[2024-03-21T00:17:39.488+0000] {logging_mixin.py:188} INFO - [2024-03-21T00:17:39.488+0000] {dag.py:3834} INFO - Setting next_dagrun for example_external_task_marker_child to None, run_after=None
[2024-03-21T00:17:39.492+0000] {logging_mixin.py:188} INFO - [2024-03-21T00:17:39.492+0000] {dag.py:3834} INFO - Setting next_dagrun for example_external_task_marker_parent to None, run_after=None
[2024-03-21T00:17:39.513+0000] {processor.py:183} INFO - Processing /home/airflow/.local/lib/python3.8/site-packages/airflow/example_dags/example_external_task_marker_dag.py took 0.087 seconds
[2024-03-21T00:18:09.887+0000] {processor.py:161} INFO - Started process (PID=191) to work on /home/airflow/.local/lib/python3.8/site-packages/airflow/example_dags/example_external_task_marker_dag.py
[2024-03-21T00:18:09.888+0000] {processor.py:830} INFO - Processing file /home/airflow/.local/lib/python3.8/site-packages/airflow/example_dags/example_external_task_marker_dag.py for tasks to queue
[2024-03-21T00:18:09.889+0000] {logging_mixin.py:188} INFO - [2024-03-21T00:18:09.889+0000] {dagbag.py:540} INFO - Filling up the DagBag from /home/airflow/.local/lib/python3.8/site-packages/airflow/example_dags/example_external_task_marker_dag.py
[2024-03-21T00:18:09.895+0000] {processor.py:840} INFO - DAG(s) 'example_external_task_marker_child', 'example_external_task_marker_parent' retrieved from /home/airflow/.local/lib/python3.8/site-packages/airflow/example_dags/example_external_task_marker_dag.py
[2024-03-21T00:18:09.921+0000] {logging_mixin.py:188} INFO - [2024-03-21T00:18:09.921+0000] {dag.py:3047} INFO - Sync 2 DAGs
[2024-03-21T00:18:09.936+0000] {logging_mixin.py:188} INFO - [2024-03-21T00:18:09.936+0000] {dag.py:3834} INFO - Setting next_dagrun for example_external_task_marker_child to None, run_after=None
[2024-03-21T00:18:09.940+0000] {logging_mixin.py:188} INFO - [2024-03-21T00:18:09.940+0000] {dag.py:3834} INFO - Setting next_dagrun for example_external_task_marker_parent to None, run_after=None
[2024-03-21T00:18:09.965+0000] {processor.py:183} INFO - Processing /home/airflow/.local/lib/python3.8/site-packages/airflow/example_dags/example_external_task_marker_dag.py took 0.081 seconds
[2024-03-21T00:18:40.610+0000] {processor.py:161} INFO - Started process (PID=246) to work on /home/airflow/.local/lib/python3.8/site-packages/airflow/example_dags/example_external_task_marker_dag.py
[2024-03-21T00:18:40.612+0000] {processor.py:830} INFO - Processing file /home/airflow/.local/lib/python3.8/site-packages/airflow/example_dags/example_external_task_marker_dag.py for tasks to queue
[2024-03-21T00:18:40.615+0000] {logging_mixin.py:188} INFO - [2024-03-21T00:18:40.614+0000] {dagbag.py:540} INFO - Filling up the DagBag from /home/airflow/.local/lib/python3.8/site-packages/airflow/example_dags/example_external_task_marker_dag.py
[2024-03-21T00:18:40.625+0000] {processor.py:840} INFO - DAG(s) 'example_external_task_marker_child', 'example_external_task_marker_parent' retrieved from /home/airflow/.local/lib/python3.8/site-packages/airflow/example_dags/example_external_task_marker_dag.py
[2024-03-21T00:18:40.667+0000] {logging_mixin.py:188} INFO - [2024-03-21T00:18:40.666+0000] {dag.py:3047} INFO - Sync 2 DAGs
[2024-03-21T00:18:40.695+0000] {logging_mixin.py:188} INFO - [2024-03-21T00:18:40.694+0000] {dag.py:3834} INFO - Setting next_dagrun for example_external_task_marker_child to None, run_after=None
[2024-03-21T00:18:40.702+0000] {logging_mixin.py:188} INFO - [2024-03-21T00:18:40.701+0000] {dag.py:3834} INFO - Setting next_dagrun for example_external_task_marker_parent to None, run_after=None
[2024-03-21T00:18:40.738+0000] {processor.py:183} INFO - Processing /home/airflow/.local/lib/python3.8/site-packages/airflow/example_dags/example_external_task_marker_dag.py took 0.136 seconds
[2024-03-21T00:19:11.045+0000] {processor.py:161} INFO - Started process (PID=301) to work on /home/airflow/.local/lib/python3.8/site-packages/airflow/example_dags/example_external_task_marker_dag.py
[2024-03-21T00:19:11.046+0000] {processor.py:830} INFO - Processing file /home/airflow/.local/lib/python3.8/site-packages/airflow/example_dags/example_external_task_marker_dag.py for tasks to queue
[2024-03-21T00:19:11.048+0000] {logging_mixin.py:188} INFO - [2024-03-21T00:19:11.048+0000] {dagbag.py:540} INFO - Filling up the DagBag from /home/airflow/.local/lib/python3.8/site-packages/airflow/example_dags/example_external_task_marker_dag.py
[2024-03-21T00:19:11.054+0000] {processor.py:840} INFO - DAG(s) 'example_external_task_marker_child', 'example_external_task_marker_parent' retrieved from /home/airflow/.local/lib/python3.8/site-packages/airflow/example_dags/example_external_task_marker_dag.py
[2024-03-21T00:19:11.078+0000] {logging_mixin.py:188} INFO - [2024-03-21T00:19:11.078+0000] {dag.py:3047} INFO - Sync 2 DAGs
[2024-03-21T00:19:11.091+0000] {logging_mixin.py:188} INFO - [2024-03-21T00:19:11.091+0000] {dag.py:3834} INFO - Setting next_dagrun for example_external_task_marker_child to None, run_after=None
[2024-03-21T00:19:11.097+0000] {logging_mixin.py:188} INFO - [2024-03-21T00:19:11.096+0000] {dag.py:3834} INFO - Setting next_dagrun for example_external_task_marker_parent to None, run_after=None
[2024-03-21T00:19:11.125+0000] {processor.py:183} INFO - Processing /home/airflow/.local/lib/python3.8/site-packages/airflow/example_dags/example_external_task_marker_dag.py took 0.083 seconds
[2024-03-21T00:19:41.498+0000] {processor.py:161} INFO - Started process (PID=356) to work on /home/airflow/.local/lib/python3.8/site-packages/airflow/example_dags/example_external_task_marker_dag.py
[2024-03-21T00:19:41.499+0000] {processor.py:830} INFO - Processing file /home/airflow/.local/lib/python3.8/site-packages/airflow/example_dags/example_external_task_marker_dag.py for tasks to queue
[2024-03-21T00:19:41.501+0000] {logging_mixin.py:188} INFO - [2024-03-21T00:19:41.501+0000] {dagbag.py:540} INFO - Filling up the DagBag from /home/airflow/.local/lib/python3.8/site-packages/airflow/example_dags/example_external_task_marker_dag.py
[2024-03-21T00:19:41.506+0000] {processor.py:840} INFO - DAG(s) 'example_external_task_marker_child', 'example_external_task_marker_parent' retrieved from /home/airflow/.local/lib/python3.8/site-packages/airflow/example_dags/example_external_task_marker_dag.py
[2024-03-21T00:19:41.532+0000] {logging_mixin.py:188} INFO - [2024-03-21T00:19:41.532+0000] {dag.py:3047} INFO - Sync 2 DAGs
[2024-03-21T00:19:41.547+0000] {logging_mixin.py:188} INFO - [2024-03-21T00:19:41.547+0000] {dag.py:3834} INFO - Setting next_dagrun for example_external_task_marker_child to None, run_after=None
[2024-03-21T00:19:41.554+0000] {logging_mixin.py:188} INFO - [2024-03-21T00:19:41.553+0000] {dag.py:3834} INFO - Setting next_dagrun for example_external_task_marker_parent to None, run_after=None
[2024-03-21T00:19:41.574+0000] {processor.py:183} INFO - Processing /home/airflow/.local/lib/python3.8/site-packages/airflow/example_dags/example_external_task_marker_dag.py took 0.080 seconds
[2024-03-21T00:20:11.816+0000] {processor.py:161} INFO - Started process (PID=411) to work on /home/airflow/.local/lib/python3.8/site-packages/airflow/example_dags/example_external_task_marker_dag.py
[2024-03-21T00:20:11.817+0000] {processor.py:830} INFO - Processing file /home/airflow/.local/lib/python3.8/site-packages/airflow/example_dags/example_external_task_marker_dag.py for tasks to queue
[2024-03-21T00:20:11.820+0000] {logging_mixin.py:188} INFO - [2024-03-21T00:20:11.819+0000] {dagbag.py:540} INFO - Filling up the DagBag from /home/airflow/.local/lib/python3.8/site-packages/airflow/example_dags/example_external_task_marker_dag.py
[2024-03-21T00:20:11.827+0000] {processor.py:840} INFO - DAG(s) 'example_external_task_marker_child', 'example_external_task_marker_parent' retrieved from /home/airflow/.local/lib/python3.8/site-packages/airflow/example_dags/example_external_task_marker_dag.py
[2024-03-21T00:20:11.853+0000] {logging_mixin.py:188} INFO - [2024-03-21T00:20:11.852+0000] {dag.py:3047} INFO - Sync 2 DAGs
[2024-03-21T00:20:11.867+0000] {logging_mixin.py:188} INFO - [2024-03-21T00:20:11.867+0000] {dag.py:3834} INFO - Setting next_dagrun for example_external_task_marker_child to None, run_after=None
[2024-03-21T00:20:11.871+0000] {logging_mixin.py:188} INFO - [2024-03-21T00:20:11.871+0000] {dag.py:3834} INFO - Setting next_dagrun for example_external_task_marker_parent to None, run_after=None
[2024-03-21T00:20:11.892+0000] {processor.py:183} INFO - Processing /home/airflow/.local/lib/python3.8/site-packages/airflow/example_dags/example_external_task_marker_dag.py took 0.080 seconds
[2024-03-21T00:20:42.124+0000] {processor.py:161} INFO - Started process (PID=466) to work on /home/airflow/.local/lib/python3.8/site-packages/airflow/example_dags/example_external_task_marker_dag.py
[2024-03-21T00:20:42.125+0000] {processor.py:830} INFO - Processing file /home/airflow/.local/lib/python3.8/site-packages/airflow/example_dags/example_external_task_marker_dag.py for tasks to queue
[2024-03-21T00:20:42.127+0000] {logging_mixin.py:188} INFO - [2024-03-21T00:20:42.126+0000] {dagbag.py:540} INFO - Filling up the DagBag from /home/airflow/.local/lib/python3.8/site-packages/airflow/example_dags/example_external_task_marker_dag.py
[2024-03-21T00:20:42.132+0000] {processor.py:840} INFO - DAG(s) 'example_external_task_marker_parent', 'example_external_task_marker_child' retrieved from /home/airflow/.local/lib/python3.8/site-packages/airflow/example_dags/example_external_task_marker_dag.py
[2024-03-21T00:20:42.155+0000] {logging_mixin.py:188} INFO - [2024-03-21T00:20:42.155+0000] {dag.py:3047} INFO - Sync 2 DAGs
[2024-03-21T00:20:42.171+0000] {logging_mixin.py:188} INFO - [2024-03-21T00:20:42.171+0000] {dag.py:3834} INFO - Setting next_dagrun for example_external_task_marker_child to None, run_after=None
[2024-03-21T00:20:42.175+0000] {logging_mixin.py:188} INFO - [2024-03-21T00:20:42.175+0000] {dag.py:3834} INFO - Setting next_dagrun for example_external_task_marker_parent to None, run_after=None
[2024-03-21T00:20:42.195+0000] {processor.py:183} INFO - Processing /home/airflow/.local/lib/python3.8/site-packages/airflow/example_dags/example_external_task_marker_dag.py took 0.074 seconds
[2024-03-21T00:21:12.488+0000] {processor.py:161} INFO - Started process (PID=521) to work on /home/airflow/.local/lib/python3.8/site-packages/airflow/example_dags/example_external_task_marker_dag.py
[2024-03-21T00:21:12.490+0000] {processor.py:830} INFO - Processing file /home/airflow/.local/lib/python3.8/site-packages/airflow/example_dags/example_external_task_marker_dag.py for tasks to queue
[2024-03-21T00:21:12.491+0000] {logging_mixin.py:188} INFO - [2024-03-21T00:21:12.491+0000] {dagbag.py:540} INFO - Filling up the DagBag from /home/airflow/.local/lib/python3.8/site-packages/airflow/example_dags/example_external_task_marker_dag.py
[2024-03-21T00:21:12.497+0000] {processor.py:840} INFO - DAG(s) 'example_external_task_marker_child', 'example_external_task_marker_parent' retrieved from /home/airflow/.local/lib/python3.8/site-packages/airflow/example_dags/example_external_task_marker_dag.py
[2024-03-21T00:21:12.528+0000] {logging_mixin.py:188} INFO - [2024-03-21T00:21:12.528+0000] {dag.py:3047} INFO - Sync 2 DAGs
[2024-03-21T00:21:12.542+0000] {logging_mixin.py:188} INFO - [2024-03-21T00:21:12.542+0000] {dag.py:3834} INFO - Setting next_dagrun for example_external_task_marker_child to None, run_after=None
[2024-03-21T00:21:12.546+0000] {logging_mixin.py:188} INFO - [2024-03-21T00:21:12.546+0000] {dag.py:3834} INFO - Setting next_dagrun for example_external_task_marker_parent to None, run_after=None
[2024-03-21T00:21:12.568+0000] {processor.py:183} INFO - Processing /home/airflow/.local/lib/python3.8/site-packages/airflow/example_dags/example_external_task_marker_dag.py took 0.083 seconds
[2024-03-21T00:21:42.921+0000] {processor.py:161} INFO - Started process (PID=576) to work on /home/airflow/.local/lib/python3.8/site-packages/airflow/example_dags/example_external_task_marker_dag.py
[2024-03-21T00:21:42.923+0000] {processor.py:830} INFO - Processing file /home/airflow/.local/lib/python3.8/site-packages/airflow/example_dags/example_external_task_marker_dag.py for tasks to queue
[2024-03-21T00:21:42.925+0000] {logging_mixin.py:188} INFO - [2024-03-21T00:21:42.925+0000] {dagbag.py:540} INFO - Filling up the DagBag from /home/airflow/.local/lib/python3.8/site-packages/airflow/example_dags/example_external_task_marker_dag.py
[2024-03-21T00:21:42.934+0000] {processor.py:840} INFO - DAG(s) 'example_external_task_marker_parent', 'example_external_task_marker_child' retrieved from /home/airflow/.local/lib/python3.8/site-packages/airflow/example_dags/example_external_task_marker_dag.py
[2024-03-21T00:21:42.979+0000] {logging_mixin.py:188} INFO - [2024-03-21T00:21:42.979+0000] {dag.py:3047} INFO - Sync 2 DAGs
[2024-03-21T00:21:43.003+0000] {logging_mixin.py:188} INFO - [2024-03-21T00:21:43.002+0000] {dag.py:3834} INFO - Setting next_dagrun for example_external_task_marker_child to None, run_after=None
[2024-03-21T00:21:43.009+0000] {logging_mixin.py:188} INFO - [2024-03-21T00:21:43.009+0000] {dag.py:3834} INFO - Setting next_dagrun for example_external_task_marker_parent to None, run_after=None
[2024-03-21T00:21:43.037+0000] {processor.py:183} INFO - Processing /home/airflow/.local/lib/python3.8/site-packages/airflow/example_dags/example_external_task_marker_dag.py took 0.121 seconds
[2024-03-21T01:13:21.687+0000] {processor.py:161} INFO - Started process (PID=70) to work on /home/airflow/.local/lib/python3.8/site-packages/airflow/example_dags/example_external_task_marker_dag.py
[2024-03-21T01:13:21.690+0000] {processor.py:830} INFO - Processing file /home/airflow/.local/lib/python3.8/site-packages/airflow/example_dags/example_external_task_marker_dag.py for tasks to queue
[2024-03-21T01:13:21.693+0000] {logging_mixin.py:188} INFO - [2024-03-21T01:13:21.693+0000] {dagbag.py:540} INFO - Filling up the DagBag from /home/airflow/.local/lib/python3.8/site-packages/airflow/example_dags/example_external_task_marker_dag.py
[2024-03-21T01:13:21.706+0000] {processor.py:840} INFO - DAG(s) 'example_external_task_marker_parent', 'example_external_task_marker_child' retrieved from /home/airflow/.local/lib/python3.8/site-packages/airflow/example_dags/example_external_task_marker_dag.py
[2024-03-21T01:13:21.734+0000] {logging_mixin.py:188} INFO - [2024-03-21T01:13:21.734+0000] {dag.py:3047} INFO - Sync 2 DAGs
[2024-03-21T01:13:21.750+0000] {logging_mixin.py:188} INFO - [2024-03-21T01:13:21.750+0000] {dag.py:3834} INFO - Setting next_dagrun for example_external_task_marker_child to None, run_after=None
[2024-03-21T01:13:21.754+0000] {logging_mixin.py:188} INFO - [2024-03-21T01:13:21.753+0000] {dag.py:3834} INFO - Setting next_dagrun for example_external_task_marker_parent to None, run_after=None
[2024-03-21T01:13:21.811+0000] {processor.py:183} INFO - Processing /home/airflow/.local/lib/python3.8/site-packages/airflow/example_dags/example_external_task_marker_dag.py took 0.128 seconds
[2024-03-21T01:13:52.202+0000] {processor.py:161} INFO - Started process (PID=125) to work on /home/airflow/.local/lib/python3.8/site-packages/airflow/example_dags/example_external_task_marker_dag.py
[2024-03-21T01:13:52.203+0000] {processor.py:830} INFO - Processing file /home/airflow/.local/lib/python3.8/site-packages/airflow/example_dags/example_external_task_marker_dag.py for tasks to queue
[2024-03-21T01:13:52.204+0000] {logging_mixin.py:188} INFO - [2024-03-21T01:13:52.204+0000] {dagbag.py:540} INFO - Filling up the DagBag from /home/airflow/.local/lib/python3.8/site-packages/airflow/example_dags/example_external_task_marker_dag.py
[2024-03-21T01:13:52.210+0000] {processor.py:840} INFO - DAG(s) 'example_external_task_marker_parent', 'example_external_task_marker_child' retrieved from /home/airflow/.local/lib/python3.8/site-packages/airflow/example_dags/example_external_task_marker_dag.py
[2024-03-21T01:13:52.234+0000] {logging_mixin.py:188} INFO - [2024-03-21T01:13:52.234+0000] {dag.py:3047} INFO - Sync 2 DAGs
[2024-03-21T01:13:52.246+0000] {logging_mixin.py:188} INFO - [2024-03-21T01:13:52.246+0000] {dag.py:3834} INFO - Setting next_dagrun for example_external_task_marker_child to None, run_after=None
[2024-03-21T01:13:52.250+0000] {logging_mixin.py:188} INFO - [2024-03-21T01:13:52.249+0000] {dag.py:3834} INFO - Setting next_dagrun for example_external_task_marker_parent to None, run_after=None
[2024-03-21T01:13:52.270+0000] {processor.py:183} INFO - Processing /home/airflow/.local/lib/python3.8/site-packages/airflow/example_dags/example_external_task_marker_dag.py took 0.071 seconds
[2024-03-21T01:14:23.057+0000] {processor.py:161} INFO - Started process (PID=180) to work on /home/airflow/.local/lib/python3.8/site-packages/airflow/example_dags/example_external_task_marker_dag.py
[2024-03-21T01:14:23.058+0000] {processor.py:830} INFO - Processing file /home/airflow/.local/lib/python3.8/site-packages/airflow/example_dags/example_external_task_marker_dag.py for tasks to queue
[2024-03-21T01:14:23.060+0000] {logging_mixin.py:188} INFO - [2024-03-21T01:14:23.060+0000] {dagbag.py:540} INFO - Filling up the DagBag from /home/airflow/.local/lib/python3.8/site-packages/airflow/example_dags/example_external_task_marker_dag.py
[2024-03-21T01:14:23.068+0000] {processor.py:840} INFO - DAG(s) 'example_external_task_marker_child', 'example_external_task_marker_parent' retrieved from /home/airflow/.local/lib/python3.8/site-packages/airflow/example_dags/example_external_task_marker_dag.py
[2024-03-21T01:14:23.104+0000] {logging_mixin.py:188} INFO - [2024-03-21T01:14:23.103+0000] {dag.py:3047} INFO - Sync 2 DAGs
[2024-03-21T01:14:23.127+0000] {logging_mixin.py:188} INFO - [2024-03-21T01:14:23.127+0000] {dag.py:3834} INFO - Setting next_dagrun for example_external_task_marker_child to None, run_after=None
[2024-03-21T01:14:23.134+0000] {logging_mixin.py:188} INFO - [2024-03-21T01:14:23.133+0000] {dag.py:3834} INFO - Setting next_dagrun for example_external_task_marker_parent to None, run_after=None
[2024-03-21T01:14:23.164+0000] {processor.py:183} INFO - Processing /home/airflow/.local/lib/python3.8/site-packages/airflow/example_dags/example_external_task_marker_dag.py took 0.113 seconds
[2024-03-21T01:14:55.013+0000] {processor.py:161} INFO - Started process (PID=235) to work on /home/airflow/.local/lib/python3.8/site-packages/airflow/example_dags/example_external_task_marker_dag.py
[2024-03-21T01:14:55.015+0000] {processor.py:830} INFO - Processing file /home/airflow/.local/lib/python3.8/site-packages/airflow/example_dags/example_external_task_marker_dag.py for tasks to queue
[2024-03-21T01:14:55.021+0000] {logging_mixin.py:188} INFO - [2024-03-21T01:14:55.020+0000] {dagbag.py:540} INFO - Filling up the DagBag from /home/airflow/.local/lib/python3.8/site-packages/airflow/example_dags/example_external_task_marker_dag.py
[2024-03-21T01:14:55.040+0000] {processor.py:840} INFO - DAG(s) 'example_external_task_marker_parent', 'example_external_task_marker_child' retrieved from /home/airflow/.local/lib/python3.8/site-packages/airflow/example_dags/example_external_task_marker_dag.py
[2024-03-21T01:14:55.107+0000] {logging_mixin.py:188} INFO - [2024-03-21T01:14:55.106+0000] {dag.py:3047} INFO - Sync 2 DAGs
[2024-03-21T01:14:55.144+0000] {logging_mixin.py:188} INFO - [2024-03-21T01:14:55.143+0000] {dag.py:3834} INFO - Setting next_dagrun for example_external_task_marker_child to None, run_after=None
[2024-03-21T01:14:55.156+0000] {logging_mixin.py:188} INFO - [2024-03-21T01:14:55.156+0000] {dag.py:3834} INFO - Setting next_dagrun for example_external_task_marker_parent to None, run_after=None
[2024-03-21T01:14:55.200+0000] {processor.py:183} INFO - Processing /home/airflow/.local/lib/python3.8/site-packages/airflow/example_dags/example_external_task_marker_dag.py took 0.197 seconds
[2024-03-21T01:15:29.412+0000] {processor.py:161} INFO - Started process (PID=296) to work on /home/airflow/.local/lib/python3.8/site-packages/airflow/example_dags/example_external_task_marker_dag.py
[2024-03-21T01:15:29.414+0000] {processor.py:830} INFO - Processing file /home/airflow/.local/lib/python3.8/site-packages/airflow/example_dags/example_external_task_marker_dag.py for tasks to queue
[2024-03-21T01:15:29.418+0000] {logging_mixin.py:188} INFO - [2024-03-21T01:15:29.417+0000] {dagbag.py:540} INFO - Filling up the DagBag from /home/airflow/.local/lib/python3.8/site-packages/airflow/example_dags/example_external_task_marker_dag.py
[2024-03-21T01:15:29.434+0000] {processor.py:840} INFO - DAG(s) 'example_external_task_marker_parent', 'example_external_task_marker_child' retrieved from /home/airflow/.local/lib/python3.8/site-packages/airflow/example_dags/example_external_task_marker_dag.py
[2024-03-21T01:15:29.525+0000] {logging_mixin.py:188} INFO - [2024-03-21T01:15:29.519+0000] {dag.py:3047} INFO - Sync 2 DAGs
[2024-03-21T01:15:29.589+0000] {logging_mixin.py:188} INFO - [2024-03-21T01:15:29.588+0000] {dag.py:3834} INFO - Setting next_dagrun for example_external_task_marker_child to None, run_after=None
[2024-03-21T01:15:29.611+0000] {logging_mixin.py:188} INFO - [2024-03-21T01:15:29.610+0000] {dag.py:3834} INFO - Setting next_dagrun for example_external_task_marker_parent to None, run_after=None
[2024-03-21T01:15:29.716+0000] {processor.py:183} INFO - Processing /home/airflow/.local/lib/python3.8/site-packages/airflow/example_dags/example_external_task_marker_dag.py took 0.311 seconds
[2024-03-21T01:15:59.952+0000] {processor.py:161} INFO - Started process (PID=350) to work on /home/airflow/.local/lib/python3.8/site-packages/airflow/example_dags/example_external_task_marker_dag.py
[2024-03-21T01:15:59.953+0000] {processor.py:830} INFO - Processing file /home/airflow/.local/lib/python3.8/site-packages/airflow/example_dags/example_external_task_marker_dag.py for tasks to queue
[2024-03-21T01:15:59.955+0000] {logging_mixin.py:188} INFO - [2024-03-21T01:15:59.954+0000] {dagbag.py:540} INFO - Filling up the DagBag from /home/airflow/.local/lib/python3.8/site-packages/airflow/example_dags/example_external_task_marker_dag.py
[2024-03-21T01:15:59.960+0000] {processor.py:840} INFO - DAG(s) 'example_external_task_marker_parent', 'example_external_task_marker_child' retrieved from /home/airflow/.local/lib/python3.8/site-packages/airflow/example_dags/example_external_task_marker_dag.py
[2024-03-21T01:15:59.973+0000] {logging_mixin.py:188} INFO - [2024-03-21T01:15:59.972+0000] {dag.py:3047} INFO - Sync 2 DAGs
[2024-03-21T01:15:59.986+0000] {logging_mixin.py:188} INFO - [2024-03-21T01:15:59.985+0000] {dag.py:3834} INFO - Setting next_dagrun for example_external_task_marker_child to None, run_after=None
[2024-03-21T01:15:59.989+0000] {logging_mixin.py:188} INFO - [2024-03-21T01:15:59.989+0000] {dag.py:3834} INFO - Setting next_dagrun for example_external_task_marker_parent to None, run_after=None
[2024-03-21T01:16:00.008+0000] {processor.py:183} INFO - Processing /home/airflow/.local/lib/python3.8/site-packages/airflow/example_dags/example_external_task_marker_dag.py took 0.060 seconds
[2024-03-21T01:16:30.718+0000] {processor.py:161} INFO - Started process (PID=405) to work on /home/airflow/.local/lib/python3.8/site-packages/airflow/example_dags/example_external_task_marker_dag.py
[2024-03-21T01:16:30.720+0000] {processor.py:830} INFO - Processing file /home/airflow/.local/lib/python3.8/site-packages/airflow/example_dags/example_external_task_marker_dag.py for tasks to queue
[2024-03-21T01:16:30.723+0000] {logging_mixin.py:188} INFO - [2024-03-21T01:16:30.723+0000] {dagbag.py:540} INFO - Filling up the DagBag from /home/airflow/.local/lib/python3.8/site-packages/airflow/example_dags/example_external_task_marker_dag.py
[2024-03-21T01:16:30.733+0000] {processor.py:840} INFO - DAG(s) 'example_external_task_marker_parent', 'example_external_task_marker_child' retrieved from /home/airflow/.local/lib/python3.8/site-packages/airflow/example_dags/example_external_task_marker_dag.py
[2024-03-21T01:16:30.953+0000] {logging_mixin.py:188} INFO - [2024-03-21T01:16:30.952+0000] {dag.py:3047} INFO - Sync 2 DAGs
[2024-03-21T01:16:30.971+0000] {logging_mixin.py:188} INFO - [2024-03-21T01:16:30.971+0000] {dag.py:3834} INFO - Setting next_dagrun for example_external_task_marker_child to None, run_after=None
[2024-03-21T01:16:30.976+0000] {logging_mixin.py:188} INFO - [2024-03-21T01:16:30.975+0000] {dag.py:3834} INFO - Setting next_dagrun for example_external_task_marker_parent to None, run_after=None
[2024-03-21T01:16:31.009+0000] {processor.py:183} INFO - Processing /home/airflow/.local/lib/python3.8/site-packages/airflow/example_dags/example_external_task_marker_dag.py took 0.297 seconds
[2024-03-21T01:17:03.093+0000] {processor.py:161} INFO - Started process (PID=459) to work on /home/airflow/.local/lib/python3.8/site-packages/airflow/example_dags/example_external_task_marker_dag.py
[2024-03-21T01:17:03.095+0000] {processor.py:830} INFO - Processing file /home/airflow/.local/lib/python3.8/site-packages/airflow/example_dags/example_external_task_marker_dag.py for tasks to queue
[2024-03-21T01:17:03.099+0000] {logging_mixin.py:188} INFO - [2024-03-21T01:17:03.098+0000] {dagbag.py:540} INFO - Filling up the DagBag from /home/airflow/.local/lib/python3.8/site-packages/airflow/example_dags/example_external_task_marker_dag.py
[2024-03-21T01:17:03.111+0000] {processor.py:840} INFO - DAG(s) 'example_external_task_marker_child', 'example_external_task_marker_parent' retrieved from /home/airflow/.local/lib/python3.8/site-packages/airflow/example_dags/example_external_task_marker_dag.py
[2024-03-21T01:17:03.173+0000] {logging_mixin.py:188} INFO - [2024-03-21T01:17:03.173+0000] {dag.py:3047} INFO - Sync 2 DAGs
[2024-03-21T01:17:03.200+0000] {logging_mixin.py:188} INFO - [2024-03-21T01:17:03.199+0000] {dag.py:3834} INFO - Setting next_dagrun for example_external_task_marker_child to None, run_after=None
[2024-03-21T01:17:03.206+0000] {logging_mixin.py:188} INFO - [2024-03-21T01:17:03.205+0000] {dag.py:3834} INFO - Setting next_dagrun for example_external_task_marker_parent to None, run_after=None
[2024-03-21T01:17:03.251+0000] {processor.py:183} INFO - Processing /home/airflow/.local/lib/python3.8/site-packages/airflow/example_dags/example_external_task_marker_dag.py took 0.166 seconds
[2024-03-21T01:17:33.341+0000] {processor.py:161} INFO - Started process (PID=514) to work on /home/airflow/.local/lib/python3.8/site-packages/airflow/example_dags/example_external_task_marker_dag.py
[2024-03-21T01:17:33.342+0000] {processor.py:830} INFO - Processing file /home/airflow/.local/lib/python3.8/site-packages/airflow/example_dags/example_external_task_marker_dag.py for tasks to queue
[2024-03-21T01:17:33.344+0000] {logging_mixin.py:188} INFO - [2024-03-21T01:17:33.344+0000] {dagbag.py:540} INFO - Filling up the DagBag from /home/airflow/.local/lib/python3.8/site-packages/airflow/example_dags/example_external_task_marker_dag.py
[2024-03-21T01:17:33.350+0000] {processor.py:840} INFO - DAG(s) 'example_external_task_marker_parent', 'example_external_task_marker_child' retrieved from /home/airflow/.local/lib/python3.8/site-packages/airflow/example_dags/example_external_task_marker_dag.py
[2024-03-21T01:17:33.375+0000] {logging_mixin.py:188} INFO - [2024-03-21T01:17:33.375+0000] {dag.py:3047} INFO - Sync 2 DAGs
[2024-03-21T01:17:33.389+0000] {logging_mixin.py:188} INFO - [2024-03-21T01:17:33.389+0000] {dag.py:3834} INFO - Setting next_dagrun for example_external_task_marker_child to None, run_after=None
[2024-03-21T01:17:33.394+0000] {logging_mixin.py:188} INFO - [2024-03-21T01:17:33.393+0000] {dag.py:3834} INFO - Setting next_dagrun for example_external_task_marker_parent to None, run_after=None
[2024-03-21T01:17:33.416+0000] {processor.py:183} INFO - Processing /home/airflow/.local/lib/python3.8/site-packages/airflow/example_dags/example_external_task_marker_dag.py took 0.079 seconds
[2024-03-21T01:18:04.491+0000] {processor.py:161} INFO - Started process (PID=569) to work on /home/airflow/.local/lib/python3.8/site-packages/airflow/example_dags/example_external_task_marker_dag.py
[2024-03-21T01:18:04.492+0000] {processor.py:830} INFO - Processing file /home/airflow/.local/lib/python3.8/site-packages/airflow/example_dags/example_external_task_marker_dag.py for tasks to queue
[2024-03-21T01:18:04.495+0000] {logging_mixin.py:188} INFO - [2024-03-21T01:18:04.494+0000] {dagbag.py:540} INFO - Filling up the DagBag from /home/airflow/.local/lib/python3.8/site-packages/airflow/example_dags/example_external_task_marker_dag.py
[2024-03-21T01:18:04.506+0000] {processor.py:840} INFO - DAG(s) 'example_external_task_marker_parent', 'example_external_task_marker_child' retrieved from /home/airflow/.local/lib/python3.8/site-packages/airflow/example_dags/example_external_task_marker_dag.py
[2024-03-21T01:18:04.545+0000] {logging_mixin.py:188} INFO - [2024-03-21T01:18:04.545+0000] {dag.py:3047} INFO - Sync 2 DAGs
[2024-03-21T01:18:04.565+0000] {logging_mixin.py:188} INFO - [2024-03-21T01:18:04.565+0000] {dag.py:3834} INFO - Setting next_dagrun for example_external_task_marker_child to None, run_after=None
[2024-03-21T01:18:04.572+0000] {logging_mixin.py:188} INFO - [2024-03-21T01:18:04.571+0000] {dag.py:3834} INFO - Setting next_dagrun for example_external_task_marker_parent to None, run_after=None
[2024-03-21T01:18:04.600+0000] {processor.py:183} INFO - Processing /home/airflow/.local/lib/python3.8/site-packages/airflow/example_dags/example_external_task_marker_dag.py took 0.114 seconds
[2024-03-21T01:18:34.888+0000] {processor.py:161} INFO - Started process (PID=624) to work on /home/airflow/.local/lib/python3.8/site-packages/airflow/example_dags/example_external_task_marker_dag.py
[2024-03-21T01:18:34.890+0000] {processor.py:830} INFO - Processing file /home/airflow/.local/lib/python3.8/site-packages/airflow/example_dags/example_external_task_marker_dag.py for tasks to queue
[2024-03-21T01:18:34.892+0000] {logging_mixin.py:188} INFO - [2024-03-21T01:18:34.892+0000] {dagbag.py:540} INFO - Filling up the DagBag from /home/airflow/.local/lib/python3.8/site-packages/airflow/example_dags/example_external_task_marker_dag.py
[2024-03-21T01:18:34.900+0000] {processor.py:840} INFO - DAG(s) 'example_external_task_marker_child', 'example_external_task_marker_parent' retrieved from /home/airflow/.local/lib/python3.8/site-packages/airflow/example_dags/example_external_task_marker_dag.py
[2024-03-21T01:18:34.932+0000] {logging_mixin.py:188} INFO - [2024-03-21T01:18:34.932+0000] {dag.py:3047} INFO - Sync 2 DAGs
[2024-03-21T01:18:34.950+0000] {logging_mixin.py:188} INFO - [2024-03-21T01:18:34.950+0000] {dag.py:3834} INFO - Setting next_dagrun for example_external_task_marker_child to None, run_after=None
[2024-03-21T01:18:34.956+0000] {logging_mixin.py:188} INFO - [2024-03-21T01:18:34.955+0000] {dag.py:3834} INFO - Setting next_dagrun for example_external_task_marker_parent to None, run_after=None
[2024-03-21T01:18:34.990+0000] {processor.py:183} INFO - Processing /home/airflow/.local/lib/python3.8/site-packages/airflow/example_dags/example_external_task_marker_dag.py took 0.105 seconds
[2024-03-21T01:19:06.678+0000] {processor.py:161} INFO - Started process (PID=679) to work on /home/airflow/.local/lib/python3.8/site-packages/airflow/example_dags/example_external_task_marker_dag.py
[2024-03-21T01:19:06.680+0000] {processor.py:830} INFO - Processing file /home/airflow/.local/lib/python3.8/site-packages/airflow/example_dags/example_external_task_marker_dag.py for tasks to queue
[2024-03-21T01:19:06.684+0000] {logging_mixin.py:188} INFO - [2024-03-21T01:19:06.683+0000] {dagbag.py:540} INFO - Filling up the DagBag from /home/airflow/.local/lib/python3.8/site-packages/airflow/example_dags/example_external_task_marker_dag.py
[2024-03-21T01:19:06.698+0000] {processor.py:840} INFO - DAG(s) 'example_external_task_marker_child', 'example_external_task_marker_parent' retrieved from /home/airflow/.local/lib/python3.8/site-packages/airflow/example_dags/example_external_task_marker_dag.py
[2024-03-21T01:19:06.751+0000] {logging_mixin.py:188} INFO - [2024-03-21T01:19:06.750+0000] {dag.py:3047} INFO - Sync 2 DAGs
[2024-03-21T01:19:06.780+0000] {logging_mixin.py:188} INFO - [2024-03-21T01:19:06.780+0000] {dag.py:3834} INFO - Setting next_dagrun for example_external_task_marker_child to None, run_after=None
[2024-03-21T01:19:06.788+0000] {logging_mixin.py:188} INFO - [2024-03-21T01:19:06.788+0000] {dag.py:3834} INFO - Setting next_dagrun for example_external_task_marker_parent to None, run_after=None
[2024-03-21T01:19:06.845+0000] {processor.py:183} INFO - Processing /home/airflow/.local/lib/python3.8/site-packages/airflow/example_dags/example_external_task_marker_dag.py took 0.174 seconds
[2024-03-21T01:19:37.329+0000] {processor.py:161} INFO - Started process (PID=735) to work on /home/airflow/.local/lib/python3.8/site-packages/airflow/example_dags/example_external_task_marker_dag.py
[2024-03-21T01:19:37.331+0000] {processor.py:830} INFO - Processing file /home/airflow/.local/lib/python3.8/site-packages/airflow/example_dags/example_external_task_marker_dag.py for tasks to queue
[2024-03-21T01:19:37.334+0000] {logging_mixin.py:188} INFO - [2024-03-21T01:19:37.333+0000] {dagbag.py:540} INFO - Filling up the DagBag from /home/airflow/.local/lib/python3.8/site-packages/airflow/example_dags/example_external_task_marker_dag.py
[2024-03-21T01:19:37.344+0000] {processor.py:840} INFO - DAG(s) 'example_external_task_marker_parent', 'example_external_task_marker_child' retrieved from /home/airflow/.local/lib/python3.8/site-packages/airflow/example_dags/example_external_task_marker_dag.py
[2024-03-21T01:19:37.392+0000] {logging_mixin.py:188} INFO - [2024-03-21T01:19:37.392+0000] {dag.py:3047} INFO - Sync 2 DAGs
[2024-03-21T01:19:37.424+0000] {logging_mixin.py:188} INFO - [2024-03-21T01:19:37.423+0000] {dag.py:3834} INFO - Setting next_dagrun for example_external_task_marker_child to None, run_after=None
[2024-03-21T01:19:37.431+0000] {logging_mixin.py:188} INFO - [2024-03-21T01:19:37.430+0000] {dag.py:3834} INFO - Setting next_dagrun for example_external_task_marker_parent to None, run_after=None
[2024-03-21T01:19:37.483+0000] {processor.py:183} INFO - Processing /home/airflow/.local/lib/python3.8/site-packages/airflow/example_dags/example_external_task_marker_dag.py took 0.161 seconds
[2024-03-21T01:20:08.355+0000] {processor.py:161} INFO - Started process (PID=790) to work on /home/airflow/.local/lib/python3.8/site-packages/airflow/example_dags/example_external_task_marker_dag.py
[2024-03-21T01:20:08.357+0000] {processor.py:830} INFO - Processing file /home/airflow/.local/lib/python3.8/site-packages/airflow/example_dags/example_external_task_marker_dag.py for tasks to queue
[2024-03-21T01:20:08.361+0000] {logging_mixin.py:188} INFO - [2024-03-21T01:20:08.361+0000] {dagbag.py:540} INFO - Filling up the DagBag from /home/airflow/.local/lib/python3.8/site-packages/airflow/example_dags/example_external_task_marker_dag.py
[2024-03-21T01:20:08.375+0000] {processor.py:840} INFO - DAG(s) 'example_external_task_marker_child', 'example_external_task_marker_parent' retrieved from /home/airflow/.local/lib/python3.8/site-packages/airflow/example_dags/example_external_task_marker_dag.py
[2024-03-21T01:20:08.423+0000] {logging_mixin.py:188} INFO - [2024-03-21T01:20:08.422+0000] {dag.py:3047} INFO - Sync 2 DAGs
[2024-03-21T01:20:08.453+0000] {logging_mixin.py:188} INFO - [2024-03-21T01:20:08.452+0000] {dag.py:3834} INFO - Setting next_dagrun for example_external_task_marker_child to None, run_after=None
[2024-03-21T01:20:08.465+0000] {logging_mixin.py:188} INFO - [2024-03-21T01:20:08.464+0000] {dag.py:3834} INFO - Setting next_dagrun for example_external_task_marker_parent to None, run_after=None
[2024-03-21T01:20:08.509+0000] {processor.py:183} INFO - Processing /home/airflow/.local/lib/python3.8/site-packages/airflow/example_dags/example_external_task_marker_dag.py took 0.159 seconds
[2024-03-21T01:20:39.279+0000] {processor.py:161} INFO - Started process (PID=845) to work on /home/airflow/.local/lib/python3.8/site-packages/airflow/example_dags/example_external_task_marker_dag.py
[2024-03-21T01:20:39.280+0000] {processor.py:830} INFO - Processing file /home/airflow/.local/lib/python3.8/site-packages/airflow/example_dags/example_external_task_marker_dag.py for tasks to queue
[2024-03-21T01:20:39.282+0000] {logging_mixin.py:188} INFO - [2024-03-21T01:20:39.282+0000] {dagbag.py:540} INFO - Filling up the DagBag from /home/airflow/.local/lib/python3.8/site-packages/airflow/example_dags/example_external_task_marker_dag.py
[2024-03-21T01:20:39.287+0000] {processor.py:840} INFO - DAG(s) 'example_external_task_marker_child', 'example_external_task_marker_parent' retrieved from /home/airflow/.local/lib/python3.8/site-packages/airflow/example_dags/example_external_task_marker_dag.py
[2024-03-21T01:20:39.311+0000] {logging_mixin.py:188} INFO - [2024-03-21T01:20:39.311+0000] {dag.py:3047} INFO - Sync 2 DAGs
[2024-03-21T01:20:39.327+0000] {logging_mixin.py:188} INFO - [2024-03-21T01:20:39.327+0000] {dag.py:3834} INFO - Setting next_dagrun for example_external_task_marker_child to None, run_after=None
[2024-03-21T01:20:39.331+0000] {logging_mixin.py:188} INFO - [2024-03-21T01:20:39.330+0000] {dag.py:3834} INFO - Setting next_dagrun for example_external_task_marker_parent to None, run_after=None
[2024-03-21T01:20:39.351+0000] {processor.py:183} INFO - Processing /home/airflow/.local/lib/python3.8/site-packages/airflow/example_dags/example_external_task_marker_dag.py took 0.075 seconds
[2024-03-21T01:21:10.185+0000] {processor.py:161} INFO - Started process (PID=899) to work on /home/airflow/.local/lib/python3.8/site-packages/airflow/example_dags/example_external_task_marker_dag.py
[2024-03-21T01:21:10.186+0000] {processor.py:830} INFO - Processing file /home/airflow/.local/lib/python3.8/site-packages/airflow/example_dags/example_external_task_marker_dag.py for tasks to queue
[2024-03-21T01:21:10.188+0000] {logging_mixin.py:188} INFO - [2024-03-21T01:21:10.188+0000] {dagbag.py:540} INFO - Filling up the DagBag from /home/airflow/.local/lib/python3.8/site-packages/airflow/example_dags/example_external_task_marker_dag.py
[2024-03-21T01:21:10.196+0000] {processor.py:840} INFO - DAG(s) 'example_external_task_marker_parent', 'example_external_task_marker_child' retrieved from /home/airflow/.local/lib/python3.8/site-packages/airflow/example_dags/example_external_task_marker_dag.py
[2024-03-21T01:21:10.229+0000] {logging_mixin.py:188} INFO - [2024-03-21T01:21:10.228+0000] {dag.py:3047} INFO - Sync 2 DAGs
[2024-03-21T01:21:10.247+0000] {logging_mixin.py:188} INFO - [2024-03-21T01:21:10.245+0000] {dag.py:3834} INFO - Setting next_dagrun for example_external_task_marker_child to None, run_after=None
[2024-03-21T01:21:10.252+0000] {logging_mixin.py:188} INFO - [2024-03-21T01:21:10.252+0000] {dag.py:3834} INFO - Setting next_dagrun for example_external_task_marker_parent to None, run_after=None
[2024-03-21T01:21:10.283+0000] {processor.py:183} INFO - Processing /home/airflow/.local/lib/python3.8/site-packages/airflow/example_dags/example_external_task_marker_dag.py took 0.101 seconds
[2024-03-21T01:21:40.613+0000] {processor.py:161} INFO - Started process (PID=954) to work on /home/airflow/.local/lib/python3.8/site-packages/airflow/example_dags/example_external_task_marker_dag.py
[2024-03-21T01:21:40.616+0000] {processor.py:830} INFO - Processing file /home/airflow/.local/lib/python3.8/site-packages/airflow/example_dags/example_external_task_marker_dag.py for tasks to queue
[2024-03-21T01:21:40.620+0000] {logging_mixin.py:188} INFO - [2024-03-21T01:21:40.619+0000] {dagbag.py:540} INFO - Filling up the DagBag from /home/airflow/.local/lib/python3.8/site-packages/airflow/example_dags/example_external_task_marker_dag.py
[2024-03-21T01:21:40.636+0000] {processor.py:840} INFO - DAG(s) 'example_external_task_marker_parent', 'example_external_task_marker_child' retrieved from /home/airflow/.local/lib/python3.8/site-packages/airflow/example_dags/example_external_task_marker_dag.py
[2024-03-21T01:21:40.676+0000] {logging_mixin.py:188} INFO - [2024-03-21T01:21:40.675+0000] {dag.py:3047} INFO - Sync 2 DAGs
[2024-03-21T01:21:40.710+0000] {logging_mixin.py:188} INFO - [2024-03-21T01:21:40.710+0000] {dag.py:3834} INFO - Setting next_dagrun for example_external_task_marker_child to None, run_after=None
[2024-03-21T01:21:40.726+0000] {logging_mixin.py:188} INFO - [2024-03-21T01:21:40.726+0000] {dag.py:3834} INFO - Setting next_dagrun for example_external_task_marker_parent to None, run_after=None
[2024-03-21T01:21:40.762+0000] {processor.py:183} INFO - Processing /home/airflow/.local/lib/python3.8/site-packages/airflow/example_dags/example_external_task_marker_dag.py took 0.154 seconds
[2024-03-21T01:22:11.480+0000] {processor.py:161} INFO - Started process (PID=1010) to work on /home/airflow/.local/lib/python3.8/site-packages/airflow/example_dags/example_external_task_marker_dag.py
[2024-03-21T01:22:11.481+0000] {processor.py:830} INFO - Processing file /home/airflow/.local/lib/python3.8/site-packages/airflow/example_dags/example_external_task_marker_dag.py for tasks to queue
[2024-03-21T01:22:11.483+0000] {logging_mixin.py:188} INFO - [2024-03-21T01:22:11.483+0000] {dagbag.py:540} INFO - Filling up the DagBag from /home/airflow/.local/lib/python3.8/site-packages/airflow/example_dags/example_external_task_marker_dag.py
[2024-03-21T01:22:11.490+0000] {processor.py:840} INFO - DAG(s) 'example_external_task_marker_parent', 'example_external_task_marker_child' retrieved from /home/airflow/.local/lib/python3.8/site-packages/airflow/example_dags/example_external_task_marker_dag.py
[2024-03-21T01:22:11.512+0000] {logging_mixin.py:188} INFO - [2024-03-21T01:22:11.512+0000] {dag.py:3047} INFO - Sync 2 DAGs
[2024-03-21T01:22:11.529+0000] {logging_mixin.py:188} INFO - [2024-03-21T01:22:11.528+0000] {dag.py:3834} INFO - Setting next_dagrun for example_external_task_marker_child to None, run_after=None
[2024-03-21T01:22:11.533+0000] {logging_mixin.py:188} INFO - [2024-03-21T01:22:11.533+0000] {dag.py:3834} INFO - Setting next_dagrun for example_external_task_marker_parent to None, run_after=None
[2024-03-21T01:22:11.556+0000] {processor.py:183} INFO - Processing /home/airflow/.local/lib/python3.8/site-packages/airflow/example_dags/example_external_task_marker_dag.py took 0.080 seconds
[2024-03-21T01:22:42.260+0000] {processor.py:161} INFO - Started process (PID=1065) to work on /home/airflow/.local/lib/python3.8/site-packages/airflow/example_dags/example_external_task_marker_dag.py
[2024-03-21T01:22:42.262+0000] {processor.py:830} INFO - Processing file /home/airflow/.local/lib/python3.8/site-packages/airflow/example_dags/example_external_task_marker_dag.py for tasks to queue
[2024-03-21T01:22:42.264+0000] {logging_mixin.py:188} INFO - [2024-03-21T01:22:42.264+0000] {dagbag.py:540} INFO - Filling up the DagBag from /home/airflow/.local/lib/python3.8/site-packages/airflow/example_dags/example_external_task_marker_dag.py
[2024-03-21T01:22:42.272+0000] {processor.py:840} INFO - DAG(s) 'example_external_task_marker_child', 'example_external_task_marker_parent' retrieved from /home/airflow/.local/lib/python3.8/site-packages/airflow/example_dags/example_external_task_marker_dag.py
[2024-03-21T01:22:42.304+0000] {logging_mixin.py:188} INFO - [2024-03-21T01:22:42.304+0000] {dag.py:3047} INFO - Sync 2 DAGs
[2024-03-21T01:22:42.324+0000] {logging_mixin.py:188} INFO - [2024-03-21T01:22:42.324+0000] {dag.py:3834} INFO - Setting next_dagrun for example_external_task_marker_child to None, run_after=None
[2024-03-21T01:22:42.330+0000] {logging_mixin.py:188} INFO - [2024-03-21T01:22:42.329+0000] {dag.py:3834} INFO - Setting next_dagrun for example_external_task_marker_parent to None, run_after=None
[2024-03-21T01:22:42.357+0000] {processor.py:183} INFO - Processing /home/airflow/.local/lib/python3.8/site-packages/airflow/example_dags/example_external_task_marker_dag.py took 0.102 seconds
[2024-03-21T01:23:12.428+0000] {processor.py:161} INFO - Started process (PID=1120) to work on /home/airflow/.local/lib/python3.8/site-packages/airflow/example_dags/example_external_task_marker_dag.py
[2024-03-21T01:23:12.428+0000] {processor.py:830} INFO - Processing file /home/airflow/.local/lib/python3.8/site-packages/airflow/example_dags/example_external_task_marker_dag.py for tasks to queue
[2024-03-21T01:23:12.430+0000] {logging_mixin.py:188} INFO - [2024-03-21T01:23:12.430+0000] {dagbag.py:540} INFO - Filling up the DagBag from /home/airflow/.local/lib/python3.8/site-packages/airflow/example_dags/example_external_task_marker_dag.py
[2024-03-21T01:23:12.436+0000] {processor.py:840} INFO - DAG(s) 'example_external_task_marker_child', 'example_external_task_marker_parent' retrieved from /home/airflow/.local/lib/python3.8/site-packages/airflow/example_dags/example_external_task_marker_dag.py
[2024-03-21T01:23:12.462+0000] {logging_mixin.py:188} INFO - [2024-03-21T01:23:12.462+0000] {dag.py:3047} INFO - Sync 2 DAGs
[2024-03-21T01:23:12.475+0000] {logging_mixin.py:188} INFO - [2024-03-21T01:23:12.475+0000] {dag.py:3834} INFO - Setting next_dagrun for example_external_task_marker_child to None, run_after=None
[2024-03-21T01:23:12.479+0000] {logging_mixin.py:188} INFO - [2024-03-21T01:23:12.478+0000] {dag.py:3834} INFO - Setting next_dagrun for example_external_task_marker_parent to None, run_after=None
[2024-03-21T01:23:12.498+0000] {processor.py:183} INFO - Processing /home/airflow/.local/lib/python3.8/site-packages/airflow/example_dags/example_external_task_marker_dag.py took 0.074 seconds
[2024-03-21T01:23:42.650+0000] {processor.py:161} INFO - Started process (PID=1174) to work on /home/airflow/.local/lib/python3.8/site-packages/airflow/example_dags/example_external_task_marker_dag.py
[2024-03-21T01:23:42.652+0000] {processor.py:830} INFO - Processing file /home/airflow/.local/lib/python3.8/site-packages/airflow/example_dags/example_external_task_marker_dag.py for tasks to queue
[2024-03-21T01:23:42.654+0000] {logging_mixin.py:188} INFO - [2024-03-21T01:23:42.654+0000] {dagbag.py:540} INFO - Filling up the DagBag from /home/airflow/.local/lib/python3.8/site-packages/airflow/example_dags/example_external_task_marker_dag.py
[2024-03-21T01:23:42.662+0000] {processor.py:840} INFO - DAG(s) 'example_external_task_marker_parent', 'example_external_task_marker_child' retrieved from /home/airflow/.local/lib/python3.8/site-packages/airflow/example_dags/example_external_task_marker_dag.py
[2024-03-21T01:23:42.695+0000] {logging_mixin.py:188} INFO - [2024-03-21T01:23:42.694+0000] {dag.py:3047} INFO - Sync 2 DAGs
[2024-03-21T01:23:42.712+0000] {logging_mixin.py:188} INFO - [2024-03-21T01:23:42.712+0000] {dag.py:3834} INFO - Setting next_dagrun for example_external_task_marker_child to None, run_after=None
[2024-03-21T01:23:42.718+0000] {logging_mixin.py:188} INFO - [2024-03-21T01:23:42.718+0000] {dag.py:3834} INFO - Setting next_dagrun for example_external_task_marker_parent to None, run_after=None
[2024-03-21T01:23:42.751+0000] {processor.py:183} INFO - Processing /home/airflow/.local/lib/python3.8/site-packages/airflow/example_dags/example_external_task_marker_dag.py took 0.105 seconds
[2024-03-21T01:24:13.142+0000] {processor.py:161} INFO - Started process (PID=1229) to work on /home/airflow/.local/lib/python3.8/site-packages/airflow/example_dags/example_external_task_marker_dag.py
[2024-03-21T01:24:13.143+0000] {processor.py:830} INFO - Processing file /home/airflow/.local/lib/python3.8/site-packages/airflow/example_dags/example_external_task_marker_dag.py for tasks to queue
[2024-03-21T01:24:13.146+0000] {logging_mixin.py:188} INFO - [2024-03-21T01:24:13.145+0000] {dagbag.py:540} INFO - Filling up the DagBag from /home/airflow/.local/lib/python3.8/site-packages/airflow/example_dags/example_external_task_marker_dag.py
[2024-03-21T01:24:13.153+0000] {processor.py:840} INFO - DAG(s) 'example_external_task_marker_parent', 'example_external_task_marker_child' retrieved from /home/airflow/.local/lib/python3.8/site-packages/airflow/example_dags/example_external_task_marker_dag.py
[2024-03-21T01:24:13.188+0000] {logging_mixin.py:188} INFO - [2024-03-21T01:24:13.187+0000] {dag.py:3047} INFO - Sync 2 DAGs
[2024-03-21T01:24:13.209+0000] {logging_mixin.py:188} INFO - [2024-03-21T01:24:13.209+0000] {dag.py:3834} INFO - Setting next_dagrun for example_external_task_marker_child to None, run_after=None
[2024-03-21T01:24:13.219+0000] {logging_mixin.py:188} INFO - [2024-03-21T01:24:13.218+0000] {dag.py:3834} INFO - Setting next_dagrun for example_external_task_marker_parent to None, run_after=None
[2024-03-21T01:24:13.248+0000] {processor.py:183} INFO - Processing /home/airflow/.local/lib/python3.8/site-packages/airflow/example_dags/example_external_task_marker_dag.py took 0.111 seconds
[2024-03-21T01:24:44.147+0000] {processor.py:161} INFO - Started process (PID=1284) to work on /home/airflow/.local/lib/python3.8/site-packages/airflow/example_dags/example_external_task_marker_dag.py
[2024-03-21T01:24:44.149+0000] {processor.py:830} INFO - Processing file /home/airflow/.local/lib/python3.8/site-packages/airflow/example_dags/example_external_task_marker_dag.py for tasks to queue
[2024-03-21T01:24:44.151+0000] {logging_mixin.py:188} INFO - [2024-03-21T01:24:44.151+0000] {dagbag.py:540} INFO - Filling up the DagBag from /home/airflow/.local/lib/python3.8/site-packages/airflow/example_dags/example_external_task_marker_dag.py
[2024-03-21T01:24:44.159+0000] {processor.py:840} INFO - DAG(s) 'example_external_task_marker_child', 'example_external_task_marker_parent' retrieved from /home/airflow/.local/lib/python3.8/site-packages/airflow/example_dags/example_external_task_marker_dag.py
[2024-03-21T01:24:44.187+0000] {logging_mixin.py:188} INFO - [2024-03-21T01:24:44.186+0000] {dag.py:3047} INFO - Sync 2 DAGs
[2024-03-21T01:24:44.202+0000] {logging_mixin.py:188} INFO - [2024-03-21T01:24:44.201+0000] {dag.py:3834} INFO - Setting next_dagrun for example_external_task_marker_child to None, run_after=None
[2024-03-21T01:24:44.206+0000] {logging_mixin.py:188} INFO - [2024-03-21T01:24:44.205+0000] {dag.py:3834} INFO - Setting next_dagrun for example_external_task_marker_parent to None, run_after=None
[2024-03-21T01:24:44.228+0000] {processor.py:183} INFO - Processing /home/airflow/.local/lib/python3.8/site-packages/airflow/example_dags/example_external_task_marker_dag.py took 0.085 seconds
[2024-03-21T01:25:14.457+0000] {processor.py:161} INFO - Started process (PID=1339) to work on /home/airflow/.local/lib/python3.8/site-packages/airflow/example_dags/example_external_task_marker_dag.py
[2024-03-21T01:25:14.459+0000] {processor.py:830} INFO - Processing file /home/airflow/.local/lib/python3.8/site-packages/airflow/example_dags/example_external_task_marker_dag.py for tasks to queue
[2024-03-21T01:25:14.462+0000] {logging_mixin.py:188} INFO - [2024-03-21T01:25:14.461+0000] {dagbag.py:540} INFO - Filling up the DagBag from /home/airflow/.local/lib/python3.8/site-packages/airflow/example_dags/example_external_task_marker_dag.py
[2024-03-21T01:25:14.471+0000] {processor.py:840} INFO - DAG(s) 'example_external_task_marker_child', 'example_external_task_marker_parent' retrieved from /home/airflow/.local/lib/python3.8/site-packages/airflow/example_dags/example_external_task_marker_dag.py
[2024-03-21T01:25:14.504+0000] {logging_mixin.py:188} INFO - [2024-03-21T01:25:14.504+0000] {dag.py:3047} INFO - Sync 2 DAGs
[2024-03-21T01:25:14.525+0000] {logging_mixin.py:188} INFO - [2024-03-21T01:25:14.525+0000] {dag.py:3834} INFO - Setting next_dagrun for example_external_task_marker_child to None, run_after=None
[2024-03-21T01:25:14.530+0000] {logging_mixin.py:188} INFO - [2024-03-21T01:25:14.530+0000] {dag.py:3834} INFO - Setting next_dagrun for example_external_task_marker_parent to None, run_after=None
[2024-03-21T01:25:14.563+0000] {processor.py:183} INFO - Processing /home/airflow/.local/lib/python3.8/site-packages/airflow/example_dags/example_external_task_marker_dag.py took 0.111 seconds
[2024-03-21T01:25:44.753+0000] {processor.py:161} INFO - Started process (PID=1394) to work on /home/airflow/.local/lib/python3.8/site-packages/airflow/example_dags/example_external_task_marker_dag.py
[2024-03-21T01:25:44.754+0000] {processor.py:830} INFO - Processing file /home/airflow/.local/lib/python3.8/site-packages/airflow/example_dags/example_external_task_marker_dag.py for tasks to queue
[2024-03-21T01:25:44.756+0000] {logging_mixin.py:188} INFO - [2024-03-21T01:25:44.756+0000] {dagbag.py:540} INFO - Filling up the DagBag from /home/airflow/.local/lib/python3.8/site-packages/airflow/example_dags/example_external_task_marker_dag.py
[2024-03-21T01:25:44.764+0000] {processor.py:840} INFO - DAG(s) 'example_external_task_marker_parent', 'example_external_task_marker_child' retrieved from /home/airflow/.local/lib/python3.8/site-packages/airflow/example_dags/example_external_task_marker_dag.py
[2024-03-21T01:25:44.797+0000] {logging_mixin.py:188} INFO - [2024-03-21T01:25:44.796+0000] {dag.py:3047} INFO - Sync 2 DAGs
[2024-03-21T01:25:44.813+0000] {logging_mixin.py:188} INFO - [2024-03-21T01:25:44.813+0000] {dag.py:3834} INFO - Setting next_dagrun for example_external_task_marker_child to None, run_after=None
[2024-03-21T01:25:44.818+0000] {logging_mixin.py:188} INFO - [2024-03-21T01:25:44.818+0000] {dag.py:3834} INFO - Setting next_dagrun for example_external_task_marker_parent to None, run_after=None
[2024-03-21T01:25:44.852+0000] {processor.py:183} INFO - Processing /home/airflow/.local/lib/python3.8/site-packages/airflow/example_dags/example_external_task_marker_dag.py took 0.103 seconds
[2024-03-21T01:26:15.686+0000] {processor.py:161} INFO - Started process (PID=1449) to work on /home/airflow/.local/lib/python3.8/site-packages/airflow/example_dags/example_external_task_marker_dag.py
[2024-03-21T01:26:15.687+0000] {processor.py:830} INFO - Processing file /home/airflow/.local/lib/python3.8/site-packages/airflow/example_dags/example_external_task_marker_dag.py for tasks to queue
[2024-03-21T01:26:15.690+0000] {logging_mixin.py:188} INFO - [2024-03-21T01:26:15.690+0000] {dagbag.py:540} INFO - Filling up the DagBag from /home/airflow/.local/lib/python3.8/site-packages/airflow/example_dags/example_external_task_marker_dag.py
[2024-03-21T01:26:15.700+0000] {processor.py:840} INFO - DAG(s) 'example_external_task_marker_parent', 'example_external_task_marker_child' retrieved from /home/airflow/.local/lib/python3.8/site-packages/airflow/example_dags/example_external_task_marker_dag.py
[2024-03-21T01:26:15.744+0000] {logging_mixin.py:188} INFO - [2024-03-21T01:26:15.744+0000] {dag.py:3047} INFO - Sync 2 DAGs
[2024-03-21T01:26:15.767+0000] {logging_mixin.py:188} INFO - [2024-03-21T01:26:15.767+0000] {dag.py:3834} INFO - Setting next_dagrun for example_external_task_marker_child to None, run_after=None
[2024-03-21T01:26:15.776+0000] {logging_mixin.py:188} INFO - [2024-03-21T01:26:15.776+0000] {dag.py:3834} INFO - Setting next_dagrun for example_external_task_marker_parent to None, run_after=None
[2024-03-21T01:26:15.810+0000] {processor.py:183} INFO - Processing /home/airflow/.local/lib/python3.8/site-packages/airflow/example_dags/example_external_task_marker_dag.py took 0.130 seconds
[2024-03-21T01:26:46.030+0000] {processor.py:161} INFO - Started process (PID=1504) to work on /home/airflow/.local/lib/python3.8/site-packages/airflow/example_dags/example_external_task_marker_dag.py
[2024-03-21T01:26:46.032+0000] {processor.py:830} INFO - Processing file /home/airflow/.local/lib/python3.8/site-packages/airflow/example_dags/example_external_task_marker_dag.py for tasks to queue
[2024-03-21T01:26:46.036+0000] {logging_mixin.py:188} INFO - [2024-03-21T01:26:46.035+0000] {dagbag.py:540} INFO - Filling up the DagBag from /home/airflow/.local/lib/python3.8/site-packages/airflow/example_dags/example_external_task_marker_dag.py
[2024-03-21T01:26:46.053+0000] {processor.py:840} INFO - DAG(s) 'example_external_task_marker_parent', 'example_external_task_marker_child' retrieved from /home/airflow/.local/lib/python3.8/site-packages/airflow/example_dags/example_external_task_marker_dag.py
[2024-03-21T01:26:46.118+0000] {logging_mixin.py:188} INFO - [2024-03-21T01:26:46.117+0000] {dag.py:3047} INFO - Sync 2 DAGs
[2024-03-21T01:26:46.145+0000] {logging_mixin.py:188} INFO - [2024-03-21T01:26:46.145+0000] {dag.py:3834} INFO - Setting next_dagrun for example_external_task_marker_child to None, run_after=None
[2024-03-21T01:26:46.154+0000] {logging_mixin.py:188} INFO - [2024-03-21T01:26:46.153+0000] {dag.py:3834} INFO - Setting next_dagrun for example_external_task_marker_parent to None, run_after=None
[2024-03-21T01:26:46.188+0000] {processor.py:183} INFO - Processing /home/airflow/.local/lib/python3.8/site-packages/airflow/example_dags/example_external_task_marker_dag.py took 0.170 seconds
[2024-03-21T01:27:16.736+0000] {processor.py:161} INFO - Started process (PID=1559) to work on /home/airflow/.local/lib/python3.8/site-packages/airflow/example_dags/example_external_task_marker_dag.py
[2024-03-21T01:27:16.737+0000] {processor.py:830} INFO - Processing file /home/airflow/.local/lib/python3.8/site-packages/airflow/example_dags/example_external_task_marker_dag.py for tasks to queue
[2024-03-21T01:27:16.740+0000] {logging_mixin.py:188} INFO - [2024-03-21T01:27:16.740+0000] {dagbag.py:540} INFO - Filling up the DagBag from /home/airflow/.local/lib/python3.8/site-packages/airflow/example_dags/example_external_task_marker_dag.py
[2024-03-21T01:27:16.748+0000] {processor.py:840} INFO - DAG(s) 'example_external_task_marker_child', 'example_external_task_marker_parent' retrieved from /home/airflow/.local/lib/python3.8/site-packages/airflow/example_dags/example_external_task_marker_dag.py
[2024-03-21T01:27:16.784+0000] {logging_mixin.py:188} INFO - [2024-03-21T01:27:16.784+0000] {dag.py:3047} INFO - Sync 2 DAGs
[2024-03-21T01:27:16.803+0000] {logging_mixin.py:188} INFO - [2024-03-21T01:27:16.803+0000] {dag.py:3834} INFO - Setting next_dagrun for example_external_task_marker_child to None, run_after=None
[2024-03-21T01:27:16.809+0000] {logging_mixin.py:188} INFO - [2024-03-21T01:27:16.808+0000] {dag.py:3834} INFO - Setting next_dagrun for example_external_task_marker_parent to None, run_after=None
[2024-03-21T01:27:16.838+0000] {processor.py:183} INFO - Processing /home/airflow/.local/lib/python3.8/site-packages/airflow/example_dags/example_external_task_marker_dag.py took 0.108 seconds
[2024-03-21T01:27:47.035+0000] {processor.py:161} INFO - Started process (PID=1614) to work on /home/airflow/.local/lib/python3.8/site-packages/airflow/example_dags/example_external_task_marker_dag.py
[2024-03-21T01:27:47.036+0000] {processor.py:830} INFO - Processing file /home/airflow/.local/lib/python3.8/site-packages/airflow/example_dags/example_external_task_marker_dag.py for tasks to queue
[2024-03-21T01:27:47.039+0000] {logging_mixin.py:188} INFO - [2024-03-21T01:27:47.039+0000] {dagbag.py:540} INFO - Filling up the DagBag from /home/airflow/.local/lib/python3.8/site-packages/airflow/example_dags/example_external_task_marker_dag.py
[2024-03-21T01:27:47.049+0000] {processor.py:840} INFO - DAG(s) 'example_external_task_marker_parent', 'example_external_task_marker_child' retrieved from /home/airflow/.local/lib/python3.8/site-packages/airflow/example_dags/example_external_task_marker_dag.py
[2024-03-21T01:27:47.090+0000] {logging_mixin.py:188} INFO - [2024-03-21T01:27:47.090+0000] {dag.py:3047} INFO - Sync 2 DAGs
[2024-03-21T01:27:47.110+0000] {logging_mixin.py:188} INFO - [2024-03-21T01:27:47.109+0000] {dag.py:3834} INFO - Setting next_dagrun for example_external_task_marker_child to None, run_after=None
[2024-03-21T01:27:47.115+0000] {logging_mixin.py:188} INFO - [2024-03-21T01:27:47.114+0000] {dag.py:3834} INFO - Setting next_dagrun for example_external_task_marker_parent to None, run_after=None
[2024-03-21T01:27:47.143+0000] {processor.py:183} INFO - Processing /home/airflow/.local/lib/python3.8/site-packages/airflow/example_dags/example_external_task_marker_dag.py took 0.112 seconds
[2024-03-21T01:28:17.914+0000] {processor.py:161} INFO - Started process (PID=1669) to work on /home/airflow/.local/lib/python3.8/site-packages/airflow/example_dags/example_external_task_marker_dag.py
[2024-03-21T01:28:17.916+0000] {processor.py:830} INFO - Processing file /home/airflow/.local/lib/python3.8/site-packages/airflow/example_dags/example_external_task_marker_dag.py for tasks to queue
[2024-03-21T01:28:17.920+0000] {logging_mixin.py:188} INFO - [2024-03-21T01:28:17.920+0000] {dagbag.py:540} INFO - Filling up the DagBag from /home/airflow/.local/lib/python3.8/site-packages/airflow/example_dags/example_external_task_marker_dag.py
[2024-03-21T01:28:17.932+0000] {processor.py:840} INFO - DAG(s) 'example_external_task_marker_child', 'example_external_task_marker_parent' retrieved from /home/airflow/.local/lib/python3.8/site-packages/airflow/example_dags/example_external_task_marker_dag.py
[2024-03-21T01:28:17.973+0000] {logging_mixin.py:188} INFO - [2024-03-21T01:28:17.973+0000] {dag.py:3047} INFO - Sync 2 DAGs
[2024-03-21T01:28:17.996+0000] {logging_mixin.py:188} INFO - [2024-03-21T01:28:17.996+0000] {dag.py:3834} INFO - Setting next_dagrun for example_external_task_marker_child to None, run_after=None
[2024-03-21T01:28:18.004+0000] {logging_mixin.py:188} INFO - [2024-03-21T01:28:18.003+0000] {dag.py:3834} INFO - Setting next_dagrun for example_external_task_marker_parent to None, run_after=None
[2024-03-21T01:28:18.038+0000] {processor.py:183} INFO - Processing /home/airflow/.local/lib/python3.8/site-packages/airflow/example_dags/example_external_task_marker_dag.py took 0.131 seconds
[2024-03-21T01:28:50.785+0000] {processor.py:161} INFO - Started process (PID=1724) to work on /home/airflow/.local/lib/python3.8/site-packages/airflow/example_dags/example_external_task_marker_dag.py
[2024-03-21T01:28:50.801+0000] {processor.py:830} INFO - Processing file /home/airflow/.local/lib/python3.8/site-packages/airflow/example_dags/example_external_task_marker_dag.py for tasks to queue
[2024-03-21T01:28:50.835+0000] {logging_mixin.py:188} INFO - [2024-03-21T01:28:50.834+0000] {dagbag.py:540} INFO - Filling up the DagBag from /home/airflow/.local/lib/python3.8/site-packages/airflow/example_dags/example_external_task_marker_dag.py
[2024-03-21T01:28:50.862+0000] {processor.py:840} INFO - DAG(s) 'example_external_task_marker_child', 'example_external_task_marker_parent' retrieved from /home/airflow/.local/lib/python3.8/site-packages/airflow/example_dags/example_external_task_marker_dag.py
[2024-03-21T01:28:51.028+0000] {logging_mixin.py:188} INFO - [2024-03-21T01:28:51.027+0000] {dag.py:3047} INFO - Sync 2 DAGs
[2024-03-21T01:28:51.145+0000] {logging_mixin.py:188} INFO - [2024-03-21T01:28:51.144+0000] {dag.py:3834} INFO - Setting next_dagrun for example_external_task_marker_child to None, run_after=None
[2024-03-21T01:28:51.210+0000] {logging_mixin.py:188} INFO - [2024-03-21T01:28:51.209+0000] {dag.py:3834} INFO - Setting next_dagrun for example_external_task_marker_parent to None, run_after=None
[2024-03-21T01:28:51.368+0000] {processor.py:183} INFO - Processing /home/airflow/.local/lib/python3.8/site-packages/airflow/example_dags/example_external_task_marker_dag.py took 0.619 seconds
[2024-03-21T01:29:21.843+0000] {processor.py:161} INFO - Started process (PID=1780) to work on /home/airflow/.local/lib/python3.8/site-packages/airflow/example_dags/example_external_task_marker_dag.py
[2024-03-21T01:29:21.845+0000] {processor.py:830} INFO - Processing file /home/airflow/.local/lib/python3.8/site-packages/airflow/example_dags/example_external_task_marker_dag.py for tasks to queue
[2024-03-21T01:29:21.847+0000] {logging_mixin.py:188} INFO - [2024-03-21T01:29:21.847+0000] {dagbag.py:540} INFO - Filling up the DagBag from /home/airflow/.local/lib/python3.8/site-packages/airflow/example_dags/example_external_task_marker_dag.py
[2024-03-21T01:29:21.855+0000] {processor.py:840} INFO - DAG(s) 'example_external_task_marker_child', 'example_external_task_marker_parent' retrieved from /home/airflow/.local/lib/python3.8/site-packages/airflow/example_dags/example_external_task_marker_dag.py
[2024-03-21T01:29:21.885+0000] {logging_mixin.py:188} INFO - [2024-03-21T01:29:21.885+0000] {dag.py:3047} INFO - Sync 2 DAGs
[2024-03-21T01:29:21.900+0000] {logging_mixin.py:188} INFO - [2024-03-21T01:29:21.900+0000] {dag.py:3834} INFO - Setting next_dagrun for example_external_task_marker_child to None, run_after=None
[2024-03-21T01:29:21.905+0000] {logging_mixin.py:188} INFO - [2024-03-21T01:29:21.905+0000] {dag.py:3834} INFO - Setting next_dagrun for example_external_task_marker_parent to None, run_after=None
[2024-03-21T01:29:21.930+0000] {processor.py:183} INFO - Processing /home/airflow/.local/lib/python3.8/site-packages/airflow/example_dags/example_external_task_marker_dag.py took 0.091 seconds
[2024-03-21T01:29:52.736+0000] {processor.py:161} INFO - Started process (PID=1835) to work on /home/airflow/.local/lib/python3.8/site-packages/airflow/example_dags/example_external_task_marker_dag.py
[2024-03-21T01:29:52.737+0000] {processor.py:830} INFO - Processing file /home/airflow/.local/lib/python3.8/site-packages/airflow/example_dags/example_external_task_marker_dag.py for tasks to queue
[2024-03-21T01:29:52.739+0000] {logging_mixin.py:188} INFO - [2024-03-21T01:29:52.739+0000] {dagbag.py:540} INFO - Filling up the DagBag from /home/airflow/.local/lib/python3.8/site-packages/airflow/example_dags/example_external_task_marker_dag.py
[2024-03-21T01:29:52.747+0000] {processor.py:840} INFO - DAG(s) 'example_external_task_marker_child', 'example_external_task_marker_parent' retrieved from /home/airflow/.local/lib/python3.8/site-packages/airflow/example_dags/example_external_task_marker_dag.py
[2024-03-21T01:29:52.777+0000] {logging_mixin.py:188} INFO - [2024-03-21T01:29:52.776+0000] {dag.py:3047} INFO - Sync 2 DAGs
[2024-03-21T01:29:52.795+0000] {logging_mixin.py:188} INFO - [2024-03-21T01:29:52.795+0000] {dag.py:3834} INFO - Setting next_dagrun for example_external_task_marker_child to None, run_after=None
[2024-03-21T01:29:52.800+0000] {logging_mixin.py:188} INFO - [2024-03-21T01:29:52.799+0000] {dag.py:3834} INFO - Setting next_dagrun for example_external_task_marker_parent to None, run_after=None
[2024-03-21T01:29:52.830+0000] {processor.py:183} INFO - Processing /home/airflow/.local/lib/python3.8/site-packages/airflow/example_dags/example_external_task_marker_dag.py took 0.099 seconds
[2024-03-21T01:30:23.006+0000] {processor.py:161} INFO - Started process (PID=1889) to work on /home/airflow/.local/lib/python3.8/site-packages/airflow/example_dags/example_external_task_marker_dag.py
[2024-03-21T01:30:23.007+0000] {processor.py:830} INFO - Processing file /home/airflow/.local/lib/python3.8/site-packages/airflow/example_dags/example_external_task_marker_dag.py for tasks to queue
[2024-03-21T01:30:23.009+0000] {logging_mixin.py:188} INFO - [2024-03-21T01:30:23.009+0000] {dagbag.py:540} INFO - Filling up the DagBag from /home/airflow/.local/lib/python3.8/site-packages/airflow/example_dags/example_external_task_marker_dag.py
[2024-03-21T01:30:23.017+0000] {processor.py:840} INFO - DAG(s) 'example_external_task_marker_child', 'example_external_task_marker_parent' retrieved from /home/airflow/.local/lib/python3.8/site-packages/airflow/example_dags/example_external_task_marker_dag.py
[2024-03-21T01:30:23.055+0000] {logging_mixin.py:188} INFO - [2024-03-21T01:30:23.054+0000] {dag.py:3047} INFO - Sync 2 DAGs
[2024-03-21T01:30:23.074+0000] {logging_mixin.py:188} INFO - [2024-03-21T01:30:23.074+0000] {dag.py:3834} INFO - Setting next_dagrun for example_external_task_marker_child to None, run_after=None
[2024-03-21T01:30:23.081+0000] {logging_mixin.py:188} INFO - [2024-03-21T01:30:23.080+0000] {dag.py:3834} INFO - Setting next_dagrun for example_external_task_marker_parent to None, run_after=None
[2024-03-21T01:30:23.110+0000] {processor.py:183} INFO - Processing /home/airflow/.local/lib/python3.8/site-packages/airflow/example_dags/example_external_task_marker_dag.py took 0.109 seconds
[2024-03-21T01:30:53.604+0000] {processor.py:161} INFO - Started process (PID=1944) to work on /home/airflow/.local/lib/python3.8/site-packages/airflow/example_dags/example_external_task_marker_dag.py
[2024-03-21T01:30:53.605+0000] {processor.py:830} INFO - Processing file /home/airflow/.local/lib/python3.8/site-packages/airflow/example_dags/example_external_task_marker_dag.py for tasks to queue
[2024-03-21T01:30:53.607+0000] {logging_mixin.py:188} INFO - [2024-03-21T01:30:53.607+0000] {dagbag.py:540} INFO - Filling up the DagBag from /home/airflow/.local/lib/python3.8/site-packages/airflow/example_dags/example_external_task_marker_dag.py
[2024-03-21T01:30:53.614+0000] {processor.py:840} INFO - DAG(s) 'example_external_task_marker_child', 'example_external_task_marker_parent' retrieved from /home/airflow/.local/lib/python3.8/site-packages/airflow/example_dags/example_external_task_marker_dag.py
[2024-03-21T01:30:53.646+0000] {logging_mixin.py:188} INFO - [2024-03-21T01:30:53.645+0000] {dag.py:3047} INFO - Sync 2 DAGs
[2024-03-21T01:30:53.663+0000] {logging_mixin.py:188} INFO - [2024-03-21T01:30:53.662+0000] {dag.py:3834} INFO - Setting next_dagrun for example_external_task_marker_child to None, run_after=None
[2024-03-21T01:30:53.668+0000] {logging_mixin.py:188} INFO - [2024-03-21T01:30:53.668+0000] {dag.py:3834} INFO - Setting next_dagrun for example_external_task_marker_parent to None, run_after=None
[2024-03-21T01:30:53.696+0000] {processor.py:183} INFO - Processing /home/airflow/.local/lib/python3.8/site-packages/airflow/example_dags/example_external_task_marker_dag.py took 0.097 seconds
[2024-03-21T01:31:24.289+0000] {processor.py:161} INFO - Started process (PID=1999) to work on /home/airflow/.local/lib/python3.8/site-packages/airflow/example_dags/example_external_task_marker_dag.py
[2024-03-21T01:31:24.291+0000] {processor.py:830} INFO - Processing file /home/airflow/.local/lib/python3.8/site-packages/airflow/example_dags/example_external_task_marker_dag.py for tasks to queue
[2024-03-21T01:31:24.293+0000] {logging_mixin.py:188} INFO - [2024-03-21T01:31:24.293+0000] {dagbag.py:540} INFO - Filling up the DagBag from /home/airflow/.local/lib/python3.8/site-packages/airflow/example_dags/example_external_task_marker_dag.py
[2024-03-21T01:31:24.300+0000] {processor.py:840} INFO - DAG(s) 'example_external_task_marker_child', 'example_external_task_marker_parent' retrieved from /home/airflow/.local/lib/python3.8/site-packages/airflow/example_dags/example_external_task_marker_dag.py
[2024-03-21T01:31:24.334+0000] {logging_mixin.py:188} INFO - [2024-03-21T01:31:24.334+0000] {dag.py:3047} INFO - Sync 2 DAGs
[2024-03-21T01:31:24.348+0000] {logging_mixin.py:188} INFO - [2024-03-21T01:31:24.347+0000] {dag.py:3834} INFO - Setting next_dagrun for example_external_task_marker_child to None, run_after=None
[2024-03-21T01:31:24.352+0000] {logging_mixin.py:188} INFO - [2024-03-21T01:31:24.351+0000] {dag.py:3834} INFO - Setting next_dagrun for example_external_task_marker_parent to None, run_after=None
[2024-03-21T01:31:24.376+0000] {processor.py:183} INFO - Processing /home/airflow/.local/lib/python3.8/site-packages/airflow/example_dags/example_external_task_marker_dag.py took 0.092 seconds
[2024-03-21T01:31:54.546+0000] {processor.py:161} INFO - Started process (PID=2054) to work on /home/airflow/.local/lib/python3.8/site-packages/airflow/example_dags/example_external_task_marker_dag.py
[2024-03-21T01:31:54.548+0000] {processor.py:830} INFO - Processing file /home/airflow/.local/lib/python3.8/site-packages/airflow/example_dags/example_external_task_marker_dag.py for tasks to queue
[2024-03-21T01:31:54.550+0000] {logging_mixin.py:188} INFO - [2024-03-21T01:31:54.549+0000] {dagbag.py:540} INFO - Filling up the DagBag from /home/airflow/.local/lib/python3.8/site-packages/airflow/example_dags/example_external_task_marker_dag.py
[2024-03-21T01:31:54.556+0000] {processor.py:840} INFO - DAG(s) 'example_external_task_marker_parent', 'example_external_task_marker_child' retrieved from /home/airflow/.local/lib/python3.8/site-packages/airflow/example_dags/example_external_task_marker_dag.py
[2024-03-21T01:31:54.581+0000] {logging_mixin.py:188} INFO - [2024-03-21T01:31:54.581+0000] {dag.py:3047} INFO - Sync 2 DAGs
[2024-03-21T01:31:54.596+0000] {logging_mixin.py:188} INFO - [2024-03-21T01:31:54.595+0000] {dag.py:3834} INFO - Setting next_dagrun for example_external_task_marker_child to None, run_after=None
[2024-03-21T01:31:54.600+0000] {logging_mixin.py:188} INFO - [2024-03-21T01:31:54.600+0000] {dag.py:3834} INFO - Setting next_dagrun for example_external_task_marker_parent to None, run_after=None
[2024-03-21T01:31:54.624+0000] {processor.py:183} INFO - Processing /home/airflow/.local/lib/python3.8/site-packages/airflow/example_dags/example_external_task_marker_dag.py took 0.082 seconds
