[2024-03-21T00:09:33.809+0000] {processor.py:161} INFO - Started process (PID=74) to work on /home/airflow/.local/lib/python3.8/site-packages/airflow/example_dags/example_nested_branch_dag.py
[2024-03-21T00:09:33.812+0000] {processor.py:830} INFO - Processing file /home/airflow/.local/lib/python3.8/site-packages/airflow/example_dags/example_nested_branch_dag.py for tasks to queue
[2024-03-21T00:09:33.821+0000] {logging_mixin.py:188} INFO - [2024-03-21T00:09:33.819+0000] {dagbag.py:540} INFO - Filling up the DagBag from /home/airflow/.local/lib/python3.8/site-packages/airflow/example_dags/example_nested_branch_dag.py
[2024-03-21T00:09:33.851+0000] {processor.py:840} INFO - DAG(s) 'example_nested_branch_dag' retrieved from /home/airflow/.local/lib/python3.8/site-packages/airflow/example_dags/example_nested_branch_dag.py
[2024-03-21T00:09:33.878+0000] {logging_mixin.py:188} INFO - [2024-03-21T00:09:33.878+0000] {dag.py:3047} INFO - Sync 1 DAGs
[2024-03-21T00:09:33.950+0000] {logging_mixin.py:188} INFO - [2024-03-21T00:09:33.950+0000] {dag.py:3834} INFO - Setting next_dagrun for example_nested_branch_dag to 2024-03-20 00:00:00+00:00, run_after=2024-03-21 00:00:00+00:00
[2024-03-21T00:09:33.993+0000] {processor.py:183} INFO - Processing /home/airflow/.local/lib/python3.8/site-packages/airflow/example_dags/example_nested_branch_dag.py took 0.197 seconds
[2024-03-21T00:10:05.394+0000] {processor.py:161} INFO - Started process (PID=129) to work on /home/airflow/.local/lib/python3.8/site-packages/airflow/example_dags/example_nested_branch_dag.py
[2024-03-21T00:10:05.396+0000] {processor.py:830} INFO - Processing file /home/airflow/.local/lib/python3.8/site-packages/airflow/example_dags/example_nested_branch_dag.py for tasks to queue
[2024-03-21T00:10:05.401+0000] {logging_mixin.py:188} INFO - [2024-03-21T00:10:05.401+0000] {dagbag.py:540} INFO - Filling up the DagBag from /home/airflow/.local/lib/python3.8/site-packages/airflow/example_dags/example_nested_branch_dag.py
[2024-03-21T00:10:05.434+0000] {processor.py:840} INFO - DAG(s) 'example_nested_branch_dag' retrieved from /home/airflow/.local/lib/python3.8/site-packages/airflow/example_dags/example_nested_branch_dag.py
[2024-03-21T00:10:05.742+0000] {logging_mixin.py:188} INFO - [2024-03-21T00:10:05.741+0000] {dag.py:3047} INFO - Sync 1 DAGs
[2024-03-21T00:10:05.799+0000] {logging_mixin.py:188} INFO - [2024-03-21T00:10:05.798+0000] {dag.py:3834} INFO - Setting next_dagrun for example_nested_branch_dag to 2024-03-20 00:00:00+00:00, run_after=2024-03-21 00:00:00+00:00
[2024-03-21T00:10:05.853+0000] {processor.py:183} INFO - Processing /home/airflow/.local/lib/python3.8/site-packages/airflow/example_dags/example_nested_branch_dag.py took 0.465 seconds
[2024-03-21T00:10:36.823+0000] {processor.py:161} INFO - Started process (PID=184) to work on /home/airflow/.local/lib/python3.8/site-packages/airflow/example_dags/example_nested_branch_dag.py
[2024-03-21T00:10:36.825+0000] {processor.py:830} INFO - Processing file /home/airflow/.local/lib/python3.8/site-packages/airflow/example_dags/example_nested_branch_dag.py for tasks to queue
[2024-03-21T00:10:36.829+0000] {logging_mixin.py:188} INFO - [2024-03-21T00:10:36.828+0000] {dagbag.py:540} INFO - Filling up the DagBag from /home/airflow/.local/lib/python3.8/site-packages/airflow/example_dags/example_nested_branch_dag.py
[2024-03-21T00:10:36.842+0000] {processor.py:840} INFO - DAG(s) 'example_nested_branch_dag' retrieved from /home/airflow/.local/lib/python3.8/site-packages/airflow/example_dags/example_nested_branch_dag.py
[2024-03-21T00:10:36.868+0000] {logging_mixin.py:188} INFO - [2024-03-21T00:10:36.867+0000] {dag.py:3047} INFO - Sync 1 DAGs
[2024-03-21T00:10:36.893+0000] {logging_mixin.py:188} INFO - [2024-03-21T00:10:36.893+0000] {dag.py:3834} INFO - Setting next_dagrun for example_nested_branch_dag to 2024-03-20 00:00:00+00:00, run_after=2024-03-21 00:00:00+00:00
[2024-03-21T00:10:36.917+0000] {processor.py:183} INFO - Processing /home/airflow/.local/lib/python3.8/site-packages/airflow/example_dags/example_nested_branch_dag.py took 0.100 seconds
[2024-03-21T00:17:02.345+0000] {processor.py:161} INFO - Started process (PID=54) to work on /home/airflow/.local/lib/python3.8/site-packages/airflow/example_dags/example_nested_branch_dag.py
[2024-03-21T00:17:02.348+0000] {processor.py:830} INFO - Processing file /home/airflow/.local/lib/python3.8/site-packages/airflow/example_dags/example_nested_branch_dag.py for tasks to queue
[2024-03-21T00:17:02.352+0000] {logging_mixin.py:188} INFO - [2024-03-21T00:17:02.351+0000] {dagbag.py:540} INFO - Filling up the DagBag from /home/airflow/.local/lib/python3.8/site-packages/airflow/example_dags/example_nested_branch_dag.py
[2024-03-21T00:17:02.391+0000] {processor.py:840} INFO - DAG(s) 'example_nested_branch_dag' retrieved from /home/airflow/.local/lib/python3.8/site-packages/airflow/example_dags/example_nested_branch_dag.py
[2024-03-21T00:17:02.756+0000] {logging_mixin.py:188} INFO - [2024-03-21T00:17:02.756+0000] {dag.py:3047} INFO - Sync 1 DAGs
[2024-03-21T00:17:02.805+0000] {logging_mixin.py:188} INFO - [2024-03-21T00:17:02.804+0000] {dag.py:3834} INFO - Setting next_dagrun for example_nested_branch_dag to 2024-03-20 00:00:00+00:00, run_after=2024-03-21 00:00:00+00:00
[2024-03-21T00:17:02.878+0000] {processor.py:183} INFO - Processing /home/airflow/.local/lib/python3.8/site-packages/airflow/example_dags/example_nested_branch_dag.py took 0.550 seconds
[2024-03-21T00:17:32.972+0000] {processor.py:161} INFO - Started process (PID=109) to work on /home/airflow/.local/lib/python3.8/site-packages/airflow/example_dags/example_nested_branch_dag.py
[2024-03-21T00:17:32.974+0000] {processor.py:830} INFO - Processing file /home/airflow/.local/lib/python3.8/site-packages/airflow/example_dags/example_nested_branch_dag.py for tasks to queue
[2024-03-21T00:17:32.975+0000] {logging_mixin.py:188} INFO - [2024-03-21T00:17:32.975+0000] {dagbag.py:540} INFO - Filling up the DagBag from /home/airflow/.local/lib/python3.8/site-packages/airflow/example_dags/example_nested_branch_dag.py
[2024-03-21T00:17:32.985+0000] {processor.py:840} INFO - DAG(s) 'example_nested_branch_dag' retrieved from /home/airflow/.local/lib/python3.8/site-packages/airflow/example_dags/example_nested_branch_dag.py
[2024-03-21T00:17:33.008+0000] {logging_mixin.py:188} INFO - [2024-03-21T00:17:33.008+0000] {dag.py:3047} INFO - Sync 1 DAGs
[2024-03-21T00:17:33.033+0000] {logging_mixin.py:188} INFO - [2024-03-21T00:17:33.033+0000] {dag.py:3834} INFO - Setting next_dagrun for example_nested_branch_dag to 2024-03-20 00:00:00+00:00, run_after=2024-03-21 00:00:00+00:00
[2024-03-21T00:17:33.055+0000] {processor.py:183} INFO - Processing /home/airflow/.local/lib/python3.8/site-packages/airflow/example_dags/example_nested_branch_dag.py took 0.086 seconds
[2024-03-21T00:18:03.464+0000] {processor.py:161} INFO - Started process (PID=164) to work on /home/airflow/.local/lib/python3.8/site-packages/airflow/example_dags/example_nested_branch_dag.py
[2024-03-21T00:18:03.465+0000] {processor.py:830} INFO - Processing file /home/airflow/.local/lib/python3.8/site-packages/airflow/example_dags/example_nested_branch_dag.py for tasks to queue
[2024-03-21T00:18:03.466+0000] {logging_mixin.py:188} INFO - [2024-03-21T00:18:03.466+0000] {dagbag.py:540} INFO - Filling up the DagBag from /home/airflow/.local/lib/python3.8/site-packages/airflow/example_dags/example_nested_branch_dag.py
[2024-03-21T00:18:03.476+0000] {processor.py:840} INFO - DAG(s) 'example_nested_branch_dag' retrieved from /home/airflow/.local/lib/python3.8/site-packages/airflow/example_dags/example_nested_branch_dag.py
[2024-03-21T00:18:03.498+0000] {logging_mixin.py:188} INFO - [2024-03-21T00:18:03.498+0000] {dag.py:3047} INFO - Sync 1 DAGs
[2024-03-21T00:18:03.524+0000] {logging_mixin.py:188} INFO - [2024-03-21T00:18:03.524+0000] {dag.py:3834} INFO - Setting next_dagrun for example_nested_branch_dag to 2024-03-20 00:00:00+00:00, run_after=2024-03-21 00:00:00+00:00
[2024-03-21T00:18:03.548+0000] {processor.py:183} INFO - Processing /home/airflow/.local/lib/python3.8/site-packages/airflow/example_dags/example_nested_branch_dag.py took 0.087 seconds
[2024-03-21T00:18:33.934+0000] {processor.py:161} INFO - Started process (PID=219) to work on /home/airflow/.local/lib/python3.8/site-packages/airflow/example_dags/example_nested_branch_dag.py
[2024-03-21T00:18:33.936+0000] {processor.py:830} INFO - Processing file /home/airflow/.local/lib/python3.8/site-packages/airflow/example_dags/example_nested_branch_dag.py for tasks to queue
[2024-03-21T00:18:33.938+0000] {logging_mixin.py:188} INFO - [2024-03-21T00:18:33.938+0000] {dagbag.py:540} INFO - Filling up the DagBag from /home/airflow/.local/lib/python3.8/site-packages/airflow/example_dags/example_nested_branch_dag.py
[2024-03-21T00:18:33.953+0000] {processor.py:840} INFO - DAG(s) 'example_nested_branch_dag' retrieved from /home/airflow/.local/lib/python3.8/site-packages/airflow/example_dags/example_nested_branch_dag.py
[2024-03-21T00:18:34.011+0000] {logging_mixin.py:188} INFO - [2024-03-21T00:18:34.010+0000] {dag.py:3047} INFO - Sync 1 DAGs
[2024-03-21T00:18:34.057+0000] {logging_mixin.py:188} INFO - [2024-03-21T00:18:34.056+0000] {dag.py:3834} INFO - Setting next_dagrun for example_nested_branch_dag to 2024-03-20 00:00:00+00:00, run_after=2024-03-21 00:00:00+00:00
[2024-03-21T00:18:34.081+0000] {processor.py:183} INFO - Processing /home/airflow/.local/lib/python3.8/site-packages/airflow/example_dags/example_nested_branch_dag.py took 0.151 seconds
[2024-03-21T00:19:04.743+0000] {processor.py:161} INFO - Started process (PID=274) to work on /home/airflow/.local/lib/python3.8/site-packages/airflow/example_dags/example_nested_branch_dag.py
[2024-03-21T00:19:04.744+0000] {processor.py:830} INFO - Processing file /home/airflow/.local/lib/python3.8/site-packages/airflow/example_dags/example_nested_branch_dag.py for tasks to queue
[2024-03-21T00:19:04.746+0000] {logging_mixin.py:188} INFO - [2024-03-21T00:19:04.746+0000] {dagbag.py:540} INFO - Filling up the DagBag from /home/airflow/.local/lib/python3.8/site-packages/airflow/example_dags/example_nested_branch_dag.py
[2024-03-21T00:19:04.756+0000] {processor.py:840} INFO - DAG(s) 'example_nested_branch_dag' retrieved from /home/airflow/.local/lib/python3.8/site-packages/airflow/example_dags/example_nested_branch_dag.py
[2024-03-21T00:19:04.778+0000] {logging_mixin.py:188} INFO - [2024-03-21T00:19:04.778+0000] {dag.py:3047} INFO - Sync 1 DAGs
[2024-03-21T00:19:04.800+0000] {logging_mixin.py:188} INFO - [2024-03-21T00:19:04.800+0000] {dag.py:3834} INFO - Setting next_dagrun for example_nested_branch_dag to 2024-03-20 00:00:00+00:00, run_after=2024-03-21 00:00:00+00:00
[2024-03-21T00:19:04.824+0000] {processor.py:183} INFO - Processing /home/airflow/.local/lib/python3.8/site-packages/airflow/example_dags/example_nested_branch_dag.py took 0.084 seconds
[2024-03-21T00:19:34.970+0000] {processor.py:161} INFO - Started process (PID=329) to work on /home/airflow/.local/lib/python3.8/site-packages/airflow/example_dags/example_nested_branch_dag.py
[2024-03-21T00:19:34.972+0000] {processor.py:830} INFO - Processing file /home/airflow/.local/lib/python3.8/site-packages/airflow/example_dags/example_nested_branch_dag.py for tasks to queue
[2024-03-21T00:19:34.974+0000] {logging_mixin.py:188} INFO - [2024-03-21T00:19:34.973+0000] {dagbag.py:540} INFO - Filling up the DagBag from /home/airflow/.local/lib/python3.8/site-packages/airflow/example_dags/example_nested_branch_dag.py
[2024-03-21T00:19:34.984+0000] {processor.py:840} INFO - DAG(s) 'example_nested_branch_dag' retrieved from /home/airflow/.local/lib/python3.8/site-packages/airflow/example_dags/example_nested_branch_dag.py
[2024-03-21T00:19:35.008+0000] {logging_mixin.py:188} INFO - [2024-03-21T00:19:35.008+0000] {dag.py:3047} INFO - Sync 1 DAGs
[2024-03-21T00:19:35.031+0000] {logging_mixin.py:188} INFO - [2024-03-21T00:19:35.031+0000] {dag.py:3834} INFO - Setting next_dagrun for example_nested_branch_dag to 2024-03-20 00:00:00+00:00, run_after=2024-03-21 00:00:00+00:00
[2024-03-21T00:19:35.054+0000] {processor.py:183} INFO - Processing /home/airflow/.local/lib/python3.8/site-packages/airflow/example_dags/example_nested_branch_dag.py took 0.087 seconds
[2024-03-21T00:20:05.492+0000] {processor.py:161} INFO - Started process (PID=384) to work on /home/airflow/.local/lib/python3.8/site-packages/airflow/example_dags/example_nested_branch_dag.py
[2024-03-21T00:20:05.493+0000] {processor.py:830} INFO - Processing file /home/airflow/.local/lib/python3.8/site-packages/airflow/example_dags/example_nested_branch_dag.py for tasks to queue
[2024-03-21T00:20:05.495+0000] {logging_mixin.py:188} INFO - [2024-03-21T00:20:05.495+0000] {dagbag.py:540} INFO - Filling up the DagBag from /home/airflow/.local/lib/python3.8/site-packages/airflow/example_dags/example_nested_branch_dag.py
[2024-03-21T00:20:05.506+0000] {processor.py:840} INFO - DAG(s) 'example_nested_branch_dag' retrieved from /home/airflow/.local/lib/python3.8/site-packages/airflow/example_dags/example_nested_branch_dag.py
[2024-03-21T00:20:05.529+0000] {logging_mixin.py:188} INFO - [2024-03-21T00:20:05.528+0000] {dag.py:3047} INFO - Sync 1 DAGs
[2024-03-21T00:20:05.551+0000] {logging_mixin.py:188} INFO - [2024-03-21T00:20:05.551+0000] {dag.py:3834} INFO - Setting next_dagrun for example_nested_branch_dag to 2024-03-20 00:00:00+00:00, run_after=2024-03-21 00:00:00+00:00
[2024-03-21T00:20:05.573+0000] {processor.py:183} INFO - Processing /home/airflow/.local/lib/python3.8/site-packages/airflow/example_dags/example_nested_branch_dag.py took 0.084 seconds
[2024-03-21T00:20:35.826+0000] {processor.py:161} INFO - Started process (PID=439) to work on /home/airflow/.local/lib/python3.8/site-packages/airflow/example_dags/example_nested_branch_dag.py
[2024-03-21T00:20:35.827+0000] {processor.py:830} INFO - Processing file /home/airflow/.local/lib/python3.8/site-packages/airflow/example_dags/example_nested_branch_dag.py for tasks to queue
[2024-03-21T00:20:35.828+0000] {logging_mixin.py:188} INFO - [2024-03-21T00:20:35.828+0000] {dagbag.py:540} INFO - Filling up the DagBag from /home/airflow/.local/lib/python3.8/site-packages/airflow/example_dags/example_nested_branch_dag.py
[2024-03-21T00:20:35.838+0000] {processor.py:840} INFO - DAG(s) 'example_nested_branch_dag' retrieved from /home/airflow/.local/lib/python3.8/site-packages/airflow/example_dags/example_nested_branch_dag.py
[2024-03-21T00:20:35.860+0000] {logging_mixin.py:188} INFO - [2024-03-21T00:20:35.860+0000] {dag.py:3047} INFO - Sync 1 DAGs
[2024-03-21T00:20:35.882+0000] {logging_mixin.py:188} INFO - [2024-03-21T00:20:35.882+0000] {dag.py:3834} INFO - Setting next_dagrun for example_nested_branch_dag to 2024-03-20 00:00:00+00:00, run_after=2024-03-21 00:00:00+00:00
[2024-03-21T00:20:35.904+0000] {processor.py:183} INFO - Processing /home/airflow/.local/lib/python3.8/site-packages/airflow/example_dags/example_nested_branch_dag.py took 0.081 seconds
[2024-03-21T00:21:06.109+0000] {processor.py:161} INFO - Started process (PID=494) to work on /home/airflow/.local/lib/python3.8/site-packages/airflow/example_dags/example_nested_branch_dag.py
[2024-03-21T00:21:06.111+0000] {processor.py:830} INFO - Processing file /home/airflow/.local/lib/python3.8/site-packages/airflow/example_dags/example_nested_branch_dag.py for tasks to queue
[2024-03-21T00:21:06.112+0000] {logging_mixin.py:188} INFO - [2024-03-21T00:21:06.112+0000] {dagbag.py:540} INFO - Filling up the DagBag from /home/airflow/.local/lib/python3.8/site-packages/airflow/example_dags/example_nested_branch_dag.py
[2024-03-21T00:21:06.122+0000] {processor.py:840} INFO - DAG(s) 'example_nested_branch_dag' retrieved from /home/airflow/.local/lib/python3.8/site-packages/airflow/example_dags/example_nested_branch_dag.py
[2024-03-21T00:21:06.145+0000] {logging_mixin.py:188} INFO - [2024-03-21T00:21:06.145+0000] {dag.py:3047} INFO - Sync 1 DAGs
[2024-03-21T00:21:06.169+0000] {logging_mixin.py:188} INFO - [2024-03-21T00:21:06.168+0000] {dag.py:3834} INFO - Setting next_dagrun for example_nested_branch_dag to 2024-03-20 00:00:00+00:00, run_after=2024-03-21 00:00:00+00:00
[2024-03-21T00:21:06.190+0000] {processor.py:183} INFO - Processing /home/airflow/.local/lib/python3.8/site-packages/airflow/example_dags/example_nested_branch_dag.py took 0.084 seconds
[2024-03-21T00:21:36.494+0000] {processor.py:161} INFO - Started process (PID=549) to work on /home/airflow/.local/lib/python3.8/site-packages/airflow/example_dags/example_nested_branch_dag.py
[2024-03-21T00:21:36.495+0000] {processor.py:830} INFO - Processing file /home/airflow/.local/lib/python3.8/site-packages/airflow/example_dags/example_nested_branch_dag.py for tasks to queue
[2024-03-21T00:21:36.497+0000] {logging_mixin.py:188} INFO - [2024-03-21T00:21:36.497+0000] {dagbag.py:540} INFO - Filling up the DagBag from /home/airflow/.local/lib/python3.8/site-packages/airflow/example_dags/example_nested_branch_dag.py
[2024-03-21T00:21:36.507+0000] {processor.py:840} INFO - DAG(s) 'example_nested_branch_dag' retrieved from /home/airflow/.local/lib/python3.8/site-packages/airflow/example_dags/example_nested_branch_dag.py
[2024-03-21T00:21:36.529+0000] {logging_mixin.py:188} INFO - [2024-03-21T00:21:36.529+0000] {dag.py:3047} INFO - Sync 1 DAGs
[2024-03-21T00:21:36.552+0000] {logging_mixin.py:188} INFO - [2024-03-21T00:21:36.551+0000] {dag.py:3834} INFO - Setting next_dagrun for example_nested_branch_dag to 2024-03-20 00:00:00+00:00, run_after=2024-03-21 00:00:00+00:00
[2024-03-21T00:21:36.574+0000] {processor.py:183} INFO - Processing /home/airflow/.local/lib/python3.8/site-packages/airflow/example_dags/example_nested_branch_dag.py took 0.083 seconds
[2024-03-21T01:13:19.061+0000] {processor.py:161} INFO - Started process (PID=43) to work on /home/airflow/.local/lib/python3.8/site-packages/airflow/example_dags/example_nested_branch_dag.py
[2024-03-21T01:13:19.063+0000] {processor.py:830} INFO - Processing file /home/airflow/.local/lib/python3.8/site-packages/airflow/example_dags/example_nested_branch_dag.py for tasks to queue
[2024-03-21T01:13:19.065+0000] {logging_mixin.py:188} INFO - [2024-03-21T01:13:19.064+0000] {dagbag.py:540} INFO - Filling up the DagBag from /home/airflow/.local/lib/python3.8/site-packages/airflow/example_dags/example_nested_branch_dag.py
[2024-03-21T01:13:19.083+0000] {processor.py:840} INFO - DAG(s) 'example_nested_branch_dag' retrieved from /home/airflow/.local/lib/python3.8/site-packages/airflow/example_dags/example_nested_branch_dag.py
[2024-03-21T01:13:19.121+0000] {logging_mixin.py:188} INFO - [2024-03-21T01:13:19.120+0000] {dag.py:3047} INFO - Sync 1 DAGs
[2024-03-21T01:13:19.149+0000] {logging_mixin.py:188} INFO - [2024-03-21T01:13:19.149+0000] {dag.py:3834} INFO - Setting next_dagrun for example_nested_branch_dag to 2024-03-20 00:00:00+00:00, run_after=2024-03-21 00:00:00+00:00
[2024-03-21T01:13:19.174+0000] {processor.py:183} INFO - Processing /home/airflow/.local/lib/python3.8/site-packages/airflow/example_dags/example_nested_branch_dag.py took 0.118 seconds
[2024-03-21T01:13:49.692+0000] {processor.py:161} INFO - Started process (PID=98) to work on /home/airflow/.local/lib/python3.8/site-packages/airflow/example_dags/example_nested_branch_dag.py
[2024-03-21T01:13:49.693+0000] {processor.py:830} INFO - Processing file /home/airflow/.local/lib/python3.8/site-packages/airflow/example_dags/example_nested_branch_dag.py for tasks to queue
[2024-03-21T01:13:49.695+0000] {logging_mixin.py:188} INFO - [2024-03-21T01:13:49.695+0000] {dagbag.py:540} INFO - Filling up the DagBag from /home/airflow/.local/lib/python3.8/site-packages/airflow/example_dags/example_nested_branch_dag.py
[2024-03-21T01:13:49.706+0000] {processor.py:840} INFO - DAG(s) 'example_nested_branch_dag' retrieved from /home/airflow/.local/lib/python3.8/site-packages/airflow/example_dags/example_nested_branch_dag.py
[2024-03-21T01:13:49.729+0000] {logging_mixin.py:188} INFO - [2024-03-21T01:13:49.728+0000] {dag.py:3047} INFO - Sync 1 DAGs
[2024-03-21T01:13:49.753+0000] {logging_mixin.py:188} INFO - [2024-03-21T01:13:49.752+0000] {dag.py:3834} INFO - Setting next_dagrun for example_nested_branch_dag to 2024-03-20 00:00:00+00:00, run_after=2024-03-21 00:00:00+00:00
[2024-03-21T01:13:49.773+0000] {processor.py:183} INFO - Processing /home/airflow/.local/lib/python3.8/site-packages/airflow/example_dags/example_nested_branch_dag.py took 0.084 seconds
[2024-03-21T01:14:20.340+0000] {processor.py:161} INFO - Started process (PID=153) to work on /home/airflow/.local/lib/python3.8/site-packages/airflow/example_dags/example_nested_branch_dag.py
[2024-03-21T01:14:20.341+0000] {processor.py:830} INFO - Processing file /home/airflow/.local/lib/python3.8/site-packages/airflow/example_dags/example_nested_branch_dag.py for tasks to queue
[2024-03-21T01:14:20.342+0000] {logging_mixin.py:188} INFO - [2024-03-21T01:14:20.342+0000] {dagbag.py:540} INFO - Filling up the DagBag from /home/airflow/.local/lib/python3.8/site-packages/airflow/example_dags/example_nested_branch_dag.py
[2024-03-21T01:14:20.353+0000] {processor.py:840} INFO - DAG(s) 'example_nested_branch_dag' retrieved from /home/airflow/.local/lib/python3.8/site-packages/airflow/example_dags/example_nested_branch_dag.py
[2024-03-21T01:14:20.379+0000] {logging_mixin.py:188} INFO - [2024-03-21T01:14:20.379+0000] {dag.py:3047} INFO - Sync 1 DAGs
[2024-03-21T01:14:20.410+0000] {logging_mixin.py:188} INFO - [2024-03-21T01:14:20.410+0000] {dag.py:3834} INFO - Setting next_dagrun for example_nested_branch_dag to 2024-03-20 00:00:00+00:00, run_after=2024-03-21 00:00:00+00:00
[2024-03-21T01:14:20.435+0000] {processor.py:183} INFO - Processing /home/airflow/.local/lib/python3.8/site-packages/airflow/example_dags/example_nested_branch_dag.py took 0.100 seconds
[2024-03-21T01:14:50.976+0000] {processor.py:161} INFO - Started process (PID=208) to work on /home/airflow/.local/lib/python3.8/site-packages/airflow/example_dags/example_nested_branch_dag.py
[2024-03-21T01:14:50.977+0000] {processor.py:830} INFO - Processing file /home/airflow/.local/lib/python3.8/site-packages/airflow/example_dags/example_nested_branch_dag.py for tasks to queue
[2024-03-21T01:14:50.979+0000] {logging_mixin.py:188} INFO - [2024-03-21T01:14:50.979+0000] {dagbag.py:540} INFO - Filling up the DagBag from /home/airflow/.local/lib/python3.8/site-packages/airflow/example_dags/example_nested_branch_dag.py
[2024-03-21T01:14:50.991+0000] {processor.py:840} INFO - DAG(s) 'example_nested_branch_dag' retrieved from /home/airflow/.local/lib/python3.8/site-packages/airflow/example_dags/example_nested_branch_dag.py
[2024-03-21T01:14:51.019+0000] {logging_mixin.py:188} INFO - [2024-03-21T01:14:51.018+0000] {dag.py:3047} INFO - Sync 1 DAGs
[2024-03-21T01:14:51.047+0000] {logging_mixin.py:188} INFO - [2024-03-21T01:14:51.046+0000] {dag.py:3834} INFO - Setting next_dagrun for example_nested_branch_dag to 2024-03-20 00:00:00+00:00, run_after=2024-03-21 00:00:00+00:00
[2024-03-21T01:14:51.072+0000] {processor.py:183} INFO - Processing /home/airflow/.local/lib/python3.8/site-packages/airflow/example_dags/example_nested_branch_dag.py took 0.100 seconds
[2024-03-21T01:15:24.145+0000] {processor.py:161} INFO - Started process (PID=263) to work on /home/airflow/.local/lib/python3.8/site-packages/airflow/example_dags/example_nested_branch_dag.py
[2024-03-21T01:15:24.149+0000] {processor.py:830} INFO - Processing file /home/airflow/.local/lib/python3.8/site-packages/airflow/example_dags/example_nested_branch_dag.py for tasks to queue
[2024-03-21T01:15:24.159+0000] {logging_mixin.py:188} INFO - [2024-03-21T01:15:24.154+0000] {dagbag.py:540} INFO - Filling up the DagBag from /home/airflow/.local/lib/python3.8/site-packages/airflow/example_dags/example_nested_branch_dag.py
[2024-03-21T01:15:24.211+0000] {processor.py:840} INFO - DAG(s) 'example_nested_branch_dag' retrieved from /home/airflow/.local/lib/python3.8/site-packages/airflow/example_dags/example_nested_branch_dag.py
[2024-03-21T01:15:24.314+0000] {logging_mixin.py:188} INFO - [2024-03-21T01:15:24.314+0000] {dag.py:3047} INFO - Sync 1 DAGs
[2024-03-21T01:15:24.407+0000] {logging_mixin.py:188} INFO - [2024-03-21T01:15:24.405+0000] {dag.py:3834} INFO - Setting next_dagrun for example_nested_branch_dag to 2024-03-20 00:00:00+00:00, run_after=2024-03-21 00:00:00+00:00
[2024-03-21T01:15:24.469+0000] {processor.py:183} INFO - Processing /home/airflow/.local/lib/python3.8/site-packages/airflow/example_dags/example_nested_branch_dag.py took 0.341 seconds
[2024-03-21T01:15:54.550+0000] {processor.py:161} INFO - Started process (PID=318) to work on /home/airflow/.local/lib/python3.8/site-packages/airflow/example_dags/example_nested_branch_dag.py
[2024-03-21T01:15:54.551+0000] {processor.py:830} INFO - Processing file /home/airflow/.local/lib/python3.8/site-packages/airflow/example_dags/example_nested_branch_dag.py for tasks to queue
[2024-03-21T01:15:54.554+0000] {logging_mixin.py:188} INFO - [2024-03-21T01:15:54.553+0000] {dagbag.py:540} INFO - Filling up the DagBag from /home/airflow/.local/lib/python3.8/site-packages/airflow/example_dags/example_nested_branch_dag.py
[2024-03-21T01:15:54.567+0000] {processor.py:840} INFO - DAG(s) 'example_nested_branch_dag' retrieved from /home/airflow/.local/lib/python3.8/site-packages/airflow/example_dags/example_nested_branch_dag.py
[2024-03-21T01:15:54.582+0000] {logging_mixin.py:188} INFO - [2024-03-21T01:15:54.582+0000] {dag.py:3047} INFO - Sync 1 DAGs
[2024-03-21T01:15:54.614+0000] {logging_mixin.py:188} INFO - [2024-03-21T01:15:54.614+0000] {dag.py:3834} INFO - Setting next_dagrun for example_nested_branch_dag to 2024-03-20 00:00:00+00:00, run_after=2024-03-21 00:00:00+00:00
[2024-03-21T01:15:54.642+0000] {processor.py:183} INFO - Processing /home/airflow/.local/lib/python3.8/site-packages/airflow/example_dags/example_nested_branch_dag.py took 0.096 seconds
[2024-03-21T01:16:25.613+0000] {processor.py:161} INFO - Started process (PID=372) to work on /home/airflow/.local/lib/python3.8/site-packages/airflow/example_dags/example_nested_branch_dag.py
[2024-03-21T01:16:25.615+0000] {processor.py:830} INFO - Processing file /home/airflow/.local/lib/python3.8/site-packages/airflow/example_dags/example_nested_branch_dag.py for tasks to queue
[2024-03-21T01:16:25.616+0000] {logging_mixin.py:188} INFO - [2024-03-21T01:16:25.616+0000] {dagbag.py:540} INFO - Filling up the DagBag from /home/airflow/.local/lib/python3.8/site-packages/airflow/example_dags/example_nested_branch_dag.py
[2024-03-21T01:16:25.626+0000] {processor.py:840} INFO - DAG(s) 'example_nested_branch_dag' retrieved from /home/airflow/.local/lib/python3.8/site-packages/airflow/example_dags/example_nested_branch_dag.py
[2024-03-21T01:16:25.744+0000] {logging_mixin.py:188} INFO - [2024-03-21T01:16:25.744+0000] {dag.py:3047} INFO - Sync 1 DAGs
[2024-03-21T01:16:25.766+0000] {logging_mixin.py:188} INFO - [2024-03-21T01:16:25.765+0000] {dag.py:3834} INFO - Setting next_dagrun for example_nested_branch_dag to 2024-03-20 00:00:00+00:00, run_after=2024-03-21 00:00:00+00:00
[2024-03-21T01:16:25.789+0000] {processor.py:183} INFO - Processing /home/airflow/.local/lib/python3.8/site-packages/airflow/example_dags/example_nested_branch_dag.py took 0.178 seconds
[2024-03-21T01:16:57.591+0000] {processor.py:161} INFO - Started process (PID=427) to work on /home/airflow/.local/lib/python3.8/site-packages/airflow/example_dags/example_nested_branch_dag.py
[2024-03-21T01:16:57.596+0000] {processor.py:830} INFO - Processing file /home/airflow/.local/lib/python3.8/site-packages/airflow/example_dags/example_nested_branch_dag.py for tasks to queue
[2024-03-21T01:16:57.608+0000] {logging_mixin.py:188} INFO - [2024-03-21T01:16:57.608+0000] {dagbag.py:540} INFO - Filling up the DagBag from /home/airflow/.local/lib/python3.8/site-packages/airflow/example_dags/example_nested_branch_dag.py
[2024-03-21T01:16:57.651+0000] {processor.py:840} INFO - DAG(s) 'example_nested_branch_dag' retrieved from /home/airflow/.local/lib/python3.8/site-packages/airflow/example_dags/example_nested_branch_dag.py
[2024-03-21T01:16:57.771+0000] {logging_mixin.py:188} INFO - [2024-03-21T01:16:57.770+0000] {dag.py:3047} INFO - Sync 1 DAGs
[2024-03-21T01:16:57.904+0000] {logging_mixin.py:188} INFO - [2024-03-21T01:16:57.904+0000] {dag.py:3834} INFO - Setting next_dagrun for example_nested_branch_dag to 2024-03-20 00:00:00+00:00, run_after=2024-03-21 00:00:00+00:00
[2024-03-21T01:16:57.989+0000] {processor.py:183} INFO - Processing /home/airflow/.local/lib/python3.8/site-packages/airflow/example_dags/example_nested_branch_dag.py took 0.408 seconds
[2024-03-21T01:17:28.682+0000] {processor.py:161} INFO - Started process (PID=481) to work on /home/airflow/.local/lib/python3.8/site-packages/airflow/example_dags/example_nested_branch_dag.py
[2024-03-21T01:17:28.684+0000] {processor.py:830} INFO - Processing file /home/airflow/.local/lib/python3.8/site-packages/airflow/example_dags/example_nested_branch_dag.py for tasks to queue
[2024-03-21T01:17:28.692+0000] {logging_mixin.py:188} INFO - [2024-03-21T01:17:28.690+0000] {dagbag.py:540} INFO - Filling up the DagBag from /home/airflow/.local/lib/python3.8/site-packages/airflow/example_dags/example_nested_branch_dag.py
[2024-03-21T01:17:28.726+0000] {processor.py:840} INFO - DAG(s) 'example_nested_branch_dag' retrieved from /home/airflow/.local/lib/python3.8/site-packages/airflow/example_dags/example_nested_branch_dag.py
[2024-03-21T01:17:28.780+0000] {logging_mixin.py:188} INFO - [2024-03-21T01:17:28.779+0000] {dag.py:3047} INFO - Sync 1 DAGs
[2024-03-21T01:17:28.832+0000] {logging_mixin.py:188} INFO - [2024-03-21T01:17:28.832+0000] {dag.py:3834} INFO - Setting next_dagrun for example_nested_branch_dag to 2024-03-20 00:00:00+00:00, run_after=2024-03-21 00:00:00+00:00
[2024-03-21T01:17:28.869+0000] {processor.py:183} INFO - Processing /home/airflow/.local/lib/python3.8/site-packages/airflow/example_dags/example_nested_branch_dag.py took 0.193 seconds
[2024-03-21T01:17:59.182+0000] {processor.py:161} INFO - Started process (PID=542) to work on /home/airflow/.local/lib/python3.8/site-packages/airflow/example_dags/example_nested_branch_dag.py
[2024-03-21T01:17:59.183+0000] {processor.py:830} INFO - Processing file /home/airflow/.local/lib/python3.8/site-packages/airflow/example_dags/example_nested_branch_dag.py for tasks to queue
[2024-03-21T01:17:59.185+0000] {logging_mixin.py:188} INFO - [2024-03-21T01:17:59.185+0000] {dagbag.py:540} INFO - Filling up the DagBag from /home/airflow/.local/lib/python3.8/site-packages/airflow/example_dags/example_nested_branch_dag.py
[2024-03-21T01:17:59.196+0000] {processor.py:840} INFO - DAG(s) 'example_nested_branch_dag' retrieved from /home/airflow/.local/lib/python3.8/site-packages/airflow/example_dags/example_nested_branch_dag.py
[2024-03-21T01:17:59.221+0000] {logging_mixin.py:188} INFO - [2024-03-21T01:17:59.221+0000] {dag.py:3047} INFO - Sync 1 DAGs
[2024-03-21T01:17:59.247+0000] {logging_mixin.py:188} INFO - [2024-03-21T01:17:59.246+0000] {dag.py:3834} INFO - Setting next_dagrun for example_nested_branch_dag to 2024-03-20 00:00:00+00:00, run_after=2024-03-21 00:00:00+00:00
[2024-03-21T01:17:59.272+0000] {processor.py:183} INFO - Processing /home/airflow/.local/lib/python3.8/site-packages/airflow/example_dags/example_nested_branch_dag.py took 0.093 seconds
[2024-03-21T01:18:30.175+0000] {processor.py:161} INFO - Started process (PID=597) to work on /home/airflow/.local/lib/python3.8/site-packages/airflow/example_dags/example_nested_branch_dag.py
[2024-03-21T01:18:30.177+0000] {processor.py:830} INFO - Processing file /home/airflow/.local/lib/python3.8/site-packages/airflow/example_dags/example_nested_branch_dag.py for tasks to queue
[2024-03-21T01:18:30.178+0000] {logging_mixin.py:188} INFO - [2024-03-21T01:18:30.178+0000] {dagbag.py:540} INFO - Filling up the DagBag from /home/airflow/.local/lib/python3.8/site-packages/airflow/example_dags/example_nested_branch_dag.py
[2024-03-21T01:18:30.188+0000] {processor.py:840} INFO - DAG(s) 'example_nested_branch_dag' retrieved from /home/airflow/.local/lib/python3.8/site-packages/airflow/example_dags/example_nested_branch_dag.py
[2024-03-21T01:18:30.212+0000] {logging_mixin.py:188} INFO - [2024-03-21T01:18:30.212+0000] {dag.py:3047} INFO - Sync 1 DAGs
[2024-03-21T01:18:30.235+0000] {logging_mixin.py:188} INFO - [2024-03-21T01:18:30.235+0000] {dag.py:3834} INFO - Setting next_dagrun for example_nested_branch_dag to 2024-03-20 00:00:00+00:00, run_after=2024-03-21 00:00:00+00:00
[2024-03-21T01:18:30.256+0000] {processor.py:183} INFO - Processing /home/airflow/.local/lib/python3.8/site-packages/airflow/example_dags/example_nested_branch_dag.py took 0.084 seconds
[2024-03-21T01:19:00.772+0000] {processor.py:161} INFO - Started process (PID=652) to work on /home/airflow/.local/lib/python3.8/site-packages/airflow/example_dags/example_nested_branch_dag.py
[2024-03-21T01:19:00.774+0000] {processor.py:830} INFO - Processing file /home/airflow/.local/lib/python3.8/site-packages/airflow/example_dags/example_nested_branch_dag.py for tasks to queue
[2024-03-21T01:19:00.776+0000] {logging_mixin.py:188} INFO - [2024-03-21T01:19:00.776+0000] {dagbag.py:540} INFO - Filling up the DagBag from /home/airflow/.local/lib/python3.8/site-packages/airflow/example_dags/example_nested_branch_dag.py
[2024-03-21T01:19:00.792+0000] {processor.py:840} INFO - DAG(s) 'example_nested_branch_dag' retrieved from /home/airflow/.local/lib/python3.8/site-packages/airflow/example_dags/example_nested_branch_dag.py
[2024-03-21T01:19:00.834+0000] {logging_mixin.py:188} INFO - [2024-03-21T01:19:00.834+0000] {dag.py:3047} INFO - Sync 1 DAGs
[2024-03-21T01:19:00.882+0000] {logging_mixin.py:188} INFO - [2024-03-21T01:19:00.881+0000] {dag.py:3834} INFO - Setting next_dagrun for example_nested_branch_dag to 2024-03-20 00:00:00+00:00, run_after=2024-03-21 00:00:00+00:00
[2024-03-21T01:19:00.920+0000] {processor.py:183} INFO - Processing /home/airflow/.local/lib/python3.8/site-packages/airflow/example_dags/example_nested_branch_dag.py took 0.152 seconds
[2024-03-21T01:19:31.320+0000] {processor.py:161} INFO - Started process (PID=708) to work on /home/airflow/.local/lib/python3.8/site-packages/airflow/example_dags/example_nested_branch_dag.py
[2024-03-21T01:19:31.322+0000] {processor.py:830} INFO - Processing file /home/airflow/.local/lib/python3.8/site-packages/airflow/example_dags/example_nested_branch_dag.py for tasks to queue
[2024-03-21T01:19:31.325+0000] {logging_mixin.py:188} INFO - [2024-03-21T01:19:31.324+0000] {dagbag.py:540} INFO - Filling up the DagBag from /home/airflow/.local/lib/python3.8/site-packages/airflow/example_dags/example_nested_branch_dag.py
[2024-03-21T01:19:31.340+0000] {processor.py:840} INFO - DAG(s) 'example_nested_branch_dag' retrieved from /home/airflow/.local/lib/python3.8/site-packages/airflow/example_dags/example_nested_branch_dag.py
[2024-03-21T01:19:31.377+0000] {logging_mixin.py:188} INFO - [2024-03-21T01:19:31.377+0000] {dag.py:3047} INFO - Sync 1 DAGs
[2024-03-21T01:19:31.437+0000] {logging_mixin.py:188} INFO - [2024-03-21T01:19:31.433+0000] {dag.py:3834} INFO - Setting next_dagrun for example_nested_branch_dag to 2024-03-20 00:00:00+00:00, run_after=2024-03-21 00:00:00+00:00
[2024-03-21T01:19:31.483+0000] {processor.py:183} INFO - Processing /home/airflow/.local/lib/python3.8/site-packages/airflow/example_dags/example_nested_branch_dag.py took 0.168 seconds
[2024-03-21T01:20:01.813+0000] {processor.py:161} INFO - Started process (PID=763) to work on /home/airflow/.local/lib/python3.8/site-packages/airflow/example_dags/example_nested_branch_dag.py
[2024-03-21T01:20:01.814+0000] {processor.py:830} INFO - Processing file /home/airflow/.local/lib/python3.8/site-packages/airflow/example_dags/example_nested_branch_dag.py for tasks to queue
[2024-03-21T01:20:01.816+0000] {logging_mixin.py:188} INFO - [2024-03-21T01:20:01.816+0000] {dagbag.py:540} INFO - Filling up the DagBag from /home/airflow/.local/lib/python3.8/site-packages/airflow/example_dags/example_nested_branch_dag.py
[2024-03-21T01:20:01.825+0000] {processor.py:840} INFO - DAG(s) 'example_nested_branch_dag' retrieved from /home/airflow/.local/lib/python3.8/site-packages/airflow/example_dags/example_nested_branch_dag.py
[2024-03-21T01:20:01.848+0000] {logging_mixin.py:188} INFO - [2024-03-21T01:20:01.848+0000] {dag.py:3047} INFO - Sync 1 DAGs
[2024-03-21T01:20:01.870+0000] {logging_mixin.py:188} INFO - [2024-03-21T01:20:01.869+0000] {dag.py:3834} INFO - Setting next_dagrun for example_nested_branch_dag to 2024-03-20 00:00:00+00:00, run_after=2024-03-21 00:00:00+00:00
[2024-03-21T01:20:01.890+0000] {processor.py:183} INFO - Processing /home/airflow/.local/lib/python3.8/site-packages/airflow/example_dags/example_nested_branch_dag.py took 0.080 seconds
[2024-03-21T01:20:32.154+0000] {processor.py:161} INFO - Started process (PID=818) to work on /home/airflow/.local/lib/python3.8/site-packages/airflow/example_dags/example_nested_branch_dag.py
[2024-03-21T01:20:32.155+0000] {processor.py:830} INFO - Processing file /home/airflow/.local/lib/python3.8/site-packages/airflow/example_dags/example_nested_branch_dag.py for tasks to queue
[2024-03-21T01:20:32.157+0000] {logging_mixin.py:188} INFO - [2024-03-21T01:20:32.157+0000] {dagbag.py:540} INFO - Filling up the DagBag from /home/airflow/.local/lib/python3.8/site-packages/airflow/example_dags/example_nested_branch_dag.py
[2024-03-21T01:20:32.166+0000] {processor.py:840} INFO - DAG(s) 'example_nested_branch_dag' retrieved from /home/airflow/.local/lib/python3.8/site-packages/airflow/example_dags/example_nested_branch_dag.py
[2024-03-21T01:20:32.189+0000] {logging_mixin.py:188} INFO - [2024-03-21T01:20:32.189+0000] {dag.py:3047} INFO - Sync 1 DAGs
[2024-03-21T01:20:32.214+0000] {logging_mixin.py:188} INFO - [2024-03-21T01:20:32.214+0000] {dag.py:3834} INFO - Setting next_dagrun for example_nested_branch_dag to 2024-03-20 00:00:00+00:00, run_after=2024-03-21 00:00:00+00:00
[2024-03-21T01:20:32.237+0000] {processor.py:183} INFO - Processing /home/airflow/.local/lib/python3.8/site-packages/airflow/example_dags/example_nested_branch_dag.py took 0.087 seconds
[2024-03-21T01:21:02.943+0000] {processor.py:161} INFO - Started process (PID=872) to work on /home/airflow/.local/lib/python3.8/site-packages/airflow/example_dags/example_nested_branch_dag.py
[2024-03-21T01:21:02.944+0000] {processor.py:830} INFO - Processing file /home/airflow/.local/lib/python3.8/site-packages/airflow/example_dags/example_nested_branch_dag.py for tasks to queue
[2024-03-21T01:21:02.947+0000] {logging_mixin.py:188} INFO - [2024-03-21T01:21:02.946+0000] {dagbag.py:540} INFO - Filling up the DagBag from /home/airflow/.local/lib/python3.8/site-packages/airflow/example_dags/example_nested_branch_dag.py
[2024-03-21T01:21:02.962+0000] {processor.py:840} INFO - DAG(s) 'example_nested_branch_dag' retrieved from /home/airflow/.local/lib/python3.8/site-packages/airflow/example_dags/example_nested_branch_dag.py
[2024-03-21T01:21:02.992+0000] {logging_mixin.py:188} INFO - [2024-03-21T01:21:02.992+0000] {dag.py:3047} INFO - Sync 1 DAGs
[2024-03-21T01:21:03.022+0000] {logging_mixin.py:188} INFO - [2024-03-21T01:21:03.021+0000] {dag.py:3834} INFO - Setting next_dagrun for example_nested_branch_dag to 2024-03-20 00:00:00+00:00, run_after=2024-03-21 00:00:00+00:00
[2024-03-21T01:21:03.050+0000] {processor.py:183} INFO - Processing /home/airflow/.local/lib/python3.8/site-packages/airflow/example_dags/example_nested_branch_dag.py took 0.111 seconds
[2024-03-21T01:21:35.772+0000] {processor.py:161} INFO - Started process (PID=927) to work on /home/airflow/.local/lib/python3.8/site-packages/airflow/example_dags/example_nested_branch_dag.py
[2024-03-21T01:21:35.801+0000] {processor.py:830} INFO - Processing file /home/airflow/.local/lib/python3.8/site-packages/airflow/example_dags/example_nested_branch_dag.py for tasks to queue
[2024-03-21T01:21:35.832+0000] {logging_mixin.py:188} INFO - [2024-03-21T01:21:35.831+0000] {dagbag.py:540} INFO - Filling up the DagBag from /home/airflow/.local/lib/python3.8/site-packages/airflow/example_dags/example_nested_branch_dag.py
[2024-03-21T01:21:36.009+0000] {processor.py:840} INFO - DAG(s) 'example_nested_branch_dag' retrieved from /home/airflow/.local/lib/python3.8/site-packages/airflow/example_dags/example_nested_branch_dag.py
[2024-03-21T01:21:36.223+0000] {logging_mixin.py:188} INFO - [2024-03-21T01:21:36.222+0000] {dag.py:3047} INFO - Sync 1 DAGs
[2024-03-21T01:21:36.463+0000] {logging_mixin.py:188} INFO - [2024-03-21T01:21:36.463+0000] {dag.py:3834} INFO - Setting next_dagrun for example_nested_branch_dag to 2024-03-20 00:00:00+00:00, run_after=2024-03-21 00:00:00+00:00
[2024-03-21T01:21:36.593+0000] {processor.py:183} INFO - Processing /home/airflow/.local/lib/python3.8/site-packages/airflow/example_dags/example_nested_branch_dag.py took 0.827 seconds
[2024-03-21T01:22:06.877+0000] {processor.py:161} INFO - Started process (PID=983) to work on /home/airflow/.local/lib/python3.8/site-packages/airflow/example_dags/example_nested_branch_dag.py
[2024-03-21T01:22:06.878+0000] {processor.py:830} INFO - Processing file /home/airflow/.local/lib/python3.8/site-packages/airflow/example_dags/example_nested_branch_dag.py for tasks to queue
[2024-03-21T01:22:06.881+0000] {logging_mixin.py:188} INFO - [2024-03-21T01:22:06.881+0000] {dagbag.py:540} INFO - Filling up the DagBag from /home/airflow/.local/lib/python3.8/site-packages/airflow/example_dags/example_nested_branch_dag.py
[2024-03-21T01:22:06.894+0000] {processor.py:840} INFO - DAG(s) 'example_nested_branch_dag' retrieved from /home/airflow/.local/lib/python3.8/site-packages/airflow/example_dags/example_nested_branch_dag.py
[2024-03-21T01:22:06.924+0000] {logging_mixin.py:188} INFO - [2024-03-21T01:22:06.924+0000] {dag.py:3047} INFO - Sync 1 DAGs
[2024-03-21T01:22:06.949+0000] {logging_mixin.py:188} INFO - [2024-03-21T01:22:06.948+0000] {dag.py:3834} INFO - Setting next_dagrun for example_nested_branch_dag to 2024-03-20 00:00:00+00:00, run_after=2024-03-21 00:00:00+00:00
[2024-03-21T01:22:06.978+0000] {processor.py:183} INFO - Processing /home/airflow/.local/lib/python3.8/site-packages/airflow/example_dags/example_nested_branch_dag.py took 0.105 seconds
[2024-03-21T01:22:37.211+0000] {processor.py:161} INFO - Started process (PID=1038) to work on /home/airflow/.local/lib/python3.8/site-packages/airflow/example_dags/example_nested_branch_dag.py
[2024-03-21T01:22:37.213+0000] {processor.py:830} INFO - Processing file /home/airflow/.local/lib/python3.8/site-packages/airflow/example_dags/example_nested_branch_dag.py for tasks to queue
[2024-03-21T01:22:37.216+0000] {logging_mixin.py:188} INFO - [2024-03-21T01:22:37.216+0000] {dagbag.py:540} INFO - Filling up the DagBag from /home/airflow/.local/lib/python3.8/site-packages/airflow/example_dags/example_nested_branch_dag.py
[2024-03-21T01:22:37.229+0000] {processor.py:840} INFO - DAG(s) 'example_nested_branch_dag' retrieved from /home/airflow/.local/lib/python3.8/site-packages/airflow/example_dags/example_nested_branch_dag.py
[2024-03-21T01:22:37.256+0000] {logging_mixin.py:188} INFO - [2024-03-21T01:22:37.256+0000] {dag.py:3047} INFO - Sync 1 DAGs
[2024-03-21T01:22:37.290+0000] {logging_mixin.py:188} INFO - [2024-03-21T01:22:37.289+0000] {dag.py:3834} INFO - Setting next_dagrun for example_nested_branch_dag to 2024-03-20 00:00:00+00:00, run_after=2024-03-21 00:00:00+00:00
[2024-03-21T01:22:37.319+0000] {processor.py:183} INFO - Processing /home/airflow/.local/lib/python3.8/site-packages/airflow/example_dags/example_nested_branch_dag.py took 0.115 seconds
[2024-03-21T01:23:07.828+0000] {processor.py:161} INFO - Started process (PID=1093) to work on /home/airflow/.local/lib/python3.8/site-packages/airflow/example_dags/example_nested_branch_dag.py
[2024-03-21T01:23:07.829+0000] {processor.py:830} INFO - Processing file /home/airflow/.local/lib/python3.8/site-packages/airflow/example_dags/example_nested_branch_dag.py for tasks to queue
[2024-03-21T01:23:07.830+0000] {logging_mixin.py:188} INFO - [2024-03-21T01:23:07.830+0000] {dagbag.py:540} INFO - Filling up the DagBag from /home/airflow/.local/lib/python3.8/site-packages/airflow/example_dags/example_nested_branch_dag.py
[2024-03-21T01:23:07.840+0000] {processor.py:840} INFO - DAG(s) 'example_nested_branch_dag' retrieved from /home/airflow/.local/lib/python3.8/site-packages/airflow/example_dags/example_nested_branch_dag.py
[2024-03-21T01:23:07.862+0000] {logging_mixin.py:188} INFO - [2024-03-21T01:23:07.861+0000] {dag.py:3047} INFO - Sync 1 DAGs
[2024-03-21T01:23:07.884+0000] {logging_mixin.py:188} INFO - [2024-03-21T01:23:07.884+0000] {dag.py:3834} INFO - Setting next_dagrun for example_nested_branch_dag to 2024-03-20 00:00:00+00:00, run_after=2024-03-21 00:00:00+00:00
[2024-03-21T01:23:07.907+0000] {processor.py:183} INFO - Processing /home/airflow/.local/lib/python3.8/site-packages/airflow/example_dags/example_nested_branch_dag.py took 0.082 seconds
[2024-03-21T01:23:38.787+0000] {processor.py:161} INFO - Started process (PID=1147) to work on /home/airflow/.local/lib/python3.8/site-packages/airflow/example_dags/example_nested_branch_dag.py
[2024-03-21T01:23:38.788+0000] {processor.py:830} INFO - Processing file /home/airflow/.local/lib/python3.8/site-packages/airflow/example_dags/example_nested_branch_dag.py for tasks to queue
[2024-03-21T01:23:38.790+0000] {logging_mixin.py:188} INFO - [2024-03-21T01:23:38.790+0000] {dagbag.py:540} INFO - Filling up the DagBag from /home/airflow/.local/lib/python3.8/site-packages/airflow/example_dags/example_nested_branch_dag.py
[2024-03-21T01:23:38.806+0000] {processor.py:840} INFO - DAG(s) 'example_nested_branch_dag' retrieved from /home/airflow/.local/lib/python3.8/site-packages/airflow/example_dags/example_nested_branch_dag.py
[2024-03-21T01:23:38.836+0000] {logging_mixin.py:188} INFO - [2024-03-21T01:23:38.835+0000] {dag.py:3047} INFO - Sync 1 DAGs
[2024-03-21T01:23:38.865+0000] {logging_mixin.py:188} INFO - [2024-03-21T01:23:38.865+0000] {dag.py:3834} INFO - Setting next_dagrun for example_nested_branch_dag to 2024-03-20 00:00:00+00:00, run_after=2024-03-21 00:00:00+00:00
[2024-03-21T01:23:38.889+0000] {processor.py:183} INFO - Processing /home/airflow/.local/lib/python3.8/site-packages/airflow/example_dags/example_nested_branch_dag.py took 0.107 seconds
[2024-03-21T01:24:08.994+0000] {processor.py:161} INFO - Started process (PID=1202) to work on /home/airflow/.local/lib/python3.8/site-packages/airflow/example_dags/example_nested_branch_dag.py
[2024-03-21T01:24:08.995+0000] {processor.py:830} INFO - Processing file /home/airflow/.local/lib/python3.8/site-packages/airflow/example_dags/example_nested_branch_dag.py for tasks to queue
[2024-03-21T01:24:08.997+0000] {logging_mixin.py:188} INFO - [2024-03-21T01:24:08.997+0000] {dagbag.py:540} INFO - Filling up the DagBag from /home/airflow/.local/lib/python3.8/site-packages/airflow/example_dags/example_nested_branch_dag.py
[2024-03-21T01:24:09.010+0000] {processor.py:840} INFO - DAG(s) 'example_nested_branch_dag' retrieved from /home/airflow/.local/lib/python3.8/site-packages/airflow/example_dags/example_nested_branch_dag.py
[2024-03-21T01:24:09.037+0000] {logging_mixin.py:188} INFO - [2024-03-21T01:24:09.036+0000] {dag.py:3047} INFO - Sync 1 DAGs
[2024-03-21T01:24:09.066+0000] {logging_mixin.py:188} INFO - [2024-03-21T01:24:09.065+0000] {dag.py:3834} INFO - Setting next_dagrun for example_nested_branch_dag to 2024-03-20 00:00:00+00:00, run_after=2024-03-21 00:00:00+00:00
[2024-03-21T01:24:09.096+0000] {processor.py:183} INFO - Processing /home/airflow/.local/lib/python3.8/site-packages/airflow/example_dags/example_nested_branch_dag.py took 0.105 seconds
[2024-03-21T01:24:39.272+0000] {processor.py:161} INFO - Started process (PID=1257) to work on /home/airflow/.local/lib/python3.8/site-packages/airflow/example_dags/example_nested_branch_dag.py
[2024-03-21T01:24:39.275+0000] {processor.py:830} INFO - Processing file /home/airflow/.local/lib/python3.8/site-packages/airflow/example_dags/example_nested_branch_dag.py for tasks to queue
[2024-03-21T01:24:39.276+0000] {logging_mixin.py:188} INFO - [2024-03-21T01:24:39.276+0000] {dagbag.py:540} INFO - Filling up the DagBag from /home/airflow/.local/lib/python3.8/site-packages/airflow/example_dags/example_nested_branch_dag.py
[2024-03-21T01:24:39.288+0000] {processor.py:840} INFO - DAG(s) 'example_nested_branch_dag' retrieved from /home/airflow/.local/lib/python3.8/site-packages/airflow/example_dags/example_nested_branch_dag.py
[2024-03-21T01:24:39.313+0000] {logging_mixin.py:188} INFO - [2024-03-21T01:24:39.313+0000] {dag.py:3047} INFO - Sync 1 DAGs
[2024-03-21T01:24:39.342+0000] {logging_mixin.py:188} INFO - [2024-03-21T01:24:39.341+0000] {dag.py:3834} INFO - Setting next_dagrun for example_nested_branch_dag to 2024-03-20 00:00:00+00:00, run_after=2024-03-21 00:00:00+00:00
[2024-03-21T01:24:39.368+0000] {processor.py:183} INFO - Processing /home/airflow/.local/lib/python3.8/site-packages/airflow/example_dags/example_nested_branch_dag.py took 0.099 seconds
[2024-03-21T01:25:09.390+0000] {processor.py:161} INFO - Started process (PID=1312) to work on /home/airflow/.local/lib/python3.8/site-packages/airflow/example_dags/example_nested_branch_dag.py
[2024-03-21T01:25:09.391+0000] {processor.py:830} INFO - Processing file /home/airflow/.local/lib/python3.8/site-packages/airflow/example_dags/example_nested_branch_dag.py for tasks to queue
[2024-03-21T01:25:09.393+0000] {logging_mixin.py:188} INFO - [2024-03-21T01:25:09.392+0000] {dagbag.py:540} INFO - Filling up the DagBag from /home/airflow/.local/lib/python3.8/site-packages/airflow/example_dags/example_nested_branch_dag.py
[2024-03-21T01:25:09.402+0000] {processor.py:840} INFO - DAG(s) 'example_nested_branch_dag' retrieved from /home/airflow/.local/lib/python3.8/site-packages/airflow/example_dags/example_nested_branch_dag.py
[2024-03-21T01:25:09.425+0000] {logging_mixin.py:188} INFO - [2024-03-21T01:25:09.424+0000] {dag.py:3047} INFO - Sync 1 DAGs
[2024-03-21T01:25:09.455+0000] {logging_mixin.py:188} INFO - [2024-03-21T01:25:09.455+0000] {dag.py:3834} INFO - Setting next_dagrun for example_nested_branch_dag to 2024-03-20 00:00:00+00:00, run_after=2024-03-21 00:00:00+00:00
[2024-03-21T01:25:09.482+0000] {processor.py:183} INFO - Processing /home/airflow/.local/lib/python3.8/site-packages/airflow/example_dags/example_nested_branch_dag.py took 0.095 seconds
[2024-03-21T01:25:39.687+0000] {processor.py:161} INFO - Started process (PID=1366) to work on /home/airflow/.local/lib/python3.8/site-packages/airflow/example_dags/example_nested_branch_dag.py
[2024-03-21T01:25:39.688+0000] {processor.py:830} INFO - Processing file /home/airflow/.local/lib/python3.8/site-packages/airflow/example_dags/example_nested_branch_dag.py for tasks to queue
[2024-03-21T01:25:39.690+0000] {logging_mixin.py:188} INFO - [2024-03-21T01:25:39.690+0000] {dagbag.py:540} INFO - Filling up the DagBag from /home/airflow/.local/lib/python3.8/site-packages/airflow/example_dags/example_nested_branch_dag.py
[2024-03-21T01:25:39.701+0000] {processor.py:840} INFO - DAG(s) 'example_nested_branch_dag' retrieved from /home/airflow/.local/lib/python3.8/site-packages/airflow/example_dags/example_nested_branch_dag.py
[2024-03-21T01:25:39.726+0000] {logging_mixin.py:188} INFO - [2024-03-21T01:25:39.726+0000] {dag.py:3047} INFO - Sync 1 DAGs
[2024-03-21T01:25:39.752+0000] {logging_mixin.py:188} INFO - [2024-03-21T01:25:39.752+0000] {dag.py:3834} INFO - Setting next_dagrun for example_nested_branch_dag to 2024-03-20 00:00:00+00:00, run_after=2024-03-21 00:00:00+00:00
[2024-03-21T01:25:39.782+0000] {processor.py:183} INFO - Processing /home/airflow/.local/lib/python3.8/site-packages/airflow/example_dags/example_nested_branch_dag.py took 0.098 seconds
[2024-03-21T01:26:09.958+0000] {processor.py:161} INFO - Started process (PID=1421) to work on /home/airflow/.local/lib/python3.8/site-packages/airflow/example_dags/example_nested_branch_dag.py
[2024-03-21T01:26:09.959+0000] {processor.py:830} INFO - Processing file /home/airflow/.local/lib/python3.8/site-packages/airflow/example_dags/example_nested_branch_dag.py for tasks to queue
[2024-03-21T01:26:09.960+0000] {logging_mixin.py:188} INFO - [2024-03-21T01:26:09.960+0000] {dagbag.py:540} INFO - Filling up the DagBag from /home/airflow/.local/lib/python3.8/site-packages/airflow/example_dags/example_nested_branch_dag.py
[2024-03-21T01:26:09.972+0000] {processor.py:840} INFO - DAG(s) 'example_nested_branch_dag' retrieved from /home/airflow/.local/lib/python3.8/site-packages/airflow/example_dags/example_nested_branch_dag.py
[2024-03-21T01:26:09.997+0000] {logging_mixin.py:188} INFO - [2024-03-21T01:26:09.996+0000] {dag.py:3047} INFO - Sync 1 DAGs
[2024-03-21T01:26:10.022+0000] {logging_mixin.py:188} INFO - [2024-03-21T01:26:10.022+0000] {dag.py:3834} INFO - Setting next_dagrun for example_nested_branch_dag to 2024-03-20 00:00:00+00:00, run_after=2024-03-21 00:00:00+00:00
[2024-03-21T01:26:10.048+0000] {processor.py:183} INFO - Processing /home/airflow/.local/lib/python3.8/site-packages/airflow/example_dags/example_nested_branch_dag.py took 0.094 seconds
[2024-03-21T01:26:40.140+0000] {processor.py:161} INFO - Started process (PID=1476) to work on /home/airflow/.local/lib/python3.8/site-packages/airflow/example_dags/example_nested_branch_dag.py
[2024-03-21T01:26:40.141+0000] {processor.py:830} INFO - Processing file /home/airflow/.local/lib/python3.8/site-packages/airflow/example_dags/example_nested_branch_dag.py for tasks to queue
[2024-03-21T01:26:40.144+0000] {logging_mixin.py:188} INFO - [2024-03-21T01:26:40.144+0000] {dagbag.py:540} INFO - Filling up the DagBag from /home/airflow/.local/lib/python3.8/site-packages/airflow/example_dags/example_nested_branch_dag.py
[2024-03-21T01:26:40.158+0000] {processor.py:840} INFO - DAG(s) 'example_nested_branch_dag' retrieved from /home/airflow/.local/lib/python3.8/site-packages/airflow/example_dags/example_nested_branch_dag.py
[2024-03-21T01:26:40.188+0000] {logging_mixin.py:188} INFO - [2024-03-21T01:26:40.187+0000] {dag.py:3047} INFO - Sync 1 DAGs
[2024-03-21T01:26:40.221+0000] {logging_mixin.py:188} INFO - [2024-03-21T01:26:40.221+0000] {dag.py:3834} INFO - Setting next_dagrun for example_nested_branch_dag to 2024-03-20 00:00:00+00:00, run_after=2024-03-21 00:00:00+00:00
[2024-03-21T01:26:40.254+0000] {processor.py:183} INFO - Processing /home/airflow/.local/lib/python3.8/site-packages/airflow/example_dags/example_nested_branch_dag.py took 0.118 seconds
[2024-03-21T01:27:10.433+0000] {processor.py:161} INFO - Started process (PID=1531) to work on /home/airflow/.local/lib/python3.8/site-packages/airflow/example_dags/example_nested_branch_dag.py
[2024-03-21T01:27:10.434+0000] {processor.py:830} INFO - Processing file /home/airflow/.local/lib/python3.8/site-packages/airflow/example_dags/example_nested_branch_dag.py for tasks to queue
[2024-03-21T01:27:10.436+0000] {logging_mixin.py:188} INFO - [2024-03-21T01:27:10.436+0000] {dagbag.py:540} INFO - Filling up the DagBag from /home/airflow/.local/lib/python3.8/site-packages/airflow/example_dags/example_nested_branch_dag.py
[2024-03-21T01:27:10.451+0000] {processor.py:840} INFO - DAG(s) 'example_nested_branch_dag' retrieved from /home/airflow/.local/lib/python3.8/site-packages/airflow/example_dags/example_nested_branch_dag.py
[2024-03-21T01:27:10.482+0000] {logging_mixin.py:188} INFO - [2024-03-21T01:27:10.482+0000] {dag.py:3047} INFO - Sync 1 DAGs
[2024-03-21T01:27:10.519+0000] {logging_mixin.py:188} INFO - [2024-03-21T01:27:10.519+0000] {dag.py:3834} INFO - Setting next_dagrun for example_nested_branch_dag to 2024-03-20 00:00:00+00:00, run_after=2024-03-21 00:00:00+00:00
[2024-03-21T01:27:10.556+0000] {processor.py:183} INFO - Processing /home/airflow/.local/lib/python3.8/site-packages/airflow/example_dags/example_nested_branch_dag.py took 0.128 seconds
[2024-03-21T01:27:40.848+0000] {processor.py:161} INFO - Started process (PID=1586) to work on /home/airflow/.local/lib/python3.8/site-packages/airflow/example_dags/example_nested_branch_dag.py
[2024-03-21T01:27:40.849+0000] {processor.py:830} INFO - Processing file /home/airflow/.local/lib/python3.8/site-packages/airflow/example_dags/example_nested_branch_dag.py for tasks to queue
[2024-03-21T01:27:40.852+0000] {logging_mixin.py:188} INFO - [2024-03-21T01:27:40.852+0000] {dagbag.py:540} INFO - Filling up the DagBag from /home/airflow/.local/lib/python3.8/site-packages/airflow/example_dags/example_nested_branch_dag.py
[2024-03-21T01:27:40.867+0000] {processor.py:840} INFO - DAG(s) 'example_nested_branch_dag' retrieved from /home/airflow/.local/lib/python3.8/site-packages/airflow/example_dags/example_nested_branch_dag.py
[2024-03-21T01:27:40.901+0000] {logging_mixin.py:188} INFO - [2024-03-21T01:27:40.901+0000] {dag.py:3047} INFO - Sync 1 DAGs
[2024-03-21T01:27:40.933+0000] {logging_mixin.py:188} INFO - [2024-03-21T01:27:40.933+0000] {dag.py:3834} INFO - Setting next_dagrun for example_nested_branch_dag to 2024-03-20 00:00:00+00:00, run_after=2024-03-21 00:00:00+00:00
[2024-03-21T01:27:40.962+0000] {processor.py:183} INFO - Processing /home/airflow/.local/lib/python3.8/site-packages/airflow/example_dags/example_nested_branch_dag.py took 0.119 seconds
[2024-03-21T01:28:11.113+0000] {processor.py:161} INFO - Started process (PID=1641) to work on /home/airflow/.local/lib/python3.8/site-packages/airflow/example_dags/example_nested_branch_dag.py
[2024-03-21T01:28:11.114+0000] {processor.py:830} INFO - Processing file /home/airflow/.local/lib/python3.8/site-packages/airflow/example_dags/example_nested_branch_dag.py for tasks to queue
[2024-03-21T01:28:11.115+0000] {logging_mixin.py:188} INFO - [2024-03-21T01:28:11.115+0000] {dagbag.py:540} INFO - Filling up the DagBag from /home/airflow/.local/lib/python3.8/site-packages/airflow/example_dags/example_nested_branch_dag.py
[2024-03-21T01:28:11.128+0000] {processor.py:840} INFO - DAG(s) 'example_nested_branch_dag' retrieved from /home/airflow/.local/lib/python3.8/site-packages/airflow/example_dags/example_nested_branch_dag.py
[2024-03-21T01:28:11.155+0000] {logging_mixin.py:188} INFO - [2024-03-21T01:28:11.154+0000] {dag.py:3047} INFO - Sync 1 DAGs
[2024-03-21T01:28:11.180+0000] {logging_mixin.py:188} INFO - [2024-03-21T01:28:11.180+0000] {dag.py:3834} INFO - Setting next_dagrun for example_nested_branch_dag to 2024-03-20 00:00:00+00:00, run_after=2024-03-21 00:00:00+00:00
[2024-03-21T01:28:11.208+0000] {processor.py:183} INFO - Processing /home/airflow/.local/lib/python3.8/site-packages/airflow/example_dags/example_nested_branch_dag.py took 0.098 seconds
[2024-03-21T01:28:41.624+0000] {processor.py:161} INFO - Started process (PID=1696) to work on /home/airflow/.local/lib/python3.8/site-packages/airflow/example_dags/example_nested_branch_dag.py
[2024-03-21T01:28:41.627+0000] {processor.py:830} INFO - Processing file /home/airflow/.local/lib/python3.8/site-packages/airflow/example_dags/example_nested_branch_dag.py for tasks to queue
[2024-03-21T01:28:41.656+0000] {logging_mixin.py:188} INFO - [2024-03-21T01:28:41.655+0000] {dagbag.py:540} INFO - Filling up the DagBag from /home/airflow/.local/lib/python3.8/site-packages/airflow/example_dags/example_nested_branch_dag.py
[2024-03-21T01:28:41.751+0000] {processor.py:840} INFO - DAG(s) 'example_nested_branch_dag' retrieved from /home/airflow/.local/lib/python3.8/site-packages/airflow/example_dags/example_nested_branch_dag.py
[2024-03-21T01:28:41.934+0000] {logging_mixin.py:188} INFO - [2024-03-21T01:28:41.932+0000] {dag.py:3047} INFO - Sync 1 DAGs
[2024-03-21T01:28:42.069+0000] {logging_mixin.py:188} INFO - [2024-03-21T01:28:42.068+0000] {dag.py:3834} INFO - Setting next_dagrun for example_nested_branch_dag to 2024-03-20 00:00:00+00:00, run_after=2024-03-21 00:00:00+00:00
[2024-03-21T01:28:42.183+0000] {processor.py:183} INFO - Processing /home/airflow/.local/lib/python3.8/site-packages/airflow/example_dags/example_nested_branch_dag.py took 0.582 seconds
[2024-03-21T01:29:12.814+0000] {processor.py:161} INFO - Started process (PID=1752) to work on /home/airflow/.local/lib/python3.8/site-packages/airflow/example_dags/example_nested_branch_dag.py
[2024-03-21T01:29:12.815+0000] {processor.py:830} INFO - Processing file /home/airflow/.local/lib/python3.8/site-packages/airflow/example_dags/example_nested_branch_dag.py for tasks to queue
[2024-03-21T01:29:12.818+0000] {logging_mixin.py:188} INFO - [2024-03-21T01:29:12.818+0000] {dagbag.py:540} INFO - Filling up the DagBag from /home/airflow/.local/lib/python3.8/site-packages/airflow/example_dags/example_nested_branch_dag.py
[2024-03-21T01:29:12.833+0000] {processor.py:840} INFO - DAG(s) 'example_nested_branch_dag' retrieved from /home/airflow/.local/lib/python3.8/site-packages/airflow/example_dags/example_nested_branch_dag.py
[2024-03-21T01:29:12.855+0000] {logging_mixin.py:188} INFO - [2024-03-21T01:29:12.854+0000] {dag.py:3047} INFO - Sync 1 DAGs
[2024-03-21T01:29:12.877+0000] {logging_mixin.py:188} INFO - [2024-03-21T01:29:12.876+0000] {dag.py:3834} INFO - Setting next_dagrun for example_nested_branch_dag to 2024-03-20 00:00:00+00:00, run_after=2024-03-21 00:00:00+00:00
[2024-03-21T01:29:12.899+0000] {processor.py:183} INFO - Processing /home/airflow/.local/lib/python3.8/site-packages/airflow/example_dags/example_nested_branch_dag.py took 0.090 seconds
[2024-03-21T01:29:43.043+0000] {processor.py:161} INFO - Started process (PID=1807) to work on /home/airflow/.local/lib/python3.8/site-packages/airflow/example_dags/example_nested_branch_dag.py
[2024-03-21T01:29:43.044+0000] {processor.py:830} INFO - Processing file /home/airflow/.local/lib/python3.8/site-packages/airflow/example_dags/example_nested_branch_dag.py for tasks to queue
[2024-03-21T01:29:43.046+0000] {logging_mixin.py:188} INFO - [2024-03-21T01:29:43.045+0000] {dagbag.py:540} INFO - Filling up the DagBag from /home/airflow/.local/lib/python3.8/site-packages/airflow/example_dags/example_nested_branch_dag.py
[2024-03-21T01:29:43.056+0000] {processor.py:840} INFO - DAG(s) 'example_nested_branch_dag' retrieved from /home/airflow/.local/lib/python3.8/site-packages/airflow/example_dags/example_nested_branch_dag.py
[2024-03-21T01:29:43.079+0000] {logging_mixin.py:188} INFO - [2024-03-21T01:29:43.079+0000] {dag.py:3047} INFO - Sync 1 DAGs
[2024-03-21T01:29:43.102+0000] {logging_mixin.py:188} INFO - [2024-03-21T01:29:43.102+0000] {dag.py:3834} INFO - Setting next_dagrun for example_nested_branch_dag to 2024-03-20 00:00:00+00:00, run_after=2024-03-21 00:00:00+00:00
[2024-03-21T01:29:43.126+0000] {processor.py:183} INFO - Processing /home/airflow/.local/lib/python3.8/site-packages/airflow/example_dags/example_nested_branch_dag.py took 0.088 seconds
[2024-03-21T01:30:13.406+0000] {processor.py:161} INFO - Started process (PID=1861) to work on /home/airflow/.local/lib/python3.8/site-packages/airflow/example_dags/example_nested_branch_dag.py
[2024-03-21T01:30:13.408+0000] {processor.py:830} INFO - Processing file /home/airflow/.local/lib/python3.8/site-packages/airflow/example_dags/example_nested_branch_dag.py for tasks to queue
[2024-03-21T01:30:13.410+0000] {logging_mixin.py:188} INFO - [2024-03-21T01:30:13.409+0000] {dagbag.py:540} INFO - Filling up the DagBag from /home/airflow/.local/lib/python3.8/site-packages/airflow/example_dags/example_nested_branch_dag.py
[2024-03-21T01:30:13.420+0000] {processor.py:840} INFO - DAG(s) 'example_nested_branch_dag' retrieved from /home/airflow/.local/lib/python3.8/site-packages/airflow/example_dags/example_nested_branch_dag.py
[2024-03-21T01:30:13.443+0000] {logging_mixin.py:188} INFO - [2024-03-21T01:30:13.443+0000] {dag.py:3047} INFO - Sync 1 DAGs
[2024-03-21T01:30:13.468+0000] {logging_mixin.py:188} INFO - [2024-03-21T01:30:13.468+0000] {dag.py:3834} INFO - Setting next_dagrun for example_nested_branch_dag to 2024-03-20 00:00:00+00:00, run_after=2024-03-21 00:00:00+00:00
[2024-03-21T01:30:13.495+0000] {processor.py:183} INFO - Processing /home/airflow/.local/lib/python3.8/site-packages/airflow/example_dags/example_nested_branch_dag.py took 0.093 seconds
[2024-03-21T01:30:43.806+0000] {processor.py:161} INFO - Started process (PID=1916) to work on /home/airflow/.local/lib/python3.8/site-packages/airflow/example_dags/example_nested_branch_dag.py
[2024-03-21T01:30:43.807+0000] {processor.py:830} INFO - Processing file /home/airflow/.local/lib/python3.8/site-packages/airflow/example_dags/example_nested_branch_dag.py for tasks to queue
[2024-03-21T01:30:43.810+0000] {logging_mixin.py:188} INFO - [2024-03-21T01:30:43.809+0000] {dagbag.py:540} INFO - Filling up the DagBag from /home/airflow/.local/lib/python3.8/site-packages/airflow/example_dags/example_nested_branch_dag.py
[2024-03-21T01:30:43.829+0000] {processor.py:840} INFO - DAG(s) 'example_nested_branch_dag' retrieved from /home/airflow/.local/lib/python3.8/site-packages/airflow/example_dags/example_nested_branch_dag.py
[2024-03-21T01:30:43.868+0000] {logging_mixin.py:188} INFO - [2024-03-21T01:30:43.867+0000] {dag.py:3047} INFO - Sync 1 DAGs
[2024-03-21T01:30:43.919+0000] {logging_mixin.py:188} INFO - [2024-03-21T01:30:43.919+0000] {dag.py:3834} INFO - Setting next_dagrun for example_nested_branch_dag to 2024-03-20 00:00:00+00:00, run_after=2024-03-21 00:00:00+00:00
[2024-03-21T01:30:43.957+0000] {processor.py:183} INFO - Processing /home/airflow/.local/lib/python3.8/site-packages/airflow/example_dags/example_nested_branch_dag.py took 0.157 seconds
[2024-03-21T01:31:14.586+0000] {processor.py:161} INFO - Started process (PID=1971) to work on /home/airflow/.local/lib/python3.8/site-packages/airflow/example_dags/example_nested_branch_dag.py
[2024-03-21T01:31:14.588+0000] {processor.py:830} INFO - Processing file /home/airflow/.local/lib/python3.8/site-packages/airflow/example_dags/example_nested_branch_dag.py for tasks to queue
[2024-03-21T01:31:14.590+0000] {logging_mixin.py:188} INFO - [2024-03-21T01:31:14.590+0000] {dagbag.py:540} INFO - Filling up the DagBag from /home/airflow/.local/lib/python3.8/site-packages/airflow/example_dags/example_nested_branch_dag.py
[2024-03-21T01:31:14.606+0000] {processor.py:840} INFO - DAG(s) 'example_nested_branch_dag' retrieved from /home/airflow/.local/lib/python3.8/site-packages/airflow/example_dags/example_nested_branch_dag.py
[2024-03-21T01:31:14.635+0000] {logging_mixin.py:188} INFO - [2024-03-21T01:31:14.635+0000] {dag.py:3047} INFO - Sync 1 DAGs
[2024-03-21T01:31:14.661+0000] {logging_mixin.py:188} INFO - [2024-03-21T01:31:14.661+0000] {dag.py:3834} INFO - Setting next_dagrun for example_nested_branch_dag to 2024-03-20 00:00:00+00:00, run_after=2024-03-21 00:00:00+00:00
[2024-03-21T01:31:14.693+0000] {processor.py:183} INFO - Processing /home/airflow/.local/lib/python3.8/site-packages/airflow/example_dags/example_nested_branch_dag.py took 0.109 seconds
[2024-03-21T01:31:44.827+0000] {processor.py:161} INFO - Started process (PID=2026) to work on /home/airflow/.local/lib/python3.8/site-packages/airflow/example_dags/example_nested_branch_dag.py
[2024-03-21T01:31:44.830+0000] {processor.py:830} INFO - Processing file /home/airflow/.local/lib/python3.8/site-packages/airflow/example_dags/example_nested_branch_dag.py for tasks to queue
[2024-03-21T01:31:44.833+0000] {logging_mixin.py:188} INFO - [2024-03-21T01:31:44.833+0000] {dagbag.py:540} INFO - Filling up the DagBag from /home/airflow/.local/lib/python3.8/site-packages/airflow/example_dags/example_nested_branch_dag.py
[2024-03-21T01:31:44.852+0000] {processor.py:840} INFO - DAG(s) 'example_nested_branch_dag' retrieved from /home/airflow/.local/lib/python3.8/site-packages/airflow/example_dags/example_nested_branch_dag.py
[2024-03-21T01:31:44.891+0000] {logging_mixin.py:188} INFO - [2024-03-21T01:31:44.891+0000] {dag.py:3047} INFO - Sync 1 DAGs
[2024-03-21T01:31:44.971+0000] {logging_mixin.py:188} INFO - [2024-03-21T01:31:44.957+0000] {dag.py:3834} INFO - Setting next_dagrun for example_nested_branch_dag to 2024-03-20 00:00:00+00:00, run_after=2024-03-21 00:00:00+00:00
[2024-03-21T01:31:45.019+0000] {processor.py:183} INFO - Processing /home/airflow/.local/lib/python3.8/site-packages/airflow/example_dags/example_nested_branch_dag.py took 0.198 seconds
[2024-03-21T01:32:15.464+0000] {processor.py:161} INFO - Started process (PID=2081) to work on /home/airflow/.local/lib/python3.8/site-packages/airflow/example_dags/example_nested_branch_dag.py
[2024-03-21T01:32:15.466+0000] {processor.py:830} INFO - Processing file /home/airflow/.local/lib/python3.8/site-packages/airflow/example_dags/example_nested_branch_dag.py for tasks to queue
[2024-03-21T01:32:15.467+0000] {logging_mixin.py:188} INFO - [2024-03-21T01:32:15.467+0000] {dagbag.py:540} INFO - Filling up the DagBag from /home/airflow/.local/lib/python3.8/site-packages/airflow/example_dags/example_nested_branch_dag.py
[2024-03-21T01:32:15.482+0000] {processor.py:840} INFO - DAG(s) 'example_nested_branch_dag' retrieved from /home/airflow/.local/lib/python3.8/site-packages/airflow/example_dags/example_nested_branch_dag.py
[2024-03-21T01:32:15.511+0000] {logging_mixin.py:188} INFO - [2024-03-21T01:32:15.510+0000] {dag.py:3047} INFO - Sync 1 DAGs
[2024-03-21T01:32:15.539+0000] {logging_mixin.py:188} INFO - [2024-03-21T01:32:15.539+0000] {dag.py:3834} INFO - Setting next_dagrun for example_nested_branch_dag to 2024-03-20 00:00:00+00:00, run_after=2024-03-21 00:00:00+00:00
[2024-03-21T01:32:15.567+0000] {processor.py:183} INFO - Processing /home/airflow/.local/lib/python3.8/site-packages/airflow/example_dags/example_nested_branch_dag.py took 0.106 seconds
[2024-03-21T01:32:46.184+0000] {processor.py:161} INFO - Started process (PID=2136) to work on /home/airflow/.local/lib/python3.8/site-packages/airflow/example_dags/example_nested_branch_dag.py
[2024-03-21T01:32:46.185+0000] {processor.py:830} INFO - Processing file /home/airflow/.local/lib/python3.8/site-packages/airflow/example_dags/example_nested_branch_dag.py for tasks to queue
[2024-03-21T01:32:46.187+0000] {logging_mixin.py:188} INFO - [2024-03-21T01:32:46.187+0000] {dagbag.py:540} INFO - Filling up the DagBag from /home/airflow/.local/lib/python3.8/site-packages/airflow/example_dags/example_nested_branch_dag.py
[2024-03-21T01:32:46.199+0000] {processor.py:840} INFO - DAG(s) 'example_nested_branch_dag' retrieved from /home/airflow/.local/lib/python3.8/site-packages/airflow/example_dags/example_nested_branch_dag.py
[2024-03-21T01:32:46.223+0000] {logging_mixin.py:188} INFO - [2024-03-21T01:32:46.223+0000] {dag.py:3047} INFO - Sync 1 DAGs
[2024-03-21T01:32:46.251+0000] {logging_mixin.py:188} INFO - [2024-03-21T01:32:46.250+0000] {dag.py:3834} INFO - Setting next_dagrun for example_nested_branch_dag to 2024-03-20 00:00:00+00:00, run_after=2024-03-21 00:00:00+00:00
[2024-03-21T01:32:46.277+0000] {processor.py:183} INFO - Processing /home/airflow/.local/lib/python3.8/site-packages/airflow/example_dags/example_nested_branch_dag.py took 0.096 seconds
[2024-03-21T01:33:16.651+0000] {processor.py:161} INFO - Started process (PID=2191) to work on /home/airflow/.local/lib/python3.8/site-packages/airflow/example_dags/example_nested_branch_dag.py
[2024-03-21T01:33:16.652+0000] {processor.py:830} INFO - Processing file /home/airflow/.local/lib/python3.8/site-packages/airflow/example_dags/example_nested_branch_dag.py for tasks to queue
[2024-03-21T01:33:16.654+0000] {logging_mixin.py:188} INFO - [2024-03-21T01:33:16.654+0000] {dagbag.py:540} INFO - Filling up the DagBag from /home/airflow/.local/lib/python3.8/site-packages/airflow/example_dags/example_nested_branch_dag.py
[2024-03-21T01:33:16.663+0000] {processor.py:840} INFO - DAG(s) 'example_nested_branch_dag' retrieved from /home/airflow/.local/lib/python3.8/site-packages/airflow/example_dags/example_nested_branch_dag.py
[2024-03-21T01:33:16.686+0000] {logging_mixin.py:188} INFO - [2024-03-21T01:33:16.685+0000] {dag.py:3047} INFO - Sync 1 DAGs
[2024-03-21T01:33:16.708+0000] {logging_mixin.py:188} INFO - [2024-03-21T01:33:16.708+0000] {dag.py:3834} INFO - Setting next_dagrun for example_nested_branch_dag to 2024-03-20 00:00:00+00:00, run_after=2024-03-21 00:00:00+00:00
[2024-03-21T01:33:16.731+0000] {processor.py:183} INFO - Processing /home/airflow/.local/lib/python3.8/site-packages/airflow/example_dags/example_nested_branch_dag.py took 0.083 seconds
[2024-03-21T01:33:47.121+0000] {processor.py:161} INFO - Started process (PID=2246) to work on /home/airflow/.local/lib/python3.8/site-packages/airflow/example_dags/example_nested_branch_dag.py
[2024-03-21T01:33:47.123+0000] {processor.py:830} INFO - Processing file /home/airflow/.local/lib/python3.8/site-packages/airflow/example_dags/example_nested_branch_dag.py for tasks to queue
[2024-03-21T01:33:47.125+0000] {logging_mixin.py:188} INFO - [2024-03-21T01:33:47.124+0000] {dagbag.py:540} INFO - Filling up the DagBag from /home/airflow/.local/lib/python3.8/site-packages/airflow/example_dags/example_nested_branch_dag.py
[2024-03-21T01:33:47.137+0000] {processor.py:840} INFO - DAG(s) 'example_nested_branch_dag' retrieved from /home/airflow/.local/lib/python3.8/site-packages/airflow/example_dags/example_nested_branch_dag.py
[2024-03-21T01:33:47.164+0000] {logging_mixin.py:188} INFO - [2024-03-21T01:33:47.163+0000] {dag.py:3047} INFO - Sync 1 DAGs
[2024-03-21T01:33:47.190+0000] {logging_mixin.py:188} INFO - [2024-03-21T01:33:47.189+0000] {dag.py:3834} INFO - Setting next_dagrun for example_nested_branch_dag to 2024-03-20 00:00:00+00:00, run_after=2024-03-21 00:00:00+00:00
[2024-03-21T01:33:47.216+0000] {processor.py:183} INFO - Processing /home/airflow/.local/lib/python3.8/site-packages/airflow/example_dags/example_nested_branch_dag.py took 0.098 seconds
[2024-03-21T01:34:17.277+0000] {processor.py:161} INFO - Started process (PID=2301) to work on /home/airflow/.local/lib/python3.8/site-packages/airflow/example_dags/example_nested_branch_dag.py
[2024-03-21T01:34:17.278+0000] {processor.py:830} INFO - Processing file /home/airflow/.local/lib/python3.8/site-packages/airflow/example_dags/example_nested_branch_dag.py for tasks to queue
[2024-03-21T01:34:17.280+0000] {logging_mixin.py:188} INFO - [2024-03-21T01:34:17.280+0000] {dagbag.py:540} INFO - Filling up the DagBag from /home/airflow/.local/lib/python3.8/site-packages/airflow/example_dags/example_nested_branch_dag.py
[2024-03-21T01:34:17.291+0000] {processor.py:840} INFO - DAG(s) 'example_nested_branch_dag' retrieved from /home/airflow/.local/lib/python3.8/site-packages/airflow/example_dags/example_nested_branch_dag.py
[2024-03-21T01:34:17.313+0000] {logging_mixin.py:188} INFO - [2024-03-21T01:34:17.313+0000] {dag.py:3047} INFO - Sync 1 DAGs
[2024-03-21T01:34:17.339+0000] {logging_mixin.py:188} INFO - [2024-03-21T01:34:17.339+0000] {dag.py:3834} INFO - Setting next_dagrun for example_nested_branch_dag to 2024-03-20 00:00:00+00:00, run_after=2024-03-21 00:00:00+00:00
[2024-03-21T01:34:17.364+0000] {processor.py:183} INFO - Processing /home/airflow/.local/lib/python3.8/site-packages/airflow/example_dags/example_nested_branch_dag.py took 0.090 seconds
[2024-03-21T01:34:47.581+0000] {processor.py:161} INFO - Started process (PID=2356) to work on /home/airflow/.local/lib/python3.8/site-packages/airflow/example_dags/example_nested_branch_dag.py
[2024-03-21T01:34:47.585+0000] {processor.py:830} INFO - Processing file /home/airflow/.local/lib/python3.8/site-packages/airflow/example_dags/example_nested_branch_dag.py for tasks to queue
[2024-03-21T01:34:47.588+0000] {logging_mixin.py:188} INFO - [2024-03-21T01:34:47.588+0000] {dagbag.py:540} INFO - Filling up the DagBag from /home/airflow/.local/lib/python3.8/site-packages/airflow/example_dags/example_nested_branch_dag.py
[2024-03-21T01:34:47.604+0000] {processor.py:840} INFO - DAG(s) 'example_nested_branch_dag' retrieved from /home/airflow/.local/lib/python3.8/site-packages/airflow/example_dags/example_nested_branch_dag.py
[2024-03-21T01:34:47.634+0000] {logging_mixin.py:188} INFO - [2024-03-21T01:34:47.633+0000] {dag.py:3047} INFO - Sync 1 DAGs
[2024-03-21T01:34:47.669+0000] {logging_mixin.py:188} INFO - [2024-03-21T01:34:47.668+0000] {dag.py:3834} INFO - Setting next_dagrun for example_nested_branch_dag to 2024-03-20 00:00:00+00:00, run_after=2024-03-21 00:00:00+00:00
[2024-03-21T01:34:47.696+0000] {processor.py:183} INFO - Processing /home/airflow/.local/lib/python3.8/site-packages/airflow/example_dags/example_nested_branch_dag.py took 0.120 seconds
[2024-03-21T01:35:18.326+0000] {processor.py:161} INFO - Started process (PID=2411) to work on /home/airflow/.local/lib/python3.8/site-packages/airflow/example_dags/example_nested_branch_dag.py
[2024-03-21T01:35:18.328+0000] {processor.py:830} INFO - Processing file /home/airflow/.local/lib/python3.8/site-packages/airflow/example_dags/example_nested_branch_dag.py for tasks to queue
[2024-03-21T01:35:18.331+0000] {logging_mixin.py:188} INFO - [2024-03-21T01:35:18.331+0000] {dagbag.py:540} INFO - Filling up the DagBag from /home/airflow/.local/lib/python3.8/site-packages/airflow/example_dags/example_nested_branch_dag.py
[2024-03-21T01:35:18.349+0000] {processor.py:840} INFO - DAG(s) 'example_nested_branch_dag' retrieved from /home/airflow/.local/lib/python3.8/site-packages/airflow/example_dags/example_nested_branch_dag.py
[2024-03-21T01:35:18.382+0000] {logging_mixin.py:188} INFO - [2024-03-21T01:35:18.381+0000] {dag.py:3047} INFO - Sync 1 DAGs
[2024-03-21T01:35:18.426+0000] {logging_mixin.py:188} INFO - [2024-03-21T01:35:18.425+0000] {dag.py:3834} INFO - Setting next_dagrun for example_nested_branch_dag to 2024-03-20 00:00:00+00:00, run_after=2024-03-21 00:00:00+00:00
[2024-03-21T01:35:18.462+0000] {processor.py:183} INFO - Processing /home/airflow/.local/lib/python3.8/site-packages/airflow/example_dags/example_nested_branch_dag.py took 0.142 seconds
[2024-03-21T01:35:48.574+0000] {processor.py:161} INFO - Started process (PID=2466) to work on /home/airflow/.local/lib/python3.8/site-packages/airflow/example_dags/example_nested_branch_dag.py
[2024-03-21T01:35:48.575+0000] {processor.py:830} INFO - Processing file /home/airflow/.local/lib/python3.8/site-packages/airflow/example_dags/example_nested_branch_dag.py for tasks to queue
[2024-03-21T01:35:48.577+0000] {logging_mixin.py:188} INFO - [2024-03-21T01:35:48.576+0000] {dagbag.py:540} INFO - Filling up the DagBag from /home/airflow/.local/lib/python3.8/site-packages/airflow/example_dags/example_nested_branch_dag.py
[2024-03-21T01:35:48.587+0000] {processor.py:840} INFO - DAG(s) 'example_nested_branch_dag' retrieved from /home/airflow/.local/lib/python3.8/site-packages/airflow/example_dags/example_nested_branch_dag.py
[2024-03-21T01:35:48.613+0000] {logging_mixin.py:188} INFO - [2024-03-21T01:35:48.613+0000] {dag.py:3047} INFO - Sync 1 DAGs
[2024-03-21T01:35:48.641+0000] {logging_mixin.py:188} INFO - [2024-03-21T01:35:48.641+0000] {dag.py:3834} INFO - Setting next_dagrun for example_nested_branch_dag to 2024-03-20 00:00:00+00:00, run_after=2024-03-21 00:00:00+00:00
[2024-03-21T01:35:48.675+0000] {processor.py:183} INFO - Processing /home/airflow/.local/lib/python3.8/site-packages/airflow/example_dags/example_nested_branch_dag.py took 0.104 seconds
[2024-03-21T01:36:18.778+0000] {processor.py:161} INFO - Started process (PID=2522) to work on /home/airflow/.local/lib/python3.8/site-packages/airflow/example_dags/example_nested_branch_dag.py
[2024-03-21T01:36:18.779+0000] {processor.py:830} INFO - Processing file /home/airflow/.local/lib/python3.8/site-packages/airflow/example_dags/example_nested_branch_dag.py for tasks to queue
[2024-03-21T01:36:18.781+0000] {logging_mixin.py:188} INFO - [2024-03-21T01:36:18.781+0000] {dagbag.py:540} INFO - Filling up the DagBag from /home/airflow/.local/lib/python3.8/site-packages/airflow/example_dags/example_nested_branch_dag.py
[2024-03-21T01:36:18.794+0000] {processor.py:840} INFO - DAG(s) 'example_nested_branch_dag' retrieved from /home/airflow/.local/lib/python3.8/site-packages/airflow/example_dags/example_nested_branch_dag.py
[2024-03-21T01:36:18.819+0000] {logging_mixin.py:188} INFO - [2024-03-21T01:36:18.819+0000] {dag.py:3047} INFO - Sync 1 DAGs
[2024-03-21T01:36:18.845+0000] {logging_mixin.py:188} INFO - [2024-03-21T01:36:18.845+0000] {dag.py:3834} INFO - Setting next_dagrun for example_nested_branch_dag to 2024-03-20 00:00:00+00:00, run_after=2024-03-21 00:00:00+00:00
[2024-03-21T01:36:18.870+0000] {processor.py:183} INFO - Processing /home/airflow/.local/lib/python3.8/site-packages/airflow/example_dags/example_nested_branch_dag.py took 0.096 seconds
[2024-03-21T01:36:48.997+0000] {processor.py:161} INFO - Started process (PID=2576) to work on /home/airflow/.local/lib/python3.8/site-packages/airflow/example_dags/example_nested_branch_dag.py
[2024-03-21T01:36:48.998+0000] {processor.py:830} INFO - Processing file /home/airflow/.local/lib/python3.8/site-packages/airflow/example_dags/example_nested_branch_dag.py for tasks to queue
[2024-03-21T01:36:49.000+0000] {logging_mixin.py:188} INFO - [2024-03-21T01:36:49.000+0000] {dagbag.py:540} INFO - Filling up the DagBag from /home/airflow/.local/lib/python3.8/site-packages/airflow/example_dags/example_nested_branch_dag.py
[2024-03-21T01:36:49.011+0000] {processor.py:840} INFO - DAG(s) 'example_nested_branch_dag' retrieved from /home/airflow/.local/lib/python3.8/site-packages/airflow/example_dags/example_nested_branch_dag.py
[2024-03-21T01:36:49.035+0000] {logging_mixin.py:188} INFO - [2024-03-21T01:36:49.035+0000] {dag.py:3047} INFO - Sync 1 DAGs
[2024-03-21T01:36:49.061+0000] {logging_mixin.py:188} INFO - [2024-03-21T01:36:49.060+0000] {dag.py:3834} INFO - Setting next_dagrun for example_nested_branch_dag to 2024-03-20 00:00:00+00:00, run_after=2024-03-21 00:00:00+00:00
[2024-03-21T01:36:49.085+0000] {processor.py:183} INFO - Processing /home/airflow/.local/lib/python3.8/site-packages/airflow/example_dags/example_nested_branch_dag.py took 0.092 seconds
[2024-03-21T01:37:19.681+0000] {processor.py:161} INFO - Started process (PID=2630) to work on /home/airflow/.local/lib/python3.8/site-packages/airflow/example_dags/example_nested_branch_dag.py
[2024-03-21T01:37:19.683+0000] {processor.py:830} INFO - Processing file /home/airflow/.local/lib/python3.8/site-packages/airflow/example_dags/example_nested_branch_dag.py for tasks to queue
[2024-03-21T01:37:19.687+0000] {logging_mixin.py:188} INFO - [2024-03-21T01:37:19.686+0000] {dagbag.py:540} INFO - Filling up the DagBag from /home/airflow/.local/lib/python3.8/site-packages/airflow/example_dags/example_nested_branch_dag.py
[2024-03-21T01:37:19.707+0000] {processor.py:840} INFO - DAG(s) 'example_nested_branch_dag' retrieved from /home/airflow/.local/lib/python3.8/site-packages/airflow/example_dags/example_nested_branch_dag.py
[2024-03-21T01:37:19.750+0000] {logging_mixin.py:188} INFO - [2024-03-21T01:37:19.750+0000] {dag.py:3047} INFO - Sync 1 DAGs
[2024-03-21T01:37:19.796+0000] {logging_mixin.py:188} INFO - [2024-03-21T01:37:19.796+0000] {dag.py:3834} INFO - Setting next_dagrun for example_nested_branch_dag to 2024-03-20 00:00:00+00:00, run_after=2024-03-21 00:00:00+00:00
[2024-03-21T01:37:19.838+0000] {processor.py:183} INFO - Processing /home/airflow/.local/lib/python3.8/site-packages/airflow/example_dags/example_nested_branch_dag.py took 0.163 seconds
[2024-03-21T01:37:49.954+0000] {processor.py:161} INFO - Started process (PID=2685) to work on /home/airflow/.local/lib/python3.8/site-packages/airflow/example_dags/example_nested_branch_dag.py
[2024-03-21T01:37:49.956+0000] {processor.py:830} INFO - Processing file /home/airflow/.local/lib/python3.8/site-packages/airflow/example_dags/example_nested_branch_dag.py for tasks to queue
[2024-03-21T01:37:49.959+0000] {logging_mixin.py:188} INFO - [2024-03-21T01:37:49.958+0000] {dagbag.py:540} INFO - Filling up the DagBag from /home/airflow/.local/lib/python3.8/site-packages/airflow/example_dags/example_nested_branch_dag.py
[2024-03-21T01:37:49.976+0000] {processor.py:840} INFO - DAG(s) 'example_nested_branch_dag' retrieved from /home/airflow/.local/lib/python3.8/site-packages/airflow/example_dags/example_nested_branch_dag.py
[2024-03-21T01:37:50.031+0000] {logging_mixin.py:188} INFO - [2024-03-21T01:37:50.031+0000] {dag.py:3047} INFO - Sync 1 DAGs
[2024-03-21T01:37:50.073+0000] {logging_mixin.py:188} INFO - [2024-03-21T01:37:50.073+0000] {dag.py:3834} INFO - Setting next_dagrun for example_nested_branch_dag to 2024-03-20 00:00:00+00:00, run_after=2024-03-21 00:00:00+00:00
[2024-03-21T01:37:50.114+0000] {processor.py:183} INFO - Processing /home/airflow/.local/lib/python3.8/site-packages/airflow/example_dags/example_nested_branch_dag.py took 0.168 seconds
[2024-03-21T01:38:20.361+0000] {processor.py:161} INFO - Started process (PID=2740) to work on /home/airflow/.local/lib/python3.8/site-packages/airflow/example_dags/example_nested_branch_dag.py
[2024-03-21T01:38:20.362+0000] {processor.py:830} INFO - Processing file /home/airflow/.local/lib/python3.8/site-packages/airflow/example_dags/example_nested_branch_dag.py for tasks to queue
[2024-03-21T01:38:20.364+0000] {logging_mixin.py:188} INFO - [2024-03-21T01:38:20.363+0000] {dagbag.py:540} INFO - Filling up the DagBag from /home/airflow/.local/lib/python3.8/site-packages/airflow/example_dags/example_nested_branch_dag.py
[2024-03-21T01:38:20.374+0000] {processor.py:840} INFO - DAG(s) 'example_nested_branch_dag' retrieved from /home/airflow/.local/lib/python3.8/site-packages/airflow/example_dags/example_nested_branch_dag.py
[2024-03-21T01:38:20.402+0000] {logging_mixin.py:188} INFO - [2024-03-21T01:38:20.402+0000] {dag.py:3047} INFO - Sync 1 DAGs
[2024-03-21T01:38:20.426+0000] {logging_mixin.py:188} INFO - [2024-03-21T01:38:20.426+0000] {dag.py:3834} INFO - Setting next_dagrun for example_nested_branch_dag to 2024-03-20 00:00:00+00:00, run_after=2024-03-21 00:00:00+00:00
[2024-03-21T01:38:20.455+0000] {processor.py:183} INFO - Processing /home/airflow/.local/lib/python3.8/site-packages/airflow/example_dags/example_nested_branch_dag.py took 0.098 seconds
[2024-03-21T01:38:50.490+0000] {processor.py:161} INFO - Started process (PID=2793) to work on /home/airflow/.local/lib/python3.8/site-packages/airflow/example_dags/example_nested_branch_dag.py
[2024-03-21T01:38:50.491+0000] {processor.py:830} INFO - Processing file /home/airflow/.local/lib/python3.8/site-packages/airflow/example_dags/example_nested_branch_dag.py for tasks to queue
[2024-03-21T01:38:50.493+0000] {logging_mixin.py:188} INFO - [2024-03-21T01:38:50.493+0000] {dagbag.py:540} INFO - Filling up the DagBag from /home/airflow/.local/lib/python3.8/site-packages/airflow/example_dags/example_nested_branch_dag.py
[2024-03-21T01:38:50.505+0000] {processor.py:840} INFO - DAG(s) 'example_nested_branch_dag' retrieved from /home/airflow/.local/lib/python3.8/site-packages/airflow/example_dags/example_nested_branch_dag.py
[2024-03-21T01:38:50.528+0000] {logging_mixin.py:188} INFO - [2024-03-21T01:38:50.528+0000] {dag.py:3047} INFO - Sync 1 DAGs
[2024-03-21T01:38:50.555+0000] {logging_mixin.py:188} INFO - [2024-03-21T01:38:50.555+0000] {dag.py:3834} INFO - Setting next_dagrun for example_nested_branch_dag to 2024-03-20 00:00:00+00:00, run_after=2024-03-21 00:00:00+00:00
[2024-03-21T01:38:50.583+0000] {processor.py:183} INFO - Processing /home/airflow/.local/lib/python3.8/site-packages/airflow/example_dags/example_nested_branch_dag.py took 0.096 seconds
[2024-03-21T01:39:21.124+0000] {processor.py:161} INFO - Started process (PID=2848) to work on /home/airflow/.local/lib/python3.8/site-packages/airflow/example_dags/example_nested_branch_dag.py
[2024-03-21T01:39:21.128+0000] {processor.py:830} INFO - Processing file /home/airflow/.local/lib/python3.8/site-packages/airflow/example_dags/example_nested_branch_dag.py for tasks to queue
[2024-03-21T01:39:21.131+0000] {logging_mixin.py:188} INFO - [2024-03-21T01:39:21.131+0000] {dagbag.py:540} INFO - Filling up the DagBag from /home/airflow/.local/lib/python3.8/site-packages/airflow/example_dags/example_nested_branch_dag.py
[2024-03-21T01:39:21.143+0000] {processor.py:840} INFO - DAG(s) 'example_nested_branch_dag' retrieved from /home/airflow/.local/lib/python3.8/site-packages/airflow/example_dags/example_nested_branch_dag.py
[2024-03-21T01:39:21.168+0000] {logging_mixin.py:188} INFO - [2024-03-21T01:39:21.168+0000] {dag.py:3047} INFO - Sync 1 DAGs
[2024-03-21T01:39:21.198+0000] {logging_mixin.py:188} INFO - [2024-03-21T01:39:21.198+0000] {dag.py:3834} INFO - Setting next_dagrun for example_nested_branch_dag to 2024-03-20 00:00:00+00:00, run_after=2024-03-21 00:00:00+00:00
[2024-03-21T01:39:21.221+0000] {processor.py:183} INFO - Processing /home/airflow/.local/lib/python3.8/site-packages/airflow/example_dags/example_nested_branch_dag.py took 0.107 seconds
[2024-03-21T01:39:51.306+0000] {processor.py:161} INFO - Started process (PID=2903) to work on /home/airflow/.local/lib/python3.8/site-packages/airflow/example_dags/example_nested_branch_dag.py
[2024-03-21T01:39:51.307+0000] {processor.py:830} INFO - Processing file /home/airflow/.local/lib/python3.8/site-packages/airflow/example_dags/example_nested_branch_dag.py for tasks to queue
[2024-03-21T01:39:51.309+0000] {logging_mixin.py:188} INFO - [2024-03-21T01:39:51.309+0000] {dagbag.py:540} INFO - Filling up the DagBag from /home/airflow/.local/lib/python3.8/site-packages/airflow/example_dags/example_nested_branch_dag.py
[2024-03-21T01:39:51.323+0000] {processor.py:840} INFO - DAG(s) 'example_nested_branch_dag' retrieved from /home/airflow/.local/lib/python3.8/site-packages/airflow/example_dags/example_nested_branch_dag.py
[2024-03-21T01:39:51.346+0000] {logging_mixin.py:188} INFO - [2024-03-21T01:39:51.346+0000] {dag.py:3047} INFO - Sync 1 DAGs
[2024-03-21T01:39:51.369+0000] {logging_mixin.py:188} INFO - [2024-03-21T01:39:51.369+0000] {dag.py:3834} INFO - Setting next_dagrun for example_nested_branch_dag to 2024-03-20 00:00:00+00:00, run_after=2024-03-21 00:00:00+00:00
[2024-03-21T01:39:51.393+0000] {processor.py:183} INFO - Processing /home/airflow/.local/lib/python3.8/site-packages/airflow/example_dags/example_nested_branch_dag.py took 0.090 seconds
