[2024-03-21T00:09:31.082+0000] {processor.py:161} INFO - Started process (PID=60) to work on /home/airflow/.local/lib/python3.8/site-packages/airflow/example_dags/example_bash_operator.py
[2024-03-21T00:09:31.085+0000] {processor.py:830} INFO - Processing file /home/airflow/.local/lib/python3.8/site-packages/airflow/example_dags/example_bash_operator.py for tasks to queue
[2024-03-21T00:09:31.095+0000] {logging_mixin.py:188} INFO - [2024-03-21T00:09:31.092+0000] {dagbag.py:540} INFO - Filling up the DagBag from /home/airflow/.local/lib/python3.8/site-packages/airflow/example_dags/example_bash_operator.py
[2024-03-21T00:09:31.208+0000] {processor.py:840} INFO - DAG(s) 'example_bash_operator' retrieved from /home/airflow/.local/lib/python3.8/site-packages/airflow/example_dags/example_bash_operator.py
[2024-03-21T00:09:31.248+0000] {logging_mixin.py:188} INFO - [2024-03-21T00:09:31.248+0000] {dag.py:3047} INFO - Sync 1 DAGs
[2024-03-21T00:09:31.375+0000] {logging_mixin.py:188} INFO - [2024-03-21T00:09:31.375+0000] {dag.py:3834} INFO - Setting next_dagrun for example_bash_operator to 2024-03-20 00:00:00+00:00, run_after=2024-03-21 00:00:00+00:00
[2024-03-21T00:09:31.455+0000] {processor.py:183} INFO - Processing /home/airflow/.local/lib/python3.8/site-packages/airflow/example_dags/example_bash_operator.py took 0.393 seconds
[2024-03-21T00:10:01.678+0000] {processor.py:161} INFO - Started process (PID=115) to work on /home/airflow/.local/lib/python3.8/site-packages/airflow/example_dags/example_bash_operator.py
[2024-03-21T00:10:01.680+0000] {processor.py:830} INFO - Processing file /home/airflow/.local/lib/python3.8/site-packages/airflow/example_dags/example_bash_operator.py for tasks to queue
[2024-03-21T00:10:01.682+0000] {logging_mixin.py:188} INFO - [2024-03-21T00:10:01.682+0000] {dagbag.py:540} INFO - Filling up the DagBag from /home/airflow/.local/lib/python3.8/site-packages/airflow/example_dags/example_bash_operator.py
[2024-03-21T00:10:01.701+0000] {processor.py:840} INFO - DAG(s) 'example_bash_operator' retrieved from /home/airflow/.local/lib/python3.8/site-packages/airflow/example_dags/example_bash_operator.py
[2024-03-21T00:10:01.911+0000] {logging_mixin.py:188} INFO - [2024-03-21T00:10:01.910+0000] {dag.py:3047} INFO - Sync 1 DAGs
[2024-03-21T00:10:01.937+0000] {logging_mixin.py:188} INFO - [2024-03-21T00:10:01.937+0000] {dag.py:3834} INFO - Setting next_dagrun for example_bash_operator to 2024-03-20 00:00:00+00:00, run_after=2024-03-21 00:00:00+00:00
[2024-03-21T00:10:01.965+0000] {processor.py:183} INFO - Processing /home/airflow/.local/lib/python3.8/site-packages/airflow/example_dags/example_bash_operator.py took 0.291 seconds
[2024-03-21T00:10:32.107+0000] {processor.py:161} INFO - Started process (PID=170) to work on /home/airflow/.local/lib/python3.8/site-packages/airflow/example_dags/example_bash_operator.py
[2024-03-21T00:10:32.109+0000] {processor.py:830} INFO - Processing file /home/airflow/.local/lib/python3.8/site-packages/airflow/example_dags/example_bash_operator.py for tasks to queue
[2024-03-21T00:10:32.110+0000] {logging_mixin.py:188} INFO - [2024-03-21T00:10:32.110+0000] {dagbag.py:540} INFO - Filling up the DagBag from /home/airflow/.local/lib/python3.8/site-packages/airflow/example_dags/example_bash_operator.py
[2024-03-21T00:10:32.125+0000] {processor.py:840} INFO - DAG(s) 'example_bash_operator' retrieved from /home/airflow/.local/lib/python3.8/site-packages/airflow/example_dags/example_bash_operator.py
[2024-03-21T00:10:32.162+0000] {logging_mixin.py:188} INFO - [2024-03-21T00:10:32.162+0000] {dag.py:3047} INFO - Sync 1 DAGs
[2024-03-21T00:10:32.189+0000] {logging_mixin.py:188} INFO - [2024-03-21T00:10:32.189+0000] {dag.py:3834} INFO - Setting next_dagrun for example_bash_operator to 2024-03-20 00:00:00+00:00, run_after=2024-03-21 00:00:00+00:00
[2024-03-21T00:10:32.212+0000] {processor.py:183} INFO - Processing /home/airflow/.local/lib/python3.8/site-packages/airflow/example_dags/example_bash_operator.py took 0.108 seconds
[2024-03-21T00:17:00.057+0000] {processor.py:161} INFO - Started process (PID=48) to work on /home/airflow/.local/lib/python3.8/site-packages/airflow/example_dags/example_bash_operator.py
[2024-03-21T00:17:00.082+0000] {processor.py:830} INFO - Processing file /home/airflow/.local/lib/python3.8/site-packages/airflow/example_dags/example_bash_operator.py for tasks to queue
[2024-03-21T00:17:00.089+0000] {logging_mixin.py:188} INFO - [2024-03-21T00:17:00.088+0000] {dagbag.py:540} INFO - Filling up the DagBag from /home/airflow/.local/lib/python3.8/site-packages/airflow/example_dags/example_bash_operator.py
[2024-03-21T00:17:00.150+0000] {processor.py:840} INFO - DAG(s) 'example_bash_operator' retrieved from /home/airflow/.local/lib/python3.8/site-packages/airflow/example_dags/example_bash_operator.py
[2024-03-21T00:17:00.508+0000] {logging_mixin.py:188} INFO - [2024-03-21T00:17:00.507+0000] {dag.py:3047} INFO - Sync 1 DAGs
[2024-03-21T00:17:00.568+0000] {logging_mixin.py:188} INFO - [2024-03-21T00:17:00.568+0000] {dag.py:3834} INFO - Setting next_dagrun for example_bash_operator to 2024-03-20 00:00:00+00:00, run_after=2024-03-21 00:00:00+00:00
[2024-03-21T00:17:00.649+0000] {processor.py:183} INFO - Processing /home/airflow/.local/lib/python3.8/site-packages/airflow/example_dags/example_bash_operator.py took 0.606 seconds
[2024-03-21T00:17:30.687+0000] {processor.py:161} INFO - Started process (PID=103) to work on /home/airflow/.local/lib/python3.8/site-packages/airflow/example_dags/example_bash_operator.py
[2024-03-21T00:17:30.688+0000] {processor.py:830} INFO - Processing file /home/airflow/.local/lib/python3.8/site-packages/airflow/example_dags/example_bash_operator.py for tasks to queue
[2024-03-21T00:17:30.690+0000] {logging_mixin.py:188} INFO - [2024-03-21T00:17:30.690+0000] {dagbag.py:540} INFO - Filling up the DagBag from /home/airflow/.local/lib/python3.8/site-packages/airflow/example_dags/example_bash_operator.py
[2024-03-21T00:17:30.701+0000] {processor.py:840} INFO - DAG(s) 'example_bash_operator' retrieved from /home/airflow/.local/lib/python3.8/site-packages/airflow/example_dags/example_bash_operator.py
[2024-03-21T00:17:30.738+0000] {logging_mixin.py:188} INFO - [2024-03-21T00:17:30.738+0000] {dag.py:3047} INFO - Sync 1 DAGs
[2024-03-21T00:17:30.761+0000] {logging_mixin.py:188} INFO - [2024-03-21T00:17:30.760+0000] {dag.py:3834} INFO - Setting next_dagrun for example_bash_operator to 2024-03-20 00:00:00+00:00, run_after=2024-03-21 00:00:00+00:00
[2024-03-21T00:17:30.781+0000] {processor.py:183} INFO - Processing /home/airflow/.local/lib/python3.8/site-packages/airflow/example_dags/example_bash_operator.py took 0.097 seconds
[2024-03-21T00:18:01.200+0000] {processor.py:161} INFO - Started process (PID=158) to work on /home/airflow/.local/lib/python3.8/site-packages/airflow/example_dags/example_bash_operator.py
[2024-03-21T00:18:01.201+0000] {processor.py:830} INFO - Processing file /home/airflow/.local/lib/python3.8/site-packages/airflow/example_dags/example_bash_operator.py for tasks to queue
[2024-03-21T00:18:01.202+0000] {logging_mixin.py:188} INFO - [2024-03-21T00:18:01.202+0000] {dagbag.py:540} INFO - Filling up the DagBag from /home/airflow/.local/lib/python3.8/site-packages/airflow/example_dags/example_bash_operator.py
[2024-03-21T00:18:01.214+0000] {processor.py:840} INFO - DAG(s) 'example_bash_operator' retrieved from /home/airflow/.local/lib/python3.8/site-packages/airflow/example_dags/example_bash_operator.py
[2024-03-21T00:18:01.245+0000] {logging_mixin.py:188} INFO - [2024-03-21T00:18:01.244+0000] {dag.py:3047} INFO - Sync 1 DAGs
[2024-03-21T00:18:01.267+0000] {logging_mixin.py:188} INFO - [2024-03-21T00:18:01.266+0000] {dag.py:3834} INFO - Setting next_dagrun for example_bash_operator to 2024-03-20 00:00:00+00:00, run_after=2024-03-21 00:00:00+00:00
[2024-03-21T00:18:01.289+0000] {processor.py:183} INFO - Processing /home/airflow/.local/lib/python3.8/site-packages/airflow/example_dags/example_bash_operator.py took 0.092 seconds
[2024-03-21T00:18:31.701+0000] {processor.py:161} INFO - Started process (PID=213) to work on /home/airflow/.local/lib/python3.8/site-packages/airflow/example_dags/example_bash_operator.py
[2024-03-21T00:18:31.703+0000] {processor.py:830} INFO - Processing file /home/airflow/.local/lib/python3.8/site-packages/airflow/example_dags/example_bash_operator.py for tasks to queue
[2024-03-21T00:18:31.705+0000] {logging_mixin.py:188} INFO - [2024-03-21T00:18:31.704+0000] {dagbag.py:540} INFO - Filling up the DagBag from /home/airflow/.local/lib/python3.8/site-packages/airflow/example_dags/example_bash_operator.py
[2024-03-21T00:18:31.718+0000] {processor.py:840} INFO - DAG(s) 'example_bash_operator' retrieved from /home/airflow/.local/lib/python3.8/site-packages/airflow/example_dags/example_bash_operator.py
[2024-03-21T00:18:31.753+0000] {logging_mixin.py:188} INFO - [2024-03-21T00:18:31.753+0000] {dag.py:3047} INFO - Sync 1 DAGs
[2024-03-21T00:18:31.778+0000] {logging_mixin.py:188} INFO - [2024-03-21T00:18:31.777+0000] {dag.py:3834} INFO - Setting next_dagrun for example_bash_operator to 2024-03-20 00:00:00+00:00, run_after=2024-03-21 00:00:00+00:00
[2024-03-21T00:18:31.799+0000] {processor.py:183} INFO - Processing /home/airflow/.local/lib/python3.8/site-packages/airflow/example_dags/example_bash_operator.py took 0.102 seconds
[2024-03-21T00:19:02.518+0000] {processor.py:161} INFO - Started process (PID=268) to work on /home/airflow/.local/lib/python3.8/site-packages/airflow/example_dags/example_bash_operator.py
[2024-03-21T00:19:02.520+0000] {processor.py:830} INFO - Processing file /home/airflow/.local/lib/python3.8/site-packages/airflow/example_dags/example_bash_operator.py for tasks to queue
[2024-03-21T00:19:02.522+0000] {logging_mixin.py:188} INFO - [2024-03-21T00:19:02.521+0000] {dagbag.py:540} INFO - Filling up the DagBag from /home/airflow/.local/lib/python3.8/site-packages/airflow/example_dags/example_bash_operator.py
[2024-03-21T00:19:02.533+0000] {processor.py:840} INFO - DAG(s) 'example_bash_operator' retrieved from /home/airflow/.local/lib/python3.8/site-packages/airflow/example_dags/example_bash_operator.py
[2024-03-21T00:19:02.563+0000] {logging_mixin.py:188} INFO - [2024-03-21T00:19:02.563+0000] {dag.py:3047} INFO - Sync 1 DAGs
[2024-03-21T00:19:02.585+0000] {logging_mixin.py:188} INFO - [2024-03-21T00:19:02.585+0000] {dag.py:3834} INFO - Setting next_dagrun for example_bash_operator to 2024-03-20 00:00:00+00:00, run_after=2024-03-21 00:00:00+00:00
[2024-03-21T00:19:02.606+0000] {processor.py:183} INFO - Processing /home/airflow/.local/lib/python3.8/site-packages/airflow/example_dags/example_bash_operator.py took 0.091 seconds
[2024-03-21T00:19:32.741+0000] {processor.py:161} INFO - Started process (PID=323) to work on /home/airflow/.local/lib/python3.8/site-packages/airflow/example_dags/example_bash_operator.py
[2024-03-21T00:19:32.743+0000] {processor.py:830} INFO - Processing file /home/airflow/.local/lib/python3.8/site-packages/airflow/example_dags/example_bash_operator.py for tasks to queue
[2024-03-21T00:19:32.744+0000] {logging_mixin.py:188} INFO - [2024-03-21T00:19:32.744+0000] {dagbag.py:540} INFO - Filling up the DagBag from /home/airflow/.local/lib/python3.8/site-packages/airflow/example_dags/example_bash_operator.py
[2024-03-21T00:19:32.755+0000] {processor.py:840} INFO - DAG(s) 'example_bash_operator' retrieved from /home/airflow/.local/lib/python3.8/site-packages/airflow/example_dags/example_bash_operator.py
[2024-03-21T00:19:32.788+0000] {logging_mixin.py:188} INFO - [2024-03-21T00:19:32.787+0000] {dag.py:3047} INFO - Sync 1 DAGs
[2024-03-21T00:19:32.811+0000] {logging_mixin.py:188} INFO - [2024-03-21T00:19:32.811+0000] {dag.py:3834} INFO - Setting next_dagrun for example_bash_operator to 2024-03-20 00:00:00+00:00, run_after=2024-03-21 00:00:00+00:00
[2024-03-21T00:19:32.834+0000] {processor.py:183} INFO - Processing /home/airflow/.local/lib/python3.8/site-packages/airflow/example_dags/example_bash_operator.py took 0.096 seconds
[2024-03-21T00:20:03.269+0000] {processor.py:161} INFO - Started process (PID=378) to work on /home/airflow/.local/lib/python3.8/site-packages/airflow/example_dags/example_bash_operator.py
[2024-03-21T00:20:03.270+0000] {processor.py:830} INFO - Processing file /home/airflow/.local/lib/python3.8/site-packages/airflow/example_dags/example_bash_operator.py for tasks to queue
[2024-03-21T00:20:03.272+0000] {logging_mixin.py:188} INFO - [2024-03-21T00:20:03.271+0000] {dagbag.py:540} INFO - Filling up the DagBag from /home/airflow/.local/lib/python3.8/site-packages/airflow/example_dags/example_bash_operator.py
[2024-03-21T00:20:03.283+0000] {processor.py:840} INFO - DAG(s) 'example_bash_operator' retrieved from /home/airflow/.local/lib/python3.8/site-packages/airflow/example_dags/example_bash_operator.py
[2024-03-21T00:20:03.315+0000] {logging_mixin.py:188} INFO - [2024-03-21T00:20:03.314+0000] {dag.py:3047} INFO - Sync 1 DAGs
[2024-03-21T00:20:03.339+0000] {logging_mixin.py:188} INFO - [2024-03-21T00:20:03.338+0000] {dag.py:3834} INFO - Setting next_dagrun for example_bash_operator to 2024-03-20 00:00:00+00:00, run_after=2024-03-21 00:00:00+00:00
[2024-03-21T00:20:03.359+0000] {processor.py:183} INFO - Processing /home/airflow/.local/lib/python3.8/site-packages/airflow/example_dags/example_bash_operator.py took 0.094 seconds
[2024-03-21T00:20:33.600+0000] {processor.py:161} INFO - Started process (PID=433) to work on /home/airflow/.local/lib/python3.8/site-packages/airflow/example_dags/example_bash_operator.py
[2024-03-21T00:20:33.601+0000] {processor.py:830} INFO - Processing file /home/airflow/.local/lib/python3.8/site-packages/airflow/example_dags/example_bash_operator.py for tasks to queue
[2024-03-21T00:20:33.603+0000] {logging_mixin.py:188} INFO - [2024-03-21T00:20:33.603+0000] {dagbag.py:540} INFO - Filling up the DagBag from /home/airflow/.local/lib/python3.8/site-packages/airflow/example_dags/example_bash_operator.py
[2024-03-21T00:20:33.616+0000] {processor.py:840} INFO - DAG(s) 'example_bash_operator' retrieved from /home/airflow/.local/lib/python3.8/site-packages/airflow/example_dags/example_bash_operator.py
[2024-03-21T00:20:33.646+0000] {logging_mixin.py:188} INFO - [2024-03-21T00:20:33.646+0000] {dag.py:3047} INFO - Sync 1 DAGs
[2024-03-21T00:20:33.671+0000] {logging_mixin.py:188} INFO - [2024-03-21T00:20:33.670+0000] {dag.py:3834} INFO - Setting next_dagrun for example_bash_operator to 2024-03-20 00:00:00+00:00, run_after=2024-03-21 00:00:00+00:00
[2024-03-21T00:20:33.689+0000] {processor.py:183} INFO - Processing /home/airflow/.local/lib/python3.8/site-packages/airflow/example_dags/example_bash_operator.py took 0.093 seconds
[2024-03-21T00:21:03.884+0000] {processor.py:161} INFO - Started process (PID=488) to work on /home/airflow/.local/lib/python3.8/site-packages/airflow/example_dags/example_bash_operator.py
[2024-03-21T00:21:03.886+0000] {processor.py:830} INFO - Processing file /home/airflow/.local/lib/python3.8/site-packages/airflow/example_dags/example_bash_operator.py for tasks to queue
[2024-03-21T00:21:03.888+0000] {logging_mixin.py:188} INFO - [2024-03-21T00:21:03.887+0000] {dagbag.py:540} INFO - Filling up the DagBag from /home/airflow/.local/lib/python3.8/site-packages/airflow/example_dags/example_bash_operator.py
[2024-03-21T00:21:03.901+0000] {processor.py:840} INFO - DAG(s) 'example_bash_operator' retrieved from /home/airflow/.local/lib/python3.8/site-packages/airflow/example_dags/example_bash_operator.py
[2024-03-21T00:21:03.931+0000] {logging_mixin.py:188} INFO - [2024-03-21T00:21:03.930+0000] {dag.py:3047} INFO - Sync 1 DAGs
[2024-03-21T00:21:03.952+0000] {logging_mixin.py:188} INFO - [2024-03-21T00:21:03.952+0000] {dag.py:3834} INFO - Setting next_dagrun for example_bash_operator to 2024-03-20 00:00:00+00:00, run_after=2024-03-21 00:00:00+00:00
[2024-03-21T00:21:03.973+0000] {processor.py:183} INFO - Processing /home/airflow/.local/lib/python3.8/site-packages/airflow/example_dags/example_bash_operator.py took 0.092 seconds
[2024-03-21T00:21:34.264+0000] {processor.py:161} INFO - Started process (PID=543) to work on /home/airflow/.local/lib/python3.8/site-packages/airflow/example_dags/example_bash_operator.py
[2024-03-21T00:21:34.265+0000] {processor.py:830} INFO - Processing file /home/airflow/.local/lib/python3.8/site-packages/airflow/example_dags/example_bash_operator.py for tasks to queue
[2024-03-21T00:21:34.267+0000] {logging_mixin.py:188} INFO - [2024-03-21T00:21:34.266+0000] {dagbag.py:540} INFO - Filling up the DagBag from /home/airflow/.local/lib/python3.8/site-packages/airflow/example_dags/example_bash_operator.py
[2024-03-21T00:21:34.278+0000] {processor.py:840} INFO - DAG(s) 'example_bash_operator' retrieved from /home/airflow/.local/lib/python3.8/site-packages/airflow/example_dags/example_bash_operator.py
[2024-03-21T00:21:34.311+0000] {logging_mixin.py:188} INFO - [2024-03-21T00:21:34.311+0000] {dag.py:3047} INFO - Sync 1 DAGs
[2024-03-21T00:21:34.333+0000] {logging_mixin.py:188} INFO - [2024-03-21T00:21:34.333+0000] {dag.py:3834} INFO - Setting next_dagrun for example_bash_operator to 2024-03-20 00:00:00+00:00, run_after=2024-03-21 00:00:00+00:00
[2024-03-21T00:21:34.355+0000] {processor.py:183} INFO - Processing /home/airflow/.local/lib/python3.8/site-packages/airflow/example_dags/example_bash_operator.py took 0.094 seconds
[2024-03-21T01:13:18.537+0000] {processor.py:161} INFO - Started process (PID=37) to work on /home/airflow/.local/lib/python3.8/site-packages/airflow/example_dags/example_bash_operator.py
[2024-03-21T01:13:18.538+0000] {processor.py:830} INFO - Processing file /home/airflow/.local/lib/python3.8/site-packages/airflow/example_dags/example_bash_operator.py for tasks to queue
[2024-03-21T01:13:18.541+0000] {logging_mixin.py:188} INFO - [2024-03-21T01:13:18.540+0000] {dagbag.py:540} INFO - Filling up the DagBag from /home/airflow/.local/lib/python3.8/site-packages/airflow/example_dags/example_bash_operator.py
[2024-03-21T01:13:18.559+0000] {processor.py:840} INFO - DAG(s) 'example_bash_operator' retrieved from /home/airflow/.local/lib/python3.8/site-packages/airflow/example_dags/example_bash_operator.py
[2024-03-21T01:13:18.600+0000] {logging_mixin.py:188} INFO - [2024-03-21T01:13:18.600+0000] {dag.py:3047} INFO - Sync 1 DAGs
[2024-03-21T01:13:18.629+0000] {logging_mixin.py:188} INFO - [2024-03-21T01:13:18.629+0000] {dag.py:3834} INFO - Setting next_dagrun for example_bash_operator to 2024-03-20 00:00:00+00:00, run_after=2024-03-21 00:00:00+00:00
[2024-03-21T01:13:18.655+0000] {processor.py:183} INFO - Processing /home/airflow/.local/lib/python3.8/site-packages/airflow/example_dags/example_bash_operator.py took 0.121 seconds
[2024-03-21T01:13:49.371+0000] {processor.py:161} INFO - Started process (PID=92) to work on /home/airflow/.local/lib/python3.8/site-packages/airflow/example_dags/example_bash_operator.py
[2024-03-21T01:13:49.372+0000] {processor.py:830} INFO - Processing file /home/airflow/.local/lib/python3.8/site-packages/airflow/example_dags/example_bash_operator.py for tasks to queue
[2024-03-21T01:13:49.374+0000] {logging_mixin.py:188} INFO - [2024-03-21T01:13:49.373+0000] {dagbag.py:540} INFO - Filling up the DagBag from /home/airflow/.local/lib/python3.8/site-packages/airflow/example_dags/example_bash_operator.py
[2024-03-21T01:13:49.385+0000] {processor.py:840} INFO - DAG(s) 'example_bash_operator' retrieved from /home/airflow/.local/lib/python3.8/site-packages/airflow/example_dags/example_bash_operator.py
[2024-03-21T01:13:49.416+0000] {logging_mixin.py:188} INFO - [2024-03-21T01:13:49.416+0000] {dag.py:3047} INFO - Sync 1 DAGs
[2024-03-21T01:13:49.439+0000] {logging_mixin.py:188} INFO - [2024-03-21T01:13:49.439+0000] {dag.py:3834} INFO - Setting next_dagrun for example_bash_operator to 2024-03-20 00:00:00+00:00, run_after=2024-03-21 00:00:00+00:00
[2024-03-21T01:13:49.460+0000] {processor.py:183} INFO - Processing /home/airflow/.local/lib/python3.8/site-packages/airflow/example_dags/example_bash_operator.py took 0.093 seconds
[2024-03-21T01:14:19.992+0000] {processor.py:161} INFO - Started process (PID=147) to work on /home/airflow/.local/lib/python3.8/site-packages/airflow/example_dags/example_bash_operator.py
[2024-03-21T01:14:19.993+0000] {processor.py:830} INFO - Processing file /home/airflow/.local/lib/python3.8/site-packages/airflow/example_dags/example_bash_operator.py for tasks to queue
[2024-03-21T01:14:19.995+0000] {logging_mixin.py:188} INFO - [2024-03-21T01:14:19.995+0000] {dagbag.py:540} INFO - Filling up the DagBag from /home/airflow/.local/lib/python3.8/site-packages/airflow/example_dags/example_bash_operator.py
[2024-03-21T01:14:20.006+0000] {processor.py:840} INFO - DAG(s) 'example_bash_operator' retrieved from /home/airflow/.local/lib/python3.8/site-packages/airflow/example_dags/example_bash_operator.py
[2024-03-21T01:14:20.038+0000] {logging_mixin.py:188} INFO - [2024-03-21T01:14:20.037+0000] {dag.py:3047} INFO - Sync 1 DAGs
[2024-03-21T01:14:20.060+0000] {logging_mixin.py:188} INFO - [2024-03-21T01:14:20.060+0000] {dag.py:3834} INFO - Setting next_dagrun for example_bash_operator to 2024-03-20 00:00:00+00:00, run_after=2024-03-21 00:00:00+00:00
[2024-03-21T01:14:20.081+0000] {processor.py:183} INFO - Processing /home/airflow/.local/lib/python3.8/site-packages/airflow/example_dags/example_bash_operator.py took 0.092 seconds
[2024-03-21T01:14:50.577+0000] {processor.py:161} INFO - Started process (PID=202) to work on /home/airflow/.local/lib/python3.8/site-packages/airflow/example_dags/example_bash_operator.py
[2024-03-21T01:14:50.578+0000] {processor.py:830} INFO - Processing file /home/airflow/.local/lib/python3.8/site-packages/airflow/example_dags/example_bash_operator.py for tasks to queue
[2024-03-21T01:14:50.580+0000] {logging_mixin.py:188} INFO - [2024-03-21T01:14:50.579+0000] {dagbag.py:540} INFO - Filling up the DagBag from /home/airflow/.local/lib/python3.8/site-packages/airflow/example_dags/example_bash_operator.py
[2024-03-21T01:14:50.593+0000] {processor.py:840} INFO - DAG(s) 'example_bash_operator' retrieved from /home/airflow/.local/lib/python3.8/site-packages/airflow/example_dags/example_bash_operator.py
[2024-03-21T01:14:50.633+0000] {logging_mixin.py:188} INFO - [2024-03-21T01:14:50.633+0000] {dag.py:3047} INFO - Sync 1 DAGs
[2024-03-21T01:14:50.660+0000] {logging_mixin.py:188} INFO - [2024-03-21T01:14:50.660+0000] {dag.py:3834} INFO - Setting next_dagrun for example_bash_operator to 2024-03-20 00:00:00+00:00, run_after=2024-03-21 00:00:00+00:00
[2024-03-21T01:14:50.685+0000] {processor.py:183} INFO - Processing /home/airflow/.local/lib/python3.8/site-packages/airflow/example_dags/example_bash_operator.py took 0.112 seconds
[2024-03-21T01:15:23.150+0000] {processor.py:161} INFO - Started process (PID=257) to work on /home/airflow/.local/lib/python3.8/site-packages/airflow/example_dags/example_bash_operator.py
[2024-03-21T01:15:23.153+0000] {processor.py:830} INFO - Processing file /home/airflow/.local/lib/python3.8/site-packages/airflow/example_dags/example_bash_operator.py for tasks to queue
[2024-03-21T01:15:23.157+0000] {logging_mixin.py:188} INFO - [2024-03-21T01:15:23.157+0000] {dagbag.py:540} INFO - Filling up the DagBag from /home/airflow/.local/lib/python3.8/site-packages/airflow/example_dags/example_bash_operator.py
[2024-03-21T01:15:23.188+0000] {processor.py:840} INFO - DAG(s) 'example_bash_operator' retrieved from /home/airflow/.local/lib/python3.8/site-packages/airflow/example_dags/example_bash_operator.py
[2024-03-21T01:15:23.274+0000] {logging_mixin.py:188} INFO - [2024-03-21T01:15:23.274+0000] {dag.py:3047} INFO - Sync 1 DAGs
[2024-03-21T01:15:23.332+0000] {logging_mixin.py:188} INFO - [2024-03-21T01:15:23.331+0000] {dag.py:3834} INFO - Setting next_dagrun for example_bash_operator to 2024-03-20 00:00:00+00:00, run_after=2024-03-21 00:00:00+00:00
[2024-03-21T01:15:23.387+0000] {processor.py:183} INFO - Processing /home/airflow/.local/lib/python3.8/site-packages/airflow/example_dags/example_bash_operator.py took 0.245 seconds
[2024-03-21T01:15:54.131+0000] {processor.py:161} INFO - Started process (PID=312) to work on /home/airflow/.local/lib/python3.8/site-packages/airflow/example_dags/example_bash_operator.py
[2024-03-21T01:15:54.132+0000] {processor.py:830} INFO - Processing file /home/airflow/.local/lib/python3.8/site-packages/airflow/example_dags/example_bash_operator.py for tasks to queue
[2024-03-21T01:15:54.136+0000] {logging_mixin.py:188} INFO - [2024-03-21T01:15:54.135+0000] {dagbag.py:540} INFO - Filling up the DagBag from /home/airflow/.local/lib/python3.8/site-packages/airflow/example_dags/example_bash_operator.py
[2024-03-21T01:15:54.157+0000] {processor.py:840} INFO - DAG(s) 'example_bash_operator' retrieved from /home/airflow/.local/lib/python3.8/site-packages/airflow/example_dags/example_bash_operator.py
[2024-03-21T01:15:54.174+0000] {logging_mixin.py:188} INFO - [2024-03-21T01:15:54.174+0000] {dag.py:3047} INFO - Sync 1 DAGs
[2024-03-21T01:15:54.211+0000] {logging_mixin.py:188} INFO - [2024-03-21T01:15:54.211+0000] {dag.py:3834} INFO - Setting next_dagrun for example_bash_operator to 2024-03-20 00:00:00+00:00, run_after=2024-03-21 00:00:00+00:00
[2024-03-21T01:15:54.238+0000] {processor.py:183} INFO - Processing /home/airflow/.local/lib/python3.8/site-packages/airflow/example_dags/example_bash_operator.py took 0.112 seconds
[2024-03-21T01:16:24.876+0000] {processor.py:161} INFO - Started process (PID=366) to work on /home/airflow/.local/lib/python3.8/site-packages/airflow/example_dags/example_bash_operator.py
[2024-03-21T01:16:24.877+0000] {processor.py:830} INFO - Processing file /home/airflow/.local/lib/python3.8/site-packages/airflow/example_dags/example_bash_operator.py for tasks to queue
[2024-03-21T01:16:24.879+0000] {logging_mixin.py:188} INFO - [2024-03-21T01:16:24.879+0000] {dagbag.py:540} INFO - Filling up the DagBag from /home/airflow/.local/lib/python3.8/site-packages/airflow/example_dags/example_bash_operator.py
[2024-03-21T01:16:24.893+0000] {processor.py:840} INFO - DAG(s) 'example_bash_operator' retrieved from /home/airflow/.local/lib/python3.8/site-packages/airflow/example_dags/example_bash_operator.py
[2024-03-21T01:16:25.020+0000] {logging_mixin.py:188} INFO - [2024-03-21T01:16:25.019+0000] {dag.py:3047} INFO - Sync 1 DAGs
[2024-03-21T01:16:25.044+0000] {logging_mixin.py:188} INFO - [2024-03-21T01:16:25.044+0000] {dag.py:3834} INFO - Setting next_dagrun for example_bash_operator to 2024-03-20 00:00:00+00:00, run_after=2024-03-21 00:00:00+00:00
[2024-03-21T01:16:25.069+0000] {processor.py:183} INFO - Processing /home/airflow/.local/lib/python3.8/site-packages/airflow/example_dags/example_bash_operator.py took 0.196 seconds
[2024-03-21T01:16:56.053+0000] {processor.py:161} INFO - Started process (PID=421) to work on /home/airflow/.local/lib/python3.8/site-packages/airflow/example_dags/example_bash_operator.py
[2024-03-21T01:16:56.058+0000] {processor.py:830} INFO - Processing file /home/airflow/.local/lib/python3.8/site-packages/airflow/example_dags/example_bash_operator.py for tasks to queue
[2024-03-21T01:16:56.075+0000] {logging_mixin.py:188} INFO - [2024-03-21T01:16:56.071+0000] {dagbag.py:540} INFO - Filling up the DagBag from /home/airflow/.local/lib/python3.8/site-packages/airflow/example_dags/example_bash_operator.py
[2024-03-21T01:16:56.169+0000] {processor.py:840} INFO - DAG(s) 'example_bash_operator' retrieved from /home/airflow/.local/lib/python3.8/site-packages/airflow/example_dags/example_bash_operator.py
[2024-03-21T01:16:56.301+0000] {logging_mixin.py:188} INFO - [2024-03-21T01:16:56.300+0000] {dag.py:3047} INFO - Sync 1 DAGs
[2024-03-21T01:16:56.393+0000] {logging_mixin.py:188} INFO - [2024-03-21T01:16:56.392+0000] {dag.py:3834} INFO - Setting next_dagrun for example_bash_operator to 2024-03-20 00:00:00+00:00, run_after=2024-03-21 00:00:00+00:00
[2024-03-21T01:16:56.439+0000] {processor.py:183} INFO - Processing /home/airflow/.local/lib/python3.8/site-packages/airflow/example_dags/example_bash_operator.py took 0.409 seconds
[2024-03-21T01:17:26.780+0000] {processor.py:161} INFO - Started process (PID=475) to work on /home/airflow/.local/lib/python3.8/site-packages/airflow/example_dags/example_bash_operator.py
[2024-03-21T01:17:26.782+0000] {processor.py:830} INFO - Processing file /home/airflow/.local/lib/python3.8/site-packages/airflow/example_dags/example_bash_operator.py for tasks to queue
[2024-03-21T01:17:26.786+0000] {logging_mixin.py:188} INFO - [2024-03-21T01:17:26.785+0000] {dagbag.py:540} INFO - Filling up the DagBag from /home/airflow/.local/lib/python3.8/site-packages/airflow/example_dags/example_bash_operator.py
[2024-03-21T01:17:26.813+0000] {processor.py:840} INFO - DAG(s) 'example_bash_operator' retrieved from /home/airflow/.local/lib/python3.8/site-packages/airflow/example_dags/example_bash_operator.py
[2024-03-21T01:17:26.919+0000] {logging_mixin.py:188} INFO - [2024-03-21T01:17:26.919+0000] {dag.py:3047} INFO - Sync 1 DAGs
[2024-03-21T01:17:26.980+0000] {logging_mixin.py:188} INFO - [2024-03-21T01:17:26.980+0000] {dag.py:3834} INFO - Setting next_dagrun for example_bash_operator to 2024-03-20 00:00:00+00:00, run_after=2024-03-21 00:00:00+00:00
[2024-03-21T01:17:27.025+0000] {processor.py:183} INFO - Processing /home/airflow/.local/lib/python3.8/site-packages/airflow/example_dags/example_bash_operator.py took 0.250 seconds
[2024-03-21T01:17:57.702+0000] {processor.py:161} INFO - Started process (PID=530) to work on /home/airflow/.local/lib/python3.8/site-packages/airflow/example_dags/example_bash_operator.py
[2024-03-21T01:17:57.704+0000] {processor.py:830} INFO - Processing file /home/airflow/.local/lib/python3.8/site-packages/airflow/example_dags/example_bash_operator.py for tasks to queue
[2024-03-21T01:17:57.705+0000] {logging_mixin.py:188} INFO - [2024-03-21T01:17:57.705+0000] {dagbag.py:540} INFO - Filling up the DagBag from /home/airflow/.local/lib/python3.8/site-packages/airflow/example_dags/example_bash_operator.py
[2024-03-21T01:17:57.719+0000] {processor.py:840} INFO - DAG(s) 'example_bash_operator' retrieved from /home/airflow/.local/lib/python3.8/site-packages/airflow/example_dags/example_bash_operator.py
[2024-03-21T01:17:57.758+0000] {logging_mixin.py:188} INFO - [2024-03-21T01:17:57.758+0000] {dag.py:3047} INFO - Sync 1 DAGs
[2024-03-21T01:17:57.786+0000] {logging_mixin.py:188} INFO - [2024-03-21T01:17:57.786+0000] {dag.py:3834} INFO - Setting next_dagrun for example_bash_operator to 2024-03-20 00:00:00+00:00, run_after=2024-03-21 00:00:00+00:00
[2024-03-21T01:17:57.823+0000] {processor.py:183} INFO - Processing /home/airflow/.local/lib/python3.8/site-packages/airflow/example_dags/example_bash_operator.py took 0.125 seconds
[2024-03-21T01:18:28.548+0000] {processor.py:161} INFO - Started process (PID=585) to work on /home/airflow/.local/lib/python3.8/site-packages/airflow/example_dags/example_bash_operator.py
[2024-03-21T01:18:28.550+0000] {processor.py:830} INFO - Processing file /home/airflow/.local/lib/python3.8/site-packages/airflow/example_dags/example_bash_operator.py for tasks to queue
[2024-03-21T01:18:28.553+0000] {logging_mixin.py:188} INFO - [2024-03-21T01:18:28.552+0000] {dagbag.py:540} INFO - Filling up the DagBag from /home/airflow/.local/lib/python3.8/site-packages/airflow/example_dags/example_bash_operator.py
[2024-03-21T01:18:28.589+0000] {processor.py:840} INFO - DAG(s) 'example_bash_operator' retrieved from /home/airflow/.local/lib/python3.8/site-packages/airflow/example_dags/example_bash_operator.py
[2024-03-21T01:18:28.660+0000] {logging_mixin.py:188} INFO - [2024-03-21T01:18:28.659+0000] {dag.py:3047} INFO - Sync 1 DAGs
[2024-03-21T01:18:28.698+0000] {logging_mixin.py:188} INFO - [2024-03-21T01:18:28.698+0000] {dag.py:3834} INFO - Setting next_dagrun for example_bash_operator to 2024-03-20 00:00:00+00:00, run_after=2024-03-21 00:00:00+00:00
[2024-03-21T01:18:28.729+0000] {processor.py:183} INFO - Processing /home/airflow/.local/lib/python3.8/site-packages/airflow/example_dags/example_bash_operator.py took 0.185 seconds
[2024-03-21T01:18:59.024+0000] {processor.py:161} INFO - Started process (PID=640) to work on /home/airflow/.local/lib/python3.8/site-packages/airflow/example_dags/example_bash_operator.py
[2024-03-21T01:18:59.026+0000] {processor.py:830} INFO - Processing file /home/airflow/.local/lib/python3.8/site-packages/airflow/example_dags/example_bash_operator.py for tasks to queue
[2024-03-21T01:18:59.029+0000] {logging_mixin.py:188} INFO - [2024-03-21T01:18:59.028+0000] {dagbag.py:540} INFO - Filling up the DagBag from /home/airflow/.local/lib/python3.8/site-packages/airflow/example_dags/example_bash_operator.py
[2024-03-21T01:18:59.045+0000] {processor.py:840} INFO - DAG(s) 'example_bash_operator' retrieved from /home/airflow/.local/lib/python3.8/site-packages/airflow/example_dags/example_bash_operator.py
[2024-03-21T01:18:59.100+0000] {logging_mixin.py:188} INFO - [2024-03-21T01:18:59.100+0000] {dag.py:3047} INFO - Sync 1 DAGs
[2024-03-21T01:18:59.149+0000] {logging_mixin.py:188} INFO - [2024-03-21T01:18:59.149+0000] {dag.py:3834} INFO - Setting next_dagrun for example_bash_operator to 2024-03-20 00:00:00+00:00, run_after=2024-03-21 00:00:00+00:00
[2024-03-21T01:18:59.189+0000] {processor.py:183} INFO - Processing /home/airflow/.local/lib/python3.8/site-packages/airflow/example_dags/example_bash_operator.py took 0.170 seconds
[2024-03-21T01:19:29.663+0000] {processor.py:161} INFO - Started process (PID=702) to work on /home/airflow/.local/lib/python3.8/site-packages/airflow/example_dags/example_bash_operator.py
[2024-03-21T01:19:29.665+0000] {processor.py:830} INFO - Processing file /home/airflow/.local/lib/python3.8/site-packages/airflow/example_dags/example_bash_operator.py for tasks to queue
[2024-03-21T01:19:29.667+0000] {logging_mixin.py:188} INFO - [2024-03-21T01:19:29.667+0000] {dagbag.py:540} INFO - Filling up the DagBag from /home/airflow/.local/lib/python3.8/site-packages/airflow/example_dags/example_bash_operator.py
[2024-03-21T01:19:29.686+0000] {processor.py:840} INFO - DAG(s) 'example_bash_operator' retrieved from /home/airflow/.local/lib/python3.8/site-packages/airflow/example_dags/example_bash_operator.py
[2024-03-21T01:19:29.751+0000] {logging_mixin.py:188} INFO - [2024-03-21T01:19:29.751+0000] {dag.py:3047} INFO - Sync 1 DAGs
[2024-03-21T01:19:29.790+0000] {logging_mixin.py:188} INFO - [2024-03-21T01:19:29.790+0000] {dag.py:3834} INFO - Setting next_dagrun for example_bash_operator to 2024-03-20 00:00:00+00:00, run_after=2024-03-21 00:00:00+00:00
[2024-03-21T01:19:29.831+0000] {processor.py:183} INFO - Processing /home/airflow/.local/lib/python3.8/site-packages/airflow/example_dags/example_bash_operator.py took 0.174 seconds
[2024-03-21T01:20:00.353+0000] {processor.py:161} INFO - Started process (PID=757) to work on /home/airflow/.local/lib/python3.8/site-packages/airflow/example_dags/example_bash_operator.py
[2024-03-21T01:20:00.355+0000] {processor.py:830} INFO - Processing file /home/airflow/.local/lib/python3.8/site-packages/airflow/example_dags/example_bash_operator.py for tasks to queue
[2024-03-21T01:20:00.357+0000] {logging_mixin.py:188} INFO - [2024-03-21T01:20:00.357+0000] {dagbag.py:540} INFO - Filling up the DagBag from /home/airflow/.local/lib/python3.8/site-packages/airflow/example_dags/example_bash_operator.py
[2024-03-21T01:20:00.371+0000] {processor.py:840} INFO - DAG(s) 'example_bash_operator' retrieved from /home/airflow/.local/lib/python3.8/site-packages/airflow/example_dags/example_bash_operator.py
[2024-03-21T01:20:00.409+0000] {logging_mixin.py:188} INFO - [2024-03-21T01:20:00.409+0000] {dag.py:3047} INFO - Sync 1 DAGs
[2024-03-21T01:20:00.444+0000] {logging_mixin.py:188} INFO - [2024-03-21T01:20:00.443+0000] {dag.py:3834} INFO - Setting next_dagrun for example_bash_operator to 2024-03-20 00:00:00+00:00, run_after=2024-03-21 00:00:00+00:00
[2024-03-21T01:20:00.472+0000] {processor.py:183} INFO - Processing /home/airflow/.local/lib/python3.8/site-packages/airflow/example_dags/example_bash_operator.py took 0.122 seconds
[2024-03-21T01:20:30.528+0000] {processor.py:161} INFO - Started process (PID=811) to work on /home/airflow/.local/lib/python3.8/site-packages/airflow/example_dags/example_bash_operator.py
[2024-03-21T01:20:30.529+0000] {processor.py:830} INFO - Processing file /home/airflow/.local/lib/python3.8/site-packages/airflow/example_dags/example_bash_operator.py for tasks to queue
[2024-03-21T01:20:30.531+0000] {logging_mixin.py:188} INFO - [2024-03-21T01:20:30.531+0000] {dagbag.py:540} INFO - Filling up the DagBag from /home/airflow/.local/lib/python3.8/site-packages/airflow/example_dags/example_bash_operator.py
[2024-03-21T01:20:30.549+0000] {processor.py:840} INFO - DAG(s) 'example_bash_operator' retrieved from /home/airflow/.local/lib/python3.8/site-packages/airflow/example_dags/example_bash_operator.py
[2024-03-21T01:20:30.584+0000] {logging_mixin.py:188} INFO - [2024-03-21T01:20:30.583+0000] {dag.py:3047} INFO - Sync 1 DAGs
[2024-03-21T01:20:30.608+0000] {logging_mixin.py:188} INFO - [2024-03-21T01:20:30.607+0000] {dag.py:3834} INFO - Setting next_dagrun for example_bash_operator to 2024-03-20 00:00:00+00:00, run_after=2024-03-21 00:00:00+00:00
[2024-03-21T01:20:30.630+0000] {processor.py:183} INFO - Processing /home/airflow/.local/lib/python3.8/site-packages/airflow/example_dags/example_bash_operator.py took 0.106 seconds
[2024-03-21T01:21:01.278+0000] {processor.py:161} INFO - Started process (PID=866) to work on /home/airflow/.local/lib/python3.8/site-packages/airflow/example_dags/example_bash_operator.py
[2024-03-21T01:21:01.280+0000] {processor.py:830} INFO - Processing file /home/airflow/.local/lib/python3.8/site-packages/airflow/example_dags/example_bash_operator.py for tasks to queue
[2024-03-21T01:21:01.285+0000] {logging_mixin.py:188} INFO - [2024-03-21T01:21:01.284+0000] {dagbag.py:540} INFO - Filling up the DagBag from /home/airflow/.local/lib/python3.8/site-packages/airflow/example_dags/example_bash_operator.py
[2024-03-21T01:21:01.308+0000] {processor.py:840} INFO - DAG(s) 'example_bash_operator' retrieved from /home/airflow/.local/lib/python3.8/site-packages/airflow/example_dags/example_bash_operator.py
[2024-03-21T01:21:01.376+0000] {logging_mixin.py:188} INFO - [2024-03-21T01:21:01.376+0000] {dag.py:3047} INFO - Sync 1 DAGs
[2024-03-21T01:21:01.419+0000] {logging_mixin.py:188} INFO - [2024-03-21T01:21:01.418+0000] {dag.py:3834} INFO - Setting next_dagrun for example_bash_operator to 2024-03-20 00:00:00+00:00, run_after=2024-03-21 00:00:00+00:00
[2024-03-21T01:21:01.469+0000] {processor.py:183} INFO - Processing /home/airflow/.local/lib/python3.8/site-packages/airflow/example_dags/example_bash_operator.py took 0.200 seconds
[2024-03-21T01:21:33.372+0000] {processor.py:161} INFO - Started process (PID=921) to work on /home/airflow/.local/lib/python3.8/site-packages/airflow/example_dags/example_bash_operator.py
[2024-03-21T01:21:33.429+0000] {processor.py:830} INFO - Processing file /home/airflow/.local/lib/python3.8/site-packages/airflow/example_dags/example_bash_operator.py for tasks to queue
[2024-03-21T01:21:33.435+0000] {logging_mixin.py:188} INFO - [2024-03-21T01:21:33.434+0000] {dagbag.py:540} INFO - Filling up the DagBag from /home/airflow/.local/lib/python3.8/site-packages/airflow/example_dags/example_bash_operator.py
[2024-03-21T01:21:33.807+0000] {processor.py:840} INFO - DAG(s) 'example_bash_operator' retrieved from /home/airflow/.local/lib/python3.8/site-packages/airflow/example_dags/example_bash_operator.py
[2024-03-21T01:21:33.957+0000] {logging_mixin.py:188} INFO - [2024-03-21T01:21:33.956+0000] {dag.py:3047} INFO - Sync 1 DAGs
[2024-03-21T01:21:34.091+0000] {logging_mixin.py:188} INFO - [2024-03-21T01:21:34.091+0000] {dag.py:3834} INFO - Setting next_dagrun for example_bash_operator to 2024-03-20 00:00:00+00:00, run_after=2024-03-21 00:00:00+00:00
[2024-03-21T01:21:34.219+0000] {processor.py:183} INFO - Processing /home/airflow/.local/lib/python3.8/site-packages/airflow/example_dags/example_bash_operator.py took 0.883 seconds
[2024-03-21T01:22:04.555+0000] {processor.py:161} INFO - Started process (PID=976) to work on /home/airflow/.local/lib/python3.8/site-packages/airflow/example_dags/example_bash_operator.py
[2024-03-21T01:22:04.557+0000] {processor.py:830} INFO - Processing file /home/airflow/.local/lib/python3.8/site-packages/airflow/example_dags/example_bash_operator.py for tasks to queue
[2024-03-21T01:22:04.560+0000] {logging_mixin.py:188} INFO - [2024-03-21T01:22:04.559+0000] {dagbag.py:540} INFO - Filling up the DagBag from /home/airflow/.local/lib/python3.8/site-packages/airflow/example_dags/example_bash_operator.py
[2024-03-21T01:22:04.571+0000] {processor.py:840} INFO - DAG(s) 'example_bash_operator' retrieved from /home/airflow/.local/lib/python3.8/site-packages/airflow/example_dags/example_bash_operator.py
[2024-03-21T01:22:04.604+0000] {logging_mixin.py:188} INFO - [2024-03-21T01:22:04.603+0000] {dag.py:3047} INFO - Sync 1 DAGs
[2024-03-21T01:22:04.627+0000] {logging_mixin.py:188} INFO - [2024-03-21T01:22:04.627+0000] {dag.py:3834} INFO - Setting next_dagrun for example_bash_operator to 2024-03-20 00:00:00+00:00, run_after=2024-03-21 00:00:00+00:00
[2024-03-21T01:22:04.699+0000] {processor.py:183} INFO - Processing /home/airflow/.local/lib/python3.8/site-packages/airflow/example_dags/example_bash_operator.py took 0.148 seconds
[2024-03-21T01:22:34.718+0000] {processor.py:161} INFO - Started process (PID=1032) to work on /home/airflow/.local/lib/python3.8/site-packages/airflow/example_dags/example_bash_operator.py
[2024-03-21T01:22:34.719+0000] {processor.py:830} INFO - Processing file /home/airflow/.local/lib/python3.8/site-packages/airflow/example_dags/example_bash_operator.py for tasks to queue
[2024-03-21T01:22:34.721+0000] {logging_mixin.py:188} INFO - [2024-03-21T01:22:34.721+0000] {dagbag.py:540} INFO - Filling up the DagBag from /home/airflow/.local/lib/python3.8/site-packages/airflow/example_dags/example_bash_operator.py
[2024-03-21T01:22:34.742+0000] {processor.py:840} INFO - DAG(s) 'example_bash_operator' retrieved from /home/airflow/.local/lib/python3.8/site-packages/airflow/example_dags/example_bash_operator.py
[2024-03-21T01:22:34.776+0000] {logging_mixin.py:188} INFO - [2024-03-21T01:22:34.776+0000] {dag.py:3047} INFO - Sync 1 DAGs
[2024-03-21T01:22:34.800+0000] {logging_mixin.py:188} INFO - [2024-03-21T01:22:34.800+0000] {dag.py:3834} INFO - Setting next_dagrun for example_bash_operator to 2024-03-20 00:00:00+00:00, run_after=2024-03-21 00:00:00+00:00
[2024-03-21T01:22:34.822+0000] {processor.py:183} INFO - Processing /home/airflow/.local/lib/python3.8/site-packages/airflow/example_dags/example_bash_operator.py took 0.107 seconds
[2024-03-21T01:23:05.160+0000] {processor.py:161} INFO - Started process (PID=1086) to work on /home/airflow/.local/lib/python3.8/site-packages/airflow/example_dags/example_bash_operator.py
[2024-03-21T01:23:05.162+0000] {processor.py:830} INFO - Processing file /home/airflow/.local/lib/python3.8/site-packages/airflow/example_dags/example_bash_operator.py for tasks to queue
[2024-03-21T01:23:05.165+0000] {logging_mixin.py:188} INFO - [2024-03-21T01:23:05.165+0000] {dagbag.py:540} INFO - Filling up the DagBag from /home/airflow/.local/lib/python3.8/site-packages/airflow/example_dags/example_bash_operator.py
[2024-03-21T01:23:05.181+0000] {processor.py:840} INFO - DAG(s) 'example_bash_operator' retrieved from /home/airflow/.local/lib/python3.8/site-packages/airflow/example_dags/example_bash_operator.py
[2024-03-21T01:23:05.216+0000] {logging_mixin.py:188} INFO - [2024-03-21T01:23:05.216+0000] {dag.py:3047} INFO - Sync 1 DAGs
[2024-03-21T01:23:05.243+0000] {logging_mixin.py:188} INFO - [2024-03-21T01:23:05.242+0000] {dag.py:3834} INFO - Setting next_dagrun for example_bash_operator to 2024-03-20 00:00:00+00:00, run_after=2024-03-21 00:00:00+00:00
[2024-03-21T01:23:05.271+0000] {processor.py:183} INFO - Processing /home/airflow/.local/lib/python3.8/site-packages/airflow/example_dags/example_bash_operator.py took 0.115 seconds
[2024-03-21T01:23:35.396+0000] {processor.py:161} INFO - Started process (PID=1140) to work on /home/airflow/.local/lib/python3.8/site-packages/airflow/example_dags/example_bash_operator.py
[2024-03-21T01:23:35.399+0000] {processor.py:830} INFO - Processing file /home/airflow/.local/lib/python3.8/site-packages/airflow/example_dags/example_bash_operator.py for tasks to queue
[2024-03-21T01:23:35.406+0000] {logging_mixin.py:188} INFO - [2024-03-21T01:23:35.405+0000] {dagbag.py:540} INFO - Filling up the DagBag from /home/airflow/.local/lib/python3.8/site-packages/airflow/example_dags/example_bash_operator.py
[2024-03-21T01:23:35.418+0000] {processor.py:840} INFO - DAG(s) 'example_bash_operator' retrieved from /home/airflow/.local/lib/python3.8/site-packages/airflow/example_dags/example_bash_operator.py
[2024-03-21T01:23:35.451+0000] {logging_mixin.py:188} INFO - [2024-03-21T01:23:35.451+0000] {dag.py:3047} INFO - Sync 1 DAGs
[2024-03-21T01:23:35.475+0000] {logging_mixin.py:188} INFO - [2024-03-21T01:23:35.475+0000] {dag.py:3834} INFO - Setting next_dagrun for example_bash_operator to 2024-03-20 00:00:00+00:00, run_after=2024-03-21 00:00:00+00:00
[2024-03-21T01:23:35.497+0000] {processor.py:183} INFO - Processing /home/airflow/.local/lib/python3.8/site-packages/airflow/example_dags/example_bash_operator.py took 0.104 seconds
[2024-03-21T01:24:05.535+0000] {processor.py:161} INFO - Started process (PID=1195) to work on /home/airflow/.local/lib/python3.8/site-packages/airflow/example_dags/example_bash_operator.py
[2024-03-21T01:24:05.538+0000] {processor.py:830} INFO - Processing file /home/airflow/.local/lib/python3.8/site-packages/airflow/example_dags/example_bash_operator.py for tasks to queue
[2024-03-21T01:24:05.541+0000] {logging_mixin.py:188} INFO - [2024-03-21T01:24:05.541+0000] {dagbag.py:540} INFO - Filling up the DagBag from /home/airflow/.local/lib/python3.8/site-packages/airflow/example_dags/example_bash_operator.py
[2024-03-21T01:24:05.557+0000] {processor.py:840} INFO - DAG(s) 'example_bash_operator' retrieved from /home/airflow/.local/lib/python3.8/site-packages/airflow/example_dags/example_bash_operator.py
[2024-03-21T01:24:05.618+0000] {logging_mixin.py:188} INFO - [2024-03-21T01:24:05.617+0000] {dag.py:3047} INFO - Sync 1 DAGs
[2024-03-21T01:24:05.664+0000] {logging_mixin.py:188} INFO - [2024-03-21T01:24:05.664+0000] {dag.py:3834} INFO - Setting next_dagrun for example_bash_operator to 2024-03-20 00:00:00+00:00, run_after=2024-03-21 00:00:00+00:00
[2024-03-21T01:24:05.697+0000] {processor.py:183} INFO - Processing /home/airflow/.local/lib/python3.8/site-packages/airflow/example_dags/example_bash_operator.py took 0.168 seconds
[2024-03-21T01:24:35.726+0000] {processor.py:161} INFO - Started process (PID=1250) to work on /home/airflow/.local/lib/python3.8/site-packages/airflow/example_dags/example_bash_operator.py
[2024-03-21T01:24:35.728+0000] {processor.py:830} INFO - Processing file /home/airflow/.local/lib/python3.8/site-packages/airflow/example_dags/example_bash_operator.py for tasks to queue
[2024-03-21T01:24:35.731+0000] {logging_mixin.py:188} INFO - [2024-03-21T01:24:35.730+0000] {dagbag.py:540} INFO - Filling up the DagBag from /home/airflow/.local/lib/python3.8/site-packages/airflow/example_dags/example_bash_operator.py
[2024-03-21T01:24:35.745+0000] {processor.py:840} INFO - DAG(s) 'example_bash_operator' retrieved from /home/airflow/.local/lib/python3.8/site-packages/airflow/example_dags/example_bash_operator.py
[2024-03-21T01:24:35.776+0000] {logging_mixin.py:188} INFO - [2024-03-21T01:24:35.776+0000] {dag.py:3047} INFO - Sync 1 DAGs
[2024-03-21T01:24:35.800+0000] {logging_mixin.py:188} INFO - [2024-03-21T01:24:35.800+0000] {dag.py:3834} INFO - Setting next_dagrun for example_bash_operator to 2024-03-20 00:00:00+00:00, run_after=2024-03-21 00:00:00+00:00
[2024-03-21T01:24:35.824+0000] {processor.py:183} INFO - Processing /home/airflow/.local/lib/python3.8/site-packages/airflow/example_dags/example_bash_operator.py took 0.102 seconds
[2024-03-21T01:25:05.900+0000] {processor.py:161} INFO - Started process (PID=1305) to work on /home/airflow/.local/lib/python3.8/site-packages/airflow/example_dags/example_bash_operator.py
[2024-03-21T01:25:05.902+0000] {processor.py:830} INFO - Processing file /home/airflow/.local/lib/python3.8/site-packages/airflow/example_dags/example_bash_operator.py for tasks to queue
[2024-03-21T01:25:05.904+0000] {logging_mixin.py:188} INFO - [2024-03-21T01:25:05.904+0000] {dagbag.py:540} INFO - Filling up the DagBag from /home/airflow/.local/lib/python3.8/site-packages/airflow/example_dags/example_bash_operator.py
[2024-03-21T01:25:05.918+0000] {processor.py:840} INFO - DAG(s) 'example_bash_operator' retrieved from /home/airflow/.local/lib/python3.8/site-packages/airflow/example_dags/example_bash_operator.py
[2024-03-21T01:25:05.964+0000] {logging_mixin.py:188} INFO - [2024-03-21T01:25:05.964+0000] {dag.py:3047} INFO - Sync 1 DAGs
[2024-03-21T01:25:06.002+0000] {logging_mixin.py:188} INFO - [2024-03-21T01:25:06.001+0000] {dag.py:3834} INFO - Setting next_dagrun for example_bash_operator to 2024-03-20 00:00:00+00:00, run_after=2024-03-21 00:00:00+00:00
[2024-03-21T01:25:06.028+0000] {processor.py:183} INFO - Processing /home/airflow/.local/lib/python3.8/site-packages/airflow/example_dags/example_bash_operator.py took 0.132 seconds
[2024-03-21T01:25:36.386+0000] {processor.py:161} INFO - Started process (PID=1360) to work on /home/airflow/.local/lib/python3.8/site-packages/airflow/example_dags/example_bash_operator.py
[2024-03-21T01:25:36.388+0000] {processor.py:830} INFO - Processing file /home/airflow/.local/lib/python3.8/site-packages/airflow/example_dags/example_bash_operator.py for tasks to queue
[2024-03-21T01:25:36.391+0000] {logging_mixin.py:188} INFO - [2024-03-21T01:25:36.390+0000] {dagbag.py:540} INFO - Filling up the DagBag from /home/airflow/.local/lib/python3.8/site-packages/airflow/example_dags/example_bash_operator.py
[2024-03-21T01:25:36.404+0000] {processor.py:840} INFO - DAG(s) 'example_bash_operator' retrieved from /home/airflow/.local/lib/python3.8/site-packages/airflow/example_dags/example_bash_operator.py
[2024-03-21T01:25:36.448+0000] {logging_mixin.py:188} INFO - [2024-03-21T01:25:36.448+0000] {dag.py:3047} INFO - Sync 1 DAGs
[2024-03-21T01:25:36.483+0000] {logging_mixin.py:188} INFO - [2024-03-21T01:25:36.483+0000] {dag.py:3834} INFO - Setting next_dagrun for example_bash_operator to 2024-03-20 00:00:00+00:00, run_after=2024-03-21 00:00:00+00:00
[2024-03-21T01:25:36.511+0000] {processor.py:183} INFO - Processing /home/airflow/.local/lib/python3.8/site-packages/airflow/example_dags/example_bash_operator.py took 0.128 seconds
[2024-03-21T01:26:06.615+0000] {processor.py:161} INFO - Started process (PID=1415) to work on /home/airflow/.local/lib/python3.8/site-packages/airflow/example_dags/example_bash_operator.py
[2024-03-21T01:26:06.616+0000] {processor.py:830} INFO - Processing file /home/airflow/.local/lib/python3.8/site-packages/airflow/example_dags/example_bash_operator.py for tasks to queue
[2024-03-21T01:26:06.619+0000] {logging_mixin.py:188} INFO - [2024-03-21T01:26:06.618+0000] {dagbag.py:540} INFO - Filling up the DagBag from /home/airflow/.local/lib/python3.8/site-packages/airflow/example_dags/example_bash_operator.py
[2024-03-21T01:26:06.634+0000] {processor.py:840} INFO - DAG(s) 'example_bash_operator' retrieved from /home/airflow/.local/lib/python3.8/site-packages/airflow/example_dags/example_bash_operator.py
[2024-03-21T01:26:06.676+0000] {logging_mixin.py:188} INFO - [2024-03-21T01:26:06.675+0000] {dag.py:3047} INFO - Sync 1 DAGs
[2024-03-21T01:26:06.707+0000] {logging_mixin.py:188} INFO - [2024-03-21T01:26:06.706+0000] {dag.py:3834} INFO - Setting next_dagrun for example_bash_operator to 2024-03-20 00:00:00+00:00, run_after=2024-03-21 00:00:00+00:00
[2024-03-21T01:26:06.733+0000] {processor.py:183} INFO - Processing /home/airflow/.local/lib/python3.8/site-packages/airflow/example_dags/example_bash_operator.py took 0.122 seconds
[2024-03-21T01:26:36.770+0000] {processor.py:161} INFO - Started process (PID=1470) to work on /home/airflow/.local/lib/python3.8/site-packages/airflow/example_dags/example_bash_operator.py
[2024-03-21T01:26:36.773+0000] {processor.py:830} INFO - Processing file /home/airflow/.local/lib/python3.8/site-packages/airflow/example_dags/example_bash_operator.py for tasks to queue
[2024-03-21T01:26:36.778+0000] {logging_mixin.py:188} INFO - [2024-03-21T01:26:36.778+0000] {dagbag.py:540} INFO - Filling up the DagBag from /home/airflow/.local/lib/python3.8/site-packages/airflow/example_dags/example_bash_operator.py
[2024-03-21T01:26:36.806+0000] {processor.py:840} INFO - DAG(s) 'example_bash_operator' retrieved from /home/airflow/.local/lib/python3.8/site-packages/airflow/example_dags/example_bash_operator.py
[2024-03-21T01:26:36.884+0000] {logging_mixin.py:188} INFO - [2024-03-21T01:26:36.884+0000] {dag.py:3047} INFO - Sync 1 DAGs
[2024-03-21T01:26:36.935+0000] {logging_mixin.py:188} INFO - [2024-03-21T01:26:36.935+0000] {dag.py:3834} INFO - Setting next_dagrun for example_bash_operator to 2024-03-20 00:00:00+00:00, run_after=2024-03-21 00:00:00+00:00
[2024-03-21T01:26:36.977+0000] {processor.py:183} INFO - Processing /home/airflow/.local/lib/python3.8/site-packages/airflow/example_dags/example_bash_operator.py took 0.215 seconds
[2024-03-21T01:27:07.077+0000] {processor.py:161} INFO - Started process (PID=1525) to work on /home/airflow/.local/lib/python3.8/site-packages/airflow/example_dags/example_bash_operator.py
[2024-03-21T01:27:07.080+0000] {processor.py:830} INFO - Processing file /home/airflow/.local/lib/python3.8/site-packages/airflow/example_dags/example_bash_operator.py for tasks to queue
[2024-03-21T01:27:07.084+0000] {logging_mixin.py:188} INFO - [2024-03-21T01:27:07.083+0000] {dagbag.py:540} INFO - Filling up the DagBag from /home/airflow/.local/lib/python3.8/site-packages/airflow/example_dags/example_bash_operator.py
[2024-03-21T01:27:07.105+0000] {processor.py:840} INFO - DAG(s) 'example_bash_operator' retrieved from /home/airflow/.local/lib/python3.8/site-packages/airflow/example_dags/example_bash_operator.py
[2024-03-21T01:27:07.198+0000] {logging_mixin.py:188} INFO - [2024-03-21T01:27:07.198+0000] {dag.py:3047} INFO - Sync 1 DAGs
[2024-03-21T01:27:07.239+0000] {logging_mixin.py:188} INFO - [2024-03-21T01:27:07.239+0000] {dag.py:3834} INFO - Setting next_dagrun for example_bash_operator to 2024-03-20 00:00:00+00:00, run_after=2024-03-21 00:00:00+00:00
[2024-03-21T01:27:07.276+0000] {processor.py:183} INFO - Processing /home/airflow/.local/lib/python3.8/site-packages/airflow/example_dags/example_bash_operator.py took 0.206 seconds
[2024-03-21T01:27:37.541+0000] {processor.py:161} INFO - Started process (PID=1580) to work on /home/airflow/.local/lib/python3.8/site-packages/airflow/example_dags/example_bash_operator.py
[2024-03-21T01:27:37.543+0000] {processor.py:830} INFO - Processing file /home/airflow/.local/lib/python3.8/site-packages/airflow/example_dags/example_bash_operator.py for tasks to queue
[2024-03-21T01:27:37.545+0000] {logging_mixin.py:188} INFO - [2024-03-21T01:27:37.544+0000] {dagbag.py:540} INFO - Filling up the DagBag from /home/airflow/.local/lib/python3.8/site-packages/airflow/example_dags/example_bash_operator.py
[2024-03-21T01:27:37.561+0000] {processor.py:840} INFO - DAG(s) 'example_bash_operator' retrieved from /home/airflow/.local/lib/python3.8/site-packages/airflow/example_dags/example_bash_operator.py
[2024-03-21T01:27:37.600+0000] {logging_mixin.py:188} INFO - [2024-03-21T01:27:37.599+0000] {dag.py:3047} INFO - Sync 1 DAGs
[2024-03-21T01:27:37.635+0000] {logging_mixin.py:188} INFO - [2024-03-21T01:27:37.634+0000] {dag.py:3834} INFO - Setting next_dagrun for example_bash_operator to 2024-03-20 00:00:00+00:00, run_after=2024-03-21 00:00:00+00:00
[2024-03-21T01:27:37.663+0000] {processor.py:183} INFO - Processing /home/airflow/.local/lib/python3.8/site-packages/airflow/example_dags/example_bash_operator.py took 0.125 seconds
[2024-03-21T01:28:07.860+0000] {processor.py:161} INFO - Started process (PID=1635) to work on /home/airflow/.local/lib/python3.8/site-packages/airflow/example_dags/example_bash_operator.py
[2024-03-21T01:28:07.861+0000] {processor.py:830} INFO - Processing file /home/airflow/.local/lib/python3.8/site-packages/airflow/example_dags/example_bash_operator.py for tasks to queue
[2024-03-21T01:28:07.862+0000] {logging_mixin.py:188} INFO - [2024-03-21T01:28:07.862+0000] {dagbag.py:540} INFO - Filling up the DagBag from /home/airflow/.local/lib/python3.8/site-packages/airflow/example_dags/example_bash_operator.py
[2024-03-21T01:28:07.874+0000] {processor.py:840} INFO - DAG(s) 'example_bash_operator' retrieved from /home/airflow/.local/lib/python3.8/site-packages/airflow/example_dags/example_bash_operator.py
[2024-03-21T01:28:07.908+0000] {logging_mixin.py:188} INFO - [2024-03-21T01:28:07.908+0000] {dag.py:3047} INFO - Sync 1 DAGs
[2024-03-21T01:28:07.938+0000] {logging_mixin.py:188} INFO - [2024-03-21T01:28:07.937+0000] {dag.py:3834} INFO - Setting next_dagrun for example_bash_operator to 2024-03-20 00:00:00+00:00, run_after=2024-03-21 00:00:00+00:00
[2024-03-21T01:28:07.965+0000] {processor.py:183} INFO - Processing /home/airflow/.local/lib/python3.8/site-packages/airflow/example_dags/example_bash_operator.py took 0.108 seconds
[2024-03-21T01:28:38.175+0000] {processor.py:161} INFO - Started process (PID=1690) to work on /home/airflow/.local/lib/python3.8/site-packages/airflow/example_dags/example_bash_operator.py
[2024-03-21T01:28:38.177+0000] {processor.py:830} INFO - Processing file /home/airflow/.local/lib/python3.8/site-packages/airflow/example_dags/example_bash_operator.py for tasks to queue
[2024-03-21T01:28:38.179+0000] {logging_mixin.py:188} INFO - [2024-03-21T01:28:38.179+0000] {dagbag.py:540} INFO - Filling up the DagBag from /home/airflow/.local/lib/python3.8/site-packages/airflow/example_dags/example_bash_operator.py
[2024-03-21T01:28:38.193+0000] {processor.py:840} INFO - DAG(s) 'example_bash_operator' retrieved from /home/airflow/.local/lib/python3.8/site-packages/airflow/example_dags/example_bash_operator.py
[2024-03-21T01:28:38.233+0000] {logging_mixin.py:188} INFO - [2024-03-21T01:28:38.232+0000] {dag.py:3047} INFO - Sync 1 DAGs
[2024-03-21T01:28:38.268+0000] {logging_mixin.py:188} INFO - [2024-03-21T01:28:38.268+0000] {dag.py:3834} INFO - Setting next_dagrun for example_bash_operator to 2024-03-20 00:00:00+00:00, run_after=2024-03-21 00:00:00+00:00
[2024-03-21T01:28:38.306+0000] {processor.py:183} INFO - Processing /home/airflow/.local/lib/python3.8/site-packages/airflow/example_dags/example_bash_operator.py took 0.135 seconds
[2024-03-21T01:29:08.539+0000] {processor.py:161} INFO - Started process (PID=1746) to work on /home/airflow/.local/lib/python3.8/site-packages/airflow/example_dags/example_bash_operator.py
[2024-03-21T01:29:08.540+0000] {processor.py:830} INFO - Processing file /home/airflow/.local/lib/python3.8/site-packages/airflow/example_dags/example_bash_operator.py for tasks to queue
[2024-03-21T01:29:08.542+0000] {logging_mixin.py:188} INFO - [2024-03-21T01:29:08.541+0000] {dagbag.py:540} INFO - Filling up the DagBag from /home/airflow/.local/lib/python3.8/site-packages/airflow/example_dags/example_bash_operator.py
[2024-03-21T01:29:08.554+0000] {processor.py:840} INFO - DAG(s) 'example_bash_operator' retrieved from /home/airflow/.local/lib/python3.8/site-packages/airflow/example_dags/example_bash_operator.py
[2024-03-21T01:29:08.603+0000] {logging_mixin.py:188} INFO - [2024-03-21T01:29:08.603+0000] {dag.py:3047} INFO - Sync 1 DAGs
[2024-03-21T01:29:08.639+0000] {logging_mixin.py:188} INFO - [2024-03-21T01:29:08.639+0000] {dag.py:3834} INFO - Setting next_dagrun for example_bash_operator to 2024-03-20 00:00:00+00:00, run_after=2024-03-21 00:00:00+00:00
[2024-03-21T01:29:08.672+0000] {processor.py:183} INFO - Processing /home/airflow/.local/lib/python3.8/site-packages/airflow/example_dags/example_bash_operator.py took 0.137 seconds
[2024-03-21T01:29:38.793+0000] {processor.py:161} INFO - Started process (PID=1801) to work on /home/airflow/.local/lib/python3.8/site-packages/airflow/example_dags/example_bash_operator.py
[2024-03-21T01:29:38.794+0000] {processor.py:830} INFO - Processing file /home/airflow/.local/lib/python3.8/site-packages/airflow/example_dags/example_bash_operator.py for tasks to queue
[2024-03-21T01:29:38.796+0000] {logging_mixin.py:188} INFO - [2024-03-21T01:29:38.796+0000] {dagbag.py:540} INFO - Filling up the DagBag from /home/airflow/.local/lib/python3.8/site-packages/airflow/example_dags/example_bash_operator.py
[2024-03-21T01:29:38.807+0000] {processor.py:840} INFO - DAG(s) 'example_bash_operator' retrieved from /home/airflow/.local/lib/python3.8/site-packages/airflow/example_dags/example_bash_operator.py
[2024-03-21T01:29:38.846+0000] {logging_mixin.py:188} INFO - [2024-03-21T01:29:38.845+0000] {dag.py:3047} INFO - Sync 1 DAGs
[2024-03-21T01:29:38.878+0000] {logging_mixin.py:188} INFO - [2024-03-21T01:29:38.878+0000] {dag.py:3834} INFO - Setting next_dagrun for example_bash_operator to 2024-03-20 00:00:00+00:00, run_after=2024-03-21 00:00:00+00:00
[2024-03-21T01:29:38.903+0000] {processor.py:183} INFO - Processing /home/airflow/.local/lib/python3.8/site-packages/airflow/example_dags/example_bash_operator.py took 0.113 seconds
[2024-03-21T01:30:09.154+0000] {processor.py:161} INFO - Started process (PID=1855) to work on /home/airflow/.local/lib/python3.8/site-packages/airflow/example_dags/example_bash_operator.py
[2024-03-21T01:30:09.157+0000] {processor.py:830} INFO - Processing file /home/airflow/.local/lib/python3.8/site-packages/airflow/example_dags/example_bash_operator.py for tasks to queue
[2024-03-21T01:30:09.159+0000] {logging_mixin.py:188} INFO - [2024-03-21T01:30:09.159+0000] {dagbag.py:540} INFO - Filling up the DagBag from /home/airflow/.local/lib/python3.8/site-packages/airflow/example_dags/example_bash_operator.py
[2024-03-21T01:30:09.171+0000] {processor.py:840} INFO - DAG(s) 'example_bash_operator' retrieved from /home/airflow/.local/lib/python3.8/site-packages/airflow/example_dags/example_bash_operator.py
[2024-03-21T01:30:09.205+0000] {logging_mixin.py:188} INFO - [2024-03-21T01:30:09.205+0000] {dag.py:3047} INFO - Sync 1 DAGs
[2024-03-21T01:30:09.233+0000] {logging_mixin.py:188} INFO - [2024-03-21T01:30:09.232+0000] {dag.py:3834} INFO - Setting next_dagrun for example_bash_operator to 2024-03-20 00:00:00+00:00, run_after=2024-03-21 00:00:00+00:00
[2024-03-21T01:30:09.259+0000] {processor.py:183} INFO - Processing /home/airflow/.local/lib/python3.8/site-packages/airflow/example_dags/example_bash_operator.py took 0.109 seconds
[2024-03-21T01:30:39.836+0000] {processor.py:161} INFO - Started process (PID=1910) to work on /home/airflow/.local/lib/python3.8/site-packages/airflow/example_dags/example_bash_operator.py
[2024-03-21T01:30:39.838+0000] {processor.py:830} INFO - Processing file /home/airflow/.local/lib/python3.8/site-packages/airflow/example_dags/example_bash_operator.py for tasks to queue
[2024-03-21T01:30:39.851+0000] {logging_mixin.py:188} INFO - [2024-03-21T01:30:39.850+0000] {dagbag.py:540} INFO - Filling up the DagBag from /home/airflow/.local/lib/python3.8/site-packages/airflow/example_dags/example_bash_operator.py
[2024-03-21T01:30:39.910+0000] {processor.py:840} INFO - DAG(s) 'example_bash_operator' retrieved from /home/airflow/.local/lib/python3.8/site-packages/airflow/example_dags/example_bash_operator.py
[2024-03-21T01:30:40.075+0000] {logging_mixin.py:188} INFO - [2024-03-21T01:30:40.074+0000] {dag.py:3047} INFO - Sync 1 DAGs
[2024-03-21T01:30:40.197+0000] {logging_mixin.py:188} INFO - [2024-03-21T01:30:40.197+0000] {dag.py:3834} INFO - Setting next_dagrun for example_bash_operator to 2024-03-20 00:00:00+00:00, run_after=2024-03-21 00:00:00+00:00
[2024-03-21T01:30:40.358+0000] {processor.py:183} INFO - Processing /home/airflow/.local/lib/python3.8/site-packages/airflow/example_dags/example_bash_operator.py took 0.540 seconds
[2024-03-21T01:31:11.310+0000] {processor.py:161} INFO - Started process (PID=1966) to work on /home/airflow/.local/lib/python3.8/site-packages/airflow/example_dags/example_bash_operator.py
[2024-03-21T01:31:11.311+0000] {processor.py:830} INFO - Processing file /home/airflow/.local/lib/python3.8/site-packages/airflow/example_dags/example_bash_operator.py for tasks to queue
[2024-03-21T01:31:11.316+0000] {logging_mixin.py:188} INFO - [2024-03-21T01:31:11.315+0000] {dagbag.py:540} INFO - Filling up the DagBag from /home/airflow/.local/lib/python3.8/site-packages/airflow/example_dags/example_bash_operator.py
[2024-03-21T01:31:11.345+0000] {processor.py:840} INFO - DAG(s) 'example_bash_operator' retrieved from /home/airflow/.local/lib/python3.8/site-packages/airflow/example_dags/example_bash_operator.py
[2024-03-21T01:31:11.390+0000] {logging_mixin.py:188} INFO - [2024-03-21T01:31:11.390+0000] {dag.py:3047} INFO - Sync 1 DAGs
[2024-03-21T01:31:11.432+0000] {logging_mixin.py:188} INFO - [2024-03-21T01:31:11.431+0000] {dag.py:3834} INFO - Setting next_dagrun for example_bash_operator to 2024-03-20 00:00:00+00:00, run_after=2024-03-21 00:00:00+00:00
[2024-03-21T01:31:11.473+0000] {processor.py:183} INFO - Processing /home/airflow/.local/lib/python3.8/site-packages/airflow/example_dags/example_bash_operator.py took 0.169 seconds
[2024-03-21T01:31:41.556+0000] {processor.py:161} INFO - Started process (PID=2021) to work on /home/airflow/.local/lib/python3.8/site-packages/airflow/example_dags/example_bash_operator.py
[2024-03-21T01:31:41.559+0000] {processor.py:830} INFO - Processing file /home/airflow/.local/lib/python3.8/site-packages/airflow/example_dags/example_bash_operator.py for tasks to queue
[2024-03-21T01:31:41.563+0000] {logging_mixin.py:188} INFO - [2024-03-21T01:31:41.562+0000] {dagbag.py:540} INFO - Filling up the DagBag from /home/airflow/.local/lib/python3.8/site-packages/airflow/example_dags/example_bash_operator.py
[2024-03-21T01:31:41.578+0000] {processor.py:840} INFO - DAG(s) 'example_bash_operator' retrieved from /home/airflow/.local/lib/python3.8/site-packages/airflow/example_dags/example_bash_operator.py
[2024-03-21T01:31:41.668+0000] {logging_mixin.py:188} INFO - [2024-03-21T01:31:41.668+0000] {dag.py:3047} INFO - Sync 1 DAGs
[2024-03-21T01:31:41.693+0000] {logging_mixin.py:188} INFO - [2024-03-21T01:31:41.692+0000] {dag.py:3834} INFO - Setting next_dagrun for example_bash_operator to 2024-03-20 00:00:00+00:00, run_after=2024-03-21 00:00:00+00:00
[2024-03-21T01:31:41.716+0000] {processor.py:183} INFO - Processing /home/airflow/.local/lib/python3.8/site-packages/airflow/example_dags/example_bash_operator.py took 0.164 seconds
[2024-03-21T01:32:12.237+0000] {processor.py:161} INFO - Started process (PID=2076) to work on /home/airflow/.local/lib/python3.8/site-packages/airflow/example_dags/example_bash_operator.py
[2024-03-21T01:32:12.239+0000] {processor.py:830} INFO - Processing file /home/airflow/.local/lib/python3.8/site-packages/airflow/example_dags/example_bash_operator.py for tasks to queue
[2024-03-21T01:32:12.240+0000] {logging_mixin.py:188} INFO - [2024-03-21T01:32:12.240+0000] {dagbag.py:540} INFO - Filling up the DagBag from /home/airflow/.local/lib/python3.8/site-packages/airflow/example_dags/example_bash_operator.py
[2024-03-21T01:32:12.254+0000] {processor.py:840} INFO - DAG(s) 'example_bash_operator' retrieved from /home/airflow/.local/lib/python3.8/site-packages/airflow/example_dags/example_bash_operator.py
[2024-03-21T01:32:12.286+0000] {logging_mixin.py:188} INFO - [2024-03-21T01:32:12.285+0000] {dag.py:3047} INFO - Sync 1 DAGs
[2024-03-21T01:32:12.309+0000] {logging_mixin.py:188} INFO - [2024-03-21T01:32:12.309+0000] {dag.py:3834} INFO - Setting next_dagrun for example_bash_operator to 2024-03-20 00:00:00+00:00, run_after=2024-03-21 00:00:00+00:00
[2024-03-21T01:32:12.333+0000] {processor.py:183} INFO - Processing /home/airflow/.local/lib/python3.8/site-packages/airflow/example_dags/example_bash_operator.py took 0.098 seconds
[2024-03-21T01:32:42.958+0000] {processor.py:161} INFO - Started process (PID=2131) to work on /home/airflow/.local/lib/python3.8/site-packages/airflow/example_dags/example_bash_operator.py
[2024-03-21T01:32:42.959+0000] {processor.py:830} INFO - Processing file /home/airflow/.local/lib/python3.8/site-packages/airflow/example_dags/example_bash_operator.py for tasks to queue
[2024-03-21T01:32:42.961+0000] {logging_mixin.py:188} INFO - [2024-03-21T01:32:42.961+0000] {dagbag.py:540} INFO - Filling up the DagBag from /home/airflow/.local/lib/python3.8/site-packages/airflow/example_dags/example_bash_operator.py
[2024-03-21T01:32:42.972+0000] {processor.py:840} INFO - DAG(s) 'example_bash_operator' retrieved from /home/airflow/.local/lib/python3.8/site-packages/airflow/example_dags/example_bash_operator.py
[2024-03-21T01:32:43.003+0000] {logging_mixin.py:188} INFO - [2024-03-21T01:32:43.003+0000] {dag.py:3047} INFO - Sync 1 DAGs
[2024-03-21T01:32:43.026+0000] {logging_mixin.py:188} INFO - [2024-03-21T01:32:43.026+0000] {dag.py:3834} INFO - Setting next_dagrun for example_bash_operator to 2024-03-20 00:00:00+00:00, run_after=2024-03-21 00:00:00+00:00
[2024-03-21T01:32:43.049+0000] {processor.py:183} INFO - Processing /home/airflow/.local/lib/python3.8/site-packages/airflow/example_dags/example_bash_operator.py took 0.093 seconds
[2024-03-21T01:33:13.440+0000] {processor.py:161} INFO - Started process (PID=2186) to work on /home/airflow/.local/lib/python3.8/site-packages/airflow/example_dags/example_bash_operator.py
[2024-03-21T01:33:13.443+0000] {processor.py:830} INFO - Processing file /home/airflow/.local/lib/python3.8/site-packages/airflow/example_dags/example_bash_operator.py for tasks to queue
[2024-03-21T01:33:13.445+0000] {logging_mixin.py:188} INFO - [2024-03-21T01:33:13.444+0000] {dagbag.py:540} INFO - Filling up the DagBag from /home/airflow/.local/lib/python3.8/site-packages/airflow/example_dags/example_bash_operator.py
[2024-03-21T01:33:13.457+0000] {processor.py:840} INFO - DAG(s) 'example_bash_operator' retrieved from /home/airflow/.local/lib/python3.8/site-packages/airflow/example_dags/example_bash_operator.py
[2024-03-21T01:33:13.489+0000] {logging_mixin.py:188} INFO - [2024-03-21T01:33:13.489+0000] {dag.py:3047} INFO - Sync 1 DAGs
[2024-03-21T01:33:13.513+0000] {logging_mixin.py:188} INFO - [2024-03-21T01:33:13.513+0000] {dag.py:3834} INFO - Setting next_dagrun for example_bash_operator to 2024-03-20 00:00:00+00:00, run_after=2024-03-21 00:00:00+00:00
[2024-03-21T01:33:13.535+0000] {processor.py:183} INFO - Processing /home/airflow/.local/lib/python3.8/site-packages/airflow/example_dags/example_bash_operator.py took 0.097 seconds
[2024-03-21T01:33:43.897+0000] {processor.py:161} INFO - Started process (PID=2241) to work on /home/airflow/.local/lib/python3.8/site-packages/airflow/example_dags/example_bash_operator.py
[2024-03-21T01:33:43.899+0000] {processor.py:830} INFO - Processing file /home/airflow/.local/lib/python3.8/site-packages/airflow/example_dags/example_bash_operator.py for tasks to queue
[2024-03-21T01:33:43.901+0000] {logging_mixin.py:188} INFO - [2024-03-21T01:33:43.901+0000] {dagbag.py:540} INFO - Filling up the DagBag from /home/airflow/.local/lib/python3.8/site-packages/airflow/example_dags/example_bash_operator.py
[2024-03-21T01:33:43.912+0000] {processor.py:840} INFO - DAG(s) 'example_bash_operator' retrieved from /home/airflow/.local/lib/python3.8/site-packages/airflow/example_dags/example_bash_operator.py
[2024-03-21T01:33:43.943+0000] {logging_mixin.py:188} INFO - [2024-03-21T01:33:43.943+0000] {dag.py:3047} INFO - Sync 1 DAGs
[2024-03-21T01:33:43.967+0000] {logging_mixin.py:188} INFO - [2024-03-21T01:33:43.967+0000] {dag.py:3834} INFO - Setting next_dagrun for example_bash_operator to 2024-03-20 00:00:00+00:00, run_after=2024-03-21 00:00:00+00:00
[2024-03-21T01:33:43.989+0000] {processor.py:183} INFO - Processing /home/airflow/.local/lib/python3.8/site-packages/airflow/example_dags/example_bash_operator.py took 0.096 seconds
[2024-03-21T01:34:14.053+0000] {processor.py:161} INFO - Started process (PID=2296) to work on /home/airflow/.local/lib/python3.8/site-packages/airflow/example_dags/example_bash_operator.py
[2024-03-21T01:34:14.055+0000] {processor.py:830} INFO - Processing file /home/airflow/.local/lib/python3.8/site-packages/airflow/example_dags/example_bash_operator.py for tasks to queue
[2024-03-21T01:34:14.057+0000] {logging_mixin.py:188} INFO - [2024-03-21T01:34:14.057+0000] {dagbag.py:540} INFO - Filling up the DagBag from /home/airflow/.local/lib/python3.8/site-packages/airflow/example_dags/example_bash_operator.py
[2024-03-21T01:34:14.070+0000] {processor.py:840} INFO - DAG(s) 'example_bash_operator' retrieved from /home/airflow/.local/lib/python3.8/site-packages/airflow/example_dags/example_bash_operator.py
[2024-03-21T01:34:14.104+0000] {logging_mixin.py:188} INFO - [2024-03-21T01:34:14.104+0000] {dag.py:3047} INFO - Sync 1 DAGs
[2024-03-21T01:34:14.127+0000] {logging_mixin.py:188} INFO - [2024-03-21T01:34:14.126+0000] {dag.py:3834} INFO - Setting next_dagrun for example_bash_operator to 2024-03-20 00:00:00+00:00, run_after=2024-03-21 00:00:00+00:00
[2024-03-21T01:34:14.148+0000] {processor.py:183} INFO - Processing /home/airflow/.local/lib/python3.8/site-packages/airflow/example_dags/example_bash_operator.py took 0.099 seconds
[2024-03-21T01:34:44.344+0000] {processor.py:161} INFO - Started process (PID=2351) to work on /home/airflow/.local/lib/python3.8/site-packages/airflow/example_dags/example_bash_operator.py
[2024-03-21T01:34:44.346+0000] {processor.py:830} INFO - Processing file /home/airflow/.local/lib/python3.8/site-packages/airflow/example_dags/example_bash_operator.py for tasks to queue
[2024-03-21T01:34:44.348+0000] {logging_mixin.py:188} INFO - [2024-03-21T01:34:44.347+0000] {dagbag.py:540} INFO - Filling up the DagBag from /home/airflow/.local/lib/python3.8/site-packages/airflow/example_dags/example_bash_operator.py
[2024-03-21T01:34:44.360+0000] {processor.py:840} INFO - DAG(s) 'example_bash_operator' retrieved from /home/airflow/.local/lib/python3.8/site-packages/airflow/example_dags/example_bash_operator.py
[2024-03-21T01:34:44.391+0000] {logging_mixin.py:188} INFO - [2024-03-21T01:34:44.391+0000] {dag.py:3047} INFO - Sync 1 DAGs
[2024-03-21T01:34:44.413+0000] {logging_mixin.py:188} INFO - [2024-03-21T01:34:44.413+0000] {dag.py:3834} INFO - Setting next_dagrun for example_bash_operator to 2024-03-20 00:00:00+00:00, run_after=2024-03-21 00:00:00+00:00
[2024-03-21T01:34:44.434+0000] {processor.py:183} INFO - Processing /home/airflow/.local/lib/python3.8/site-packages/airflow/example_dags/example_bash_operator.py took 0.093 seconds
[2024-03-21T01:35:14.990+0000] {processor.py:161} INFO - Started process (PID=2406) to work on /home/airflow/.local/lib/python3.8/site-packages/airflow/example_dags/example_bash_operator.py
[2024-03-21T01:35:14.992+0000] {processor.py:830} INFO - Processing file /home/airflow/.local/lib/python3.8/site-packages/airflow/example_dags/example_bash_operator.py for tasks to queue
[2024-03-21T01:35:14.998+0000] {logging_mixin.py:188} INFO - [2024-03-21T01:35:14.998+0000] {dagbag.py:540} INFO - Filling up the DagBag from /home/airflow/.local/lib/python3.8/site-packages/airflow/example_dags/example_bash_operator.py
[2024-03-21T01:35:15.020+0000] {processor.py:840} INFO - DAG(s) 'example_bash_operator' retrieved from /home/airflow/.local/lib/python3.8/site-packages/airflow/example_dags/example_bash_operator.py
[2024-03-21T01:35:15.080+0000] {logging_mixin.py:188} INFO - [2024-03-21T01:35:15.079+0000] {dag.py:3047} INFO - Sync 1 DAGs
[2024-03-21T01:35:15.135+0000] {logging_mixin.py:188} INFO - [2024-03-21T01:35:15.134+0000] {dag.py:3834} INFO - Setting next_dagrun for example_bash_operator to 2024-03-20 00:00:00+00:00, run_after=2024-03-21 00:00:00+00:00
[2024-03-21T01:35:15.196+0000] {processor.py:183} INFO - Processing /home/airflow/.local/lib/python3.8/site-packages/airflow/example_dags/example_bash_operator.py took 0.212 seconds
[2024-03-21T01:35:45.293+0000] {processor.py:161} INFO - Started process (PID=2461) to work on /home/airflow/.local/lib/python3.8/site-packages/airflow/example_dags/example_bash_operator.py
[2024-03-21T01:35:45.294+0000] {processor.py:830} INFO - Processing file /home/airflow/.local/lib/python3.8/site-packages/airflow/example_dags/example_bash_operator.py for tasks to queue
[2024-03-21T01:35:45.295+0000] {logging_mixin.py:188} INFO - [2024-03-21T01:35:45.295+0000] {dagbag.py:540} INFO - Filling up the DagBag from /home/airflow/.local/lib/python3.8/site-packages/airflow/example_dags/example_bash_operator.py
[2024-03-21T01:35:45.306+0000] {processor.py:840} INFO - DAG(s) 'example_bash_operator' retrieved from /home/airflow/.local/lib/python3.8/site-packages/airflow/example_dags/example_bash_operator.py
[2024-03-21T01:35:45.340+0000] {logging_mixin.py:188} INFO - [2024-03-21T01:35:45.340+0000] {dag.py:3047} INFO - Sync 1 DAGs
[2024-03-21T01:35:45.362+0000] {logging_mixin.py:188} INFO - [2024-03-21T01:35:45.362+0000] {dag.py:3834} INFO - Setting next_dagrun for example_bash_operator to 2024-03-20 00:00:00+00:00, run_after=2024-03-21 00:00:00+00:00
[2024-03-21T01:35:45.384+0000] {processor.py:183} INFO - Processing /home/airflow/.local/lib/python3.8/site-packages/airflow/example_dags/example_bash_operator.py took 0.094 seconds
[2024-03-21T01:36:15.551+0000] {processor.py:161} INFO - Started process (PID=2517) to work on /home/airflow/.local/lib/python3.8/site-packages/airflow/example_dags/example_bash_operator.py
[2024-03-21T01:36:15.554+0000] {processor.py:830} INFO - Processing file /home/airflow/.local/lib/python3.8/site-packages/airflow/example_dags/example_bash_operator.py for tasks to queue
[2024-03-21T01:36:15.555+0000] {logging_mixin.py:188} INFO - [2024-03-21T01:36:15.555+0000] {dagbag.py:540} INFO - Filling up the DagBag from /home/airflow/.local/lib/python3.8/site-packages/airflow/example_dags/example_bash_operator.py
[2024-03-21T01:36:15.569+0000] {processor.py:840} INFO - DAG(s) 'example_bash_operator' retrieved from /home/airflow/.local/lib/python3.8/site-packages/airflow/example_dags/example_bash_operator.py
[2024-03-21T01:36:15.610+0000] {logging_mixin.py:188} INFO - [2024-03-21T01:36:15.610+0000] {dag.py:3047} INFO - Sync 1 DAGs
[2024-03-21T01:36:15.636+0000] {logging_mixin.py:188} INFO - [2024-03-21T01:36:15.635+0000] {dag.py:3834} INFO - Setting next_dagrun for example_bash_operator to 2024-03-20 00:00:00+00:00, run_after=2024-03-21 00:00:00+00:00
[2024-03-21T01:36:15.658+0000] {processor.py:183} INFO - Processing /home/airflow/.local/lib/python3.8/site-packages/airflow/example_dags/example_bash_operator.py took 0.110 seconds
[2024-03-21T01:36:45.694+0000] {processor.py:161} INFO - Started process (PID=2571) to work on /home/airflow/.local/lib/python3.8/site-packages/airflow/example_dags/example_bash_operator.py
[2024-03-21T01:36:45.697+0000] {processor.py:830} INFO - Processing file /home/airflow/.local/lib/python3.8/site-packages/airflow/example_dags/example_bash_operator.py for tasks to queue
[2024-03-21T01:36:45.700+0000] {logging_mixin.py:188} INFO - [2024-03-21T01:36:45.700+0000] {dagbag.py:540} INFO - Filling up the DagBag from /home/airflow/.local/lib/python3.8/site-packages/airflow/example_dags/example_bash_operator.py
[2024-03-21T01:36:45.720+0000] {processor.py:840} INFO - DAG(s) 'example_bash_operator' retrieved from /home/airflow/.local/lib/python3.8/site-packages/airflow/example_dags/example_bash_operator.py
[2024-03-21T01:36:45.762+0000] {logging_mixin.py:188} INFO - [2024-03-21T01:36:45.762+0000] {dag.py:3047} INFO - Sync 1 DAGs
[2024-03-21T01:36:45.789+0000] {logging_mixin.py:188} INFO - [2024-03-21T01:36:45.789+0000] {dag.py:3834} INFO - Setting next_dagrun for example_bash_operator to 2024-03-20 00:00:00+00:00, run_after=2024-03-21 00:00:00+00:00
[2024-03-21T01:36:45.816+0000] {processor.py:183} INFO - Processing /home/airflow/.local/lib/python3.8/site-packages/airflow/example_dags/example_bash_operator.py took 0.126 seconds
[2024-03-21T01:37:16.303+0000] {processor.py:161} INFO - Started process (PID=2623) to work on /home/airflow/.local/lib/python3.8/site-packages/airflow/example_dags/example_bash_operator.py
[2024-03-21T01:37:16.305+0000] {processor.py:830} INFO - Processing file /home/airflow/.local/lib/python3.8/site-packages/airflow/example_dags/example_bash_operator.py for tasks to queue
[2024-03-21T01:37:16.310+0000] {logging_mixin.py:188} INFO - [2024-03-21T01:37:16.310+0000] {dagbag.py:540} INFO - Filling up the DagBag from /home/airflow/.local/lib/python3.8/site-packages/airflow/example_dags/example_bash_operator.py
[2024-03-21T01:37:16.339+0000] {processor.py:840} INFO - DAG(s) 'example_bash_operator' retrieved from /home/airflow/.local/lib/python3.8/site-packages/airflow/example_dags/example_bash_operator.py
[2024-03-21T01:37:16.391+0000] {logging_mixin.py:188} INFO - [2024-03-21T01:37:16.390+0000] {dag.py:3047} INFO - Sync 1 DAGs
[2024-03-21T01:37:16.426+0000] {logging_mixin.py:188} INFO - [2024-03-21T01:37:16.426+0000] {dag.py:3834} INFO - Setting next_dagrun for example_bash_operator to 2024-03-20 00:00:00+00:00, run_after=2024-03-21 00:00:00+00:00
[2024-03-21T01:37:16.461+0000] {processor.py:183} INFO - Processing /home/airflow/.local/lib/python3.8/site-packages/airflow/example_dags/example_bash_operator.py took 0.174 seconds
[2024-03-21T01:37:46.559+0000] {processor.py:161} INFO - Started process (PID=2678) to work on /home/airflow/.local/lib/python3.8/site-packages/airflow/example_dags/example_bash_operator.py
[2024-03-21T01:37:46.564+0000] {processor.py:830} INFO - Processing file /home/airflow/.local/lib/python3.8/site-packages/airflow/example_dags/example_bash_operator.py for tasks to queue
[2024-03-21T01:37:46.580+0000] {logging_mixin.py:188} INFO - [2024-03-21T01:37:46.579+0000] {dagbag.py:540} INFO - Filling up the DagBag from /home/airflow/.local/lib/python3.8/site-packages/airflow/example_dags/example_bash_operator.py
[2024-03-21T01:37:46.668+0000] {processor.py:840} INFO - DAG(s) 'example_bash_operator' retrieved from /home/airflow/.local/lib/python3.8/site-packages/airflow/example_dags/example_bash_operator.py
[2024-03-21T01:37:46.836+0000] {logging_mixin.py:188} INFO - [2024-03-21T01:37:46.836+0000] {dag.py:3047} INFO - Sync 1 DAGs
[2024-03-21T01:37:46.902+0000] {logging_mixin.py:188} INFO - [2024-03-21T01:37:46.902+0000] {dag.py:3834} INFO - Setting next_dagrun for example_bash_operator to 2024-03-20 00:00:00+00:00, run_after=2024-03-21 00:00:00+00:00
[2024-03-21T01:37:46.944+0000] {processor.py:183} INFO - Processing /home/airflow/.local/lib/python3.8/site-packages/airflow/example_dags/example_bash_operator.py took 0.398 seconds
[2024-03-21T01:38:17.016+0000] {processor.py:161} INFO - Started process (PID=2733) to work on /home/airflow/.local/lib/python3.8/site-packages/airflow/example_dags/example_bash_operator.py
[2024-03-21T01:38:17.018+0000] {processor.py:830} INFO - Processing file /home/airflow/.local/lib/python3.8/site-packages/airflow/example_dags/example_bash_operator.py for tasks to queue
[2024-03-21T01:38:17.020+0000] {logging_mixin.py:188} INFO - [2024-03-21T01:38:17.020+0000] {dagbag.py:540} INFO - Filling up the DagBag from /home/airflow/.local/lib/python3.8/site-packages/airflow/example_dags/example_bash_operator.py
[2024-03-21T01:38:17.032+0000] {processor.py:840} INFO - DAG(s) 'example_bash_operator' retrieved from /home/airflow/.local/lib/python3.8/site-packages/airflow/example_dags/example_bash_operator.py
[2024-03-21T01:38:17.062+0000] {logging_mixin.py:188} INFO - [2024-03-21T01:38:17.062+0000] {dag.py:3047} INFO - Sync 1 DAGs
[2024-03-21T01:38:17.084+0000] {logging_mixin.py:188} INFO - [2024-03-21T01:38:17.084+0000] {dag.py:3834} INFO - Setting next_dagrun for example_bash_operator to 2024-03-20 00:00:00+00:00, run_after=2024-03-21 00:00:00+00:00
[2024-03-21T01:38:17.105+0000] {processor.py:183} INFO - Processing /home/airflow/.local/lib/python3.8/site-packages/airflow/example_dags/example_bash_operator.py took 0.092 seconds
[2024-03-21T01:38:47.247+0000] {processor.py:161} INFO - Started process (PID=2788) to work on /home/airflow/.local/lib/python3.8/site-packages/airflow/example_dags/example_bash_operator.py
[2024-03-21T01:38:47.248+0000] {processor.py:830} INFO - Processing file /home/airflow/.local/lib/python3.8/site-packages/airflow/example_dags/example_bash_operator.py for tasks to queue
[2024-03-21T01:38:47.250+0000] {logging_mixin.py:188} INFO - [2024-03-21T01:38:47.249+0000] {dagbag.py:540} INFO - Filling up the DagBag from /home/airflow/.local/lib/python3.8/site-packages/airflow/example_dags/example_bash_operator.py
[2024-03-21T01:38:47.261+0000] {processor.py:840} INFO - DAG(s) 'example_bash_operator' retrieved from /home/airflow/.local/lib/python3.8/site-packages/airflow/example_dags/example_bash_operator.py
[2024-03-21T01:38:47.294+0000] {logging_mixin.py:188} INFO - [2024-03-21T01:38:47.294+0000] {dag.py:3047} INFO - Sync 1 DAGs
[2024-03-21T01:38:47.319+0000] {logging_mixin.py:188} INFO - [2024-03-21T01:38:47.318+0000] {dag.py:3834} INFO - Setting next_dagrun for example_bash_operator to 2024-03-20 00:00:00+00:00, run_after=2024-03-21 00:00:00+00:00
[2024-03-21T01:38:47.344+0000] {processor.py:183} INFO - Processing /home/airflow/.local/lib/python3.8/site-packages/airflow/example_dags/example_bash_operator.py took 0.100 seconds
[2024-03-21T01:39:17.815+0000] {processor.py:161} INFO - Started process (PID=2843) to work on /home/airflow/.local/lib/python3.8/site-packages/airflow/example_dags/example_bash_operator.py
[2024-03-21T01:39:17.817+0000] {processor.py:830} INFO - Processing file /home/airflow/.local/lib/python3.8/site-packages/airflow/example_dags/example_bash_operator.py for tasks to queue
[2024-03-21T01:39:17.818+0000] {logging_mixin.py:188} INFO - [2024-03-21T01:39:17.818+0000] {dagbag.py:540} INFO - Filling up the DagBag from /home/airflow/.local/lib/python3.8/site-packages/airflow/example_dags/example_bash_operator.py
[2024-03-21T01:39:17.831+0000] {processor.py:840} INFO - DAG(s) 'example_bash_operator' retrieved from /home/airflow/.local/lib/python3.8/site-packages/airflow/example_dags/example_bash_operator.py
[2024-03-21T01:39:17.864+0000] {logging_mixin.py:188} INFO - [2024-03-21T01:39:17.864+0000] {dag.py:3047} INFO - Sync 1 DAGs
[2024-03-21T01:39:17.888+0000] {logging_mixin.py:188} INFO - [2024-03-21T01:39:17.888+0000] {dag.py:3834} INFO - Setting next_dagrun for example_bash_operator to 2024-03-20 00:00:00+00:00, run_after=2024-03-21 00:00:00+00:00
[2024-03-21T01:39:17.912+0000] {processor.py:183} INFO - Processing /home/airflow/.local/lib/python3.8/site-packages/airflow/example_dags/example_bash_operator.py took 0.100 seconds
[2024-03-21T01:39:48.042+0000] {processor.py:161} INFO - Started process (PID=2898) to work on /home/airflow/.local/lib/python3.8/site-packages/airflow/example_dags/example_bash_operator.py
[2024-03-21T01:39:48.044+0000] {processor.py:830} INFO - Processing file /home/airflow/.local/lib/python3.8/site-packages/airflow/example_dags/example_bash_operator.py for tasks to queue
[2024-03-21T01:39:48.046+0000] {logging_mixin.py:188} INFO - [2024-03-21T01:39:48.046+0000] {dagbag.py:540} INFO - Filling up the DagBag from /home/airflow/.local/lib/python3.8/site-packages/airflow/example_dags/example_bash_operator.py
[2024-03-21T01:39:48.058+0000] {processor.py:840} INFO - DAG(s) 'example_bash_operator' retrieved from /home/airflow/.local/lib/python3.8/site-packages/airflow/example_dags/example_bash_operator.py
[2024-03-21T01:39:48.103+0000] {logging_mixin.py:188} INFO - [2024-03-21T01:39:48.103+0000] {dag.py:3047} INFO - Sync 1 DAGs
[2024-03-21T01:39:48.142+0000] {logging_mixin.py:188} INFO - [2024-03-21T01:39:48.141+0000] {dag.py:3834} INFO - Setting next_dagrun for example_bash_operator to 2024-03-20 00:00:00+00:00, run_after=2024-03-21 00:00:00+00:00
[2024-03-21T01:39:48.194+0000] {processor.py:183} INFO - Processing /home/airflow/.local/lib/python3.8/site-packages/airflow/example_dags/example_bash_operator.py took 0.156 seconds
