[2024-03-21T00:09:32.699+0000] {processor.py:161} INFO - Started process (PID=68) to work on /home/airflow/.local/lib/python3.8/site-packages/airflow/example_dags/tutorial.py
[2024-03-21T00:09:32.701+0000] {processor.py:830} INFO - Processing file /home/airflow/.local/lib/python3.8/site-packages/airflow/example_dags/tutorial.py for tasks to queue
[2024-03-21T00:09:32.705+0000] {logging_mixin.py:188} INFO - [2024-03-21T00:09:32.704+0000] {dagbag.py:540} INFO - Filling up the DagBag from /home/airflow/.local/lib/python3.8/site-packages/airflow/example_dags/tutorial.py
[2024-03-21T00:09:32.738+0000] {processor.py:840} INFO - DAG(s) 'tutorial' retrieved from /home/airflow/.local/lib/python3.8/site-packages/airflow/example_dags/tutorial.py
[2024-03-21T00:09:32.798+0000] {logging_mixin.py:188} INFO - [2024-03-21T00:09:32.797+0000] {dag.py:3047} INFO - Sync 1 DAGs
[2024-03-21T00:09:33.044+0000] {logging_mixin.py:188} INFO - [2024-03-21T00:09:33.044+0000] {dag.py:3834} INFO - Setting next_dagrun for tutorial to 2024-03-20 00:00:00+00:00, run_after=2024-03-21 00:00:00+00:00
[2024-03-21T00:09:33.122+0000] {processor.py:183} INFO - Processing /home/airflow/.local/lib/python3.8/site-packages/airflow/example_dags/tutorial.py took 0.433 seconds
[2024-03-21T00:10:03.842+0000] {processor.py:161} INFO - Started process (PID=123) to work on /home/airflow/.local/lib/python3.8/site-packages/airflow/example_dags/tutorial.py
[2024-03-21T00:10:03.843+0000] {processor.py:830} INFO - Processing file /home/airflow/.local/lib/python3.8/site-packages/airflow/example_dags/tutorial.py for tasks to queue
[2024-03-21T00:10:03.845+0000] {logging_mixin.py:188} INFO - [2024-03-21T00:10:03.845+0000] {dagbag.py:540} INFO - Filling up the DagBag from /home/airflow/.local/lib/python3.8/site-packages/airflow/example_dags/tutorial.py
[2024-03-21T00:10:03.854+0000] {processor.py:840} INFO - DAG(s) 'tutorial' retrieved from /home/airflow/.local/lib/python3.8/site-packages/airflow/example_dags/tutorial.py
[2024-03-21T00:10:04.004+0000] {logging_mixin.py:188} INFO - [2024-03-21T00:10:04.004+0000] {dag.py:3047} INFO - Sync 1 DAGs
[2024-03-21T00:10:04.035+0000] {logging_mixin.py:188} INFO - [2024-03-21T00:10:04.034+0000] {dag.py:3834} INFO - Setting next_dagrun for tutorial to 2024-03-20 00:00:00+00:00, run_after=2024-03-21 00:00:00+00:00
[2024-03-21T00:10:04.066+0000] {processor.py:183} INFO - Processing /home/airflow/.local/lib/python3.8/site-packages/airflow/example_dags/tutorial.py took 0.229 seconds
[2024-03-21T00:10:34.571+0000] {processor.py:161} INFO - Started process (PID=178) to work on /home/airflow/.local/lib/python3.8/site-packages/airflow/example_dags/tutorial.py
[2024-03-21T00:10:34.572+0000] {processor.py:830} INFO - Processing file /home/airflow/.local/lib/python3.8/site-packages/airflow/example_dags/tutorial.py for tasks to queue
[2024-03-21T00:10:34.574+0000] {logging_mixin.py:188} INFO - [2024-03-21T00:10:34.574+0000] {dagbag.py:540} INFO - Filling up the DagBag from /home/airflow/.local/lib/python3.8/site-packages/airflow/example_dags/tutorial.py
[2024-03-21T00:10:34.581+0000] {processor.py:840} INFO - DAG(s) 'tutorial' retrieved from /home/airflow/.local/lib/python3.8/site-packages/airflow/example_dags/tutorial.py
[2024-03-21T00:10:34.601+0000] {logging_mixin.py:188} INFO - [2024-03-21T00:10:34.601+0000] {dag.py:3047} INFO - Sync 1 DAGs
[2024-03-21T00:10:34.622+0000] {logging_mixin.py:188} INFO - [2024-03-21T00:10:34.622+0000] {dag.py:3834} INFO - Setting next_dagrun for tutorial to 2024-03-20 00:00:00+00:00, run_after=2024-03-21 00:00:00+00:00
[2024-03-21T00:10:34.643+0000] {processor.py:183} INFO - Processing /home/airflow/.local/lib/python3.8/site-packages/airflow/example_dags/tutorial.py took 0.076 seconds
[2024-03-21T00:17:07.425+0000] {processor.py:161} INFO - Started process (PID=75) to work on /home/airflow/.local/lib/python3.8/site-packages/airflow/example_dags/tutorial.py
[2024-03-21T00:17:07.428+0000] {processor.py:830} INFO - Processing file /home/airflow/.local/lib/python3.8/site-packages/airflow/example_dags/tutorial.py for tasks to queue
[2024-03-21T00:17:07.431+0000] {logging_mixin.py:188} INFO - [2024-03-21T00:17:07.431+0000] {dagbag.py:540} INFO - Filling up the DagBag from /home/airflow/.local/lib/python3.8/site-packages/airflow/example_dags/tutorial.py
[2024-03-21T00:17:07.450+0000] {processor.py:840} INFO - DAG(s) 'tutorial' retrieved from /home/airflow/.local/lib/python3.8/site-packages/airflow/example_dags/tutorial.py
[2024-03-21T00:17:07.680+0000] {logging_mixin.py:188} INFO - [2024-03-21T00:17:07.679+0000] {dag.py:3047} INFO - Sync 1 DAGs
[2024-03-21T00:17:07.721+0000] {logging_mixin.py:188} INFO - [2024-03-21T00:17:07.720+0000] {dag.py:3834} INFO - Setting next_dagrun for tutorial to 2024-03-20 00:00:00+00:00, run_after=2024-03-21 00:00:00+00:00
[2024-03-21T00:17:07.764+0000] {processor.py:183} INFO - Processing /home/airflow/.local/lib/python3.8/site-packages/airflow/example_dags/tutorial.py took 0.345 seconds
[2024-03-21T00:17:38.114+0000] {processor.py:161} INFO - Started process (PID=130) to work on /home/airflow/.local/lib/python3.8/site-packages/airflow/example_dags/tutorial.py
[2024-03-21T00:17:38.115+0000] {processor.py:830} INFO - Processing file /home/airflow/.local/lib/python3.8/site-packages/airflow/example_dags/tutorial.py for tasks to queue
[2024-03-21T00:17:38.116+0000] {logging_mixin.py:188} INFO - [2024-03-21T00:17:38.116+0000] {dagbag.py:540} INFO - Filling up the DagBag from /home/airflow/.local/lib/python3.8/site-packages/airflow/example_dags/tutorial.py
[2024-03-21T00:17:38.122+0000] {processor.py:840} INFO - DAG(s) 'tutorial' retrieved from /home/airflow/.local/lib/python3.8/site-packages/airflow/example_dags/tutorial.py
[2024-03-21T00:17:38.141+0000] {logging_mixin.py:188} INFO - [2024-03-21T00:17:38.141+0000] {dag.py:3047} INFO - Sync 1 DAGs
[2024-03-21T00:17:38.163+0000] {logging_mixin.py:188} INFO - [2024-03-21T00:17:38.163+0000] {dag.py:3834} INFO - Setting next_dagrun for tutorial to 2024-03-20 00:00:00+00:00, run_after=2024-03-21 00:00:00+00:00
[2024-03-21T00:17:38.187+0000] {processor.py:183} INFO - Processing /home/airflow/.local/lib/python3.8/site-packages/airflow/example_dags/tutorial.py took 0.077 seconds
[2024-03-21T00:18:08.549+0000] {processor.py:161} INFO - Started process (PID=185) to work on /home/airflow/.local/lib/python3.8/site-packages/airflow/example_dags/tutorial.py
[2024-03-21T00:18:08.550+0000] {processor.py:830} INFO - Processing file /home/airflow/.local/lib/python3.8/site-packages/airflow/example_dags/tutorial.py for tasks to queue
[2024-03-21T00:18:08.552+0000] {logging_mixin.py:188} INFO - [2024-03-21T00:18:08.552+0000] {dagbag.py:540} INFO - Filling up the DagBag from /home/airflow/.local/lib/python3.8/site-packages/airflow/example_dags/tutorial.py
[2024-03-21T00:18:08.558+0000] {processor.py:840} INFO - DAG(s) 'tutorial' retrieved from /home/airflow/.local/lib/python3.8/site-packages/airflow/example_dags/tutorial.py
[2024-03-21T00:18:08.582+0000] {logging_mixin.py:188} INFO - [2024-03-21T00:18:08.582+0000] {dag.py:3047} INFO - Sync 1 DAGs
[2024-03-21T00:18:08.606+0000] {logging_mixin.py:188} INFO - [2024-03-21T00:18:08.606+0000] {dag.py:3834} INFO - Setting next_dagrun for tutorial to 2024-03-20 00:00:00+00:00, run_after=2024-03-21 00:00:00+00:00
[2024-03-21T00:18:08.627+0000] {processor.py:183} INFO - Processing /home/airflow/.local/lib/python3.8/site-packages/airflow/example_dags/tutorial.py took 0.081 seconds
[2024-03-21T00:18:39.147+0000] {processor.py:161} INFO - Started process (PID=240) to work on /home/airflow/.local/lib/python3.8/site-packages/airflow/example_dags/tutorial.py
[2024-03-21T00:18:39.149+0000] {processor.py:830} INFO - Processing file /home/airflow/.local/lib/python3.8/site-packages/airflow/example_dags/tutorial.py for tasks to queue
[2024-03-21T00:18:39.150+0000] {logging_mixin.py:188} INFO - [2024-03-21T00:18:39.150+0000] {dagbag.py:540} INFO - Filling up the DagBag from /home/airflow/.local/lib/python3.8/site-packages/airflow/example_dags/tutorial.py
[2024-03-21T00:18:39.155+0000] {processor.py:840} INFO - DAG(s) 'tutorial' retrieved from /home/airflow/.local/lib/python3.8/site-packages/airflow/example_dags/tutorial.py
[2024-03-21T00:18:39.175+0000] {logging_mixin.py:188} INFO - [2024-03-21T00:18:39.174+0000] {dag.py:3047} INFO - Sync 1 DAGs
[2024-03-21T00:18:39.196+0000] {logging_mixin.py:188} INFO - [2024-03-21T00:18:39.196+0000] {dag.py:3834} INFO - Setting next_dagrun for tutorial to 2024-03-20 00:00:00+00:00, run_after=2024-03-21 00:00:00+00:00
[2024-03-21T00:18:39.219+0000] {processor.py:183} INFO - Processing /home/airflow/.local/lib/python3.8/site-packages/airflow/example_dags/tutorial.py took 0.074 seconds
[2024-03-21T00:19:09.709+0000] {processor.py:161} INFO - Started process (PID=295) to work on /home/airflow/.local/lib/python3.8/site-packages/airflow/example_dags/tutorial.py
[2024-03-21T00:19:09.710+0000] {processor.py:830} INFO - Processing file /home/airflow/.local/lib/python3.8/site-packages/airflow/example_dags/tutorial.py for tasks to queue
[2024-03-21T00:19:09.712+0000] {logging_mixin.py:188} INFO - [2024-03-21T00:19:09.712+0000] {dagbag.py:540} INFO - Filling up the DagBag from /home/airflow/.local/lib/python3.8/site-packages/airflow/example_dags/tutorial.py
[2024-03-21T00:19:09.717+0000] {processor.py:840} INFO - DAG(s) 'tutorial' retrieved from /home/airflow/.local/lib/python3.8/site-packages/airflow/example_dags/tutorial.py
[2024-03-21T00:19:09.737+0000] {logging_mixin.py:188} INFO - [2024-03-21T00:19:09.737+0000] {dag.py:3047} INFO - Sync 1 DAGs
[2024-03-21T00:19:09.757+0000] {logging_mixin.py:188} INFO - [2024-03-21T00:19:09.757+0000] {dag.py:3834} INFO - Setting next_dagrun for tutorial to 2024-03-20 00:00:00+00:00, run_after=2024-03-21 00:00:00+00:00
[2024-03-21T00:19:09.779+0000] {processor.py:183} INFO - Processing /home/airflow/.local/lib/python3.8/site-packages/airflow/example_dags/tutorial.py took 0.073 seconds
[2024-03-21T00:19:40.149+0000] {processor.py:161} INFO - Started process (PID=350) to work on /home/airflow/.local/lib/python3.8/site-packages/airflow/example_dags/tutorial.py
[2024-03-21T00:19:40.155+0000] {processor.py:830} INFO - Processing file /home/airflow/.local/lib/python3.8/site-packages/airflow/example_dags/tutorial.py for tasks to queue
[2024-03-21T00:19:40.157+0000] {logging_mixin.py:188} INFO - [2024-03-21T00:19:40.157+0000] {dagbag.py:540} INFO - Filling up the DagBag from /home/airflow/.local/lib/python3.8/site-packages/airflow/example_dags/tutorial.py
[2024-03-21T00:19:40.162+0000] {processor.py:840} INFO - DAG(s) 'tutorial' retrieved from /home/airflow/.local/lib/python3.8/site-packages/airflow/example_dags/tutorial.py
[2024-03-21T00:19:40.185+0000] {logging_mixin.py:188} INFO - [2024-03-21T00:19:40.185+0000] {dag.py:3047} INFO - Sync 1 DAGs
[2024-03-21T00:19:40.207+0000] {logging_mixin.py:188} INFO - [2024-03-21T00:19:40.207+0000] {dag.py:3834} INFO - Setting next_dagrun for tutorial to 2024-03-20 00:00:00+00:00, run_after=2024-03-21 00:00:00+00:00
[2024-03-21T00:19:40.236+0000] {processor.py:183} INFO - Processing /home/airflow/.local/lib/python3.8/site-packages/airflow/example_dags/tutorial.py took 0.091 seconds
[2024-03-21T00:20:10.584+0000] {processor.py:161} INFO - Started process (PID=405) to work on /home/airflow/.local/lib/python3.8/site-packages/airflow/example_dags/tutorial.py
[2024-03-21T00:20:10.585+0000] {processor.py:830} INFO - Processing file /home/airflow/.local/lib/python3.8/site-packages/airflow/example_dags/tutorial.py for tasks to queue
[2024-03-21T00:20:10.586+0000] {logging_mixin.py:188} INFO - [2024-03-21T00:20:10.586+0000] {dagbag.py:540} INFO - Filling up the DagBag from /home/airflow/.local/lib/python3.8/site-packages/airflow/example_dags/tutorial.py
[2024-03-21T00:20:10.591+0000] {processor.py:840} INFO - DAG(s) 'tutorial' retrieved from /home/airflow/.local/lib/python3.8/site-packages/airflow/example_dags/tutorial.py
[2024-03-21T00:20:10.612+0000] {logging_mixin.py:188} INFO - [2024-03-21T00:20:10.612+0000] {dag.py:3047} INFO - Sync 1 DAGs
[2024-03-21T00:20:10.635+0000] {logging_mixin.py:188} INFO - [2024-03-21T00:20:10.635+0000] {dag.py:3834} INFO - Setting next_dagrun for tutorial to 2024-03-20 00:00:00+00:00, run_after=2024-03-21 00:00:00+00:00
[2024-03-21T00:20:10.660+0000] {processor.py:183} INFO - Processing /home/airflow/.local/lib/python3.8/site-packages/airflow/example_dags/tutorial.py took 0.080 seconds
[2024-03-21T00:20:40.893+0000] {processor.py:161} INFO - Started process (PID=460) to work on /home/airflow/.local/lib/python3.8/site-packages/airflow/example_dags/tutorial.py
[2024-03-21T00:20:40.894+0000] {processor.py:830} INFO - Processing file /home/airflow/.local/lib/python3.8/site-packages/airflow/example_dags/tutorial.py for tasks to queue
[2024-03-21T00:20:40.895+0000] {logging_mixin.py:188} INFO - [2024-03-21T00:20:40.895+0000] {dagbag.py:540} INFO - Filling up the DagBag from /home/airflow/.local/lib/python3.8/site-packages/airflow/example_dags/tutorial.py
[2024-03-21T00:20:40.900+0000] {processor.py:840} INFO - DAG(s) 'tutorial' retrieved from /home/airflow/.local/lib/python3.8/site-packages/airflow/example_dags/tutorial.py
[2024-03-21T00:20:40.921+0000] {logging_mixin.py:188} INFO - [2024-03-21T00:20:40.920+0000] {dag.py:3047} INFO - Sync 1 DAGs
[2024-03-21T00:20:40.941+0000] {logging_mixin.py:188} INFO - [2024-03-21T00:20:40.941+0000] {dag.py:3834} INFO - Setting next_dagrun for tutorial to 2024-03-20 00:00:00+00:00, run_after=2024-03-21 00:00:00+00:00
[2024-03-21T00:20:40.963+0000] {processor.py:183} INFO - Processing /home/airflow/.local/lib/python3.8/site-packages/airflow/example_dags/tutorial.py took 0.074 seconds
[2024-03-21T00:21:11.219+0000] {processor.py:161} INFO - Started process (PID=515) to work on /home/airflow/.local/lib/python3.8/site-packages/airflow/example_dags/tutorial.py
[2024-03-21T00:21:11.220+0000] {processor.py:830} INFO - Processing file /home/airflow/.local/lib/python3.8/site-packages/airflow/example_dags/tutorial.py for tasks to queue
[2024-03-21T00:21:11.222+0000] {logging_mixin.py:188} INFO - [2024-03-21T00:21:11.222+0000] {dagbag.py:540} INFO - Filling up the DagBag from /home/airflow/.local/lib/python3.8/site-packages/airflow/example_dags/tutorial.py
[2024-03-21T00:21:11.228+0000] {processor.py:840} INFO - DAG(s) 'tutorial' retrieved from /home/airflow/.local/lib/python3.8/site-packages/airflow/example_dags/tutorial.py
[2024-03-21T00:21:11.254+0000] {logging_mixin.py:188} INFO - [2024-03-21T00:21:11.254+0000] {dag.py:3047} INFO - Sync 1 DAGs
[2024-03-21T00:21:11.283+0000] {logging_mixin.py:188} INFO - [2024-03-21T00:21:11.283+0000] {dag.py:3834} INFO - Setting next_dagrun for tutorial to 2024-03-20 00:00:00+00:00, run_after=2024-03-21 00:00:00+00:00
[2024-03-21T00:21:11.308+0000] {processor.py:183} INFO - Processing /home/airflow/.local/lib/python3.8/site-packages/airflow/example_dags/tutorial.py took 0.092 seconds
[2024-03-21T00:21:41.618+0000] {processor.py:161} INFO - Started process (PID=570) to work on /home/airflow/.local/lib/python3.8/site-packages/airflow/example_dags/tutorial.py
[2024-03-21T00:21:41.620+0000] {processor.py:830} INFO - Processing file /home/airflow/.local/lib/python3.8/site-packages/airflow/example_dags/tutorial.py for tasks to queue
[2024-03-21T00:21:41.621+0000] {logging_mixin.py:188} INFO - [2024-03-21T00:21:41.621+0000] {dagbag.py:540} INFO - Filling up the DagBag from /home/airflow/.local/lib/python3.8/site-packages/airflow/example_dags/tutorial.py
[2024-03-21T00:21:41.627+0000] {processor.py:840} INFO - DAG(s) 'tutorial' retrieved from /home/airflow/.local/lib/python3.8/site-packages/airflow/example_dags/tutorial.py
[2024-03-21T00:21:41.646+0000] {logging_mixin.py:188} INFO - [2024-03-21T00:21:41.646+0000] {dag.py:3047} INFO - Sync 1 DAGs
[2024-03-21T00:21:41.675+0000] {logging_mixin.py:188} INFO - [2024-03-21T00:21:41.675+0000] {dag.py:3834} INFO - Setting next_dagrun for tutorial to 2024-03-20 00:00:00+00:00, run_after=2024-03-21 00:00:00+00:00
[2024-03-21T00:21:41.706+0000] {processor.py:183} INFO - Processing /home/airflow/.local/lib/python3.8/site-packages/airflow/example_dags/tutorial.py took 0.092 seconds
[2024-03-21T01:13:20.976+0000] {processor.py:161} INFO - Started process (PID=64) to work on /home/airflow/.local/lib/python3.8/site-packages/airflow/example_dags/tutorial.py
[2024-03-21T01:13:20.978+0000] {processor.py:830} INFO - Processing file /home/airflow/.local/lib/python3.8/site-packages/airflow/example_dags/tutorial.py for tasks to queue
[2024-03-21T01:13:20.981+0000] {logging_mixin.py:188} INFO - [2024-03-21T01:13:20.980+0000] {dagbag.py:540} INFO - Filling up the DagBag from /home/airflow/.local/lib/python3.8/site-packages/airflow/example_dags/tutorial.py
[2024-03-21T01:13:20.995+0000] {processor.py:840} INFO - DAG(s) 'tutorial' retrieved from /home/airflow/.local/lib/python3.8/site-packages/airflow/example_dags/tutorial.py
[2024-03-21T01:13:21.026+0000] {logging_mixin.py:188} INFO - [2024-03-21T01:13:21.025+0000] {dag.py:3047} INFO - Sync 1 DAGs
[2024-03-21T01:13:21.056+0000] {logging_mixin.py:188} INFO - [2024-03-21T01:13:21.055+0000] {dag.py:3834} INFO - Setting next_dagrun for tutorial to 2024-03-20 00:00:00+00:00, run_after=2024-03-21 00:00:00+00:00
[2024-03-21T01:13:21.086+0000] {processor.py:183} INFO - Processing /home/airflow/.local/lib/python3.8/site-packages/airflow/example_dags/tutorial.py took 0.114 seconds
[2024-03-21T01:13:51.935+0000] {processor.py:161} INFO - Started process (PID=119) to work on /home/airflow/.local/lib/python3.8/site-packages/airflow/example_dags/tutorial.py
[2024-03-21T01:13:51.936+0000] {processor.py:830} INFO - Processing file /home/airflow/.local/lib/python3.8/site-packages/airflow/example_dags/tutorial.py for tasks to queue
[2024-03-21T01:13:51.938+0000] {logging_mixin.py:188} INFO - [2024-03-21T01:13:51.938+0000] {dagbag.py:540} INFO - Filling up the DagBag from /home/airflow/.local/lib/python3.8/site-packages/airflow/example_dags/tutorial.py
[2024-03-21T01:13:51.943+0000] {processor.py:840} INFO - DAG(s) 'tutorial' retrieved from /home/airflow/.local/lib/python3.8/site-packages/airflow/example_dags/tutorial.py
[2024-03-21T01:13:51.962+0000] {logging_mixin.py:188} INFO - [2024-03-21T01:13:51.962+0000] {dag.py:3047} INFO - Sync 1 DAGs
[2024-03-21T01:13:51.983+0000] {logging_mixin.py:188} INFO - [2024-03-21T01:13:51.983+0000] {dag.py:3834} INFO - Setting next_dagrun for tutorial to 2024-03-20 00:00:00+00:00, run_after=2024-03-21 00:00:00+00:00
[2024-03-21T01:13:52.005+0000] {processor.py:183} INFO - Processing /home/airflow/.local/lib/python3.8/site-packages/airflow/example_dags/tutorial.py took 0.073 seconds
[2024-03-21T01:14:22.473+0000] {processor.py:161} INFO - Started process (PID=174) to work on /home/airflow/.local/lib/python3.8/site-packages/airflow/example_dags/tutorial.py
[2024-03-21T01:14:22.474+0000] {processor.py:830} INFO - Processing file /home/airflow/.local/lib/python3.8/site-packages/airflow/example_dags/tutorial.py for tasks to queue
[2024-03-21T01:14:22.476+0000] {logging_mixin.py:188} INFO - [2024-03-21T01:14:22.476+0000] {dagbag.py:540} INFO - Filling up the DagBag from /home/airflow/.local/lib/python3.8/site-packages/airflow/example_dags/tutorial.py
[2024-03-21T01:14:22.482+0000] {processor.py:840} INFO - DAG(s) 'tutorial' retrieved from /home/airflow/.local/lib/python3.8/site-packages/airflow/example_dags/tutorial.py
[2024-03-21T01:14:22.503+0000] {logging_mixin.py:188} INFO - [2024-03-21T01:14:22.503+0000] {dag.py:3047} INFO - Sync 1 DAGs
[2024-03-21T01:14:22.528+0000] {logging_mixin.py:188} INFO - [2024-03-21T01:14:22.528+0000] {dag.py:3834} INFO - Setting next_dagrun for tutorial to 2024-03-20 00:00:00+00:00, run_after=2024-03-21 00:00:00+00:00
[2024-03-21T01:14:22.552+0000] {processor.py:183} INFO - Processing /home/airflow/.local/lib/python3.8/site-packages/airflow/example_dags/tutorial.py took 0.083 seconds
[2024-03-21T01:14:54.044+0000] {processor.py:161} INFO - Started process (PID=229) to work on /home/airflow/.local/lib/python3.8/site-packages/airflow/example_dags/tutorial.py
[2024-03-21T01:14:54.046+0000] {processor.py:830} INFO - Processing file /home/airflow/.local/lib/python3.8/site-packages/airflow/example_dags/tutorial.py for tasks to queue
[2024-03-21T01:14:54.050+0000] {logging_mixin.py:188} INFO - [2024-03-21T01:14:54.049+0000] {dagbag.py:540} INFO - Filling up the DagBag from /home/airflow/.local/lib/python3.8/site-packages/airflow/example_dags/tutorial.py
[2024-03-21T01:14:54.063+0000] {processor.py:840} INFO - DAG(s) 'tutorial' retrieved from /home/airflow/.local/lib/python3.8/site-packages/airflow/example_dags/tutorial.py
[2024-03-21T01:14:54.115+0000] {logging_mixin.py:188} INFO - [2024-03-21T01:14:54.114+0000] {dag.py:3047} INFO - Sync 1 DAGs
[2024-03-21T01:14:54.179+0000] {logging_mixin.py:188} INFO - [2024-03-21T01:14:54.178+0000] {dag.py:3834} INFO - Setting next_dagrun for tutorial to 2024-03-20 00:00:00+00:00, run_after=2024-03-21 00:00:00+00:00
[2024-03-21T01:14:54.249+0000] {processor.py:183} INFO - Processing /home/airflow/.local/lib/python3.8/site-packages/airflow/example_dags/tutorial.py took 0.212 seconds
[2024-03-21T01:15:28.486+0000] {processor.py:161} INFO - Started process (PID=290) to work on /home/airflow/.local/lib/python3.8/site-packages/airflow/example_dags/tutorial.py
[2024-03-21T01:15:28.488+0000] {processor.py:830} INFO - Processing file /home/airflow/.local/lib/python3.8/site-packages/airflow/example_dags/tutorial.py for tasks to queue
[2024-03-21T01:15:28.490+0000] {logging_mixin.py:188} INFO - [2024-03-21T01:15:28.490+0000] {dagbag.py:540} INFO - Filling up the DagBag from /home/airflow/.local/lib/python3.8/site-packages/airflow/example_dags/tutorial.py
[2024-03-21T01:15:28.499+0000] {processor.py:840} INFO - DAG(s) 'tutorial' retrieved from /home/airflow/.local/lib/python3.8/site-packages/airflow/example_dags/tutorial.py
[2024-03-21T01:15:28.537+0000] {logging_mixin.py:188} INFO - [2024-03-21T01:15:28.537+0000] {dag.py:3047} INFO - Sync 1 DAGs
[2024-03-21T01:15:28.578+0000] {logging_mixin.py:188} INFO - [2024-03-21T01:15:28.578+0000] {dag.py:3834} INFO - Setting next_dagrun for tutorial to 2024-03-20 00:00:00+00:00, run_after=2024-03-21 00:00:00+00:00
[2024-03-21T01:15:28.615+0000] {processor.py:183} INFO - Processing /home/airflow/.local/lib/python3.8/site-packages/airflow/example_dags/tutorial.py took 0.136 seconds
[2024-03-21T01:15:58.682+0000] {processor.py:161} INFO - Started process (PID=344) to work on /home/airflow/.local/lib/python3.8/site-packages/airflow/example_dags/tutorial.py
[2024-03-21T01:15:58.683+0000] {processor.py:830} INFO - Processing file /home/airflow/.local/lib/python3.8/site-packages/airflow/example_dags/tutorial.py for tasks to queue
[2024-03-21T01:15:58.685+0000] {logging_mixin.py:188} INFO - [2024-03-21T01:15:58.685+0000] {dagbag.py:540} INFO - Filling up the DagBag from /home/airflow/.local/lib/python3.8/site-packages/airflow/example_dags/tutorial.py
[2024-03-21T01:15:58.690+0000] {processor.py:840} INFO - DAG(s) 'tutorial' retrieved from /home/airflow/.local/lib/python3.8/site-packages/airflow/example_dags/tutorial.py
[2024-03-21T01:15:58.701+0000] {logging_mixin.py:188} INFO - [2024-03-21T01:15:58.701+0000] {dag.py:3047} INFO - Sync 1 DAGs
[2024-03-21T01:15:58.722+0000] {logging_mixin.py:188} INFO - [2024-03-21T01:15:58.722+0000] {dag.py:3834} INFO - Setting next_dagrun for tutorial to 2024-03-20 00:00:00+00:00, run_after=2024-03-21 00:00:00+00:00
[2024-03-21T01:15:58.743+0000] {processor.py:183} INFO - Processing /home/airflow/.local/lib/python3.8/site-packages/airflow/example_dags/tutorial.py took 0.065 seconds
[2024-03-21T01:16:29.871+0000] {processor.py:161} INFO - Started process (PID=399) to work on /home/airflow/.local/lib/python3.8/site-packages/airflow/example_dags/tutorial.py
[2024-03-21T01:16:29.873+0000] {processor.py:830} INFO - Processing file /home/airflow/.local/lib/python3.8/site-packages/airflow/example_dags/tutorial.py for tasks to queue
[2024-03-21T01:16:29.875+0000] {logging_mixin.py:188} INFO - [2024-03-21T01:16:29.875+0000] {dagbag.py:540} INFO - Filling up the DagBag from /home/airflow/.local/lib/python3.8/site-packages/airflow/example_dags/tutorial.py
[2024-03-21T01:16:29.883+0000] {processor.py:840} INFO - DAG(s) 'tutorial' retrieved from /home/airflow/.local/lib/python3.8/site-packages/airflow/example_dags/tutorial.py
[2024-03-21T01:16:30.020+0000] {logging_mixin.py:188} INFO - [2024-03-21T01:16:30.019+0000] {dag.py:3047} INFO - Sync 1 DAGs
[2024-03-21T01:16:30.051+0000] {logging_mixin.py:188} INFO - [2024-03-21T01:16:30.051+0000] {dag.py:3834} INFO - Setting next_dagrun for tutorial to 2024-03-20 00:00:00+00:00, run_after=2024-03-21 00:00:00+00:00
[2024-03-21T01:16:30.082+0000] {processor.py:183} INFO - Processing /home/airflow/.local/lib/python3.8/site-packages/airflow/example_dags/tutorial.py took 0.216 seconds
[2024-03-21T01:17:02.331+0000] {processor.py:161} INFO - Started process (PID=453) to work on /home/airflow/.local/lib/python3.8/site-packages/airflow/example_dags/tutorial.py
[2024-03-21T01:17:02.333+0000] {processor.py:830} INFO - Processing file /home/airflow/.local/lib/python3.8/site-packages/airflow/example_dags/tutorial.py for tasks to queue
[2024-03-21T01:17:02.336+0000] {logging_mixin.py:188} INFO - [2024-03-21T01:17:02.335+0000] {dagbag.py:540} INFO - Filling up the DagBag from /home/airflow/.local/lib/python3.8/site-packages/airflow/example_dags/tutorial.py
[2024-03-21T01:17:02.347+0000] {processor.py:840} INFO - DAG(s) 'tutorial' retrieved from /home/airflow/.local/lib/python3.8/site-packages/airflow/example_dags/tutorial.py
[2024-03-21T01:17:02.388+0000] {logging_mixin.py:188} INFO - [2024-03-21T01:17:02.387+0000] {dag.py:3047} INFO - Sync 1 DAGs
[2024-03-21T01:17:02.454+0000] {logging_mixin.py:188} INFO - [2024-03-21T01:17:02.453+0000] {dag.py:3834} INFO - Setting next_dagrun for tutorial to 2024-03-20 00:00:00+00:00, run_after=2024-03-21 00:00:00+00:00
[2024-03-21T01:17:02.519+0000] {processor.py:183} INFO - Processing /home/airflow/.local/lib/python3.8/site-packages/airflow/example_dags/tutorial.py took 0.194 seconds
[2024-03-21T01:17:32.957+0000] {processor.py:161} INFO - Started process (PID=508) to work on /home/airflow/.local/lib/python3.8/site-packages/airflow/example_dags/tutorial.py
[2024-03-21T01:17:32.959+0000] {processor.py:830} INFO - Processing file /home/airflow/.local/lib/python3.8/site-packages/airflow/example_dags/tutorial.py for tasks to queue
[2024-03-21T01:17:32.961+0000] {logging_mixin.py:188} INFO - [2024-03-21T01:17:32.960+0000] {dagbag.py:540} INFO - Filling up the DagBag from /home/airflow/.local/lib/python3.8/site-packages/airflow/example_dags/tutorial.py
[2024-03-21T01:17:32.966+0000] {processor.py:840} INFO - DAG(s) 'tutorial' retrieved from /home/airflow/.local/lib/python3.8/site-packages/airflow/example_dags/tutorial.py
[2024-03-21T01:17:32.986+0000] {logging_mixin.py:188} INFO - [2024-03-21T01:17:32.986+0000] {dag.py:3047} INFO - Sync 1 DAGs
[2024-03-21T01:17:33.009+0000] {logging_mixin.py:188} INFO - [2024-03-21T01:17:33.009+0000] {dag.py:3834} INFO - Setting next_dagrun for tutorial to 2024-03-20 00:00:00+00:00, run_after=2024-03-21 00:00:00+00:00
[2024-03-21T01:17:33.033+0000] {processor.py:183} INFO - Processing /home/airflow/.local/lib/python3.8/site-packages/airflow/example_dags/tutorial.py took 0.079 seconds
[2024-03-21T01:18:03.907+0000] {processor.py:161} INFO - Started process (PID=563) to work on /home/airflow/.local/lib/python3.8/site-packages/airflow/example_dags/tutorial.py
[2024-03-21T01:18:03.909+0000] {processor.py:830} INFO - Processing file /home/airflow/.local/lib/python3.8/site-packages/airflow/example_dags/tutorial.py for tasks to queue
[2024-03-21T01:18:03.912+0000] {logging_mixin.py:188} INFO - [2024-03-21T01:18:03.911+0000] {dagbag.py:540} INFO - Filling up the DagBag from /home/airflow/.local/lib/python3.8/site-packages/airflow/example_dags/tutorial.py
[2024-03-21T01:18:03.921+0000] {processor.py:840} INFO - DAG(s) 'tutorial' retrieved from /home/airflow/.local/lib/python3.8/site-packages/airflow/example_dags/tutorial.py
[2024-03-21T01:18:03.951+0000] {logging_mixin.py:188} INFO - [2024-03-21T01:18:03.950+0000] {dag.py:3047} INFO - Sync 1 DAGs
[2024-03-21T01:18:03.983+0000] {logging_mixin.py:188} INFO - [2024-03-21T01:18:03.983+0000] {dag.py:3834} INFO - Setting next_dagrun for tutorial to 2024-03-20 00:00:00+00:00, run_after=2024-03-21 00:00:00+00:00
[2024-03-21T01:18:04.069+0000] {processor.py:183} INFO - Processing /home/airflow/.local/lib/python3.8/site-packages/airflow/example_dags/tutorial.py took 0.167 seconds
[2024-03-21T01:18:34.542+0000] {processor.py:161} INFO - Started process (PID=618) to work on /home/airflow/.local/lib/python3.8/site-packages/airflow/example_dags/tutorial.py
[2024-03-21T01:18:34.544+0000] {processor.py:830} INFO - Processing file /home/airflow/.local/lib/python3.8/site-packages/airflow/example_dags/tutorial.py for tasks to queue
[2024-03-21T01:18:34.546+0000] {logging_mixin.py:188} INFO - [2024-03-21T01:18:34.545+0000] {dagbag.py:540} INFO - Filling up the DagBag from /home/airflow/.local/lib/python3.8/site-packages/airflow/example_dags/tutorial.py
[2024-03-21T01:18:34.552+0000] {processor.py:840} INFO - DAG(s) 'tutorial' retrieved from /home/airflow/.local/lib/python3.8/site-packages/airflow/example_dags/tutorial.py
[2024-03-21T01:18:34.577+0000] {logging_mixin.py:188} INFO - [2024-03-21T01:18:34.576+0000] {dag.py:3047} INFO - Sync 1 DAGs
[2024-03-21T01:18:34.604+0000] {logging_mixin.py:188} INFO - [2024-03-21T01:18:34.604+0000] {dag.py:3834} INFO - Setting next_dagrun for tutorial to 2024-03-20 00:00:00+00:00, run_after=2024-03-21 00:00:00+00:00
[2024-03-21T01:18:34.630+0000] {processor.py:183} INFO - Processing /home/airflow/.local/lib/python3.8/site-packages/airflow/example_dags/tutorial.py took 0.093 seconds
[2024-03-21T01:19:05.700+0000] {processor.py:161} INFO - Started process (PID=673) to work on /home/airflow/.local/lib/python3.8/site-packages/airflow/example_dags/tutorial.py
[2024-03-21T01:19:05.706+0000] {processor.py:830} INFO - Processing file /home/airflow/.local/lib/python3.8/site-packages/airflow/example_dags/tutorial.py for tasks to queue
[2024-03-21T01:19:05.718+0000] {logging_mixin.py:188} INFO - [2024-03-21T01:19:05.712+0000] {dagbag.py:540} INFO - Filling up the DagBag from /home/airflow/.local/lib/python3.8/site-packages/airflow/example_dags/tutorial.py
[2024-03-21T01:19:05.737+0000] {processor.py:840} INFO - DAG(s) 'tutorial' retrieved from /home/airflow/.local/lib/python3.8/site-packages/airflow/example_dags/tutorial.py
[2024-03-21T01:19:05.863+0000] {logging_mixin.py:188} INFO - [2024-03-21T01:19:05.861+0000] {dag.py:3047} INFO - Sync 1 DAGs
[2024-03-21T01:19:05.994+0000] {logging_mixin.py:188} INFO - [2024-03-21T01:19:05.994+0000] {dag.py:3834} INFO - Setting next_dagrun for tutorial to 2024-03-20 00:00:00+00:00, run_after=2024-03-21 00:00:00+00:00
[2024-03-21T01:19:06.081+0000] {processor.py:183} INFO - Processing /home/airflow/.local/lib/python3.8/site-packages/airflow/example_dags/tutorial.py took 0.393 seconds
[2024-03-21T01:19:36.779+0000] {processor.py:161} INFO - Started process (PID=729) to work on /home/airflow/.local/lib/python3.8/site-packages/airflow/example_dags/tutorial.py
[2024-03-21T01:19:36.782+0000] {processor.py:830} INFO - Processing file /home/airflow/.local/lib/python3.8/site-packages/airflow/example_dags/tutorial.py for tasks to queue
[2024-03-21T01:19:36.786+0000] {logging_mixin.py:188} INFO - [2024-03-21T01:19:36.786+0000] {dagbag.py:540} INFO - Filling up the DagBag from /home/airflow/.local/lib/python3.8/site-packages/airflow/example_dags/tutorial.py
[2024-03-21T01:19:36.797+0000] {processor.py:840} INFO - DAG(s) 'tutorial' retrieved from /home/airflow/.local/lib/python3.8/site-packages/airflow/example_dags/tutorial.py
[2024-03-21T01:19:36.837+0000] {logging_mixin.py:188} INFO - [2024-03-21T01:19:36.836+0000] {dag.py:3047} INFO - Sync 1 DAGs
[2024-03-21T01:19:36.889+0000] {logging_mixin.py:188} INFO - [2024-03-21T01:19:36.889+0000] {dag.py:3834} INFO - Setting next_dagrun for tutorial to 2024-03-20 00:00:00+00:00, run_after=2024-03-21 00:00:00+00:00
[2024-03-21T01:19:36.929+0000] {processor.py:183} INFO - Processing /home/airflow/.local/lib/python3.8/site-packages/airflow/example_dags/tutorial.py took 0.159 seconds
[2024-03-21T01:20:07.461+0000] {processor.py:161} INFO - Started process (PID=784) to work on /home/airflow/.local/lib/python3.8/site-packages/airflow/example_dags/tutorial.py
[2024-03-21T01:20:07.465+0000] {processor.py:830} INFO - Processing file /home/airflow/.local/lib/python3.8/site-packages/airflow/example_dags/tutorial.py for tasks to queue
[2024-03-21T01:20:07.469+0000] {logging_mixin.py:188} INFO - [2024-03-21T01:20:07.468+0000] {dagbag.py:540} INFO - Filling up the DagBag from /home/airflow/.local/lib/python3.8/site-packages/airflow/example_dags/tutorial.py
[2024-03-21T01:20:07.479+0000] {processor.py:840} INFO - DAG(s) 'tutorial' retrieved from /home/airflow/.local/lib/python3.8/site-packages/airflow/example_dags/tutorial.py
[2024-03-21T01:20:07.536+0000] {logging_mixin.py:188} INFO - [2024-03-21T01:20:07.535+0000] {dag.py:3047} INFO - Sync 1 DAGs
[2024-03-21T01:20:07.597+0000] {logging_mixin.py:188} INFO - [2024-03-21T01:20:07.596+0000] {dag.py:3834} INFO - Setting next_dagrun for tutorial to 2024-03-20 00:00:00+00:00, run_after=2024-03-21 00:00:00+00:00
[2024-03-21T01:20:07.651+0000] {processor.py:183} INFO - Processing /home/airflow/.local/lib/python3.8/site-packages/airflow/example_dags/tutorial.py took 0.198 seconds
[2024-03-21T01:20:37.883+0000] {processor.py:161} INFO - Started process (PID=839) to work on /home/airflow/.local/lib/python3.8/site-packages/airflow/example_dags/tutorial.py
[2024-03-21T01:20:37.885+0000] {processor.py:830} INFO - Processing file /home/airflow/.local/lib/python3.8/site-packages/airflow/example_dags/tutorial.py for tasks to queue
[2024-03-21T01:20:37.887+0000] {logging_mixin.py:188} INFO - [2024-03-21T01:20:37.887+0000] {dagbag.py:540} INFO - Filling up the DagBag from /home/airflow/.local/lib/python3.8/site-packages/airflow/example_dags/tutorial.py
[2024-03-21T01:20:37.896+0000] {processor.py:840} INFO - DAG(s) 'tutorial' retrieved from /home/airflow/.local/lib/python3.8/site-packages/airflow/example_dags/tutorial.py
[2024-03-21T01:20:37.936+0000] {logging_mixin.py:188} INFO - [2024-03-21T01:20:37.936+0000] {dag.py:3047} INFO - Sync 1 DAGs
[2024-03-21T01:20:37.966+0000] {logging_mixin.py:188} INFO - [2024-03-21T01:20:37.965+0000] {dag.py:3834} INFO - Setting next_dagrun for tutorial to 2024-03-20 00:00:00+00:00, run_after=2024-03-21 00:00:00+00:00
[2024-03-21T01:20:37.997+0000] {processor.py:183} INFO - Processing /home/airflow/.local/lib/python3.8/site-packages/airflow/example_dags/tutorial.py took 0.118 seconds
[2024-03-21T01:21:08.780+0000] {processor.py:161} INFO - Started process (PID=893) to work on /home/airflow/.local/lib/python3.8/site-packages/airflow/example_dags/tutorial.py
[2024-03-21T01:21:08.782+0000] {processor.py:830} INFO - Processing file /home/airflow/.local/lib/python3.8/site-packages/airflow/example_dags/tutorial.py for tasks to queue
[2024-03-21T01:21:08.784+0000] {logging_mixin.py:188} INFO - [2024-03-21T01:21:08.783+0000] {dagbag.py:540} INFO - Filling up the DagBag from /home/airflow/.local/lib/python3.8/site-packages/airflow/example_dags/tutorial.py
[2024-03-21T01:21:08.790+0000] {processor.py:840} INFO - DAG(s) 'tutorial' retrieved from /home/airflow/.local/lib/python3.8/site-packages/airflow/example_dags/tutorial.py
[2024-03-21T01:21:08.822+0000] {logging_mixin.py:188} INFO - [2024-03-21T01:21:08.821+0000] {dag.py:3047} INFO - Sync 1 DAGs
[2024-03-21T01:21:08.866+0000] {logging_mixin.py:188} INFO - [2024-03-21T01:21:08.866+0000] {dag.py:3834} INFO - Setting next_dagrun for tutorial to 2024-03-20 00:00:00+00:00, run_after=2024-03-21 00:00:00+00:00
[2024-03-21T01:21:08.898+0000] {processor.py:183} INFO - Processing /home/airflow/.local/lib/python3.8/site-packages/airflow/example_dags/tutorial.py took 0.125 seconds
[2024-03-21T01:21:39.794+0000] {processor.py:161} INFO - Started process (PID=948) to work on /home/airflow/.local/lib/python3.8/site-packages/airflow/example_dags/tutorial.py
[2024-03-21T01:21:39.796+0000] {processor.py:830} INFO - Processing file /home/airflow/.local/lib/python3.8/site-packages/airflow/example_dags/tutorial.py for tasks to queue
[2024-03-21T01:21:39.799+0000] {logging_mixin.py:188} INFO - [2024-03-21T01:21:39.799+0000] {dagbag.py:540} INFO - Filling up the DagBag from /home/airflow/.local/lib/python3.8/site-packages/airflow/example_dags/tutorial.py
[2024-03-21T01:21:39.812+0000] {processor.py:840} INFO - DAG(s) 'tutorial' retrieved from /home/airflow/.local/lib/python3.8/site-packages/airflow/example_dags/tutorial.py
[2024-03-21T01:21:39.877+0000] {logging_mixin.py:188} INFO - [2024-03-21T01:21:39.877+0000] {dag.py:3047} INFO - Sync 1 DAGs
[2024-03-21T01:21:39.944+0000] {logging_mixin.py:188} INFO - [2024-03-21T01:21:39.944+0000] {dag.py:3834} INFO - Setting next_dagrun for tutorial to 2024-03-20 00:00:00+00:00, run_after=2024-03-21 00:00:00+00:00
[2024-03-21T01:21:40.003+0000] {processor.py:183} INFO - Processing /home/airflow/.local/lib/python3.8/site-packages/airflow/example_dags/tutorial.py took 0.214 seconds
[2024-03-21T01:22:10.129+0000] {processor.py:161} INFO - Started process (PID=1004) to work on /home/airflow/.local/lib/python3.8/site-packages/airflow/example_dags/tutorial.py
[2024-03-21T01:22:10.130+0000] {processor.py:830} INFO - Processing file /home/airflow/.local/lib/python3.8/site-packages/airflow/example_dags/tutorial.py for tasks to queue
[2024-03-21T01:22:10.132+0000] {logging_mixin.py:188} INFO - [2024-03-21T01:22:10.132+0000] {dagbag.py:540} INFO - Filling up the DagBag from /home/airflow/.local/lib/python3.8/site-packages/airflow/example_dags/tutorial.py
[2024-03-21T01:22:10.138+0000] {processor.py:840} INFO - DAG(s) 'tutorial' retrieved from /home/airflow/.local/lib/python3.8/site-packages/airflow/example_dags/tutorial.py
[2024-03-21T01:22:10.160+0000] {logging_mixin.py:188} INFO - [2024-03-21T01:22:10.159+0000] {dag.py:3047} INFO - Sync 1 DAGs
[2024-03-21T01:22:10.181+0000] {logging_mixin.py:188} INFO - [2024-03-21T01:22:10.181+0000] {dag.py:3834} INFO - Setting next_dagrun for tutorial to 2024-03-20 00:00:00+00:00, run_after=2024-03-21 00:00:00+00:00
[2024-03-21T01:22:10.205+0000] {processor.py:183} INFO - Processing /home/airflow/.local/lib/python3.8/site-packages/airflow/example_dags/tutorial.py took 0.081 seconds
[2024-03-21T01:22:40.896+0000] {processor.py:161} INFO - Started process (PID=1059) to work on /home/airflow/.local/lib/python3.8/site-packages/airflow/example_dags/tutorial.py
[2024-03-21T01:22:40.898+0000] {processor.py:830} INFO - Processing file /home/airflow/.local/lib/python3.8/site-packages/airflow/example_dags/tutorial.py for tasks to queue
[2024-03-21T01:22:40.900+0000] {logging_mixin.py:188} INFO - [2024-03-21T01:22:40.900+0000] {dagbag.py:540} INFO - Filling up the DagBag from /home/airflow/.local/lib/python3.8/site-packages/airflow/example_dags/tutorial.py
[2024-03-21T01:22:40.908+0000] {processor.py:840} INFO - DAG(s) 'tutorial' retrieved from /home/airflow/.local/lib/python3.8/site-packages/airflow/example_dags/tutorial.py
[2024-03-21T01:22:40.937+0000] {logging_mixin.py:188} INFO - [2024-03-21T01:22:40.937+0000] {dag.py:3047} INFO - Sync 1 DAGs
[2024-03-21T01:22:40.971+0000] {logging_mixin.py:188} INFO - [2024-03-21T01:22:40.970+0000] {dag.py:3834} INFO - Setting next_dagrun for tutorial to 2024-03-20 00:00:00+00:00, run_after=2024-03-21 00:00:00+00:00
[2024-03-21T01:22:40.998+0000] {processor.py:183} INFO - Processing /home/airflow/.local/lib/python3.8/site-packages/airflow/example_dags/tutorial.py took 0.108 seconds
[2024-03-21T01:23:11.108+0000] {processor.py:161} INFO - Started process (PID=1114) to work on /home/airflow/.local/lib/python3.8/site-packages/airflow/example_dags/tutorial.py
[2024-03-21T01:23:11.110+0000] {processor.py:830} INFO - Processing file /home/airflow/.local/lib/python3.8/site-packages/airflow/example_dags/tutorial.py for tasks to queue
[2024-03-21T01:23:11.112+0000] {logging_mixin.py:188} INFO - [2024-03-21T01:23:11.111+0000] {dagbag.py:540} INFO - Filling up the DagBag from /home/airflow/.local/lib/python3.8/site-packages/airflow/example_dags/tutorial.py
[2024-03-21T01:23:11.118+0000] {processor.py:840} INFO - DAG(s) 'tutorial' retrieved from /home/airflow/.local/lib/python3.8/site-packages/airflow/example_dags/tutorial.py
[2024-03-21T01:23:11.144+0000] {logging_mixin.py:188} INFO - [2024-03-21T01:23:11.143+0000] {dag.py:3047} INFO - Sync 1 DAGs
[2024-03-21T01:23:11.177+0000] {logging_mixin.py:188} INFO - [2024-03-21T01:23:11.177+0000] {dag.py:3834} INFO - Setting next_dagrun for tutorial to 2024-03-20 00:00:00+00:00, run_after=2024-03-21 00:00:00+00:00
[2024-03-21T01:23:11.203+0000] {processor.py:183} INFO - Processing /home/airflow/.local/lib/python3.8/site-packages/airflow/example_dags/tutorial.py took 0.099 seconds
[2024-03-21T01:23:42.078+0000] {processor.py:161} INFO - Started process (PID=1168) to work on /home/airflow/.local/lib/python3.8/site-packages/airflow/example_dags/tutorial.py
[2024-03-21T01:23:42.080+0000] {processor.py:830} INFO - Processing file /home/airflow/.local/lib/python3.8/site-packages/airflow/example_dags/tutorial.py for tasks to queue
[2024-03-21T01:23:42.082+0000] {logging_mixin.py:188} INFO - [2024-03-21T01:23:42.082+0000] {dagbag.py:540} INFO - Filling up the DagBag from /home/airflow/.local/lib/python3.8/site-packages/airflow/example_dags/tutorial.py
[2024-03-21T01:23:42.090+0000] {processor.py:840} INFO - DAG(s) 'tutorial' retrieved from /home/airflow/.local/lib/python3.8/site-packages/airflow/example_dags/tutorial.py
[2024-03-21T01:23:42.171+0000] {logging_mixin.py:188} INFO - [2024-03-21T01:23:42.171+0000] {dag.py:3047} INFO - Sync 1 DAGs
[2024-03-21T01:23:42.210+0000] {logging_mixin.py:188} INFO - [2024-03-21T01:23:42.210+0000] {dag.py:3834} INFO - Setting next_dagrun for tutorial to 2024-03-20 00:00:00+00:00, run_after=2024-03-21 00:00:00+00:00
[2024-03-21T01:23:42.242+0000] {processor.py:183} INFO - Processing /home/airflow/.local/lib/python3.8/site-packages/airflow/example_dags/tutorial.py took 0.168 seconds
[2024-03-21T01:24:12.552+0000] {processor.py:161} INFO - Started process (PID=1223) to work on /home/airflow/.local/lib/python3.8/site-packages/airflow/example_dags/tutorial.py
[2024-03-21T01:24:12.553+0000] {processor.py:830} INFO - Processing file /home/airflow/.local/lib/python3.8/site-packages/airflow/example_dags/tutorial.py for tasks to queue
[2024-03-21T01:24:12.555+0000] {logging_mixin.py:188} INFO - [2024-03-21T01:24:12.555+0000] {dagbag.py:540} INFO - Filling up the DagBag from /home/airflow/.local/lib/python3.8/site-packages/airflow/example_dags/tutorial.py
[2024-03-21T01:24:12.562+0000] {processor.py:840} INFO - DAG(s) 'tutorial' retrieved from /home/airflow/.local/lib/python3.8/site-packages/airflow/example_dags/tutorial.py
[2024-03-21T01:24:12.591+0000] {logging_mixin.py:188} INFO - [2024-03-21T01:24:12.590+0000] {dag.py:3047} INFO - Sync 1 DAGs
[2024-03-21T01:24:12.649+0000] {logging_mixin.py:188} INFO - [2024-03-21T01:24:12.649+0000] {dag.py:3834} INFO - Setting next_dagrun for tutorial to 2024-03-20 00:00:00+00:00, run_after=2024-03-21 00:00:00+00:00
[2024-03-21T01:24:12.683+0000] {processor.py:183} INFO - Processing /home/airflow/.local/lib/python3.8/site-packages/airflow/example_dags/tutorial.py took 0.135 seconds
[2024-03-21T01:24:42.777+0000] {processor.py:161} INFO - Started process (PID=1278) to work on /home/airflow/.local/lib/python3.8/site-packages/airflow/example_dags/tutorial.py
[2024-03-21T01:24:42.778+0000] {processor.py:830} INFO - Processing file /home/airflow/.local/lib/python3.8/site-packages/airflow/example_dags/tutorial.py for tasks to queue
[2024-03-21T01:24:42.780+0000] {logging_mixin.py:188} INFO - [2024-03-21T01:24:42.780+0000] {dagbag.py:540} INFO - Filling up the DagBag from /home/airflow/.local/lib/python3.8/site-packages/airflow/example_dags/tutorial.py
[2024-03-21T01:24:42.787+0000] {processor.py:840} INFO - DAG(s) 'tutorial' retrieved from /home/airflow/.local/lib/python3.8/site-packages/airflow/example_dags/tutorial.py
[2024-03-21T01:24:42.809+0000] {logging_mixin.py:188} INFO - [2024-03-21T01:24:42.809+0000] {dag.py:3047} INFO - Sync 1 DAGs
[2024-03-21T01:24:42.835+0000] {logging_mixin.py:188} INFO - [2024-03-21T01:24:42.835+0000] {dag.py:3834} INFO - Setting next_dagrun for tutorial to 2024-03-20 00:00:00+00:00, run_after=2024-03-21 00:00:00+00:00
[2024-03-21T01:24:42.859+0000] {processor.py:183} INFO - Processing /home/airflow/.local/lib/python3.8/site-packages/airflow/example_dags/tutorial.py took 0.086 seconds
[2024-03-21T01:25:13.792+0000] {processor.py:161} INFO - Started process (PID=1333) to work on /home/airflow/.local/lib/python3.8/site-packages/airflow/example_dags/tutorial.py
[2024-03-21T01:25:13.794+0000] {processor.py:830} INFO - Processing file /home/airflow/.local/lib/python3.8/site-packages/airflow/example_dags/tutorial.py for tasks to queue
[2024-03-21T01:25:13.799+0000] {logging_mixin.py:188} INFO - [2024-03-21T01:25:13.798+0000] {dagbag.py:540} INFO - Filling up the DagBag from /home/airflow/.local/lib/python3.8/site-packages/airflow/example_dags/tutorial.py
[2024-03-21T01:25:13.809+0000] {processor.py:840} INFO - DAG(s) 'tutorial' retrieved from /home/airflow/.local/lib/python3.8/site-packages/airflow/example_dags/tutorial.py
[2024-03-21T01:25:13.838+0000] {logging_mixin.py:188} INFO - [2024-03-21T01:25:13.837+0000] {dag.py:3047} INFO - Sync 1 DAGs
[2024-03-21T01:25:13.867+0000] {logging_mixin.py:188} INFO - [2024-03-21T01:25:13.867+0000] {dag.py:3834} INFO - Setting next_dagrun for tutorial to 2024-03-20 00:00:00+00:00, run_after=2024-03-21 00:00:00+00:00
[2024-03-21T01:25:13.897+0000] {processor.py:183} INFO - Processing /home/airflow/.local/lib/python3.8/site-packages/airflow/example_dags/tutorial.py took 0.110 seconds
[2024-03-21T01:25:44.406+0000] {processor.py:161} INFO - Started process (PID=1388) to work on /home/airflow/.local/lib/python3.8/site-packages/airflow/example_dags/tutorial.py
[2024-03-21T01:25:44.408+0000] {processor.py:830} INFO - Processing file /home/airflow/.local/lib/python3.8/site-packages/airflow/example_dags/tutorial.py for tasks to queue
[2024-03-21T01:25:44.410+0000] {logging_mixin.py:188} INFO - [2024-03-21T01:25:44.410+0000] {dagbag.py:540} INFO - Filling up the DagBag from /home/airflow/.local/lib/python3.8/site-packages/airflow/example_dags/tutorial.py
[2024-03-21T01:25:44.416+0000] {processor.py:840} INFO - DAG(s) 'tutorial' retrieved from /home/airflow/.local/lib/python3.8/site-packages/airflow/example_dags/tutorial.py
[2024-03-21T01:25:44.442+0000] {logging_mixin.py:188} INFO - [2024-03-21T01:25:44.442+0000] {dag.py:3047} INFO - Sync 1 DAGs
[2024-03-21T01:25:44.474+0000] {logging_mixin.py:188} INFO - [2024-03-21T01:25:44.474+0000] {dag.py:3834} INFO - Setting next_dagrun for tutorial to 2024-03-20 00:00:00+00:00, run_after=2024-03-21 00:00:00+00:00
[2024-03-21T01:25:44.501+0000] {processor.py:183} INFO - Processing /home/airflow/.local/lib/python3.8/site-packages/airflow/example_dags/tutorial.py took 0.099 seconds
[2024-03-21T01:26:15.276+0000] {processor.py:161} INFO - Started process (PID=1443) to work on /home/airflow/.local/lib/python3.8/site-packages/airflow/example_dags/tutorial.py
[2024-03-21T01:26:15.278+0000] {processor.py:830} INFO - Processing file /home/airflow/.local/lib/python3.8/site-packages/airflow/example_dags/tutorial.py for tasks to queue
[2024-03-21T01:26:15.280+0000] {logging_mixin.py:188} INFO - [2024-03-21T01:26:15.280+0000] {dagbag.py:540} INFO - Filling up the DagBag from /home/airflow/.local/lib/python3.8/site-packages/airflow/example_dags/tutorial.py
[2024-03-21T01:26:15.288+0000] {processor.py:840} INFO - DAG(s) 'tutorial' retrieved from /home/airflow/.local/lib/python3.8/site-packages/airflow/example_dags/tutorial.py
[2024-03-21T01:26:15.317+0000] {logging_mixin.py:188} INFO - [2024-03-21T01:26:15.317+0000] {dag.py:3047} INFO - Sync 1 DAGs
[2024-03-21T01:26:15.340+0000] {logging_mixin.py:188} INFO - [2024-03-21T01:26:15.340+0000] {dag.py:3834} INFO - Setting next_dagrun for tutorial to 2024-03-20 00:00:00+00:00, run_after=2024-03-21 00:00:00+00:00
[2024-03-21T01:26:15.363+0000] {processor.py:183} INFO - Processing /home/airflow/.local/lib/python3.8/site-packages/airflow/example_dags/tutorial.py took 0.094 seconds
[2024-03-21T01:26:45.546+0000] {processor.py:161} INFO - Started process (PID=1498) to work on /home/airflow/.local/lib/python3.8/site-packages/airflow/example_dags/tutorial.py
[2024-03-21T01:26:45.548+0000] {processor.py:830} INFO - Processing file /home/airflow/.local/lib/python3.8/site-packages/airflow/example_dags/tutorial.py for tasks to queue
[2024-03-21T01:26:45.550+0000] {logging_mixin.py:188} INFO - [2024-03-21T01:26:45.550+0000] {dagbag.py:540} INFO - Filling up the DagBag from /home/airflow/.local/lib/python3.8/site-packages/airflow/example_dags/tutorial.py
[2024-03-21T01:26:45.557+0000] {processor.py:840} INFO - DAG(s) 'tutorial' retrieved from /home/airflow/.local/lib/python3.8/site-packages/airflow/example_dags/tutorial.py
[2024-03-21T01:26:45.581+0000] {logging_mixin.py:188} INFO - [2024-03-21T01:26:45.581+0000] {dag.py:3047} INFO - Sync 1 DAGs
[2024-03-21T01:26:45.615+0000] {logging_mixin.py:188} INFO - [2024-03-21T01:26:45.615+0000] {dag.py:3834} INFO - Setting next_dagrun for tutorial to 2024-03-20 00:00:00+00:00, run_after=2024-03-21 00:00:00+00:00
[2024-03-21T01:26:45.652+0000] {processor.py:183} INFO - Processing /home/airflow/.local/lib/python3.8/site-packages/airflow/example_dags/tutorial.py took 0.110 seconds
[2024-03-21T01:27:16.252+0000] {processor.py:161} INFO - Started process (PID=1553) to work on /home/airflow/.local/lib/python3.8/site-packages/airflow/example_dags/tutorial.py
[2024-03-21T01:27:16.254+0000] {processor.py:830} INFO - Processing file /home/airflow/.local/lib/python3.8/site-packages/airflow/example_dags/tutorial.py for tasks to queue
[2024-03-21T01:27:16.258+0000] {logging_mixin.py:188} INFO - [2024-03-21T01:27:16.256+0000] {dagbag.py:540} INFO - Filling up the DagBag from /home/airflow/.local/lib/python3.8/site-packages/airflow/example_dags/tutorial.py
[2024-03-21T01:27:16.268+0000] {processor.py:840} INFO - DAG(s) 'tutorial' retrieved from /home/airflow/.local/lib/python3.8/site-packages/airflow/example_dags/tutorial.py
[2024-03-21T01:27:16.298+0000] {logging_mixin.py:188} INFO - [2024-03-21T01:27:16.298+0000] {dag.py:3047} INFO - Sync 1 DAGs
[2024-03-21T01:27:16.333+0000] {logging_mixin.py:188} INFO - [2024-03-21T01:27:16.333+0000] {dag.py:3834} INFO - Setting next_dagrun for tutorial to 2024-03-20 00:00:00+00:00, run_after=2024-03-21 00:00:00+00:00
[2024-03-21T01:27:16.362+0000] {processor.py:183} INFO - Processing /home/airflow/.local/lib/python3.8/site-packages/airflow/example_dags/tutorial.py took 0.117 seconds
[2024-03-21T01:27:46.603+0000] {processor.py:161} INFO - Started process (PID=1608) to work on /home/airflow/.local/lib/python3.8/site-packages/airflow/example_dags/tutorial.py
[2024-03-21T01:27:46.604+0000] {processor.py:830} INFO - Processing file /home/airflow/.local/lib/python3.8/site-packages/airflow/example_dags/tutorial.py for tasks to queue
[2024-03-21T01:27:46.607+0000] {logging_mixin.py:188} INFO - [2024-03-21T01:27:46.606+0000] {dagbag.py:540} INFO - Filling up the DagBag from /home/airflow/.local/lib/python3.8/site-packages/airflow/example_dags/tutorial.py
[2024-03-21T01:27:46.614+0000] {processor.py:840} INFO - DAG(s) 'tutorial' retrieved from /home/airflow/.local/lib/python3.8/site-packages/airflow/example_dags/tutorial.py
[2024-03-21T01:27:46.655+0000] {logging_mixin.py:188} INFO - [2024-03-21T01:27:46.655+0000] {dag.py:3047} INFO - Sync 1 DAGs
[2024-03-21T01:27:46.689+0000] {logging_mixin.py:188} INFO - [2024-03-21T01:27:46.689+0000] {dag.py:3834} INFO - Setting next_dagrun for tutorial to 2024-03-20 00:00:00+00:00, run_after=2024-03-21 00:00:00+00:00
[2024-03-21T01:27:46.718+0000] {processor.py:183} INFO - Processing /home/airflow/.local/lib/python3.8/site-packages/airflow/example_dags/tutorial.py took 0.122 seconds
[2024-03-21T01:28:17.117+0000] {processor.py:161} INFO - Started process (PID=1663) to work on /home/airflow/.local/lib/python3.8/site-packages/airflow/example_dags/tutorial.py
[2024-03-21T01:28:17.118+0000] {processor.py:830} INFO - Processing file /home/airflow/.local/lib/python3.8/site-packages/airflow/example_dags/tutorial.py for tasks to queue
[2024-03-21T01:28:17.121+0000] {logging_mixin.py:188} INFO - [2024-03-21T01:28:17.121+0000] {dagbag.py:540} INFO - Filling up the DagBag from /home/airflow/.local/lib/python3.8/site-packages/airflow/example_dags/tutorial.py
[2024-03-21T01:28:17.130+0000] {processor.py:840} INFO - DAG(s) 'tutorial' retrieved from /home/airflow/.local/lib/python3.8/site-packages/airflow/example_dags/tutorial.py
[2024-03-21T01:28:17.164+0000] {logging_mixin.py:188} INFO - [2024-03-21T01:28:17.163+0000] {dag.py:3047} INFO - Sync 1 DAGs
[2024-03-21T01:28:17.201+0000] {logging_mixin.py:188} INFO - [2024-03-21T01:28:17.200+0000] {dag.py:3834} INFO - Setting next_dagrun for tutorial to 2024-03-20 00:00:00+00:00, run_after=2024-03-21 00:00:00+00:00
[2024-03-21T01:28:17.236+0000] {processor.py:183} INFO - Processing /home/airflow/.local/lib/python3.8/site-packages/airflow/example_dags/tutorial.py took 0.124 seconds
[2024-03-21T01:28:48.572+0000] {processor.py:161} INFO - Started process (PID=1718) to work on /home/airflow/.local/lib/python3.8/site-packages/airflow/example_dags/tutorial.py
[2024-03-21T01:28:48.574+0000] {processor.py:830} INFO - Processing file /home/airflow/.local/lib/python3.8/site-packages/airflow/example_dags/tutorial.py for tasks to queue
[2024-03-21T01:28:48.601+0000] {logging_mixin.py:188} INFO - [2024-03-21T01:28:48.589+0000] {dagbag.py:540} INFO - Filling up the DagBag from /home/airflow/.local/lib/python3.8/site-packages/airflow/example_dags/tutorial.py
[2024-03-21T01:28:48.638+0000] {processor.py:840} INFO - DAG(s) 'tutorial' retrieved from /home/airflow/.local/lib/python3.8/site-packages/airflow/example_dags/tutorial.py
[2024-03-21T01:28:48.756+0000] {logging_mixin.py:188} INFO - [2024-03-21T01:28:48.755+0000] {dag.py:3047} INFO - Sync 1 DAGs
[2024-03-21T01:28:49.096+0000] {logging_mixin.py:188} INFO - [2024-03-21T01:28:49.096+0000] {dag.py:3834} INFO - Setting next_dagrun for tutorial to 2024-03-20 00:00:00+00:00, run_after=2024-03-21 00:00:00+00:00
[2024-03-21T01:28:49.235+0000] {processor.py:183} INFO - Processing /home/airflow/.local/lib/python3.8/site-packages/airflow/example_dags/tutorial.py took 0.673 seconds
[2024-03-21T01:29:19.551+0000] {processor.py:161} INFO - Started process (PID=1774) to work on /home/airflow/.local/lib/python3.8/site-packages/airflow/example_dags/tutorial.py
[2024-03-21T01:29:19.552+0000] {processor.py:830} INFO - Processing file /home/airflow/.local/lib/python3.8/site-packages/airflow/example_dags/tutorial.py for tasks to queue
[2024-03-21T01:29:19.553+0000] {logging_mixin.py:188} INFO - [2024-03-21T01:29:19.553+0000] {dagbag.py:540} INFO - Filling up the DagBag from /home/airflow/.local/lib/python3.8/site-packages/airflow/example_dags/tutorial.py
[2024-03-21T01:29:19.559+0000] {processor.py:840} INFO - DAG(s) 'tutorial' retrieved from /home/airflow/.local/lib/python3.8/site-packages/airflow/example_dags/tutorial.py
[2024-03-21T01:29:19.585+0000] {logging_mixin.py:188} INFO - [2024-03-21T01:29:19.585+0000] {dag.py:3047} INFO - Sync 1 DAGs
[2024-03-21T01:29:19.609+0000] {logging_mixin.py:188} INFO - [2024-03-21T01:29:19.609+0000] {dag.py:3834} INFO - Setting next_dagrun for tutorial to 2024-03-20 00:00:00+00:00, run_after=2024-03-21 00:00:00+00:00
[2024-03-21T01:29:19.640+0000] {processor.py:183} INFO - Processing /home/airflow/.local/lib/python3.8/site-packages/airflow/example_dags/tutorial.py took 0.093 seconds
[2024-03-21T01:29:50.413+0000] {processor.py:161} INFO - Started process (PID=1829) to work on /home/airflow/.local/lib/python3.8/site-packages/airflow/example_dags/tutorial.py
[2024-03-21T01:29:50.416+0000] {processor.py:830} INFO - Processing file /home/airflow/.local/lib/python3.8/site-packages/airflow/example_dags/tutorial.py for tasks to queue
[2024-03-21T01:29:50.419+0000] {logging_mixin.py:188} INFO - [2024-03-21T01:29:50.418+0000] {dagbag.py:540} INFO - Filling up the DagBag from /home/airflow/.local/lib/python3.8/site-packages/airflow/example_dags/tutorial.py
[2024-03-21T01:29:50.429+0000] {processor.py:840} INFO - DAG(s) 'tutorial' retrieved from /home/airflow/.local/lib/python3.8/site-packages/airflow/example_dags/tutorial.py
[2024-03-21T01:29:50.467+0000] {logging_mixin.py:188} INFO - [2024-03-21T01:29:50.466+0000] {dag.py:3047} INFO - Sync 1 DAGs
[2024-03-21T01:29:50.504+0000] {logging_mixin.py:188} INFO - [2024-03-21T01:29:50.504+0000] {dag.py:3834} INFO - Setting next_dagrun for tutorial to 2024-03-20 00:00:00+00:00, run_after=2024-03-21 00:00:00+00:00
[2024-03-21T01:29:50.532+0000] {processor.py:183} INFO - Processing /home/airflow/.local/lib/python3.8/site-packages/airflow/example_dags/tutorial.py took 0.123 seconds
[2024-03-21T01:30:20.744+0000] {processor.py:161} INFO - Started process (PID=1883) to work on /home/airflow/.local/lib/python3.8/site-packages/airflow/example_dags/tutorial.py
[2024-03-21T01:30:20.745+0000] {processor.py:830} INFO - Processing file /home/airflow/.local/lib/python3.8/site-packages/airflow/example_dags/tutorial.py for tasks to queue
[2024-03-21T01:30:20.747+0000] {logging_mixin.py:188} INFO - [2024-03-21T01:30:20.746+0000] {dagbag.py:540} INFO - Filling up the DagBag from /home/airflow/.local/lib/python3.8/site-packages/airflow/example_dags/tutorial.py
[2024-03-21T01:30:20.755+0000] {processor.py:840} INFO - DAG(s) 'tutorial' retrieved from /home/airflow/.local/lib/python3.8/site-packages/airflow/example_dags/tutorial.py
[2024-03-21T01:30:20.781+0000] {logging_mixin.py:188} INFO - [2024-03-21T01:30:20.781+0000] {dag.py:3047} INFO - Sync 1 DAGs
[2024-03-21T01:30:20.803+0000] {logging_mixin.py:188} INFO - [2024-03-21T01:30:20.803+0000] {dag.py:3834} INFO - Setting next_dagrun for tutorial to 2024-03-20 00:00:00+00:00, run_after=2024-03-21 00:00:00+00:00
[2024-03-21T01:30:20.831+0000] {processor.py:183} INFO - Processing /home/airflow/.local/lib/python3.8/site-packages/airflow/example_dags/tutorial.py took 0.090 seconds
[2024-03-21T01:30:51.170+0000] {processor.py:161} INFO - Started process (PID=1938) to work on /home/airflow/.local/lib/python3.8/site-packages/airflow/example_dags/tutorial.py
[2024-03-21T01:30:51.173+0000] {processor.py:830} INFO - Processing file /home/airflow/.local/lib/python3.8/site-packages/airflow/example_dags/tutorial.py for tasks to queue
[2024-03-21T01:30:51.178+0000] {logging_mixin.py:188} INFO - [2024-03-21T01:30:51.177+0000] {dagbag.py:540} INFO - Filling up the DagBag from /home/airflow/.local/lib/python3.8/site-packages/airflow/example_dags/tutorial.py
[2024-03-21T01:30:51.192+0000] {processor.py:840} INFO - DAG(s) 'tutorial' retrieved from /home/airflow/.local/lib/python3.8/site-packages/airflow/example_dags/tutorial.py
[2024-03-21T01:30:51.243+0000] {logging_mixin.py:188} INFO - [2024-03-21T01:30:51.243+0000] {dag.py:3047} INFO - Sync 1 DAGs
[2024-03-21T01:30:51.286+0000] {logging_mixin.py:188} INFO - [2024-03-21T01:30:51.285+0000] {dag.py:3834} INFO - Setting next_dagrun for tutorial to 2024-03-20 00:00:00+00:00, run_after=2024-03-21 00:00:00+00:00
[2024-03-21T01:30:51.330+0000] {processor.py:183} INFO - Processing /home/airflow/.local/lib/python3.8/site-packages/airflow/example_dags/tutorial.py took 0.166 seconds
[2024-03-21T01:31:22.016+0000] {processor.py:161} INFO - Started process (PID=1993) to work on /home/airflow/.local/lib/python3.8/site-packages/airflow/example_dags/tutorial.py
[2024-03-21T01:31:22.017+0000] {processor.py:830} INFO - Processing file /home/airflow/.local/lib/python3.8/site-packages/airflow/example_dags/tutorial.py for tasks to queue
[2024-03-21T01:31:22.019+0000] {logging_mixin.py:188} INFO - [2024-03-21T01:31:22.019+0000] {dagbag.py:540} INFO - Filling up the DagBag from /home/airflow/.local/lib/python3.8/site-packages/airflow/example_dags/tutorial.py
[2024-03-21T01:31:22.025+0000] {processor.py:840} INFO - DAG(s) 'tutorial' retrieved from /home/airflow/.local/lib/python3.8/site-packages/airflow/example_dags/tutorial.py
[2024-03-21T01:31:22.046+0000] {logging_mixin.py:188} INFO - [2024-03-21T01:31:22.046+0000] {dag.py:3047} INFO - Sync 1 DAGs
[2024-03-21T01:31:22.067+0000] {logging_mixin.py:188} INFO - [2024-03-21T01:31:22.067+0000] {dag.py:3834} INFO - Setting next_dagrun for tutorial to 2024-03-20 00:00:00+00:00, run_after=2024-03-21 00:00:00+00:00
[2024-03-21T01:31:22.093+0000] {processor.py:183} INFO - Processing /home/airflow/.local/lib/python3.8/site-packages/airflow/example_dags/tutorial.py took 0.080 seconds
[2024-03-21T01:31:52.256+0000] {processor.py:161} INFO - Started process (PID=2048) to work on /home/airflow/.local/lib/python3.8/site-packages/airflow/example_dags/tutorial.py
[2024-03-21T01:31:52.257+0000] {processor.py:830} INFO - Processing file /home/airflow/.local/lib/python3.8/site-packages/airflow/example_dags/tutorial.py for tasks to queue
[2024-03-21T01:31:52.259+0000] {logging_mixin.py:188} INFO - [2024-03-21T01:31:52.259+0000] {dagbag.py:540} INFO - Filling up the DagBag from /home/airflow/.local/lib/python3.8/site-packages/airflow/example_dags/tutorial.py
[2024-03-21T01:31:52.266+0000] {processor.py:840} INFO - DAG(s) 'tutorial' retrieved from /home/airflow/.local/lib/python3.8/site-packages/airflow/example_dags/tutorial.py
[2024-03-21T01:31:52.287+0000] {logging_mixin.py:188} INFO - [2024-03-21T01:31:52.287+0000] {dag.py:3047} INFO - Sync 1 DAGs
[2024-03-21T01:31:52.310+0000] {logging_mixin.py:188} INFO - [2024-03-21T01:31:52.310+0000] {dag.py:3834} INFO - Setting next_dagrun for tutorial to 2024-03-20 00:00:00+00:00, run_after=2024-03-21 00:00:00+00:00
[2024-03-21T01:31:52.337+0000] {processor.py:183} INFO - Processing /home/airflow/.local/lib/python3.8/site-packages/airflow/example_dags/tutorial.py took 0.084 seconds
[2024-03-21T01:32:23.055+0000] {processor.py:161} INFO - Started process (PID=2103) to work on /home/airflow/.local/lib/python3.8/site-packages/airflow/example_dags/tutorial.py
[2024-03-21T01:32:23.056+0000] {processor.py:830} INFO - Processing file /home/airflow/.local/lib/python3.8/site-packages/airflow/example_dags/tutorial.py for tasks to queue
[2024-03-21T01:32:23.058+0000] {logging_mixin.py:188} INFO - [2024-03-21T01:32:23.058+0000] {dagbag.py:540} INFO - Filling up the DagBag from /home/airflow/.local/lib/python3.8/site-packages/airflow/example_dags/tutorial.py
[2024-03-21T01:32:23.063+0000] {processor.py:840} INFO - DAG(s) 'tutorial' retrieved from /home/airflow/.local/lib/python3.8/site-packages/airflow/example_dags/tutorial.py
[2024-03-21T01:32:23.084+0000] {logging_mixin.py:188} INFO - [2024-03-21T01:32:23.083+0000] {dag.py:3047} INFO - Sync 1 DAGs
[2024-03-21T01:32:23.104+0000] {logging_mixin.py:188} INFO - [2024-03-21T01:32:23.104+0000] {dag.py:3834} INFO - Setting next_dagrun for tutorial to 2024-03-20 00:00:00+00:00, run_after=2024-03-21 00:00:00+00:00
[2024-03-21T01:32:23.131+0000] {processor.py:183} INFO - Processing /home/airflow/.local/lib/python3.8/site-packages/airflow/example_dags/tutorial.py took 0.078 seconds
[2024-03-21T01:32:53.291+0000] {processor.py:161} INFO - Started process (PID=2158) to work on /home/airflow/.local/lib/python3.8/site-packages/airflow/example_dags/tutorial.py
[2024-03-21T01:32:53.292+0000] {processor.py:830} INFO - Processing file /home/airflow/.local/lib/python3.8/site-packages/airflow/example_dags/tutorial.py for tasks to queue
[2024-03-21T01:32:53.296+0000] {logging_mixin.py:188} INFO - [2024-03-21T01:32:53.295+0000] {dagbag.py:540} INFO - Filling up the DagBag from /home/airflow/.local/lib/python3.8/site-packages/airflow/example_dags/tutorial.py
[2024-03-21T01:32:53.306+0000] {processor.py:840} INFO - DAG(s) 'tutorial' retrieved from /home/airflow/.local/lib/python3.8/site-packages/airflow/example_dags/tutorial.py
[2024-03-21T01:32:53.347+0000] {logging_mixin.py:188} INFO - [2024-03-21T01:32:53.346+0000] {dag.py:3047} INFO - Sync 1 DAGs
[2024-03-21T01:32:53.396+0000] {logging_mixin.py:188} INFO - [2024-03-21T01:32:53.396+0000] {dag.py:3834} INFO - Setting next_dagrun for tutorial to 2024-03-20 00:00:00+00:00, run_after=2024-03-21 00:00:00+00:00
[2024-03-21T01:32:53.439+0000] {processor.py:183} INFO - Processing /home/airflow/.local/lib/python3.8/site-packages/airflow/example_dags/tutorial.py took 0.154 seconds
[2024-03-21T01:33:23.491+0000] {processor.py:161} INFO - Started process (PID=2213) to work on /home/airflow/.local/lib/python3.8/site-packages/airflow/example_dags/tutorial.py
[2024-03-21T01:33:23.492+0000] {processor.py:830} INFO - Processing file /home/airflow/.local/lib/python3.8/site-packages/airflow/example_dags/tutorial.py for tasks to queue
[2024-03-21T01:33:23.496+0000] {logging_mixin.py:188} INFO - [2024-03-21T01:33:23.495+0000] {dagbag.py:540} INFO - Filling up the DagBag from /home/airflow/.local/lib/python3.8/site-packages/airflow/example_dags/tutorial.py
[2024-03-21T01:33:23.503+0000] {processor.py:840} INFO - DAG(s) 'tutorial' retrieved from /home/airflow/.local/lib/python3.8/site-packages/airflow/example_dags/tutorial.py
[2024-03-21T01:33:23.531+0000] {logging_mixin.py:188} INFO - [2024-03-21T01:33:23.531+0000] {dag.py:3047} INFO - Sync 1 DAGs
[2024-03-21T01:33:23.561+0000] {logging_mixin.py:188} INFO - [2024-03-21T01:33:23.561+0000] {dag.py:3834} INFO - Setting next_dagrun for tutorial to 2024-03-20 00:00:00+00:00, run_after=2024-03-21 00:00:00+00:00
[2024-03-21T01:33:23.591+0000] {processor.py:183} INFO - Processing /home/airflow/.local/lib/python3.8/site-packages/airflow/example_dags/tutorial.py took 0.106 seconds
[2024-03-21T01:33:53.652+0000] {processor.py:161} INFO - Started process (PID=2268) to work on /home/airflow/.local/lib/python3.8/site-packages/airflow/example_dags/tutorial.py
[2024-03-21T01:33:53.653+0000] {processor.py:830} INFO - Processing file /home/airflow/.local/lib/python3.8/site-packages/airflow/example_dags/tutorial.py for tasks to queue
[2024-03-21T01:33:53.654+0000] {logging_mixin.py:188} INFO - [2024-03-21T01:33:53.654+0000] {dagbag.py:540} INFO - Filling up the DagBag from /home/airflow/.local/lib/python3.8/site-packages/airflow/example_dags/tutorial.py
[2024-03-21T01:33:53.660+0000] {processor.py:840} INFO - DAG(s) 'tutorial' retrieved from /home/airflow/.local/lib/python3.8/site-packages/airflow/example_dags/tutorial.py
[2024-03-21T01:33:53.680+0000] {logging_mixin.py:188} INFO - [2024-03-21T01:33:53.680+0000] {dag.py:3047} INFO - Sync 1 DAGs
[2024-03-21T01:33:53.702+0000] {logging_mixin.py:188} INFO - [2024-03-21T01:33:53.701+0000] {dag.py:3834} INFO - Setting next_dagrun for tutorial to 2024-03-20 00:00:00+00:00, run_after=2024-03-21 00:00:00+00:00
[2024-03-21T01:33:53.725+0000] {processor.py:183} INFO - Processing /home/airflow/.local/lib/python3.8/site-packages/airflow/example_dags/tutorial.py took 0.077 seconds
[2024-03-21T01:34:24.689+0000] {processor.py:161} INFO - Started process (PID=2323) to work on /home/airflow/.local/lib/python3.8/site-packages/airflow/example_dags/tutorial.py
[2024-03-21T01:34:24.691+0000] {processor.py:830} INFO - Processing file /home/airflow/.local/lib/python3.8/site-packages/airflow/example_dags/tutorial.py for tasks to queue
[2024-03-21T01:34:24.693+0000] {logging_mixin.py:188} INFO - [2024-03-21T01:34:24.692+0000] {dagbag.py:540} INFO - Filling up the DagBag from /home/airflow/.local/lib/python3.8/site-packages/airflow/example_dags/tutorial.py
[2024-03-21T01:34:24.699+0000] {processor.py:840} INFO - DAG(s) 'tutorial' retrieved from /home/airflow/.local/lib/python3.8/site-packages/airflow/example_dags/tutorial.py
[2024-03-21T01:34:24.723+0000] {logging_mixin.py:188} INFO - [2024-03-21T01:34:24.722+0000] {dag.py:3047} INFO - Sync 1 DAGs
[2024-03-21T01:34:24.752+0000] {logging_mixin.py:188} INFO - [2024-03-21T01:34:24.752+0000] {dag.py:3834} INFO - Setting next_dagrun for tutorial to 2024-03-20 00:00:00+00:00, run_after=2024-03-21 00:00:00+00:00
[2024-03-21T01:34:24.785+0000] {processor.py:183} INFO - Processing /home/airflow/.local/lib/python3.8/site-packages/airflow/example_dags/tutorial.py took 0.101 seconds
[2024-03-21T01:34:54.887+0000] {processor.py:161} INFO - Started process (PID=2378) to work on /home/airflow/.local/lib/python3.8/site-packages/airflow/example_dags/tutorial.py
[2024-03-21T01:34:54.888+0000] {processor.py:830} INFO - Processing file /home/airflow/.local/lib/python3.8/site-packages/airflow/example_dags/tutorial.py for tasks to queue
[2024-03-21T01:34:54.890+0000] {logging_mixin.py:188} INFO - [2024-03-21T01:34:54.890+0000] {dagbag.py:540} INFO - Filling up the DagBag from /home/airflow/.local/lib/python3.8/site-packages/airflow/example_dags/tutorial.py
[2024-03-21T01:34:54.895+0000] {processor.py:840} INFO - DAG(s) 'tutorial' retrieved from /home/airflow/.local/lib/python3.8/site-packages/airflow/example_dags/tutorial.py
[2024-03-21T01:34:54.917+0000] {logging_mixin.py:188} INFO - [2024-03-21T01:34:54.916+0000] {dag.py:3047} INFO - Sync 1 DAGs
[2024-03-21T01:34:54.941+0000] {logging_mixin.py:188} INFO - [2024-03-21T01:34:54.941+0000] {dag.py:3834} INFO - Setting next_dagrun for tutorial to 2024-03-20 00:00:00+00:00, run_after=2024-03-21 00:00:00+00:00
[2024-03-21T01:34:54.964+0000] {processor.py:183} INFO - Processing /home/airflow/.local/lib/python3.8/site-packages/airflow/example_dags/tutorial.py took 0.081 seconds
[2024-03-21T01:35:25.806+0000] {processor.py:161} INFO - Started process (PID=2433) to work on /home/airflow/.local/lib/python3.8/site-packages/airflow/example_dags/tutorial.py
[2024-03-21T01:35:25.808+0000] {processor.py:830} INFO - Processing file /home/airflow/.local/lib/python3.8/site-packages/airflow/example_dags/tutorial.py for tasks to queue
[2024-03-21T01:35:25.810+0000] {logging_mixin.py:188} INFO - [2024-03-21T01:35:25.809+0000] {dagbag.py:540} INFO - Filling up the DagBag from /home/airflow/.local/lib/python3.8/site-packages/airflow/example_dags/tutorial.py
[2024-03-21T01:35:25.817+0000] {processor.py:840} INFO - DAG(s) 'tutorial' retrieved from /home/airflow/.local/lib/python3.8/site-packages/airflow/example_dags/tutorial.py
[2024-03-21T01:35:25.842+0000] {logging_mixin.py:188} INFO - [2024-03-21T01:35:25.842+0000] {dag.py:3047} INFO - Sync 1 DAGs
[2024-03-21T01:35:25.865+0000] {logging_mixin.py:188} INFO - [2024-03-21T01:35:25.865+0000] {dag.py:3834} INFO - Setting next_dagrun for tutorial to 2024-03-20 00:00:00+00:00, run_after=2024-03-21 00:00:00+00:00
[2024-03-21T01:35:25.886+0000] {processor.py:183} INFO - Processing /home/airflow/.local/lib/python3.8/site-packages/airflow/example_dags/tutorial.py took 0.083 seconds
[2024-03-21T01:35:56.018+0000] {processor.py:161} INFO - Started process (PID=2488) to work on /home/airflow/.local/lib/python3.8/site-packages/airflow/example_dags/tutorial.py
[2024-03-21T01:35:56.019+0000] {processor.py:830} INFO - Processing file /home/airflow/.local/lib/python3.8/site-packages/airflow/example_dags/tutorial.py for tasks to queue
[2024-03-21T01:35:56.021+0000] {logging_mixin.py:188} INFO - [2024-03-21T01:35:56.020+0000] {dagbag.py:540} INFO - Filling up the DagBag from /home/airflow/.local/lib/python3.8/site-packages/airflow/example_dags/tutorial.py
[2024-03-21T01:35:56.026+0000] {processor.py:840} INFO - DAG(s) 'tutorial' retrieved from /home/airflow/.local/lib/python3.8/site-packages/airflow/example_dags/tutorial.py
[2024-03-21T01:35:56.047+0000] {logging_mixin.py:188} INFO - [2024-03-21T01:35:56.047+0000] {dag.py:3047} INFO - Sync 1 DAGs
[2024-03-21T01:35:56.070+0000] {logging_mixin.py:188} INFO - [2024-03-21T01:35:56.070+0000] {dag.py:3834} INFO - Setting next_dagrun for tutorial to 2024-03-20 00:00:00+00:00, run_after=2024-03-21 00:00:00+00:00
[2024-03-21T01:35:56.094+0000] {processor.py:183} INFO - Processing /home/airflow/.local/lib/python3.8/site-packages/airflow/example_dags/tutorial.py took 0.079 seconds
[2024-03-21T01:36:26.195+0000] {processor.py:161} INFO - Started process (PID=2544) to work on /home/airflow/.local/lib/python3.8/site-packages/airflow/example_dags/tutorial.py
[2024-03-21T01:36:26.196+0000] {processor.py:830} INFO - Processing file /home/airflow/.local/lib/python3.8/site-packages/airflow/example_dags/tutorial.py for tasks to queue
[2024-03-21T01:36:26.198+0000] {logging_mixin.py:188} INFO - [2024-03-21T01:36:26.198+0000] {dagbag.py:540} INFO - Filling up the DagBag from /home/airflow/.local/lib/python3.8/site-packages/airflow/example_dags/tutorial.py
[2024-03-21T01:36:26.203+0000] {processor.py:840} INFO - DAG(s) 'tutorial' retrieved from /home/airflow/.local/lib/python3.8/site-packages/airflow/example_dags/tutorial.py
[2024-03-21T01:36:26.222+0000] {logging_mixin.py:188} INFO - [2024-03-21T01:36:26.222+0000] {dag.py:3047} INFO - Sync 1 DAGs
[2024-03-21T01:36:26.244+0000] {logging_mixin.py:188} INFO - [2024-03-21T01:36:26.244+0000] {dag.py:3834} INFO - Setting next_dagrun for tutorial to 2024-03-20 00:00:00+00:00, run_after=2024-03-21 00:00:00+00:00
[2024-03-21T01:36:26.278+0000] {processor.py:183} INFO - Processing /home/airflow/.local/lib/python3.8/site-packages/airflow/example_dags/tutorial.py took 0.088 seconds
[2024-03-21T01:36:57.725+0000] {processor.py:161} INFO - Started process (PID=2598) to work on /home/airflow/.local/lib/python3.8/site-packages/airflow/example_dags/tutorial.py
[2024-03-21T01:36:57.730+0000] {processor.py:830} INFO - Processing file /home/airflow/.local/lib/python3.8/site-packages/airflow/example_dags/tutorial.py for tasks to queue
[2024-03-21T01:36:57.735+0000] {logging_mixin.py:188} INFO - [2024-03-21T01:36:57.734+0000] {dagbag.py:540} INFO - Filling up the DagBag from /home/airflow/.local/lib/python3.8/site-packages/airflow/example_dags/tutorial.py
[2024-03-21T01:36:57.785+0000] {processor.py:840} INFO - DAG(s) 'tutorial' retrieved from /home/airflow/.local/lib/python3.8/site-packages/airflow/example_dags/tutorial.py
[2024-03-21T01:36:57.881+0000] {logging_mixin.py:188} INFO - [2024-03-21T01:36:57.880+0000] {dag.py:3047} INFO - Sync 1 DAGs
[2024-03-21T01:36:58.093+0000] {logging_mixin.py:188} INFO - [2024-03-21T01:36:58.092+0000] {dag.py:3834} INFO - Setting next_dagrun for tutorial to 2024-03-20 00:00:00+00:00, run_after=2024-03-21 00:00:00+00:00
[2024-03-21T01:36:58.242+0000] {processor.py:183} INFO - Processing /home/airflow/.local/lib/python3.8/site-packages/airflow/example_dags/tutorial.py took 0.532 seconds
[2024-03-21T01:37:28.422+0000] {processor.py:161} INFO - Started process (PID=2652) to work on /home/airflow/.local/lib/python3.8/site-packages/airflow/example_dags/tutorial.py
[2024-03-21T01:37:28.425+0000] {processor.py:830} INFO - Processing file /home/airflow/.local/lib/python3.8/site-packages/airflow/example_dags/tutorial.py for tasks to queue
[2024-03-21T01:37:28.429+0000] {logging_mixin.py:188} INFO - [2024-03-21T01:37:28.428+0000] {dagbag.py:540} INFO - Filling up the DagBag from /home/airflow/.local/lib/python3.8/site-packages/airflow/example_dags/tutorial.py
[2024-03-21T01:37:28.437+0000] {processor.py:840} INFO - DAG(s) 'tutorial' retrieved from /home/airflow/.local/lib/python3.8/site-packages/airflow/example_dags/tutorial.py
[2024-03-21T01:37:28.474+0000] {logging_mixin.py:188} INFO - [2024-03-21T01:37:28.473+0000] {dag.py:3047} INFO - Sync 1 DAGs
[2024-03-21T01:37:28.507+0000] {logging_mixin.py:188} INFO - [2024-03-21T01:37:28.507+0000] {dag.py:3834} INFO - Setting next_dagrun for tutorial to 2024-03-20 00:00:00+00:00, run_after=2024-03-21 00:00:00+00:00
[2024-03-21T01:37:28.537+0000] {processor.py:183} INFO - Processing /home/airflow/.local/lib/python3.8/site-packages/airflow/example_dags/tutorial.py took 0.120 seconds
[2024-03-21T01:37:58.979+0000] {processor.py:161} INFO - Started process (PID=2707) to work on /home/airflow/.local/lib/python3.8/site-packages/airflow/example_dags/tutorial.py
[2024-03-21T01:37:58.981+0000] {processor.py:830} INFO - Processing file /home/airflow/.local/lib/python3.8/site-packages/airflow/example_dags/tutorial.py for tasks to queue
[2024-03-21T01:37:58.984+0000] {logging_mixin.py:188} INFO - [2024-03-21T01:37:58.983+0000] {dagbag.py:540} INFO - Filling up the DagBag from /home/airflow/.local/lib/python3.8/site-packages/airflow/example_dags/tutorial.py
[2024-03-21T01:37:58.994+0000] {processor.py:840} INFO - DAG(s) 'tutorial' retrieved from /home/airflow/.local/lib/python3.8/site-packages/airflow/example_dags/tutorial.py
[2024-03-21T01:37:59.024+0000] {logging_mixin.py:188} INFO - [2024-03-21T01:37:59.023+0000] {dag.py:3047} INFO - Sync 1 DAGs
[2024-03-21T01:37:59.058+0000] {logging_mixin.py:188} INFO - [2024-03-21T01:37:59.058+0000] {dag.py:3834} INFO - Setting next_dagrun for tutorial to 2024-03-20 00:00:00+00:00, run_after=2024-03-21 00:00:00+00:00
[2024-03-21T01:37:59.089+0000] {processor.py:183} INFO - Processing /home/airflow/.local/lib/python3.8/site-packages/airflow/example_dags/tutorial.py took 0.115 seconds
[2024-03-21T01:38:29.248+0000] {processor.py:161} INFO - Started process (PID=2762) to work on /home/airflow/.local/lib/python3.8/site-packages/airflow/example_dags/tutorial.py
[2024-03-21T01:38:29.249+0000] {processor.py:830} INFO - Processing file /home/airflow/.local/lib/python3.8/site-packages/airflow/example_dags/tutorial.py for tasks to queue
[2024-03-21T01:38:29.252+0000] {logging_mixin.py:188} INFO - [2024-03-21T01:38:29.251+0000] {dagbag.py:540} INFO - Filling up the DagBag from /home/airflow/.local/lib/python3.8/site-packages/airflow/example_dags/tutorial.py
[2024-03-21T01:38:29.259+0000] {processor.py:840} INFO - DAG(s) 'tutorial' retrieved from /home/airflow/.local/lib/python3.8/site-packages/airflow/example_dags/tutorial.py
[2024-03-21T01:38:29.283+0000] {logging_mixin.py:188} INFO - [2024-03-21T01:38:29.282+0000] {dag.py:3047} INFO - Sync 1 DAGs
[2024-03-21T01:38:29.308+0000] {logging_mixin.py:188} INFO - [2024-03-21T01:38:29.307+0000] {dag.py:3834} INFO - Setting next_dagrun for tutorial to 2024-03-20 00:00:00+00:00, run_after=2024-03-21 00:00:00+00:00
[2024-03-21T01:38:29.331+0000] {processor.py:183} INFO - Processing /home/airflow/.local/lib/python3.8/site-packages/airflow/example_dags/tutorial.py took 0.089 seconds
[2024-03-21T01:39:00.289+0000] {processor.py:161} INFO - Started process (PID=2817) to work on /home/airflow/.local/lib/python3.8/site-packages/airflow/example_dags/tutorial.py
[2024-03-21T01:39:00.291+0000] {processor.py:830} INFO - Processing file /home/airflow/.local/lib/python3.8/site-packages/airflow/example_dags/tutorial.py for tasks to queue
[2024-03-21T01:39:00.295+0000] {logging_mixin.py:188} INFO - [2024-03-21T01:39:00.294+0000] {dagbag.py:540} INFO - Filling up the DagBag from /home/airflow/.local/lib/python3.8/site-packages/airflow/example_dags/tutorial.py
[2024-03-21T01:39:00.313+0000] {processor.py:840} INFO - DAG(s) 'tutorial' retrieved from /home/airflow/.local/lib/python3.8/site-packages/airflow/example_dags/tutorial.py
[2024-03-21T01:39:00.368+0000] {logging_mixin.py:188} INFO - [2024-03-21T01:39:00.367+0000] {dag.py:3047} INFO - Sync 1 DAGs
[2024-03-21T01:39:00.423+0000] {logging_mixin.py:188} INFO - [2024-03-21T01:39:00.422+0000] {dag.py:3834} INFO - Setting next_dagrun for tutorial to 2024-03-20 00:00:00+00:00, run_after=2024-03-21 00:00:00+00:00
[2024-03-21T01:39:00.483+0000] {processor.py:183} INFO - Processing /home/airflow/.local/lib/python3.8/site-packages/airflow/example_dags/tutorial.py took 0.202 seconds
[2024-03-21T01:39:30.792+0000] {processor.py:161} INFO - Started process (PID=2872) to work on /home/airflow/.local/lib/python3.8/site-packages/airflow/example_dags/tutorial.py
[2024-03-21T01:39:30.794+0000] {processor.py:830} INFO - Processing file /home/airflow/.local/lib/python3.8/site-packages/airflow/example_dags/tutorial.py for tasks to queue
[2024-03-21T01:39:30.796+0000] {logging_mixin.py:188} INFO - [2024-03-21T01:39:30.796+0000] {dagbag.py:540} INFO - Filling up the DagBag from /home/airflow/.local/lib/python3.8/site-packages/airflow/example_dags/tutorial.py
[2024-03-21T01:39:30.803+0000] {processor.py:840} INFO - DAG(s) 'tutorial' retrieved from /home/airflow/.local/lib/python3.8/site-packages/airflow/example_dags/tutorial.py
[2024-03-21T01:39:30.835+0000] {logging_mixin.py:188} INFO - [2024-03-21T01:39:30.834+0000] {dag.py:3047} INFO - Sync 1 DAGs
[2024-03-21T01:39:30.863+0000] {logging_mixin.py:188} INFO - [2024-03-21T01:39:30.863+0000] {dag.py:3834} INFO - Setting next_dagrun for tutorial to 2024-03-20 00:00:00+00:00, run_after=2024-03-21 00:00:00+00:00
[2024-03-21T01:39:30.890+0000] {processor.py:183} INFO - Processing /home/airflow/.local/lib/python3.8/site-packages/airflow/example_dags/tutorial.py took 0.101 seconds
[2024-03-21T01:40:01.849+0000] {processor.py:161} INFO - Started process (PID=2933) to work on /home/airflow/.local/lib/python3.8/site-packages/airflow/example_dags/tutorial.py
[2024-03-21T01:40:01.851+0000] {processor.py:830} INFO - Processing file /home/airflow/.local/lib/python3.8/site-packages/airflow/example_dags/tutorial.py for tasks to queue
[2024-03-21T01:40:01.853+0000] {logging_mixin.py:188} INFO - [2024-03-21T01:40:01.853+0000] {dagbag.py:540} INFO - Filling up the DagBag from /home/airflow/.local/lib/python3.8/site-packages/airflow/example_dags/tutorial.py
[2024-03-21T01:40:01.860+0000] {processor.py:840} INFO - DAG(s) 'tutorial' retrieved from /home/airflow/.local/lib/python3.8/site-packages/airflow/example_dags/tutorial.py
[2024-03-21T01:40:01.887+0000] {logging_mixin.py:188} INFO - [2024-03-21T01:40:01.887+0000] {dag.py:3047} INFO - Sync 1 DAGs
[2024-03-21T01:40:01.918+0000] {logging_mixin.py:188} INFO - [2024-03-21T01:40:01.918+0000] {dag.py:3834} INFO - Setting next_dagrun for tutorial to 2024-03-20 00:00:00+00:00, run_after=2024-03-21 00:00:00+00:00
[2024-03-21T01:40:01.945+0000] {processor.py:183} INFO - Processing /home/airflow/.local/lib/python3.8/site-packages/airflow/example_dags/tutorial.py took 0.101 seconds
