[2024-03-21T00:09:30.978+0000] {processor.py:161} INFO - Started process (PID=59) to work on /home/airflow/.local/lib/python3.8/site-packages/airflow/example_dags/tutorial_dag.py
[2024-03-21T00:09:30.979+0000] {processor.py:830} INFO - Processing file /home/airflow/.local/lib/python3.8/site-packages/airflow/example_dags/tutorial_dag.py for tasks to queue
[2024-03-21T00:09:30.983+0000] {logging_mixin.py:188} INFO - [2024-03-21T00:09:30.982+0000] {dagbag.py:540} INFO - Filling up the DagBag from /home/airflow/.local/lib/python3.8/site-packages/airflow/example_dags/tutorial_dag.py
[2024-03-21T00:09:30.994+0000] {processor.py:840} INFO - DAG(s) 'tutorial_dag' retrieved from /home/airflow/.local/lib/python3.8/site-packages/airflow/example_dags/tutorial_dag.py
[2024-03-21T00:09:31.053+0000] {logging_mixin.py:188} INFO - [2024-03-21T00:09:31.052+0000] {dag.py:3047} INFO - Sync 1 DAGs
[2024-03-21T00:09:31.109+0000] {logging_mixin.py:188} INFO - [2024-03-21T00:09:31.108+0000] {dag.py:3834} INFO - Setting next_dagrun for tutorial_dag to None, run_after=None
[2024-03-21T00:09:31.194+0000] {processor.py:183} INFO - Processing /home/airflow/.local/lib/python3.8/site-packages/airflow/example_dags/tutorial_dag.py took 0.247 seconds
[2024-03-21T00:10:01.665+0000] {processor.py:161} INFO - Started process (PID=114) to work on /home/airflow/.local/lib/python3.8/site-packages/airflow/example_dags/tutorial_dag.py
[2024-03-21T00:10:01.666+0000] {processor.py:830} INFO - Processing file /home/airflow/.local/lib/python3.8/site-packages/airflow/example_dags/tutorial_dag.py for tasks to queue
[2024-03-21T00:10:01.668+0000] {logging_mixin.py:188} INFO - [2024-03-21T00:10:01.667+0000] {dagbag.py:540} INFO - Filling up the DagBag from /home/airflow/.local/lib/python3.8/site-packages/airflow/example_dags/tutorial_dag.py
[2024-03-21T00:10:01.673+0000] {processor.py:840} INFO - DAG(s) 'tutorial_dag' retrieved from /home/airflow/.local/lib/python3.8/site-packages/airflow/example_dags/tutorial_dag.py
[2024-03-21T00:10:01.866+0000] {logging_mixin.py:188} INFO - [2024-03-21T00:10:01.866+0000] {dag.py:3047} INFO - Sync 1 DAGs
[2024-03-21T00:10:01.878+0000] {logging_mixin.py:188} INFO - [2024-03-21T00:10:01.878+0000] {dag.py:3834} INFO - Setting next_dagrun for tutorial_dag to None, run_after=None
[2024-03-21T00:10:01.906+0000] {processor.py:183} INFO - Processing /home/airflow/.local/lib/python3.8/site-packages/airflow/example_dags/tutorial_dag.py took 0.244 seconds
[2024-03-21T00:10:32.009+0000] {processor.py:161} INFO - Started process (PID=169) to work on /home/airflow/.local/lib/python3.8/site-packages/airflow/example_dags/tutorial_dag.py
[2024-03-21T00:10:32.010+0000] {processor.py:830} INFO - Processing file /home/airflow/.local/lib/python3.8/site-packages/airflow/example_dags/tutorial_dag.py for tasks to queue
[2024-03-21T00:10:32.013+0000] {logging_mixin.py:188} INFO - [2024-03-21T00:10:32.012+0000] {dagbag.py:540} INFO - Filling up the DagBag from /home/airflow/.local/lib/python3.8/site-packages/airflow/example_dags/tutorial_dag.py
[2024-03-21T00:10:32.019+0000] {processor.py:840} INFO - DAG(s) 'tutorial_dag' retrieved from /home/airflow/.local/lib/python3.8/site-packages/airflow/example_dags/tutorial_dag.py
[2024-03-21T00:10:32.044+0000] {logging_mixin.py:188} INFO - [2024-03-21T00:10:32.043+0000] {dag.py:3047} INFO - Sync 1 DAGs
[2024-03-21T00:10:32.059+0000] {logging_mixin.py:188} INFO - [2024-03-21T00:10:32.059+0000] {dag.py:3834} INFO - Setting next_dagrun for tutorial_dag to None, run_after=None
[2024-03-21T00:10:32.086+0000] {processor.py:183} INFO - Processing /home/airflow/.local/lib/python3.8/site-packages/airflow/example_dags/tutorial_dag.py took 0.081 seconds
[2024-03-21T00:17:02.606+0000] {processor.py:161} INFO - Started process (PID=55) to work on /home/airflow/.local/lib/python3.8/site-packages/airflow/example_dags/tutorial_dag.py
[2024-03-21T00:17:02.609+0000] {processor.py:830} INFO - Processing file /home/airflow/.local/lib/python3.8/site-packages/airflow/example_dags/tutorial_dag.py for tasks to queue
[2024-03-21T00:17:02.614+0000] {logging_mixin.py:188} INFO - [2024-03-21T00:17:02.613+0000] {dagbag.py:540} INFO - Filling up the DagBag from /home/airflow/.local/lib/python3.8/site-packages/airflow/example_dags/tutorial_dag.py
[2024-03-21T00:17:02.646+0000] {processor.py:840} INFO - DAG(s) 'tutorial_dag' retrieved from /home/airflow/.local/lib/python3.8/site-packages/airflow/example_dags/tutorial_dag.py
[2024-03-21T00:17:02.948+0000] {logging_mixin.py:188} INFO - [2024-03-21T00:17:02.947+0000] {dag.py:3047} INFO - Sync 1 DAGs
[2024-03-21T00:17:02.980+0000] {logging_mixin.py:188} INFO - [2024-03-21T00:17:02.979+0000] {dag.py:3834} INFO - Setting next_dagrun for tutorial_dag to None, run_after=None
[2024-03-21T00:17:03.040+0000] {processor.py:183} INFO - Processing /home/airflow/.local/lib/python3.8/site-packages/airflow/example_dags/tutorial_dag.py took 0.445 seconds
[2024-03-21T00:17:33.073+0000] {processor.py:161} INFO - Started process (PID=110) to work on /home/airflow/.local/lib/python3.8/site-packages/airflow/example_dags/tutorial_dag.py
[2024-03-21T00:17:33.074+0000] {processor.py:830} INFO - Processing file /home/airflow/.local/lib/python3.8/site-packages/airflow/example_dags/tutorial_dag.py for tasks to queue
[2024-03-21T00:17:33.075+0000] {logging_mixin.py:188} INFO - [2024-03-21T00:17:33.075+0000] {dagbag.py:540} INFO - Filling up the DagBag from /home/airflow/.local/lib/python3.8/site-packages/airflow/example_dags/tutorial_dag.py
[2024-03-21T00:17:33.080+0000] {processor.py:840} INFO - DAG(s) 'tutorial_dag' retrieved from /home/airflow/.local/lib/python3.8/site-packages/airflow/example_dags/tutorial_dag.py
[2024-03-21T00:17:33.099+0000] {logging_mixin.py:188} INFO - [2024-03-21T00:17:33.099+0000] {dag.py:3047} INFO - Sync 1 DAGs
[2024-03-21T00:17:33.111+0000] {logging_mixin.py:188} INFO - [2024-03-21T00:17:33.111+0000] {dag.py:3834} INFO - Setting next_dagrun for tutorial_dag to None, run_after=None
[2024-03-21T00:17:33.132+0000] {processor.py:183} INFO - Processing /home/airflow/.local/lib/python3.8/site-packages/airflow/example_dags/tutorial_dag.py took 0.062 seconds
[2024-03-21T00:18:03.543+0000] {processor.py:161} INFO - Started process (PID=165) to work on /home/airflow/.local/lib/python3.8/site-packages/airflow/example_dags/tutorial_dag.py
[2024-03-21T00:18:03.544+0000] {processor.py:830} INFO - Processing file /home/airflow/.local/lib/python3.8/site-packages/airflow/example_dags/tutorial_dag.py for tasks to queue
[2024-03-21T00:18:03.546+0000] {logging_mixin.py:188} INFO - [2024-03-21T00:18:03.545+0000] {dagbag.py:540} INFO - Filling up the DagBag from /home/airflow/.local/lib/python3.8/site-packages/airflow/example_dags/tutorial_dag.py
[2024-03-21T00:18:03.551+0000] {processor.py:840} INFO - DAG(s) 'tutorial_dag' retrieved from /home/airflow/.local/lib/python3.8/site-packages/airflow/example_dags/tutorial_dag.py
[2024-03-21T00:18:03.570+0000] {logging_mixin.py:188} INFO - [2024-03-21T00:18:03.570+0000] {dag.py:3047} INFO - Sync 1 DAGs
[2024-03-21T00:18:03.582+0000] {logging_mixin.py:188} INFO - [2024-03-21T00:18:03.581+0000] {dag.py:3834} INFO - Setting next_dagrun for tutorial_dag to None, run_after=None
[2024-03-21T00:18:03.602+0000] {processor.py:183} INFO - Processing /home/airflow/.local/lib/python3.8/site-packages/airflow/example_dags/tutorial_dag.py took 0.062 seconds
[2024-03-21T00:18:34.065+0000] {processor.py:161} INFO - Started process (PID=220) to work on /home/airflow/.local/lib/python3.8/site-packages/airflow/example_dags/tutorial_dag.py
[2024-03-21T00:18:34.066+0000] {processor.py:830} INFO - Processing file /home/airflow/.local/lib/python3.8/site-packages/airflow/example_dags/tutorial_dag.py for tasks to queue
[2024-03-21T00:18:34.068+0000] {logging_mixin.py:188} INFO - [2024-03-21T00:18:34.067+0000] {dagbag.py:540} INFO - Filling up the DagBag from /home/airflow/.local/lib/python3.8/site-packages/airflow/example_dags/tutorial_dag.py
[2024-03-21T00:18:34.072+0000] {processor.py:840} INFO - DAG(s) 'tutorial_dag' retrieved from /home/airflow/.local/lib/python3.8/site-packages/airflow/example_dags/tutorial_dag.py
[2024-03-21T00:18:34.092+0000] {logging_mixin.py:188} INFO - [2024-03-21T00:18:34.091+0000] {dag.py:3047} INFO - Sync 1 DAGs
[2024-03-21T00:18:34.104+0000] {logging_mixin.py:188} INFO - [2024-03-21T00:18:34.104+0000] {dag.py:3834} INFO - Setting next_dagrun for tutorial_dag to None, run_after=None
[2024-03-21T00:18:34.135+0000] {processor.py:183} INFO - Processing /home/airflow/.local/lib/python3.8/site-packages/airflow/example_dags/tutorial_dag.py took 0.073 seconds
[2024-03-21T00:19:04.822+0000] {processor.py:161} INFO - Started process (PID=275) to work on /home/airflow/.local/lib/python3.8/site-packages/airflow/example_dags/tutorial_dag.py
[2024-03-21T00:19:04.823+0000] {processor.py:830} INFO - Processing file /home/airflow/.local/lib/python3.8/site-packages/airflow/example_dags/tutorial_dag.py for tasks to queue
[2024-03-21T00:19:04.825+0000] {logging_mixin.py:188} INFO - [2024-03-21T00:19:04.825+0000] {dagbag.py:540} INFO - Filling up the DagBag from /home/airflow/.local/lib/python3.8/site-packages/airflow/example_dags/tutorial_dag.py
[2024-03-21T00:19:04.830+0000] {processor.py:840} INFO - DAG(s) 'tutorial_dag' retrieved from /home/airflow/.local/lib/python3.8/site-packages/airflow/example_dags/tutorial_dag.py
[2024-03-21T00:19:04.849+0000] {logging_mixin.py:188} INFO - [2024-03-21T00:19:04.849+0000] {dag.py:3047} INFO - Sync 1 DAGs
[2024-03-21T00:19:04.860+0000] {logging_mixin.py:188} INFO - [2024-03-21T00:19:04.860+0000] {dag.py:3834} INFO - Setting next_dagrun for tutorial_dag to None, run_after=None
[2024-03-21T00:19:04.882+0000] {processor.py:183} INFO - Processing /home/airflow/.local/lib/python3.8/site-packages/airflow/example_dags/tutorial_dag.py took 0.063 seconds
[2024-03-21T00:19:35.055+0000] {processor.py:161} INFO - Started process (PID=330) to work on /home/airflow/.local/lib/python3.8/site-packages/airflow/example_dags/tutorial_dag.py
[2024-03-21T00:19:35.056+0000] {processor.py:830} INFO - Processing file /home/airflow/.local/lib/python3.8/site-packages/airflow/example_dags/tutorial_dag.py for tasks to queue
[2024-03-21T00:19:35.058+0000] {logging_mixin.py:188} INFO - [2024-03-21T00:19:35.058+0000] {dagbag.py:540} INFO - Filling up the DagBag from /home/airflow/.local/lib/python3.8/site-packages/airflow/example_dags/tutorial_dag.py
[2024-03-21T00:19:35.063+0000] {processor.py:840} INFO - DAG(s) 'tutorial_dag' retrieved from /home/airflow/.local/lib/python3.8/site-packages/airflow/example_dags/tutorial_dag.py
[2024-03-21T00:19:35.082+0000] {logging_mixin.py:188} INFO - [2024-03-21T00:19:35.082+0000] {dag.py:3047} INFO - Sync 1 DAGs
[2024-03-21T00:19:35.094+0000] {logging_mixin.py:188} INFO - [2024-03-21T00:19:35.093+0000] {dag.py:3834} INFO - Setting next_dagrun for tutorial_dag to None, run_after=None
[2024-03-21T00:19:35.115+0000] {processor.py:183} INFO - Processing /home/airflow/.local/lib/python3.8/site-packages/airflow/example_dags/tutorial_dag.py took 0.063 seconds
[2024-03-21T00:20:05.573+0000] {processor.py:161} INFO - Started process (PID=385) to work on /home/airflow/.local/lib/python3.8/site-packages/airflow/example_dags/tutorial_dag.py
[2024-03-21T00:20:05.574+0000] {processor.py:830} INFO - Processing file /home/airflow/.local/lib/python3.8/site-packages/airflow/example_dags/tutorial_dag.py for tasks to queue
[2024-03-21T00:20:05.576+0000] {logging_mixin.py:188} INFO - [2024-03-21T00:20:05.575+0000] {dagbag.py:540} INFO - Filling up the DagBag from /home/airflow/.local/lib/python3.8/site-packages/airflow/example_dags/tutorial_dag.py
[2024-03-21T00:20:05.580+0000] {processor.py:840} INFO - DAG(s) 'tutorial_dag' retrieved from /home/airflow/.local/lib/python3.8/site-packages/airflow/example_dags/tutorial_dag.py
[2024-03-21T00:20:05.599+0000] {logging_mixin.py:188} INFO - [2024-03-21T00:20:05.599+0000] {dag.py:3047} INFO - Sync 1 DAGs
[2024-03-21T00:20:05.611+0000] {logging_mixin.py:188} INFO - [2024-03-21T00:20:05.610+0000] {dag.py:3834} INFO - Setting next_dagrun for tutorial_dag to None, run_after=None
[2024-03-21T00:20:05.631+0000] {processor.py:183} INFO - Processing /home/airflow/.local/lib/python3.8/site-packages/airflow/example_dags/tutorial_dag.py took 0.061 seconds
[2024-03-21T00:20:35.905+0000] {processor.py:161} INFO - Started process (PID=440) to work on /home/airflow/.local/lib/python3.8/site-packages/airflow/example_dags/tutorial_dag.py
[2024-03-21T00:20:35.907+0000] {processor.py:830} INFO - Processing file /home/airflow/.local/lib/python3.8/site-packages/airflow/example_dags/tutorial_dag.py for tasks to queue
[2024-03-21T00:20:35.909+0000] {logging_mixin.py:188} INFO - [2024-03-21T00:20:35.908+0000] {dagbag.py:540} INFO - Filling up the DagBag from /home/airflow/.local/lib/python3.8/site-packages/airflow/example_dags/tutorial_dag.py
[2024-03-21T00:20:35.914+0000] {processor.py:840} INFO - DAG(s) 'tutorial_dag' retrieved from /home/airflow/.local/lib/python3.8/site-packages/airflow/example_dags/tutorial_dag.py
[2024-03-21T00:20:35.934+0000] {logging_mixin.py:188} INFO - [2024-03-21T00:20:35.934+0000] {dag.py:3047} INFO - Sync 1 DAGs
[2024-03-21T00:20:35.947+0000] {logging_mixin.py:188} INFO - [2024-03-21T00:20:35.947+0000] {dag.py:3834} INFO - Setting next_dagrun for tutorial_dag to None, run_after=None
[2024-03-21T00:20:35.968+0000] {processor.py:183} INFO - Processing /home/airflow/.local/lib/python3.8/site-packages/airflow/example_dags/tutorial_dag.py took 0.066 seconds
[2024-03-21T00:21:06.181+0000] {processor.py:161} INFO - Started process (PID=495) to work on /home/airflow/.local/lib/python3.8/site-packages/airflow/example_dags/tutorial_dag.py
[2024-03-21T00:21:06.183+0000] {processor.py:830} INFO - Processing file /home/airflow/.local/lib/python3.8/site-packages/airflow/example_dags/tutorial_dag.py for tasks to queue
[2024-03-21T00:21:06.184+0000] {logging_mixin.py:188} INFO - [2024-03-21T00:21:06.184+0000] {dagbag.py:540} INFO - Filling up the DagBag from /home/airflow/.local/lib/python3.8/site-packages/airflow/example_dags/tutorial_dag.py
[2024-03-21T00:21:06.189+0000] {processor.py:840} INFO - DAG(s) 'tutorial_dag' retrieved from /home/airflow/.local/lib/python3.8/site-packages/airflow/example_dags/tutorial_dag.py
[2024-03-21T00:21:06.209+0000] {logging_mixin.py:188} INFO - [2024-03-21T00:21:06.208+0000] {dag.py:3047} INFO - Sync 1 DAGs
[2024-03-21T00:21:06.220+0000] {logging_mixin.py:188} INFO - [2024-03-21T00:21:06.220+0000] {dag.py:3834} INFO - Setting next_dagrun for tutorial_dag to None, run_after=None
[2024-03-21T00:21:06.240+0000] {processor.py:183} INFO - Processing /home/airflow/.local/lib/python3.8/site-packages/airflow/example_dags/tutorial_dag.py took 0.061 seconds
[2024-03-21T00:21:36.571+0000] {processor.py:161} INFO - Started process (PID=550) to work on /home/airflow/.local/lib/python3.8/site-packages/airflow/example_dags/tutorial_dag.py
[2024-03-21T00:21:36.573+0000] {processor.py:830} INFO - Processing file /home/airflow/.local/lib/python3.8/site-packages/airflow/example_dags/tutorial_dag.py for tasks to queue
[2024-03-21T00:21:36.574+0000] {logging_mixin.py:188} INFO - [2024-03-21T00:21:36.574+0000] {dagbag.py:540} INFO - Filling up the DagBag from /home/airflow/.local/lib/python3.8/site-packages/airflow/example_dags/tutorial_dag.py
[2024-03-21T00:21:36.580+0000] {processor.py:840} INFO - DAG(s) 'tutorial_dag' retrieved from /home/airflow/.local/lib/python3.8/site-packages/airflow/example_dags/tutorial_dag.py
[2024-03-21T00:21:36.599+0000] {logging_mixin.py:188} INFO - [2024-03-21T00:21:36.599+0000] {dag.py:3047} INFO - Sync 1 DAGs
[2024-03-21T00:21:36.611+0000] {logging_mixin.py:188} INFO - [2024-03-21T00:21:36.611+0000] {dag.py:3834} INFO - Setting next_dagrun for tutorial_dag to None, run_after=None
[2024-03-21T00:21:36.630+0000] {processor.py:183} INFO - Processing /home/airflow/.local/lib/python3.8/site-packages/airflow/example_dags/tutorial_dag.py took 0.061 seconds
[2024-03-21T01:13:19.122+0000] {processor.py:161} INFO - Started process (PID=44) to work on /home/airflow/.local/lib/python3.8/site-packages/airflow/example_dags/tutorial_dag.py
[2024-03-21T01:13:19.123+0000] {processor.py:830} INFO - Processing file /home/airflow/.local/lib/python3.8/site-packages/airflow/example_dags/tutorial_dag.py for tasks to queue
[2024-03-21T01:13:19.125+0000] {logging_mixin.py:188} INFO - [2024-03-21T01:13:19.124+0000] {dagbag.py:540} INFO - Filling up the DagBag from /home/airflow/.local/lib/python3.8/site-packages/airflow/example_dags/tutorial_dag.py
[2024-03-21T01:13:19.134+0000] {processor.py:840} INFO - DAG(s) 'tutorial_dag' retrieved from /home/airflow/.local/lib/python3.8/site-packages/airflow/example_dags/tutorial_dag.py
[2024-03-21T01:13:19.168+0000] {logging_mixin.py:188} INFO - [2024-03-21T01:13:19.167+0000] {dag.py:3047} INFO - Sync 1 DAGs
[2024-03-21T01:13:19.184+0000] {logging_mixin.py:188} INFO - [2024-03-21T01:13:19.184+0000] {dag.py:3834} INFO - Setting next_dagrun for tutorial_dag to None, run_after=None
[2024-03-21T01:13:19.210+0000] {processor.py:183} INFO - Processing /home/airflow/.local/lib/python3.8/site-packages/airflow/example_dags/tutorial_dag.py took 0.092 seconds
[2024-03-21T01:13:49.724+0000] {processor.py:161} INFO - Started process (PID=99) to work on /home/airflow/.local/lib/python3.8/site-packages/airflow/example_dags/tutorial_dag.py
[2024-03-21T01:13:49.726+0000] {processor.py:830} INFO - Processing file /home/airflow/.local/lib/python3.8/site-packages/airflow/example_dags/tutorial_dag.py for tasks to queue
[2024-03-21T01:13:49.727+0000] {logging_mixin.py:188} INFO - [2024-03-21T01:13:49.727+0000] {dagbag.py:540} INFO - Filling up the DagBag from /home/airflow/.local/lib/python3.8/site-packages/airflow/example_dags/tutorial_dag.py
[2024-03-21T01:13:49.732+0000] {processor.py:840} INFO - DAG(s) 'tutorial_dag' retrieved from /home/airflow/.local/lib/python3.8/site-packages/airflow/example_dags/tutorial_dag.py
[2024-03-21T01:13:49.752+0000] {logging_mixin.py:188} INFO - [2024-03-21T01:13:49.751+0000] {dag.py:3047} INFO - Sync 1 DAGs
[2024-03-21T01:13:49.763+0000] {logging_mixin.py:188} INFO - [2024-03-21T01:13:49.763+0000] {dag.py:3834} INFO - Setting next_dagrun for tutorial_dag to None, run_after=None
[2024-03-21T01:13:49.784+0000] {processor.py:183} INFO - Processing /home/airflow/.local/lib/python3.8/site-packages/airflow/example_dags/tutorial_dag.py took 0.063 seconds
[2024-03-21T01:14:20.377+0000] {processor.py:161} INFO - Started process (PID=154) to work on /home/airflow/.local/lib/python3.8/site-packages/airflow/example_dags/tutorial_dag.py
[2024-03-21T01:14:20.383+0000] {processor.py:830} INFO - Processing file /home/airflow/.local/lib/python3.8/site-packages/airflow/example_dags/tutorial_dag.py for tasks to queue
[2024-03-21T01:14:20.386+0000] {logging_mixin.py:188} INFO - [2024-03-21T01:14:20.385+0000] {dagbag.py:540} INFO - Filling up the DagBag from /home/airflow/.local/lib/python3.8/site-packages/airflow/example_dags/tutorial_dag.py
[2024-03-21T01:14:20.394+0000] {processor.py:840} INFO - DAG(s) 'tutorial_dag' retrieved from /home/airflow/.local/lib/python3.8/site-packages/airflow/example_dags/tutorial_dag.py
[2024-03-21T01:14:20.419+0000] {logging_mixin.py:188} INFO - [2024-03-21T01:14:20.419+0000] {dag.py:3047} INFO - Sync 1 DAGs
[2024-03-21T01:14:20.432+0000] {logging_mixin.py:188} INFO - [2024-03-21T01:14:20.432+0000] {dag.py:3834} INFO - Setting next_dagrun for tutorial_dag to None, run_after=None
[2024-03-21T01:14:20.457+0000] {processor.py:183} INFO - Processing /home/airflow/.local/lib/python3.8/site-packages/airflow/example_dags/tutorial_dag.py took 0.084 seconds
[2024-03-21T01:14:51.011+0000] {processor.py:161} INFO - Started process (PID=209) to work on /home/airflow/.local/lib/python3.8/site-packages/airflow/example_dags/tutorial_dag.py
[2024-03-21T01:14:51.012+0000] {processor.py:830} INFO - Processing file /home/airflow/.local/lib/python3.8/site-packages/airflow/example_dags/tutorial_dag.py for tasks to queue
[2024-03-21T01:14:51.014+0000] {logging_mixin.py:188} INFO - [2024-03-21T01:14:51.013+0000] {dagbag.py:540} INFO - Filling up the DagBag from /home/airflow/.local/lib/python3.8/site-packages/airflow/example_dags/tutorial_dag.py
[2024-03-21T01:14:51.020+0000] {processor.py:840} INFO - DAG(s) 'tutorial_dag' retrieved from /home/airflow/.local/lib/python3.8/site-packages/airflow/example_dags/tutorial_dag.py
[2024-03-21T01:14:51.044+0000] {logging_mixin.py:188} INFO - [2024-03-21T01:14:51.044+0000] {dag.py:3047} INFO - Sync 1 DAGs
[2024-03-21T01:14:51.058+0000] {logging_mixin.py:188} INFO - [2024-03-21T01:14:51.058+0000] {dag.py:3834} INFO - Setting next_dagrun for tutorial_dag to None, run_after=None
[2024-03-21T01:14:51.085+0000] {processor.py:183} INFO - Processing /home/airflow/.local/lib/python3.8/site-packages/airflow/example_dags/tutorial_dag.py took 0.078 seconds
[2024-03-21T01:15:24.501+0000] {processor.py:161} INFO - Started process (PID=264) to work on /home/airflow/.local/lib/python3.8/site-packages/airflow/example_dags/tutorial_dag.py
[2024-03-21T01:15:24.503+0000] {processor.py:830} INFO - Processing file /home/airflow/.local/lib/python3.8/site-packages/airflow/example_dags/tutorial_dag.py for tasks to queue
[2024-03-21T01:15:24.507+0000] {logging_mixin.py:188} INFO - [2024-03-21T01:15:24.506+0000] {dagbag.py:540} INFO - Filling up the DagBag from /home/airflow/.local/lib/python3.8/site-packages/airflow/example_dags/tutorial_dag.py
[2024-03-21T01:15:24.524+0000] {processor.py:840} INFO - DAG(s) 'tutorial_dag' retrieved from /home/airflow/.local/lib/python3.8/site-packages/airflow/example_dags/tutorial_dag.py
[2024-03-21T01:15:24.566+0000] {logging_mixin.py:188} INFO - [2024-03-21T01:15:24.565+0000] {dag.py:3047} INFO - Sync 1 DAGs
[2024-03-21T01:15:24.593+0000] {logging_mixin.py:188} INFO - [2024-03-21T01:15:24.593+0000] {dag.py:3834} INFO - Setting next_dagrun for tutorial_dag to None, run_after=None
[2024-03-21T01:15:24.642+0000] {processor.py:183} INFO - Processing /home/airflow/.local/lib/python3.8/site-packages/airflow/example_dags/tutorial_dag.py took 0.153 seconds
[2024-03-21T01:15:55.656+0000] {processor.py:161} INFO - Started process (PID=319) to work on /home/airflow/.local/lib/python3.8/site-packages/airflow/example_dags/tutorial_dag.py
[2024-03-21T01:15:55.657+0000] {processor.py:830} INFO - Processing file /home/airflow/.local/lib/python3.8/site-packages/airflow/example_dags/tutorial_dag.py for tasks to queue
[2024-03-21T01:15:55.659+0000] {logging_mixin.py:188} INFO - [2024-03-21T01:15:55.658+0000] {dagbag.py:540} INFO - Filling up the DagBag from /home/airflow/.local/lib/python3.8/site-packages/airflow/example_dags/tutorial_dag.py
[2024-03-21T01:15:55.665+0000] {processor.py:840} INFO - DAG(s) 'tutorial_dag' retrieved from /home/airflow/.local/lib/python3.8/site-packages/airflow/example_dags/tutorial_dag.py
[2024-03-21T01:15:55.679+0000] {logging_mixin.py:188} INFO - [2024-03-21T01:15:55.679+0000] {dag.py:3047} INFO - Sync 1 DAGs
[2024-03-21T01:15:55.692+0000] {logging_mixin.py:188} INFO - [2024-03-21T01:15:55.692+0000] {dag.py:3834} INFO - Setting next_dagrun for tutorial_dag to None, run_after=None
[2024-03-21T01:15:55.717+0000] {processor.py:183} INFO - Processing /home/airflow/.local/lib/python3.8/site-packages/airflow/example_dags/tutorial_dag.py took 0.064 seconds
[2024-03-21T01:16:25.806+0000] {processor.py:161} INFO - Started process (PID=373) to work on /home/airflow/.local/lib/python3.8/site-packages/airflow/example_dags/tutorial_dag.py
[2024-03-21T01:16:25.807+0000] {processor.py:830} INFO - Processing file /home/airflow/.local/lib/python3.8/site-packages/airflow/example_dags/tutorial_dag.py for tasks to queue
[2024-03-21T01:16:25.809+0000] {logging_mixin.py:188} INFO - [2024-03-21T01:16:25.809+0000] {dagbag.py:540} INFO - Filling up the DagBag from /home/airflow/.local/lib/python3.8/site-packages/airflow/example_dags/tutorial_dag.py
[2024-03-21T01:16:25.814+0000] {processor.py:840} INFO - DAG(s) 'tutorial_dag' retrieved from /home/airflow/.local/lib/python3.8/site-packages/airflow/example_dags/tutorial_dag.py
[2024-03-21T01:16:25.934+0000] {logging_mixin.py:188} INFO - [2024-03-21T01:16:25.933+0000] {dag.py:3047} INFO - Sync 1 DAGs
[2024-03-21T01:16:25.947+0000] {logging_mixin.py:188} INFO - [2024-03-21T01:16:25.947+0000] {dag.py:3834} INFO - Setting next_dagrun for tutorial_dag to None, run_after=None
[2024-03-21T01:16:25.975+0000] {processor.py:183} INFO - Processing /home/airflow/.local/lib/python3.8/site-packages/airflow/example_dags/tutorial_dag.py took 0.172 seconds
[2024-03-21T01:16:58.065+0000] {processor.py:161} INFO - Started process (PID=428) to work on /home/airflow/.local/lib/python3.8/site-packages/airflow/example_dags/tutorial_dag.py
[2024-03-21T01:16:58.068+0000] {processor.py:830} INFO - Processing file /home/airflow/.local/lib/python3.8/site-packages/airflow/example_dags/tutorial_dag.py for tasks to queue
[2024-03-21T01:16:58.078+0000] {logging_mixin.py:188} INFO - [2024-03-21T01:16:58.077+0000] {dagbag.py:540} INFO - Filling up the DagBag from /home/airflow/.local/lib/python3.8/site-packages/airflow/example_dags/tutorial_dag.py
[2024-03-21T01:16:58.100+0000] {processor.py:840} INFO - DAG(s) 'tutorial_dag' retrieved from /home/airflow/.local/lib/python3.8/site-packages/airflow/example_dags/tutorial_dag.py
[2024-03-21T01:16:58.182+0000] {logging_mixin.py:188} INFO - [2024-03-21T01:16:58.181+0000] {dag.py:3047} INFO - Sync 1 DAGs
[2024-03-21T01:16:58.236+0000] {logging_mixin.py:188} INFO - [2024-03-21T01:16:58.235+0000] {dag.py:3834} INFO - Setting next_dagrun for tutorial_dag to None, run_after=None
[2024-03-21T01:16:58.350+0000] {processor.py:183} INFO - Processing /home/airflow/.local/lib/python3.8/site-packages/airflow/example_dags/tutorial_dag.py took 0.299 seconds
[2024-03-21T01:17:28.898+0000] {processor.py:161} INFO - Started process (PID=482) to work on /home/airflow/.local/lib/python3.8/site-packages/airflow/example_dags/tutorial_dag.py
[2024-03-21T01:17:28.900+0000] {processor.py:830} INFO - Processing file /home/airflow/.local/lib/python3.8/site-packages/airflow/example_dags/tutorial_dag.py for tasks to queue
[2024-03-21T01:17:28.903+0000] {logging_mixin.py:188} INFO - [2024-03-21T01:17:28.902+0000] {dagbag.py:540} INFO - Filling up the DagBag from /home/airflow/.local/lib/python3.8/site-packages/airflow/example_dags/tutorial_dag.py
[2024-03-21T01:17:28.915+0000] {processor.py:840} INFO - DAG(s) 'tutorial_dag' retrieved from /home/airflow/.local/lib/python3.8/site-packages/airflow/example_dags/tutorial_dag.py
[2024-03-21T01:17:28.952+0000] {logging_mixin.py:188} INFO - [2024-03-21T01:17:28.952+0000] {dag.py:3047} INFO - Sync 1 DAGs
[2024-03-21T01:17:28.980+0000] {logging_mixin.py:188} INFO - [2024-03-21T01:17:28.980+0000] {dag.py:3834} INFO - Setting next_dagrun for tutorial_dag to None, run_after=None
[2024-03-21T01:17:29.017+0000] {processor.py:183} INFO - Processing /home/airflow/.local/lib/python3.8/site-packages/airflow/example_dags/tutorial_dag.py took 0.124 seconds
[2024-03-21T01:17:59.291+0000] {processor.py:161} INFO - Started process (PID=543) to work on /home/airflow/.local/lib/python3.8/site-packages/airflow/example_dags/tutorial_dag.py
[2024-03-21T01:17:59.292+0000] {processor.py:830} INFO - Processing file /home/airflow/.local/lib/python3.8/site-packages/airflow/example_dags/tutorial_dag.py for tasks to queue
[2024-03-21T01:17:59.294+0000] {logging_mixin.py:188} INFO - [2024-03-21T01:17:59.294+0000] {dagbag.py:540} INFO - Filling up the DagBag from /home/airflow/.local/lib/python3.8/site-packages/airflow/example_dags/tutorial_dag.py
[2024-03-21T01:17:59.300+0000] {processor.py:840} INFO - DAG(s) 'tutorial_dag' retrieved from /home/airflow/.local/lib/python3.8/site-packages/airflow/example_dags/tutorial_dag.py
[2024-03-21T01:17:59.323+0000] {logging_mixin.py:188} INFO - [2024-03-21T01:17:59.323+0000] {dag.py:3047} INFO - Sync 1 DAGs
[2024-03-21T01:17:59.337+0000] {logging_mixin.py:188} INFO - [2024-03-21T01:17:59.337+0000] {dag.py:3834} INFO - Setting next_dagrun for tutorial_dag to None, run_after=None
[2024-03-21T01:17:59.362+0000] {processor.py:183} INFO - Processing /home/airflow/.local/lib/python3.8/site-packages/airflow/example_dags/tutorial_dag.py took 0.075 seconds
[2024-03-21T01:18:30.274+0000] {processor.py:161} INFO - Started process (PID=598) to work on /home/airflow/.local/lib/python3.8/site-packages/airflow/example_dags/tutorial_dag.py
[2024-03-21T01:18:30.276+0000] {processor.py:830} INFO - Processing file /home/airflow/.local/lib/python3.8/site-packages/airflow/example_dags/tutorial_dag.py for tasks to queue
[2024-03-21T01:18:30.278+0000] {logging_mixin.py:188} INFO - [2024-03-21T01:18:30.277+0000] {dagbag.py:540} INFO - Filling up the DagBag from /home/airflow/.local/lib/python3.8/site-packages/airflow/example_dags/tutorial_dag.py
[2024-03-21T01:18:30.283+0000] {processor.py:840} INFO - DAG(s) 'tutorial_dag' retrieved from /home/airflow/.local/lib/python3.8/site-packages/airflow/example_dags/tutorial_dag.py
[2024-03-21T01:18:30.308+0000] {logging_mixin.py:188} INFO - [2024-03-21T01:18:30.308+0000] {dag.py:3047} INFO - Sync 1 DAGs
[2024-03-21T01:18:30.324+0000] {logging_mixin.py:188} INFO - [2024-03-21T01:18:30.323+0000] {dag.py:3834} INFO - Setting next_dagrun for tutorial_dag to None, run_after=None
[2024-03-21T01:18:30.352+0000] {processor.py:183} INFO - Processing /home/airflow/.local/lib/python3.8/site-packages/airflow/example_dags/tutorial_dag.py took 0.081 seconds
[2024-03-21T01:19:00.790+0000] {processor.py:161} INFO - Started process (PID=653) to work on /home/airflow/.local/lib/python3.8/site-packages/airflow/example_dags/tutorial_dag.py
[2024-03-21T01:19:00.791+0000] {processor.py:830} INFO - Processing file /home/airflow/.local/lib/python3.8/site-packages/airflow/example_dags/tutorial_dag.py for tasks to queue
[2024-03-21T01:19:00.794+0000] {logging_mixin.py:188} INFO - [2024-03-21T01:19:00.793+0000] {dagbag.py:540} INFO - Filling up the DagBag from /home/airflow/.local/lib/python3.8/site-packages/airflow/example_dags/tutorial_dag.py
[2024-03-21T01:19:00.804+0000] {processor.py:840} INFO - DAG(s) 'tutorial_dag' retrieved from /home/airflow/.local/lib/python3.8/site-packages/airflow/example_dags/tutorial_dag.py
[2024-03-21T01:19:00.851+0000] {logging_mixin.py:188} INFO - [2024-03-21T01:19:00.850+0000] {dag.py:3047} INFO - Sync 1 DAGs
[2024-03-21T01:19:00.872+0000] {logging_mixin.py:188} INFO - [2024-03-21T01:19:00.872+0000] {dag.py:3834} INFO - Setting next_dagrun for tutorial_dag to None, run_after=None
[2024-03-21T01:19:00.905+0000] {processor.py:183} INFO - Processing /home/airflow/.local/lib/python3.8/site-packages/airflow/example_dags/tutorial_dag.py took 0.120 seconds
[2024-03-21T01:19:31.513+0000] {processor.py:161} INFO - Started process (PID=709) to work on /home/airflow/.local/lib/python3.8/site-packages/airflow/example_dags/tutorial_dag.py
[2024-03-21T01:19:31.515+0000] {processor.py:830} INFO - Processing file /home/airflow/.local/lib/python3.8/site-packages/airflow/example_dags/tutorial_dag.py for tasks to queue
[2024-03-21T01:19:31.518+0000] {logging_mixin.py:188} INFO - [2024-03-21T01:19:31.517+0000] {dagbag.py:540} INFO - Filling up the DagBag from /home/airflow/.local/lib/python3.8/site-packages/airflow/example_dags/tutorial_dag.py
[2024-03-21T01:19:31.525+0000] {processor.py:840} INFO - DAG(s) 'tutorial_dag' retrieved from /home/airflow/.local/lib/python3.8/site-packages/airflow/example_dags/tutorial_dag.py
[2024-03-21T01:19:31.552+0000] {logging_mixin.py:188} INFO - [2024-03-21T01:19:31.552+0000] {dag.py:3047} INFO - Sync 1 DAGs
[2024-03-21T01:19:31.572+0000] {logging_mixin.py:188} INFO - [2024-03-21T01:19:31.572+0000] {dag.py:3834} INFO - Setting next_dagrun for tutorial_dag to None, run_after=None
[2024-03-21T01:19:31.610+0000] {processor.py:183} INFO - Processing /home/airflow/.local/lib/python3.8/site-packages/airflow/example_dags/tutorial_dag.py took 0.103 seconds
[2024-03-21T01:20:01.906+0000] {processor.py:161} INFO - Started process (PID=764) to work on /home/airflow/.local/lib/python3.8/site-packages/airflow/example_dags/tutorial_dag.py
[2024-03-21T01:20:01.908+0000] {processor.py:830} INFO - Processing file /home/airflow/.local/lib/python3.8/site-packages/airflow/example_dags/tutorial_dag.py for tasks to queue
[2024-03-21T01:20:01.909+0000] {logging_mixin.py:188} INFO - [2024-03-21T01:20:01.909+0000] {dagbag.py:540} INFO - Filling up the DagBag from /home/airflow/.local/lib/python3.8/site-packages/airflow/example_dags/tutorial_dag.py
[2024-03-21T01:20:01.915+0000] {processor.py:840} INFO - DAG(s) 'tutorial_dag' retrieved from /home/airflow/.local/lib/python3.8/site-packages/airflow/example_dags/tutorial_dag.py
[2024-03-21T01:20:01.935+0000] {logging_mixin.py:188} INFO - [2024-03-21T01:20:01.935+0000] {dag.py:3047} INFO - Sync 1 DAGs
[2024-03-21T01:20:01.946+0000] {logging_mixin.py:188} INFO - [2024-03-21T01:20:01.946+0000] {dag.py:3834} INFO - Setting next_dagrun for tutorial_dag to None, run_after=None
[2024-03-21T01:20:01.967+0000] {processor.py:183} INFO - Processing /home/airflow/.local/lib/python3.8/site-packages/airflow/example_dags/tutorial_dag.py took 0.064 seconds
[2024-03-21T01:20:32.256+0000] {processor.py:161} INFO - Started process (PID=819) to work on /home/airflow/.local/lib/python3.8/site-packages/airflow/example_dags/tutorial_dag.py
[2024-03-21T01:20:32.257+0000] {processor.py:830} INFO - Processing file /home/airflow/.local/lib/python3.8/site-packages/airflow/example_dags/tutorial_dag.py for tasks to queue
[2024-03-21T01:20:32.259+0000] {logging_mixin.py:188} INFO - [2024-03-21T01:20:32.259+0000] {dagbag.py:540} INFO - Filling up the DagBag from /home/airflow/.local/lib/python3.8/site-packages/airflow/example_dags/tutorial_dag.py
[2024-03-21T01:20:32.264+0000] {processor.py:840} INFO - DAG(s) 'tutorial_dag' retrieved from /home/airflow/.local/lib/python3.8/site-packages/airflow/example_dags/tutorial_dag.py
[2024-03-21T01:20:32.286+0000] {logging_mixin.py:188} INFO - [2024-03-21T01:20:32.286+0000] {dag.py:3047} INFO - Sync 1 DAGs
[2024-03-21T01:20:32.298+0000] {logging_mixin.py:188} INFO - [2024-03-21T01:20:32.298+0000] {dag.py:3834} INFO - Setting next_dagrun for tutorial_dag to None, run_after=None
[2024-03-21T01:20:32.328+0000] {processor.py:183} INFO - Processing /home/airflow/.local/lib/python3.8/site-packages/airflow/example_dags/tutorial_dag.py took 0.076 seconds
[2024-03-21T01:21:03.070+0000] {processor.py:161} INFO - Started process (PID=873) to work on /home/airflow/.local/lib/python3.8/site-packages/airflow/example_dags/tutorial_dag.py
[2024-03-21T01:21:03.072+0000] {processor.py:830} INFO - Processing file /home/airflow/.local/lib/python3.8/site-packages/airflow/example_dags/tutorial_dag.py for tasks to queue
[2024-03-21T01:21:03.074+0000] {logging_mixin.py:188} INFO - [2024-03-21T01:21:03.074+0000] {dagbag.py:540} INFO - Filling up the DagBag from /home/airflow/.local/lib/python3.8/site-packages/airflow/example_dags/tutorial_dag.py
[2024-03-21T01:21:03.080+0000] {processor.py:840} INFO - DAG(s) 'tutorial_dag' retrieved from /home/airflow/.local/lib/python3.8/site-packages/airflow/example_dags/tutorial_dag.py
[2024-03-21T01:21:03.106+0000] {logging_mixin.py:188} INFO - [2024-03-21T01:21:03.105+0000] {dag.py:3047} INFO - Sync 1 DAGs
[2024-03-21T01:21:03.120+0000] {logging_mixin.py:188} INFO - [2024-03-21T01:21:03.120+0000] {dag.py:3834} INFO - Setting next_dagrun for tutorial_dag to None, run_after=None
[2024-03-21T01:21:03.149+0000] {processor.py:183} INFO - Processing /home/airflow/.local/lib/python3.8/site-packages/airflow/example_dags/tutorial_dag.py took 0.082 seconds
[2024-03-21T01:21:36.246+0000] {processor.py:161} INFO - Started process (PID=928) to work on /home/airflow/.local/lib/python3.8/site-packages/airflow/example_dags/tutorial_dag.py
[2024-03-21T01:21:36.256+0000] {processor.py:830} INFO - Processing file /home/airflow/.local/lib/python3.8/site-packages/airflow/example_dags/tutorial_dag.py for tasks to queue
[2024-03-21T01:21:36.260+0000] {logging_mixin.py:188} INFO - [2024-03-21T01:21:36.259+0000] {dagbag.py:540} INFO - Filling up the DagBag from /home/airflow/.local/lib/python3.8/site-packages/airflow/example_dags/tutorial_dag.py
[2024-03-21T01:21:36.329+0000] {processor.py:840} INFO - DAG(s) 'tutorial_dag' retrieved from /home/airflow/.local/lib/python3.8/site-packages/airflow/example_dags/tutorial_dag.py
[2024-03-21T01:21:36.442+0000] {logging_mixin.py:188} INFO - [2024-03-21T01:21:36.441+0000] {dag.py:3047} INFO - Sync 1 DAGs
[2024-03-21T01:21:36.572+0000] {logging_mixin.py:188} INFO - [2024-03-21T01:21:36.571+0000] {dag.py:3834} INFO - Setting next_dagrun for tutorial_dag to None, run_after=None
[2024-03-21T01:21:36.635+0000] {processor.py:183} INFO - Processing /home/airflow/.local/lib/python3.8/site-packages/airflow/example_dags/tutorial_dag.py took 0.416 seconds
[2024-03-21T01:22:06.978+0000] {processor.py:161} INFO - Started process (PID=984) to work on /home/airflow/.local/lib/python3.8/site-packages/airflow/example_dags/tutorial_dag.py
[2024-03-21T01:22:06.979+0000] {processor.py:830} INFO - Processing file /home/airflow/.local/lib/python3.8/site-packages/airflow/example_dags/tutorial_dag.py for tasks to queue
[2024-03-21T01:22:06.981+0000] {logging_mixin.py:188} INFO - [2024-03-21T01:22:06.981+0000] {dagbag.py:540} INFO - Filling up the DagBag from /home/airflow/.local/lib/python3.8/site-packages/airflow/example_dags/tutorial_dag.py
[2024-03-21T01:22:06.988+0000] {processor.py:840} INFO - DAG(s) 'tutorial_dag' retrieved from /home/airflow/.local/lib/python3.8/site-packages/airflow/example_dags/tutorial_dag.py
[2024-03-21T01:22:07.006+0000] {logging_mixin.py:188} INFO - [2024-03-21T01:22:07.005+0000] {dag.py:3047} INFO - Sync 1 DAGs
[2024-03-21T01:22:07.025+0000] {logging_mixin.py:188} INFO - [2024-03-21T01:22:07.025+0000] {dag.py:3834} INFO - Setting next_dagrun for tutorial_dag to None, run_after=None
[2024-03-21T01:22:07.047+0000] {processor.py:183} INFO - Processing /home/airflow/.local/lib/python3.8/site-packages/airflow/example_dags/tutorial_dag.py took 0.072 seconds
[2024-03-21T01:22:37.328+0000] {processor.py:161} INFO - Started process (PID=1039) to work on /home/airflow/.local/lib/python3.8/site-packages/airflow/example_dags/tutorial_dag.py
[2024-03-21T01:22:37.329+0000] {processor.py:830} INFO - Processing file /home/airflow/.local/lib/python3.8/site-packages/airflow/example_dags/tutorial_dag.py for tasks to queue
[2024-03-21T01:22:37.332+0000] {logging_mixin.py:188} INFO - [2024-03-21T01:22:37.331+0000] {dagbag.py:540} INFO - Filling up the DagBag from /home/airflow/.local/lib/python3.8/site-packages/airflow/example_dags/tutorial_dag.py
[2024-03-21T01:22:37.339+0000] {processor.py:840} INFO - DAG(s) 'tutorial_dag' retrieved from /home/airflow/.local/lib/python3.8/site-packages/airflow/example_dags/tutorial_dag.py
[2024-03-21T01:22:37.367+0000] {logging_mixin.py:188} INFO - [2024-03-21T01:22:37.367+0000] {dag.py:3047} INFO - Sync 1 DAGs
[2024-03-21T01:22:37.383+0000] {logging_mixin.py:188} INFO - [2024-03-21T01:22:37.383+0000] {dag.py:3834} INFO - Setting next_dagrun for tutorial_dag to None, run_after=None
[2024-03-21T01:22:37.439+0000] {processor.py:183} INFO - Processing /home/airflow/.local/lib/python3.8/site-packages/airflow/example_dags/tutorial_dag.py took 0.115 seconds
[2024-03-21T01:23:07.914+0000] {processor.py:161} INFO - Started process (PID=1094) to work on /home/airflow/.local/lib/python3.8/site-packages/airflow/example_dags/tutorial_dag.py
[2024-03-21T01:23:07.915+0000] {processor.py:830} INFO - Processing file /home/airflow/.local/lib/python3.8/site-packages/airflow/example_dags/tutorial_dag.py for tasks to queue
[2024-03-21T01:23:07.917+0000] {logging_mixin.py:188} INFO - [2024-03-21T01:23:07.916+0000] {dagbag.py:540} INFO - Filling up the DagBag from /home/airflow/.local/lib/python3.8/site-packages/airflow/example_dags/tutorial_dag.py
[2024-03-21T01:23:07.922+0000] {processor.py:840} INFO - DAG(s) 'tutorial_dag' retrieved from /home/airflow/.local/lib/python3.8/site-packages/airflow/example_dags/tutorial_dag.py
[2024-03-21T01:23:07.944+0000] {logging_mixin.py:188} INFO - [2024-03-21T01:23:07.944+0000] {dag.py:3047} INFO - Sync 1 DAGs
[2024-03-21T01:23:07.957+0000] {logging_mixin.py:188} INFO - [2024-03-21T01:23:07.957+0000] {dag.py:3834} INFO - Setting next_dagrun for tutorial_dag to None, run_after=None
[2024-03-21T01:23:08.006+0000] {processor.py:183} INFO - Processing /home/airflow/.local/lib/python3.8/site-packages/airflow/example_dags/tutorial_dag.py took 0.095 seconds
[2024-03-21T01:23:38.897+0000] {processor.py:161} INFO - Started process (PID=1148) to work on /home/airflow/.local/lib/python3.8/site-packages/airflow/example_dags/tutorial_dag.py
[2024-03-21T01:23:38.899+0000] {processor.py:830} INFO - Processing file /home/airflow/.local/lib/python3.8/site-packages/airflow/example_dags/tutorial_dag.py for tasks to queue
[2024-03-21T01:23:38.901+0000] {logging_mixin.py:188} INFO - [2024-03-21T01:23:38.900+0000] {dagbag.py:540} INFO - Filling up the DagBag from /home/airflow/.local/lib/python3.8/site-packages/airflow/example_dags/tutorial_dag.py
[2024-03-21T01:23:38.906+0000] {processor.py:840} INFO - DAG(s) 'tutorial_dag' retrieved from /home/airflow/.local/lib/python3.8/site-packages/airflow/example_dags/tutorial_dag.py
[2024-03-21T01:23:38.929+0000] {logging_mixin.py:188} INFO - [2024-03-21T01:23:38.929+0000] {dag.py:3047} INFO - Sync 1 DAGs
[2024-03-21T01:23:38.944+0000] {logging_mixin.py:188} INFO - [2024-03-21T01:23:38.943+0000] {dag.py:3834} INFO - Setting next_dagrun for tutorial_dag to None, run_after=None
[2024-03-21T01:23:38.969+0000] {processor.py:183} INFO - Processing /home/airflow/.local/lib/python3.8/site-packages/airflow/example_dags/tutorial_dag.py took 0.076 seconds
[2024-03-21T01:24:09.104+0000] {processor.py:161} INFO - Started process (PID=1203) to work on /home/airflow/.local/lib/python3.8/site-packages/airflow/example_dags/tutorial_dag.py
[2024-03-21T01:24:09.105+0000] {processor.py:830} INFO - Processing file /home/airflow/.local/lib/python3.8/site-packages/airflow/example_dags/tutorial_dag.py for tasks to queue
[2024-03-21T01:24:09.107+0000] {logging_mixin.py:188} INFO - [2024-03-21T01:24:09.107+0000] {dagbag.py:540} INFO - Filling up the DagBag from /home/airflow/.local/lib/python3.8/site-packages/airflow/example_dags/tutorial_dag.py
[2024-03-21T01:24:09.116+0000] {processor.py:840} INFO - DAG(s) 'tutorial_dag' retrieved from /home/airflow/.local/lib/python3.8/site-packages/airflow/example_dags/tutorial_dag.py
[2024-03-21T01:24:09.183+0000] {logging_mixin.py:188} INFO - [2024-03-21T01:24:09.182+0000] {dag.py:3047} INFO - Sync 1 DAGs
[2024-03-21T01:24:09.202+0000] {logging_mixin.py:188} INFO - [2024-03-21T01:24:09.202+0000] {dag.py:3834} INFO - Setting next_dagrun for tutorial_dag to None, run_after=None
[2024-03-21T01:24:09.239+0000] {processor.py:183} INFO - Processing /home/airflow/.local/lib/python3.8/site-packages/airflow/example_dags/tutorial_dag.py took 0.139 seconds
[2024-03-21T01:24:39.308+0000] {processor.py:161} INFO - Started process (PID=1258) to work on /home/airflow/.local/lib/python3.8/site-packages/airflow/example_dags/tutorial_dag.py
[2024-03-21T01:24:39.309+0000] {processor.py:830} INFO - Processing file /home/airflow/.local/lib/python3.8/site-packages/airflow/example_dags/tutorial_dag.py for tasks to queue
[2024-03-21T01:24:39.312+0000] {logging_mixin.py:188} INFO - [2024-03-21T01:24:39.311+0000] {dagbag.py:540} INFO - Filling up the DagBag from /home/airflow/.local/lib/python3.8/site-packages/airflow/example_dags/tutorial_dag.py
[2024-03-21T01:24:39.319+0000] {processor.py:840} INFO - DAG(s) 'tutorial_dag' retrieved from /home/airflow/.local/lib/python3.8/site-packages/airflow/example_dags/tutorial_dag.py
[2024-03-21T01:24:39.346+0000] {logging_mixin.py:188} INFO - [2024-03-21T01:24:39.346+0000] {dag.py:3047} INFO - Sync 1 DAGs
[2024-03-21T01:24:39.362+0000] {logging_mixin.py:188} INFO - [2024-03-21T01:24:39.362+0000] {dag.py:3834} INFO - Setting next_dagrun for tutorial_dag to None, run_after=None
[2024-03-21T01:24:39.391+0000] {processor.py:183} INFO - Processing /home/airflow/.local/lib/python3.8/site-packages/airflow/example_dags/tutorial_dag.py took 0.087 seconds
[2024-03-21T01:25:09.504+0000] {processor.py:161} INFO - Started process (PID=1313) to work on /home/airflow/.local/lib/python3.8/site-packages/airflow/example_dags/tutorial_dag.py
[2024-03-21T01:25:09.505+0000] {processor.py:830} INFO - Processing file /home/airflow/.local/lib/python3.8/site-packages/airflow/example_dags/tutorial_dag.py for tasks to queue
[2024-03-21T01:25:09.507+0000] {logging_mixin.py:188} INFO - [2024-03-21T01:25:09.507+0000] {dagbag.py:540} INFO - Filling up the DagBag from /home/airflow/.local/lib/python3.8/site-packages/airflow/example_dags/tutorial_dag.py
[2024-03-21T01:25:09.513+0000] {processor.py:840} INFO - DAG(s) 'tutorial_dag' retrieved from /home/airflow/.local/lib/python3.8/site-packages/airflow/example_dags/tutorial_dag.py
[2024-03-21T01:25:09.535+0000] {logging_mixin.py:188} INFO - [2024-03-21T01:25:09.535+0000] {dag.py:3047} INFO - Sync 1 DAGs
[2024-03-21T01:25:09.550+0000] {logging_mixin.py:188} INFO - [2024-03-21T01:25:09.550+0000] {dag.py:3834} INFO - Setting next_dagrun for tutorial_dag to None, run_after=None
[2024-03-21T01:25:09.573+0000] {processor.py:183} INFO - Processing /home/airflow/.local/lib/python3.8/site-packages/airflow/example_dags/tutorial_dag.py took 0.073 seconds
[2024-03-21T01:25:39.791+0000] {processor.py:161} INFO - Started process (PID=1367) to work on /home/airflow/.local/lib/python3.8/site-packages/airflow/example_dags/tutorial_dag.py
[2024-03-21T01:25:39.792+0000] {processor.py:830} INFO - Processing file /home/airflow/.local/lib/python3.8/site-packages/airflow/example_dags/tutorial_dag.py for tasks to queue
[2024-03-21T01:25:39.794+0000] {logging_mixin.py:188} INFO - [2024-03-21T01:25:39.794+0000] {dagbag.py:540} INFO - Filling up the DagBag from /home/airflow/.local/lib/python3.8/site-packages/airflow/example_dags/tutorial_dag.py
[2024-03-21T01:25:39.800+0000] {processor.py:840} INFO - DAG(s) 'tutorial_dag' retrieved from /home/airflow/.local/lib/python3.8/site-packages/airflow/example_dags/tutorial_dag.py
[2024-03-21T01:25:39.822+0000] {logging_mixin.py:188} INFO - [2024-03-21T01:25:39.822+0000] {dag.py:3047} INFO - Sync 1 DAGs
[2024-03-21T01:25:39.837+0000] {logging_mixin.py:188} INFO - [2024-03-21T01:25:39.837+0000] {dag.py:3834} INFO - Setting next_dagrun for tutorial_dag to None, run_after=None
[2024-03-21T01:25:39.859+0000] {processor.py:183} INFO - Processing /home/airflow/.local/lib/python3.8/site-packages/airflow/example_dags/tutorial_dag.py took 0.072 seconds
[2024-03-21T01:26:10.060+0000] {processor.py:161} INFO - Started process (PID=1422) to work on /home/airflow/.local/lib/python3.8/site-packages/airflow/example_dags/tutorial_dag.py
[2024-03-21T01:26:10.061+0000] {processor.py:830} INFO - Processing file /home/airflow/.local/lib/python3.8/site-packages/airflow/example_dags/tutorial_dag.py for tasks to queue
[2024-03-21T01:26:10.063+0000] {logging_mixin.py:188} INFO - [2024-03-21T01:26:10.062+0000] {dagbag.py:540} INFO - Filling up the DagBag from /home/airflow/.local/lib/python3.8/site-packages/airflow/example_dags/tutorial_dag.py
[2024-03-21T01:26:10.069+0000] {processor.py:840} INFO - DAG(s) 'tutorial_dag' retrieved from /home/airflow/.local/lib/python3.8/site-packages/airflow/example_dags/tutorial_dag.py
[2024-03-21T01:26:10.092+0000] {logging_mixin.py:188} INFO - [2024-03-21T01:26:10.092+0000] {dag.py:3047} INFO - Sync 1 DAGs
[2024-03-21T01:26:10.106+0000] {logging_mixin.py:188} INFO - [2024-03-21T01:26:10.105+0000] {dag.py:3834} INFO - Setting next_dagrun for tutorial_dag to None, run_after=None
[2024-03-21T01:26:10.130+0000] {processor.py:183} INFO - Processing /home/airflow/.local/lib/python3.8/site-packages/airflow/example_dags/tutorial_dag.py took 0.074 seconds
[2024-03-21T01:26:40.263+0000] {processor.py:161} INFO - Started process (PID=1477) to work on /home/airflow/.local/lib/python3.8/site-packages/airflow/example_dags/tutorial_dag.py
[2024-03-21T01:26:40.264+0000] {processor.py:830} INFO - Processing file /home/airflow/.local/lib/python3.8/site-packages/airflow/example_dags/tutorial_dag.py for tasks to queue
[2024-03-21T01:26:40.266+0000] {logging_mixin.py:188} INFO - [2024-03-21T01:26:40.266+0000] {dagbag.py:540} INFO - Filling up the DagBag from /home/airflow/.local/lib/python3.8/site-packages/airflow/example_dags/tutorial_dag.py
[2024-03-21T01:26:40.273+0000] {processor.py:840} INFO - DAG(s) 'tutorial_dag' retrieved from /home/airflow/.local/lib/python3.8/site-packages/airflow/example_dags/tutorial_dag.py
[2024-03-21T01:26:40.301+0000] {logging_mixin.py:188} INFO - [2024-03-21T01:26:40.300+0000] {dag.py:3047} INFO - Sync 1 DAGs
[2024-03-21T01:26:40.318+0000] {logging_mixin.py:188} INFO - [2024-03-21T01:26:40.318+0000] {dag.py:3834} INFO - Setting next_dagrun for tutorial_dag to None, run_after=None
[2024-03-21T01:26:40.347+0000] {processor.py:183} INFO - Processing /home/airflow/.local/lib/python3.8/site-packages/airflow/example_dags/tutorial_dag.py took 0.090 seconds
[2024-03-21T01:27:10.564+0000] {processor.py:161} INFO - Started process (PID=1532) to work on /home/airflow/.local/lib/python3.8/site-packages/airflow/example_dags/tutorial_dag.py
[2024-03-21T01:27:10.565+0000] {processor.py:830} INFO - Processing file /home/airflow/.local/lib/python3.8/site-packages/airflow/example_dags/tutorial_dag.py for tasks to queue
[2024-03-21T01:27:10.568+0000] {logging_mixin.py:188} INFO - [2024-03-21T01:27:10.567+0000] {dagbag.py:540} INFO - Filling up the DagBag from /home/airflow/.local/lib/python3.8/site-packages/airflow/example_dags/tutorial_dag.py
[2024-03-21T01:27:10.575+0000] {processor.py:840} INFO - DAG(s) 'tutorial_dag' retrieved from /home/airflow/.local/lib/python3.8/site-packages/airflow/example_dags/tutorial_dag.py
[2024-03-21T01:27:10.598+0000] {logging_mixin.py:188} INFO - [2024-03-21T01:27:10.598+0000] {dag.py:3047} INFO - Sync 1 DAGs
[2024-03-21T01:27:10.616+0000] {logging_mixin.py:188} INFO - [2024-03-21T01:27:10.615+0000] {dag.py:3834} INFO - Setting next_dagrun for tutorial_dag to None, run_after=None
[2024-03-21T01:27:10.654+0000] {processor.py:183} INFO - Processing /home/airflow/.local/lib/python3.8/site-packages/airflow/example_dags/tutorial_dag.py took 0.096 seconds
[2024-03-21T01:27:40.973+0000] {processor.py:161} INFO - Started process (PID=1587) to work on /home/airflow/.local/lib/python3.8/site-packages/airflow/example_dags/tutorial_dag.py
[2024-03-21T01:27:40.975+0000] {processor.py:830} INFO - Processing file /home/airflow/.local/lib/python3.8/site-packages/airflow/example_dags/tutorial_dag.py for tasks to queue
[2024-03-21T01:27:40.978+0000] {logging_mixin.py:188} INFO - [2024-03-21T01:27:40.977+0000] {dagbag.py:540} INFO - Filling up the DagBag from /home/airflow/.local/lib/python3.8/site-packages/airflow/example_dags/tutorial_dag.py
[2024-03-21T01:27:40.985+0000] {processor.py:840} INFO - DAG(s) 'tutorial_dag' retrieved from /home/airflow/.local/lib/python3.8/site-packages/airflow/example_dags/tutorial_dag.py
[2024-03-21T01:27:41.013+0000] {logging_mixin.py:188} INFO - [2024-03-21T01:27:41.013+0000] {dag.py:3047} INFO - Sync 1 DAGs
[2024-03-21T01:27:41.029+0000] {logging_mixin.py:188} INFO - [2024-03-21T01:27:41.029+0000] {dag.py:3834} INFO - Setting next_dagrun for tutorial_dag to None, run_after=None
[2024-03-21T01:27:41.067+0000] {processor.py:183} INFO - Processing /home/airflow/.local/lib/python3.8/site-packages/airflow/example_dags/tutorial_dag.py took 0.098 seconds
[2024-03-21T01:28:11.211+0000] {processor.py:161} INFO - Started process (PID=1642) to work on /home/airflow/.local/lib/python3.8/site-packages/airflow/example_dags/tutorial_dag.py
[2024-03-21T01:28:11.212+0000] {processor.py:830} INFO - Processing file /home/airflow/.local/lib/python3.8/site-packages/airflow/example_dags/tutorial_dag.py for tasks to queue
[2024-03-21T01:28:11.214+0000] {logging_mixin.py:188} INFO - [2024-03-21T01:28:11.214+0000] {dagbag.py:540} INFO - Filling up the DagBag from /home/airflow/.local/lib/python3.8/site-packages/airflow/example_dags/tutorial_dag.py
[2024-03-21T01:28:11.222+0000] {processor.py:840} INFO - DAG(s) 'tutorial_dag' retrieved from /home/airflow/.local/lib/python3.8/site-packages/airflow/example_dags/tutorial_dag.py
[2024-03-21T01:28:11.247+0000] {logging_mixin.py:188} INFO - [2024-03-21T01:28:11.247+0000] {dag.py:3047} INFO - Sync 1 DAGs
[2024-03-21T01:28:11.262+0000] {logging_mixin.py:188} INFO - [2024-03-21T01:28:11.262+0000] {dag.py:3834} INFO - Setting next_dagrun for tutorial_dag to None, run_after=None
[2024-03-21T01:28:11.285+0000] {processor.py:183} INFO - Processing /home/airflow/.local/lib/python3.8/site-packages/airflow/example_dags/tutorial_dag.py took 0.078 seconds
[2024-03-21T01:28:42.189+0000] {processor.py:161} INFO - Started process (PID=1697) to work on /home/airflow/.local/lib/python3.8/site-packages/airflow/example_dags/tutorial_dag.py
[2024-03-21T01:28:42.194+0000] {processor.py:830} INFO - Processing file /home/airflow/.local/lib/python3.8/site-packages/airflow/example_dags/tutorial_dag.py for tasks to queue
[2024-03-21T01:28:42.210+0000] {logging_mixin.py:188} INFO - [2024-03-21T01:28:42.198+0000] {dagbag.py:540} INFO - Filling up the DagBag from /home/airflow/.local/lib/python3.8/site-packages/airflow/example_dags/tutorial_dag.py
[2024-03-21T01:28:42.236+0000] {processor.py:840} INFO - DAG(s) 'tutorial_dag' retrieved from /home/airflow/.local/lib/python3.8/site-packages/airflow/example_dags/tutorial_dag.py
[2024-03-21T01:28:42.337+0000] {logging_mixin.py:188} INFO - [2024-03-21T01:28:42.335+0000] {dag.py:3047} INFO - Sync 1 DAGs
[2024-03-21T01:28:42.421+0000] {logging_mixin.py:188} INFO - [2024-03-21T01:28:42.421+0000] {dag.py:3834} INFO - Setting next_dagrun for tutorial_dag to None, run_after=None
[2024-03-21T01:28:42.509+0000] {processor.py:183} INFO - Processing /home/airflow/.local/lib/python3.8/site-packages/airflow/example_dags/tutorial_dag.py took 0.341 seconds
[2024-03-21T01:29:12.907+0000] {processor.py:161} INFO - Started process (PID=1753) to work on /home/airflow/.local/lib/python3.8/site-packages/airflow/example_dags/tutorial_dag.py
[2024-03-21T01:29:12.908+0000] {processor.py:830} INFO - Processing file /home/airflow/.local/lib/python3.8/site-packages/airflow/example_dags/tutorial_dag.py for tasks to queue
[2024-03-21T01:29:12.909+0000] {logging_mixin.py:188} INFO - [2024-03-21T01:29:12.909+0000] {dagbag.py:540} INFO - Filling up the DagBag from /home/airflow/.local/lib/python3.8/site-packages/airflow/example_dags/tutorial_dag.py
[2024-03-21T01:29:12.914+0000] {processor.py:840} INFO - DAG(s) 'tutorial_dag' retrieved from /home/airflow/.local/lib/python3.8/site-packages/airflow/example_dags/tutorial_dag.py
[2024-03-21T01:29:12.934+0000] {logging_mixin.py:188} INFO - [2024-03-21T01:29:12.933+0000] {dag.py:3047} INFO - Sync 1 DAGs
[2024-03-21T01:29:12.946+0000] {logging_mixin.py:188} INFO - [2024-03-21T01:29:12.945+0000] {dag.py:3834} INFO - Setting next_dagrun for tutorial_dag to None, run_after=None
[2024-03-21T01:29:12.968+0000] {processor.py:183} INFO - Processing /home/airflow/.local/lib/python3.8/site-packages/airflow/example_dags/tutorial_dag.py took 0.064 seconds
[2024-03-21T01:29:43.135+0000] {processor.py:161} INFO - Started process (PID=1808) to work on /home/airflow/.local/lib/python3.8/site-packages/airflow/example_dags/tutorial_dag.py
[2024-03-21T01:29:43.136+0000] {processor.py:830} INFO - Processing file /home/airflow/.local/lib/python3.8/site-packages/airflow/example_dags/tutorial_dag.py for tasks to queue
[2024-03-21T01:29:43.138+0000] {logging_mixin.py:188} INFO - [2024-03-21T01:29:43.138+0000] {dagbag.py:540} INFO - Filling up the DagBag from /home/airflow/.local/lib/python3.8/site-packages/airflow/example_dags/tutorial_dag.py
[2024-03-21T01:29:43.144+0000] {processor.py:840} INFO - DAG(s) 'tutorial_dag' retrieved from /home/airflow/.local/lib/python3.8/site-packages/airflow/example_dags/tutorial_dag.py
[2024-03-21T01:29:43.164+0000] {logging_mixin.py:188} INFO - [2024-03-21T01:29:43.164+0000] {dag.py:3047} INFO - Sync 1 DAGs
[2024-03-21T01:29:43.176+0000] {logging_mixin.py:188} INFO - [2024-03-21T01:29:43.176+0000] {dag.py:3834} INFO - Setting next_dagrun for tutorial_dag to None, run_after=None
[2024-03-21T01:29:43.197+0000] {processor.py:183} INFO - Processing /home/airflow/.local/lib/python3.8/site-packages/airflow/example_dags/tutorial_dag.py took 0.065 seconds
[2024-03-21T01:30:13.503+0000] {processor.py:161} INFO - Started process (PID=1862) to work on /home/airflow/.local/lib/python3.8/site-packages/airflow/example_dags/tutorial_dag.py
[2024-03-21T01:30:13.505+0000] {processor.py:830} INFO - Processing file /home/airflow/.local/lib/python3.8/site-packages/airflow/example_dags/tutorial_dag.py for tasks to queue
[2024-03-21T01:30:13.506+0000] {logging_mixin.py:188} INFO - [2024-03-21T01:30:13.506+0000] {dagbag.py:540} INFO - Filling up the DagBag from /home/airflow/.local/lib/python3.8/site-packages/airflow/example_dags/tutorial_dag.py
[2024-03-21T01:30:13.512+0000] {processor.py:840} INFO - DAG(s) 'tutorial_dag' retrieved from /home/airflow/.local/lib/python3.8/site-packages/airflow/example_dags/tutorial_dag.py
[2024-03-21T01:30:13.535+0000] {logging_mixin.py:188} INFO - [2024-03-21T01:30:13.535+0000] {dag.py:3047} INFO - Sync 1 DAGs
[2024-03-21T01:30:13.548+0000] {logging_mixin.py:188} INFO - [2024-03-21T01:30:13.547+0000] {dag.py:3834} INFO - Setting next_dagrun for tutorial_dag to None, run_after=None
[2024-03-21T01:30:13.571+0000] {processor.py:183} INFO - Processing /home/airflow/.local/lib/python3.8/site-packages/airflow/example_dags/tutorial_dag.py took 0.072 seconds
[2024-03-21T01:30:43.981+0000] {processor.py:161} INFO - Started process (PID=1917) to work on /home/airflow/.local/lib/python3.8/site-packages/airflow/example_dags/tutorial_dag.py
[2024-03-21T01:30:43.982+0000] {processor.py:830} INFO - Processing file /home/airflow/.local/lib/python3.8/site-packages/airflow/example_dags/tutorial_dag.py for tasks to queue
[2024-03-21T01:30:43.985+0000] {logging_mixin.py:188} INFO - [2024-03-21T01:30:43.985+0000] {dagbag.py:540} INFO - Filling up the DagBag from /home/airflow/.local/lib/python3.8/site-packages/airflow/example_dags/tutorial_dag.py
[2024-03-21T01:30:43.993+0000] {processor.py:840} INFO - DAG(s) 'tutorial_dag' retrieved from /home/airflow/.local/lib/python3.8/site-packages/airflow/example_dags/tutorial_dag.py
[2024-03-21T01:30:44.028+0000] {logging_mixin.py:188} INFO - [2024-03-21T01:30:44.027+0000] {dag.py:3047} INFO - Sync 1 DAGs
[2024-03-21T01:30:44.057+0000] {logging_mixin.py:188} INFO - [2024-03-21T01:30:44.056+0000] {dag.py:3834} INFO - Setting next_dagrun for tutorial_dag to None, run_after=None
[2024-03-21T01:30:44.093+0000] {processor.py:183} INFO - Processing /home/airflow/.local/lib/python3.8/site-packages/airflow/example_dags/tutorial_dag.py took 0.116 seconds
[2024-03-21T01:31:14.716+0000] {processor.py:161} INFO - Started process (PID=1972) to work on /home/airflow/.local/lib/python3.8/site-packages/airflow/example_dags/tutorial_dag.py
[2024-03-21T01:31:14.718+0000] {processor.py:830} INFO - Processing file /home/airflow/.local/lib/python3.8/site-packages/airflow/example_dags/tutorial_dag.py for tasks to queue
[2024-03-21T01:31:14.720+0000] {logging_mixin.py:188} INFO - [2024-03-21T01:31:14.720+0000] {dagbag.py:540} INFO - Filling up the DagBag from /home/airflow/.local/lib/python3.8/site-packages/airflow/example_dags/tutorial_dag.py
[2024-03-21T01:31:14.728+0000] {processor.py:840} INFO - DAG(s) 'tutorial_dag' retrieved from /home/airflow/.local/lib/python3.8/site-packages/airflow/example_dags/tutorial_dag.py
[2024-03-21T01:31:14.753+0000] {logging_mixin.py:188} INFO - [2024-03-21T01:31:14.752+0000] {dag.py:3047} INFO - Sync 1 DAGs
[2024-03-21T01:31:14.767+0000] {logging_mixin.py:188} INFO - [2024-03-21T01:31:14.767+0000] {dag.py:3834} INFO - Setting next_dagrun for tutorial_dag to None, run_after=None
[2024-03-21T01:31:14.792+0000] {processor.py:183} INFO - Processing /home/airflow/.local/lib/python3.8/site-packages/airflow/example_dags/tutorial_dag.py took 0.081 seconds
[2024-03-21T01:31:44.978+0000] {processor.py:161} INFO - Started process (PID=2027) to work on /home/airflow/.local/lib/python3.8/site-packages/airflow/example_dags/tutorial_dag.py
[2024-03-21T01:31:44.983+0000] {processor.py:830} INFO - Processing file /home/airflow/.local/lib/python3.8/site-packages/airflow/example_dags/tutorial_dag.py for tasks to queue
[2024-03-21T01:31:44.985+0000] {logging_mixin.py:188} INFO - [2024-03-21T01:31:44.985+0000] {dagbag.py:540} INFO - Filling up the DagBag from /home/airflow/.local/lib/python3.8/site-packages/airflow/example_dags/tutorial_dag.py
[2024-03-21T01:31:44.993+0000] {processor.py:840} INFO - DAG(s) 'tutorial_dag' retrieved from /home/airflow/.local/lib/python3.8/site-packages/airflow/example_dags/tutorial_dag.py
[2024-03-21T01:31:45.048+0000] {logging_mixin.py:188} INFO - [2024-03-21T01:31:45.047+0000] {dag.py:3047} INFO - Sync 1 DAGs
[2024-03-21T01:31:45.079+0000] {logging_mixin.py:188} INFO - [2024-03-21T01:31:45.078+0000] {dag.py:3834} INFO - Setting next_dagrun for tutorial_dag to None, run_after=None
[2024-03-21T01:31:45.137+0000] {processor.py:183} INFO - Processing /home/airflow/.local/lib/python3.8/site-packages/airflow/example_dags/tutorial_dag.py took 0.164 seconds
